


materialPath: D:\Steam\steamapps\common\Counter-Strike Global Offensive\csgo\materials
Loading d:\desktop\csgo\hammer maps\eye to eye\achievement_eye_to_eye.vmf
Map revision 24
fixing up env_cubemap materials on brush sides...
0...1...2...3...4...5...6...7...8...9...100...1...2...3...4...5...6...7...8...9...10Processing areas...done (0)
Building Faces...done (0)
Chop Details...done (0)
Find Visible Detail Sides...done (0)
Merging details...done (0)
FixTjuncs...
PruneNodes...
WriteBSP...
done (0)
writing d:\desktop\csgo\hammer maps\eye to eye\achievement_eye_to_eye.prt...Building visibility clusters...
AutoVisClustering (threshold=-1) matched 0 leafs.
done (0)
Finding displacement neighbors...
Finding lightmap sample positions...
Displacement Alpha : 0...1...2...3...4...5...6...7...8...9...10
Building Physics collision data...
done (0) (5341 bytes)
Placing detail props : 0...1...2...3...4...5...6...7...8...9...10
Compacting texture/material tables...
Reduced 19 texinfos to 12
Reduced 4 texdatas to 4 (78 bytes to 78)
Writing d:\desktop\csgo\hammer maps\eye to eye\achievement_eye_to_eye.bsp
MSG_FILEWRITE - Filesystem was asked to write to 'd:\desktop\csgo\hammer maps\eye to eye\achievement_eye_to_eye.bsp', but we don't own that location. Allowing...
0 seconds elapsed



4 threads
reading d:\desktop\csgo\hammer maps\eye to eye\achievement_eye_to_eye.bsp
reading d:\desktop\csgo\hammer maps\eye to eye\achievement_eye_to_eye.prt
   1 portalclusters
   0 numportals
0...1...2...3...4...5...6...7...8...9...100...1...2...3...4...5...6...7...8...9...10Optimized: 0 visible clusters (0.00%)
Total clusters visible: 1
Average clusters visible: 1
Building PAS...
Average clusters audible: 1
visdatasize:14  compressed from 16
writing d:\desktop\csgo\hammer maps\eye to eye\achievement_eye_to_eye.bsp
MSG_FILEWRITE - Filesystem was asked to write to 'd:\desktop\csgo\hammer maps\eye to eye\achievement_eye_to_eye.bsp', but we don't own that location. Allowing...
0 seconds elapsed



[Reading texlights from 'lights.rad']
[17 texlights parsed from 'lights.rad']

Loading d:\desktop\csgo\hammer maps\eye to eye\achievement_eye_to_eye.bsp
24 faces
738 square feet [106360.79 square inches]
0 Displacements
0 Square Feet [0.00 Square Inches]
24 patches before subdivision
62 patches after subdivision
2 direct lights
0...1...2...3...4...5...6...7...8...9...100...1...2...3...4...5...6...7...8...9...10transfers 528, max 24
transfer lists:   0.0 megs
0...1...2...3...4...5...6...7...8...9...10	Bounce #1 added RGB(303, 85, 1)
0...1...2...3...4...5...6...7...8...9...10	Bounce #2 added RGB(183, 14, 0)
0...1...2...3...4...5...6...7...8...9...10	Bounce #3 added RGB(114, 3, 0)
0...1...2...3...4...5...6...7...8...9...10	Bounce #4 added RGB(71, 0, 0)
0...1...2...3...4...5...6...7...8...9...10	Bounce #5 added RGB(44, 0, 0)
0...1...2...3...4...5...6...7...8...9...10	Bounce #6 added RGB(27, 0, 0)
0...1...2...3...4...5...6...7...8...9...10	Bounce #7 added RGB(17, 0, 0)
0...1...2...3...4...5...6...7...8...9...10	Bounce #8 added RGB(10, 0, 0)
0...1...2...3...4...5...6...7...8...9...10	Bounce #9 added RGB(7, 0, 0)
0...1...2...3...4...5...6...7...8...9...10	Bounce #10 added RGB(4, 0, 0)
0...1...2...3...4...5...6...7...8...9...10	Bounce #11 added RGB(3, 0, 0)
0...1...2...3...4...5...6...7...8...9...10	Bounce #12 added RGB(2, 0, 0)
0...1...2...3...4...5...6...7...8...9...10	Bounce #13 added RGB(1, 0, 0)
Build Patch/Sample Hash Table(s).....Done<0.0000 sec>
0...1...2...3...4...5...6...7...8...9...10FinalLightFace Done
0 of 0 (0% of) surface lights went in leaf ambient cubes.
0...1...2...3...4...5...6...7...8...9...10Writing leaf ambient...done
Ready to Finish

Object names       Objects/Maxobjs  Memory / Maxmem  Fullness 
------------       ---------------  ---------------  -------- 
models                   4/1024          192/49152    ( 0.4%) 
brushes                 11/8192          132/98304    ( 0.1%) 
brushsides              68/81920         544/655360   ( 0.1%) 
planes                  78/65536        1560/1310720  ( 0.1%) 
vertexes                49/65536         588/786432   ( 0.1%) 
nodes                   28/65536         896/2097152  ( 0.0%) 
texinfos                12/12288         864/884736   ( 0.1%) 
texdata                  4/4096          128/131072   ( 0.1%) 
dispinfos                0/0               0/0        ( 0.0%) 
disp_verts               0/0               0/0        ( 0.0%) 
disp_tris                0/0               0/0        ( 0.0%) 
disp_multiblend          0/0               0/0        ( 0.0%) 
disp_lmsamples           0/0               0/0        ( 0.0%) 
faces                   24/65536        1344/3670016  ( 0.0%) 
hdr faces                0/65536           0/3670016  ( 0.0%) 
origfaces               24/65536        1344/3670016  ( 0.0%) 
facebrushes              0/0               0/0        ( 0.0%) 
facebrushlists          24/0              96/0        ( 0.0%) 
leaves                  33/65536        1056/2097152  ( 0.1%) 
leaffaces               24/65536          48/131072   ( 0.0%) 
leafbrushes             11/65536          22/131072   ( 0.0%) 
areas                    2/1024           16/8192     ( 0.2%) 
surfedges              192/512000        768/2048000  ( 0.0%) 
edges                  109/256000        436/1024000  ( 0.0%) 
LDR worldlights          2/8192          200/819200   ( 0.0%) 
HDR worldlights          0/8192            0/819200   ( 0.0%) 
leafwaterdata            0/32768           0/393216   ( 0.0%) 
waterstrips              0/32768           0/327680   ( 0.0%) 
waterverts               0/65536           0/786432   ( 0.0%) 
waterindices             0/65536           0/131072   ( 0.0%) 
cubemapsamples           0/1024            0/16384    ( 0.0%) 
overlays                 0/1024            0/360448   ( 0.0%) 
LDR lightdata         [variable]        2580/0        ( 0.0%) 
HDR lightdata         [variable]           0/0        ( 0.0%) 
visdata               [variable]          14/16777216 ( 0.0%) 
entdata               [variable]        4173/393216   ( 1.1%) 
LDR ambient table       33/65536         132/262144   ( 0.1%) 
HDR ambient table       33/65536         132/262144   ( 0.1%) 
LDR leaf ambient        34/65536         952/1835008  ( 0.1%) 
HDR leaf ambient        33/65536         924/1835008  ( 0.1%) 
occluders                0/0               0/0        ( 0.0%) 
occluder polygons        0/0               0/0        ( 0.0%) 
occluder vert ind        0/0               0/0        ( 0.0%) 
detail props          [variable]           1/12       ( 8.3%) 
static props          [variable]           1/12       ( 8.3%) 
pakfile               [variable]       74486/0        ( 0.0%) 
physics               [variable]        5341/4194304  ( 0.1%) 
physics terrain       [variable]           2/1048576  ( 0.0%) 

Level flags = 7d

Total triangle count: 48
Writing d:\desktop\csgo\hammer maps\eye to eye\achievement_eye_to_eye.bsp
MSG_FILEWRITE - Filesystem was asked to write to 'd:\desktop\csgo\hammer maps\eye to eye\achievement_eye_to_eye.bsp', but we don't own that location. Allowing...
0 seconds elapsed



[Reading texlights from 'lights.rad']
[17 texlights parsed from 'lights.rad']

Loading d:\desktop\csgo\hammer maps\eye to eye\achievement_eye_to_eye.bsp
24 faces
738 square feet [106360.79 square inches]
0 Displacements
0 Square Feet [0.00 Square Inches]
24 patches before subdivision
62 patches after subdivision
2 direct lights
0...1...2...3...4...5...6...7...8...9...100...1...2...3...4...5...6...7...8...9...10transfers 528, max 24
transfer lists:   0.0 megs
0...1...2...3...4...5...6...7...8...9...10	Bounce #1 added RGB(303, 85, 1)
0...1...2...3...4...5...6...7...8...9...10	Bounce #2 added RGB(183, 14, 0)
0...1...2...3...4...5...6...7...8...9...10	Bounce #3 added RGB(114, 3, 0)
0...1...2...3...4...5...6...7...8...9...10	Bounce #4 added RGB(71, 0, 0)
0...1...2...3...4...5...6...7...8...9...10	Bounce #5 added RGB(44, 0, 0)
0...1...2...3...4...5...6...7...8...9...10	Bounce #6 added RGB(27, 0, 0)
0...1...2...3...4...5...6...7...8...9...10	Bounce #7 added RGB(17, 0, 0)
0...1...2...3...4...5...6...7...8...9...10	Bounce #8 added RGB(10, 0, 0)
0...1...2...3...4...5...6...7...8...9...10	Bounce #9 added RGB(7, 0, 0)
0...1...2...3...4...5...6...7...8...9...10	Bounce #10 added RGB(4, 0, 0)
0...1...2...3...4...5...6...7...8...9...10	Bounce #11 added RGB(3, 0, 0)
0...1...2...3...4...5...6...7...8...9...10	Bounce #12 added RGB(2, 0, 0)
0...1...2...3...4...5...6...7...8...9...10	Bounce #13 added RGB(1, 0, 0)
Build Patch/Sample Hash Table(s).....Done<0.0000 sec>
0...1...2...3...4...5...6...7...8...9...10FinalLightFace Done
0 of 0 (0% of) surface lights went in leaf ambient cubes.
0...1...2...3...4...5...6...7...8...9...10Writing leaf ambient...done
Ready to Finish

Object names       Objects/Maxobjs  Memory / Maxmem  Fullness 
------------       ---------------  ---------------  -------- 
models                   4/1024          192/49152    ( 0.4%) 
brushes                 11/8192          132/98304    ( 0.1%) 
brushsides              68/81920         544/655360   ( 0.1%) 
planes                  78/65536        1560/1310720  ( 0.1%) 
vertexes                49/65536         588/786432   ( 0.1%) 
nodes                   28/65536         896/2097152  ( 0.0%) 
texinfos                12/12288         864/884736   ( 0.1%) 
texdata                  4/4096          128/131072   ( 0.1%) 
dispinfos                0/0               0/0        ( 0.0%) 
disp_verts               0/0               0/0        ( 0.0%) 
disp_tris                0/0               0/0        ( 0.0%) 
disp_multiblend          0/0               0/0        ( 0.0%) 
disp_lmsamples           0/0               0/0        ( 0.0%) 
faces                   24/65536        1344/3670016  ( 0.0%) 
hdr faces               24/65536        1344/3670016  ( 0.0%) 
origfaces               24/65536        1344/3670016  ( 0.0%) 
facebrushes              0/0               0/0        ( 0.0%) 
facebrushlists          24/0              96/0        ( 0.0%) 
leaves                  33/65536        1056/2097152  ( 0.1%) 
leaffaces               24/65536          48/131072   ( 0.0%) 
leafbrushes             11/65536          22/131072   ( 0.0%) 
areas                    2/1024           16/8192     ( 0.2%) 
surfedges              192/512000        768/2048000  ( 0.0%) 
edges                  109/256000        436/1024000  ( 0.0%) 
LDR worldlights          2/8192          200/819200   ( 0.0%) 
HDR worldlights          2/8192          200/819200   ( 0.0%) 
leafwaterdata            0/32768           0/393216   ( 0.0%) 
waterstrips              0/32768           0/327680   ( 0.0%) 
waterverts               0/65536           0/786432   ( 0.0%) 
waterindices             0/65536           0/131072   ( 0.0%) 
cubemapsamples           0/1024            0/16384    ( 0.0%) 
overlays                 0/1024            0/360448   ( 0.0%) 
LDR lightdata         [variable]        2580/0        ( 0.0%) 
HDR lightdata         [variable]        2580/0        ( 0.0%) 
visdata               [variable]          14/16777216 ( 0.0%) 
entdata               [variable]        4173/393216   ( 1.1%) 
LDR ambient table       33/65536         132/262144   ( 0.1%) 
HDR ambient table       33/65536         132/262144   ( 0.1%) 
LDR leaf ambient        34/65536         952/1835008  ( 0.1%) 
HDR leaf ambient        34/65536         952/1835008  ( 0.1%) 
occluders                0/0               0/0        ( 0.0%) 
occluder polygons        0/0               0/0        ( 0.0%) 
occluder vert ind        0/0               0/0        ( 0.0%) 
detail props          [variable]           1/12       ( 8.3%) 
static props          [variable]           1/12       ( 8.3%) 
pakfile               [variable]       74486/0        ( 0.0%) 
physics               [variable]        5341/4194304  ( 0.1%) 
physics terrain       [variable]           2/1048576  ( 0.0%) 

Level flags = 7f

Total triangle count: 48
Writing d:\desktop\csgo\hammer maps\eye to eye\achievement_eye_to_eye.bsp
MSG_FILEWRITE - Filesystem was asked to write to 'd:\desktop\csgo\hammer maps\eye to eye\achievement_eye_to_eye.bsp', but we don't own that location. Allowing...
0 seconds elapsed



materialPath: D:\Steam\steamapps\common\Counter-Strike Global Offensive\csgo\materials
Loading d:\desktop\csgo\hammer maps\eye to eye\achievement_eye_to_eye.vmf
Map revision 31
fixing up env_cubemap materials on brush sides...
0...1...2...3...4...5...6...7...8...9...100...1...2...3...4...5...6...7...8...9...10Processing areas...done (0)
Building Faces...done (0)
Chop Details...done (0)
Find Visible Detail Sides...done (0)
Merging details...done (0)
FixTjuncs...
PruneNodes...
WriteBSP...
done (0)
writing d:\desktop\csgo\hammer maps\eye to eye\achievement_eye_to_eye.prt...Building visibility clusters...
AutoVisClustering (threshold=-1) matched 0 leafs.
done (0)
Finding displacement neighbors...
Finding lightmap sample positions...
Displacement Alpha : 0...1...2...3...4...5...6...7...8...9...10
Building Physics collision data...
done (0) (6447 bytes)
Placing detail props : 0...1...2...3...4...5...6...7...8...9...10
Compacting texture/material tables...
Reduced 22 texinfos to 15
Reduced 4 texdatas to 4 (78 bytes to 78)
Writing d:\desktop\csgo\hammer maps\eye to eye\achievement_eye_to_eye.bsp
MSG_FILEWRITE - Filesystem was asked to write to 'd:\desktop\csgo\hammer maps\eye to eye\achievement_eye_to_eye.bsp', but we don't own that location. Allowing...
0 seconds elapsed



4 threads
reading d:\desktop\csgo\hammer maps\eye to eye\achievement_eye_to_eye.bsp
reading d:\desktop\csgo\hammer maps\eye to eye\achievement_eye_to_eye.prt
   1 portalclusters
   0 numportals
0...1...2...3...4...5...6...7...8...9...100...1...2...3...4...5...6...7...8...9...10Optimized: 0 visible clusters (0.00%)
Total clusters visible: 1
Average clusters visible: 1
Building PAS...
Average clusters audible: 1
visdatasize:14  compressed from 16
writing d:\desktop\csgo\hammer maps\eye to eye\achievement_eye_to_eye.bsp
MSG_FILEWRITE - Filesystem was asked to write to 'd:\desktop\csgo\hammer maps\eye to eye\achievement_eye_to_eye.bsp', but we don't own that location. Allowing...
0 seconds elapsed



[Reading texlights from 'lights.rad']
[17 texlights parsed from 'lights.rad']

Loading d:\desktop\csgo\hammer maps\eye to eye\achievement_eye_to_eye.bsp
36 faces
1109 square feet [159704.78 square inches]
0 Displacements
0 Square Feet [0.00 Square Inches]
36 patches before subdivision
74 patches after subdivision
2 direct lights
0...1...2...3...4...5...6...7...8...9...100...1...2...3...4...5...6...7...8...9...10transfers 570, max 24
transfer lists:   0.0 megs
0...1...2...3...4...5...6...7...8...9...10	Bounce #1 added RGB(445, 125, 1)
0...1...2...3...4...5...6...7...8...9...10	Bounce #2 added RGB(201, 16, 0)
0...1...2...3...4...5...6...7...8...9...10	Bounce #3 added RGB(135, 3, 0)
0...1...2...3...4...5...6...7...8...9...10	Bounce #4 added RGB(82, 1, 0)
0...1...2...3...4...5...6...7...8...9...10	Bounce #5 added RGB(51, 0, 0)
0...1...2...3...4...5...6...7...8...9...10	Bounce #6 added RGB(32, 0, 0)
0...1...2...3...4...5...6...7...8...9...10	Bounce #7 added RGB(20, 0, 0)
0...1...2...3...4...5...6...7...8...9...10	Bounce #8 added RGB(12, 0, 0)
0...1...2...3...4...5...6...7...8...9...10	Bounce #9 added RGB(8, 0, 0)
0...1...2...3...4...5...6...7...8...9...10	Bounce #10 added RGB(5, 0, 0)
0...1...2...3...4...5...6...7...8...9...10	Bounce #11 added RGB(3, 0, 0)
0...1...2...3...4...5...6...7...8...9...10	Bounce #12 added RGB(2, 0, 0)
0...1...2...3...4...5...6...7...8...9...10	Bounce #13 added RGB(1, 0, 0)
0...1...2...3...4...5...6...7...8...9...10	Bounce #14 added RGB(1, 0, 0)
Build Patch/Sample Hash Table(s).....Done<0.0000 sec>
0...1...2...3...4...5...6...7...8...9...10FinalLightFace Done
0 of 0 (0% of) surface lights went in leaf ambient cubes.
0...1...2...3...4...5...6...7...8...9...10Writing leaf ambient...done
Ready to Finish

Object names       Objects/Maxobjs  Memory / Maxmem  Fullness 
------------       ---------------  ---------------  -------- 
models                   6/1024          288/49152    ( 0.6%) 
brushes                 13/8192          156/98304    ( 0.2%) 
brushsides              80/81920         640/655360   ( 0.1%) 
planes                  84/65536        1680/1310720  ( 0.1%) 
vertexes                65/65536         780/786432   ( 0.1%) 
nodes                   40/65536        1280/2097152  ( 0.1%) 
texinfos                15/12288        1080/884736   ( 0.1%) 
texdata                  4/4096          128/131072   ( 0.1%) 
dispinfos                0/0               0/0        ( 0.0%) 
disp_verts               0/0               0/0        ( 0.0%) 
disp_tris                0/0               0/0        ( 0.0%) 
disp_multiblend          0/0               0/0        ( 0.0%) 
disp_lmsamples           0/0               0/0        ( 0.0%) 
faces                   36/65536        2016/3670016  ( 0.1%) 
hdr faces                0/65536           0/3670016  ( 0.0%) 
origfaces               36/65536        2016/3670016  ( 0.1%) 
facebrushes              0/0               0/0        ( 0.0%) 
facebrushlists          36/0             144/0        ( 0.0%) 
leaves                  47/65536        1504/2097152  ( 0.1%) 
leaffaces               36/65536          72/131072   ( 0.1%) 
leafbrushes             13/65536          26/131072   ( 0.0%) 
areas                    2/1024           16/8192     ( 0.2%) 
surfedges              288/512000       1152/2048000  ( 0.1%) 
edges                  157/256000        628/1024000  ( 0.1%) 
LDR worldlights          2/8192          200/819200   ( 0.0%) 
HDR worldlights          0/8192            0/819200   ( 0.0%) 
leafwaterdata            0/32768           0/393216   ( 0.0%) 
waterstrips              0/32768           0/327680   ( 0.0%) 
waterverts               0/65536           0/786432   ( 0.0%) 
waterindices             0/65536           0/131072   ( 0.0%) 
cubemapsamples           0/1024            0/16384    ( 0.0%) 
overlays                 0/1024            0/360448   ( 0.0%) 
LDR lightdata         [variable]        2580/0        ( 0.0%) 
HDR lightdata         [variable]           0/0        ( 0.0%) 
visdata               [variable]          14/16777216 ( 0.0%) 
entdata               [variable]        4835/393216   ( 1.2%) 
LDR ambient table       47/65536         188/262144   ( 0.1%) 
HDR ambient table       47/65536         188/262144   ( 0.1%) 
LDR leaf ambient        46/65536        1288/1835008  ( 0.1%) 
HDR leaf ambient        47/65536        1316/1835008  ( 0.1%) 
occluders                0/0               0/0        ( 0.0%) 
occluder polygons        0/0               0/0        ( 0.0%) 
occluder vert ind        0/0               0/0        ( 0.0%) 
detail props          [variable]           1/12       ( 8.3%) 
static props          [variable]           1/12       ( 8.3%) 
pakfile               [variable]       74486/0        ( 0.0%) 
physics               [variable]        6447/4194304  ( 0.2%) 
physics terrain       [variable]           2/1048576  ( 0.0%) 

Level flags = 7d

Total triangle count: 72
Writing d:\desktop\csgo\hammer maps\eye to eye\achievement_eye_to_eye.bsp
MSG_FILEWRITE - Filesystem was asked to write to 'd:\desktop\csgo\hammer maps\eye to eye\achievement_eye_to_eye.bsp', but we don't own that location. Allowing...
0 seconds elapsed



[Reading texlights from 'lights.rad']
[17 texlights parsed from 'lights.rad']

Loading d:\desktop\csgo\hammer maps\eye to eye\achievement_eye_to_eye.bsp
36 faces
1109 square feet [159704.78 square inches]
0 Displacements
0 Square Feet [0.00 Square Inches]
36 patches before subdivision
74 patches after subdivision
2 direct lights
0...1...2...3...4...5...6...7...8...9...100...1...2...3...4...5...6...7...8...9...10transfers 570, max 24
transfer lists:   0.0 megs
0...1...2...3...4...5...6...7...8...9...10	Bounce #1 added RGB(445, 125, 1)
0...1...2...3...4...5...6...7...8...9...10	Bounce #2 added RGB(201, 16, 0)
0...1...2...3...4...5...6...7...8...9...10	Bounce #3 added RGB(135, 3, 0)
0...1...2...3...4...5...6...7...8...9...10	Bounce #4 added RGB(82, 1, 0)
0...1...2...3...4...5...6...7...8...9...10	Bounce #5 added RGB(51, 0, 0)
0...1...2...3...4...5...6...7...8...9...10	Bounce #6 added RGB(32, 0, 0)
0...1...2...3...4...5...6...7...8...9...10	Bounce #7 added RGB(20, 0, 0)
0...1...2...3...4...5...6...7...8...9...10	Bounce #8 added RGB(12, 0, 0)
0...1...2...3...4...5...6...7...8...9...10	Bounce #9 added RGB(8, 0, 0)
0...1...2...3...4...5...6...7...8...9...10	Bounce #10 added RGB(5, 0, 0)
0...1...2...3...4...5...6...7...8...9...10	Bounce #11 added RGB(3, 0, 0)
0...1...2...3...4...5...6...7...8...9...10	Bounce #12 added RGB(2, 0, 0)
0...1...2...3...4...5...6...7...8...9...10	Bounce #13 added RGB(1, 0, 0)
0...1...2...3...4...5...6...7...8...9...10	Bounce #14 added RGB(1, 0, 0)
Build Patch/Sample Hash Table(s).....Done<0.0000 sec>
0...1...2...3...4...5...6...7...8...9...10FinalLightFace Done
0 of 0 (0% of) surface lights went in leaf ambient cubes.
0...1...2...3...4...5...6...7...8...9...10Writing leaf ambient...done
Ready to Finish

Object names       Objects/Maxobjs  Memory / Maxmem  Fullness 
------------       ---------------  ---------------  -------- 
models                   6/1024          288/49152    ( 0.6%) 
brushes                 13/8192          156/98304    ( 0.2%) 
brushsides              80/81920         640/655360   ( 0.1%) 
planes                  84/65536        1680/1310720  ( 0.1%) 
vertexes                65/65536         780/786432   ( 0.1%) 
nodes                   40/65536        1280/2097152  ( 0.1%) 
texinfos                15/12288        1080/884736   ( 0.1%) 
texdata                  4/4096          128/131072   ( 0.1%) 
dispinfos                0/0               0/0        ( 0.0%) 
disp_verts               0/0               0/0        ( 0.0%) 
disp_tris                0/0               0/0        ( 0.0%) 
disp_multiblend          0/0               0/0        ( 0.0%) 
disp_lmsamples           0/0               0/0        ( 0.0%) 
faces                   36/65536        2016/3670016  ( 0.1%) 
hdr faces               36/65536        2016/3670016  ( 0.1%) 
origfaces               36/65536        2016/3670016  ( 0.1%) 
facebrushes              0/0               0/0        ( 0.0%) 
facebrushlists          36/0             144/0        ( 0.0%) 
leaves                  47/65536        1504/2097152  ( 0.1%) 
leaffaces               36/65536          72/131072   ( 0.1%) 
leafbrushes             13/65536          26/131072   ( 0.0%) 
areas                    2/1024           16/8192     ( 0.2%) 
surfedges              288/512000       1152/2048000  ( 0.1%) 
edges                  157/256000        628/1024000  ( 0.1%) 
LDR worldlights          2/8192          200/819200   ( 0.0%) 
HDR worldlights          2/8192          200/819200   ( 0.0%) 
leafwaterdata            0/32768           0/393216   ( 0.0%) 
waterstrips              0/32768           0/327680   ( 0.0%) 
waterverts               0/65536           0/786432   ( 0.0%) 
waterindices             0/65536           0/131072   ( 0.0%) 
cubemapsamples           0/1024            0/16384    ( 0.0%) 
overlays                 0/1024            0/360448   ( 0.0%) 
LDR lightdata         [variable]        2580/0        ( 0.0%) 
HDR lightdata         [variable]        2580/0        ( 0.0%) 
visdata               [variable]          14/16777216 ( 0.0%) 
entdata               [variable]        4835/393216   ( 1.2%) 
LDR ambient table       47/65536         188/262144   ( 0.1%) 
HDR ambient table       47/65536         188/262144   ( 0.1%) 
LDR leaf ambient        46/65536        1288/1835008  ( 0.1%) 
HDR leaf ambient        46/65536        1288/1835008  ( 0.1%) 
occluders                0/0               0/0        ( 0.0%) 
occluder polygons        0/0               0/0        ( 0.0%) 
occluder vert ind        0/0               0/0        ( 0.0%) 
detail props          [variable]           1/12       ( 8.3%) 
static props          [variable]           1/12       ( 8.3%) 
pakfile               [variable]       74486/0        ( 0.0%) 
physics               [variable]        6447/4194304  ( 0.2%) 
physics terrain       [variable]           2/1048576  ( 0.0%) 

Level flags = 7f

Total triangle count: 72
Writing d:\desktop\csgo\hammer maps\eye to eye\achievement_eye_to_eye.bsp
MSG_FILEWRITE - Filesystem was asked to write to 'd:\desktop\csgo\hammer maps\eye to eye\achievement_eye_to_eye.bsp', but we don't own that location. Allowing...
0 seconds elapsed



materialPath: D:\Steam\steamapps\common\Counter-Strike Global Offensive\csgo\materials
Loading d:\desktop\csgo\hammer maps\eye to eye\achievement_eye_to_eye.vmf
Map revision 34
fixing up env_cubemap materials on brush sides...
0...1...2...3...4...5...6...7...8...9...100...1...2...3...4...5...6...7...8...9...10Processing areas...done (0)
Building Faces...done (0)
Chop Details...done (0)
Find Visible Detail Sides...done (0)
Merging details...done (0)
FixTjuncs...
PruneNodes...
WriteBSP...
done (0)
writing d:\desktop\csgo\hammer maps\eye to eye\achievement_eye_to_eye.prt...Building visibility clusters...
AutoVisClustering (threshold=-1) matched 0 leafs.
done (0)
Finding displacement neighbors...
Finding lightmap sample positions...
Displacement Alpha : 0...1...2...3...4...5...6...7...8...9...10
Building Physics collision data...
done (0) (6447 bytes)
Placing detail props : 0...1...2...3...4...5...6...7...8...9...10
Compacting texture/material tables...
Reduced 22 texinfos to 15
Reduced 4 texdatas to 4 (78 bytes to 78)
Writing d:\desktop\csgo\hammer maps\eye to eye\achievement_eye_to_eye.bsp
MSG_FILEWRITE - Filesystem was asked to write to 'd:\desktop\csgo\hammer maps\eye to eye\achievement_eye_to_eye.bsp', but we don't own that location. Allowing...
0 seconds elapsed



4 threads
reading d:\desktop\csgo\hammer maps\eye to eye\achievement_eye_to_eye.bsp
reading d:\desktop\csgo\hammer maps\eye to eye\achievement_eye_to_eye.prt
   1 portalclusters
   0 numportals
0...1...2...3...4...5...6...7...8...9...100...1...2...3...4...5...6...7...8...9...10Optimized: 0 visible clusters (0.00%)
Total clusters visible: 1
Average clusters visible: 1
Building PAS...
Average clusters audible: 1
visdatasize:14  compressed from 16
writing d:\desktop\csgo\hammer maps\eye to eye\achievement_eye_to_eye.bsp
MSG_FILEWRITE - Filesystem was asked to write to 'd:\desktop\csgo\hammer maps\eye to eye\achievement_eye_to_eye.bsp', but we don't own that location. Allowing...
0 seconds elapsed



[Reading texlights from 'lights.rad']
[17 texlights parsed from 'lights.rad']

Loading d:\desktop\csgo\hammer maps\eye to eye\achievement_eye_to_eye.bsp
36 faces
1109 square feet [159704.78 square inches]
0 Displacements
0 Square Feet [0.00 Square Inches]
36 patches before subdivision
74 patches after subdivision
2 direct lights
0...1...2...3...4...5...6...7...8...9...100...1...2...3...4...5...6...7...8...9...10transfers 570, max 24
transfer lists:   0.0 megs
0...1...2...3...4...5...6...7...8...9...10	Bounce #1 added RGB(445, 125, 1)
0...1...2...3...4...5...6...7...8...9...10	Bounce #2 added RGB(201, 16, 0)
0...1...2...3...4...5...6...7...8...9...10	Bounce #3 added RGB(135, 3, 0)
0...1...2...3...4...5...6...7...8...9...10	Bounce #4 added RGB(82, 1, 0)
0...1...2...3...4...5...6...7...8...9...10	Bounce #5 added RGB(51, 0, 0)
0...1...2...3...4...5...6...7...8...9...10	Bounce #6 added RGB(32, 0, 0)
0...1...2...3...4...5...6...7...8...9...10	Bounce #7 added RGB(20, 0, 0)
0...1...2...3...4...5...6...7...8...9...10	Bounce #8 added RGB(12, 0, 0)
0...1...2...3...4...5...6...7...8...9...10	Bounce #9 added RGB(8, 0, 0)
0...1...2...3...4...5...6...7...8...9...10	Bounce #10 added RGB(5, 0, 0)
0...1...2...3...4...5...6...7...8...9...10	Bounce #11 added RGB(3, 0, 0)
0...1...2...3...4...5...6...7...8...9...10	Bounce #12 added RGB(2, 0, 0)
0...1...2...3...4...5...6...7...8...9...10	Bounce #13 added RGB(1, 0, 0)
0...1...2...3...4...5...6...7...8...9...10	Bounce #14 added RGB(1, 0, 0)
Build Patch/Sample Hash Table(s).....Done<0.0000 sec>
0...1...2...3...4...5...6...7...8...9...10FinalLightFace Done
0 of 0 (0% of) surface lights went in leaf ambient cubes.
0...1...2...3...4...5...6...7...8...9...10Writing leaf ambient...done
Ready to Finish

Object names       Objects/Maxobjs  Memory / Maxmem  Fullness 
------------       ---------------  ---------------  -------- 
models                   6/1024          288/49152    ( 0.6%) 
brushes                 13/8192          156/98304    ( 0.2%) 
brushsides              80/81920         640/655360   ( 0.1%) 
planes                  84/65536        1680/1310720  ( 0.1%) 
vertexes                65/65536         780/786432   ( 0.1%) 
nodes                   40/65536        1280/2097152  ( 0.1%) 
texinfos                15/12288        1080/884736   ( 0.1%) 
texdata                  4/4096          128/131072   ( 0.1%) 
dispinfos                0/0               0/0        ( 0.0%) 
disp_verts               0/0               0/0        ( 0.0%) 
disp_tris                0/0               0/0        ( 0.0%) 
disp_multiblend          0/0               0/0        ( 0.0%) 
disp_lmsamples           0/0               0/0        ( 0.0%) 
faces                   36/65536        2016/3670016  ( 0.1%) 
hdr faces                0/65536           0/3670016  ( 0.0%) 
origfaces               36/65536        2016/3670016  ( 0.1%) 
facebrushes              0/0               0/0        ( 0.0%) 
facebrushlists          36/0             144/0        ( 0.0%) 
leaves                  47/65536        1504/2097152  ( 0.1%) 
leaffaces               36/65536          72/131072   ( 0.1%) 
leafbrushes             13/65536          26/131072   ( 0.0%) 
areas                    2/1024           16/8192     ( 0.2%) 
surfedges              288/512000       1152/2048000  ( 0.1%) 
edges                  157/256000        628/1024000  ( 0.1%) 
LDR worldlights          2/8192          200/819200   ( 0.0%) 
HDR worldlights          0/8192            0/819200   ( 0.0%) 
leafwaterdata            0/32768           0/393216   ( 0.0%) 
waterstrips              0/32768           0/327680   ( 0.0%) 
waterverts               0/65536           0/786432   ( 0.0%) 
waterindices             0/65536           0/131072   ( 0.0%) 
cubemapsamples           0/1024            0/16384    ( 0.0%) 
overlays                 0/1024            0/360448   ( 0.0%) 
LDR lightdata         [variable]        2580/0        ( 0.0%) 
HDR lightdata         [variable]           0/0        ( 0.0%) 
visdata               [variable]          14/16777216 ( 0.0%) 
entdata               [variable]        4837/393216   ( 1.2%) 
LDR ambient table       47/65536         188/262144   ( 0.1%) 
HDR ambient table       47/65536         188/262144   ( 0.1%) 
LDR leaf ambient        46/65536        1288/1835008  ( 0.1%) 
HDR leaf ambient        47/65536        1316/1835008  ( 0.1%) 
occluders                0/0               0/0        ( 0.0%) 
occluder polygons        0/0               0/0        ( 0.0%) 
occluder vert ind        0/0               0/0        ( 0.0%) 
detail props          [variable]           1/12       ( 8.3%) 
static props          [variable]           1/12       ( 8.3%) 
pakfile               [variable]       74486/0        ( 0.0%) 
physics               [variable]        6447/4194304  ( 0.2%) 
physics terrain       [variable]           2/1048576  ( 0.0%) 

Level flags = 7d

Total triangle count: 72
Writing d:\desktop\csgo\hammer maps\eye to eye\achievement_eye_to_eye.bsp
MSG_FILEWRITE - Filesystem was asked to write to 'd:\desktop\csgo\hammer maps\eye to eye\achievement_eye_to_eye.bsp', but we don't own that location. Allowing...
0 seconds elapsed



[Reading texlights from 'lights.rad']
[17 texlights parsed from 'lights.rad']

Loading d:\desktop\csgo\hammer maps\eye to eye\achievement_eye_to_eye.bsp
36 faces
1109 square feet [159704.78 square inches]
0 Displacements
0 Square Feet [0.00 Square Inches]
36 patches before subdivision
74 patches after subdivision
2 direct lights
0...1...2...3...4...5...6...7...8...9...100...1...2...3...4...5...6...7...8...9...10transfers 570, max 24
transfer lists:   0.0 megs
0...1...2...3...4...5...6...7...8...9...10	Bounce #1 added RGB(445, 125, 1)
0...1...2...3...4...5...6...7...8...9...10	Bounce #2 added RGB(201, 16, 0)
0...1...2...3...4...5...6...7...8...9...10	Bounce #3 added RGB(135, 3, 0)
0...1...2...3...4...5...6...7...8...9...10	Bounce #4 added RGB(82, 1, 0)
0...1...2...3...4...5...6...7...8...9...10	Bounce #5 added RGB(51, 0, 0)
0...1...2...3...4...5...6...7...8...9...10	Bounce #6 added RGB(32, 0, 0)
0...1...2...3...4...5...6...7...8...9...10	Bounce #7 added RGB(20, 0, 0)
0...1...2...3...4...5...6...7...8...9...10	Bounce #8 added RGB(12, 0, 0)
0...1...2...3...4...5...6...7...8...9...10	Bounce #9 added RGB(8, 0, 0)
0...1...2...3...4...5...6...7...8...9...10	Bounce #10 added RGB(5, 0, 0)
0...1...2...3...4...5...6...7...8...9...10	Bounce #11 added RGB(3, 0, 0)
0...1...2...3...4...5...6...7...8...9...10	Bounce #12 added RGB(2, 0, 0)
0...1...2...3...4...5...6...7...8...9...10	Bounce #13 added RGB(1, 0, 0)
0...1...2...3...4...5...6...7...8...9...10	Bounce #14 added RGB(1, 0, 0)
Build Patch/Sample Hash Table(s).....Done<0.0000 sec>
0...1...2...3...4...5...6...7...8...9...10FinalLightFace Done
0 of 0 (0% of) surface lights went in leaf ambient cubes.
0...1...2...3...4...5...6...7...8...9...10Writing leaf ambient...done
Ready to Finish

Object names       Objects/Maxobjs  Memory / Maxmem  Fullness 
------------       ---------------  ---------------  -------- 
models                   6/1024          288/49152    ( 0.6%) 
brushes                 13/8192          156/98304    ( 0.2%) 
brushsides              80/81920         640/655360   ( 0.1%) 
planes                  84/65536        1680/1310720  ( 0.1%) 
vertexes                65/65536         780/786432   ( 0.1%) 
nodes                   40/65536        1280/2097152  ( 0.1%) 
texinfos                15/12288        1080/884736   ( 0.1%) 
texdata                  4/4096          128/131072   ( 0.1%) 
dispinfos                0/0               0/0        ( 0.0%) 
disp_verts               0/0               0/0        ( 0.0%) 
disp_tris                0/0               0/0        ( 0.0%) 
disp_multiblend          0/0               0/0        ( 0.0%) 
disp_lmsamples           0/0               0/0        ( 0.0%) 
faces                   36/65536        2016/3670016  ( 0.1%) 
hdr faces               36/65536        2016/3670016  ( 0.1%) 
origfaces               36/65536        2016/3670016  ( 0.1%) 
facebrushes              0/0               0/0        ( 0.0%) 
facebrushlists          36/0             144/0        ( 0.0%) 
leaves                  47/65536        1504/2097152  ( 0.1%) 
leaffaces               36/65536          72/131072   ( 0.1%) 
leafbrushes             13/65536          26/131072   ( 0.0%) 
areas                    2/1024           16/8192     ( 0.2%) 
surfedges              288/512000       1152/2048000  ( 0.1%) 
edges                  157/256000        628/1024000  ( 0.1%) 
LDR worldlights          2/8192          200/819200   ( 0.0%) 
HDR worldlights          2/8192          200/819200   ( 0.0%) 
leafwaterdata            0/32768           0/393216   ( 0.0%) 
waterstrips              0/32768           0/327680   ( 0.0%) 
waterverts               0/65536           0/786432   ( 0.0%) 
waterindices             0/65536           0/131072   ( 0.0%) 
cubemapsamples           0/1024            0/16384    ( 0.0%) 
overlays                 0/1024            0/360448   ( 0.0%) 
LDR lightdata         [variable]        2580/0        ( 0.0%) 
HDR lightdata         [variable]        2580/0        ( 0.0%) 
visdata               [variable]          14/16777216 ( 0.0%) 
entdata               [variable]        4837/393216   ( 1.2%) 
LDR ambient table       47/65536         188/262144   ( 0.1%) 
HDR ambient table       47/65536         188/262144   ( 0.1%) 
LDR leaf ambient        46/65536        1288/1835008  ( 0.1%) 
HDR leaf ambient        46/65536        1288/1835008  ( 0.1%) 
occluders                0/0               0/0        ( 0.0%) 
occluder polygons        0/0               0/0        ( 0.0%) 
occluder vert ind        0/0               0/0        ( 0.0%) 
detail props          [variable]           1/12       ( 8.3%) 
static props          [variable]           1/12       ( 8.3%) 
pakfile               [variable]       74486/0        ( 0.0%) 
physics               [variable]        6447/4194304  ( 0.2%) 
physics terrain       [variable]           2/1048576  ( 0.0%) 

Level flags = 7f

Total triangle count: 72
Writing d:\desktop\csgo\hammer maps\eye to eye\achievement_eye_to_eye.bsp
MSG_FILEWRITE - Filesystem was asked to write to 'd:\desktop\csgo\hammer maps\eye to eye\achievement_eye_to_eye.bsp', but we don't own that location. Allowing...
0 seconds elapsed



materialPath: D:\Steam\steamapps\common\Counter-Strike Global Offensive\csgo\materials
Loading d:\desktop\csgo\hammer maps\eye to eye\achievement_eye_to_eye.vmf
Map revision 35
fixing up env_cubemap materials on brush sides...
0...1...2...3...4...5...6...7...8...9...100...1...2...3...4...5...6...7...8...9...10Processing areas...done (0)
Building Faces...done (0)
Chop Details...done (0)
Find Visible Detail Sides...done (0)
Merging details...done (0)
FixTjuncs...
PruneNodes...
WriteBSP...
done (0)
writing d:\desktop\csgo\hammer maps\eye to eye\achievement_eye_to_eye.prt...Building visibility clusters...
AutoVisClustering (threshold=-1) matched 0 leafs.
done (0)
Finding displacement neighbors...
Finding lightmap sample positions...
Displacement Alpha : 0...1...2...3...4...5...6...7...8...9...10
Building Physics collision data...
done (0) (6447 bytes)
Placing detail props : 0...1...2...3...4...5...6...7...8...9...10
Compacting texture/material tables...
Reduced 22 texinfos to 15
Reduced 4 texdatas to 4 (78 bytes to 78)
Writing d:\desktop\csgo\hammer maps\eye to eye\achievement_eye_to_eye.bsp
MSG_FILEWRITE - Filesystem was asked to write to 'd:\desktop\csgo\hammer maps\eye to eye\achievement_eye_to_eye.bsp', but we don't own that location. Allowing...
0 seconds elapsed



4 threads
reading d:\desktop\csgo\hammer maps\eye to eye\achievement_eye_to_eye.bsp
reading d:\desktop\csgo\hammer maps\eye to eye\achievement_eye_to_eye.prt
   1 portalclusters
   0 numportals
0...1...2...3...4...5...6...7...8...9...100...1...2...3...4...5...6...7...8...9...10Optimized: 0 visible clusters (0.00%)
Total clusters visible: 1
Average clusters visible: 1
Building PAS...
Average clusters audible: 1
visdatasize:14  compressed from 16
writing d:\desktop\csgo\hammer maps\eye to eye\achievement_eye_to_eye.bsp
MSG_FILEWRITE - Filesystem was asked to write to 'd:\desktop\csgo\hammer maps\eye to eye\achievement_eye_to_eye.bsp', but we don't own that location. Allowing...
0 seconds elapsed



[Reading texlights from 'lights.rad']
[17 texlights parsed from 'lights.rad']

Loading d:\desktop\csgo\hammer maps\eye to eye\achievement_eye_to_eye.bsp
36 faces
1109 square feet [159704.78 square inches]
0 Displacements
0 Square Feet [0.00 Square Inches]
36 patches before subdivision
74 patches after subdivision
2 direct lights
0...1...2...3...4...5...6...7...8...9...100...1...2...3...4...5...6...7...8...9...10transfers 570, max 24
transfer lists:   0.0 megs
0...1...2...3...4...5...6...7...8...9...10	Bounce #1 added RGB(445, 125, 1)
0...1...2...3...4...5...6...7...8...9...10	Bounce #2 added RGB(201, 16, 0)
0...1...2...3...4...5...6...7...8...9...10	Bounce #3 added RGB(135, 3, 0)
0...1...2...3...4...5...6...7...8...9...10	Bounce #4 added RGB(82, 1, 0)
0...1...2...3...4...5...6...7...8...9...10	Bounce #5 added RGB(51, 0, 0)
0...1...2...3...4...5...6...7...8...9...10	Bounce #6 added RGB(32, 0, 0)
0...1...2...3...4...5...6...7...8...9...10	Bounce #7 added RGB(20, 0, 0)
0...1...2...3...4...5...6...7...8...9...10	Bounce #8 added RGB(12, 0, 0)
0...1...2...3...4...5...6...7...8...9...10	Bounce #9 added RGB(8, 0, 0)
0...1...2...3...4...5...6...7...8...9...10	Bounce #10 added RGB(5, 0, 0)
0...1...2...3...4...5...6...7...8...9...10	Bounce #11 added RGB(3, 0, 0)
0...1...2...3...4...5...6...7...8...9...10	Bounce #12 added RGB(2, 0, 0)
0...1...2...3...4...5...6...7...8...9...10	Bounce #13 added RGB(1, 0, 0)
0...1...2...3...4...5...6...7...8...9...10	Bounce #14 added RGB(1, 0, 0)
Build Patch/Sample Hash Table(s).....Done<0.0000 sec>
0...1...2...3...4...5...6...7...8...9...10FinalLightFace Done
0 of 0 (0% of) surface lights went in leaf ambient cubes.
0...1...2...3...4...5...6...7...8...9...10Writing leaf ambient...done
Ready to Finish

Object names       Objects/Maxobjs  Memory / Maxmem  Fullness 
------------       ---------------  ---------------  -------- 
models                   6/1024          288/49152    ( 0.6%) 
brushes                 13/8192          156/98304    ( 0.2%) 
brushsides              80/81920         640/655360   ( 0.1%) 
planes                  84/65536        1680/1310720  ( 0.1%) 
vertexes                65/65536         780/786432   ( 0.1%) 
nodes                   40/65536        1280/2097152  ( 0.1%) 
texinfos                15/12288        1080/884736   ( 0.1%) 
texdata                  4/4096          128/131072   ( 0.1%) 
dispinfos                0/0               0/0        ( 0.0%) 
disp_verts               0/0               0/0        ( 0.0%) 
disp_tris                0/0               0/0        ( 0.0%) 
disp_multiblend          0/0               0/0        ( 0.0%) 
disp_lmsamples           0/0               0/0        ( 0.0%) 
faces                   36/65536        2016/3670016  ( 0.1%) 
hdr faces                0/65536           0/3670016  ( 0.0%) 
origfaces               36/65536        2016/3670016  ( 0.1%) 
facebrushes              0/0               0/0        ( 0.0%) 
facebrushlists          36/0             144/0        ( 0.0%) 
leaves                  47/65536        1504/2097152  ( 0.1%) 
leaffaces               36/65536          72/131072   ( 0.1%) 
leafbrushes             13/65536          26/131072   ( 0.0%) 
areas                    2/1024           16/8192     ( 0.2%) 
surfedges              288/512000       1152/2048000  ( 0.1%) 
edges                  157/256000        628/1024000  ( 0.1%) 
LDR worldlights          2/8192          200/819200   ( 0.0%) 
HDR worldlights          0/8192            0/819200   ( 0.0%) 
leafwaterdata            0/32768           0/393216   ( 0.0%) 
waterstrips              0/32768           0/327680   ( 0.0%) 
waterverts               0/65536           0/786432   ( 0.0%) 
waterindices             0/65536           0/131072   ( 0.0%) 
cubemapsamples           0/1024            0/16384    ( 0.0%) 
overlays                 0/1024            0/360448   ( 0.0%) 
LDR lightdata         [variable]        2580/0        ( 0.0%) 
HDR lightdata         [variable]           0/0        ( 0.0%) 
visdata               [variable]          14/16777216 ( 0.0%) 
entdata               [variable]        4837/393216   ( 1.2%) 
LDR ambient table       47/65536         188/262144   ( 0.1%) 
HDR ambient table       47/65536         188/262144   ( 0.1%) 
LDR leaf ambient        46/65536        1288/1835008  ( 0.1%) 
HDR leaf ambient        47/65536        1316/1835008  ( 0.1%) 
occluders                0/0               0/0        ( 0.0%) 
occluder polygons        0/0               0/0        ( 0.0%) 
occluder vert ind        0/0               0/0        ( 0.0%) 
detail props          [variable]           1/12       ( 8.3%) 
static props          [variable]           1/12       ( 8.3%) 
pakfile               [variable]       74486/0        ( 0.0%) 
physics               [variable]        6447/4194304  ( 0.2%) 
physics terrain       [variable]           2/1048576  ( 0.0%) 

Level flags = 7d

Total triangle count: 72
Writing d:\desktop\csgo\hammer maps\eye to eye\achievement_eye_to_eye.bsp
MSG_FILEWRITE - Filesystem was asked to write to 'd:\desktop\csgo\hammer maps\eye to eye\achievement_eye_to_eye.bsp', but we don't own that location. Allowing...
0 seconds elapsed



[Reading texlights from 'lights.rad']
[17 texlights parsed from 'lights.rad']

Loading d:\desktop\csgo\hammer maps\eye to eye\achievement_eye_to_eye.bsp
36 faces
1109 square feet [159704.78 square inches]
0 Displacements
0 Square Feet [0.00 Square Inches]
36 patches before subdivision
74 patches after subdivision
2 direct lights
0...1...2...3...4...5...6...7...8...9...100...1...2...3...4...5...6...7...8...9...10transfers 570, max 24
transfer lists:   0.0 megs
0...1...2...3...4...5...6...7...8...9...10	Bounce #1 added RGB(445, 125, 1)
0...1...2...3...4...5...6...7...8...9...10	Bounce #2 added RGB(201, 16, 0)
0...1...2...3...4...5...6...7...8...9...10	Bounce #3 added RGB(135, 3, 0)
0...1...2...3...4...5...6...7...8...9...10	Bounce #4 added RGB(82, 1, 0)
0...1...2...3...4...5...6...7...8...9...10	Bounce #5 added RGB(51, 0, 0)
0...1...2...3...4...5...6...7...8...9...10	Bounce #6 added RGB(32, 0, 0)
0...1...2...3...4...5...6...7...8...9...10	Bounce #7 added RGB(20, 0, 0)
0...1...2...3...4...5...6...7...8...9...10	Bounce #8 added RGB(12, 0, 0)
0...1...2...3...4...5...6...7...8...9...10	Bounce #9 added RGB(8, 0, 0)
0...1...2...3...4...5...6...7...8...9...10	Bounce #10 added RGB(5, 0, 0)
0...1...2...3...4...5...6...7...8...9...10	Bounce #11 added RGB(3, 0, 0)
0...1...2...3...4...5...6...7...8...9...10	Bounce #12 added RGB(2, 0, 0)
0...1...2...3...4...5...6...7...8...9...10	Bounce #13 added RGB(1, 0, 0)
0...1...2...3...4...5...6...7...8...9...10	Bounce #14 added RGB(1, 0, 0)
Build Patch/Sample Hash Table(s).....Done<0.0000 sec>
0...1...2...3...4...5...6...7...8...9...10FinalLightFace Done
0 of 0 (0% of) surface lights went in leaf ambient cubes.
0...1...2...3...4...5...6...7...8...9...10Writing leaf ambient...done
Ready to Finish

Object names       Objects/Maxobjs  Memory / Maxmem  Fullness 
------------       ---------------  ---------------  -------- 
models                   6/1024          288/49152    ( 0.6%) 
brushes                 13/8192          156/98304    ( 0.2%) 
brushsides              80/81920         640/655360   ( 0.1%) 
planes                  84/65536        1680/1310720  ( 0.1%) 
vertexes                65/65536         780/786432   ( 0.1%) 
nodes                   40/65536        1280/2097152  ( 0.1%) 
texinfos                15/12288        1080/884736   ( 0.1%) 
texdata                  4/4096          128/131072   ( 0.1%) 
dispinfos                0/0               0/0        ( 0.0%) 
disp_verts               0/0               0/0        ( 0.0%) 
disp_tris                0/0               0/0        ( 0.0%) 
disp_multiblend          0/0               0/0        ( 0.0%) 
disp_lmsamples           0/0               0/0        ( 0.0%) 
faces                   36/65536        2016/3670016  ( 0.1%) 
hdr faces               36/65536        2016/3670016  ( 0.1%) 
origfaces               36/65536        2016/3670016  ( 0.1%) 
facebrushes              0/0               0/0        ( 0.0%) 
facebrushlists          36/0             144/0        ( 0.0%) 
leaves                  47/65536        1504/2097152  ( 0.1%) 
leaffaces               36/65536          72/131072   ( 0.1%) 
leafbrushes             13/65536          26/131072   ( 0.0%) 
areas                    2/1024           16/8192     ( 0.2%) 
surfedges              288/512000       1152/2048000  ( 0.1%) 
edges                  157/256000        628/1024000  ( 0.1%) 
LDR worldlights          2/8192          200/819200   ( 0.0%) 
HDR worldlights          2/8192          200/819200   ( 0.0%) 
leafwaterdata            0/32768           0/393216   ( 0.0%) 
waterstrips              0/32768           0/327680   ( 0.0%) 
waterverts               0/65536           0/786432   ( 0.0%) 
waterindices             0/65536           0/131072   ( 0.0%) 
cubemapsamples           0/1024            0/16384    ( 0.0%) 
overlays                 0/1024            0/360448   ( 0.0%) 
LDR lightdata         [variable]        2580/0        ( 0.0%) 
HDR lightdata         [variable]        2580/0        ( 0.0%) 
visdata               [variable]          14/16777216 ( 0.0%) 
entdata               [variable]        4837/393216   ( 1.2%) 
LDR ambient table       47/65536         188/262144   ( 0.1%) 
HDR ambient table       47/65536         188/262144   ( 0.1%) 
LDR leaf ambient        46/65536        1288/1835008  ( 0.1%) 
HDR leaf ambient        46/65536        1288/1835008  ( 0.1%) 
occluders                0/0               0/0        ( 0.0%) 
occluder polygons        0/0               0/0        ( 0.0%) 
occluder vert ind        0/0               0/0        ( 0.0%) 
detail props          [variable]           1/12       ( 8.3%) 
static props          [variable]           1/12       ( 8.3%) 
pakfile               [variable]       74486/0        ( 0.0%) 
physics               [variable]        6447/4194304  ( 0.2%) 
physics terrain       [variable]           2/1048576  ( 0.0%) 

Level flags = 7f

Total triangle count: 72
Writing d:\desktop\csgo\hammer maps\eye to eye\achievement_eye_to_eye.bsp
MSG_FILEWRITE - Filesystem was asked to write to 'd:\desktop\csgo\hammer maps\eye to eye\achievement_eye_to_eye.bsp', but we don't own that location. Allowing...
1 second elapsed



materialPath: D:\Steam\steamapps\common\Counter-Strike Global Offensive\csgo\materials
Loading d:\desktop\csgo\hammer maps\eye to eye\achievement_eye_to_eye.vmf
Map revision 38
fixing up env_cubemap materials on brush sides...
0...1...2...3...4...5...6...7...8...9...100...1...2...3...4...5...6...7...8...9...10Processing areas...done (0)
Building Faces...done (0)
Chop Details...done (0)
Find Visible Detail Sides...done (0)
Merging details...done (0)
FixTjuncs...
PruneNodes...
WriteBSP...
done (0)
writing d:\desktop\csgo\hammer maps\eye to eye\achievement_eye_to_eye.prt...Building visibility clusters...
AutoVisClustering (threshold=-1) matched 0 leafs.
done (0)
Finding displacement neighbors...
Finding lightmap sample positions...
Displacement Alpha : 0...1...2...3...4...5...6...7...8...9...10
Building Physics collision data...
done (0) (6447 bytes)
Placing detail props : 0...1...2...3...4...5...6...7...8...9...10
Compacting texture/material tables...
Reduced 22 texinfos to 15
Reduced 4 texdatas to 4 (78 bytes to 78)
Writing d:\desktop\csgo\hammer maps\eye to eye\achievement_eye_to_eye.bsp
MSG_FILEWRITE - Filesystem was asked to write to 'd:\desktop\csgo\hammer maps\eye to eye\achievement_eye_to_eye.bsp', but we don't own that location. Allowing...
0 seconds elapsed



4 threads
reading d:\desktop\csgo\hammer maps\eye to eye\achievement_eye_to_eye.bsp
reading d:\desktop\csgo\hammer maps\eye to eye\achievement_eye_to_eye.prt
   1 portalclusters
   0 numportals
0...1...2...3...4...5...6...7...8...9...100...1...2...3...4...5...6...7...8...9...10Optimized: 0 visible clusters (0.00%)
Total clusters visible: 1
Average clusters visible: 1
Building PAS...
Average clusters audible: 1
visdatasize:14  compressed from 16
writing d:\desktop\csgo\hammer maps\eye to eye\achievement_eye_to_eye.bsp
MSG_FILEWRITE - Filesystem was asked to write to 'd:\desktop\csgo\hammer maps\eye to eye\achievement_eye_to_eye.bsp', but we don't own that location. Allowing...
0 seconds elapsed



[Reading texlights from 'lights.rad']
[17 texlights parsed from 'lights.rad']

Loading d:\desktop\csgo\hammer maps\eye to eye\achievement_eye_to_eye.bsp
36 faces
1109 square feet [159704.78 square inches]
0 Displacements
0 Square Feet [0.00 Square Inches]
36 patches before subdivision
74 patches after subdivision
2 direct lights
0...1...2...3...4...5...6...7...8...9...100...1...2...3...4...5...6...7...8...9...10transfers 570, max 24
transfer lists:   0.0 megs
0...1...2...3...4...5...6...7...8...9...10	Bounce #1 added RGB(445, 125, 1)
0...1...2...3...4...5...6...7...8...9...10	Bounce #2 added RGB(201, 16, 0)
0...1...2...3...4...5...6...7...8...9...10	Bounce #3 added RGB(135, 3, 0)
0...1...2...3...4...5...6...7...8...9...10	Bounce #4 added RGB(82, 1, 0)
0...1...2...3...4...5...6...7...8...9...10	Bounce #5 added RGB(51, 0, 0)
0...1...2...3...4...5...6...7...8...9...10	Bounce #6 added RGB(32, 0, 0)
0...1...2...3...4...5...6...7...8...9...10	Bounce #7 added RGB(20, 0, 0)
0...1...2...3...4...5...6...7...8...9...10	Bounce #8 added RGB(12, 0, 0)
0...1...2...3...4...5...6...7...8...9...10	Bounce #9 added RGB(8, 0, 0)
0...1...2...3...4...5...6...7...8...9...10	Bounce #10 added RGB(5, 0, 0)
0...1...2...3...4...5...6...7...8...9...10	Bounce #11 added RGB(3, 0, 0)
0...1...2...3...4...5...6...7...8...9...10	Bounce #12 added RGB(2, 0, 0)
0...1...2...3...4...5...6...7...8...9...10	Bounce #13 added RGB(1, 0, 0)
0...1...2...3...4...5...6...7...8...9...10	Bounce #14 added RGB(1, 0, 0)
Build Patch/Sample Hash Table(s).....Done<0.0000 sec>
0...1...2...3...4...5...6...7...8...9...10FinalLightFace Done
0 of 0 (0% of) surface lights went in leaf ambient cubes.
0...1...2...3...4...5...6...7...8...9...10Writing leaf ambient...done
Ready to Finish

Object names       Objects/Maxobjs  Memory / Maxmem  Fullness 
------------       ---------------  ---------------  -------- 
models                   6/1024          288/49152    ( 0.6%) 
brushes                 13/8192          156/98304    ( 0.2%) 
brushsides              80/81920         640/655360   ( 0.1%) 
planes                  84/65536        1680/1310720  ( 0.1%) 
vertexes                65/65536         780/786432   ( 0.1%) 
nodes                   40/65536        1280/2097152  ( 0.1%) 
texinfos                15/12288        1080/884736   ( 0.1%) 
texdata                  4/4096          128/131072   ( 0.1%) 
dispinfos                0/0               0/0        ( 0.0%) 
disp_verts               0/0               0/0        ( 0.0%) 
disp_tris                0/0               0/0        ( 0.0%) 
disp_multiblend          0/0               0/0        ( 0.0%) 
disp_lmsamples           0/0               0/0        ( 0.0%) 
faces                   36/65536        2016/3670016  ( 0.1%) 
hdr faces                0/65536           0/3670016  ( 0.0%) 
origfaces               36/65536        2016/3670016  ( 0.1%) 
facebrushes              0/0               0/0        ( 0.0%) 
facebrushlists          36/0             144/0        ( 0.0%) 
leaves                  47/65536        1504/2097152  ( 0.1%) 
leaffaces               36/65536          72/131072   ( 0.1%) 
leafbrushes             13/65536          26/131072   ( 0.0%) 
areas                    2/1024           16/8192     ( 0.2%) 
surfedges              288/512000       1152/2048000  ( 0.1%) 
edges                  157/256000        628/1024000  ( 0.1%) 
LDR worldlights          2/8192          200/819200   ( 0.0%) 
HDR worldlights          0/8192            0/819200   ( 0.0%) 
leafwaterdata            0/32768           0/393216   ( 0.0%) 
waterstrips              0/32768           0/327680   ( 0.0%) 
waterverts               0/65536           0/786432   ( 0.0%) 
waterindices             0/65536           0/131072   ( 0.0%) 
cubemapsamples           0/1024            0/16384    ( 0.0%) 
overlays                 0/1024            0/360448   ( 0.0%) 
LDR lightdata         [variable]        2580/0        ( 0.0%) 
HDR lightdata         [variable]           0/0        ( 0.0%) 
visdata               [variable]          14/16777216 ( 0.0%) 
entdata               [variable]        5221/393216   ( 1.3%) 
LDR ambient table       47/65536         188/262144   ( 0.1%) 
HDR ambient table       47/65536         188/262144   ( 0.1%) 
LDR leaf ambient        46/65536        1288/1835008  ( 0.1%) 
HDR leaf ambient        47/65536        1316/1835008  ( 0.1%) 
occluders                0/0               0/0        ( 0.0%) 
occluder polygons        0/0               0/0        ( 0.0%) 
occluder vert ind        0/0               0/0        ( 0.0%) 
detail props          [variable]           1/12       ( 8.3%) 
static props          [variable]           1/12       ( 8.3%) 
pakfile               [variable]       74486/0        ( 0.0%) 
physics               [variable]        6447/4194304  ( 0.2%) 
physics terrain       [variable]           2/1048576  ( 0.0%) 

Level flags = 7d

Total triangle count: 72
Writing d:\desktop\csgo\hammer maps\eye to eye\achievement_eye_to_eye.bsp
MSG_FILEWRITE - Filesystem was asked to write to 'd:\desktop\csgo\hammer maps\eye to eye\achievement_eye_to_eye.bsp', but we don't own that location. Allowing...
0 seconds elapsed



[Reading texlights from 'lights.rad']
[17 texlights parsed from 'lights.rad']

Loading d:\desktop\csgo\hammer maps\eye to eye\achievement_eye_to_eye.bsp
36 faces
1109 square feet [159704.78 square inches]
0 Displacements
0 Square Feet [0.00 Square Inches]
36 patches before subdivision
74 patches after subdivision
2 direct lights
0...1...2...3...4...5...6...7...8...9...100...1...2...3...4...5...6...7...8...9...10transfers 570, max 24
transfer lists:   0.0 megs
0...1...2...3...4...5...6...7...8...9...10	Bounce #1 added RGB(445, 125, 1)
0...1...2...3...4...5...6...7...8...9...10	Bounce #2 added RGB(201, 16, 0)
0...1...2...3...4...5...6...7...8...9...10	Bounce #3 added RGB(135, 3, 0)
0...1...2...3...4...5...6...7...8...9...10	Bounce #4 added RGB(82, 1, 0)
0...1...2...3...4...5...6...7...8...9...10	Bounce #5 added RGB(51, 0, 0)
0...1...2...3...4...5...6...7...8...9...10	Bounce #6 added RGB(32, 0, 0)
0...1...2...3...4...5...6...7...8...9...10	Bounce #7 added RGB(20, 0, 0)
0...1...2...3...4...5...6...7...8...9...10	Bounce #8 added RGB(12, 0, 0)
0...1...2...3...4...5...6...7...8...9...10	Bounce #9 added RGB(8, 0, 0)
0...1...2...3...4...5...6...7...8...9...10	Bounce #10 added RGB(5, 0, 0)
0...1...2...3...4...5...6...7...8...9...10	Bounce #11 added RGB(3, 0, 0)
0...1...2...3...4...5...6...7...8...9...10	Bounce #12 added RGB(2, 0, 0)
0...1...2...3...4...5...6...7...8...9...10	Bounce #13 added RGB(1, 0, 0)
0...1...2...3...4...5...6...7...8...9...10	Bounce #14 added RGB(1, 0, 0)
Build Patch/Sample Hash Table(s).....Done<0.0000 sec>
0...1...2...3...4...5...6...7...8...9...10FinalLightFace Done
0 of 0 (0% of) surface lights went in leaf ambient cubes.
0...1...2...3...4...5...6...7...8...9...10Writing leaf ambient...done
Ready to Finish

Object names       Objects/Maxobjs  Memory / Maxmem  Fullness 
------------       ---------------  ---------------  -------- 
models                   6/1024          288/49152    ( 0.6%) 
brushes                 13/8192          156/98304    ( 0.2%) 
brushsides              80/81920         640/655360   ( 0.1%) 
planes                  84/65536        1680/1310720  ( 0.1%) 
vertexes                65/65536         780/786432   ( 0.1%) 
nodes                   40/65536        1280/2097152  ( 0.1%) 
texinfos                15/12288        1080/884736   ( 0.1%) 
texdata                  4/4096          128/131072   ( 0.1%) 
dispinfos                0/0               0/0        ( 0.0%) 
disp_verts               0/0               0/0        ( 0.0%) 
disp_tris                0/0               0/0        ( 0.0%) 
disp_multiblend          0/0               0/0        ( 0.0%) 
disp_lmsamples           0/0               0/0        ( 0.0%) 
faces                   36/65536        2016/3670016  ( 0.1%) 
hdr faces               36/65536        2016/3670016  ( 0.1%) 
origfaces               36/65536        2016/3670016  ( 0.1%) 
facebrushes              0/0               0/0        ( 0.0%) 
facebrushlists          36/0             144/0        ( 0.0%) 
leaves                  47/65536        1504/2097152  ( 0.1%) 
leaffaces               36/65536          72/131072   ( 0.1%) 
leafbrushes             13/65536          26/131072   ( 0.0%) 
areas                    2/1024           16/8192     ( 0.2%) 
surfedges              288/512000       1152/2048000  ( 0.1%) 
edges                  157/256000        628/1024000  ( 0.1%) 
LDR worldlights          2/8192          200/819200   ( 0.0%) 
HDR worldlights          2/8192          200/819200   ( 0.0%) 
leafwaterdata            0/32768           0/393216   ( 0.0%) 
waterstrips              0/32768           0/327680   ( 0.0%) 
waterverts               0/65536           0/786432   ( 0.0%) 
waterindices             0/65536           0/131072   ( 0.0%) 
cubemapsamples           0/1024            0/16384    ( 0.0%) 
overlays                 0/1024            0/360448   ( 0.0%) 
LDR lightdata         [variable]        2580/0        ( 0.0%) 
HDR lightdata         [variable]        2580/0        ( 0.0%) 
visdata               [variable]          14/16777216 ( 0.0%) 
entdata               [variable]        5221/393216   ( 1.3%) 
LDR ambient table       47/65536         188/262144   ( 0.1%) 
HDR ambient table       47/65536         188/262144   ( 0.1%) 
LDR leaf ambient        46/65536        1288/1835008  ( 0.1%) 
HDR leaf ambient        46/65536        1288/1835008  ( 0.1%) 
occluders                0/0               0/0        ( 0.0%) 
occluder polygons        0/0               0/0        ( 0.0%) 
occluder vert ind        0/0               0/0        ( 0.0%) 
detail props          [variable]           1/12       ( 8.3%) 
static props          [variable]           1/12       ( 8.3%) 
pakfile               [variable]       74486/0        ( 0.0%) 
physics               [variable]        6447/4194304  ( 0.2%) 
physics terrain       [variable]           2/1048576  ( 0.0%) 

Level flags = 7f

Total triangle count: 72
Writing d:\desktop\csgo\hammer maps\eye to eye\achievement_eye_to_eye.bsp
MSG_FILEWRITE - Filesystem was asked to write to 'd:\desktop\csgo\hammer maps\eye to eye\achievement_eye_to_eye.bsp', but we don't own that location. Allowing...
0 seconds elapsed
