


materialPath: D:\Steam\steamapps\common\Counter-Strike Global Offensive\csgo\materials
Loading d:\onedrive\desktop\csgo\hammer maps\awp flick shot practise\awp_flick_shot_practise.vmf
Map revision 15
fixing up env_cubemap materials on brush sides...
0...1...2...3...4...5...6...7...8...9...10**** leaked ****
Entity info_player_terrorist (-1711.45 992.90 109.00) leaked!

FindPortalSide: Couldn't find a good match for which brush to assign to a portal near (0.0 705.9 -407.3)
Leaf 0 contents: CONTENTS_SOLID 
Leaf 1 contents: 
viscontents (node 0 contents ^ node 1 contents): CONTENTS_SOLID 
This means that none of the brushes in leaf 0 or 1 that touches the portal has CONTENTS_SOLID 
Check for a huge brush enclosing the coordinates above that has contents CONTENTS_SOLID 
Candidate brush IDs: Brush 1690: 


FindPortalSide: Couldn't find a good match for which brush to assign to a portal near (358.4 659.7 -330.4)
Leaf 0 contents: CONTENTS_SOLID 
Leaf 1 contents: 
viscontents (node 0 contents ^ node 1 contents): CONTENTS_SOLID 
This means that none of the brushes in leaf 0 or 1 that touches the portal has CONTENTS_SOLID 
Check for a huge brush enclosing the coordinates above that has contents CONTENTS_SOLID 
Candidate brush IDs: Brush 1690: 


FindPortalSide: Couldn't find a good match for which brush to assign to a portal near (216.0 544.0 -398.0)
Leaf 0 contents: CONTENTS_SOLID 
Leaf 1 contents: 
viscontents (node 0 contents ^ node 1 contents): CONTENTS_SOLID 
This means that none of the brushes in leaf 0 or 1 that touches the portal has CONTENTS_SOLID 
Check for a huge brush enclosing the coordinates above that has contents CONTENTS_SOLID 
Candidate brush IDs: Brush 1690: 


FindPortalSide: Couldn't find a good match for which brush to assign to a portal near (59.7 544.0 -504.8)
Leaf 0 contents: CONTENTS_SOLID 
Leaf 1 contents: 
viscontents (node 0 contents ^ node 1 contents): CONTENTS_SOLID 
This means that none of the brushes in leaf 0 or 1 that touches the portal has CONTENTS_SOLID 
Check for a huge brush enclosing the coordinates above that has contents CONTENTS_SOLID 
Candidate brush IDs: Brush 1690: 


FindPortalSide: Couldn't find a good match for which brush to assign to a portal near (51.3 544.0 -506.1)
Leaf 0 contents: CONTENTS_SOLID 
Leaf 1 contents: 
viscontents (node 0 contents ^ node 1 contents): CONTENTS_SOLID 
This means that none of the brushes in leaf 0 or 1 that touches the portal has CONTENTS_SOLID 
Check for a huge brush enclosing the coordinates above that has contents CONTENTS_SOLID 
Candidate brush IDs: Brush 1690: 


FindPortalSide: Couldn't find a good match for which brush to assign to a portal near (364.2 544.0 -351.6)
Leaf 0 contents: CONTENTS_SOLID 
Leaf 1 contents: 
viscontents (node 0 contents ^ node 1 contents): CONTENTS_SOLID 
This means that none of the brushes in leaf 0 or 1 that touches the portal has CONTENTS_SOLID 
Check for a huge brush enclosing the coordinates above that has contents CONTENTS_SOLID 
Candidate brush IDs: Brush 1690: 


FindPortalSide: Couldn't find a good match for which brush to assign to a portal near (53.0 595.0 -502.1)
Leaf 0 contents: CONTENTS_SOLID 
Leaf 1 contents: 
viscontents (node 0 contents ^ node 1 contents): CONTENTS_SOLID 
This means that none of the brushes in leaf 0 or 1 that touches the portal has CONTENTS_SOLID 
Check for a huge brush enclosing the coordinates above that has contents CONTENTS_SOLID 
Candidate brush IDs: Brush 1690: 


FindPortalSide: Couldn't find a good match for which brush to assign to a portal near (40.6 602.9 -502.1)
Leaf 0 contents: CONTENTS_SOLID 
Leaf 1 contents: 
viscontents (node 0 contents ^ node 1 contents): CONTENTS_SOLID 
This means that none of the brushes in leaf 0 or 1 that touches the portal has CONTENTS_SOLID 
Check for a huge brush enclosing the coordinates above that has contents CONTENTS_SOLID 
Candidate brush IDs: Brush 1690: 

*** Suppressing further FindPortalSide errors.... ***
Processing areas...done (0)
Building Faces...done (0)
Chop Details...done (0)
Find Visible Detail Sides...done (0)
Merging details...done (0)
FixTjuncs...
PruneNodes...
WriteBSP...
done (0)
Finding displacement neighbors...
Finding lightmap sample positions...
Displacement Alpha : 0...1...2...3...4...5...6...7...8...9...10
Building Physics collision data...
done (0) (216464 bytes)
Placing detail props : 0...1...2...3...4...5...6...7...8...9...10
Compacting texture/material tables...
Reduced 15 texinfos to 10
Reduced 4 texdatas to 4 (86 bytes to 86)
Writing d:\onedrive\desktop\csgo\hammer maps\awp flick shot practise\awp_flick_shot_practise.bsp
MSG_FILEWRITE - Filesystem was asked to write to 'd:\onedrive\desktop\csgo\hammer maps\awp flick shot practise\awp_flick_shot_practise.bsp', but we don't own that location. Allowing...
6 seconds elapsed



16 threads
reading d:\onedrive\desktop\csgo\hammer maps\awp flick shot practise\awp_flick_shot_practise.bsp
reading d:\onedrive\desktop\csgo\hammer maps\awp flick shot practise\awp_flick_shot_practise.prt
LoadPortals: couldn't read d:\onedrive\desktop\csgo\hammer maps\awp flick shot practise\awp_flick_shot_practise.prt



materialPath: D:\Steam\steamapps\common\Counter-Strike Global Offensive\csgo\materials
Loading d:\onedrive\desktop\csgo\hammer maps\awp flick shot practise\awp_flick_shot_practise.vmf
Map revision 16
fixing up env_cubemap materials on brush sides...
0...1...2...3...4...5...6...7...8...9...10**** leaked ****
Entity info_player_terrorist (-311.28 708.12 -116.00) leaked!

FindPortalSide: Couldn't find a good match for which brush to assign to a portal near (0.0 705.9 -407.3)
Leaf 0 contents: CONTENTS_SOLID 
Leaf 1 contents: 
viscontents (node 0 contents ^ node 1 contents): CONTENTS_SOLID 
This means that none of the brushes in leaf 0 or 1 that touches the portal has CONTENTS_SOLID 
Check for a huge brush enclosing the coordinates above that has contents CONTENTS_SOLID 
Candidate brush IDs: Brush 1690: 


FindPortalSide: Couldn't find a good match for which brush to assign to a portal near (358.4 659.7 -330.4)
Leaf 0 contents: CONTENTS_SOLID 
Leaf 1 contents: 
viscontents (node 0 contents ^ node 1 contents): CONTENTS_SOLID 
This means that none of the brushes in leaf 0 or 1 that touches the portal has CONTENTS_SOLID 
Check for a huge brush enclosing the coordinates above that has contents CONTENTS_SOLID 
Candidate brush IDs: Brush 1690: 


FindPortalSide: Couldn't find a good match for which brush to assign to a portal near (216.0 544.0 -398.0)
Leaf 0 contents: CONTENTS_SOLID 
Leaf 1 contents: 
viscontents (node 0 contents ^ node 1 contents): CONTENTS_SOLID 
This means that none of the brushes in leaf 0 or 1 that touches the portal has CONTENTS_SOLID 
Check for a huge brush enclosing the coordinates above that has contents CONTENTS_SOLID 
Candidate brush IDs: Brush 1690: 


FindPortalSide: Couldn't find a good match for which brush to assign to a portal near (59.7 544.0 -504.8)
Leaf 0 contents: CONTENTS_SOLID 
Leaf 1 contents: 
viscontents (node 0 contents ^ node 1 contents): CONTENTS_SOLID 
This means that none of the brushes in leaf 0 or 1 that touches the portal has CONTENTS_SOLID 
Check for a huge brush enclosing the coordinates above that has contents CONTENTS_SOLID 
Candidate brush IDs: Brush 1690: 


FindPortalSide: Couldn't find a good match for which brush to assign to a portal near (51.3 544.0 -506.1)
Leaf 0 contents: CONTENTS_SOLID 
Leaf 1 contents: 
viscontents (node 0 contents ^ node 1 contents): CONTENTS_SOLID 
This means that none of the brushes in leaf 0 or 1 that touches the portal has CONTENTS_SOLID 
Check for a huge brush enclosing the coordinates above that has contents CONTENTS_SOLID 
Candidate brush IDs: Brush 1690: 


FindPortalSide: Couldn't find a good match for which brush to assign to a portal near (364.2 544.0 -351.6)
Leaf 0 contents: CONTENTS_SOLID 
Leaf 1 contents: 
viscontents (node 0 contents ^ node 1 contents): CONTENTS_SOLID 
This means that none of the brushes in leaf 0 or 1 that touches the portal has CONTENTS_SOLID 
Check for a huge brush enclosing the coordinates above that has contents CONTENTS_SOLID 
Candidate brush IDs: Brush 1690: 


FindPortalSide: Couldn't find a good match for which brush to assign to a portal near (53.0 595.0 -502.1)
Leaf 0 contents: CONTENTS_SOLID 
Leaf 1 contents: 
viscontents (node 0 contents ^ node 1 contents): CONTENTS_SOLID 
This means that none of the brushes in leaf 0 or 1 that touches the portal has CONTENTS_SOLID 
Check for a huge brush enclosing the coordinates above that has contents CONTENTS_SOLID 
Candidate brush IDs: Brush 1690: 


FindPortalSide: Couldn't find a good match for which brush to assign to a portal near (40.6 602.9 -502.1)
Leaf 0 contents: CONTENTS_SOLID 
Leaf 1 contents: 
viscontents (node 0 contents ^ node 1 contents): CONTENTS_SOLID 
This means that none of the brushes in leaf 0 or 1 that touches the portal has CONTENTS_SOLID 
Check for a huge brush enclosing the coordinates above that has contents CONTENTS_SOLID 
Candidate brush IDs: Brush 1690: 

*** Suppressing further FindPortalSide errors.... ***
Processing areas...done (0)
Building Faces...done (0)
Chop Details...done (0)
Find Visible Detail Sides...done (0)
Merging details...done (0)
FixTjuncs...
PruneNodes...
WriteBSP...
done (0)
Finding displacement neighbors...
Finding lightmap sample positions...
Displacement Alpha : 0...1...2...3...4...5...6...7...8...9...10
Building Physics collision data...
done (0) (210768 bytes)
Placing detail props : 0...1...2...3...4...5...6...7...8...9...10
Compacting texture/material tables...
Reduced 15 texinfos to 10
Reduced 4 texdatas to 4 (86 bytes to 86)
Writing d:\onedrive\desktop\csgo\hammer maps\awp flick shot practise\awp_flick_shot_practise.bsp
MSG_FILEWRITE - Filesystem was asked to write to 'd:\onedrive\desktop\csgo\hammer maps\awp flick shot practise\awp_flick_shot_practise.bsp', but we don't own that location. Allowing...
6 seconds elapsed



16 threads
reading d:\onedrive\desktop\csgo\hammer maps\awp flick shot practise\awp_flick_shot_practise.bsp
reading d:\onedrive\desktop\csgo\hammer maps\awp flick shot practise\awp_flick_shot_practise.prt
LoadPortals: couldn't read d:\onedrive\desktop\csgo\hammer maps\awp flick shot practise\awp_flick_shot_practise.prt
