PRT1
15
27
4 0 10 (-824 436 44 ) (-824 436 32 ) (-822 436 32 ) (-822 436 44 ) 
4 0 8 (-822 436 256 ) (-824 436 256 ) (-824 436 196 ) (-822 436 196 ) 
4 0 5 (-592 436 32 ) (-592 436 256 ) (-632 436 256 ) (-632 436 32 ) 
4 0 7 (-632 436 256 ) (-822 436 256 ) (-822 436 32 ) (-632 436 32 ) 
4 0 2 (-824 448 96 ) (-824 448 256 ) (-824 464 256 ) (-824 464 96 ) 
4 0 1 (-824 472 256 ) (-824 472 32 ) (-824 464 32 ) (-824 464 256 ) 
4 0 3 (-824 448 32 ) (-824 436 32 ) (-824 436 256 ) (-824 448 256 ) 
4 1 2 (-831 464 256 ) (-831 464 96 ) (-824 464 96 ) (-824 464 256 ) 
4 1 4 (-831 472 256 ) (-831 472 32 ) (-831 464 32 ) (-831 464 256 ) 
4 2 4 (-831 448 96 ) (-831 448 256 ) (-831 464 256 ) (-831 464 96 ) 
4 2 3 (-831 448 256 ) (-831 448 96 ) (-824 448 96 ) (-824 448 256 ) 
4 3 10 (-831 436 44 ) (-831 436 32 ) (-824 436 32 ) (-824 436 44 ) 
4 3 8 (-824 436 256 ) (-831 436 256 ) (-831 436 196 ) (-824 436 196 ) 
4 3 4 (-831 448 32 ) (-831 436 32 ) (-831 436 256 ) (-831 448 256 ) 
4 4 10 (-832 436 44 ) (-832 436 32 ) (-831 436 32 ) (-831 436 44 ) 
4 4 8 (-831 436 256 ) (-832 436 256 ) (-832 436 196 ) (-831 436 196 ) 
4 5 6 (-632 236 256 ) (-632 236 36 ) (-592 236 36 ) (-592 236 256 ) 
4 5 7 (-632 436 256 ) (-632 436 32 ) (-632 236 32 ) (-632 236 256 ) 
4 6 7 (-632 208 36 ) (-632 208 256 ) (-632 236 256 ) (-632 236 36 ) 
4 7 11 (-822 220 32 ) (-822 208 32 ) (-822 208 256 ) (-822 220 256 ) 
4 7 10 (-822 436 44 ) (-822 436 32 ) (-822 220 32 ) (-822 220 44 ) 
4 7 9 (-822 432 48 ) (-822 224 48 ) (-822 224 192 ) (-822 432 192 ) 
4 7 8 (-822 436 256 ) (-822 436 196 ) (-822 220 196 ) (-822 220 256 ) 
4 8 11 (-822 220 196 ) (-822 220 256 ) (-832 220 256 ) (-832 220 196 ) 
4 10 11 (-822 220 32 ) (-822 220 44 ) (-832 220 44 ) (-832 220 32 ) 
4 12 13 (-714 176 258 ) (-714 176 72 ) (-714 80 72 ) (-714 80 258 ) 
4 13 14 (-832 80 72 ) (-832 80 258 ) (-832 176 258 ) (-832 176 72 ) 
