PRT1
22
40
4 0 2 (3965.909912 0 126.214996 ) (3072 0 126.214996 ) (3072 0 -41.542599 ) (3965.909912 0 -41.542599 ) 
4 0 1 (3072 0 -41.542599 ) (3072 0 126.214996 ) (3072 440.399994 126.214996 ) (3072 440.399994 -41.542599 ) 
4 1 4 (2048 0 -41.542599 ) (2048 0 126.214996 ) (2048 440.399994 126.214996 ) (2048 440.399994 -41.542599 ) 
4 1 3 (3072 0 -41.542599 ) (3072 0 126.214996 ) (2048 0 126.214996 ) (2048 0 -41.542599 ) 
4 2 3 (3072 0 126.214996 ) (3072 0 -41.542599 ) (3072 -760.400085 -41.542599 ) (3072 -760.400085 126.214996 ) 
4 3 13 (2048 -760.400085 126.214996 ) (2048 0 126.214996 ) (2048 0 -41.542599 ) (2048 -760.400085 -41.542599 ) 
4 4 13 (2048 0 -41.542599 ) (2048 0 126.214996 ) (1024 0 126.214996 ) (1024 0 -41.542599 ) 
4 4 5 (1024 0 -41.542599 ) (1024 0 126.214996 ) (1024 440.399994 126.214996 ) (1024 440.399994 -41.542599 ) 
4 5 14 (1024 0 -41.542599 ) (1024 0 126.214996 ) (0 0 126.214996 ) (0 0 -41.542599 ) 
4 5 6 (0 0 -41.542599 ) (0 0 126.214996 ) (0 440.399994 126.214996 ) (0 440.399994 -41.542599 ) 
4 6 15 (0 0 -41.542599 ) (0 0 126.214996 ) (-314 0 126.214996 ) (-314 0 -41.542599 ) 
4 6 11 (-192 0 -41.542599 ) (-194 0 -41.542599 ) (-194 440.399994 -41.542599 ) (-192 440.399994 -41.542599 ) 
4 6 12 (-194 0 -41.542599 ) (-314 0 -41.542599 ) (-314 440.399994 -41.542599 ) (-194 440.399994 -41.542599 ) 
4 6 8 (-314 0 -2.082030 ) (-314 0 126.214996 ) (-314 440 126.214996 ) (-314 440 -2.082030 ) 
4 6 9 (-314 440 -41.542599 ) (-314 0 -41.542599 ) (-314 0 -41.082001 ) (-314 440 -41.082001 ) 
4 6 7 (-314 440.399994 126.214996 ) (-314 440.399994 -41.542599 ) (-314 440 -41.542599 ) (-314 440 126.214996 ) 
4 7 8 (-336 440 126.214996 ) (-336 440 -2.082030 ) (-314 440 -2.082030 ) (-314 440 126.214996 ) 
4 7 9 (-336 440 -41.082001 ) (-336 440 -41.542599 ) (-314 440 -41.542599 ) (-314 440 -41.082001 ) 
4 7 10 (-336 440.399994 126.214996 ) (-336 440.399994 -41.542599 ) (-336 440 -41.542599 ) (-336 440 126.214996 ) 
4 8 16 (-314 0 126.214996 ) (-336 0 126.214996 ) (-336 0 -2.082030 ) (-314 0 -2.082030 ) 
4 8 10 (-336 0 -2.082030 ) (-336 0 126.214996 ) (-336 440 126.214996 ) (-336 440 -2.082030 ) 
4 9 17 (-336 0 -41.082001 ) (-336 0 -41.542599 ) (-314 0 -41.542599 ) (-314 0 -41.082001 ) 
4 9 10 (-336 440 -41.542599 ) (-336 0 -41.542599 ) (-336 0 -41.082001 ) (-336 440 -41.082001 ) 
4 10 19 (-336 0 126.214996 ) (-445.909027 0 126.214996 ) (-445.909027 0 -41.542599 ) (-336 0 -41.542599 ) 
4 11 20 (-192 0 -41.779598 ) (-192 0 -41.542599 ) (-194 0 -41.542599 ) (-194 0 -41.779598 ) 
4 11 12 (-194 441 -41.542599 ) (-194 441 -41.779598 ) (-194 0 -41.779598 ) (-194 0 -41.542599 ) 
4 12 21 (-194 0 -41.542599 ) (-314 0 -41.542599 ) (-314 0 -125.771011 ) (-194 0 -125.771011 ) 
4 13 14 (1024 0 126.214996 ) (1024 0 -41.542599 ) (1024 -760.400085 -41.542599 ) (1024 -760.400085 126.214996 ) 
4 14 15 (0 0 126.214996 ) (0 0 -41.542599 ) (0 -760.400085 -41.542599 ) (0 -760.400085 126.214996 ) 
4 15 20 (-194 0 -41.542599 ) (-192 0 -41.542599 ) (-192 -760.400085 -41.542599 ) (-194 -760.400085 -41.542599 ) 
4 15 21 (-314 0 -41.542599 ) (-194 0 -41.542599 ) (-194 -760.400085 -41.542599 ) (-314 -760.400085 -41.542599 ) 
4 15 16 (-314 -760 -2.082030 ) (-314 -760 126.214996 ) (-314 0 126.214996 ) (-314 0 -2.082030 ) 
4 15 17 (-314 0 -41.542599 ) (-314 -760 -41.542599 ) (-314 -760 -41.082001 ) (-314 0 -41.082001 ) 
4 15 18 (-314 -760 -41.542599 ) (-314 -760.400085 -41.542599 ) (-314 -760.400085 126.214996 ) (-314 -760 126.214996 ) 
4 16 19 (-336 -760 -2.082030 ) (-336 -760 126.214996 ) (-336 0 126.214996 ) (-336 0 -2.082030 ) 
4 16 18 (-336 -760 126.214996 ) (-336 -760 -2.082030 ) (-314 -760 -2.082030 ) (-314 -760 126.214996 ) 
4 17 18 (-336 -760 -41.082001 ) (-336 -760 -41.542599 ) (-314 -760 -41.542599 ) (-314 -760 -41.082001 ) 
4 17 19 (-336 0 -41.542599 ) (-336 -760 -41.542599 ) (-336 -760 -41.082001 ) (-336 0 -41.082001 ) 
4 18 19 (-336 -760 -41.542599 ) (-336 -760.400085 -41.542599 ) (-336 -760.400085 126.214996 ) (-336 -760 126.214996 ) 
4 20 21 (-194 -761 -41.779598 ) (-194 -761 -41.542599 ) (-194 0 -41.542599 ) (-194 0 -41.779598 ) 
