


materialPath: D:\Steam\steamapps\common\Counter-Strike Global Offensive\csgo\materials
Loading D:\Desktop\csgo\hammer maps\AWP aim training 2\awp_aim_training_2.vmf
Map revision 70
Material not found!: 
fixing up env_cubemap materials on brush sides...
0...1...2...3...4...5...6...7...8...9...100...1...2...3...4...5...6...7...8...9...10Processing areas...done (0)
Building Faces...done (0)
FixTjuncs...
PruneNodes...
WriteBSP...
done (0)
writing D:\Desktop\csgo\hammer maps\AWP aim training 2\awp_aim_training_2.prt...Building visibility clusters...
AutoVisClustering (threshold=-1) matched 0 leafs.
done (0)
Finding displacement neighbors...
Finding lightmap sample positions...
Displacement Alpha : 0...1...2...3...4...5...6...7...8...9...10
Building Physics collision data...
done (1) (28712 bytes)
Placing detail props : 0...1...2...3...4...5...6...7...8...9...10
Compacting texture/material tables...
Reduced 107 texinfos to 89
Reduced 5 texdatas to 5 (110 bytes to 110)
Writing D:\Desktop\csgo\hammer maps\AWP aim training 2\awp_aim_training_2.bsp
MSG_FILEWRITE - Filesystem was asked to write to 'd:\desktop\csgo\hammer maps\awp aim training 2\awp_aim_training_2.bsp', but we don't own that location. Allowing...
1 second elapsed



4 threads
reading d:\desktop\csgo\hammer maps\awp aim training 2\awp_aim_training_2.bsp
reading d:\desktop\csgo\hammer maps\awp aim training 2\awp_aim_training_2.prt
  29 portalclusters
  63 numportals
0...1...2...3...4...5...6...7...8...9...100...1...2...3...4...5...6...7...8...9...10Optimized: 0 visible clusters (0.00%)
Total clusters visible: 765
Average clusters visible: 26
Building PAS...
Average clusters audible: 29
visdatasize:468  compressed from 464
writing d:\desktop\csgo\hammer maps\awp aim training 2\awp_aim_training_2.bsp
MSG_FILEWRITE - Filesystem was asked to write to 'd:\desktop\csgo\hammer maps\awp aim training 2\awp_aim_training_2.bsp', but we don't own that location. Allowing...
0 seconds elapsed



[Reading texlights from 'lights.rad']
[17 texlights parsed from 'lights.rad']

Loading d:\desktop\csgo\hammer maps\awp aim training 2\awp_aim_training_2.bsp
397 faces
188609 square feet [27159760.00 square inches]
0 Displacements
0 Square Feet [0.00 Square Inches]
397 patches before subdivision
zero area child patch
zero area child patch
zero area child patch
9699 patches after subdivision
0 direct lights
0...1... warning - face vectors parallel to face normal. bad lighting will be produced
2 warning - face vectors parallel to face normal. bad lighting will be produced
 warning - face vectors parallel to face normal. bad lighting will be produced
. warning - face vectors parallel to face normal. bad lighting will be produced
 warning - face vectors parallel to face normal. bad lighting will be produced
 warning - face vectors parallel to face normal. bad lighting will be produced
 warning - face vectors parallel to face normal. bad lighting will be produced
..3...4. warning - face vectors parallel to face normal. bad lighting will be produced
 warning - face vectors parallel to face normal. bad lighting will be produced
 warning - face vectors parallel to face normal. bad lighting will be produced
 warning - face vectors parallel to face normal. bad lighting will be produced
 warning - face vectors parallel to face normal. bad lighting will be produced
 warning - face vectors parallel to face normal. bad lighting will be produced
. warning - face vectors parallel to face normal. bad lighting will be produced
. warning - face vectors parallel to face normal. bad lighting will be produced
5...6...7...8...9...100...1...2...3...4...5...6...7...8...9...10transfers 1410891, max 423
transfer lists:  10.8 megs
0...1...2...3...4...5...6...7...8...9...10	Bounce #1 added RGB(0, 0, 0)
Build Patch/Sample Hash Table(s).....Done<0.0022 sec>
0...1... warning - face vectors parallel to face normal. bad lighting will be produced
 warning - face vectors parallel to face normal. bad lighting will be produced
2 warning - face vectors parallel to face normal. bad lighting will be produced
 warning - face vectors parallel to face normal. bad lighting will be produced
 warning - face vectors parallel to face normal. bad lighting will be produced
. warning - face vectors parallel to face normal. bad lighting will be produced
SampleRadial: Punting, Waiting for fix
 warning - face vectors parallel to face normal. bad lighting will be produced
 warning - face vectors parallel to face normal. bad lighting will be produced
 warning - face vectors parallel to face normal. bad lighting will be produced
 warning - face vectors parallel to face normal. bad lighting will be produced
 warning - face vectors parallel to face normal. bad lighting will be produced
 warning - face vectors parallel to face normal. bad lighting will be produced
 warning - face vectors parallel to face normal. bad lighting will be produced
 warning - face vectors parallel to face normal. bad lighting will be produced
 warning - face vectors parallel to face normal. bad lighting will be produced
 warning - face vectors parallel to face normal. bad lighting will be produced
 warning - face vectors parallel to face normal. bad lighting will be produced
 warning - face vectors parallel to face normal. bad lighting will be produced
 warning - face vectors parallel to face normal. bad lighting will be produced
 warning - face vectors parallel to face normal. bad lighting will be produced
. warning - face vectors parallel to face normal. bad lighting will be produced
 warning - face vectors parallel to face normal. bad lighting will be produced
 warning - face vectors parallel to face normal. bad lighting will be produced
 warning - face vectors parallel to face normal. bad lighting will be produced
 warning - face vectors parallel to face normal. bad lighting will be produced
 warning - face vectors parallel to face normal. bad lighting will be produced
. warning - face vectors parallel to face normal. bad lighting will be produced
 warning - face vectors parallel to face normal. bad lighting will be produced
 warning - face vectors parallel to face normal. bad lighting will be produced
3...4. warning - face vectors parallel to face normal. bad lighting will be produced
 warning - face vectors parallel to face normal. bad lighting will be produced
 warning - face vectors parallel to face normal. bad lighting will be produced
 warning - face vectors parallel to face normal. bad lighting will be produced
 warning - face vectors parallel to face normal. bad lighting will be produced
 warning - face vectors parallel to face normal. bad lighting will be produced
 warning - face vectors parallel to face normal. bad lighting will be produced
 warning - face vectors parallel to face normal. bad lighting will be produced
 warning - face vectors parallel to face normal. bad lighting will be produced
 warning - face vectors parallel to face normal. bad lighting will be produced
 warning - face vectors parallel to face normal. bad lighting will be produced
 warning - face vectors parallel to face normal. bad lighting will be produced
 warning - face vectors parallel to face normal. bad lighting will be produced
 warning - face vectors parallel to face normal. bad lighting will be produced
 warning - face vectors parallel to face normal. bad lighting will be produced
 warning - face vectors parallel to face normal. bad lighting will be produced
 warning - face vectors parallel to face normal. bad lighting will be produced
 warning - face vectors parallel to face normal. bad lighting will be produced
 warning - face vectors parallel to face normal. bad lighting will be produced
 warning - face vectors parallel to face normal. bad lighting will be produced
 warning - face vectors parallel to face normal. bad lighting will be produced
 warning - face vectors parallel to face normal. bad lighting will be produced
 warning - face vectors parallel to face normal. bad lighting will be produced
. warning - face vectors parallel to face normal. bad lighting will be produced
 warning - face vectors parallel to face normal. bad lighting will be produced
 warning - face vectors parallel to face normal. bad lighting will be produced
 warning - face vectors parallel to face normal. bad lighting will be produced
 warning - face vectors parallel to face normal. bad lighting will be produced
 warning - face vectors parallel to face normal. bad lighting will be produced
 warning - face vectors parallel to face normal. bad lighting will be produced
 warning - face vectors parallel to face normal. bad lighting will be produced
 warning - face vectors parallel to face normal. bad lighting will be produced
 warning - face vectors parallel to face normal. bad lighting will be produced
 warning - face vectors parallel to face normal. bad lighting will be produced
. warning - face vectors parallel to face normal. bad lighting will be produced
5 warning - face vectors parallel to face normal. bad lighting will be produced
. warning - face vectors parallel to face normal. bad lighting will be produced
..6...7...8...9...10FinalLightFace Done
0 of 0 (0% of) surface lights went in leaf ambient cubes.
0...1...2...3...4...5...6...7...8...9...10Writing leaf ambient...done
Ready to Finish

Object names       Objects/Maxobjs  Memory / Maxmem  Fullness 
------------       ---------------  ---------------  -------- 
models                  36/1024         1728/49152    ( 3.5%) 
brushes                 60/8192          720/98304    ( 0.7%) 
brushsides             360/81920        2880/655360   ( 0.4%) 
planes                 376/65536        7520/1310720  ( 0.6%) 
vertexes               564/65536        6768/786432   ( 0.9%) 
nodes                  309/65536        9888/2097152  ( 0.5%) 
texinfos                89/12288        6408/884736   ( 0.7%) 
texdata                  5/4096          160/131072   ( 0.1%) 
dispinfos                0/0               0/0        ( 0.0%) 
disp_verts               0/0               0/0        ( 0.0%) 
disp_tris                0/0               0/0        ( 0.0%) 
disp_multiblend          0/0               0/0        ( 0.0%) 
disp_lmsamples           0/0               0/0        ( 0.0%) 
faces                  397/65536       22232/3670016  ( 0.6%) 
hdr faces                0/65536           0/3670016  ( 0.0%) 
origfaces              248/65536       13888/3670016  ( 0.4%) 
facebrushes              3/0               6/0        ( 0.0%) 
facebrushlists         397/0            1588/0        ( 0.0%) 
leaves                 346/65536       11072/2097152  ( 0.5%) 
leaffaces              408/65536         816/131072   ( 0.6%) 
leafbrushes            190/65536         380/131072   ( 0.3%) 
areas                    2/1024           16/8192     ( 0.2%) 
surfedges             2663/512000      10652/2048000  ( 0.5%) 
edges                 1390/256000       5560/1024000  ( 0.5%) 
LDR worldlights          0/8192            0/819200   ( 0.0%) 
HDR worldlights          0/8192            0/819200   ( 0.0%) 
leafwaterdata            0/32768           0/393216   ( 0.0%) 
waterstrips             10/32768         100/327680   ( 0.0%) 
waterverts               0/65536           0/786432   ( 0.0%) 
waterindices           138/65536         276/131072   ( 0.2%) 
cubemapsamples           0/1024            0/16384    ( 0.0%) 
overlays                 0/1024            0/360448   ( 0.0%) 
LDR lightdata         [variable]      507716/0        ( 0.0%) 
HDR lightdata         [variable]           0/0        ( 0.0%) 
visdata               [variable]         468/16777216 ( 0.0%) 
entdata               [variable]      143620/393216   (36.5%) 
LDR ambient table      346/65536        1384/262144   ( 0.5%) 
HDR ambient table      346/65536        1384/262144   ( 0.5%) 
LDR leaf ambient      1384/65536       38752/1835008  ( 2.1%) 
HDR leaf ambient       346/65536        9688/1835008  ( 0.5%) 
occluders                0/0               0/0        ( 0.0%) 
occluder polygons        0/0               0/0        ( 0.0%) 
occluder vert ind        0/0               0/0        ( 0.0%) 
detail props          [variable]           1/12       ( 8.3%) 
static props          [variable]           1/12       ( 8.3%) 
pakfile               [variable]       74470/0        ( 0.0%) 
physics               [variable]       28712/4194304  ( 0.7%) 
physics terrain       [variable]           2/1048576  ( 0.0%) 

Level flags = 7c

Total triangle count: 877
Writing d:\desktop\csgo\hammer maps\awp aim training 2\awp_aim_training_2.bsp
MSG_FILEWRITE - Filesystem was asked to write to 'd:\desktop\csgo\hammer maps\awp aim training 2\awp_aim_training_2.bsp', but we don't own that location. Allowing...
0 seconds elapsed



materialPath: D:\Steam\steamapps\common\Counter-Strike Global Offensive\csgo\materials
Loading D:\Desktop\csgo\hammer maps\AWP aim training 2\awp_aim_training_2.vmf
Map revision 92
Material not found!: 
fixing up env_cubemap materials on brush sides...
0...1...2...3...4...5...6...7...8...9...100...1...2...3...4...5...6...7...8...9...10Processing areas...done (0)
Building Faces...done (0)
Chop Details...done (0)
Find Visible Detail Sides...done (0)
Merging details...done (0)
FixTjuncs...
PruneNodes...
WriteBSP...
done (0)
writing D:\Desktop\csgo\hammer maps\AWP aim training 2\awp_aim_training_2.prt...Building visibility clusters...
AutoVisClustering (threshold=-1) matched 0 leafs.
done (0)
Finding displacement neighbors...
Finding lightmap sample positions...
Displacement Alpha : 0...1...2...3...4...5...6...7...8...9...10
Building Physics collision data...
done (1) (11419 bytes)
Placing detail props : 0...1...2...3...4...5...6...7...8...9...10
Compacting texture/material tables...
Reduced 39 texinfos to 26
Reduced 6 texdatas to 6 (119 bytes to 119)
Writing D:\Desktop\csgo\hammer maps\AWP aim training 2\awp_aim_training_2.bsp
MSG_FILEWRITE - Filesystem was asked to write to 'd:\desktop\csgo\hammer maps\awp aim training 2\awp_aim_training_2.bsp', but we don't own that location. Allowing...
1 second elapsed



4 threads
reading d:\desktop\csgo\hammer maps\awp aim training 2\awp_aim_training_2.bsp
reading d:\desktop\csgo\hammer maps\awp aim training 2\awp_aim_training_2.prt
  22 portalclusters
  40 numportals
0...1...2...3...4...5...6...7...8...9...100...1...2...3...4...5...6...7...8...9...10Optimized: 0 visible clusters (0.00%)
Total clusters visible: 476
Average clusters visible: 21
Building PAS...
Average clusters audible: 22
visdatasize:312  compressed from 352
writing d:\desktop\csgo\hammer maps\awp aim training 2\awp_aim_training_2.bsp
MSG_FILEWRITE - Filesystem was asked to write to 'd:\desktop\csgo\hammer maps\awp aim training 2\awp_aim_training_2.bsp', but we don't own that location. Allowing...
0 seconds elapsed



[Reading texlights from 'lights.rad']
[17 texlights parsed from 'lights.rad']

Loading d:\desktop\csgo\hammer maps\awp aim training 2\awp_aim_training_2.bsp
153 faces
176648 square feet [25437316.00 square inches]
0 Displacements
0 Square Feet [0.00 Square Inches]
153 patches before subdivision
zero area child patch
zero area child patch
5767 patches after subdivision
2 direct lights
0...1...2...3... warning - face vectors parallel to face normal. bad lighting will be produced
 warning - face vectors parallel to face normal. bad lighting will be produced
4 warning - face vectors parallel to face normal. bad lighting will be produced
 warning - face vectors parallel to face normal. bad lighting will be produced
...5...6... warning - face vectors parallel to face normal. bad lighting will be produced
7 warning - face vectors parallel to face normal. bad lighting will be produced
. warning - face vectors parallel to face normal. bad lighting will be produced
 warning - face vectors parallel to face normal. bad lighting will be produced
 warning - face vectors parallel to face normal. bad lighting will be produced
 warning - face vectors parallel to face normal. bad lighting will be produced
..8...9...100...1...2...3...4...5...6...7...8...9...10transfers 312519, max 326
transfer lists:   2.4 megs
0...1...2...3...4...5...6...7...8...9...10	Bounce #1 added RGB(4007, 1445, 457)
0...1...2...3...4...5...6...7...8...9...10	Bounce #2 added RGB(275, 83, 11)
0...1...2...3...4...5...6...7...8...9...10	Bounce #3 added RGB(38, 5, 0)
0...1...2...3...4...5...6...7...8...9...10	Bounce #4 added RGB(3, 0, 0)
0...1...2...3...4...5...6...7...8...9...10	Bounce #5 added RGB(0, 0, 0)
Build Patch/Sample Hash Table(s).....Done<0.0014 sec>
0...1...2...3... warning - face vectors parallel to face normal. bad lighting will be produced
4 warning - face vectors parallel to face normal. bad lighting will be produced
 warning - face vectors parallel to face normal. bad lighting will be produced
 warning - face vectors parallel to face normal. bad lighting will be produced
 warning - face vectors parallel to face normal. bad lighting will be produced
 warning - face vectors parallel to face normal. bad lighting will be produced
 warning - face vectors parallel to face normal. bad lighting will be produced
 warning - face vectors parallel to face normal. bad lighting will be produced
 warning - face vectors parallel to face normal. bad lighting will be produced
 warning - face vectors parallel to face normal. bad lighting will be produced
 warning - face vectors parallel to face normal. bad lighting will be produced
SampleRadial: Punting, Waiting for fix
SampleRadial: Punting, Waiting for fix
 warning - face vectors parallel to face normal. bad lighting will be produced
. warning - face vectors parallel to face normal. bad lighting will be produced
 warning - face vectors parallel to face normal. bad lighting will be produced
..5...6... warning - face vectors parallel to face normal. bad lighting will be produced
7 warning - face vectors parallel to face normal. bad lighting will be produced
 warning - face vectors parallel to face normal. bad lighting will be produced
 warning - face vectors parallel to face normal. bad lighting will be produced
 warning - face vectors parallel to face normal. bad lighting will be produced
 warning - face vectors parallel to face normal. bad lighting will be produced
 warning - face vectors parallel to face normal. bad lighting will be produced
 warning - face vectors parallel to face normal. bad lighting will be produced
 warning - face vectors parallel to face normal. bad lighting will be produced
. warning - face vectors parallel to face normal. bad lighting will be produced
 warning - face vectors parallel to face normal. bad lighting will be produced
 warning - face vectors parallel to face normal. bad lighting will be produced
 warning - face vectors parallel to face normal. bad lighting will be produced
 warning - face vectors parallel to face normal. bad lighting will be produced
 warning - face vectors parallel to face normal. bad lighting will be produced
 warning - face vectors parallel to face normal. bad lighting will be produced
 warning - face vectors parallel to face normal. bad lighting will be produced
 warning - face vectors parallel to face normal. bad lighting will be produced
 warning - face vectors parallel to face normal. bad lighting will be produced
. warning - face vectors parallel to face normal. bad lighting will be produced
 warning - face vectors parallel to face normal. bad lighting will be produced
 warning - face vectors parallel to face normal. bad lighting will be produced
 warning - face vectors parallel to face normal. bad lighting will be produced
.8 warning - face vectors parallel to face normal. bad lighting will be produced
...9...10FinalLightFace Done
0 of 0 (0% of) surface lights went in leaf ambient cubes.
0...1...2...3...4...5...6...7...8...9...10Writing leaf ambient...done
Ready to Finish

Object names       Objects/Maxobjs  Memory / Maxmem  Fullness 
------------       ---------------  ---------------  -------- 
models                   7/1024          336/49152    ( 0.7%) 
brushes                 26/8192          312/98304    ( 0.3%) 
brushsides             156/81920        1248/655360   ( 0.2%) 
planes                 214/65536        4280/1310720  ( 0.3%) 
vertexes               241/65536        2892/786432   ( 0.4%) 
nodes                  111/65536        3552/2097152  ( 0.2%) 
texinfos                26/12288        1872/884736   ( 0.2%) 
texdata                  6/4096          192/131072   ( 0.1%) 
dispinfos                0/0               0/0        ( 0.0%) 
disp_verts               0/0               0/0        ( 0.0%) 
disp_tris                0/0               0/0        ( 0.0%) 
disp_multiblend          0/0               0/0        ( 0.0%) 
disp_lmsamples           0/0               0/0        ( 0.0%) 
faces                  153/65536        8568/3670016  ( 0.2%) 
hdr faces                0/65536           0/3670016  ( 0.0%) 
origfaces               59/65536        3304/3670016  ( 0.1%) 
facebrushes              0/0               0/0        ( 0.0%) 
facebrushlists         153/0             612/0        ( 0.0%) 
leaves                 119/65536        3808/2097152  ( 0.2%) 
leaffaces              171/65536         342/131072   ( 0.3%) 
leafbrushes            129/65536         258/131072   ( 0.2%) 
areas                    2/1024           16/8192     ( 0.2%) 
surfedges              909/512000       3636/2048000  ( 0.2%) 
edges                  494/256000       1976/1024000  ( 0.2%) 
LDR worldlights          2/8192          200/819200   ( 0.0%) 
HDR worldlights          0/8192            0/819200   ( 0.0%) 
leafwaterdata            0/32768           0/393216   ( 0.0%) 
waterstrips             10/32768         100/327680   ( 0.0%) 
waterverts               0/65536           0/786432   ( 0.0%) 
waterindices           135/65536         270/131072   ( 0.2%) 
cubemapsamples           0/1024            0/16384    ( 0.0%) 
overlays                 0/1024            0/360448   ( 0.0%) 
LDR lightdata         [variable]      274348/0        ( 0.0%) 
HDR lightdata         [variable]           0/0        ( 0.0%) 
visdata               [variable]         312/16777216 ( 0.0%) 
entdata               [variable]      135546/393216   (34.5%) 
LDR ambient table      119/65536         476/262144   ( 0.2%) 
HDR ambient table      119/65536         476/262144   ( 0.2%) 
LDR leaf ambient       518/65536       14504/1835008  ( 0.8%) 
HDR leaf ambient       119/65536        3332/1835008  ( 0.2%) 
occluders                0/0               0/0        ( 0.0%) 
occluder polygons        0/0               0/0        ( 0.0%) 
occluder vert ind        0/0               0/0        ( 0.0%) 
detail props          [variable]           1/12       ( 8.3%) 
static props          [variable]           1/12       ( 8.3%) 
pakfile               [variable]       74470/0        ( 0.0%) 
physics               [variable]       11419/4194304  ( 0.3%) 
physics terrain       [variable]           2/1048576  ( 0.0%) 

Level flags = 7c

Total triangle count: 367
Writing d:\desktop\csgo\hammer maps\awp aim training 2\awp_aim_training_2.bsp
MSG_FILEWRITE - Filesystem was asked to write to 'd:\desktop\csgo\hammer maps\awp aim training 2\awp_aim_training_2.bsp', but we don't own that location. Allowing...
0 seconds elapsed



materialPath: D:\Steam\steamapps\common\Counter-Strike Global Offensive\csgo\materials
Loading D:\Desktop\csgo\hammer maps\AWP aim training 2\awp_aim_training_2.vmf
Map revision 93
Material not found!: 
fixing up env_cubemap materials on brush sides...
0...1...2...3...4...5...6...7...8...9...100...1...2...3...4...5...6...7...8...9...10Processing areas...done (0)
Building Faces...done (0)
Chop Details...done (0)
Find Visible Detail Sides...done (0)
Merging details...done (0)
FixTjuncs...
PruneNodes...
WriteBSP...
done (0)
writing D:\Desktop\csgo\hammer maps\AWP aim training 2\awp_aim_training_2.prt...Building visibility clusters...
AutoVisClustering (threshold=-1) matched 0 leafs.
done (0)
Finding displacement neighbors...
Finding lightmap sample positions...
Displacement Alpha : 0...1...2...3...4...5...6...7...8...9...10
Building Physics collision data...
done (1) (11419 bytes)
Placing detail props : 0...1...2...3...4...5...6...7...8...9...10
Compacting texture/material tables...
Reduced 39 texinfos to 26
Reduced 6 texdatas to 6 (119 bytes to 119)
Writing D:\Desktop\csgo\hammer maps\AWP aim training 2\awp_aim_training_2.bsp
MSG_FILEWRITE - Filesystem was asked to write to 'd:\desktop\csgo\hammer maps\awp aim training 2\awp_aim_training_2.bsp', but we don't own that location. Allowing...
1 second elapsed



4 threads
reading d:\desktop\csgo\hammer maps\awp aim training 2\awp_aim_training_2.bsp
reading d:\desktop\csgo\hammer maps\awp aim training 2\awp_aim_training_2.prt
  22 portalclusters
  40 numportals
0...1...2...3...4...5...6...7...8...9...100...1...2...3...4...5...6...7...8...9...10Optimized: 0 visible clusters (0.00%)
Total clusters visible: 476
Average clusters visible: 21
Building PAS...
Average clusters audible: 22
visdatasize:312  compressed from 352
writing d:\desktop\csgo\hammer maps\awp aim training 2\awp_aim_training_2.bsp
MSG_FILEWRITE - Filesystem was asked to write to 'd:\desktop\csgo\hammer maps\awp aim training 2\awp_aim_training_2.bsp', but we don't own that location. Allowing...
0 seconds elapsed



[Reading texlights from 'lights.rad']
[17 texlights parsed from 'lights.rad']

Loading d:\desktop\csgo\hammer maps\awp aim training 2\awp_aim_training_2.bsp
153 faces
176648 square feet [25437316.00 square inches]
0 Displacements
0 Square Feet [0.00 Square Inches]
153 patches before subdivision
zero area child patch
zero area child patch
5767 patches after subdivision
2 direct lights
0...1...2...3... warning - face vectors parallel to face normal. bad lighting will be produced
4 warning - face vectors parallel to face normal. bad lighting will be produced
 warning - face vectors parallel to face normal. bad lighting will be produced
 warning - face vectors parallel to face normal. bad lighting will be produced
...5...6... warning - face vectors parallel to face normal. bad lighting will be produced
7 warning - face vectors parallel to face normal. bad lighting will be produced
. warning - face vectors parallel to face normal. bad lighting will be produced
 warning - face vectors parallel to face normal. bad lighting will be produced
 warning - face vectors parallel to face normal. bad lighting will be produced
. warning - face vectors parallel to face normal. bad lighting will be produced
.8...9...100...1...2...3...4...5...6...7...8...9...10transfers 312519, max 326
transfer lists:   2.4 megs
0...1...2...3...4...5...6...7...8...9...10	Bounce #1 added RGB(4007, 1445, 457)
0...1...2...3...4...5...6...7...8...9...10	Bounce #2 added RGB(275, 83, 11)
0...1...2...3...4...5...6...7...8...9...10	Bounce #3 added RGB(38, 5, 0)
0...1...2...3...4...5...6...7...8...9...10	Bounce #4 added RGB(3, 0, 0)
0...1...2...3...4...5...6...7...8...9...10	Bounce #5 added RGB(0, 0, 0)
Build Patch/Sample Hash Table(s).....Done<0.0016 sec>
0...1...2...3... warning - face vectors parallel to face normal. bad lighting will be produced
 warning - face vectors parallel to face normal. bad lighting will be produced
 warning - face vectors parallel to face normal. bad lighting will be produced
 warning - face vectors parallel to face normal. bad lighting will be produced
 warning - face vectors parallel to face normal. bad lighting will be produced
4 warning - face vectors parallel to face normal. bad lighting will be produced
 warning - face vectors parallel to face normal. bad lighting will be produced
 warning - face vectors parallel to face normal. bad lighting will be produced
 warning - face vectors parallel to face normal. bad lighting will be produced
 warning - face vectors parallel to face normal. bad lighting will be produced
SampleRadial: Punting, Waiting for fix
 warning - face vectors parallel to face normal. bad lighting will be produced
.SampleRadial: Punting, Waiting for fix
 warning - face vectors parallel to face normal. bad lighting will be produced
. warning - face vectors parallel to face normal. bad lighting will be produced
 warning - face vectors parallel to face normal. bad lighting will be produced
.5...6...7 warning - face vectors parallel to face normal. bad lighting will be produced
 warning - face vectors parallel to face normal. bad lighting will be produced
 warning - face vectors parallel to face normal. bad lighting will be produced
 warning - face vectors parallel to face normal. bad lighting will be produced
 warning - face vectors parallel to face normal. bad lighting will be produced
 warning - face vectors parallel to face normal. bad lighting will be produced
. warning - face vectors parallel to face normal. bad lighting will be produced
 warning - face vectors parallel to face normal. bad lighting will be produced
 warning - face vectors parallel to face normal. bad lighting will be produced
 warning - face vectors parallel to face normal. bad lighting will be produced
 warning - face vectors parallel to face normal. bad lighting will be produced
 warning - face vectors parallel to face normal. bad lighting will be produced
 warning - face vectors parallel to face normal. bad lighting will be produced
 warning - face vectors parallel to face normal. bad lighting will be produced
 warning - face vectors parallel to face normal. bad lighting will be produced
 warning - face vectors parallel to face normal. bad lighting will be produced
 warning - face vectors parallel to face normal. bad lighting will be produced
 warning - face vectors parallel to face normal. bad lighting will be produced
. warning - face vectors parallel to face normal. bad lighting will be produced
. warning - face vectors parallel to face normal. bad lighting will be produced
 warning - face vectors parallel to face normal. bad lighting will be produced
 warning - face vectors parallel to face normal. bad lighting will be produced
 warning - face vectors parallel to face normal. bad lighting will be produced
 warning - face vectors parallel to face normal. bad lighting will be produced
8...9...10FinalLightFace Done
0 of 0 (0% of) surface lights went in leaf ambient cubes.
0...1...2...3...4...5...6...7...8...9...10Writing leaf ambient...done
Ready to Finish

Object names       Objects/Maxobjs  Memory / Maxmem  Fullness 
------------       ---------------  ---------------  -------- 
models                   7/1024          336/49152    ( 0.7%) 
brushes                 26/8192          312/98304    ( 0.3%) 
brushsides             156/81920        1248/655360   ( 0.2%) 
planes                 214/65536        4280/1310720  ( 0.3%) 
vertexes               241/65536        2892/786432   ( 0.4%) 
nodes                  111/65536        3552/2097152  ( 0.2%) 
texinfos                26/12288        1872/884736   ( 0.2%) 
texdata                  6/4096          192/131072   ( 0.1%) 
dispinfos                0/0               0/0        ( 0.0%) 
disp_verts               0/0               0/0        ( 0.0%) 
disp_tris                0/0               0/0        ( 0.0%) 
disp_multiblend          0/0               0/0        ( 0.0%) 
disp_lmsamples           0/0               0/0        ( 0.0%) 
faces                  153/65536        8568/3670016  ( 0.2%) 
hdr faces                0/65536           0/3670016  ( 0.0%) 
origfaces               59/65536        3304/3670016  ( 0.1%) 
facebrushes              0/0               0/0        ( 0.0%) 
facebrushlists         153/0             612/0        ( 0.0%) 
leaves                 119/65536        3808/2097152  ( 0.2%) 
leaffaces              171/65536         342/131072   ( 0.3%) 
leafbrushes            129/65536         258/131072   ( 0.2%) 
areas                    2/1024           16/8192     ( 0.2%) 
surfedges              909/512000       3636/2048000  ( 0.2%) 
edges                  494/256000       1976/1024000  ( 0.2%) 
LDR worldlights          2/8192          200/819200   ( 0.0%) 
HDR worldlights          0/8192            0/819200   ( 0.0%) 
leafwaterdata            0/32768           0/393216   ( 0.0%) 
waterstrips             10/32768         100/327680   ( 0.0%) 
waterverts               0/65536           0/786432   ( 0.0%) 
waterindices           135/65536         270/131072   ( 0.2%) 
cubemapsamples           0/1024            0/16384    ( 0.0%) 
overlays                 0/1024            0/360448   ( 0.0%) 
LDR lightdata         [variable]      274348/0        ( 0.0%) 
HDR lightdata         [variable]           0/0        ( 0.0%) 
visdata               [variable]         312/16777216 ( 0.0%) 
entdata               [variable]      135694/393216   (34.5%) 
LDR ambient table      119/65536         476/262144   ( 0.2%) 
HDR ambient table      119/65536         476/262144   ( 0.2%) 
LDR leaf ambient       518/65536       14504/1835008  ( 0.8%) 
HDR leaf ambient       119/65536        3332/1835008  ( 0.2%) 
occluders                0/0               0/0        ( 0.0%) 
occluder polygons        0/0               0/0        ( 0.0%) 
occluder vert ind        0/0               0/0        ( 0.0%) 
detail props          [variable]           1/12       ( 8.3%) 
static props          [variable]           1/12       ( 8.3%) 
pakfile               [variable]       74470/0        ( 0.0%) 
physics               [variable]       11419/4194304  ( 0.3%) 
physics terrain       [variable]           2/1048576  ( 0.0%) 

Level flags = 7c

Total triangle count: 367
Writing d:\desktop\csgo\hammer maps\awp aim training 2\awp_aim_training_2.bsp
MSG_FILEWRITE - Filesystem was asked to write to 'd:\desktop\csgo\hammer maps\awp aim training 2\awp_aim_training_2.bsp', but we don't own that location. Allowing...
0 seconds elapsed



materialPath: D:\Steam\steamapps\common\Counter-Strike Global Offensive\csgo\materials
Loading D:\Desktop\csgo\hammer maps\AWP aim training 2\awp_aim_training_2.vmf
Map revision 95
Material not found!: 
fixing up env_cubemap materials on brush sides...
0...1...2...3...4...5...6...7...8...9...100...1...2...3...4...5...6...7...8...9...10Processing areas...done (0)
Building Faces...done (0)
Chop Details...done (0)
Find Visible Detail Sides...done (0)
Merging details...done (0)
FixTjuncs...
PruneNodes...
WriteBSP...
done (0)
writing D:\Desktop\csgo\hammer maps\AWP aim training 2\awp_aim_training_2.prt...Building visibility clusters...
AutoVisClustering (threshold=-1) matched 0 leafs.
done (0)
Finding displacement neighbors...
Finding lightmap sample positions...
Displacement Alpha : 0...1...2...3...4...5...6...7...8...9...10
Building Physics collision data...
done (1) (11421 bytes)
Placing detail props : 0...1...2...3...4...5...6...7...8...9...10
Compacting texture/material tables...
Reduced 39 texinfos to 26
Reduced 6 texdatas to 6 (119 bytes to 119)
Writing D:\Desktop\csgo\hammer maps\AWP aim training 2\awp_aim_training_2.bsp
MSG_FILEWRITE - Filesystem was asked to write to 'd:\desktop\csgo\hammer maps\awp aim training 2\awp_aim_training_2.bsp', but we don't own that location. Allowing...
1 second elapsed



4 threads
reading d:\desktop\csgo\hammer maps\awp aim training 2\awp_aim_training_2.bsp
reading d:\desktop\csgo\hammer maps\awp aim training 2\awp_aim_training_2.prt
  22 portalclusters
  40 numportals
0...1...2...3...4...5...6...7...8...9...100...1...2...3...4...5...6...7...8...9...10Optimized: 0 visible clusters (0.00%)
Total clusters visible: 476
Average clusters visible: 21
Building PAS...
Average clusters audible: 22
visdatasize:312  compressed from 352
writing d:\desktop\csgo\hammer maps\awp aim training 2\awp_aim_training_2.bsp
MSG_FILEWRITE - Filesystem was asked to write to 'd:\desktop\csgo\hammer maps\awp aim training 2\awp_aim_training_2.bsp', but we don't own that location. Allowing...
0 seconds elapsed



[Reading texlights from 'lights.rad']
[17 texlights parsed from 'lights.rad']

Loading d:\desktop\csgo\hammer maps\awp aim training 2\awp_aim_training_2.bsp
153 faces
178219 square feet [25663620.00 square inches]
0 Displacements
0 Square Feet [0.00 Square Inches]
153 patches before subdivision
zero area child patch
zero area child patch
5767 patches after subdivision
10 direct lights
0...1...2...3... warning - face vectors parallel to face normal. bad lighting will be produced
 warning - face vectors parallel to face normal. bad lighting will be produced
4 warning - face vectors parallel to face normal. bad lighting will be produced
 warning - face vectors parallel to face normal. bad lighting will be produced
...5...6... warning - face vectors parallel to face normal. bad lighting will be produced
7 warning - face vectors parallel to face normal. bad lighting will be produced
. warning - face vectors parallel to face normal. bad lighting will be produced
 warning - face vectors parallel to face normal. bad lighting will be produced
 warning - face vectors parallel to face normal. bad lighting will be produced
 warning - face vectors parallel to face normal. bad lighting will be produced
..8...9...100...1...2...3...4...5...6...7...8...9...10transfers 312432, max 326
transfer lists:   2.4 megs
0...1...2...3...4...5...6...7...8...9...10	Bounce #1 added RGB(4612, 2038, 1051)
0...1...2...3...4...5...6...7...8...9...10	Bounce #2 added RGB(319, 124, 52)
0...1...2...3...4...5...6...7...8...9...10	Bounce #3 added RGB(42, 8, 3)
0...1...2...3...4...5...6...7...8...9...10	Bounce #4 added RGB(3, 1, 0)
0...1...2...3...4...5...6...7...8...9...10	Bounce #5 added RGB(0, 0, 0)
Build Patch/Sample Hash Table(s).....Done<0.0013 sec>
0...1...2...3... warning - face vectors parallel to face normal. bad lighting will be produced
 warning - face vectors parallel to face normal. bad lighting will be produced
4 warning - face vectors parallel to face normal. bad lighting will be produced
 warning - face vectors parallel to face normal. bad lighting will be produced
 warning - face vectors parallel to face normal. bad lighting will be produced
 warning - face vectors parallel to face normal. bad lighting will be produced
 warning - face vectors parallel to face normal. bad lighting will be produced
 warning - face vectors parallel to face normal. bad lighting will be produced
 warning - face vectors parallel to face normal. bad lighting will be produced
 warning - face vectors parallel to face normal. bad lighting will be produced
SampleRadial: Punting, Waiting for fix
 warning - face vectors parallel to face normal. bad lighting will be produced
 warning - face vectors parallel to face normal. bad lighting will be produced
. warning - face vectors parallel to face normal. bad lighting will be produced
. warning - face vectors parallel to face normal. bad lighting will be produced
.5...6...7 warning - face vectors parallel to face normal. bad lighting will be produced
 warning - face vectors parallel to face normal. bad lighting will be produced
 warning - face vectors parallel to face normal. bad lighting will be produced
 warning - face vectors parallel to face normal. bad lighting will be produced
 warning - face vectors parallel to face normal. bad lighting will be produced
. warning - face vectors parallel to face normal. bad lighting will be produced
 warning - face vectors parallel to face normal. bad lighting will be produced
 warning - face vectors parallel to face normal. bad lighting will be produced
 warning - face vectors parallel to face normal. bad lighting will be produced
 warning - face vectors parallel to face normal. bad lighting will be produced
 warning - face vectors parallel to face normal. bad lighting will be produced
 warning - face vectors parallel to face normal. bad lighting will be produced
 warning - face vectors parallel to face normal. bad lighting will be produced
 warning - face vectors parallel to face normal. bad lighting will be produced
 warning - face vectors parallel to face normal. bad lighting will be produced
 warning - face vectors parallel to face normal. bad lighting will be produced
 warning - face vectors parallel to face normal. bad lighting will be produced
. warning - face vectors parallel to face normal. bad lighting will be produced
 warning - face vectors parallel to face normal. bad lighting will be produced
 warning - face vectors parallel to face normal. bad lighting will be produced
. warning - face vectors parallel to face normal. bad lighting will be produced
8 warning - face vectors parallel to face normal. bad lighting will be produced
. warning - face vectors parallel to face normal. bad lighting will be produced
..9 warning - face vectors parallel to face normal. bad lighting will be produced
...10FinalLightFace Done
0 of 0 (0% of) surface lights went in leaf ambient cubes.
0...1...2...3...4...5...6...7...8...9...10Writing leaf ambient...done
Ready to Finish

Object names       Objects/Maxobjs  Memory / Maxmem  Fullness 
------------       ---------------  ---------------  -------- 
models                   7/1024          336/49152    ( 0.7%) 
brushes                 26/8192          312/98304    ( 0.3%) 
brushsides             156/81920        1248/655360   ( 0.2%) 
planes                 214/65536        4280/1310720  ( 0.3%) 
vertexes               241/65536        2892/786432   ( 0.4%) 
nodes                  111/65536        3552/2097152  ( 0.2%) 
texinfos                26/12288        1872/884736   ( 0.2%) 
texdata                  6/4096          192/131072   ( 0.1%) 
dispinfos                0/0               0/0        ( 0.0%) 
disp_verts               0/0               0/0        ( 0.0%) 
disp_tris                0/0               0/0        ( 0.0%) 
disp_multiblend          0/0               0/0        ( 0.0%) 
disp_lmsamples           0/0               0/0        ( 0.0%) 
faces                  153/65536        8568/3670016  ( 0.2%) 
hdr faces                0/65536           0/3670016  ( 0.0%) 
origfaces               59/65536        3304/3670016  ( 0.1%) 
facebrushes              0/0               0/0        ( 0.0%) 
facebrushlists         153/0             612/0        ( 0.0%) 
leaves                 119/65536        3808/2097152  ( 0.2%) 
leaffaces              171/65536         342/131072   ( 0.3%) 
leafbrushes            129/65536         258/131072   ( 0.2%) 
areas                    2/1024           16/8192     ( 0.2%) 
surfedges              909/512000       3636/2048000  ( 0.2%) 
edges                  494/256000       1976/1024000  ( 0.2%) 
LDR worldlights         10/8192         1000/819200   ( 0.1%) 
HDR worldlights          0/8192            0/819200   ( 0.0%) 
leafwaterdata            0/32768           0/393216   ( 0.0%) 
waterstrips             10/32768         100/327680   ( 0.0%) 
waterverts               0/65536           0/786432   ( 0.0%) 
waterindices           135/65536         270/131072   ( 0.2%) 
cubemapsamples           0/1024            0/16384    ( 0.0%) 
overlays                 0/1024            0/360448   ( 0.0%) 
LDR lightdata         [variable]      274348/0        ( 0.0%) 
HDR lightdata         [variable]           0/0        ( 0.0%) 
visdata               [variable]         312/16777216 ( 0.0%) 
entdata               [variable]      138985/393216   (35.3%) 
LDR ambient table      119/65536         476/262144   ( 0.2%) 
HDR ambient table      119/65536         476/262144   ( 0.2%) 
LDR leaf ambient       535/65536       14980/1835008  ( 0.8%) 
HDR leaf ambient       119/65536        3332/1835008  ( 0.2%) 
occluders                0/0               0/0        ( 0.0%) 
occluder polygons        0/0               0/0        ( 0.0%) 
occluder vert ind        0/0               0/0        ( 0.0%) 
detail props          [variable]           1/12       ( 8.3%) 
static props          [variable]           1/12       ( 8.3%) 
pakfile               [variable]       74470/0        ( 0.0%) 
physics               [variable]       11421/4194304  ( 0.3%) 
physics terrain       [variable]           2/1048576  ( 0.0%) 

Level flags = 7c

Total triangle count: 367
Writing d:\desktop\csgo\hammer maps\awp aim training 2\awp_aim_training_2.bsp
MSG_FILEWRITE - Filesystem was asked to write to 'd:\desktop\csgo\hammer maps\awp aim training 2\awp_aim_training_2.bsp', but we don't own that location. Allowing...
1 second elapsed



materialPath: D:\Steam\steamapps\common\Counter-Strike Global Offensive\csgo\materials
Loading D:\Desktop\csgo\hammer maps\AWP aim training 2\awp_aim_training_2.vmf
Map revision 96
Material not found!: 
fixing up env_cubemap materials on brush sides...
0...1...2...3...4...5...6...7...8...9...100...1...2...3...4...5...6...7...8...9...10Processing areas...done (0)
Building Faces...done (0)
Chop Details...done (0)
Find Visible Detail Sides...done (0)
Merging details...done (0)
FixTjuncs...
PruneNodes...
WriteBSP...
done (0)
writing D:\Desktop\csgo\hammer maps\AWP aim training 2\awp_aim_training_2.prt...Building visibility clusters...
AutoVisClustering (threshold=-1) matched 0 leafs.
done (0)
Finding displacement neighbors...
Finding lightmap sample positions...
Displacement Alpha : 0...1...2...3...4...5...6...7...8...9...10
Building Physics collision data...
done (1) (10387 bytes)
Placing detail props : 0...1...2...3...4...5...6...7...8...9...10
Compacting texture/material tables...
Reduced 36 texinfos to 28
Reduced 5 texdatas to 5 (104 bytes to 104)
Writing D:\Desktop\csgo\hammer maps\AWP aim training 2\awp_aim_training_2.bsp
MSG_FILEWRITE - Filesystem was asked to write to 'd:\desktop\csgo\hammer maps\awp aim training 2\awp_aim_training_2.bsp', but we don't own that location. Allowing...
1 second elapsed



4 threads
reading d:\desktop\csgo\hammer maps\awp aim training 2\awp_aim_training_2.bsp
reading d:\desktop\csgo\hammer maps\awp aim training 2\awp_aim_training_2.prt
  22 portalclusters
  40 numportals
0...1...2...3...4...5...6...7...8...9...100...1...2...3...4...5...6...7...8...9...10Optimized: 0 visible clusters (0.00%)
Total clusters visible: 476
Average clusters visible: 21
Building PAS...
Average clusters audible: 22
visdatasize:312  compressed from 352
writing d:\desktop\csgo\hammer maps\awp aim training 2\awp_aim_training_2.bsp
MSG_FILEWRITE - Filesystem was asked to write to 'd:\desktop\csgo\hammer maps\awp aim training 2\awp_aim_training_2.bsp', but we don't own that location. Allowing...
0 seconds elapsed



[Reading texlights from 'lights.rad']
[17 texlights parsed from 'lights.rad']

Loading d:\desktop\csgo\hammer maps\awp aim training 2\awp_aim_training_2.bsp
165 faces
178753 square feet [25740548.00 square inches]
0 Displacements
0 Square Feet [0.00 Square Inches]
165 patches before subdivision
zero area child patch
zero area child patch
5779 patches after subdivision
10 direct lights
0...1...2...3.. warning - face vectors parallel to face normal. bad lighting will be produced
 warning - face vectors parallel to face normal. bad lighting will be produced
. warning - face vectors parallel to face normal. bad lighting will be produced
 warning - face vectors parallel to face normal. bad lighting will be produced
4...5...6. warning - face vectors parallel to face normal. bad lighting will be produced
. warning - face vectors parallel to face normal. bad lighting will be produced
 warning - face vectors parallel to face normal. bad lighting will be produced
. warning - face vectors parallel to face normal. bad lighting will be produced
 warning - face vectors parallel to face normal. bad lighting will be produced
 warning - face vectors parallel to face normal. bad lighting will be produced
7...8...9...100...1...2...3...4...5...6...7...8...9...10transfers 313546, max 326
transfer lists:   2.4 megs
0...1...2...3...4...5...6...7...8...9...10	Bounce #1 added RGB(4642, 2049, 1055)
0...1...2...3...4...5...6...7...8...9...10	Bounce #2 added RGB(321, 125, 52)
0...1...2...3...4...5...6...7...8...9...10	Bounce #3 added RGB(42, 8, 3)
0...1...2...3...4...5...6...7...8...9...10	Bounce #4 added RGB(3, 1, 0)
0...1...2...3...4...5...6...7...8...9...10	Bounce #5 added RGB(0, 0, 0)
Build Patch/Sample Hash Table(s).....Done<0.0013 sec>
0...1...2...3.. warning - face vectors parallel to face normal. bad lighting will be produced
. warning - face vectors parallel to face normal. bad lighting will be produced
 warning - face vectors parallel to face normal. bad lighting will be produced
 warning - face vectors parallel to face normal. bad lighting will be produced
 warning - face vectors parallel to face normal. bad lighting will be produced
 warning - face vectors parallel to face normal. bad lighting will be produced
 warning - face vectors parallel to face normal. bad lighting will be produced
 warning - face vectors parallel to face normal. bad lighting will be produced
 warning - face vectors parallel to face normal. bad lighting will be produced
SampleRadial: Punting, Waiting for fix
SampleRadial: Punting, Waiting for fix
 warning - face vectors parallel to face normal. bad lighting will be produced
4 warning - face vectors parallel to face normal. bad lighting will be produced
 warning - face vectors parallel to face normal. bad lighting will be produced
. warning - face vectors parallel to face normal. bad lighting will be produced
. warning - face vectors parallel to face normal. bad lighting will be produced
.5...6. warning - face vectors parallel to face normal. bad lighting will be produced
 warning - face vectors parallel to face normal. bad lighting will be produced
. warning - face vectors parallel to face normal. bad lighting will be produced
 warning - face vectors parallel to face normal. bad lighting will be produced
 warning - face vectors parallel to face normal. bad lighting will be produced
 warning - face vectors parallel to face normal. bad lighting will be produced
 warning - face vectors parallel to face normal. bad lighting will be produced
 warning - face vectors parallel to face normal. bad lighting will be produced
 warning - face vectors parallel to face normal. bad lighting will be produced
 warning - face vectors parallel to face normal. bad lighting will be produced
 warning - face vectors parallel to face normal. bad lighting will be produced
 warning - face vectors parallel to face normal. bad lighting will be produced
. warning - face vectors parallel to face normal. bad lighting will be produced
 warning - face vectors parallel to face normal. bad lighting will be produced
 warning - face vectors parallel to face normal. bad lighting will be produced
 warning - face vectors parallel to face normal. bad lighting will be produced
 warning - face vectors parallel to face normal. bad lighting will be produced
 warning - face vectors parallel to face normal. bad lighting will be produced
 warning - face vectors parallel to face normal. bad lighting will be produced
 warning - face vectors parallel to face normal. bad lighting will be produced
 warning - face vectors parallel to face normal. bad lighting will be produced
 warning - face vectors parallel to face normal. bad lighting will be produced
7 warning - face vectors parallel to face normal. bad lighting will be produced
. warning - face vectors parallel to face normal. bad lighting will be produced
..8...9...10FinalLightFace Done
0 of 0 (0% of) surface lights went in leaf ambient cubes.
0...1...2...3...4...5...6...7...8...9...10Writing leaf ambient...done
Ready to Finish

Object names       Objects/Maxobjs  Memory / Maxmem  Fullness 
------------       ---------------  ---------------  -------- 
models                   9/1024          432/49152    ( 0.9%) 
brushes                 22/8192          264/98304    ( 0.3%) 
brushsides             132/81920        1056/655360   ( 0.2%) 
planes                 198/65536        3960/1310720  ( 0.3%) 
vertexes               257/65536        3084/786432   ( 0.4%) 
nodes                  123/65536        3936/2097152  ( 0.2%) 
texinfos                28/12288        2016/884736   ( 0.2%) 
texdata                  5/4096          160/131072   ( 0.1%) 
dispinfos                0/0               0/0        ( 0.0%) 
disp_verts               0/0               0/0        ( 0.0%) 
disp_tris                0/0               0/0        ( 0.0%) 
disp_multiblend          0/0               0/0        ( 0.0%) 
disp_lmsamples           0/0               0/0        ( 0.0%) 
faces                  165/65536        9240/3670016  ( 0.3%) 
hdr faces                0/65536           0/3670016  ( 0.0%) 
origfaces               71/65536        3976/3670016  ( 0.1%) 
facebrushes              0/0               0/0        ( 0.0%) 
facebrushlists         165/0             660/0        ( 0.0%) 
leaves                 133/65536        4256/2097152  ( 0.2%) 
leaffaces              183/65536         366/131072   ( 0.3%) 
leafbrushes             60/65536         120/131072   ( 0.1%) 
areas                    2/1024           16/8192     ( 0.2%) 
surfedges             1005/512000       4020/2048000  ( 0.2%) 
edges                  542/256000       2168/1024000  ( 0.2%) 
LDR worldlights         10/8192         1000/819200   ( 0.1%) 
HDR worldlights          0/8192            0/819200   ( 0.0%) 
leafwaterdata            0/32768           0/393216   ( 0.0%) 
waterstrips             10/32768         100/327680   ( 0.0%) 
waterverts               0/65536           0/786432   ( 0.0%) 
waterindices           135/65536         270/131072   ( 0.2%) 
cubemapsamples           0/1024            0/16384    ( 0.0%) 
overlays                 0/1024            0/360448   ( 0.0%) 
LDR lightdata         [variable]      274348/0        ( 0.0%) 
HDR lightdata         [variable]           0/0        ( 0.0%) 
visdata               [variable]         312/16777216 ( 0.0%) 
entdata               [variable]      139151/393216   (35.4%) 
LDR ambient table      133/65536         532/262144   ( 0.2%) 
HDR ambient table      133/65536         532/262144   ( 0.2%) 
LDR leaf ambient       599/65536       16772/1835008  ( 0.9%) 
HDR leaf ambient       133/65536        3724/1835008  ( 0.2%) 
occluders                0/0               0/0        ( 0.0%) 
occluder polygons        0/0               0/0        ( 0.0%) 
occluder vert ind        0/0               0/0        ( 0.0%) 
detail props          [variable]           1/12       ( 8.3%) 
static props          [variable]           1/12       ( 8.3%) 
pakfile               [variable]       74470/0        ( 0.0%) 
physics               [variable]       10387/4194304  ( 0.2%) 
physics terrain       [variable]           2/1048576  ( 0.0%) 

Level flags = 7c

Total triangle count: 391
Writing d:\desktop\csgo\hammer maps\awp aim training 2\awp_aim_training_2.bsp
MSG_FILEWRITE - Filesystem was asked to write to 'd:\desktop\csgo\hammer maps\awp aim training 2\awp_aim_training_2.bsp', but we don't own that location. Allowing...
1 second elapsed



materialPath: D:\Steam\steamapps\common\Counter-Strike Global Offensive\csgo\materials
Loading D:\Desktop\csgo\hammer maps\AWP aim training 2\awp_aim_training_2.vmf
Map revision 97
Material not found!: 
fixing up env_cubemap materials on brush sides...
0...1...2...3...4...5...6...7...8...9...100...1...2...3...4...5...6...7...8...9...10Processing areas...done (0)
Building Faces...done (0)
Chop Details...done (0)
Find Visible Detail Sides...done (0)
Merging details...done (0)
FixTjuncs...
PruneNodes...
WriteBSP...
done (0)
writing D:\Desktop\csgo\hammer maps\AWP aim training 2\awp_aim_training_2.prt...Building visibility clusters...
AutoVisClustering (threshold=-1) matched 0 leafs.
done (0)
Finding displacement neighbors...
Finding lightmap sample positions...
Displacement Alpha : 0...1...2...3...4...5...6...7...8...9...10
Building Physics collision data...
done (1) (10387 bytes)
Placing detail props : 0...1...2...3...4...5...6...7...8...9...10
Compacting texture/material tables...
Reduced 36 texinfos to 28
Reduced 5 texdatas to 5 (104 bytes to 104)
Writing D:\Desktop\csgo\hammer maps\AWP aim training 2\awp_aim_training_2.bsp
MSG_FILEWRITE - Filesystem was asked to write to 'd:\desktop\csgo\hammer maps\awp aim training 2\awp_aim_training_2.bsp', but we don't own that location. Allowing...
1 second elapsed



4 threads
reading d:\desktop\csgo\hammer maps\awp aim training 2\awp_aim_training_2.bsp
reading d:\desktop\csgo\hammer maps\awp aim training 2\awp_aim_training_2.prt
  22 portalclusters
  40 numportals
0...1...2...3...4...5...6...7...8...9...100...1...2...3...4...5...6...7...8...9...10Optimized: 0 visible clusters (0.00%)
Total clusters visible: 476
Average clusters visible: 21
Building PAS...
Average clusters audible: 22
visdatasize:312  compressed from 352
writing d:\desktop\csgo\hammer maps\awp aim training 2\awp_aim_training_2.bsp
MSG_FILEWRITE - Filesystem was asked to write to 'd:\desktop\csgo\hammer maps\awp aim training 2\awp_aim_training_2.bsp', but we don't own that location. Allowing...
0 seconds elapsed



[Reading texlights from 'lights.rad']
[17 texlights parsed from 'lights.rad']

Loading d:\desktop\csgo\hammer maps\awp aim training 2\awp_aim_training_2.bsp
165 faces
178753 square feet [25740548.00 square inches]
0 Displacements
0 Square Feet [0.00 Square Inches]
165 patches before subdivision
zero area child patch
zero area child patch
5779 patches after subdivision
10 direct lights
0...1...2...3.. warning - face vectors parallel to face normal. bad lighting will be produced
 warning - face vectors parallel to face normal. bad lighting will be produced
. warning - face vectors parallel to face normal. bad lighting will be produced
 warning - face vectors parallel to face normal. bad lighting will be produced
4...5...6. warning - face vectors parallel to face normal. bad lighting will be produced
. warning - face vectors parallel to face normal. bad lighting will be produced
 warning - face vectors parallel to face normal. bad lighting will be produced
. warning - face vectors parallel to face normal. bad lighting will be produced
 warning - face vectors parallel to face normal. bad lighting will be produced
 warning - face vectors parallel to face normal. bad lighting will be produced
7...8...9...100...1...2...3...4...5...6...7...8...9...10transfers 313546, max 326
transfer lists:   2.4 megs
0...1...2...3...4...5...6...7...8...9...10	Bounce #1 added RGB(4642, 2049, 1055)
0...1...2...3...4...5...6...7...8...9...10	Bounce #2 added RGB(321, 125, 52)
0...1...2...3...4...5...6...7...8...9...10	Bounce #3 added RGB(42, 8, 3)
0...1...2...3...4...5...6...7...8...9...10	Bounce #4 added RGB(3, 1, 0)
0...1...2...3...4...5...6...7...8...9...10	Bounce #5 added RGB(0, 0, 0)
Build Patch/Sample Hash Table(s).....Done<0.0013 sec>
0...1...2...3.. warning - face vectors parallel to face normal. bad lighting will be produced
. warning - face vectors parallel to face normal. bad lighting will be produced
 warning - face vectors parallel to face normal. bad lighting will be produced
 warning - face vectors parallel to face normal. bad lighting will be produced
 warning - face vectors parallel to face normal. bad lighting will be produced
 warning - face vectors parallel to face normal. bad lighting will be produced
 warning - face vectors parallel to face normal. bad lighting will be produced
 warning - face vectors parallel to face normal. bad lighting will be produced
 warning - face vectors parallel to face normal. bad lighting will be produced
 warning - face vectors parallel to face normal. bad lighting will be produced
 warning - face vectors parallel to face normal. bad lighting will be produced
 warning - face vectors parallel to face normal. bad lighting will be produced
SampleRadial: Punting, Waiting for fix
 warning - face vectors parallel to face normal. bad lighting will be produced
 warning - face vectors parallel to face normal. bad lighting will be produced
SampleRadial: Punting, Waiting for fix
4...5...6.. warning - face vectors parallel to face normal. bad lighting will be produced
 warning - face vectors parallel to face normal. bad lighting will be produced
 warning - face vectors parallel to face normal. bad lighting will be produced
 warning - face vectors parallel to face normal. bad lighting will be produced
 warning - face vectors parallel to face normal. bad lighting will be produced
 warning - face vectors parallel to face normal. bad lighting will be produced
 warning - face vectors parallel to face normal. bad lighting will be produced
. warning - face vectors parallel to face normal. bad lighting will be produced
 warning - face vectors parallel to face normal. bad lighting will be produced
 warning - face vectors parallel to face normal. bad lighting will be produced
 warning - face vectors parallel to face normal. bad lighting will be produced
 warning - face vectors parallel to face normal. bad lighting will be produced
 warning - face vectors parallel to face normal. bad lighting will be produced
 warning - face vectors parallel to face normal. bad lighting will be produced
 warning - face vectors parallel to face normal. bad lighting will be produced
 warning - face vectors parallel to face normal. bad lighting will be produced
 warning - face vectors parallel to face normal. bad lighting will be produced
 warning - face vectors parallel to face normal. bad lighting will be produced
 warning - face vectors parallel to face normal. bad lighting will be produced
 warning - face vectors parallel to face normal. bad lighting will be produced
 warning - face vectors parallel to face normal. bad lighting will be produced
7 warning - face vectors parallel to face normal. bad lighting will be produced
 warning - face vectors parallel to face normal. bad lighting will be produced
. warning - face vectors parallel to face normal. bad lighting will be produced
..8...9...10FinalLightFace Done
0 of 0 (0% of) surface lights went in leaf ambient cubes.
0...1...2...3...4...5...6...7...8...9...10Writing leaf ambient...done
Ready to Finish

Object names       Objects/Maxobjs  Memory / Maxmem  Fullness 
------------       ---------------  ---------------  -------- 
models                   9/1024          432/49152    ( 0.9%) 
brushes                 22/8192          264/98304    ( 0.3%) 
brushsides             132/81920        1056/655360   ( 0.2%) 
planes                 198/65536        3960/1310720  ( 0.3%) 
vertexes               257/65536        3084/786432   ( 0.4%) 
nodes                  123/65536        3936/2097152  ( 0.2%) 
texinfos                28/12288        2016/884736   ( 0.2%) 
texdata                  5/4096          160/131072   ( 0.1%) 
dispinfos                0/0               0/0        ( 0.0%) 
disp_verts               0/0               0/0        ( 0.0%) 
disp_tris                0/0               0/0        ( 0.0%) 
disp_multiblend          0/0               0/0        ( 0.0%) 
disp_lmsamples           0/0               0/0        ( 0.0%) 
faces                  165/65536        9240/3670016  ( 0.3%) 
hdr faces                0/65536           0/3670016  ( 0.0%) 
origfaces               71/65536        3976/3670016  ( 0.1%) 
facebrushes              0/0               0/0        ( 0.0%) 
facebrushlists         165/0             660/0        ( 0.0%) 
leaves                 133/65536        4256/2097152  ( 0.2%) 
leaffaces              183/65536         366/131072   ( 0.3%) 
leafbrushes             60/65536         120/131072   ( 0.1%) 
areas                    2/1024           16/8192     ( 0.2%) 
surfedges             1005/512000       4020/2048000  ( 0.2%) 
edges                  542/256000       2168/1024000  ( 0.2%) 
LDR worldlights         10/8192         1000/819200   ( 0.1%) 
HDR worldlights          0/8192            0/819200   ( 0.0%) 
leafwaterdata            0/32768           0/393216   ( 0.0%) 
waterstrips             10/32768         100/327680   ( 0.0%) 
waterverts               0/65536           0/786432   ( 0.0%) 
waterindices           135/65536         270/131072   ( 0.2%) 
cubemapsamples           0/1024            0/16384    ( 0.0%) 
overlays                 0/1024            0/360448   ( 0.0%) 
LDR lightdata         [variable]      274348/0        ( 0.0%) 
HDR lightdata         [variable]           0/0        ( 0.0%) 
visdata               [variable]         312/16777216 ( 0.0%) 
entdata               [variable]      139249/393216   (35.4%) 
LDR ambient table      133/65536         532/262144   ( 0.2%) 
HDR ambient table      133/65536         532/262144   ( 0.2%) 
LDR leaf ambient       599/65536       16772/1835008  ( 0.9%) 
HDR leaf ambient       133/65536        3724/1835008  ( 0.2%) 
occluders                0/0               0/0        ( 0.0%) 
occluder polygons        0/0               0/0        ( 0.0%) 
occluder vert ind        0/0               0/0        ( 0.0%) 
detail props          [variable]           1/12       ( 8.3%) 
static props          [variable]           1/12       ( 8.3%) 
pakfile               [variable]       74470/0        ( 0.0%) 
physics               [variable]       10387/4194304  ( 0.2%) 
physics terrain       [variable]           2/1048576  ( 0.0%) 

Level flags = 7c

Total triangle count: 391
Writing d:\desktop\csgo\hammer maps\awp aim training 2\awp_aim_training_2.bsp
MSG_FILEWRITE - Filesystem was asked to write to 'd:\desktop\csgo\hammer maps\awp aim training 2\awp_aim_training_2.bsp', but we don't own that location. Allowing...
1 second elapsed



materialPath: D:\Steam\steamapps\common\Counter-Strike Global Offensive\csgo\materials
Loading d:\desktop\csgo\hammer maps\awp aim training 2\awp_aim_training_2.vmf
Map revision 97
Material not found!: 
fixing up env_cubemap materials on brush sides...
0...1...2...3...4...5...6...7...8...9...100...1...2...3...4...5...6...7...8...9...10Processing areas...done (0)
Building Faces...done (0)
Chop Details...done (0)
Find Visible Detail Sides...done (0)
Merging details...done (0)
FixTjuncs...
PruneNodes...
WriteBSP...
done (0)
writing d:\desktop\csgo\hammer maps\awp aim training 2\awp_aim_training_2.prt...Building visibility clusters...
AutoVisClustering (threshold=-1) matched 0 leafs.
done (0)
Finding displacement neighbors...
Finding lightmap sample positions...
Displacement Alpha : 0...1...2...3...4...5...6...7...8...9...10
Building Physics collision data...
done (1) (10387 bytes)
Placing detail props : 0...1...2...3...4...5...6...7...8...9...10
Compacting texture/material tables...
Reduced 36 texinfos to 28
Reduced 5 texdatas to 5 (104 bytes to 104)
Writing d:\desktop\csgo\hammer maps\awp aim training 2\awp_aim_training_2.bsp
MSG_FILEWRITE - Filesystem was asked to write to 'd:\desktop\csgo\hammer maps\awp aim training 2\awp_aim_training_2.bsp', but we don't own that location. Allowing...
1 second elapsed



4 threads
reading d:\desktop\csgo\hammer maps\awp aim training 2\awp_aim_training_2.bsp
reading d:\desktop\csgo\hammer maps\awp aim training 2\awp_aim_training_2.prt
  22 portalclusters
  40 numportals
0...1...2...3...4...5...6...7...8...9...100...1...2...3...4...5...6...7...8...9...10Optimized: 0 visible clusters (0.00%)
Total clusters visible: 476
Average clusters visible: 21
Building PAS...
Average clusters audible: 22
visdatasize:312  compressed from 352
writing d:\desktop\csgo\hammer maps\awp aim training 2\awp_aim_training_2.bsp
MSG_FILEWRITE - Filesystem was asked to write to 'd:\desktop\csgo\hammer maps\awp aim training 2\awp_aim_training_2.bsp', but we don't own that location. Allowing...
0 seconds elapsed



[Reading texlights from 'lights.rad']
[17 texlights parsed from 'lights.rad']

Loading d:\desktop\csgo\hammer maps\awp aim training 2\awp_aim_training_2.bsp
165 faces
178753 square feet [25740548.00 square inches]
0 Displacements
0 Square Feet [0.00 Square Inches]
165 patches before subdivision
zero area child patch
zero area child patch
5779 patches after subdivision
10 direct lights
0...1...2...3.. warning - face vectors parallel to face normal. bad lighting will be produced
 warning - face vectors parallel to face normal. bad lighting will be produced
. warning - face vectors parallel to face normal. bad lighting will be produced
 warning - face vectors parallel to face normal. bad lighting will be produced
4...5...6. warning - face vectors parallel to face normal. bad lighting will be produced
. warning - face vectors parallel to face normal. bad lighting will be produced
 warning - face vectors parallel to face normal. bad lighting will be produced
. warning - face vectors parallel to face normal. bad lighting will be produced
 warning - face vectors parallel to face normal. bad lighting will be produced
7...8...9... warning - face vectors parallel to face normal. bad lighting will be produced
100...1...2...3...4...5...6...7...8...9...10transfers 313546, max 326
transfer lists:   2.4 megs
0...1...2...3...4...5...6...7...8...9...10	Bounce #1 added RGB(4642, 2049, 1055)
0...1...2...3...4...5...6...7...8...9...10	Bounce #2 added RGB(321, 125, 52)
0...1...2...3...4...5...6...7...8...9...10	Bounce #3 added RGB(42, 8, 3)
0...1...2...3...4...5...6...7...8...9...10	Bounce #4 added RGB(3, 1, 0)
0...1...2...3...4...5...6...7...8...9...10	Bounce #5 added RGB(0, 0, 0)
Build Patch/Sample Hash Table(s).....Done<0.0022 sec>
0...1...2...3.. warning - face vectors parallel to face normal. bad lighting will be produced
 warning - face vectors parallel to face normal. bad lighting will be produced
. warning - face vectors parallel to face normal. bad lighting will be produced
 warning - face vectors parallel to face normal. bad lighting will be produced
 warning - face vectors parallel to face normal. bad lighting will be produced
 warning - face vectors parallel to face normal. bad lighting will be produced
 warning - face vectors parallel to face normal. bad lighting will be produced
 warning - face vectors parallel to face normal. bad lighting will be produced
 warning - face vectors parallel to face normal. bad lighting will be produced
 warning - face vectors parallel to face normal. bad lighting will be produced
SampleRadial: Punting, Waiting for fix
 warning - face vectors parallel to face normal. bad lighting will be produced
 warning - face vectors parallel to face normal. bad lighting will be produced
 warning - face vectors parallel to face normal. bad lighting will be produced
4 warning - face vectors parallel to face normal. bad lighting will be produced
...5...6.. warning - face vectors parallel to face normal. bad lighting will be produced
 warning - face vectors parallel to face normal. bad lighting will be produced
 warning - face vectors parallel to face normal. bad lighting will be produced
 warning - face vectors parallel to face normal. bad lighting will be produced
 warning - face vectors parallel to face normal. bad lighting will be produced
 warning - face vectors parallel to face normal. bad lighting will be produced
 warning - face vectors parallel to face normal. bad lighting will be produced
 warning - face vectors parallel to face normal. bad lighting will be produced
 warning - face vectors parallel to face normal. bad lighting will be produced
. warning - face vectors parallel to face normal. bad lighting will be produced
 warning - face vectors parallel to face normal. bad lighting will be produced
 warning - face vectors parallel to face normal. bad lighting will be produced
 warning - face vectors parallel to face normal. bad lighting will be produced
 warning - face vectors parallel to face normal. bad lighting will be produced
 warning - face vectors parallel to face normal. bad lighting will be produced
 warning - face vectors parallel to face normal. bad lighting will be produced
 warning - face vectors parallel to face normal. bad lighting will be produced
 warning - face vectors parallel to face normal. bad lighting will be produced
 warning - face vectors parallel to face normal. bad lighting will be produced
 warning - face vectors parallel to face normal. bad lighting will be produced
7 warning - face vectors parallel to face normal. bad lighting will be produced
... warning - face vectors parallel to face normal. bad lighting will be produced
 warning - face vectors parallel to face normal. bad lighting will be produced
8.. warning - face vectors parallel to face normal. bad lighting will be produced
.9...10FinalLightFace Done
0 of 0 (0% of) surface lights went in leaf ambient cubes.
0...1...2...3...4...5...6...7...8...9...10Writing leaf ambient...done
Ready to Finish

Object names       Objects/Maxobjs  Memory / Maxmem  Fullness 
------------       ---------------  ---------------  -------- 
models                   9/1024          432/49152    ( 0.9%) 
brushes                 22/8192          264/98304    ( 0.3%) 
brushsides             132/81920        1056/655360   ( 0.2%) 
planes                 198/65536        3960/1310720  ( 0.3%) 
vertexes               257/65536        3084/786432   ( 0.4%) 
nodes                  123/65536        3936/2097152  ( 0.2%) 
texinfos                28/12288        2016/884736   ( 0.2%) 
texdata                  5/4096          160/131072   ( 0.1%) 
dispinfos                0/0               0/0        ( 0.0%) 
disp_verts               0/0               0/0        ( 0.0%) 
disp_tris                0/0               0/0        ( 0.0%) 
disp_multiblend          0/0               0/0        ( 0.0%) 
disp_lmsamples           0/0               0/0        ( 0.0%) 
faces                  165/65536        9240/3670016  ( 0.3%) 
hdr faces              165/65536        9240/3670016  ( 0.3%) 
origfaces               71/65536        3976/3670016  ( 0.1%) 
facebrushes              0/0               0/0        ( 0.0%) 
facebrushlists         165/0             660/0        ( 0.0%) 
leaves                 133/65536        4256/2097152  ( 0.2%) 
leaffaces              183/65536         366/131072   ( 0.3%) 
leafbrushes             60/65536         120/131072   ( 0.1%) 
areas                    2/1024           16/8192     ( 0.2%) 
surfedges             1005/512000       4020/2048000  ( 0.2%) 
edges                  542/256000       2168/1024000  ( 0.2%) 
LDR worldlights          0/8192            0/819200   ( 0.0%) 
HDR worldlights         10/8192         1000/819200   ( 0.1%) 
leafwaterdata            0/32768           0/393216   ( 0.0%) 
waterstrips             10/32768         100/327680   ( 0.0%) 
waterverts               0/65536           0/786432   ( 0.0%) 
waterindices           135/65536         270/131072   ( 0.2%) 
cubemapsamples           0/1024            0/16384    ( 0.0%) 
overlays                 0/1024            0/360448   ( 0.0%) 
LDR lightdata         [variable]           0/0        ( 0.0%) 
HDR lightdata         [variable]      274348/0        ( 0.0%) 
visdata               [variable]         312/16777216 ( 0.0%) 
entdata               [variable]      139249/393216   (35.4%) 
LDR ambient table      133/65536         532/262144   ( 0.2%) 
HDR ambient table      133/65536         532/262144   ( 0.2%) 
LDR leaf ambient       133/65536        3724/1835008  ( 0.2%) 
HDR leaf ambient       599/65536       16772/1835008  ( 0.9%) 
occluders                0/0               0/0        ( 0.0%) 
occluder polygons        0/0               0/0        ( 0.0%) 
occluder vert ind        0/0               0/0        ( 0.0%) 
detail props          [variable]           1/12       ( 8.3%) 
static props          [variable]           1/12       ( 8.3%) 
pakfile               [variable]       74470/0        ( 0.0%) 
physics               [variable]       10387/4194304  ( 0.2%) 
physics terrain       [variable]           2/1048576  ( 0.0%) 

Level flags = 7e

Total triangle count: 391
Writing d:\desktop\csgo\hammer maps\awp aim training 2\awp_aim_training_2.bsp
MSG_FILEWRITE - Filesystem was asked to write to 'd:\desktop\csgo\hammer maps\awp aim training 2\awp_aim_training_2.bsp', but we don't own that location. Allowing...
2 seconds elapsed
