PRT1
232
736
4 0 61 (1024 0 327.924988 ) (1024 0 594.286011 ) (628 0 594.286011 ) (628 0 327.924988 ) 
4 0 34 (628 44 327.924988 ) (628 16 327.924988 ) (628 16 594.286011 ) (628 44 594.286011 ) 
4 0 33 (628 477.867035 327.924988 ) (628 44 327.924988 ) (628 44 594.286011 ) (628 477.867035 594.286011 ) 
4 0 35 (628 16 327.924988 ) (628 0 327.924988 ) (628 0 594.286011 ) (628 16 594.286011 ) 
4 0 32 (628 512 594.286011 ) (628 512 327.924988 ) (628 477.867035 327.924988 ) (628 477.867035 594.286011 ) 
4 0 31 (628 367.147156 327.924988 ) (628 469.987915 327.924988 ) (768 471.558990 327.924988 ) (768 368.718140 327.924988 ) 
4 0 30 (628 0 327.924988 ) (628 367.147156 327.924988 ) (768 368.718140 327.924988 ) (768 0 327.924988 ) 
4 0 29 (628 469.987915 327.924988 ) (628 477.867035 327.924988 ) (768 477.867035 327.924988 ) (768 471.558990 327.924988 ) 
4 0 1 (992 477.867035 327.924988 ) (992 0 327.924988 ) (768 0 327.924988 ) (768 477.867035 327.924988 ) 
4 1 62 (992 0 192 ) (992 0 327.924988 ) (768 0 327.924988 ) (768 0 192 ) 
4 1 31 (768 368.718140 327.924988 ) (768 471.558990 327.924988 ) (768 471.558990 192 ) (768 368.718140 192 ) 
4 1 30 (768 0 327.924988 ) (768 368.718140 327.924988 ) (768 368.718140 192 ) (768 0 192 ) 
4 1 29 (768 471.558990 327.924988 ) (768 477.867035 327.924988 ) (768 477.867035 192 ) (768 471.558990 192 ) 
4 1 4 (779 472 192 ) (779 0 192 ) (771 0 192 ) (771 472 192 ) 
4 1 3 (779 477.867035 192 ) (856 477.867035 192 ) (856 0 192 ) (779 0 192 ) 
4 1 5 (768 0 192 ) (768 477.867035 192 ) (771 477.867035 192 ) (771 0 192 ) 
4 1 2 (856 477.867035 192 ) (992 477.867035 192 ) (992 0 192 ) (856 0 192 ) 
4 2 63 (992 0 135.925018 ) (992 0 192 ) (856 0 192 ) (856 0 135.925018 ) 
4 2 3 (856 0 192 ) (856 477.867035 192 ) (856 477.867035 135.925018 ) (856 0 135.925018 ) 
4 3 64 (856 0 136 ) (856 0 192 ) (779 0 192 ) (779 0 136 ) 
4 3 12 (779 368 136 ) (779 368.951019 136 ) (796 368.951019 136 ) (796 368 136 ) 
4 3 11 (779 368.951019 136 ) (779 472 136 ) (796 472 136 ) (796 368.951019 136 ) 
4 3 4 (779 472 136 ) (779 0 136 ) (779 0 192 ) (779 472 192 ) 
4 4 65 (779 0 192 ) (771 0 192 ) (771 0 136 ) (779 0 136 ) 
4 4 12 (779 368.951019 136 ) (779 368 136 ) (771 368 136 ) (771 368.951019 136 ) 
4 4 11 (779 472 136 ) (779 368.951019 136 ) (771 368.951019 136 ) (771 472 136 ) 
4 4 5 (771 472 136 ) (771 0 136 ) (771 0 192 ) (771 472 192 ) 
4 5 66 (771 0 192 ) (768 0 192 ) (768 0 136 ) (771 0 136 ) 
4 5 31 (768 471.558990 136 ) (768 368.718140 136 ) (768 368.718140 192 ) (768 471.558990 192 ) 
4 5 30 (768 368.718140 136 ) (768 0 136 ) (768 0 192 ) (768 368.718140 192 ) 
4 5 29 (768 477.867035 136 ) (768 471.558990 136 ) (768 471.558990 192 ) (768 477.867035 192 ) 
4 5 13 (768 368 136 ) (768 368.951019 136 ) (769.578003 368.951019 136 ) (769.578003 368 136 ) 
4 5 12 (769.578003 368.951019 136 ) (771 368.951019 136 ) (771 368 136 ) (769.578003 368 136 ) 
4 5 11 (768 368.951019 136 ) (768 472 136 ) (771 472 136 ) (771 368.951019 136 ) 
4 5 10 (768 472 136 ) (768 477.867035 136 ) (770 477.867035 136 ) (770 472 136 ) 
4 5 9 (770 477.867035 136 ) (771 477.867035 136 ) (771 472 136 ) (770 472 136 ) 
4 6 67 (856 0 32 ) (856 0 133.925018 ) (848 0 133.925018 ) (848 0 32 ) 
4 6 7 (848 477.867035 133.925018 ) (848 477.867035 32 ) (848 0 32 ) (848 0 133.925018 ) 
4 7 68 (848 0 32 ) (848 0 133.925018 ) (810.505798 0 133.925018 ) (810.505798 0 32 ) 
4 7 27 (808 369.166992 32 ) (810.505676 0 32 ) (810.505676 0 47.924706 ) (808 369.166992 47.924706 ) 
4 7 15 (810.505676 0 47.924706 ) (810.505676 0 133.925018 ) (808 369.166992 133.925018 ) (808 369.166992 47.924706 ) 
4 7 8 (807.262024 477.867035 133.925018 ) (807.262024 477.867035 32 ) (807.301819 472 32 ) (807.301819 472 133.925018 ) 
4 8 28 (807.300781 472 32 ) (807.300781 472 47.924706 ) (799 472 47.924706 ) (799 472 32 ) 
4 8 14 (807.300781 472 47.924706 ) (807.300781 472 133.925018 ) (799 472 133.925018 ) (799 472 47.924706 ) 
4 9 28 (770 472 47.924706 ) (770 472 32 ) (771 472 32 ) (771 472 47.924706 ) 
4 9 14 (770 472 133.925018 ) (770 472 47.924706 ) (771 472 47.924706 ) (771 472 133.925018 ) 
4 9 11 (771 472 136 ) (770 472 136 ) (770 472 133.925018 ) (771 472 133.925018 ) 
4 9 10 (770 477.867035 136 ) (770 477.867035 47.924706 ) (770 472 47.924706 ) (770 472 136 ) 
4 10 29 (768 472 47.924706 ) (768 472 136 ) (768 477.867035 136 ) (768 477.867035 47.924706 ) 
4 10 14 (768 472 133.925018 ) (768 472 47.924706 ) (770 472 47.924706 ) (770 472 133.925018 ) 
4 10 11 (770 472 136 ) (768 472 136 ) (768 472 133.925018 ) (770 472 133.925018 ) 
4 11 31 (768 368.951019 136 ) (768 471.558990 136 ) (768 471.558990 133.925018 ) (768 368.951019 133.925018 ) 
4 11 29 (768 471.558990 136 ) (768 472 136 ) (768 472 133.925018 ) (768 471.558990 133.925018 ) 
4 11 18 (768 368.951019 133.925018 ) (768 471.558990 133.925018 ) (796 471.873199 133.925018 ) (796 368.951019 133.925018 ) 
4 11 14 (768 471.558990 133.925018 ) (768 472 133.925018 ) (796 472 133.925018 ) (796 471.873199 133.925018 ) 
4 11 13 (768 368.951019 133.925018 ) (769.578003 368.951019 133.925018 ) (769.578003 368.951019 136 ) (768 368.951019 136 ) 
4 11 12 (796 368.951019 135.302002 ) (796 368.951019 136 ) (769.578003 368.951019 136 ) (769.578003 368.951019 135.302002 ) 
4 12 13 (769.578003 368.951019 136 ) (769.578003 368.951019 135.302002 ) (769.578003 368 135.302002 ) (769.578003 368 136 ) 
4 13 31 (768 368.718140 136 ) (768 368.951019 136 ) (768 368.951019 133.925018 ) (768 368.718140 133.925018 ) 
4 13 30 (768 368 136 ) (768 368.718140 136 ) (768 368.718140 133.925018 ) (768 368 133.925018 ) 
4 13 19 (768 368 133.925018 ) (768 368.951019 133.925018 ) (769.578003 368.951019 133.925018 ) (769.578003 368 133.925018 ) 
4 14 29 (768 471.558990 133.925018 ) (768 472 133.925018 ) (768 472 47.924706 ) (768 471.558990 47.924706 ) 
3 14 28 (770 472 47.924706 ) (807.296875 472 47.924706 ) (770 471.581421 47.924706 ) 
3 14 21 (791.306091 471.820587 119.925011 ) (768 471.559052 119.925011 ) (768 471.559082 96.618935 ) 
5 14 18 (800.750977 471.926575 129.369934 ) (800.750977 471.926575 133.925018 ) (768 471.559052 133.925018 ) (768 471.559052 119.925011 ) (791.306091 471.820587 119.925011 ) 
3 14 16 (805.306030 471.977692 133.925018 ) (800.750977 471.926575 133.925018 ) (800.750977 471.926575 129.369934 ) 
4 15 68 (810.505798 0 47.924706 ) (810.505798 0 133.925018 ) (800.750977 0 133.925018 ) (800.750977 0 47.924706 ) 
4 15 27 (807.994873 369.166931 47.924706 ) (810.500671 0 47.924706 ) (800.750977 0 47.924706 ) (800.750977 369.085602 47.924706 ) 
4 15 25 (800.750977 360.876038 47.924706 ) (800.750977 352 47.924706 ) (800.750977 352 119.925011 ) (800.750977 360.876038 119.925011 ) 
4 15 24 (800.750977 368 47.924706 ) (800.750977 360.876038 47.924706 ) (800.750977 360.876038 95.924706 ) (800.750977 368 95.924706 ) 
4 15 23 (800.750977 369.085632 47.924706 ) (800.750977 368 47.924706 ) (800.750977 368 95.924706 ) (800.750977 369.085632 95.924706 ) 
4 15 26 (800.750977 352 47.924706 ) (800.750977 0 47.924706 ) (800.750977 0 119.925011 ) (800.750977 352 119.925011 ) 
4 15 20 (800.750977 0 119.925011 ) (800.750977 0 133.925018 ) (800.750977 360.876038 133.925018 ) (800.750977 360.876038 119.925011 ) 
3 15 16 (800.750977 369.085663 128.675964 ) (800.750977 369.085663 133.925018 ) (806 369.144562 133.925018 ) 
4 16 18 (800.750977 471.929688 133.925018 ) (800.750977 471.929688 129.370026 ) (800.750977 369.085632 128.675964 ) (800.750977 369.085632 133.925018 ) 
5 17 18 (800.750977 369.085693 133.925018 ) (800.750977 369.085693 128.675964 ) (792 368.987457 119.925011 ) (788.753906 368.951019 119.925011 ) (788.753906 368.951019 133.925018 ) 
4 18 31 (768 368.951019 133.925018 ) (768 471.558990 133.925018 ) (768 471.558990 119.925011 ) (768 368.951019 119.925011 ) 
4 18 21 (768 368.951019 119.925011 ) (768 471.562195 119.925011 ) (791.306030 471.823700 119.925011 ) (792 368.951019 119.925011 ) 
4 18 19 (768 368.951019 119.925011 ) (769.578003 368.951019 119.925011 ) (769.578003 368.951019 133.925018 ) (768 368.951019 133.925018 ) 
4 19 31 (768 368.718140 133.925018 ) (768 368.951019 133.925018 ) (768 368.951019 119.925011 ) (768 368.718140 119.925011 ) 
4 19 30 (768 368 133.925018 ) (768 368.718140 133.925018 ) (768 368.718140 119.925011 ) (768 368 119.925011 ) 
4 19 22 (768 368 119.925011 ) (768 368.951019 119.925011 ) (769.578003 368.951019 119.925011 ) (769.578003 368 119.925011 ) 
4 20 71 (797.516541 0 133.925018 ) (770 0 133.925018 ) (770 0 119.925011 ) (797.516541 0 119.925011 ) 
4 20 68 (800.750977 0 133.925018 ) (797.516541 0 133.925018 ) (797.516541 0 119.925011 ) (800.750977 0 119.925011 ) 
4 20 25 (770 360.876038 119.925011 ) (800.750977 360.876038 119.925011 ) (800.750977 352 119.925011 ) (770 352 119.925011 ) 
4 20 26 (800.750977 352 119.925011 ) (800.750977 0 119.925011 ) (770 0 119.925011 ) (770 352 119.925011 ) 
4 21 31 (768 368.951019 119.925011 ) (768 471.558990 119.925011 ) (768 471.558990 96.618935 ) (768 368.951019 95.926460 ) 
4 21 22 (768 368.951019 95.932518 ) (769.578003 368.951019 97.510406 ) (769.578003 368.951019 119.925011 ) (768 368.951019 119.925011 ) 
4 22 31 (768 368.718140 119.925011 ) (768 368.951019 119.925011 ) (768 368.951019 95.926460 ) (768 368.718140 95.924889 ) 
5 22 30 (768 368 119.925011 ) (768 368.718140 119.925011 ) (768 368.718140 95.924889 ) (768 368.690613 95.924706 ) (768 368 95.924706 ) 
4 23 30 (768 368.718140 47.924706 ) (768 368 47.924706 ) (768 368 95.924706 ) (768 368.718109 95.924706 ) 
4 23 27 (770 368.740540 47.924706 ) (800.750977 369.085632 47.924706 ) (800.750977 368 47.924706 ) (770 368 47.924706 ) 
4 23 24 (800.750977 368 47.924706 ) (800.750977 368 95.924706 ) (770 368 95.924706 ) (770 368 47.924706 ) 
4 24 27 (770 368 47.924706 ) (800.750977 368 47.924706 ) (800.750977 360.876038 47.924706 ) (770 360.876038 47.924706 ) 
4 24 25 (800.750977 360.876038 47.924706 ) (800.750977 360.876038 95.924706 ) (770 360.876038 95.924706 ) (770 360.876038 47.924706 ) 
4 25 27 (770 360.876038 47.924706 ) (800.750977 360.876038 47.924706 ) (800.750977 352 47.924706 ) (770 352 47.924706 ) 
4 25 26 (800.750977 352 47.924706 ) (800.750977 352 119.925011 ) (770 352 119.925011 ) (770 352 47.924706 ) 
4 26 75 (768 0 119.925011 ) (768 0 47.924706 ) (770 0 47.924706 ) (770 0 119.925011 ) 
4 26 71 (770 0 47.924706 ) (797.516541 0 47.924706 ) (797.516541 0 119.925011 ) (770 0 119.925011 ) 
4 26 68 (797.516541 0 47.924706 ) (800.750977 0 47.924706 ) (800.750977 0 119.925011 ) (797.516541 0 119.925011 ) 
4 26 30 (768 0 47.924706 ) (768 0 119.925011 ) (768 352 119.925011 ) (768 352 47.924706 ) 
4 26 27 (770 352 47.924706 ) (800.750977 352 47.924706 ) (800.750977 0 47.924706 ) (770 0 47.924706 ) 
4 27 80 (797.516541 0 47.924706 ) (770 0 47.924706 ) (770 0 32 ) (797.516541 0 32 ) 
4 27 68 (810.505798 0 32 ) (810.505798 0 47.924706 ) (797.516541 0 47.924706 ) (797.516541 0 32 ) 
4 29 41 (628 469.987946 32 ) (628 469.987946 63.625404 ) (628 477.867035 63.625404 ) (628 477.867035 32 ) 
4 29 36 (628 469.987946 63.625404 ) (628 469.987946 120 ) (628 477.867035 120 ) (628 477.867035 63.625404 ) 
4 29 33 (628 469.987946 120 ) (628 469.987915 327.924988 ) (628 477.867035 327.924988 ) (628 477.867035 120 ) 
5 29 31 (768 471.559082 96.618904 ) (768 471.559082 327.924988 ) (628 469.988037 327.924988 ) (628 469.988037 32 ) (703.381287 470.833954 32 ) 
4 30 85 (768 0 32 ) (768 0 327.924988 ) (628 0 327.924988 ) (628 0 32 ) 
4 30 41 (628 160 63.625404 ) (628 367.147156 63.625404 ) (628 367.147156 32 ) (628 160 32 ) 
4 30 39 (628 68 120 ) (628 96 120 ) (628 96 88.347801 ) (628 68 88.347801 ) 
4 30 40 (628 56 120 ) (628 68 120 ) (628 68 63.625404 ) (628 56 63.625404 ) 
4 30 37 (628 120 120 ) (628 148 120 ) (628 148 88.347801 ) (628 120 88.347801 ) 
4 30 36 (628 148 120 ) (628 367.147156 120 ) (628 367.147156 63.625404 ) (628 148 63.625404 ) 
4 30 38 (628 96 120 ) (628 120 120 ) (628 120 63.625404 ) (628 96 63.625404 ) 
4 30 34 (628 16 327.924988 ) (628 44 327.924988 ) (628 44 152 ) (628 16 152 ) 
4 30 33 (628 44 327.924988 ) (628 367.147156 327.924988 ) (628 367.147156 120 ) (628 44 120 ) 
4 30 35 (628 0 120 ) (628 0 327.924988 ) (628 16 327.924988 ) (628 16 120 ) 
5 30 31 (768 368.718170 327.924988 ) (768 368.718170 95.924850 ) (704.075317 368 32 ) (628 367.147156 32 ) (628 367.147156 327.924988 ) 
4 31 41 (628 367.147156 32 ) (628 367.147156 63.625404 ) (628 469.987946 63.625404 ) (628 469.987946 32 ) 
4 31 36 (628 367.147156 63.625404 ) (628 367.147156 120 ) (628 469.987946 120 ) (628 469.987946 63.625404 ) 
4 31 33 (628 367.147156 120 ) (628 367.147156 327.924988 ) (628 469.987915 327.924988 ) (628 469.987946 120 ) 
4 32 42 (612 477.867035 594.286011 ) (612 512 594.286011 ) (612 512 327.924988 ) (612 477.867035 327.924988 ) 
4 32 33 (628 477.867035 327.924988 ) (628 477.867035 594.286011 ) (612 477.867035 594.286011 ) (612 477.867035 327.924988 ) 
4 33 43 (612 44 594.286011 ) (612 477.867035 594.286011 ) (612 477.867035 120 ) (612 44 120 ) 
4 33 39 (612 68 120 ) (612 96 120 ) (628 96 120 ) (628 68 120 ) 
4 33 40 (612 56 120 ) (612 68 120 ) (628 68 120 ) (628 56 120 ) 
4 33 37 (612 120 120 ) (612 148 120 ) (628 148 120 ) (628 120 120 ) 
4 33 36 (612 148 120 ) (612 477.867035 120 ) (628 477.867035 120 ) (628 148 120 ) 
4 33 38 (612 96 120 ) (612 120 120 ) (628 120 120 ) (628 96 120 ) 
4 33 34 (628 44 152 ) (628 44 594.286011 ) (612 44 594.286011 ) (612 44 152 ) 
4 34 43 (612 16 594.286011 ) (612 44 594.286011 ) (612 44 152 ) (612 16 152 ) 
4 34 35 (628 16 152 ) (628 16 594.286011 ) (612 16 594.286011 ) (612 16 152 ) 
4 35 89 (628 0 120 ) (628 0 327.924988 ) (612 0 327.924988 ) (612 0 120 ) 
4 35 88 (628 0 327.924988 ) (628 0 594.286011 ) (612 0 594.286011 ) (612 0 327.924988 ) 
4 35 43 (612 0 120 ) (612 0 594.286011 ) (612 16 594.286011 ) (612 16 120 ) 
4 36 45 (612 182.546997 63.625404 ) (612 155.032013 63.625404 ) (612 155.032013 74.441498 ) (612 182.546997 74.441498 ) 
4 36 44 (612 477.867035 74.441498 ) (612 477.867035 63.625404 ) (612 210.061996 63.625404 ) (612 210.061996 74.441498 ) 
4 36 43 (612 148 120 ) (612 477.867035 120 ) (612 477.867035 74.441498 ) (612 148 74.441498 ) 
4 36 41 (612 160 63.625404 ) (612 477.867035 63.625404 ) (628 477.867035 63.625404 ) (628 160 63.625404 ) 
4 36 37 (628 148 88.347801 ) (628 148 120 ) (612 148 120 ) (612 148 88.347801 ) 
4 37 43 (612 120 120 ) (612 148 120 ) (612 148 88.347801 ) (612 120 88.347801 ) 
4 37 38 (628 120 88.347801 ) (628 120 120 ) (612 120 120 ) (612 120 88.347801 ) 
4 38 46 (612 120 74.441498 ) (612 120 63.625404 ) (612 100 63.625404 ) (612 100 74.441498 ) 
4 38 43 (612 96 120 ) (612 120 120 ) (612 120 74.441498 ) (612 96 74.441498 ) 
4 38 39 (628 96 88.347801 ) (628 96 120 ) (612 96 120 ) (612 96 88.347801 ) 
4 39 43 (612 68 120 ) (612 96 120 ) (612 96 88.347801 ) (612 68 88.347801 ) 
4 39 40 (628 68 88.347801 ) (628 68 120 ) (612 68 120 ) (612 68 88.347801 ) 
4 40 47 (612 68 74.441498 ) (612 68 63.625404 ) (612 56 63.625404 ) (612 56 74.441498 ) 
4 40 43 (612 56 120 ) (612 68 120 ) (612 68 74.441498 ) (612 56 74.441498 ) 
4 41 49 (612 236 49.719101 ) (612 477.867035 49.719101 ) (612 477.867035 32 ) (612 236 32 ) 
4 41 45 (612 160 49.719101 ) (612 160 63.625404 ) (612 182.546997 63.625404 ) (612 182.546997 49.719101 ) 
4 41 44 (612 210.061996 63.625404 ) (612 477.867035 63.625404 ) (612 477.867035 49.719101 ) (612 210.061996 49.719101 ) 
4 42 50 (604 512 594.286011 ) (604 512 327.924988 ) (604 477.867035 327.924988 ) (604 477.867035 594.286011 ) 
4 42 43 (612 477.867035 327.924988 ) (612 477.867035 594.286011 ) (604 477.867035 594.286011 ) (604 477.867035 327.924988 ) 
4 43 99 (612 0 74.441498 ) (612 0 327.924988 ) (604 0 327.924988 ) (604 0 74.441498 ) 
4 43 98 (612 0 327.924988 ) (612 0 594.286011 ) (604 0 594.286011 ) (604 0 327.924988 ) 
4 43 51 (604 477.867035 74.441498 ) (604 0 74.441498 ) (604 0 594.286011 ) (604 477.867035 594.286011 ) 
4 43 48 (604 0 74.441498 ) (604 17.458302 74.441498 ) (612 17.458302 74.441498 ) (612 0 74.441498 ) 
4 43 46 (604 100 74.441498 ) (604 127.517998 74.441498 ) (612 127.517998 74.441498 ) (612 100 74.441498 ) 
4 43 47 (604 44.973099 74.441498 ) (604 72.487999 74.441498 ) (612 72.487999 74.441498 ) (612 44.973099 74.441498 ) 
4 43 45 (604 155.032013 74.441498 ) (604 182.546997 74.441498 ) (612 182.546997 74.441498 ) (612 155.032013 74.441498 ) 
4 43 44 (604 210.061996 74.441498 ) (604 477.867035 74.441498 ) (612 477.867035 74.441498 ) (612 210.061996 74.441498 ) 
4 44 51 (604 477.867035 49.719101 ) (604 210.061996 49.719101 ) (604 210.061996 74.441498 ) (604 477.867035 74.441498 ) 
4 44 49 (604 236 49.719101 ) (604 477.867035 49.719101 ) (612 477.867035 49.719101 ) (612 236 49.719101 ) 
4 45 51 (604 182.546997 49.719101 ) (604 155.032013 49.719101 ) (604 155.032013 74.441498 ) (604 182.546997 74.441498 ) 
4 46 51 (604 127.517998 49.719101 ) (604 100 49.719101 ) (604 100 74.441498 ) (604 127.517998 74.441498 ) 
4 47 51 (604 72.487999 49.719101 ) (604 44.973099 49.719101 ) (604 44.973099 74.441498 ) (604 72.487999 74.441498 ) 
4 48 100 (612 0 49.719101 ) (612 0 74.441498 ) (604 0 74.441498 ) (604 0 49.719101 ) 
4 48 51 (604 17.458302 49.719101 ) (604 0 49.719101 ) (604 0 74.441498 ) (604 17.458302 74.441498 ) 
4 49 51 (604 236 49.719101 ) (604 477.867035 49.719101 ) (604 477.867035 32 ) (604 236 32 ) 
4 50 118 (0 477.867035 327.924988 ) (0 477.867035 594.286011 ) (0 512 594.286011 ) (0 512 327.924988 ) 
4 50 57 (64 477.867035 594.286011 ) (0 477.867035 594.286011 ) (0 477.867035 327.924988 ) (64 477.867035 327.924988 ) 
4 50 52 (76 477.867035 594.286011 ) (64 477.867035 594.286011 ) (64 477.867035 327.924988 ) (76 477.867035 327.924988 ) 
4 50 51 (604 477.867035 327.924988 ) (604 477.867035 594.286011 ) (76 477.867035 594.286011 ) (76 477.867035 327.924988 ) 
4 51 107 (604 0 32 ) (604 0 327.924988 ) (76 0 327.924988 ) (76 0 32 ) 
4 51 106 (604 0 327.924988 ) (604 0 594.286011 ) (76 0 594.286011 ) (76 0 327.924988 ) 
4 51 55 (76 204 244 ) (76 204 252 ) (76 472 252 ) (76 472 39.058990 ) 
4 51 54 (76 472 32 ) (76 204 32 ) (76 204 244 ) (76 472 39.058990 ) 
4 51 53 (76 204 252 ) (76 204 594.286011 ) (76 472 594.286011 ) (76 472 252 ) 
4 51 52 (76 477.867035 594.286011 ) (76 477.867035 32 ) (76 472 32 ) (76 472 594.286011 ) 
4 51 56 (76 204 32 ) (76 0 32 ) (76 0 594.286011 ) (76 204 594.286011 ) 
4 52 58 (64 477.867035 35.160675 ) (64 477.867035 32 ) (64 472 32 ) (64 472 39.647240 ) 
4 52 57 (64 477.867035 594.286011 ) (64 477.867035 248 ) (64 472 248 ) (64 472 594.286011 ) 
4 52 55 (64 472 252 ) (64 472 39.058990 ) (76 472 39.058983 ) (76 472 252 ) 
4 52 54 (64 472 39.058990 ) (64 472 32 ) (76 472 32 ) (76 472 39.058983 ) 
4 52 53 (64 472 594.286011 ) (64 472 252 ) (76 472 252 ) (76 472 594.286011 ) 
4 53 59 (64 204 252 ) (64 204 594.286011 ) (64 211 594.286011 ) (64 211 252 ) 
4 53 57 (64 211 594.286011 ) (64 472 594.286011 ) (64 472 252 ) (64 211 252 ) 
4 53 55 (76 204 252 ) (64 204 252 ) (64 472 252 ) (76 472 252 ) 
4 53 56 (64 204 594.286011 ) (64 204 252 ) (76 204 252 ) (76 204 594.286011 ) 
4 54 60 (64 211 32 ) (64 204 32 ) (64 204 238.205002 ) (64 211 238.205002 ) 
4 54 58 (64 472 32 ) (64 211 32 ) (64 211 238.647034 ) (64 472 39.058990 ) 
4 54 56 (64 204 244 ) (64 204 32 ) (76 204 32 ) (76 204 244 ) 
4 54 55 (76 472 39.059029 ) (64 472 39.059029 ) (64 204 244 ) (76 204 244 ) 
4 55 59 (64 204 248.210007 ) (64 204 252 ) (64 211 252 ) (64 211 248.210007 ) 
4 55 58 (64 472 39.647247 ) (64 472 39.058990 ) (64 211 238.647034 ) (64 211 239.235291 ) 
4 55 57 (64 211 252 ) (64 472 252 ) (64 472 248 ) (64 211 248 ) 
4 55 56 (64 204 252 ) (64 204 244 ) (76 204 244 ) (76 204 252 ) 
4 56 108 (64 0 327.924988 ) (64 0 32 ) (76 0 32 ) (76 0 327.924988 ) 
4 56 106 (76 0 594.286011 ) (64 0 594.286011 ) (64 0 327.924988 ) (76 0 327.924988 ) 
4 56 59 (64 0 248.210007 ) (64 0 594.286011 ) (64 204 594.286011 ) (64 204 248.210007 ) 
4 56 60 (64 204 32 ) (64 0 32 ) (64 0 238.205002 ) (64 204 238.205002 ) 
4 57 119 (0 211 248 ) (0 211 594.286011 ) (0 477.867035 594.286011 ) (0 477.867035 248 ) 
4 57 59 (64 211 248.210007 ) (64 211 594.286011 ) (0 211 594.286011 ) (0 211 248.210007 ) 
4 58 120 (0 211 32 ) (0 211 239.235306 ) (0 477.867035 35.160675 ) (0 477.867035 32 ) 
4 58 60 (64 211 32 ) (64 211 238.205002 ) (0 211 238.205002 ) (0 211 32 ) 
4 59 121 (0 0 248.210007 ) (0 0 594.286011 ) (0 211 594.286011 ) (0 211 248.210007 ) 
4 59 113 (64 0 248.210007 ) (64 0 327.924988 ) (0 0 327.924988 ) (0 0 248.210007 ) 
4 59 106 (64 0 327.924988 ) (64 0 594.286011 ) (0 0 594.286011 ) (0 0 327.924988 ) 
4 60 122 (0 0 32 ) (0 0 238.205002 ) (0 211 238.205002 ) (0 211 32 ) 
4 60 114 (64 0 32 ) (64 0 238.205002 ) (0 0 238.205002 ) (0 0 32 ) 
4 61 88 (628 -512 327.924988 ) (628 -512 594.286011 ) (628 0 594.286011 ) (628 0 327.924988 ) 
4 61 87 (628 -472.770966 327.924988 ) (628 -369.930054 327.924988 ) (768 -368.359070 327.924988 ) (768 -471.199890 327.924988 ) 
4 61 86 (628 -477.867035 327.924988 ) (628 -472.770966 327.924988 ) (768 -471.199890 327.924988 ) (768 -477.867035 327.924988 ) 
4 61 85 (628 -369.930054 327.924988 ) (628 0 327.924988 ) (768 0 327.924988 ) (768 -368.359070 327.924988 ) 
4 61 62 (768 -477.867035 327.924988 ) (768 0 327.924988 ) (992 0 327.924988 ) (992 -477.867035 327.924988 ) 
4 62 87 (768 -471.199890 327.924988 ) (768 -368.359070 327.924988 ) (768 -368.359070 192 ) (768 -471.199890 192 ) 
4 62 86 (768 -477.867035 327.924988 ) (768 -471.199890 327.924988 ) (768 -471.199890 192 ) (768 -477.867035 192 ) 
4 62 85 (768 -368.359070 327.924988 ) (768 0 327.924988 ) (768 0 192 ) (768 -368.359070 192 ) 
4 62 65 (771 0 192 ) (779 0 192 ) (779 -472 192 ) (771 -472 192 ) 
4 62 64 (779 0 192 ) (856 0 192 ) (856 -477.867035 192 ) (779 -477.867035 192 ) 
4 62 66 (768 -477.867035 192 ) (768 0 192 ) (771 0 192 ) (771 -477.867035 192 ) 
4 62 63 (856 0 192 ) (992 0 192 ) (992 -477.867035 192 ) (856 -477.867035 192 ) 
4 63 64 (856 -477.867035 192 ) (856 0 192 ) (856 0 135.925018 ) (856 -477.867035 135.925018 ) 
4 64 69 (796 -368.299988 136 ) (796 -472 136 ) (779 -472 136 ) (779 -368.299988 136 ) 
4 64 65 (779 0 136 ) (779 -472 136 ) (779 -472 192 ) (779 0 192 ) 
4 65 69 (779 -368.299988 136 ) (779 -472 136 ) (771 -472 136 ) (771 -368.299988 136 ) 
4 65 66 (771 0 136 ) (771 -472 136 ) (771 -472 192 ) (771 0 192 ) 
4 66 87 (768 -471.199890 192 ) (768 -368.359070 192 ) (768 -368.359070 136 ) (768 -471.199890 136 ) 
4 66 86 (768 -477.867035 192 ) (768 -471.199890 192 ) (768 -471.199890 136 ) (768 -477.867035 136 ) 
4 66 85 (768 -368.359070 192 ) (768 0 192 ) (768 0 136 ) (768 -368.359070 136 ) 
4 66 84 (768 -477.867035 136 ) (768 -472 136 ) (770 -472 136 ) (770 -477.867035 136 ) 
4 66 83 (770 -472 136 ) (771 -472 136 ) (771 -477.867035 136 ) (770 -477.867035 136 ) 
4 66 69 (768 -472 136 ) (768 -368.299988 136 ) (771 -368.299988 136 ) (771 -472 136 ) 
4 67 68 (848 -477.867035 32 ) (848 -477.867035 133.925018 ) (848 0 133.925018 ) (848 0 32 ) 
4 68 82 (800.701782 -472 32 ) (800.741394 -477.867035 32 ) (800.741394 -477.867035 133.925018 ) (800.701782 -472 133.925018 ) 
4 68 81 (800.693909 -470.833008 32 ) (800.701782 -472 32 ) (800.701782 -472 47.924706 ) (800.693909 -470.833008 47.924706 ) 
4 68 80 (797.516479 0 47.924706 ) (797.516479 0 32 ) (800 -368 32 ) (800 -368 47.924706 ) 
4 68 74 (799.950012 -360.601013 47.924706 ) (800 -368 47.924706 ) (800 -368 103.925011 ) (799.950012 -360.601013 103.925011 ) 
4 68 73 (800 -368 133.925018 ) (799.950012 -360.601013 133.925018 ) (799.950012 -360.601013 103.925011 ) (800 -368 103.925011 ) 
4 68 71 (797.516479 0 133.925018 ) (797.516479 0 47.924706 ) (799.950012 -360.601013 47.924706 ) (799.950012 -360.601013 133.925018 ) 
4 68 70 (800.693909 -470.833038 47.924706 ) (800.701782 -472 47.924706 ) (800.701782 -472 133.925018 ) (800.693909 -470.833008 133.925018 ) 
4 69 87 (768 -471.199890 136 ) (768 -368.299988 136 ) (768 -368.299988 133.925018 ) (768 -471.199890 133.925018 ) 
4 69 86 (768 -472 136 ) (768 -471.199890 136 ) (768 -471.199890 133.925018 ) (768 -472 133.925018 ) 
4 69 84 (770 -472 136 ) (768 -472 136 ) (768 -472 133.925018 ) (770 -472 133.925018 ) 
4 69 83 (771 -472 136 ) (770 -472 136 ) (770 -472 133.925018 ) (771 -472 133.925018 ) 
4 69 79 (768 -471.199890 133.925018 ) (768 -368.299988 133.925018 ) (770 -368.299988 133.925018 ) (770 -471.177460 133.925018 ) 
4 69 72 (770 -368.299988 133.925018 ) (796 -368.299988 133.925018 ) (796 -470.885712 133.925018 ) (770 -471.177460 133.925018 ) 
4 69 70 (796 -472 133.925018 ) (768 -472 133.925018 ) (768 -471.199890 133.925018 ) (796 -470.885712 133.925018 ) 
4 70 86 (768 -471.199921 47.924706 ) (768 -472 47.924706 ) (768 -472 133.925018 ) (768 -471.199890 133.925018 ) 
4 70 84 (770 -472 133.925018 ) (768 -472 133.925018 ) (768 -472 47.924706 ) (770 -472 47.924706 ) 
4 70 83 (771 -472 133.925018 ) (770 -472 133.925018 ) (770 -472 47.924706 ) (771 -472 47.924706 ) 
4 70 82 (800.703125 -472 47.924706 ) (800.703125 -472 133.925018 ) (799 -472 133.925018 ) (799 -472 47.924706 ) 
4 70 81 (800.703125 -472 47.924706 ) (770 -472 47.924706 ) (770 -471.177460 47.924706 ) (800.695251 -470.833038 47.924706 ) 
4 70 79 (768 -471.199860 103.228073 ) (768 -471.199829 133.925018 ) (770 -471.177399 133.925018 ) (770 -471.177429 105.228325 ) 
3 70 72 (770 -471.177429 105.228333 ) (770 -471.177399 133.925018 ) (798.694214 -470.855377 133.925018 ) 
4 71 80 (770 0 47.924706 ) (797.517822 0 47.924706 ) (799.951355 -360.601013 47.924706 ) (770 -360.601013 47.924706 ) 
4 71 75 (770 0 47.924706 ) (770 -352 47.924706 ) (770 -352 119.925011 ) (770 0 119.925011 ) 
4 71 74 (770 -360.601013 103.925011 ) (770 -360.601013 47.924706 ) (799.950073 -360.601013 47.924706 ) (799.950134 -360.601013 103.925011 ) 
4 71 73 (799.249023 -360.601013 103.925011 ) (799.950134 -360.601013 103.925011 ) (799.950195 -360.601013 133.925018 ) (799.249023 -360.601013 133.925018 ) 
4 72 79 (770 -471.179688 105.228241 ) (770 -471.179688 133.925018 ) (770 -368.299988 133.925018 ) (770 -368.299988 105.931587 ) 
4 73 74 (799.249023 -360.601013 103.925011 ) (799.950073 -360.601013 103.925011 ) (800 -368 103.925011 ) (799.249023 -368.008423 103.925011 ) 
4 74 80 (799.951355 -360.601013 47.924706 ) (800.001282 -368 47.924706 ) (770 -368.336639 47.924706 ) (770 -360.601013 47.924706 ) 
4 74 78 (770 -368 47.924706 ) (770 -368.336639 47.924706 ) (770 -368.336639 103.925011 ) (770 -368 103.925011 ) 
4 75 85 (768 0 119.925011 ) (768 0 47.924706 ) (768 -352 47.924706 ) (768 -352 119.925011 ) 
4 76 85 (768 -368.299988 119.925011 ) (768 -368.299988 133.925018 ) (768 -368 133.925018 ) (768 -368 119.925011 ) 
4 76 79 (768.451050 -368.299988 133.925018 ) (768 -368.299988 133.925018 ) (768 -368.299988 119.925011 ) (768.451050 -368.299988 119.925011 ) 
4 76 77 (768.451050 -368.299988 119.925011 ) (768 -368.299988 119.925011 ) (768 -368 119.925011 ) (768.451050 -368 119.925011 ) 
4 77 85 (768 -368.299988 103.925011 ) (768 -368.299988 119.925011 ) (768 -368 119.925011 ) (768 -368 103.925011 ) 
4 77 79 (768.451050 -368.299988 119.925011 ) (768 -368.299988 119.925011 ) (768 -368.299988 103.931488 ) (768.451050 -368.299988 104.382584 ) 
4 77 78 (768.451050 -368.299988 103.925011 ) (768 -368.299988 103.925011 ) (768 -368 103.925011 ) (768.451050 -368 103.925011 ) 
4 78 85 (768 -368 47.924706 ) (768 -368.299988 47.924706 ) (768 -368.299988 103.925011 ) (768 -368 103.925011 ) 
4 79 87 (768 -471.199890 103.228073 ) (768 -471.199890 133.925018 ) (768 -368.299988 133.925018 ) (768 -368.299988 103.931473 ) 
4 81 83 (771 -472 47.924706 ) (770 -472 47.924706 ) (770 -472 32 ) (771 -472 32 ) 
4 81 82 (800.703125 -472 32 ) (800.703125 -472 47.924706 ) (799 -472 47.924706 ) (799 -472 32 ) 
4 83 84 (770 -472 136 ) (770 -472 47.924706 ) (770 -477.867035 47.924706 ) (770 -477.867035 136 ) 
4 84 86 (768 -477.867035 136 ) (768 -472 136 ) (768 -472 47.924706 ) (768 -477.867035 47.924706 ) 
4 85 97 (628 -369.930023 32 ) (628 -369.930023 63.625404 ) (628 -152 63.625404 ) (628 -152 32 ) 
4 85 95 (628 -142 120 ) (628 -114 120 ) (628 -114 88.347801 ) (628 -142 88.347801 ) 
4 85 94 (628 -114 120 ) (628 -88 120 ) (628 -88 63.625404 ) (628 -114 63.625404 ) 
4 85 96 (628 -369.930023 63.625404 ) (628 -369.930023 120 ) (628 -142 120 ) (628 -142 63.625404 ) 
4 85 93 (628 -88 120 ) (628 -60 120 ) (628 -60 88.347801 ) (628 -88 88.347801 ) 
4 85 92 (628 -60 120 ) (628 -48 120 ) (628 -48 63.625404 ) (628 -60 63.625404 ) 
4 85 90 (628 -36 327.924988 ) (628 -8 327.924988 ) (628 -8 152 ) (628 -36 152 ) 
4 85 89 (628 -8 327.924988 ) (628 0 327.924988 ) (628 0 120 ) (628 -8 120 ) 
4 85 91 (628 -369.930023 120 ) (628 -369.930054 327.924988 ) (628 -36 327.924988 ) (628 -36 120 ) 
5 85 87 (768 -368.359131 103.931122 ) (768 -368.359131 327.924988 ) (628 -369.930084 327.924988 ) (628 -369.930084 32 ) (696.075378 -369.166199 32 ) 
4 86 97 (628 -477.867035 32 ) (628 -477.867035 63.625404 ) (628 -472.770996 63.625404 ) (628 -472.770996 32 ) 
4 86 96 (628 -477.867035 63.625404 ) (628 -477.867035 120 ) (628 -472.770996 120 ) (628 -472.770996 63.625404 ) 
4 86 91 (628 -477.867035 120 ) (628 -477.867035 327.924988 ) (628 -472.770966 327.924988 ) (628 -472.770996 120 ) 
5 86 87 (768 -471.199921 327.924988 ) (768 -471.199921 103.228058 ) (696.778320 -472 32 ) (628 -472.770996 32 ) (628 -472.770996 327.924988 ) 
4 87 97 (628 -472.770996 32 ) (628 -472.770996 63.625404 ) (628 -369.930023 63.625404 ) (628 -369.930023 32 ) 
4 87 96 (628 -472.770996 63.625404 ) (628 -472.770996 120 ) (628 -369.930023 120 ) (628 -369.930023 63.625404 ) 
4 87 91 (628 -472.770996 120 ) (628 -472.770966 327.924988 ) (628 -369.930054 327.924988 ) (628 -369.930023 120 ) 
4 88 98 (612 -512 327.924988 ) (612 -512 594.286011 ) (612 0 594.286011 ) (612 0 327.924988 ) 
4 88 90 (628 -8 327.924988 ) (628 -36 327.924988 ) (612 -36 327.924988 ) (612 -8 327.924988 ) 
4 88 89 (628 0 327.924988 ) (628 -8 327.924988 ) (612 -8 327.924988 ) (612 0 327.924988 ) 
4 88 91 (628 -36 327.924988 ) (628 -477.867035 327.924988 ) (612 -477.867035 327.924988 ) (612 -36 327.924988 ) 
4 89 99 (612 -8 327.924988 ) (612 0 327.924988 ) (612 0 120 ) (612 -8 120 ) 
4 89 90 (628 -8 152 ) (628 -8 327.924988 ) (612 -8 327.924988 ) (612 -8 152 ) 
4 90 99 (612 -36 327.924988 ) (612 -8 327.924988 ) (612 -8 152 ) (612 -36 152 ) 
4 90 91 (628 -36 152 ) (628 -36 327.924988 ) (612 -36 327.924988 ) (612 -36 152 ) 
4 91 99 (612 -477.867035 327.924988 ) (612 -36 327.924988 ) (612 -36 120 ) (612 -477.867035 120 ) 
4 91 95 (628 -114 120 ) (628 -142 120 ) (612 -142 120 ) (612 -114 120 ) 
4 91 94 (628 -88 120 ) (628 -114 120 ) (612 -114 120 ) (612 -88 120 ) 
4 91 96 (628 -142 120 ) (628 -477.867035 120 ) (612 -477.867035 120 ) (612 -142 120 ) 
4 91 93 (628 -60 120 ) (628 -88 120 ) (612 -88 120 ) (612 -60 120 ) 
4 91 92 (628 -48 120 ) (628 -60 120 ) (612 -60 120 ) (612 -48 120 ) 
4 92 101 (612 -48 74.441498 ) (612 -48 63.625404 ) (612 -60 63.625404 ) (612 -60 74.441498 ) 
4 92 99 (612 -60 120 ) (612 -48 120 ) (612 -48 74.441498 ) (612 -60 74.441498 ) 
4 92 93 (628 -60 88.347801 ) (628 -60 120 ) (612 -60 120 ) (612 -60 88.347801 ) 
4 93 99 (612 -88 120 ) (612 -60 120 ) (612 -60 88.347801 ) (612 -88 88.347801 ) 
4 93 94 (628 -88 88.347801 ) (628 -88 120 ) (612 -88 120 ) (612 -88 88.347801 ) 
4 94 102 (612 -92.601097 63.625404 ) (612 -114 63.625404 ) (612 -114 74.441498 ) (612 -92.601097 74.441498 ) 
4 94 99 (612 -114 120 ) (612 -88 120 ) (612 -88 74.441498 ) (612 -114 74.441498 ) 
4 94 95 (628 -114 88.347801 ) (628 -114 120 ) (612 -114 120 ) (612 -114 88.347801 ) 
4 95 99 (612 -142 120 ) (612 -114 120 ) (612 -114 88.347801 ) (612 -142 88.347801 ) 
4 95 96 (628 -142 88.347801 ) (628 -142 120 ) (612 -142 120 ) (612 -142 88.347801 ) 
4 96 103 (612 -147.631012 63.625404 ) (612 -175.145996 63.625404 ) (612 -175.145996 74.441498 ) (612 -147.631012 74.441498 ) 
4 96 104 (612 -202.660004 63.625404 ) (612 -477.867035 63.625404 ) (612 -477.867035 74.441498 ) (612 -202.660004 74.441498 ) 
4 96 99 (612 -477.867035 120 ) (612 -142 120 ) (612 -142 74.441498 ) (612 -477.867035 74.441498 ) 
4 96 97 (628 -152 63.625404 ) (628 -477.867035 63.625404 ) (612 -477.867035 63.625404 ) (612 -152 63.625404 ) 
4 97 105 (612 -477.867035 32 ) (612 -477.867035 49.719101 ) (612 -228 49.719101 ) (612 -228 32 ) 
4 97 103 (612 -175.145996 63.625404 ) (612 -152 63.625404 ) (612 -152 49.719101 ) (612 -175.145996 49.719101 ) 
4 97 104 (612 -477.867035 49.719101 ) (612 -477.867035 63.625404 ) (612 -202.660004 63.625404 ) (612 -202.660004 49.719101 ) 
4 98 106 (604 -512 327.924988 ) (604 -512 594.286011 ) (604 0 594.286011 ) (604 0 327.924988 ) 
4 98 99 (604 -477.867035 327.924988 ) (604 0 327.924988 ) (612 0 327.924988 ) (612 -477.867035 327.924988 ) 
4 99 107 (604 -477.867035 327.924988 ) (604 0 327.924988 ) (604 0 74.441498 ) (604 -477.867035 74.441498 ) 
4 99 103 (604 -175.145996 74.441498 ) (604 -147.631012 74.441498 ) (612 -147.631012 74.441498 ) (612 -175.145996 74.441498 ) 
4 99 104 (604 -477.867035 74.441498 ) (604 -202.660004 74.441498 ) (612 -202.660004 74.441498 ) (612 -477.867035 74.441498 ) 
4 99 102 (604 -120.115997 74.441498 ) (604 -92.601097 74.441498 ) (612 -92.601097 74.441498 ) (612 -120.115997 74.441498 ) 
4 99 100 (604 -10.056501 74.441498 ) (604 0 74.441498 ) (612 0 74.441498 ) (612 -10.056501 74.441498 ) 
4 99 101 (604 -65.086304 74.441498 ) (604 -37.571404 74.441498 ) (612 -37.571404 74.441498 ) (612 -65.086304 74.441498 ) 
4 100 107 (604 -10.056501 74.441498 ) (604 0 74.441498 ) (604 0 49.719101 ) (604 -10.056501 49.719101 ) 
4 101 107 (604 -65.086304 74.441498 ) (604 -37.571404 74.441498 ) (604 -37.571404 49.719101 ) (604 -65.086304 49.719101 ) 
4 102 107 (604 -120.115997 74.441498 ) (604 -92.601097 74.441498 ) (604 -92.601097 49.719101 ) (604 -120.115997 49.719101 ) 
4 103 107 (604 -175.145996 74.441498 ) (604 -147.631012 74.441498 ) (604 -147.631012 49.719101 ) (604 -175.145996 49.719101 ) 
4 104 107 (604 -477.867035 74.441498 ) (604 -202.660004 74.441498 ) (604 -202.660004 49.719101 ) (604 -477.867035 49.719101 ) 
4 104 105 (604 -477.867035 49.719101 ) (604 -228 49.719101 ) (612 -228 49.719101 ) (612 -477.867035 49.719101 ) 
4 105 107 (604 -477.867035 32 ) (604 -477.867035 49.719101 ) (604 -228 49.719101 ) (604 -228 32 ) 
4 106 187 (0 -512 327.924988 ) (0 -512 594.286011 ) (0 -477.867035 594.286011 ) (0 -477.867035 327.924988 ) 
4 106 177 (0 -477.867035 594.286011 ) (0 0 594.286011 ) (0 0 327.924988 ) (0 -477.867035 327.924988 ) 
4 106 116 (64 -211 327.924988 ) (64 -477.867035 327.924988 ) (0 -477.867035 327.924988 ) (0 -211 327.924988 ) 
4 106 113 (0 0 327.924988 ) (64 0 327.924988 ) (64 -211 327.924988 ) (0 -211 327.924988 ) 
4 106 109 (76 -208 327.924988 ) (76 -476 327.924988 ) (64 -476 327.924988 ) (64 -208 327.924988 ) 
4 106 108 (64 0 327.924988 ) (76 0 327.924988 ) (76 -208 327.924988 ) (64 -208 327.924988 ) 
4 106 112 (76 -476 327.924988 ) (76 -477.867035 327.924988 ) (64 -477.867035 327.924988 ) (64 -476 327.924988 ) 
4 106 107 (76 0 327.924988 ) (604 0 327.924988 ) (604 -477.867035 327.924988 ) (76 -477.867035 327.924988 ) 
4 107 111 (76 -476 37.058987 ) (76 -476 250 ) (76 -208 250 ) (76 -208 242 ) 
4 107 110 (76 -208 32 ) (76 -476 32 ) (76 -476 37.058987 ) (76 -208 242 ) 
4 107 109 (76 -476 250 ) (76 -476 327.924988 ) (76 -208 327.924988 ) (76 -208 250 ) 
4 107 108 (76 0 32 ) (76 -208 32 ) (76 -208 327.924988 ) (76 0 327.924988 ) 
4 107 112 (76 -476 32 ) (76 -477.867035 32 ) (76 -477.867035 327.924988 ) (76 -476 327.924988 ) 
4 108 113 (64 -208 327.924988 ) (64 0 327.924988 ) (64 0 248.210007 ) (64 -208 248.210007 ) 
4 108 114 (64 0 238.205002 ) (64 0 32 ) (64 -208 32 ) (64 -208 238.205002 ) 
4 108 111 (64 -208 250 ) (64 -208 242 ) (76 -208 242 ) (76 -208 250 ) 
4 108 110 (64 -208 242 ) (64 -208 32 ) (76 -208 32 ) (76 -208 242 ) 
4 108 109 (64 -208 327.924988 ) (64 -208 250 ) (76 -208 250 ) (76 -208 327.924988 ) 
4 109 115 (64 -476 327.924988 ) (64 -211 327.924988 ) (64 -211 250 ) (64 -476 250 ) 
4 109 113 (64 -211 327.924988 ) (64 -208 327.924988 ) (64 -208 250 ) (64 -211 250 ) 
4 109 111 (76 -476 250 ) (64 -476 250 ) (64 -208 250 ) (76 -208 250 ) 
4 109 112 (64 -476 327.924988 ) (64 -476 250 ) (76 -476 250 ) (76 -476 327.924988 ) 
4 110 115 (64 -211 32 ) (64 -476 32 ) (64 -476 37.058987 ) (64 -211 239.705856 ) 
4 110 114 (64 -208 238.205002 ) (64 -208 32 ) (64 -211 32 ) (64 -211 238.205002 ) 
4 110 112 (64 -476 37.058990 ) (64 -476 32 ) (76 -476 32 ) (76 -476 37.058987 ) 
4 110 111 (76 -208 242 ) (64 -208 242 ) (64 -476 37.059029 ) (76 -476 37.059029 ) 
4 111 115 (64 -211 239.705856 ) (64 -476 37.058987 ) (64 -476 250 ) (64 -211 250 ) 
4 111 113 (64 -208 250 ) (64 -208 248.210007 ) (64 -211 248.210007 ) (64 -211 250 ) 
4 111 112 (64 -476 250 ) (64 -476 37.058990 ) (76 -476 37.058987 ) (76 -476 250 ) 
4 112 115 (64 -477.867035 32 ) (64 -477.867035 327.924988 ) (64 -476 327.924988 ) (64 -476 32 ) 
4 113 177 (0 -211 248.210007 ) (0 -211 327.924988 ) (0 0 327.924988 ) (0 0 248.210007 ) 
4 113 116 (64 -211 248.210007 ) (64 -211 327.924988 ) (0 -211 327.924988 ) (0 -211 248.210007 ) 
4 114 181 (0 -211 32 ) (0 -211 238.205002 ) (0 0 238.205002 ) (0 0 32 ) 
4 114 117 (64 -211 32 ) (64 -211 238.205002 ) (0 -211 238.205002 ) (0 -211 32 ) 
4 115 117 (63.868099 -211 239.235306 ) (63.868099 -211 32 ) (63.868099 -477.867035 32 ) (63.868099 -477.867035 35.160679 ) 
4 115 116 (63.868099 -211 327.924988 ) (63.868099 -211 248 ) (63.868099 -477.867035 248 ) (63.868099 -477.867035 327.924988 ) 
4 116 179 (0 -477.867035 248 ) (0 -477.867035 248.210007 ) (0 -211 248.210007 ) (0 -211 248 ) 
4 116 177 (0 -477.867035 248.210007 ) (0 -477.867035 327.924988 ) (0 -211 327.924988 ) (0 -211 248.210007 ) 
5 117 181 (0 -477.867035 32 ) (0 -477.867035 35.160679 ) (0 -212.347321 238.205002 ) (0 -211 238.205002 ) (0 -211 32 ) 
3 117 180 (0 -212.347321 238.205002 ) (0 -211 239.235306 ) (0 -211 238.205002 ) 
4 118 129 (-612 512 594.286011 ) (-612 512 328 ) (-612 477.867035 328 ) (-612 477.867035 594.286011 ) 
4 118 123 (-76 477.867035 328 ) (-64 477.867035 328 ) (-64 477.867035 594.286011 ) (-76 477.867035 594.286011 ) 
4 118 128 (-612 477.867035 594.286011 ) (-612 477.867035 328 ) (-76 477.867035 328 ) (-76 477.867035 594.286011 ) 
4 118 119 (-64 477.867035 328 ) (0 477.867035 328 ) (0 477.867035 594.286011 ) (-64 477.867035 594.286011 ) 
4 119 126 (-64 476 248 ) (-64 211 248 ) (-64 211 249.472015 ) (-64 476 249.472015 ) 
4 119 124 (-64 211 249.472015 ) (-64 211 594.286011 ) (-64 476 594.286011 ) (-64 476 249.472015 ) 
4 119 123 (-64 477.867035 594.286011 ) (-64 477.867035 248 ) (-64 476 248 ) (-64 476 594.286011 ) 
4 119 121 (-64 211 594.286011 ) (-64 211 248.210007 ) (0 211 248.210007 ) (0 211 594.286011 ) 
4 120 125 (-64 476 32 ) (-64 211 32 ) (-64 211 239.235306 ) (-64 476 36.588394 ) 
4 120 123 (-64 477.867035 35.160675 ) (-64 477.867035 32 ) (-64 476 32 ) (-64 476 36.588394 ) 
4 120 122 (-64 211 238.205002 ) (-64 211 32 ) (0 211 32 ) (0 211 238.205002 ) 
4 121 177 (0 0 248.210007 ) (0 0 594.286011 ) (-64 0 594.286011 ) (-64 0 248.210007 ) 
4 121 126 (-64 211 249.472015 ) (-64 211 248.210007 ) (-64 208 248.210007 ) (-64 208 249.472015 ) 
4 121 124 (-64 208 594.286011 ) (-64 211 594.286011 ) (-64 211 249.472015 ) (-64 208 249.472015 ) 
4 121 127 (-64 0 248.210007 ) (-64 0 594.286011 ) (-64 208 594.286011 ) (-64 208 248.210007 ) 
4 122 181 (0 0 32 ) (0 0 238.205002 ) (-64 0 238.205002 ) (-64 0 32 ) 
4 122 125 (-64 211 32 ) (-64 208 32 ) (-64 208 238.205002 ) (-64 211 238.205002 ) 
4 122 127 (-64 208 32 ) (-64 0 32 ) (-64 0 238.205002 ) (-64 208 238.205002 ) 
4 123 126 (-76 476 249.472015 ) (-76 476 36.531097 ) (-64 476 36.531082 ) (-64 476 249.472015 ) 
4 123 125 (-76 476 36.531097 ) (-76 476 32 ) (-64 476 32 ) (-64 476 36.531082 ) 
4 123 124 (-76 476 594.286011 ) (-76 476 249.472015 ) (-64 476 249.472015 ) (-64 476 594.286011 ) 
4 123 128 (-76 476 594.286011 ) (-76 477.867035 594.286011 ) (-76 477.867035 32 ) (-76 476 32 ) 
4 124 126 (-64 208 249.472015 ) (-76 208 249.472015 ) (-76 476 249.472015 ) (-64 476 249.472015 ) 
4 124 128 (-76 208 594.286011 ) (-76 476 594.286011 ) (-76 476 249.472015 ) (-76 208 249.472015 ) 
4 124 127 (-76 208 594.286011 ) (-76 208 249.472015 ) (-64 208 249.472015 ) (-64 208 594.286011 ) 
4 125 127 (-76 208 241.471985 ) (-76 208 32 ) (-64 208 32 ) (-64 208 241.471985 ) 
4 125 128 (-76 476 36.531097 ) (-76 476 32 ) (-76 208 32 ) (-76 208 241.471985 ) 
4 125 126 (-64 476 36.531418 ) (-76 476 36.531418 ) (-76 208 241.472473 ) (-64 208 241.472473 ) 
4 126 127 (-76 208 249.472015 ) (-76 208 241.471985 ) (-64 208 241.471985 ) (-64 208 249.472015 ) 
4 126 128 (-76 476 249.472015 ) (-76 476 36.531097 ) (-76 208 241.471985 ) (-76 208 249.472015 ) 
4 127 182 (-76 0 32 ) (-64 0 32 ) (-64 0 594.286011 ) (-76 0 594.286011 ) 
4 127 128 (-76 0 594.286011 ) (-76 208 594.286011 ) (-76 208 32 ) (-76 0 32 ) 
4 128 186 (-612 0 594.286011 ) (-612 0 32 ) (-76 0 32 ) (-76 0 594.286011 ) 
4 128 136 (-612 477.867035 32 ) (-612 228 32 ) (-612 228 49.719101 ) (-612 477.867035 49.719101 ) 
4 128 134 (-612 37.571499 74.441498 ) (-612 65.086304 74.441498 ) (-612 65.086304 49.719101 ) (-612 37.571499 49.719101 ) 
4 128 135 (-612 0 49.719101 ) (-612 0 74.441498 ) (-612 10.056601 74.441498 ) (-612 10.056601 49.719101 ) 
4 128 133 (-612 92.601097 74.441498 ) (-612 120.115997 74.441498 ) (-612 120.115997 49.719101 ) (-612 92.601097 49.719101 ) 
4 128 132 (-612 147.631012 74.441498 ) (-612 175.145996 74.441498 ) (-612 175.145996 49.719101 ) (-612 147.631012 49.719101 ) 
4 128 131 (-612 202.660004 74.441498 ) (-612 477.867035 74.441498 ) (-612 477.867035 49.719101 ) (-612 202.660004 49.719101 ) 
4 128 130 (-612 0 74.441498 ) (-612 0 328 ) (-612 477.867035 328 ) (-612 477.867035 74.441498 ) 
4 128 129 (-612 0 328 ) (-612 0 594.286011 ) (-612 477.867035 594.286011 ) (-612 477.867035 328 ) 
4 129 188 (-620 0 594.286011 ) (-620 0 328 ) (-612 0 328 ) (-612 0 594.286011 ) 
4 129 144 (-620 8 594.286011 ) (-620 36 594.286011 ) (-620 36 328 ) (-620 8 328 ) 
4 129 143 (-620 36 594.286011 ) (-620 48 594.286011 ) (-620 48 328 ) (-620 36 328 ) 
4 129 145 (-620 0 328 ) (-620 0 594.286011 ) (-620 8 594.286011 ) (-620 8 328 ) 
4 129 137 (-620 477.867035 594.286011 ) (-620 512 594.286011 ) (-620 512 328 ) (-620 477.867035 328 ) 
4 129 138 (-620 48 594.286011 ) (-620 477.867035 594.286011 ) (-620 477.867035 328 ) (-620 48 328 ) 
4 129 130 (-620 0 328 ) (-620 477.867035 328 ) (-612 477.867035 328 ) (-612 0 328 ) 
4 130 189 (-620 0 328 ) (-620 0 74.441498 ) (-612 0 74.441498 ) (-612 0 328 ) 
4 130 144 (-620 8 328 ) (-620 36 328 ) (-620 36 152 ) (-620 8 152 ) 
4 130 143 (-620 36 328 ) (-620 48 328 ) (-620 48 120 ) (-620 36 120 ) 
4 130 145 (-620 0 120 ) (-620 0 328 ) (-620 8 328 ) (-620 8 120 ) 
4 130 141 (-620 60 74.441498 ) (-620 48 74.441498 ) (-620 48 88.347801 ) (-620 60 88.347801 ) 
4 130 139 (-620 477.867035 88.347801 ) (-620 477.867035 74.441498 ) (-620 142 74.441498 ) (-620 142 88.347801 ) 
4 130 140 (-620 114 74.441498 ) (-620 88 74.441498 ) (-620 88 88.347801 ) (-620 114 88.347801 ) 
4 130 138 (-620 48 328 ) (-620 477.867035 328 ) (-620 477.867035 88.347801 ) (-620 48 88.347801 ) 
4 130 134 (-620 37.571499 74.441498 ) (-620 65.086304 74.441498 ) (-612 65.086304 74.441498 ) (-612 37.571499 74.441498 ) 
4 130 135 (-620 0 74.441498 ) (-620 10.056601 74.441498 ) (-612 10.056601 74.441498 ) (-612 0 74.441498 ) 
4 130 133 (-620 92.601097 74.441498 ) (-620 120.115997 74.441498 ) (-612 120.115997 74.441498 ) (-612 92.601097 74.441498 ) 
4 130 132 (-620 147.631012 74.441498 ) (-620 175.145996 74.441498 ) (-612 175.145996 74.441498 ) (-612 147.631012 74.441498 ) 
4 130 131 (-620 202.660004 74.441498 ) (-620 477.867035 74.441498 ) (-612 477.867035 74.441498 ) (-612 202.660004 74.441498 ) 
4 131 142 (-620 477.867035 63.625404 ) (-620 477.867035 49.719101 ) (-620 202.660004 49.719101 ) (-620 202.660004 63.625404 ) 
4 131 139 (-620 202.660004 74.441498 ) (-620 477.867035 74.441498 ) (-620 477.867035 63.625404 ) (-620 202.660004 63.625404 ) 
4 131 136 (-620 228 49.719101 ) (-620 477.867035 49.719101 ) (-612 477.867035 49.719101 ) (-612 228 49.719101 ) 
4 132 142 (-620 175.145996 63.625404 ) (-620 175.145996 49.719101 ) (-620 152 49.719101 ) (-620 152 63.625404 ) 
4 132 139 (-620 147.631012 74.441498 ) (-620 175.145996 74.441498 ) (-620 175.145996 63.625404 ) (-620 147.631012 63.625404 ) 
4 133 140 (-620 92.601097 74.441498 ) (-620 114 74.441498 ) (-620 114 63.625404 ) (-620 92.601097 63.625404 ) 
4 134 141 (-620 48 74.441498 ) (-620 60 74.441498 ) (-620 60 63.625404 ) (-620 48 63.625404 ) 
4 135 190 (-620 0 74.441498 ) (-620 0 49.719101 ) (-612 0 49.719101 ) (-612 0 74.441498 ) 
4 136 142 (-620 228 49.719101 ) (-620 477.867035 49.719101 ) (-620 477.867035 32 ) (-620 228 32 ) 
4 137 146 (-636 512 594.286011 ) (-636 512 328 ) (-636 477.867035 328 ) (-636 477.867035 594.286011 ) 
4 137 138 (-620 477.867035 328 ) (-620 477.867035 594.286011 ) (-636 477.867035 594.286011 ) (-636 477.867035 328 ) 
4 138 149 (-636 470.077728 88.347801 ) (-636 367.236908 88.347801 ) (-636 367.236908 328 ) (-636 470.077728 328 ) 
4 138 148 (-636 367.236908 88.347801 ) (-636 48 88.347801 ) (-636 48 328 ) (-636 367.236908 328 ) 
4 138 147 (-636 477.867035 88.347801 ) (-636 470.077728 88.347801 ) (-636 470.077728 328 ) (-636 477.867035 328 ) 
4 138 146 (-636 48 328 ) (-636 48 594.286011 ) (-636 477.867035 594.286011 ) (-636 477.867035 328 ) 
4 138 143 (-636 48 594.286011 ) (-636 48 120 ) (-620 48 120 ) (-620 48 594.286011 ) 
4 138 141 (-620 48 88.347801 ) (-636 48 88.347801 ) (-636 60 88.347801 ) (-620 60 88.347801 ) 
4 138 139 (-636 142 88.347801 ) (-636 477.867035 88.347801 ) (-620 477.867035 88.347801 ) (-620 142 88.347801 ) 
4 138 140 (-636 88 88.347801 ) (-636 114 88.347801 ) (-620 114 88.347801 ) (-620 88 88.347801 ) 
4 139 149 (-636 470.077728 63.625404 ) (-636 367.236908 63.625404 ) (-636 367.236877 88.347801 ) (-636 470.077728 88.347801 ) 
4 139 148 (-636 367.236908 63.625404 ) (-636 142 63.625404 ) (-636 142 88.347801 ) (-636 367.236877 88.347801 ) 
4 139 147 (-636 477.867035 63.625404 ) (-636 470.077728 63.625404 ) (-636 470.077728 88.347801 ) (-636 477.867035 88.347801 ) 
4 139 142 (-636 152 63.625404 ) (-636 477.867035 63.625404 ) (-620 477.867035 63.625404 ) (-620 152 63.625404 ) 
4 140 148 (-636 114 63.625404 ) (-636 88 63.625404 ) (-636 88 88.347801 ) (-636 114 88.347801 ) 
4 141 148 (-636 60 63.625404 ) (-636 48 63.625404 ) (-636 48 88.347801 ) (-636 60 88.347801 ) 
4 142 149 (-636 470.077728 32 ) (-636 367.236877 32 ) (-636 367.236908 63.625404 ) (-636 470.077728 63.625404 ) 
4 142 148 (-636 367.236877 32 ) (-636 152 32 ) (-636 152 63.625404 ) (-636 367.236908 63.625404 ) 
4 142 147 (-636 477.867035 32 ) (-636 470.077728 32 ) (-636 470.077728 63.625404 ) (-636 477.867035 63.625404 ) 
4 143 148 (-636 48 328 ) (-636 48 120 ) (-636 36 120 ) (-636 36 328 ) 
4 143 146 (-636 36 594.286011 ) (-636 48 594.286011 ) (-636 48 328 ) (-636 36 328 ) 
4 143 144 (-620 36 152 ) (-620 36 594.286011 ) (-636 36 594.286011 ) (-636 36 152 ) 
4 144 148 (-636 36 328 ) (-636 36 152 ) (-636 8 152 ) (-636 8 328 ) 
4 144 146 (-636 8 594.286011 ) (-636 36 594.286011 ) (-636 36 328 ) (-636 8 328 ) 
4 144 145 (-620 8 152 ) (-620 8 594.286011 ) (-636 8 594.286011 ) (-636 8 152 ) 
4 145 196 (-620 0 120 ) (-620 0 594.286011 ) (-636 0 594.286011 ) (-636 0 120 ) 
4 145 148 (-636 0 120 ) (-636 0 328 ) (-636 8 328 ) (-636 8 120 ) 
4 145 146 (-636 0 328 ) (-636 0 594.286011 ) (-636 8 594.286011 ) (-636 8 328 ) 
4 146 205 (-636 0 328 ) (-636 0 594.286011 ) (-1024 0 594.286011 ) (-1024 0 328 ) 
4 146 151 (-780 472 328 ) (-780 477.867035 328 ) (-772 477.867035 328 ) (-772 472 328 ) 
4 146 152 (-772 0 328 ) (-780 0 328 ) (-780 472 328 ) (-772 472 328 ) 
4 146 150 (-768 477.867035 328 ) (-768 0 328 ) (-772 0 328 ) (-772 477.867035 328 ) 
4 146 153 (-780 0 328 ) (-992 0 328 ) (-992 477.867035 328 ) (-780 477.867035 328 ) 
4 146 149 (-636 470.077728 328 ) (-636 367.236908 328 ) (-768 368.718140 328 ) (-768 471.558960 328 ) 
4 146 148 (-636 367.236908 328 ) (-636 0 328 ) (-768 0 328 ) (-768 368.718140 328 ) 
4 146 147 (-636 477.867035 328 ) (-636 470.077728 328 ) (-768 471.558960 328 ) (-768 477.867035 328 ) 
4 147 156 (-768 477.867035 136 ) (-768 477.867035 48 ) (-768 471.558960 48 ) (-768 471.558960 136 ) 
4 147 150 (-768 471.558960 328 ) (-768 477.867035 328 ) (-768 477.867035 136 ) (-768 471.558960 136 ) 
5 147 149 (-768 471.558929 328 ) (-768 471.558929 96.696594 ) (-703.305908 470.832977 32 ) (-636 470.077698 32 ) (-636 470.077667 328 ) 
4 148 210 (-636 0 32 ) (-636 0 136 ) (-768 0 136 ) (-768 0 32 ) 
4 148 206 (-636 0 136 ) (-636 0 328 ) (-768 0 328 ) (-768 0 136 ) 
4 148 170 (-768 368.718140 96 ) (-768 368.718140 48 ) (-768 368 48 ) (-768 368 96 ) 
4 148 169 (-768 368 120 ) (-768 368.718140 120 ) (-768 368.718140 96 ) (-768 368 96 ) 
4 148 173 (-768 0 48 ) (-768 0 120 ) (-768 352 120 ) (-768 352 48 ) 
4 148 166 (-768 368 134 ) (-768 368.718140 134 ) (-768 368.718140 120 ) (-768 368 120 ) 
4 148 161 (-768 368 136 ) (-768 368.718140 136 ) (-768 368.718140 134 ) (-768 368 134 ) 
4 148 150 (-768 0 136 ) (-768 0 328 ) (-768 368.718140 328 ) (-768 368.718140 136 ) 
5 148 149 (-636 367.236847 32 ) (-704.003967 368 32 ) (-768 368.718109 95.998566 ) (-768 368.718109 328 ) (-636 367.236877 328 ) 
4 149 169 (-768 368.951019 96 ) (-768 368.718140 95.998566 ) (-768 368.718140 120 ) (-768 368.951019 120 ) 
4 149 168 (-768 471.558960 120 ) (-768 471.558960 96.696594 ) (-768 368.951019 96 ) (-768 368.951019 120 ) 
4 149 166 (-768 368.951019 120 ) (-768 368.718140 120 ) (-768 368.718140 134 ) (-768 368.951019 134 ) 
4 149 165 (-768 471.558960 134 ) (-768 471.558960 120 ) (-768 368.951019 120 ) (-768 368.951019 134 ) 
4 149 161 (-768 471.558960 136 ) (-768 471.558960 134 ) (-768 368.718140 134 ) (-768 368.718140 136 ) 
4 149 150 (-768 368.718140 328 ) (-768 471.558960 328 ) (-768 471.558960 136 ) (-768 368.718140 136 ) 
4 150 206 (-768 0 136 ) (-768 0 328 ) (-772 0 328 ) (-772 0 136 ) 
4 150 163 (-772 368 136 ) (-772 368.951019 136 ) (-769.578003 368.951019 136 ) (-769.578003 368 136 ) 
4 150 162 (-772 368.951019 136 ) (-772 471.603851 136 ) (-769.578003 471.576660 136 ) (-769.578003 368.951019 136 ) 
4 150 161 (-768 471.558960 136 ) (-768 368 136 ) (-769.578003 368 136 ) (-769.578003 471.576660 136 ) 
4 150 157 (-772 477.867035 136 ) (-770 477.867035 136 ) (-770 471.581421 136 ) (-772 471.603851 136 ) 
4 150 156 (-770 477.867035 136 ) (-768 477.867035 136 ) (-768 471.558960 136 ) (-770 471.581421 136 ) 
4 150 151 (-772 477.867035 328 ) (-772 477.867035 192 ) (-772 472 192 ) (-772 472 328 ) 
4 150 152 (-772 472 136 ) (-772 0 136 ) (-772 0 328 ) (-772 472 328 ) 
4 151 152 (-780 472 328 ) (-780 472 192 ) (-772 472 192 ) (-772 472 328 ) 
4 151 153 (-780 477.867035 328 ) (-780 477.867035 192 ) (-780 472 192 ) (-780 472 328 ) 
4 152 207 (-772 0 328 ) (-780 0 328 ) (-780 0 136 ) (-772 0 136 ) 
4 152 163 (-772 368.951019 136 ) (-772 368 136 ) (-780 368 136 ) (-780 368.951019 136 ) 
4 152 162 (-772 471.603851 136 ) (-772 368.951019 136 ) (-780 368.951019 136 ) (-780 471.693634 136 ) 
4 152 158 (-772 472 136 ) (-772 471.603851 136 ) (-780 471.693634 136 ) (-780 472 136 ) 
4 152 153 (-780 472 136 ) (-780 0 136 ) (-780 0 328 ) (-780 472 328 ) 
4 153 209 (-780 0 328 ) (-992 0 328 ) (-992 0 136 ) (-780 0 136 ) 
4 153 163 (-780 368.951019 136 ) (-780 368 136 ) (-800 368 136 ) (-800 368.951019 136 ) 
4 153 162 (-780 471.693604 136 ) (-780 368.951019 136 ) (-800 368.951019 136 ) (-800 471.918030 136 ) 
4 153 159 (-780 472 136 ) (-780 471.693604 136 ) (-800 471.918030 136 ) (-800 472 136 ) 
4 154 222 (-810.505798 0 32 ) (-810.505798 0 134 ) (-856 0 134 ) (-856 0 32 ) 
4 154 176 (-810.505920 0 48 ) (-810.505920 0 32 ) (-808 369.166962 32 ) (-808 369.166992 48 ) 
4 154 174 (-808 369.166992 134 ) (-810.505920 0 134 ) (-810.505920 0 48 ) (-808 369.166962 48 ) 
4 154 160 (-807.262329 477.867035 32 ) (-807.262329 477.867035 134 ) (-807.302124 472 134 ) (-807.302124 472 32 ) 
4 154 155 (-856 0 32 ) (-856 0 134 ) (-856 477.867035 134 ) (-856 477.867035 32 ) 
4 155 223 (-856 0 32 ) (-856 0 134 ) (-864 0 134 ) (-864 0 32 ) 
4 156 168 (-768 471.558929 96.696571 ) (-768 471.558929 120 ) (-770 471.581360 120 ) (-770 471.581360 98.696686 ) 
4 156 165 (-768 471.558929 120 ) (-768 471.558929 134 ) (-770 471.581360 134 ) (-770 471.581360 120 ) 
4 156 162 (-769.578003 471.576630 136 ) (-770 471.581360 136 ) (-770 471.581360 134 ) (-769.578003 471.576630 134 ) 
4 156 161 (-768 471.558929 134 ) (-768 471.558929 136 ) (-769.578003 471.576630 136 ) (-769.578003 471.576630 134 ) 
4 156 157 (-770 477.867035 136 ) (-770 477.867035 48 ) (-770 471.579742 48 ) (-770 471.579742 136 ) 
4 157 168 (-770 471.581360 98.696693 ) (-770 471.581360 120 ) (-772 471.603790 120 ) (-772 471.603790 100.696640 ) 
4 157 165 (-770 471.581360 120 ) (-770 471.581360 134 ) (-772 471.603790 134 ) (-772 471.603790 120 ) 
4 157 162 (-770 471.581360 134 ) (-770 471.581360 136 ) (-772 471.603790 136 ) (-772 471.603790 134 ) 
4 157 158 (-772 472 32 ) (-772 471.602692 32 ) (-772 471.602692 136 ) (-772 472 136 ) 
4 158 168 (-772 471.603790 100.696640 ) (-772 471.603790 120 ) (-780 471.693573 120 ) (-780 471.693573 108.696938 ) 
4 158 165 (-772 471.603790 120 ) (-772 471.603790 134 ) (-780 471.693573 134 ) (-780 471.693573 120 ) 
4 158 162 (-772 471.603790 134 ) (-772 471.603790 136 ) (-780 471.693573 136 ) (-780 471.693573 134 ) 
4 158 159 (-780 472 32 ) (-780 471.695313 32 ) (-780 471.695313 136 ) (-780 472 136 ) 
3 159 168 (-780 471.693573 108.696938 ) (-780 471.693573 120 ) (-791.302612 471.820404 120 ) 
5 159 165 (-780 471.693573 120 ) (-780 471.693573 134 ) (-800 471.917999 134 ) (-800 471.917999 128.697769 ) (-791.302612 471.820404 120 ) 
4 159 162 (-780 471.693573 134 ) (-780 471.693573 136 ) (-800 471.917999 136 ) (-800 471.917999 134 ) 
3 160 175 (-800.750977 471.926422 129.448807 ) (-800.750977 471.926422 134 ) (-805.301941 471.977509 134 ) 
4 160 165 (-800 471.917999 128.697769 ) (-800 471.917999 134 ) (-800.750977 471.926422 134 ) (-800.750977 471.926422 129.448807 ) 
4 161 166 (-768 368.951019 134 ) (-768 368 134 ) (-769.578003 368 134 ) (-769.578003 368.951019 134 ) 
4 161 165 (-769.578003 471.581116 134 ) (-768 471.563416 134 ) (-768 368.951019 134 ) (-769.578003 368.951019 134 ) 
4 161 163 (-769.578003 368 135.376999 ) (-769.578003 368 136 ) (-769.578003 368.951019 136 ) (-769.578003 368.951019 135.376999 ) 
4 161 162 (-769.578003 471.576660 136 ) (-769.578003 471.576660 134 ) (-769.578003 368.951019 134 ) (-769.578003 368.951019 136 ) 
4 162 165 (-800 471.922485 134 ) (-769.578003 471.581116 134 ) (-769.578003 368.951019 134 ) (-800 368.951019 134 ) 
4 162 163 (-769.578003 368.951019 135.376999 ) (-769.578003 368.951019 136 ) (-800 368.951019 136 ) (-800 368.951019 135.376999 ) 
5 164 165 (-788.759766 368.951019 134 ) (-788.759766 368.951019 120 ) (-792 368.987396 120 ) (-800.750977 369.085571 128.750763 ) (-800.750977 369.085571 134 ) 
4 165 175 (-800.750977 368.951019 134 ) (-800.750977 471.929688 134 ) (-800.750977 471.929474 129.448807 ) (-800.750977 368.951019 128.749817 ) 
4 165 168 (-791.302551 471.823669 120 ) (-768 471.562164 120 ) (-768 368.951019 120 ) (-792 368.951019 120 ) 
4 165 166 (-769.578003 368.951019 120 ) (-768 368.951019 120 ) (-768 368.951019 134 ) (-769.578003 368.951019 134 ) 
4 166 169 (-769.578003 368.951019 120 ) (-768 368.951019 120 ) (-768 368 120 ) (-769.578003 368 120 ) 
4 167 224 (-770 0 134 ) (-797.498108 0 134 ) (-797.498108 0 120 ) (-770 0 120 ) 
4 167 222 (-797.498108 0 134 ) (-800.750977 0 134 ) (-800.750977 0 120 ) (-797.498108 0 120 ) 
4 167 174 (-800.750977 0 120 ) (-800.750977 0 134 ) (-800.750977 360.876038 134 ) (-800.750977 360.876038 120 ) 
4 167 172 (-800.750977 352 120 ) (-800.750977 360.876038 120 ) (-770 360.876038 120 ) (-770 352 120 ) 
4 167 173 (-800.750977 0 120 ) (-800.750977 352 120 ) (-770 352 120 ) (-770 0 120 ) 
5 168 169 (-769.578003 368.951019 97.574097 ) (-768.003906 368.951019 96 ) (-768 368.951019 96 ) (-768 368.951019 120 ) (-769.578003 368.951019 120 ) 
4 170 176 (-770 368 48 ) (-800.750977 368 48 ) (-800.750977 369.085632 48 ) (-770 368.740570 48 ) 
4 170 174 (-800.750977 369.085632 48 ) (-800.750977 368 48 ) (-800.750977 368 96 ) (-800.750977 369.085632 96 ) 
4 170 171 (-770 368 96 ) (-800.750977 368 96 ) (-800.750977 368 48 ) (-770 368 48 ) 
4 171 176 (-770 360.876038 48 ) (-800.750977 360.876038 48 ) (-800.750977 368 48 ) (-770 368 48 ) 
4 171 174 (-800.750977 368 48 ) (-800.750977 360.876038 48 ) (-800.750977 360.876038 96 ) (-800.750977 368 96 ) 
4 171 172 (-800.750977 360.876038 96 ) (-800.750977 360.876038 48 ) (-770 360.876038 48 ) (-770 360.876038 96 ) 
4 172 176 (-770 352 48 ) (-800.750977 352 48 ) (-800.750977 360.876038 48 ) (-770 360.876038 48 ) 
4 172 174 (-800.750977 360.876038 48 ) (-800.750977 352 48 ) (-800.750977 352 120 ) (-800.750977 360.876038 120 ) 
4 172 173 (-770 352 120 ) (-800.750977 352 120 ) (-800.750977 352 48 ) (-770 352 48 ) 
4 173 224 (-770 0 120 ) (-797.498108 0 120 ) (-797.498108 0 48 ) (-770 0 48 ) 
4 173 222 (-797.498108 0 120 ) (-800.750977 0 120 ) (-800.750977 0 48 ) (-797.498108 0 48 ) 
4 173 214 (-768 0 48 ) (-768 0 120 ) (-770 0 120 ) (-770 0 48 ) 
4 173 176 (-770 0 48 ) (-800.750977 0 48 ) (-800.750977 352 48 ) (-770 352 48 ) 
4 173 174 (-800.750977 352 48 ) (-800.750977 0 48 ) (-800.750977 0 120 ) (-800.750977 352 120 ) 
4 174 222 (-800.750977 0 134 ) (-810.505798 0 134 ) (-810.505798 0 48 ) (-800.750977 0 48 ) 
4 174 176 (-810.500732 0 48 ) (-807.994934 369.166931 48 ) (-800.750977 369.085632 48 ) (-800.750977 0 48 ) 
3 174 175 (-800.750977 369.085571 134 ) (-800.750977 369.085571 128.750778 ) (-806 369.144470 134 ) 
4 176 224 (-770 0 48 ) (-797.498108 0 48 ) (-797.498108 0 32 ) (-770 0 32 ) 
4 176 222 (-797.498108 0 48 ) (-810.505798 0 48 ) (-810.505798 0 32 ) (-797.498108 0 32 ) 
4 177 187 (0 -477.867035 328 ) (0 -477.867035 594.286011 ) (-64.131897 -477.867035 594.286011 ) (-64.131897 -477.867035 328 ) 
4 177 183 (-64.131897 -477.867035 248.210007 ) (-64.131897 -477.867035 594.286011 ) (-64.131897 -212 594.286011 ) (-64.131897 -212 248.210007 ) 
4 177 182 (-64.131897 -212 594.286011 ) (-64.131897 0 594.286011 ) (-64.131897 0 248.210007 ) (-64.131897 -212 248.210007 ) 
4 177 179 (0 -477.867035 248.210007 ) (-64.131897 -477.867035 248.210007 ) (-64.131897 -211 248.210007 ) (0 -211 248.210007 ) 
5 178 182 (-64.131897 -199.263855 248.210007 ) (-64.131897 0 248.210007 ) (-64.131897 0 238.205002 ) (-64.131897 -211 238.205002 ) (-64.131897 -211 239.235291 ) 
4 179 183 (-64.131897 -477.867035 248 ) (-64.131897 -477.867035 248.210007 ) (-64.131897 -212 248.210007 ) (-64.131897 -212 248 ) 
4 179 182 (-64.131897 -212 248.210007 ) (-64.131897 -211 248.210007 ) (-64.131897 -211 248 ) (-64.131897 -212 248 ) 
3 180 184 (-64.131897 -212 238.205002 ) (-64.131897 -212.347305 238.205002 ) (-64.131897 -212 238.470581 ) 
4 180 182 (-64.131897 -211 239.235291 ) (-64.131897 -211 238.205002 ) (-64.131897 -212 238.205002 ) (-64.131897 -212 238.470581 ) 
4 180 181 (-64.131897 -212.347290 238.205002 ) (-64.131897 -211 238.205002 ) (0 -211 238.205002 ) (0 -212.347305 238.205002 ) 
5 181 184 (-64.131897 -212 32 ) (-64.131897 -477.867035 32 ) (-64.131897 -477.867035 35.160679 ) (-64.131897 -212.347321 238.205002 ) (-64.131897 -212 238.205002 ) 
4 181 182 (-64.131897 0 32 ) (-64.131897 -212 32 ) (-64.131897 -212 238.205002 ) (-64.131897 0 238.205002 ) 
4 182 185 (-76 -212 247.472015 ) (-76 -212 239.464615 ) (-64.131897 -212 239.464600 ) (-64.131897 -212 247.472015 ) 
4 182 184 (-76 -212 239.464615 ) (-76 -212 32 ) (-64.131897 -212 32 ) (-64.131897 -212 239.464600 ) 
4 182 183 (-76 -212 594.286011 ) (-76 -212 247.472015 ) (-64.131897 -212 247.472015 ) (-64.131897 -212 594.286011 ) 
4 182 186 (-76 0 32 ) (-76 -212 32 ) (-76 -212 594.286011 ) (-76 0 594.286011 ) 
4 183 187 (-64.131897 -477.867035 328 ) (-64.131897 -477.867035 594.286011 ) (-76 -477.867035 594.286011 ) (-76 -477.867035 328 ) 
4 183 185 (-76 -477.867035 247.472015 ) (-76 -212 247.472015 ) (-64.131897 -212 247.472015 ) (-64.131897 -477.867035 247.472015 ) 
4 183 186 (-76 -477.867035 247.472015 ) (-76 -477.867035 594.286011 ) (-76 -212 594.286011 ) (-76 -212 247.472015 ) 
4 184 186 (-76 -212 32 ) (-76 -477.867035 32 ) (-76 -477.867035 36.154819 ) (-76 -212 239.464615 ) 
4 184 185 (-64.131897 -212 239.464188 ) (-76 -212 239.464188 ) (-76 -477.867035 36.154358 ) (-64.131897 -477.867035 36.156250 ) 
4 185 186 (-76 -477.867035 36.154819 ) (-76 -477.867035 247.472015 ) (-76 -212 247.472015 ) (-76 -212 239.464615 ) 
4 186 195 (-612 -236 32 ) (-612 -477.867035 32 ) (-612 -477.867035 49.719101 ) (-612 -236 49.719101 ) 
4 186 194 (-612 -477.867035 49.719101 ) (-612 -477.867035 74.441498 ) (-612 -210.061996 74.441498 ) (-612 -210.061996 49.719101 ) 
4 186 193 (-612 -182.546997 74.441498 ) (-612 -155.032013 74.441498 ) (-612 -155.032013 49.719101 ) (-612 -182.546997 49.719101 ) 
4 186 191 (-612 -72.487900 74.441498 ) (-612 -44.973003 74.441498 ) (-612 -44.973003 49.719101 ) (-612 -72.487900 49.719101 ) 
4 186 192 (-612 -127.517998 74.441498 ) (-612 -100 74.441498 ) (-612 -100 49.719101 ) (-612 -127.517998 49.719101 ) 
4 186 190 (-612 -17.458202 74.441498 ) (-612 0 74.441498 ) (-612 0 49.719101 ) (-612 -17.458202 49.719101 ) 
4 186 189 (-612 -477.867035 74.441498 ) (-612 -477.867035 328 ) (-612 0 328 ) (-612 0 74.441498 ) 
4 186 188 (-612 -477.867035 328 ) (-612 -477.867035 594.286011 ) (-612 0 594.286011 ) (-612 0 328 ) 
4 186 187 (-612 -477.867035 594.286011 ) (-612 -477.867035 328 ) (-76 -477.867035 328 ) (-76 -477.867035 594.286011 ) 
4 187 188 (-612 -512 328 ) (-612 -512 594.286011 ) (-612 -477.867035 594.286011 ) (-612 -477.867035 328 ) 
4 188 200 (-620 -477.867035 328 ) (-620 -512 328 ) (-620 -512 594.286011 ) (-620 -477.867035 594.286011 ) 
4 188 199 (-620 -56 328 ) (-620 -477.867035 328 ) (-620 -477.867035 594.286011 ) (-620 -56 594.286011 ) 
4 188 197 (-620 -16 328 ) (-620 -44 328 ) (-620 -44 594.286011 ) (-620 -16 594.286011 ) 
4 188 196 (-620 0 594.286011 ) (-620 0 328 ) (-620 -16 328 ) (-620 -16 594.286011 ) 
4 188 198 (-620 -44 328 ) (-620 -56 328 ) (-620 -56 594.286011 ) (-620 -44 594.286011 ) 
4 188 189 (-612 0 328 ) (-612 -477.867035 328 ) (-620 -477.867035 328 ) (-620 0 328 ) 
4 189 203 (-620 -148 74.441498 ) (-620 -477.867035 74.441498 ) (-620 -477.867035 88.347801 ) (-620 -148 88.347801 ) 
4 189 202 (-620 -96 74.441498 ) (-620 -120 74.441498 ) (-620 -120 88.347801 ) (-620 -96 88.347801 ) 
4 189 201 (-620 -56 74.441498 ) (-620 -68 74.441498 ) (-620 -68 88.347801 ) (-620 -56 88.347801 ) 
4 189 199 (-620 -477.867035 88.347801 ) (-620 -477.867035 328 ) (-620 -56 328 ) (-620 -56 88.347801 ) 
4 189 197 (-620 -44 152 ) (-620 -44 328 ) (-620 -16 328 ) (-620 -16 152 ) 
4 189 196 (-620 0 328 ) (-620 0 120 ) (-620 -16 120 ) (-620 -16 328 ) 
4 189 198 (-620 -44 120 ) (-620 -56 120 ) (-620 -56 328 ) (-620 -44 328 ) 
4 189 194 (-612 -210.061996 74.441498 ) (-612 -477.867035 74.441498 ) (-620 -477.867035 74.441498 ) (-620 -210.061996 74.441498 ) 
4 189 193 (-612 -155.032013 74.441498 ) (-612 -182.546997 74.441498 ) (-620 -182.546997 74.441498 ) (-620 -155.032013 74.441498 ) 
4 189 191 (-612 -44.973003 74.441498 ) (-612 -72.487900 74.441498 ) (-620 -72.487900 74.441498 ) (-620 -44.973003 74.441498 ) 
4 189 192 (-612 -100 74.441498 ) (-612 -127.517998 74.441498 ) (-620 -127.517998 74.441498 ) (-620 -100 74.441498 ) 
4 189 190 (-612 0 74.441498 ) (-612 -17.458202 74.441498 ) (-620 -17.458202 74.441498 ) (-620 0 74.441498 ) 
4 191 201 (-620 -68 74.441498 ) (-620 -56 74.441498 ) (-620 -56 63.625404 ) (-620 -68 63.625404 ) 
4 192 202 (-620 -120 74.441498 ) (-620 -100 74.441498 ) (-620 -100 63.625404 ) (-620 -120 63.625404 ) 
4 193 204 (-620 -160 49.719101 ) (-620 -182.546997 49.719101 ) (-620 -182.546997 63.625404 ) (-620 -160 63.625404 ) 
4 193 203 (-620 -182.546997 63.625404 ) (-620 -182.546997 74.441498 ) (-620 -155.032013 74.441498 ) (-620 -155.032013 63.625404 ) 
4 194 204 (-620 -210.061996 49.719101 ) (-620 -477.867035 49.719101 ) (-620 -477.867035 63.625404 ) (-620 -210.061996 63.625404 ) 
4 194 203 (-620 -477.867035 63.625404 ) (-620 -477.867035 74.441498 ) (-620 -210.061996 74.441498 ) (-620 -210.061996 63.625404 ) 
4 194 195 (-612 -236 49.719101 ) (-612 -477.867035 49.719101 ) (-620 -477.867035 49.719101 ) (-620 -236 49.719101 ) 
4 195 204 (-620 -236 32 ) (-620 -477.867035 32 ) (-620 -477.867035 49.719101 ) (-620 -236 49.719101 ) 
4 196 210 (-636 0 136 ) (-636 0 120 ) (-636 -16 120 ) (-636 -16 136 ) 
4 196 206 (-636 0 328 ) (-636 0 136 ) (-636 -16 136 ) (-636 -16 328 ) 
4 196 205 (-636 0 594.286011 ) (-636 0 328 ) (-636 -16 328 ) (-636 -16 594.286011 ) 
4 196 197 (-620 -16 152 ) (-620 -16 594.286011 ) (-636 -16 594.286011 ) (-636 -16 152 ) 
4 197 206 (-636 -44 152 ) (-636 -44 328 ) (-636 -16 328 ) (-636 -16 152 ) 
4 197 205 (-636 -44 328 ) (-636 -44 594.286011 ) (-636 -16 594.286011 ) (-636 -16 328 ) 
4 197 198 (-620 -44 152 ) (-620 -44 594.286011 ) (-636 -44 594.286011 ) (-636 -44 152 ) 
4 198 210 (-636 -44 120 ) (-636 -56 120 ) (-636 -56 136 ) (-636 -44 136 ) 
4 198 206 (-636 -56 136 ) (-636 -56 328 ) (-636 -44 328 ) (-636 -44 136 ) 
4 198 205 (-636 -56 328 ) (-636 -56 594.286011 ) (-636 -44 594.286011 ) (-636 -44 328 ) 
4 198 199 (-636 -56 594.286011 ) (-636 -56 120 ) (-620 -56 120 ) (-620 -56 594.286011 ) 
4 199 212 (-636 -369.840302 88.347801 ) (-636 -472.681091 88.347801 ) (-636 -472.681091 136 ) (-636 -369.840271 136 ) 
4 199 211 (-636 -472.681091 88.347801 ) (-636 -477.867035 88.347801 ) (-636 -477.867035 136 ) (-636 -472.681091 136 ) 
4 199 210 (-636 -56 136 ) (-636 -56 88.347801 ) (-636 -369.840302 88.347801 ) (-636 -369.840271 136 ) 
4 199 206 (-636 -56 328 ) (-636 -56 136 ) (-636 -477.867035 136 ) (-636 -477.867035 328 ) 
4 199 205 (-636 -477.867035 594.286011 ) (-636 -56 594.286011 ) (-636 -56 328 ) (-636 -477.867035 328 ) 
4 199 203 (-636 -477.867035 88.347801 ) (-636 -148 88.347801 ) (-620 -148 88.347801 ) (-620 -477.867035 88.347801 ) 
4 199 202 (-636 -120 88.347801 ) (-636 -96 88.347801 ) (-620 -96 88.347801 ) (-620 -120 88.347801 ) 
4 199 201 (-636 -68 88.347801 ) (-636 -56 88.347801 ) (-620 -56 88.347801 ) (-620 -68 88.347801 ) 
4 199 200 (-620 -477.867035 328 ) (-620 -477.867035 594.286011 ) (-636 -477.867035 594.286011 ) (-636 -477.867035 328 ) 
4 200 205 (-636 -512 328 ) (-636 -512 594.286011 ) (-636 -477.867035 594.286011 ) (-636 -477.867035 328 ) 
4 201 210 (-636 -68 88.347801 ) (-636 -56 88.347801 ) (-636 -56 63.625404 ) (-636 -68 63.625404 ) 
4 202 210 (-636 -120 88.347801 ) (-636 -96 88.347801 ) (-636 -96 63.625404 ) (-636 -120 63.625404 ) 
4 203 212 (-636 -472.681091 88.347801 ) (-636 -369.840271 88.347801 ) (-636 -369.840271 63.625404 ) (-636 -472.681091 63.625404 ) 
4 203 211 (-636 -477.867035 88.347801 ) (-636 -472.681091 88.347801 ) (-636 -472.681091 63.625404 ) (-636 -477.867035 63.625404 ) 
4 203 210 (-636 -369.840271 88.347801 ) (-636 -148 88.347801 ) (-636 -148 63.625404 ) (-636 -369.840271 63.625404 ) 
4 203 204 (-636 -477.867035 63.625404 ) (-636 -160 63.625404 ) (-620 -160 63.625404 ) (-620 -477.867035 63.625404 ) 
4 204 212 (-636 -369.840271 32 ) (-636 -472.681091 32 ) (-636 -472.681091 63.625404 ) (-636 -369.840271 63.625404 ) 
4 204 211 (-636 -472.681091 32 ) (-636 -477.867035 32 ) (-636 -477.867035 63.625404 ) (-636 -472.681091 63.625404 ) 
4 204 210 (-636 -160 32 ) (-636 -369.840271 32 ) (-636 -369.840271 63.625404 ) (-636 -160 63.625404 ) 
4 205 208 (-772 -472 328 ) (-772 -477.867035 328 ) (-780 -477.867035 328 ) (-780 -472 328 ) 
4 205 207 (-780 0 328 ) (-772 0 328 ) (-772 -472 328 ) (-780 -472 328 ) 
4 205 206 (-772 0 328 ) (-636 0 328 ) (-636 -477.867035 328 ) (-772 -477.867035 328 ) 
4 205 209 (-992 0 328 ) (-780 0 328 ) (-780 -477.867035 328 ) (-992 -477.867035 328 ) 
4 206 229 (-770 -472 136 ) (-770 -477.867035 136 ) (-772 -477.867035 136 ) (-772 -472 136 ) 
4 206 220 (-770 -368.336609 136 ) (-770 -471.177429 136 ) (-772 -471.154968 136 ) (-772 -368.314148 136 ) 
4 206 219 (-770 -471.177429 136 ) (-770 -472 136 ) (-772 -472 136 ) (-772 -471.154968 136 ) 
4 206 217 (-768 -368.299988 136 ) (-768 -477.867035 136 ) (-770 -477.867035 136 ) (-770 -368.299988 136 ) 
4 206 212 (-636 -369.840271 136 ) (-636 -472.681091 136 ) (-768 -471.199860 136 ) (-768 -368.359039 136 ) 
4 206 211 (-636 -472.681091 136 ) (-636 -477.867035 136 ) (-768 -477.867035 136 ) (-768 -471.199860 136 ) 
4 206 210 (-768 0 136 ) (-636 0 136 ) (-636 -369.840271 136 ) (-768 -368.359039 136 ) 
4 206 208 (-772 -477.867035 192 ) (-772 -477.867035 328 ) (-772 -472 328 ) (-772 -472 192 ) 
4 206 207 (-772 0 136 ) (-772 -472 136 ) (-772 -472 328 ) (-772 0 328 ) 
4 207 220 (-772 -368.314148 136 ) (-772 -471.154968 136 ) (-780 -471.065216 136 ) (-780 -368.224396 136 ) 
4 207 219 (-772 -471.154968 136 ) (-772 -472 136 ) (-780 -472 136 ) (-780 -471.065216 136 ) 
4 207 208 (-780 -472 328 ) (-780 -472 192 ) (-772 -472 192 ) (-772 -472 328 ) 
4 207 209 (-780 0 136 ) (-780 -472 136 ) (-780 -472 328 ) (-780 0 328 ) 
4 208 209 (-780 -477.867035 192 ) (-780 -477.867035 328 ) (-780 -472 328 ) (-780 -472 192 ) 
5 209 221 (-799.249023 -470.849213 136 ) (-800 -470.840790 136 ) (-800 -368.602386 136 ) (-799.995911 -368 136 ) (-799.249023 -368.008362 136 ) 
4 209 220 (-780 -368.299988 136 ) (-780 -471.065216 136 ) (-799.249023 -470.849213 136 ) (-799.249023 -368.299988 136 ) 
4 209 219 (-780 -471.065216 136 ) (-780 -472 136 ) (-800 -472 136 ) (-800 -470.840790 136 ) 
4 210 216 (-768 -368 48 ) (-768 -368.359039 48 ) (-768 -368.359039 104 ) (-768 -368 104 ) 
4 210 215 (-768 -368.359039 104 ) (-768 -368.359039 120 ) (-768 -368 120 ) (-768 -368 104 ) 
4 210 214 (-768 0 120 ) (-768 0 48 ) (-768 -352 48 ) (-768 -352 120 ) 
4 210 213 (-768 -368 120 ) (-768 -368.359039 120 ) (-768 -368.359039 134 ) (-768 -368 134 ) 
5 210 212 (-768 -368.359039 136 ) (-768 -368.359039 104.002800 ) (-696 -369.166992 32 ) (-636 -369.840271 32 ) (-636 -369.840271 136 ) 
4 211 218 (-768 -471.199860 103.304764 ) (-768 -471.199860 48 ) (-768 -477.867035 48 ) (-768 -477.867035 103.259537 ) 
4 211 217 (-768 -477.867035 136 ) (-768 -471.199860 136 ) (-768 -471.199860 103.304764 ) (-768 -477.867035 103.259537 ) 
5 211 212 (-636 -472.681061 32 ) (-696.697998 -472 32 ) (-768 -471.199829 103.304764 ) (-768 -471.199829 136 ) (-636 -472.681061 136 ) 
4 212 217 (-768 -471.199860 136 ) (-768 -368.359039 136 ) (-768 -368.359039 104.002800 ) (-768 -471.199860 103.304764 ) 
4 213 217 (-768.451050 -368.299988 120 ) (-768 -368.299988 120 ) (-768 -368.299988 134 ) (-768.451050 -368.299988 134 ) 
4 213 215 (-768 -368.299988 120 ) (-768.451050 -368.299988 120 ) (-768.451050 -368 120 ) (-768 -368 120 ) 
4 214 224 (-770 0 120 ) (-770 0 48 ) (-770 -352 48 ) (-770 -352 120 ) 
4 215 217 (-768 -368.299988 104.003235 ) (-768 -368.299988 120 ) (-768.451050 -368.299988 120 ) (-768.451050 -368.299988 104.454239 ) 
4 215 216 (-768 -368.299988 104 ) (-768.451050 -368.299988 104 ) (-768.451050 -368 104 ) (-768 -368 104 ) 
4 216 228 (-770 -368 48 ) (-770 -368.299988 48 ) (-770 -368.299988 104 ) (-770 -368 104 ) 
4 217 229 (-770 -477.867035 136 ) (-770 -472 136 ) (-770 -472 105.299301 ) (-770 -477.867035 105.259476 ) 
4 217 226 (-770 -368.299988 134 ) (-770 -368.299988 106.003174 ) (-770 -471.177429 105.304886 ) (-770 -471.177429 134 ) 
4 217 225 (-770 -471.177429 105.304886 ) (-770 -472 105.299301 ) (-770 -472 134 ) (-770 -471.177429 134 ) 
4 217 220 (-770 -471.177429 136 ) (-770 -368.299988 136 ) (-770 -368.299988 134 ) (-770 -471.177429 134 ) 
4 217 219 (-770 -472 136 ) (-770 -471.177429 136 ) (-770 -471.177429 134 ) (-770 -472 134 ) 
4 217 218 (-768 -477.867035 103.259064 ) (-770 -477.867035 105.258987 ) (-770 -471.177429 105.304230 ) (-768 -471.199860 103.304153 ) 
4 218 229 (-770 -477.867035 48 ) (-770 -477.867035 105.259476 ) (-770 -472 105.299301 ) (-770 -472 48 ) 
4 218 225 (-770 -472 105.299301 ) (-770 -471.177429 105.304886 ) (-770 -471.177429 48 ) (-770 -472 48 ) 
4 219 229 (-772 -472 134 ) (-770 -472 134 ) (-770 -472 136 ) (-772 -472 136 ) 
4 219 225 (-770 -472 134 ) (-800 -472 134 ) (-800 -470.840790 134 ) (-770 -471.177429 134 ) 
4 219 221 (-800 -470.840759 135.306030 ) (-800 -470.840759 136 ) (-799.249023 -470.849182 136 ) (-799.249023 -470.849182 134.555008 ) 
5 219 220 (-770 -471.177399 136 ) (-770 -471.177399 134 ) (-798.694031 -470.855408 134 ) (-799.249023 -470.849182 134.555008 ) (-799.249023 -470.849182 136 ) 
5 220 226 (-770 -368.336609 134 ) (-770 -471.177429 134 ) (-798.694031 -470.855438 134 ) (-797.997925 -368.299988 134 ) (-773.263184 -368.299988 134 ) 
4 220 221 (-799.249023 -470.851563 134.555008 ) (-799.249023 -470.851563 136 ) (-799.249023 -368.299988 136 ) (-799.249023 -368.299988 135.251053 ) 
4 222 230 (-800.701904 -472 32 ) (-800.701904 -472 134 ) (-856 -472 134 ) (-856 -472 32 ) 
4 222 228 (-799.996094 -368 32 ) (-799.945862 -360.601013 32 ) (-799.945862 -360.601013 104 ) (-799.996094 -368 104 ) 
4 222 227 (-799.945862 -360.601013 134 ) (-799.996094 -368 134 ) (-799.996094 -368 104 ) (-799.945862 -360.601013 104 ) 
4 222 225 (-800.694092 -470.833008 134 ) (-800.702026 -472 134 ) (-800.702026 -472 32 ) (-800.694092 -470.833008 32 ) 
4 222 224 (-797.498230 0 134 ) (-799.945862 -360.601013 134 ) (-799.945862 -360.601013 32 ) (-797.498230 0 32 ) 
4 222 223 (-856 -472 32 ) (-856 -472 134 ) (-856 0 134 ) (-856 0 32 ) 
4 223 231 (-864 -472 134 ) (-864 -472 32 ) (-856 -472 32 ) (-856 -472 134 ) 
4 224 228 (-799.945313 -360.601013 104 ) (-799.945313 -360.601013 32 ) (-770 -360.601013 32 ) (-770 -360.601013 104 ) 
4 224 227 (-799.945313 -360.601013 134 ) (-799.945313 -360.601013 104 ) (-799.249023 -360.601013 104 ) (-799.249023 -360.601013 134 ) 
4 225 230 (-800 -472 134 ) (-800.701904 -472 134 ) (-800.701904 -472 32 ) (-800 -472 32 ) 
4 225 229 (-770 -472 32 ) (-770 -472 134 ) (-772 -472 134 ) (-772 -472 32 ) 
3 225 226 (-798.694031 -470.855408 134 ) (-770 -471.177399 134 ) (-770 -471.177399 105.304886 ) 
4 227 228 (-799.994751 -368 104 ) (-799.944336 -360.601013 104 ) (-799.249023 -360.601013 104 ) (-799.249023 -368.008362 104 ) 
4 230 231 (-856 -477.867035 32 ) (-856 -477.867035 134 ) (-856 -472 134 ) (-856 -472 32 ) 
