


materialPath: D:\Steam\steamapps\common\Counter-Strike Global Offensive\csgo\materials
Loading D:\OneDrive\Desktop\csgo\hammer maps\Shorter Fuse\achievement_shorter_fuse.vmf
Map revision 37
fixing up env_cubemap materials on brush sides...
0...1...2...3...4...5...6...7...8...9...100...1...2...3...4...5...6...7...8...9...10Processing areas...done (0)
Building Faces...done (0)
Chop Details...done (0)
Find Visible Detail Sides...done (0)
Merging details...done (0)
FixTjuncs...
PruneNodes...
WriteBSP...
done (0)
writing D:\OneDrive\Desktop\csgo\hammer maps\Shorter Fuse\achievement_shorter_fuse.prt...Building visibility clusters...
AutoVisClustering (threshold=-1) matched 0 leafs.
done (0)
Finding displacement neighbors...
Finding lightmap sample positions...
Displacement Alpha : 0...1...2...3...4...5...6...7...8...9...10
Building Physics collision data...
done (0) (4310 bytes)
Placing detail props : 0...1...2...3...4...5...6...7...8...9...10
Compacting texture/material tables...
Reduced 15 texinfos to 11
Reduced 4 texdatas to 4 (84 bytes to 84)
Writing D:\OneDrive\Desktop\csgo\hammer maps\Shorter Fuse\achievement_shorter_fuse.bsp
MSG_FILEWRITE - Filesystem was asked to write to 'd:\onedrive\desktop\csgo\hammer maps\shorter fuse\achievement_shorter_fuse.bsp', but we don't own that location. Allowing...
0 seconds elapsed



16 threads
reading d:\onedrive\desktop\csgo\hammer maps\shorter fuse\achievement_shorter_fuse.bsp
reading d:\onedrive\desktop\csgo\hammer maps\shorter fuse\achievement_shorter_fuse.prt
   1 portalclusters
   0 numportals
0...1...2...3...4...5...6...7...8...9...100...1...2...3...4...5...6...7...8...9...10Optimized: 0 visible clusters (0.00%)
Total clusters visible: 1
Average clusters visible: 1
Building PAS...
Average clusters audible: 1
visdatasize:14  compressed from 16
writing d:\onedrive\desktop\csgo\hammer maps\shorter fuse\achievement_shorter_fuse.bsp
MSG_FILEWRITE - Filesystem was asked to write to 'd:\onedrive\desktop\csgo\hammer maps\shorter fuse\achievement_shorter_fuse.bsp', but we don't own that location. Allowing...
0 seconds elapsed



[Reading texlights from 'lights.rad']
[17 texlights parsed from 'lights.rad']

Loading d:\onedrive\desktop\csgo\hammer maps\shorter fuse\achievement_shorter_fuse.bsp
18 faces
2094 square feet [301594.88 square inches]
0 Displacements
0 Square Feet [0.00 Square Inches]
18 patches before subdivision
120 patches after subdivision
2 direct lights
0...1...2...3...4...5...6...7...8...9...100...1...2...3...4...5...6...7...8...9...10transfers 2588, max 56
transfer lists:   0.0 megs
0...1...2...3...4...5...6...7...8...9...10	Bounce #1 added RGB(745, 209, 2)
0...1...2...3...4...5...6...7...8...9...10	Bounce #2 added RGB(469, 37, 0)
0...1...2...3...4...5...6...7...8...9...10	Bounce #3 added RGB(275, 6, 0)
0...1...2...3...4...5...6...7...8...9...10	Bounce #4 added RGB(163, 1, 0)
0...1...2...3...4...5...6...7...8...9...10	Bounce #5 added RGB(96, 0, 0)
0...1...2...3...4...5...6...7...8...9...10	Bounce #6 added RGB(57, 0, 0)
0...1...2...3...4...5...6...7...8...9...10	Bounce #7 added RGB(34, 0, 0)
0...1...2...3...4...5...6...7...8...9...10	Bounce #8 added RGB(20, 0, 0)
0...1...2...3...4...5...6...7...8...9...10	Bounce #9 added RGB(12, 0, 0)
0...1...2...3...4...5...6...7...8...9...10	Bounce #10 added RGB(7, 0, 0)
0...1...2...3...4...5...6...7...8...9...10	Bounce #11 added RGB(4, 0, 0)
0...1...2...3...4...5...6...7...8...9...10	Bounce #12 added RGB(2, 0, 0)
0...1...2...3...4...5...6...7...8...9...10	Bounce #13 added RGB(1, 0, 0)
0...1...2...3...4...5...6...7...8...9...10	Bounce #14 added RGB(1, 0, 0)
Build Patch/Sample Hash Table(s).....Done<0.0000 sec>
0...1...2...3...4...5...6...7...8...9...10FinalLightFace Done
0 of 0 (0% of) surface lights went in leaf ambient cubes.
0...1...2...3...4...5...6...7...8...9...10Writing leaf ambient...done
Ready to Finish

Object names       Objects/Maxobjs  Memory / Maxmem  Fullness 
------------       ---------------  ---------------  -------- 
models                   3/1024          144/49152    ( 0.3%) 
brushes                 10/8192          120/98304    ( 0.1%) 
brushsides              60/81920         480/655360   ( 0.1%) 
planes                  74/65536        1480/1310720  ( 0.1%) 
vertexes                41/65536         492/786432   ( 0.1%) 
nodes                   22/65536         704/2097152  ( 0.0%) 
texinfos                11/12288         792/884736   ( 0.1%) 
texdata                  4/4096          128/131072   ( 0.1%) 
dispinfos                0/0               0/0        ( 0.0%) 
disp_verts               0/0               0/0        ( 0.0%) 
disp_tris                0/0               0/0        ( 0.0%) 
disp_multiblend          0/0               0/0        ( 0.0%) 
disp_lmsamples           0/0               0/0        ( 0.0%) 
faces                   18/65536        1008/3670016  ( 0.0%) 
hdr faces                0/65536           0/3670016  ( 0.0%) 
origfaces               18/65536        1008/3670016  ( 0.0%) 
facebrushes              0/0               0/0        ( 0.0%) 
facebrushlists          18/0              72/0        ( 0.0%) 
leaves                  26/65536         832/2097152  ( 0.0%) 
leaffaces               18/65536          36/131072   ( 0.0%) 
leafbrushes             10/65536          20/131072   ( 0.0%) 
areas                    2/1024           16/8192     ( 0.2%) 
surfedges              144/512000        576/2048000  ( 0.0%) 
edges                   85/256000        340/1024000  ( 0.0%) 
LDR worldlights          2/8192          200/819200   ( 0.0%) 
HDR worldlights          0/8192            0/819200   ( 0.0%) 
leafwaterdata            0/32768           0/393216   ( 0.0%) 
waterstrips              0/32768           0/327680   ( 0.0%) 
waterverts               0/65536           0/786432   ( 0.0%) 
waterindices             0/65536           0/131072   ( 0.0%) 
cubemapsamples           0/1024            0/16384    ( 0.0%) 
overlays                 0/1024            0/360448   ( 0.0%) 
LDR lightdata         [variable]        4124/0        ( 0.0%) 
HDR lightdata         [variable]           0/0        ( 0.0%) 
visdata               [variable]          14/16777216 ( 0.0%) 
entdata               [variable]        3642/393216   ( 0.9%) 
LDR ambient table       26/65536         104/262144   ( 0.0%) 
HDR ambient table       26/65536         104/262144   ( 0.0%) 
LDR leaf ambient       117/65536        3276/1835008  ( 0.2%) 
HDR leaf ambient        26/65536         728/1835008  ( 0.0%) 
occluders                0/0               0/0        ( 0.0%) 
occluder polygons        0/0               0/0        ( 0.0%) 
occluder vert ind        0/0               0/0        ( 0.0%) 
detail props          [variable]           1/12       ( 8.3%) 
static props          [variable]           1/12       ( 8.3%) 
pakfile               [variable]       74494/0        ( 0.0%) 
physics               [variable]        4310/4194304  ( 0.1%) 
physics terrain       [variable]           2/1048576  ( 0.0%) 

Level flags = 7c

Total triangle count: 36
Writing d:\onedrive\desktop\csgo\hammer maps\shorter fuse\achievement_shorter_fuse.bsp
MSG_FILEWRITE - Filesystem was asked to write to 'd:\onedrive\desktop\csgo\hammer maps\shorter fuse\achievement_shorter_fuse.bsp', but we don't own that location. Allowing...
0 seconds elapsed



materialPath: D:\Steam\steamapps\common\Counter-Strike Global Offensive\csgo\materials
Loading D:\OneDrive\Desktop\csgo\hammer maps\Shorter Fuse\achievement_shorter_fuse.vmf
Map revision 39
fixing up env_cubemap materials on brush sides...
0...1...2...3...4...5...6...7...8...9...100...1...2...3...4...5...6...7...8...9...10Processing areas...done (0)
Building Faces...done (0)
Chop Details...done (0)
Find Visible Detail Sides...done (0)
Merging details...done (0)
FixTjuncs...
PruneNodes...
WriteBSP...
done (0)
writing D:\OneDrive\Desktop\csgo\hammer maps\Shorter Fuse\achievement_shorter_fuse.prt...Building visibility clusters...
AutoVisClustering (threshold=-1) matched 0 leafs.
done (0)
Finding displacement neighbors...
Finding lightmap sample positions...
Displacement Alpha : 0...1...2...3...4...5...6...7...8...9...10
Building Physics collision data...
done (0) (4310 bytes)
Placing detail props : 0...1...2...3...4...5...6...7...8...9...10
Compacting texture/material tables...
Reduced 15 texinfos to 11
Reduced 4 texdatas to 4 (84 bytes to 84)
Writing D:\OneDrive\Desktop\csgo\hammer maps\Shorter Fuse\achievement_shorter_fuse.bsp
MSG_FILEWRITE - Filesystem was asked to write to 'd:\onedrive\desktop\csgo\hammer maps\shorter fuse\achievement_shorter_fuse.bsp', but we don't own that location. Allowing...
0 seconds elapsed



16 threads
reading d:\onedrive\desktop\csgo\hammer maps\shorter fuse\achievement_shorter_fuse.bsp
reading d:\onedrive\desktop\csgo\hammer maps\shorter fuse\achievement_shorter_fuse.prt
   1 portalclusters
   0 numportals
0...1...2...3...4...5...6...7...8...9...100...1...2...3...4...5...6...7...8...9...10Optimized: 0 visible clusters (0.00%)
Total clusters visible: 1
Average clusters visible: 1
Building PAS...
Average clusters audible: 1
visdatasize:14  compressed from 16
writing d:\onedrive\desktop\csgo\hammer maps\shorter fuse\achievement_shorter_fuse.bsp
MSG_FILEWRITE - Filesystem was asked to write to 'd:\onedrive\desktop\csgo\hammer maps\shorter fuse\achievement_shorter_fuse.bsp', but we don't own that location. Allowing...
0 seconds elapsed



[Reading texlights from 'lights.rad']
[17 texlights parsed from 'lights.rad']

Loading d:\onedrive\desktop\csgo\hammer maps\shorter fuse\achievement_shorter_fuse.bsp
18 faces
2094 square feet [301594.88 square inches]
0 Displacements
0 Square Feet [0.00 Square Inches]
18 patches before subdivision
120 patches after subdivision
2 direct lights
0...1...2...3...4...5...6...7...8...9...100...1...2...3...4...5...6...7...8...9...10transfers 2588, max 56
transfer lists:   0.0 megs
0...1...2...3...4...5...6...7...8...9...10	Bounce #1 added RGB(1149, 323, 3)
0...1...2...3...4...5...6...7...8...9...10	Bounce #2 added RGB(724, 57, 0)
0...1...2...3...4...5...6...7...8...9...10	Bounce #3 added RGB(414, 9, 0)
0...1...2...3...4...5...6...7...8...9...10	Bounce #4 added RGB(246, 2, 0)
0...1...2...3...4...5...6...7...8...9...10	Bounce #5 added RGB(145, 0, 0)
0...1...2...3...4...5...6...7...8...9...10	Bounce #6 added RGB(86, 0, 0)
0...1...2...3...4...5...6...7...8...9...10	Bounce #7 added RGB(51, 0, 0)
0...1...2...3...4...5...6...7...8...9...10	Bounce #8 added RGB(30, 0, 0)
0...1...2...3...4...5...6...7...8...9...10	Bounce #9 added RGB(18, 0, 0)
0...1...2...3...4...5...6...7...8...9...10	Bounce #10 added RGB(10, 0, 0)
0...1...2...3...4...5...6...7...8...9...10	Bounce #11 added RGB(6, 0, 0)
0...1...2...3...4...5...6...7...8...9...10	Bounce #12 added RGB(4, 0, 0)
0...1...2...3...4...5...6...7...8...9...10	Bounce #13 added RGB(2, 0, 0)
0...1...2...3...4...5...6...7...8...9...10	Bounce #14 added RGB(1, 0, 0)
0...1...2...3...4...5...6...7...8...9...10	Bounce #15 added RGB(1, 0, 0)
Build Patch/Sample Hash Table(s).....Done<0.0000 sec>
0...1...2...3...4...5...6...7...8...9...10FinalLightFace Done
0 of 0 (0% of) surface lights went in leaf ambient cubes.
0...1...2...3...4...5...6...7...8...9...10Writing leaf ambient...done
Ready to Finish

Object names       Objects/Maxobjs  Memory / Maxmem  Fullness 
------------       ---------------  ---------------  -------- 
models                   3/1024          144/49152    ( 0.3%) 
brushes                 10/8192          120/98304    ( 0.1%) 
brushsides              60/81920         480/655360   ( 0.1%) 
planes                  74/65536        1480/1310720  ( 0.1%) 
vertexes                41/65536         492/786432   ( 0.1%) 
nodes                   22/65536         704/2097152  ( 0.0%) 
texinfos                11/12288         792/884736   ( 0.1%) 
texdata                  4/4096          128/131072   ( 0.1%) 
dispinfos                0/0               0/0        ( 0.0%) 
disp_verts               0/0               0/0        ( 0.0%) 
disp_tris                0/0               0/0        ( 0.0%) 
disp_multiblend          0/0               0/0        ( 0.0%) 
disp_lmsamples           0/0               0/0        ( 0.0%) 
faces                   18/65536        1008/3670016  ( 0.0%) 
hdr faces                0/65536           0/3670016  ( 0.0%) 
origfaces               18/65536        1008/3670016  ( 0.0%) 
facebrushes              0/0               0/0        ( 0.0%) 
facebrushlists          18/0              72/0        ( 0.0%) 
leaves                  26/65536         832/2097152  ( 0.0%) 
leaffaces               18/65536          36/131072   ( 0.0%) 
leafbrushes             10/65536          20/131072   ( 0.0%) 
areas                    2/1024           16/8192     ( 0.2%) 
surfedges              144/512000        576/2048000  ( 0.0%) 
edges                   85/256000        340/1024000  ( 0.0%) 
LDR worldlights          2/8192          200/819200   ( 0.0%) 
HDR worldlights          0/8192            0/819200   ( 0.0%) 
leafwaterdata            0/32768           0/393216   ( 0.0%) 
waterstrips              0/32768           0/327680   ( 0.0%) 
waterverts               0/65536           0/786432   ( 0.0%) 
waterindices             0/65536           0/131072   ( 0.0%) 
cubemapsamples           0/1024            0/16384    ( 0.0%) 
overlays                 0/1024            0/360448   ( 0.0%) 
LDR lightdata         [variable]        4124/0        ( 0.0%) 
HDR lightdata         [variable]           0/0        ( 0.0%) 
visdata               [variable]          14/16777216 ( 0.0%) 
entdata               [variable]        3840/393216   ( 1.0%) 
LDR ambient table       26/65536         104/262144   ( 0.0%) 
HDR ambient table       26/65536         104/262144   ( 0.0%) 
LDR leaf ambient       110/65536        3080/1835008  ( 0.2%) 
HDR leaf ambient        26/65536         728/1835008  ( 0.0%) 
occluders                0/0               0/0        ( 0.0%) 
occluder polygons        0/0               0/0        ( 0.0%) 
occluder vert ind        0/0               0/0        ( 0.0%) 
detail props          [variable]           1/12       ( 8.3%) 
static props          [variable]           1/12       ( 8.3%) 
pakfile               [variable]       74494/0        ( 0.0%) 
physics               [variable]        4310/4194304  ( 0.1%) 
physics terrain       [variable]           2/1048576  ( 0.0%) 

Level flags = 7c

Total triangle count: 36
Writing d:\onedrive\desktop\csgo\hammer maps\shorter fuse\achievement_shorter_fuse.bsp
MSG_FILEWRITE - Filesystem was asked to write to 'd:\onedrive\desktop\csgo\hammer maps\shorter fuse\achievement_shorter_fuse.bsp', but we don't own that location. Allowing...
0 seconds elapsed



materialPath: D:\Steam\steamapps\common\Counter-Strike Global Offensive\csgo\materials
Loading D:\OneDrive\Desktop\csgo\hammer maps\Shorter Fuse\achievement_shorter_fuse.vmf
Map revision 41
fixing up env_cubemap materials on brush sides...
0...1...2...3...4...5...6...7...8...9...100...1...2...3...4...5...6...7...8...9...10Processing areas...done (0)
Building Faces...done (0)
Chop Details...done (0)
Find Visible Detail Sides...done (0)
Merging details...done (0)
FixTjuncs...
PruneNodes...
WriteBSP...
done (0)
writing D:\OneDrive\Desktop\csgo\hammer maps\Shorter Fuse\achievement_shorter_fuse.prt...Building visibility clusters...
AutoVisClustering (threshold=-1) matched 0 leafs.
done (0)
Finding displacement neighbors...
Finding lightmap sample positions...
Displacement Alpha : 0...1...2...3...4...5...6...7...8...9...10
Building Physics collision data...
done (0) (4862 bytes)
Placing detail props : 0...1...2...3...4...5...6...7...8...9...10
Compacting texture/material tables...
Reduced 18 texinfos to 14
Reduced 4 texdatas to 4 (84 bytes to 84)
Writing D:\OneDrive\Desktop\csgo\hammer maps\Shorter Fuse\achievement_shorter_fuse.bsp
MSG_FILEWRITE - Filesystem was asked to write to 'd:\onedrive\desktop\csgo\hammer maps\shorter fuse\achievement_shorter_fuse.bsp', but we don't own that location. Allowing...
0 seconds elapsed



16 threads
reading d:\onedrive\desktop\csgo\hammer maps\shorter fuse\achievement_shorter_fuse.bsp
reading d:\onedrive\desktop\csgo\hammer maps\shorter fuse\achievement_shorter_fuse.prt
   1 portalclusters
   0 numportals
0...1...2...3...4...5...6...7...8...9...100...1...2...3...4...5...6...7...8...9...10Optimized: 0 visible clusters (0.00%)
Total clusters visible: 1
Average clusters visible: 1
Building PAS...
Average clusters audible: 1
visdatasize:14  compressed from 16
writing d:\onedrive\desktop\csgo\hammer maps\shorter fuse\achievement_shorter_fuse.bsp
MSG_FILEWRITE - Filesystem was asked to write to 'd:\onedrive\desktop\csgo\hammer maps\shorter fuse\achievement_shorter_fuse.bsp', but we don't own that location. Allowing...
0 seconds elapsed



[Reading texlights from 'lights.rad']
[17 texlights parsed from 'lights.rad']

Loading d:\onedrive\desktop\csgo\hammer maps\shorter fuse\achievement_shorter_fuse.bsp
24 faces
1700 square feet [244890.88 square inches]
0 Displacements
0 Square Feet [0.00 Square Inches]
24 patches before subdivision
126 patches after subdivision
2 direct lights
0...1...2...3...4...5...6...7...8...9...100...1...2...3...4...5...6...7...8...9...10transfers 2742, max 56
transfer lists:   0.0 megs
0...1...2...3...4...5...6...7...8...9...10	Bounce #1 added RGB(1263, 355, 4)
0...1...2...3...4...5...6...7...8...9...10	Bounce #2 added RGB(826, 65, 0)
0...1...2...3...4...5...6...7...8...9...10	Bounce #3 added RGB(473, 11, 0)
0...1...2...3...4...5...6...7...8...9...10	Bounce #4 added RGB(282, 2, 0)
0...1...2...3...4...5...6...7...8...9...10	Bounce #5 added RGB(166, 0, 0)
0...1...2...3...4...5...6...7...8...9...10	Bounce #6 added RGB(98, 0, 0)
0...1...2...3...4...5...6...7...8...9...10	Bounce #7 added RGB(58, 0, 0)
0...1...2...3...4...5...6...7...8...9...10	Bounce #8 added RGB(34, 0, 0)
0...1...2...3...4...5...6...7...8...9...10	Bounce #9 added RGB(20, 0, 0)
0...1...2...3...4...5...6...7...8...9...10	Bounce #10 added RGB(12, 0, 0)
0...1...2...3...4...5...6...7...8...9...10	Bounce #11 added RGB(7, 0, 0)
0...1...2...3...4...5...6...7...8...9...10	Bounce #12 added RGB(4, 0, 0)
0...1...2...3...4...5...6...7...8...9...10	Bounce #13 added RGB(2, 0, 0)
0...1...2...3...4...5...6...7...8...9...10	Bounce #14 added RGB(1, 0, 0)
0...1...2...3...4...5...6...7...8...9...10	Bounce #15 added RGB(1, 0, 0)
Build Patch/Sample Hash Table(s).....Done<0.0000 sec>
0...1...2...3...4...5...6...7...8...9...10FinalLightFace Done
0 of 0 (0% of) surface lights went in leaf ambient cubes.
0...1...2...3...4...5...6...7...8...9...10Writing leaf ambient...done
Ready to Finish

Object names       Objects/Maxobjs  Memory / Maxmem  Fullness 
------------       ---------------  ---------------  -------- 
models                   4/1024          192/49152    ( 0.4%) 
brushes                 11/8192          132/98304    ( 0.1%) 
brushsides              66/81920         528/655360   ( 0.1%) 
planes                  80/65536        1600/1310720  ( 0.1%) 
vertexes                49/65536         588/786432   ( 0.1%) 
nodes                   28/65536         896/2097152  ( 0.0%) 
texinfos                14/12288        1008/884736   ( 0.1%) 
texdata                  4/4096          128/131072   ( 0.1%) 
dispinfos                0/0               0/0        ( 0.0%) 
disp_verts               0/0               0/0        ( 0.0%) 
disp_tris                0/0               0/0        ( 0.0%) 
disp_multiblend          0/0               0/0        ( 0.0%) 
disp_lmsamples           0/0               0/0        ( 0.0%) 
faces                   24/65536        1344/3670016  ( 0.0%) 
hdr faces                0/65536           0/3670016  ( 0.0%) 
origfaces               24/65536        1344/3670016  ( 0.0%) 
facebrushes              0/0               0/0        ( 0.0%) 
facebrushlists          24/0              96/0        ( 0.0%) 
leaves                  33/65536        1056/2097152  ( 0.1%) 
leaffaces               24/65536          48/131072   ( 0.0%) 
leafbrushes             11/65536          22/131072   ( 0.0%) 
areas                    2/1024           16/8192     ( 0.2%) 
surfedges              192/512000        768/2048000  ( 0.0%) 
edges                  109/256000        436/1024000  ( 0.0%) 
LDR worldlights          2/8192          200/819200   ( 0.0%) 
HDR worldlights          0/8192            0/819200   ( 0.0%) 
leafwaterdata            0/32768           0/393216   ( 0.0%) 
waterstrips              0/32768           0/327680   ( 0.0%) 
waterverts               0/65536           0/786432   ( 0.0%) 
waterindices             0/65536           0/131072   ( 0.0%) 
cubemapsamples           0/1024            0/16384    ( 0.0%) 
overlays                 0/1024            0/360448   ( 0.0%) 
LDR lightdata         [variable]        4124/0        ( 0.0%) 
HDR lightdata         [variable]           0/0        ( 0.0%) 
visdata               [variable]          14/16777216 ( 0.0%) 
entdata               [variable]        4267/393216   ( 1.1%) 
LDR ambient table       33/65536         132/262144   ( 0.1%) 
HDR ambient table       33/65536         132/262144   ( 0.1%) 
LDR leaf ambient        66/65536        1848/1835008  ( 0.1%) 
HDR leaf ambient        33/65536         924/1835008  ( 0.1%) 
occluders                0/0               0/0        ( 0.0%) 
occluder polygons        0/0               0/0        ( 0.0%) 
occluder vert ind        0/0               0/0        ( 0.0%) 
detail props          [variable]           1/12       ( 8.3%) 
static props          [variable]           1/12       ( 8.3%) 
pakfile               [variable]       74494/0        ( 0.0%) 
physics               [variable]        4862/4194304  ( 0.1%) 
physics terrain       [variable]           2/1048576  ( 0.0%) 

Level flags = 7c

Total triangle count: 48
Writing d:\onedrive\desktop\csgo\hammer maps\shorter fuse\achievement_shorter_fuse.bsp
MSG_FILEWRITE - Filesystem was asked to write to 'd:\onedrive\desktop\csgo\hammer maps\shorter fuse\achievement_shorter_fuse.bsp', but we don't own that location. Allowing...
0 seconds elapsed



materialPath: D:\Steam\steamapps\common\Counter-Strike Global Offensive\csgo\materials
Loading D:\OneDrive\Desktop\csgo\hammer maps\Shorter Fuse\achievement_shorter_fuse.vmf
Map revision 42
fixing up env_cubemap materials on brush sides...
0...1...2...3...4...5...6...7...8...9...100...1...2...3...4...5...6...7...8...9...10Processing areas...done (0)
Building Faces...done (0)
Chop Details...done (0)
Find Visible Detail Sides...done (0)
Merging details...done (0)
FixTjuncs...
PruneNodes...
WriteBSP...
done (0)
writing D:\OneDrive\Desktop\csgo\hammer maps\Shorter Fuse\achievement_shorter_fuse.prt...Building visibility clusters...
AutoVisClustering (threshold=-1) matched 0 leafs.
done (0)
Finding displacement neighbors...
Finding lightmap sample positions...
Displacement Alpha : 0...1...2...3...4...5...6...7...8...9...10
Building Physics collision data...
done (0) (4862 bytes)
Placing detail props : 0...1...2...3...4...5...6...7...8...9...10
Compacting texture/material tables...
Reduced 18 texinfos to 14
Reduced 4 texdatas to 4 (84 bytes to 84)
Writing D:\OneDrive\Desktop\csgo\hammer maps\Shorter Fuse\achievement_shorter_fuse.bsp
MSG_FILEWRITE - Filesystem was asked to write to 'd:\onedrive\desktop\csgo\hammer maps\shorter fuse\achievement_shorter_fuse.bsp', but we don't own that location. Allowing...
0 seconds elapsed



16 threads
reading d:\onedrive\desktop\csgo\hammer maps\shorter fuse\achievement_shorter_fuse.bsp
reading d:\onedrive\desktop\csgo\hammer maps\shorter fuse\achievement_shorter_fuse.prt
   1 portalclusters
   0 numportals
0...1...2...3...4...5...6...7...8...9...100...1...2...3...4...5...6...7...8...9...10Optimized: 0 visible clusters (0.00%)
Total clusters visible: 1
Average clusters visible: 1
Building PAS...
Average clusters audible: 1
visdatasize:14  compressed from 16
writing d:\onedrive\desktop\csgo\hammer maps\shorter fuse\achievement_shorter_fuse.bsp
MSG_FILEWRITE - Filesystem was asked to write to 'd:\onedrive\desktop\csgo\hammer maps\shorter fuse\achievement_shorter_fuse.bsp', but we don't own that location. Allowing...
0 seconds elapsed



[Reading texlights from 'lights.rad']
[17 texlights parsed from 'lights.rad']

Loading d:\onedrive\desktop\csgo\hammer maps\shorter fuse\achievement_shorter_fuse.bsp
24 faces
1700 square feet [244890.88 square inches]
0 Displacements
0 Square Feet [0.00 Square Inches]
24 patches before subdivision
126 patches after subdivision
2 direct lights
0...1...2...3...4...5...6...7...8...9...100...1...2...3...4...5...6...7...8...9...10transfers 2742, max 56
transfer lists:   0.0 megs
0...1...2...3...4...5...6...7...8...9...10	Bounce #1 added RGB(1263, 355, 4)
0...1...2...3...4...5...6...7...8...9...10	Bounce #2 added RGB(826, 65, 0)
0...1...2...3...4...5...6...7...8...9...10	Bounce #3 added RGB(473, 11, 0)
0...1...2...3...4...5...6...7...8...9...10	Bounce #4 added RGB(282, 2, 0)
0...1...2...3...4...5...6...7...8...9...10	Bounce #5 added RGB(166, 0, 0)
0...1...2...3...4...5...6...7...8...9...10	Bounce #6 added RGB(98, 0, 0)
0...1...2...3...4...5...6...7...8...9...10	Bounce #7 added RGB(58, 0, 0)
0...1...2...3...4...5...6...7...8...9...10	Bounce #8 added RGB(34, 0, 0)
0...1...2...3...4...5...6...7...8...9...10	Bounce #9 added RGB(20, 0, 0)
0...1...2...3...4...5...6...7...8...9...10	Bounce #10 added RGB(12, 0, 0)
0...1...2...3...4...5...6...7...8...9...10	Bounce #11 added RGB(7, 0, 0)
0...1...2...3...4...5...6...7...8...9...10	Bounce #12 added RGB(4, 0, 0)
0...1...2...3...4...5...6...7...8...9...10	Bounce #13 added RGB(2, 0, 0)
0...1...2...3...4...5...6...7...8...9...10	Bounce #14 added RGB(1, 0, 0)
0...1...2...3...4...5...6...7...8...9...10	Bounce #15 added RGB(1, 0, 0)
Build Patch/Sample Hash Table(s).....Done<0.0000 sec>
0...1...2...3...4...5...6...7...8...9...10FinalLightFace Done
0 of 0 (0% of) surface lights went in leaf ambient cubes.
0...1...2...3...4...5...6...7...8...9...10Writing leaf ambient...done
Ready to Finish

Object names       Objects/Maxobjs  Memory / Maxmem  Fullness 
------------       ---------------  ---------------  -------- 
models                   4/1024          192/49152    ( 0.4%) 
brushes                 11/8192          132/98304    ( 0.1%) 
brushsides              66/81920         528/655360   ( 0.1%) 
planes                  80/65536        1600/1310720  ( 0.1%) 
vertexes                49/65536         588/786432   ( 0.1%) 
nodes                   28/65536         896/2097152  ( 0.0%) 
texinfos                14/12288        1008/884736   ( 0.1%) 
texdata                  4/4096          128/131072   ( 0.1%) 
dispinfos                0/0               0/0        ( 0.0%) 
disp_verts               0/0               0/0        ( 0.0%) 
disp_tris                0/0               0/0        ( 0.0%) 
disp_multiblend          0/0               0/0        ( 0.0%) 
disp_lmsamples           0/0               0/0        ( 0.0%) 
faces                   24/65536        1344/3670016  ( 0.0%) 
hdr faces                0/65536           0/3670016  ( 0.0%) 
origfaces               24/65536        1344/3670016  ( 0.0%) 
facebrushes              0/0               0/0        ( 0.0%) 
facebrushlists          24/0              96/0        ( 0.0%) 
leaves                  33/65536        1056/2097152  ( 0.1%) 
leaffaces               24/65536          48/131072   ( 0.0%) 
leafbrushes             11/65536          22/131072   ( 0.0%) 
areas                    2/1024           16/8192     ( 0.2%) 
surfedges              192/512000        768/2048000  ( 0.0%) 
edges                  109/256000        436/1024000  ( 0.0%) 
LDR worldlights          2/8192          200/819200   ( 0.0%) 
HDR worldlights          0/8192            0/819200   ( 0.0%) 
leafwaterdata            0/32768           0/393216   ( 0.0%) 
waterstrips              0/32768           0/327680   ( 0.0%) 
waterverts               0/65536           0/786432   ( 0.0%) 
waterindices             0/65536           0/131072   ( 0.0%) 
cubemapsamples           0/1024            0/16384    ( 0.0%) 
overlays                 0/1024            0/360448   ( 0.0%) 
LDR lightdata         [variable]        4124/0        ( 0.0%) 
HDR lightdata         [variable]           0/0        ( 0.0%) 
visdata               [variable]          14/16777216 ( 0.0%) 
entdata               [variable]        4263/393216   ( 1.1%) 
LDR ambient table       33/65536         132/262144   ( 0.1%) 
HDR ambient table       33/65536         132/262144   ( 0.1%) 
LDR leaf ambient        66/65536        1848/1835008  ( 0.1%) 
HDR leaf ambient        33/65536         924/1835008  ( 0.1%) 
occluders                0/0               0/0        ( 0.0%) 
occluder polygons        0/0               0/0        ( 0.0%) 
occluder vert ind        0/0               0/0        ( 0.0%) 
detail props          [variable]           1/12       ( 8.3%) 
static props          [variable]           1/12       ( 8.3%) 
pakfile               [variable]       74494/0        ( 0.0%) 
physics               [variable]        4862/4194304  ( 0.1%) 
physics terrain       [variable]           2/1048576  ( 0.0%) 

Level flags = 7c

Total triangle count: 48
Writing d:\onedrive\desktop\csgo\hammer maps\shorter fuse\achievement_shorter_fuse.bsp
MSG_FILEWRITE - Filesystem was asked to write to 'd:\onedrive\desktop\csgo\hammer maps\shorter fuse\achievement_shorter_fuse.bsp', but we don't own that location. Allowing...
0 seconds elapsed
