PRT1
88
232
4 0 34 (4096 4096 896 ) (4096 4096 2556.800293 ) (4096 4605.330078 2556.800293 ) (4096 4605.330078 896 ) 
4 0 22 (4992 4096 2556.800293 ) (4096 4096 2556.800293 ) (4096 4096 896 ) (4992 4096 896 ) 
4 0 15 (5056 4096 2556.800293 ) (4992 4096 2556.800293 ) (4992 4096 896 ) (5056 4096 896 ) 
4 0 11 (5056 4096 896 ) (4992 4096 896 ) (4992 4160 896 ) (5056 4160 896 ) 
4 0 9 (4992 4352 896 ) (4992 4416 896 ) (5056 4416 896 ) (5056 4352 896 ) 
4 0 10 (4992 4224 896 ) (4992 4288 896 ) (5056 4288 896 ) (5056 4224 896 ) 
4 0 8 (4992 4480 896 ) (4992 4544 896 ) (5056 4544 896 ) (5056 4480 896 ) 
4 0 12 (4992 4096 896 ) (4096 4096 896 ) (4096 4544 896 ) (4992 4544 896 ) 
4 0 7 (4160 4605.330078 896 ) (4224 4605.330078 896 ) (4224 4544 896 ) (4160 4544 896 ) 
4 0 6 (4288 4605.330078 896 ) (4352 4605.330078 896 ) (4352 4544 896 ) (4288 4544 896 ) 
4 0 5 (4416 4605.330078 896 ) (4480 4605.330078 896 ) (4480 4544 896 ) (4416 4544 896 ) 
4 0 3 (4672 4605.330078 896 ) (4736 4605.330078 896 ) (4736 4544 896 ) (4672 4544 896 ) 
4 0 4 (4544 4605.330078 896 ) (4608 4605.330078 896 ) (4608 4544 896 ) (4544 4544 896 ) 
4 0 1 (4928 4605.330078 896 ) (4992 4605.330078 896 ) (4992 4544 896 ) (4928 4544 896 ) 
4 0 2 (4800 4605.330078 896 ) (4864 4605.330078 896 ) (4864 4544 896 ) (4800 4544 896 ) 
4 1 14 (4992 4548 832 ) (4992 4544 832 ) (4928 4544 832 ) (4928 4548 832 ) 
4 1 12 (4928 4544 832 ) (4992 4544 832 ) (4992 4544 896 ) (4928 4544 896 ) 
4 2 14 (4864 4548 832 ) (4864 4544 832 ) (4800 4544 832 ) (4800 4548 832 ) 
4 2 12 (4800 4544 832 ) (4864 4544 832 ) (4864 4544 896 ) (4800 4544 896 ) 
4 3 14 (4736 4548 832 ) (4736 4544 832 ) (4672 4544 832 ) (4672 4548 832 ) 
4 3 12 (4672 4544 832 ) (4736 4544 832 ) (4736 4544 896 ) (4672 4544 896 ) 
4 4 14 (4608 4548 832 ) (4608 4544 832 ) (4544 4544 832 ) (4544 4548 832 ) 
4 4 12 (4544 4544 832 ) (4608 4544 832 ) (4608 4544 896 ) (4544 4544 896 ) 
4 5 14 (4480 4548 832 ) (4480 4544 832 ) (4416 4544 832 ) (4416 4548 832 ) 
4 5 12 (4416 4544 832 ) (4480 4544 832 ) (4480 4544 896 ) (4416 4544 896 ) 
4 6 14 (4352 4548 832 ) (4352 4544 832 ) (4288 4544 832 ) (4288 4548 832 ) 
4 6 12 (4288 4544 832 ) (4352 4544 832 ) (4352 4544 896 ) (4288 4544 896 ) 
4 7 14 (4224 4548 832 ) (4224 4544 832 ) (4160 4544 832 ) (4160 4548 832 ) 
4 7 12 (4160 4544 832 ) (4224 4544 832 ) (4224 4544 896 ) (4160 4544 896 ) 
4 8 13 (5052 4544 832 ) (5056 4544 832 ) (5056 4480 832 ) (5052 4480 832 ) 
4 8 12 (4992 4544 896 ) (4992 4544 832 ) (4992 4480 832 ) (4992 4480 896 ) 
4 9 13 (5052 4416 832 ) (5056 4416 832 ) (5056 4352 832 ) (5052 4352 832 ) 
4 9 12 (4992 4416 832 ) (4992 4352 832 ) (4992 4352 896 ) (4992 4416 896 ) 
4 10 13 (5052 4288 832 ) (5056 4288 832 ) (5056 4224 832 ) (5052 4224 832 ) 
4 10 12 (4992 4288 832 ) (4992 4224 832 ) (4992 4224 896 ) (4992 4288 896 ) 
4 11 13 (5056 4096 832 ) (5052 4096 832 ) (5052 4160 832 ) (5056 4160 832 ) 
4 11 12 (4992 4160 832 ) (4992 4096 832 ) (4992 4096 896 ) (4992 4160 896 ) 
4 12 43 (4096 4096 832 ) (4096 4096 896 ) (4096 4544 896 ) (4096 4544 832 ) 
4 12 22 (4992 4096 896 ) (4096 4096 896 ) (4096 4096 832 ) (4992 4096 832 ) 
4 12 14 (4992 4096 832 ) (4096 4096 832 ) (4096 4544 832 ) (4992 4544 832 ) 
4 13 31 (5056 4096 832 ) (5052 4096 832 ) (5052 4096 208 ) (5056 4096 208 ) 
4 14 44 (4096 4096 208 ) (4096 4096 832 ) (4096 4548 832 ) (4096 4548 208 ) 
4 14 32 (4992 4096 832 ) (4096 4096 832 ) (4096 4096 208 ) (4992 4096 208 ) 
4 15 23 (5056 3456 896 ) (5056 3456 2556.800293 ) (4992 3456 2556.800293 ) (4992 3456 896 ) 
4 15 22 (4992 3456 896 ) (4992 3456 2556.800293 ) (4992 4096 2556.800293 ) (4992 4096 896 ) 
4 15 16 (5056 3456 896 ) (4992 3456 896 ) (4992 4032 896 ) (5056 4032 896 ) 
4 16 22 (4992 3456 892 ) (4992 3456 896 ) (4992 4032 896 ) (4992 4032 892 ) 
4 16 21 (5056 3456 892 ) (4992 3456 892 ) (4992 3520 892 ) (5056 3520 892 ) 
4 16 19 (4992 3712 892 ) (4992 3776 892 ) (5056 3776 892 ) (5056 3712 892 ) 
4 16 20 (4992 3584 892 ) (4992 3648 892 ) (5056 3648 892 ) (5056 3584 892 ) 
4 16 18 (4992 3840 892 ) (4992 3904 892 ) (5056 3904 892 ) (5056 3840 892 ) 
4 16 17 (4992 3968 892 ) (4992 4032 892 ) (5056 4032 892 ) (5056 3968 892 ) 
4 17 31 (5056 4032 832 ) (5056 3968 832 ) (5052 3968 832 ) (5052 4032 832 ) 
4 17 22 (4992 4032 832 ) (4992 3968 832 ) (4992 3968 892 ) (4992 4032 892 ) 
4 18 31 (5056 3904 832 ) (5056 3840 832 ) (5052 3840 832 ) (5052 3904 832 ) 
4 18 22 (4992 3904 832 ) (4992 3840 832 ) (4992 3840 892 ) (4992 3904 892 ) 
4 19 31 (5056 3776 832 ) (5056 3712 832 ) (5052 3712 832 ) (5052 3776 832 ) 
4 19 22 (4992 3776 832 ) (4992 3712 832 ) (4992 3712 892 ) (4992 3776 892 ) 
4 20 31 (5056 3648 832 ) (5056 3584 832 ) (5052 3584 832 ) (5052 3648 832 ) 
4 20 22 (4992 3648 832 ) (4992 3584 832 ) (4992 3584 892 ) (4992 3648 892 ) 
4 21 31 (5056 3520 832 ) (5056 3456 832 ) (5052 3456 832 ) (5052 3520 832 ) 
4 21 22 (4992 3520 832 ) (4992 3456 832 ) (4992 3456 892 ) (4992 3520 892 ) 
4 22 59 (4096 4096 896 ) (4096 4096 832 ) (4096 3456 832 ) (4096 3456 896 ) 
4 22 58 (4096 4096 2556.800293 ) (4096 4096 896 ) (4096 3456 896 ) (4096 3456 2556.800293 ) 
4 22 32 (4096 3456 832 ) (4096 4096 832 ) (4992 4096 832 ) (4992 3456 832 ) 
4 22 30 (4160 3456 832 ) (4224 3456 832 ) (4224 3456 896 ) (4160 3456 896 ) 
4 22 29 (4288 3456 832 ) (4352 3456 832 ) (4352 3456 896 ) (4288 3456 896 ) 
4 22 28 (4416 3456 832 ) (4480 3456 832 ) (4480 3456 896 ) (4416 3456 896 ) 
4 22 27 (4544 3456 832 ) (4608 3456 832 ) (4608 3456 896 ) (4544 3456 896 ) 
4 22 26 (4672 3456 832 ) (4736 3456 832 ) (4736 3456 896 ) (4672 3456 896 ) 
4 22 24 (4928 3456 832 ) (4992 3456 832 ) (4992 3456 896 ) (4928 3456 896 ) 
4 22 25 (4800 3456 832 ) (4864 3456 832 ) (4864 3456 896 ) (4800 3456 896 ) 
4 22 23 (4096 3456 2556.800293 ) (4096 3456 896 ) (4992 3456 896 ) (4992 3456 2556.800293 ) 
4 23 58 (4096 3456 2556.800293 ) (4096 3456 896 ) (4096 3394.669922 896 ) (4096 3394.669922 2556.800293 ) 
4 23 30 (4224 3394.669922 896 ) (4160 3394.669922 896 ) (4160 3456 896 ) (4224 3456 896 ) 
4 23 29 (4352 3394.669922 896 ) (4288 3394.669922 896 ) (4288 3456 896 ) (4352 3456 896 ) 
4 23 28 (4480 3394.669922 896 ) (4416 3394.669922 896 ) (4416 3456 896 ) (4480 3456 896 ) 
4 23 27 (4608 3394.669922 896 ) (4544 3394.669922 896 ) (4544 3456 896 ) (4608 3456 896 ) 
4 23 26 (4736 3394.669922 896 ) (4672 3394.669922 896 ) (4672 3456 896 ) (4736 3456 896 ) 
4 23 24 (4992 3394.669922 896 ) (4928 3394.669922 896 ) (4928 3456 896 ) (4992 3456 896 ) 
4 23 25 (4864 3394.669922 896 ) (4800 3394.669922 896 ) (4800 3456 896 ) (4864 3456 896 ) 
4 24 33 (4992 3396 832 ) (4992 3394.669922 832 ) (4928 3394.669922 832 ) (4928 3396 832 ) 
4 25 33 (4864 3396 832 ) (4864 3394.669922 832 ) (4800 3394.669922 832 ) (4800 3396 832 ) 
4 26 33 (4736 3396 832 ) (4736 3394.669922 832 ) (4672 3394.669922 832 ) (4672 3396 832 ) 
4 27 33 (4608 3396 832 ) (4608 3394.669922 832 ) (4544 3394.669922 832 ) (4544 3396 832 ) 
4 28 33 (4480 3396 832 ) (4480 3394.669922 832 ) (4416 3394.669922 832 ) (4416 3396 832 ) 
4 29 33 (4352 3396 832 ) (4352 3394.669922 832 ) (4288 3394.669922 832 ) (4288 3396 832 ) 
4 30 33 (4224 3396 832 ) (4224 3394.669922 832 ) (4160 3394.669922 832 ) (4160 3396 832 ) 
4 32 68 (4096 3456 832 ) (4096 4096 832 ) (4096 4096 208 ) (4096 3456 208 ) 
4 33 69 (4096 3394.669922 832 ) (4096 3396 832 ) (4096 3396 208 ) (4096 3394.669922 208 ) 
4 34 58 (4096 4096 896 ) (4096 4096 2556.800293 ) (3072 4096 2556.800293 ) (3072 4096 896 ) 
4 34 45 (3072 4096 896 ) (3072 4096 2556.800293 ) (3072 4605.330078 2556.800293 ) (3072 4605.330078 896 ) 
4 34 42 (3136 4605.330078 896 ) (3200 4605.330078 896 ) (3200 4544 896 ) (3136 4544 896 ) 
4 34 40 (3392 4605.330078 896 ) (3456 4605.330078 896 ) (3456 4544 896 ) (3392 4544 896 ) 
4 34 41 (3264 4605.330078 896 ) (3328 4605.330078 896 ) (3328 4544 896 ) (3264 4544 896 ) 
4 34 39 (3520 4605.330078 896 ) (3584 4605.330078 896 ) (3584 4544 896 ) (3520 4544 896 ) 
4 34 37 (3776 4605.330078 896 ) (3840 4605.330078 896 ) (3840 4544 896 ) (3776 4544 896 ) 
4 34 38 (3648 4605.330078 896 ) (3712 4605.330078 896 ) (3712 4544 896 ) (3648 4544 896 ) 
4 34 35 (4032 4605.330078 896 ) (4096 4605.330078 896 ) (4096 4544 896 ) (4032 4544 896 ) 
4 34 36 (3904 4605.330078 896 ) (3968 4605.330078 896 ) (3968 4544 896 ) (3904 4544 896 ) 
4 34 43 (3072 4096 896 ) (3072 4544 896 ) (4096 4544 896 ) (4096 4096 896 ) 
4 35 44 (4096 4548 832 ) (4096 4544 832 ) (4032 4544 832 ) (4032 4548 832 ) 
4 35 43 (4032 4544 832 ) (4096 4544 832 ) (4096 4544 896 ) (4032 4544 896 ) 
4 36 44 (3968 4548 832 ) (3968 4544 832 ) (3904 4544 832 ) (3904 4548 832 ) 
4 36 43 (3904 4544 832 ) (3968 4544 832 ) (3968 4544 896 ) (3904 4544 896 ) 
4 37 44 (3840 4548 832 ) (3840 4544 832 ) (3776 4544 832 ) (3776 4548 832 ) 
4 37 43 (3776 4544 832 ) (3840 4544 832 ) (3840 4544 896 ) (3776 4544 896 ) 
4 38 44 (3712 4548 832 ) (3712 4544 832 ) (3648 4544 832 ) (3648 4548 832 ) 
4 38 43 (3648 4544 832 ) (3712 4544 832 ) (3712 4544 896 ) (3648 4544 896 ) 
4 39 44 (3584 4548 832 ) (3584 4544 832 ) (3520 4544 832 ) (3520 4548 832 ) 
4 39 43 (3520 4544 832 ) (3584 4544 832 ) (3584 4544 896 ) (3520 4544 896 ) 
4 40 44 (3456 4548 832 ) (3456 4544 832 ) (3392 4544 832 ) (3392 4548 832 ) 
4 40 43 (3392 4544 832 ) (3456 4544 832 ) (3456 4544 896 ) (3392 4544 896 ) 
4 41 44 (3328 4548 832 ) (3328 4544 832 ) (3264 4544 832 ) (3264 4548 832 ) 
4 41 43 (3264 4544 832 ) (3328 4544 832 ) (3328 4544 896 ) (3264 4544 896 ) 
4 42 44 (3200 4548 832 ) (3200 4544 832 ) (3136 4544 832 ) (3136 4548 832 ) 
4 42 43 (3136 4544 832 ) (3200 4544 832 ) (3200 4544 896 ) (3136 4544 896 ) 
4 43 59 (4096 4096 832 ) (4096 4096 896 ) (3072 4096 896 ) (3072 4096 832 ) 
4 43 52 (3072 4096 832 ) (3072 4096 896 ) (3072 4544 896 ) (3072 4544 832 ) 
4 43 44 (3072 4096 832 ) (3072 4544 832 ) (4096 4544 832 ) (4096 4096 832 ) 
4 44 68 (4096 4096 208 ) (4096 4096 832 ) (3072 4096 832 ) (3072 4096 208 ) 
4 44 57 (3072 4096 208 ) (3072 4096 832 ) (3072 4548 832 ) (3072 4548 208 ) 
4 45 71 (2368 4096 2556.800293 ) (2309.510254 4096 2556.800293 ) (2309.510254 4096 896 ) (2368 4096 896 ) 
4 45 70 (3072 4096 896 ) (3072 4096 2556.800293 ) (2368 4096 2556.800293 ) (2368 4096 896 ) 
4 45 56 (2368 4096 896 ) (2309.510254 4096 896 ) (2309.510254 4160 896 ) (2368 4160 896 ) 
4 45 54 (2309.510254 4352 896 ) (2309.510254 4416 896 ) (2368 4416 896 ) (2368 4352 896 ) 
4 45 55 (2309.510254 4224 896 ) (2309.510254 4288 896 ) (2368 4288 896 ) (2368 4224 896 ) 
4 45 53 (2309.510254 4480 896 ) (2309.510254 4544 896 ) (2368 4544 896 ) (2368 4480 896 ) 
4 45 52 (3072 4096 896 ) (2368 4096 896 ) (2368 4544 896 ) (3072 4544 896 ) 
4 45 51 (2368 4605.330078 896 ) (2432 4605.330078 896 ) (2432 4544 896 ) (2368 4544 896 ) 
4 45 50 (2496 4605.330078 896 ) (2560 4605.330078 896 ) (2560 4544 896 ) (2496 4544 896 ) 
4 45 49 (2624 4605.330078 896 ) (2688 4605.330078 896 ) (2688 4544 896 ) (2624 4544 896 ) 
4 45 47 (2880 4605.330078 896 ) (2944 4605.330078 896 ) (2944 4544 896 ) (2880 4544 896 ) 
4 45 48 (2752 4605.330078 896 ) (2816 4605.330078 896 ) (2816 4544 896 ) (2752 4544 896 ) 
4 45 46 (3008 4605.330078 896 ) (3072 4605.330078 896 ) (3072 4544 896 ) (3008 4544 896 ) 
4 46 57 (3072 4548 832 ) (3072 4544 832 ) (3008 4544 832 ) (3008 4548 832 ) 
4 46 52 (3008 4544 832 ) (3072 4544 832 ) (3072 4544 896 ) (3008 4544 896 ) 
4 47 57 (2944 4544 832 ) (2880 4544 832 ) (2880 4548 832 ) (2944 4548 832 ) 
4 47 52 (2880 4544 832 ) (2944 4544 832 ) (2944 4544 896 ) (2880 4544 896 ) 
4 48 57 (2816 4544 832 ) (2752 4544 832 ) (2752 4548 832 ) (2816 4548 832 ) 
4 48 52 (2752 4544 832 ) (2816 4544 832 ) (2816 4544 896 ) (2752 4544 896 ) 
4 49 57 (2688 4544 832 ) (2624 4544 832 ) (2624 4548 832 ) (2688 4548 832 ) 
4 49 52 (2624 4544 832 ) (2688 4544 832 ) (2688 4544 896 ) (2624 4544 896 ) 
4 50 57 (2560 4544 832 ) (2496 4544 832 ) (2496 4548 832 ) (2560 4548 832 ) 
4 50 52 (2496 4544 832 ) (2560 4544 832 ) (2560 4544 896 ) (2496 4544 896 ) 
4 51 57 (2432 4544 832 ) (2368 4544 832 ) (2368 4548 832 ) (2432 4548 832 ) 
4 51 52 (2368 4544 832 ) (2432 4544 832 ) (2432 4544 896 ) (2368 4544 896 ) 
4 52 70 (3072 4096 832 ) (3072 4096 896 ) (2368 4096 896 ) (2368 4096 832 ) 
4 52 57 (3072 4544 832 ) (3072 4096 832 ) (2368 4096 832 ) (2368 4544 832 ) 
4 52 56 (2368 4160 832 ) (2368 4096 832 ) (2368 4096 896 ) (2368 4160 896 ) 
4 52 54 (2368 4416 832 ) (2368 4352 832 ) (2368 4352 896 ) (2368 4416 896 ) 
4 52 55 (2368 4288 832 ) (2368 4224 832 ) (2368 4224 896 ) (2368 4288 896 ) 
4 52 53 (2368 4544 896 ) (2368 4544 832 ) (2368 4480 832 ) (2368 4480 896 ) 
4 53 57 (2364 4544 832 ) (2368 4544 832 ) (2368 4480 832 ) (2364 4480 832 ) 
4 54 57 (2364 4416 832 ) (2368 4416 832 ) (2368 4352 832 ) (2364 4352 832 ) 
4 55 57 (2364 4288 832 ) (2368 4288 832 ) (2368 4224 832 ) (2364 4224 832 ) 
4 56 73 (2309.510254 4096 836 ) (2309.510254 4096 832 ) (2368 4096 832 ) (2368 4096 836 ) 
4 56 57 (2368 4096 832 ) (2364 4096 832 ) (2364 4160 832 ) (2368 4160 832 ) 
4 57 86 (3072 4096 208 ) (3072 4096 832 ) (2364 4096 832 ) (2364 4096 208 ) 
4 58 79 (3072 3456 896 ) (3072 3394.669922 896 ) (3072 3394.669922 2556.800293 ) (3072 3456 2556.800293 ) 
4 58 70 (3072 4096 2556.800293 ) (3072 4096 896 ) (3072 3456 896 ) (3072 3456 2556.800293 ) 
4 58 67 (3200 3394.669922 896 ) (3136 3394.669922 896 ) (3136 3456 896 ) (3200 3456 896 ) 
4 58 66 (3328 3394.669922 896 ) (3264 3394.669922 896 ) (3264 3456 896 ) (3328 3456 896 ) 
4 58 64 (3584 3394.669922 896 ) (3520 3394.669922 896 ) (3520 3456 896 ) (3584 3456 896 ) 
4 58 65 (3456 3394.669922 896 ) (3392 3394.669922 896 ) (3392 3456 896 ) (3456 3456 896 ) 
4 58 63 (3712 3394.669922 896 ) (3648 3394.669922 896 ) (3648 3456 896 ) (3712 3456 896 ) 
4 58 61 (3968 3394.669922 896 ) (3904 3394.669922 896 ) (3904 3456 896 ) (3968 3456 896 ) 
4 58 62 (3840 3394.669922 896 ) (3776 3394.669922 896 ) (3776 3456 896 ) (3840 3456 896 ) 
4 58 60 (4096 3394.669922 896 ) (4032 3394.669922 896 ) (4032 3456 896 ) (4096 3456 896 ) 
4 58 59 (3072 3456 896 ) (3072 4096 896 ) (4096 4096 896 ) (4096 3456 896 ) 
4 59 70 (3072 4096 896 ) (3072 4096 832 ) (3072 3456 832 ) (3072 3456 896 ) 
4 59 68 (3072 3456 832 ) (3072 4096 832 ) (4096 4096 832 ) (4096 3456 832 ) 
4 59 67 (3136 3456 832 ) (3200 3456 832 ) (3200 3456 896 ) (3136 3456 896 ) 
4 59 66 (3264 3456 832 ) (3328 3456 832 ) (3328 3456 896 ) (3264 3456 896 ) 
4 59 64 (3520 3456 832 ) (3584 3456 832 ) (3584 3456 896 ) (3520 3456 896 ) 
4 59 65 (3392 3456 832 ) (3456 3456 832 ) (3456 3456 896 ) (3392 3456 896 ) 
4 59 63 (3648 3456 832 ) (3712 3456 832 ) (3712 3456 896 ) (3648 3456 896 ) 
4 59 61 (3904 3456 832 ) (3968 3456 832 ) (3968 3456 896 ) (3904 3456 896 ) 
4 59 62 (3776 3456 832 ) (3840 3456 832 ) (3840 3456 896 ) (3776 3456 896 ) 
4 59 60 (4032 3456 832 ) (4096 3456 832 ) (4096 3456 896 ) (4032 3456 896 ) 
4 60 69 (4096 3396 832 ) (4096 3394.669922 832 ) (4032 3394.669922 832 ) (4032 3396 832 ) 
4 61 69 (3968 3396 832 ) (3968 3394.669922 832 ) (3904 3394.669922 832 ) (3904 3396 832 ) 
4 62 69 (3840 3396 832 ) (3840 3394.669922 832 ) (3776 3394.669922 832 ) (3776 3396 832 ) 
4 63 69 (3712 3396 832 ) (3712 3394.669922 832 ) (3648 3394.669922 832 ) (3648 3396 832 ) 
4 64 69 (3584 3396 832 ) (3584 3394.669922 832 ) (3520 3394.669922 832 ) (3520 3396 832 ) 
4 65 69 (3456 3396 832 ) (3456 3394.669922 832 ) (3392 3394.669922 832 ) (3392 3396 832 ) 
4 66 69 (3328 3396 832 ) (3328 3394.669922 832 ) (3264 3394.669922 832 ) (3264 3396 832 ) 
4 67 69 (3200 3396 832 ) (3200 3394.669922 832 ) (3136 3394.669922 832 ) (3136 3396 832 ) 
4 68 86 (3072 4096 832 ) (3072 4096 208 ) (3072 3456 208 ) (3072 3456 832 ) 
4 69 87 (3072 3396 208 ) (3072 3394.669922 208 ) (3072 3394.669922 832 ) (3072 3396 832 ) 
4 70 86 (2368 4096 832 ) (3072 4096 832 ) (3072 3456 832 ) (2368 3456 832 ) 
4 70 85 (2368 3456 832 ) (2432 3456 832 ) (2432 3456 896 ) (2368 3456 896 ) 
4 70 84 (2496 3456 832 ) (2560 3456 832 ) (2560 3456 896 ) (2496 3456 896 ) 
4 70 83 (2624 3456 832 ) (2688 3456 832 ) (2688 3456 896 ) (2624 3456 896 ) 
4 70 82 (2752 3456 832 ) (2816 3456 832 ) (2816 3456 896 ) (2752 3456 896 ) 
4 70 81 (2880 3456 832 ) (2944 3456 832 ) (2944 3456 896 ) (2880 3456 896 ) 
4 70 80 (3008 3456 832 ) (3072 3456 832 ) (3072 3456 896 ) (3008 3456 896 ) 
4 70 79 (3072 3456 896 ) (3072 3456 2556.800293 ) (2368 3456 2556.800293 ) (2368 3456 896 ) 
4 70 78 (2368 3520 832 ) (2368 3456 832 ) (2368 3456 892 ) (2368 3520 892 ) 
4 70 77 (2368 3648 832 ) (2368 3584 832 ) (2368 3584 892 ) (2368 3648 892 ) 
4 70 75 (2368 3904 832 ) (2368 3840 832 ) (2368 3840 892 ) (2368 3904 892 ) 
4 70 76 (2368 3776 832 ) (2368 3712 832 ) (2368 3712 892 ) (2368 3776 892 ) 
4 70 74 (2368 4032 832 ) (2368 3968 832 ) (2368 3968 892 ) (2368 4032 892 ) 
4 70 73 (2368 4096 836 ) (2368 4096 832 ) (2368 4032 832 ) (2368 4032 836 ) 
4 70 72 (2368 4032 892 ) (2368 3456 892 ) (2368 3456 896 ) (2368 4032 896 ) 
4 70 71 (2368 4096 2556.800293 ) (2368 4096 896 ) (2368 3456 896 ) (2368 3456 2556.800293 ) 
4 71 79 (2309.510254 3456 2556.800293 ) (2309.510254 3456 896 ) (2368 3456 896 ) (2368 3456 2556.800293 ) 
4 71 72 (2368 4032 896 ) (2368 3456 896 ) (2309.510254 3456 896 ) (2309.510254 4032 896 ) 
4 72 78 (2368 3520 892 ) (2368 3456 892 ) (2309.510254 3456 892 ) (2309.510254 3520 892 ) 
4 72 77 (2368 3648 892 ) (2368 3584 892 ) (2309.510254 3584 892 ) (2309.510254 3648 892 ) 
4 72 75 (2368 3904 892 ) (2368 3840 892 ) (2309.510254 3840 892 ) (2309.510254 3904 892 ) 
4 72 76 (2368 3776 892 ) (2368 3712 892 ) (2309.510254 3712 892 ) (2309.510254 3776 892 ) 
4 72 74 (2368 4032 892 ) (2368 3968 892 ) (2309.510254 3968 892 ) (2309.510254 4032 892 ) 
4 73 86 (2364 4096 832 ) (2368 4096 832 ) (2368 4032 832 ) (2364 4032 832 ) 
4 73 74 (2368 4032 832 ) (2368 4032 836 ) (2309.510254 4032 836 ) (2309.510254 4032 832 ) 
4 74 86 (2364 4032 832 ) (2368 4032 832 ) (2368 3968 832 ) (2364 3968 832 ) 
4 75 86 (2364 3904 832 ) (2368 3904 832 ) (2368 3840 832 ) (2364 3840 832 ) 
4 76 86 (2364 3776 832 ) (2368 3776 832 ) (2368 3712 832 ) (2364 3712 832 ) 
4 77 86 (2364 3648 832 ) (2368 3648 832 ) (2368 3584 832 ) (2364 3584 832 ) 
4 78 86 (2364 3520 832 ) (2368 3520 832 ) (2368 3456 832 ) (2364 3456 832 ) 
4 79 85 (2432 3394.669922 896 ) (2368 3394.669922 896 ) (2368 3456 896 ) (2432 3456 896 ) 
4 79 84 (2560 3394.669922 896 ) (2496 3394.669922 896 ) (2496 3456 896 ) (2560 3456 896 ) 
4 79 83 (2688 3394.669922 896 ) (2624 3394.669922 896 ) (2624 3456 896 ) (2688 3456 896 ) 
4 79 82 (2816 3394.669922 896 ) (2752 3394.669922 896 ) (2752 3456 896 ) (2816 3456 896 ) 
4 79 81 (2944 3394.669922 896 ) (2880 3394.669922 896 ) (2880 3456 896 ) (2944 3456 896 ) 
4 79 80 (3072 3394.669922 896 ) (3008 3394.669922 896 ) (3008 3456 896 ) (3072 3456 896 ) 
4 80 87 (3072 3396 832 ) (3072 3394.669922 832 ) (3008 3394.669922 832 ) (3008 3396 832 ) 
4 81 87 (2944 3396 832 ) (2944 3394.669922 832 ) (2880 3394.669922 832 ) (2880 3396 832 ) 
4 82 87 (2816 3396 832 ) (2816 3394.669922 832 ) (2752 3394.669922 832 ) (2752 3396 832 ) 
4 83 87 (2688 3396 832 ) (2688 3394.669922 832 ) (2624 3394.669922 832 ) (2624 3396 832 ) 
4 84 87 (2560 3396 832 ) (2560 3394.669922 832 ) (2496 3394.669922 832 ) (2496 3396 832 ) 
4 85 87 (2432 3396 832 ) (2432 3394.669922 832 ) (2368 3394.669922 832 ) (2368 3396 832 ) 
