


materialPath: D:\Steam\steamapps\common\Counter-Strike Global Offensive\csgo\materials
Loading D:\OneDrive\Desktop\csgo\hammer maps\Wild Gooseman\wild goosman chase 2\achievement_wild_gooseman_chase.vmf
Map revision 58
fixing up env_cubemap materials on brush sides...
0...1...2...3...4...5...6...7...8...9...100...1...2...3...4...5...6...7...8...9...10Processing areas...done (0)
Building Faces...done (0)
Chop Details...done (0)
Find Visible Detail Sides...done (0)
Merging details...done (0)
FixTjuncs...
PruneNodes...
WriteBSP...
done (0)
writing D:\OneDrive\Desktop\csgo\hammer maps\Wild Gooseman\wild goosman chase 2\achievement_wild_gooseman_chase.prt...Building visibility clusters...
AutoVisClustering (threshold=-1) matched 0 leafs.
done (0)
Finding displacement neighbors...
Finding lightmap sample positions...
Displacement Alpha : 0...1...2...3...4...5...6...7...8...9...10
Building Physics collision data...
done (0) (10633 bytes)
Placing detail props : 0...1...2...3...4...5...6...7...8...9...10
Compacting texture/material tables...
Reduced 28 texinfos to 24
Reduced 4 texdatas to 4 (78 bytes to 78)
Writing D:\OneDrive\Desktop\csgo\hammer maps\Wild Gooseman\wild goosman chase 2\achievement_wild_gooseman_chase.bsp
MSG_FILEWRITE - Filesystem was asked to write to 'd:\onedrive\desktop\csgo\hammer maps\wild gooseman\wild goosman chase 2\achievement_wild_gooseman_chase.bsp', but we don't own that location. Allowing...
0 seconds elapsed



16 threads
reading d:\onedrive\desktop\csgo\hammer maps\wild gooseman\wild goosman chase 2\achievement_wild_gooseman_chase.bsp
reading d:\onedrive\desktop\csgo\hammer maps\wild gooseman\wild goosman chase 2\achievement_wild_gooseman_chase.prt
   4 portalclusters
   2 numportals
0...1...2...3...4...5...6...7...8...9...100...1...2...3...4...5...6...7...8...9...10Optimized: 0 visible clusters (0.00%)
Total clusters visible: 10
Average clusters visible: 2
Building PAS...
Average clusters audible: 2
visdatasize:44  compressed from 64
writing d:\onedrive\desktop\csgo\hammer maps\wild gooseman\wild goosman chase 2\achievement_wild_gooseman_chase.bsp
MSG_FILEWRITE - Filesystem was asked to write to 'd:\onedrive\desktop\csgo\hammer maps\wild gooseman\wild goosman chase 2\achievement_wild_gooseman_chase.bsp', but we don't own that location. Allowing...
0 seconds elapsed



[Reading texlights from 'lights.rad']
[17 texlights parsed from 'lights.rad']

Loading d:\onedrive\desktop\csgo\hammer maps\wild gooseman\wild goosman chase 2\achievement_wild_gooseman_chase.bsp
62 faces
5045 square feet [726576.00 square inches]
0 Displacements
0 Square Feet [0.00 Square Inches]
62 patches before subdivision
354 patches after subdivision
2 direct lights
0...1...2...3...4...5...6...7...8...9...100...1...2...3...4...5...6...7...8...9...10transfers 11073, max 117
transfer lists:   0.1 megs
0...1...2...3...4...5...6...7...8...9...10	Bounce #1 added RGB(3423, 962, 10)
0...1...2...3...4...5...6...7...8...9...10	Bounce #2 added RGB(2175, 172, 0)
0...1...2...3...4...5...6...7...8...9...10	Bounce #3 added RGB(1393, 31, 0)
0...1...2...3...4...5...6...7...8...9...10	Bounce #4 added RGB(890, 6, 0)
0...1...2...3...4...5...6...7...8...9...10	Bounce #5 added RGB(569, 1, 0)
0...1...2...3...4...5...6...7...8...9...10	Bounce #6 added RGB(364, 0, 0)
0...1...2...3...4...5...6...7...8...9...10	Bounce #7 added RGB(233, 0, 0)
0...1...2...3...4...5...6...7...8...9...10	Bounce #8 added RGB(150, 0, 0)
0...1...2...3...4...5...6...7...8...9...10	Bounce #9 added RGB(96, 0, 0)
0...1...2...3...4...5...6...7...8...9...10	Bounce #10 added RGB(62, 0, 0)
0...1...2...3...4...5...6...7...8...9...10	Bounce #11 added RGB(40, 0, 0)
0...1...2...3...4...5...6...7...8...9...10	Bounce #12 added RGB(26, 0, 0)
0...1...2...3...4...5...6...7...8...9...10	Bounce #13 added RGB(17, 0, 0)
0...1...2...3...4...5...6...7...8...9...10	Bounce #14 added RGB(11, 0, 0)
0...1...2...3...4...5...6...7...8...9...10	Bounce #15 added RGB(7, 0, 0)
0...1...2...3...4...5...6...7...8...9...10	Bounce #16 added RGB(4, 0, 0)
0...1...2...3...4...5...6...7...8...9...10	Bounce #17 added RGB(3, 0, 0)
0...1...2...3...4...5...6...7...8...9...10	Bounce #18 added RGB(2, 0, 0)
0...1...2...3...4...5...6...7...8...9...10	Bounce #19 added RGB(1, 0, 0)
0...1...2...3...4...5...6...7...8...9...10	Bounce #20 added RGB(1, 0, 0)
Build Patch/Sample Hash Table(s).....Done<0.0001 sec>
0...1...2...3...4...5...6...7...8...9...10FinalLightFace Done
0 of 0 (0% of) surface lights went in leaf ambient cubes.
0...1...2...3...4...5...6...7...8...9...10Writing leaf ambient...done
Ready to Finish

Object names       Objects/Maxobjs  Memory / Maxmem  Fullness 
------------       ---------------  ---------------  -------- 
models                   8/1024          384/49152    ( 0.8%) 
brushes                 23/8192          276/98304    ( 0.3%) 
brushsides             142/81920        1136/655360   ( 0.2%) 
planes                 158/65536        3160/1310720  ( 0.2%) 
vertexes               114/65536        1368/786432   ( 0.2%) 
nodes                   67/65536        2144/2097152  ( 0.1%) 
texinfos                24/12288        1728/884736   ( 0.2%) 
texdata                  4/4096          128/131072   ( 0.1%) 
dispinfos                0/0               0/0        ( 0.0%) 
disp_verts               0/0               0/0        ( 0.0%) 
disp_tris                0/0               0/0        ( 0.0%) 
disp_multiblend          0/0               0/0        ( 0.0%) 
disp_lmsamples           0/0               0/0        ( 0.0%) 
faces                   62/65536        3472/3670016  ( 0.1%) 
hdr faces                0/65536           0/3670016  ( 0.0%) 
origfaces               56/65536        3136/3670016  ( 0.1%) 
facebrushes              0/0               0/0        ( 0.0%) 
facebrushlists          62/0             248/0        ( 0.0%) 
leaves                  76/65536        2432/2097152  ( 0.1%) 
leaffaces               63/65536         126/131072   ( 0.1%) 
leafbrushes             29/65536          58/131072   ( 0.0%) 
areas                    3/1024           24/8192     ( 0.3%) 
surfedges              476/512000       1904/2048000  ( 0.1%) 
edges                  266/256000       1064/1024000  ( 0.1%) 
LDR worldlights          2/8192          200/819200   ( 0.0%) 
HDR worldlights          0/8192            0/819200   ( 0.0%) 
leafwaterdata            0/32768           0/393216   ( 0.0%) 
waterstrips              1/32768          10/327680   ( 0.0%) 
waterverts               0/65536           0/786432   ( 0.0%) 
waterindices            12/65536          24/131072   ( 0.0%) 
cubemapsamples           0/1024            0/16384    ( 0.0%) 
overlays                 0/1024            0/360448   ( 0.0%) 
LDR lightdata         [variable]       13608/0        ( 0.0%) 
HDR lightdata         [variable]           0/0        ( 0.0%) 
visdata               [variable]          44/16777216 ( 0.0%) 
entdata               [variable]        4866/393216   ( 1.2%) 
LDR ambient table       76/65536         304/262144   ( 0.1%) 
HDR ambient table       76/65536         304/262144   ( 0.1%) 
LDR leaf ambient        83/65536        2324/1835008  ( 0.1%) 
HDR leaf ambient        76/65536        2128/1835008  ( 0.1%) 
occluders                0/0               0/0        ( 0.0%) 
occluder polygons        0/0               0/0        ( 0.0%) 
occluder vert ind        0/0               0/0        ( 0.0%) 
detail props          [variable]           1/12       ( 8.3%) 
static props          [variable]           1/12       ( 8.3%) 
pakfile               [variable]       74522/0        ( 0.0%) 
physics               [variable]       10633/4194304  ( 0.3%) 
physics terrain       [variable]           2/1048576  ( 0.0%) 

Level flags = 7c

Total triangle count: 128
Writing d:\onedrive\desktop\csgo\hammer maps\wild gooseman\wild goosman chase 2\achievement_wild_gooseman_chase.bsp
MSG_FILEWRITE - Filesystem was asked to write to 'd:\onedrive\desktop\csgo\hammer maps\wild gooseman\wild goosman chase 2\achievement_wild_gooseman_chase.bsp', but we don't own that location. Allowing...
0 seconds elapsed



materialPath: D:\Steam\steamapps\common\Counter-Strike Global Offensive\csgo\materials
Loading D:\OneDrive\Desktop\csgo\hammer maps\Wild Gooseman\wild goosman chase 2\achievement_wild_gooseman_chase.vmf
Map revision 62
fixing up env_cubemap materials on brush sides...
0...1...2...3...4...5...6...7...8...9...100...1...2...3...4...5...6...7...8...9...10Processing areas...done (0)
Building Faces...done (0)
Chop Details...done (0)
Find Visible Detail Sides...done (0)
Merging details...done (0)
FixTjuncs...
PruneNodes...
WriteBSP...
done (0)
writing D:\OneDrive\Desktop\csgo\hammer maps\Wild Gooseman\wild goosman chase 2\achievement_wild_gooseman_chase.prt...Building visibility clusters...
AutoVisClustering (threshold=-1) matched 0 leafs.
done (0)
Finding displacement neighbors...
Finding lightmap sample positions...
Displacement Alpha : 0...1...2...3...4...5...6...7...8...9...10
Building Physics collision data...
done (0) (10634 bytes)
Placing detail props : 0...1...2...3...4...5...6...7...8...9...10
Compacting texture/material tables...
Reduced 28 texinfos to 24
Reduced 4 texdatas to 4 (78 bytes to 78)
Writing D:\OneDrive\Desktop\csgo\hammer maps\Wild Gooseman\wild goosman chase 2\achievement_wild_gooseman_chase.bsp
MSG_FILEWRITE - Filesystem was asked to write to 'd:\onedrive\desktop\csgo\hammer maps\wild gooseman\wild goosman chase 2\achievement_wild_gooseman_chase.bsp', but we don't own that location. Allowing...
0 seconds elapsed



16 threads
reading d:\onedrive\desktop\csgo\hammer maps\wild gooseman\wild goosman chase 2\achievement_wild_gooseman_chase.bsp
reading d:\onedrive\desktop\csgo\hammer maps\wild gooseman\wild goosman chase 2\achievement_wild_gooseman_chase.prt
   4 portalclusters
   2 numportals
0...1...2...3...4...5...6...7...8...9...100...1...2...3...4...5...6...7...8...9...10Optimized: 0 visible clusters (0.00%)
Total clusters visible: 10
Average clusters visible: 2
Building PAS...
Average clusters audible: 2
visdatasize:44  compressed from 64
writing d:\onedrive\desktop\csgo\hammer maps\wild gooseman\wild goosman chase 2\achievement_wild_gooseman_chase.bsp
MSG_FILEWRITE - Filesystem was asked to write to 'd:\onedrive\desktop\csgo\hammer maps\wild gooseman\wild goosman chase 2\achievement_wild_gooseman_chase.bsp', but we don't own that location. Allowing...
0 seconds elapsed



[Reading texlights from 'lights.rad']
[17 texlights parsed from 'lights.rad']

Loading d:\onedrive\desktop\csgo\hammer maps\wild gooseman\wild goosman chase 2\achievement_wild_gooseman_chase.bsp
62 faces
5123 square feet [737840.00 square inches]
0 Displacements
0 Square Feet [0.00 Square Inches]
62 patches before subdivision
354 patches after subdivision
2 direct lights
0...1...2...3...4...5...6...7...8...9...100...1...2...3...4...5...6...7...8...9...10transfers 11075, max 117
transfer lists:   0.1 megs
0...1...2...3...4...5...6...7...8...9...10	Bounce #1 added RGB(3432, 965, 10)
0...1...2...3...4...5...6...7...8...9...10	Bounce #2 added RGB(2176, 172, 0)
0...1...2...3...4...5...6...7...8...9...10	Bounce #3 added RGB(1394, 31, 0)
0...1...2...3...4...5...6...7...8...9...10	Bounce #4 added RGB(890, 6, 0)
0...1...2...3...4...5...6...7...8...9...10	Bounce #5 added RGB(569, 1, 0)
0...1...2...3...4...5...6...7...8...9...10	Bounce #6 added RGB(364, 0, 0)
0...1...2...3...4...5...6...7...8...9...10	Bounce #7 added RGB(234, 0, 0)
0...1...2...3...4...5...6...7...8...9...10	Bounce #8 added RGB(150, 0, 0)
0...1...2...3...4...5...6...7...8...9...10	Bounce #9 added RGB(96, 0, 0)
0...1...2...3...4...5...6...7...8...9...10	Bounce #10 added RGB(62, 0, 0)
0...1...2...3...4...5...6...7...8...9...10	Bounce #11 added RGB(40, 0, 0)
0...1...2...3...4...5...6...7...8...9...10	Bounce #12 added RGB(26, 0, 0)
0...1...2...3...4...5...6...7...8...9...10	Bounce #13 added RGB(17, 0, 0)
0...1...2...3...4...5...6...7...8...9...10	Bounce #14 added RGB(11, 0, 0)
0...1...2...3...4...5...6...7...8...9...10	Bounce #15 added RGB(7, 0, 0)
0...1...2...3...4...5...6...7...8...9...10	Bounce #16 added RGB(4, 0, 0)
0...1...2...3...4...5...6...7...8...9...10	Bounce #17 added RGB(3, 0, 0)
0...1...2...3...4...5...6...7...8...9...10	Bounce #18 added RGB(2, 0, 0)
0...1...2...3...4...5...6...7...8...9...10	Bounce #19 added RGB(1, 0, 0)
0...1...2...3...4...5...6...7...8...9...10	Bounce #20 added RGB(1, 0, 0)
Build Patch/Sample Hash Table(s).....Done<0.0001 sec>
0...1...2...3...4...5...6...7...8...9...10FinalLightFace Done
0 of 0 (0% of) surface lights went in leaf ambient cubes.
0...1...2...3...4...5...6...7...8...9...10Writing leaf ambient...done
Ready to Finish

Object names       Objects/Maxobjs  Memory / Maxmem  Fullness 
------------       ---------------  ---------------  -------- 
models                   8/1024          384/49152    ( 0.8%) 
brushes                 23/8192          276/98304    ( 0.3%) 
brushsides             142/81920        1136/655360   ( 0.2%) 
planes                 160/65536        3200/1310720  ( 0.2%) 
vertexes               114/65536        1368/786432   ( 0.2%) 
nodes                   67/65536        2144/2097152  ( 0.1%) 
texinfos                24/12288        1728/884736   ( 0.2%) 
texdata                  4/4096          128/131072   ( 0.1%) 
dispinfos                0/0               0/0        ( 0.0%) 
disp_verts               0/0               0/0        ( 0.0%) 
disp_tris                0/0               0/0        ( 0.0%) 
disp_multiblend          0/0               0/0        ( 0.0%) 
disp_lmsamples           0/0               0/0        ( 0.0%) 
faces                   62/65536        3472/3670016  ( 0.1%) 
hdr faces                0/65536           0/3670016  ( 0.0%) 
origfaces               56/65536        3136/3670016  ( 0.1%) 
facebrushes              0/0               0/0        ( 0.0%) 
facebrushlists          62/0             248/0        ( 0.0%) 
leaves                  76/65536        2432/2097152  ( 0.1%) 
leaffaces               63/65536         126/131072   ( 0.1%) 
leafbrushes             29/65536          58/131072   ( 0.0%) 
areas                    3/1024           24/8192     ( 0.3%) 
surfedges              476/512000       1904/2048000  ( 0.1%) 
edges                  266/256000       1064/1024000  ( 0.1%) 
LDR worldlights          2/8192          200/819200   ( 0.0%) 
HDR worldlights          0/8192            0/819200   ( 0.0%) 
leafwaterdata            0/32768           0/393216   ( 0.0%) 
waterstrips              1/32768          10/327680   ( 0.0%) 
waterverts               0/65536           0/786432   ( 0.0%) 
waterindices            12/65536          24/131072   ( 0.0%) 
cubemapsamples           0/1024            0/16384    ( 0.0%) 
overlays                 0/1024            0/360448   ( 0.0%) 
LDR lightdata         [variable]       13608/0        ( 0.0%) 
HDR lightdata         [variable]           0/0        ( 0.0%) 
visdata               [variable]          44/16777216 ( 0.0%) 
entdata               [variable]        4787/393216   ( 1.2%) 
LDR ambient table       76/65536         304/262144   ( 0.1%) 
HDR ambient table       76/65536         304/262144   ( 0.1%) 
LDR leaf ambient        83/65536        2324/1835008  ( 0.1%) 
HDR leaf ambient        76/65536        2128/1835008  ( 0.1%) 
occluders                0/0               0/0        ( 0.0%) 
occluder polygons        0/0               0/0        ( 0.0%) 
occluder vert ind        0/0               0/0        ( 0.0%) 
detail props          [variable]           1/12       ( 8.3%) 
static props          [variable]           1/12       ( 8.3%) 
pakfile               [variable]       74522/0        ( 0.0%) 
physics               [variable]       10634/4194304  ( 0.3%) 
physics terrain       [variable]           2/1048576  ( 0.0%) 

Level flags = 7c

Total triangle count: 128
Writing d:\onedrive\desktop\csgo\hammer maps\wild gooseman\wild goosman chase 2\achievement_wild_gooseman_chase.bsp
MSG_FILEWRITE - Filesystem was asked to write to 'd:\onedrive\desktop\csgo\hammer maps\wild gooseman\wild goosman chase 2\achievement_wild_gooseman_chase.bsp', but we don't own that location. Allowing...
0 seconds elapsed



materialPath: D:\Steam\steamapps\common\Counter-Strike Global Offensive\csgo\materials
Loading D:\OneDrive\Desktop\csgo\hammer maps\Wild Gooseman\wild goosman chase 2\achievement_wild_gooseman_chase.vmf
Map revision 62
fixing up env_cubemap materials on brush sides...
0...1...2...3...4...5...6...7...8...9...100...1...2...3...4...5...6...7...8...9...10Processing areas...done (0)
Building Faces...done (0)
Chop Details...done (0)
Find Visible Detail Sides...done (0)
Merging details...done (0)
FixTjuncs...
PruneNodes...
WriteBSP...
done (0)
writing D:\OneDrive\Desktop\csgo\hammer maps\Wild Gooseman\wild goosman chase 2\achievement_wild_gooseman_chase.prt...Building visibility clusters...
AutoVisClustering (threshold=-1) matched 0 leafs.
done (0)
Finding displacement neighbors...
Finding lightmap sample positions...
Displacement Alpha : 0...1...2...3...4...5...6...7...8...9...10
Building Physics collision data...
done (0) (10634 bytes)
Placing detail props : 0...1...2...3...4...5...6...7...8...9...10
Compacting texture/material tables...
Reduced 28 texinfos to 24
Reduced 4 texdatas to 4 (78 bytes to 78)
Writing D:\OneDrive\Desktop\csgo\hammer maps\Wild Gooseman\wild goosman chase 2\achievement_wild_gooseman_chase.bsp
MSG_FILEWRITE - Filesystem was asked to write to 'd:\onedrive\desktop\csgo\hammer maps\wild gooseman\wild goosman chase 2\achievement_wild_gooseman_chase.bsp', but we don't own that location. Allowing...
0 seconds elapsed



16 threads
reading d:\onedrive\desktop\csgo\hammer maps\wild gooseman\wild goosman chase 2\achievement_wild_gooseman_chase.bsp
reading d:\onedrive\desktop\csgo\hammer maps\wild gooseman\wild goosman chase 2\achievement_wild_gooseman_chase.prt
   4 portalclusters
   2 numportals
0...1...2...3...4...5...6...7...8...9...100...1...2...3...4...5...6...7...8...9...10Optimized: 0 visible clusters (0.00%)
Total clusters visible: 10
Average clusters visible: 2
Building PAS...
Average clusters audible: 2
visdatasize:44  compressed from 64
writing d:\onedrive\desktop\csgo\hammer maps\wild gooseman\wild goosman chase 2\achievement_wild_gooseman_chase.bsp
MSG_FILEWRITE - Filesystem was asked to write to 'd:\onedrive\desktop\csgo\hammer maps\wild gooseman\wild goosman chase 2\achievement_wild_gooseman_chase.bsp', but we don't own that location. Allowing...
0 seconds elapsed



[Reading texlights from 'lights.rad']
[17 texlights parsed from 'lights.rad']

Loading d:\onedrive\desktop\csgo\hammer maps\wild gooseman\wild goosman chase 2\achievement_wild_gooseman_chase.bsp
62 faces
5123 square feet [737840.00 square inches]
0 Displacements
0 Square Feet [0.00 Square Inches]
62 patches before subdivision
354 patches after subdivision
2 direct lights
0...1...2...3...4...5...6...7...8...9...100...1...2...3...4...5...6...7...8...9...10transfers 11075, max 117
transfer lists:   0.1 megs
0...1...2...3...4...5...6...7...8...9...10	Bounce #1 added RGB(3432, 965, 10)
0...1...2...3...4...5...6...7...8...9...10	Bounce #2 added RGB(2176, 172, 0)
0...1...2...3...4...5...6...7...8...9...10	Bounce #3 added RGB(1394, 31, 0)
0...1...2...3...4...5...6...7...8...9...10	Bounce #4 added RGB(890, 6, 0)
0...1...2...3...4...5...6...7...8...9...10	Bounce #5 added RGB(569, 1, 0)
0...1...2...3...4...5...6...7...8...9...10	Bounce #6 added RGB(364, 0, 0)
0...1...2...3...4...5...6...7...8...9...10	Bounce #7 added RGB(234, 0, 0)
0...1...2...3...4...5...6...7...8...9...10	Bounce #8 added RGB(150, 0, 0)
0...1...2...3...4...5...6...7...8...9...10	Bounce #9 added RGB(96, 0, 0)
0...1...2...3...4...5...6...7...8...9...10	Bounce #10 added RGB(62, 0, 0)
0...1...2...3...4...5...6...7...8...9...10	Bounce #11 added RGB(40, 0, 0)
0...1...2...3...4...5...6...7...8...9...10	Bounce #12 added RGB(26, 0, 0)
0...1...2...3...4...5...6...7...8...9...10	Bounce #13 added RGB(17, 0, 0)
0...1...2...3...4...5...6...7...8...9...10	Bounce #14 added RGB(11, 0, 0)
0...1...2...3...4...5...6...7...8...9...10	Bounce #15 added RGB(7, 0, 0)
0...1...2...3...4...5...6...7...8...9...10	Bounce #16 added RGB(4, 0, 0)
0...1...2...3...4...5...6...7...8...9...10	Bounce #17 added RGB(3, 0, 0)
0...1...2...3...4...5...6...7...8...9...10	Bounce #18 added RGB(2, 0, 0)
0...1...2...3...4...5...6...7...8...9...10	Bounce #19 added RGB(1, 0, 0)
0...1...2...3...4...5...6...7...8...9...10	Bounce #20 added RGB(1, 0, 0)
Build Patch/Sample Hash Table(s).....Done<0.0001 sec>
0...1...2...3...4...5...6...7...8...9...10FinalLightFace Done
0 of 0 (0% of) surface lights went in leaf ambient cubes.
0...1...2...3...4...5...6...7...8...9...10Writing leaf ambient...done
Ready to Finish

Object names       Objects/Maxobjs  Memory / Maxmem  Fullness 
------------       ---------------  ---------------  -------- 
models                   8/1024          384/49152    ( 0.8%) 
brushes                 23/8192          276/98304    ( 0.3%) 
brushsides             142/81920        1136/655360   ( 0.2%) 
planes                 160/65536        3200/1310720  ( 0.2%) 
vertexes               114/65536        1368/786432   ( 0.2%) 
nodes                   67/65536        2144/2097152  ( 0.1%) 
texinfos                24/12288        1728/884736   ( 0.2%) 
texdata                  4/4096          128/131072   ( 0.1%) 
dispinfos                0/0               0/0        ( 0.0%) 
disp_verts               0/0               0/0        ( 0.0%) 
disp_tris                0/0               0/0        ( 0.0%) 
disp_multiblend          0/0               0/0        ( 0.0%) 
disp_lmsamples           0/0               0/0        ( 0.0%) 
faces                   62/65536        3472/3670016  ( 0.1%) 
hdr faces                0/65536           0/3670016  ( 0.0%) 
origfaces               56/65536        3136/3670016  ( 0.1%) 
facebrushes              0/0               0/0        ( 0.0%) 
facebrushlists          62/0             248/0        ( 0.0%) 
leaves                  76/65536        2432/2097152  ( 0.1%) 
leaffaces               63/65536         126/131072   ( 0.1%) 
leafbrushes             29/65536          58/131072   ( 0.0%) 
areas                    3/1024           24/8192     ( 0.3%) 
surfedges              476/512000       1904/2048000  ( 0.1%) 
edges                  266/256000       1064/1024000  ( 0.1%) 
LDR worldlights          2/8192          200/819200   ( 0.0%) 
HDR worldlights          0/8192            0/819200   ( 0.0%) 
leafwaterdata            0/32768           0/393216   ( 0.0%) 
waterstrips              1/32768          10/327680   ( 0.0%) 
waterverts               0/65536           0/786432   ( 0.0%) 
waterindices            12/65536          24/131072   ( 0.0%) 
cubemapsamples           0/1024            0/16384    ( 0.0%) 
overlays                 0/1024            0/360448   ( 0.0%) 
LDR lightdata         [variable]       13608/0        ( 0.0%) 
HDR lightdata         [variable]           0/0        ( 0.0%) 
visdata               [variable]          44/16777216 ( 0.0%) 
entdata               [variable]        4787/393216   ( 1.2%) 
LDR ambient table       76/65536         304/262144   ( 0.1%) 
HDR ambient table       76/65536         304/262144   ( 0.1%) 
LDR leaf ambient        83/65536        2324/1835008  ( 0.1%) 
HDR leaf ambient        76/65536        2128/1835008  ( 0.1%) 
occluders                0/0               0/0        ( 0.0%) 
occluder polygons        0/0               0/0        ( 0.0%) 
occluder vert ind        0/0               0/0        ( 0.0%) 
detail props          [variable]           1/12       ( 8.3%) 
static props          [variable]           1/12       ( 8.3%) 
pakfile               [variable]       74522/0        ( 0.0%) 
physics               [variable]       10634/4194304  ( 0.3%) 
physics terrain       [variable]           2/1048576  ( 0.0%) 

Level flags = 7c

Total triangle count: 128
Writing d:\onedrive\desktop\csgo\hammer maps\wild gooseman\wild goosman chase 2\achievement_wild_gooseman_chase.bsp
MSG_FILEWRITE - Filesystem was asked to write to 'd:\onedrive\desktop\csgo\hammer maps\wild gooseman\wild goosman chase 2\achievement_wild_gooseman_chase.bsp', but we don't own that location. Allowing...
0 seconds elapsed



materialPath: D:\Steam\steamapps\common\Counter-Strike Global Offensive\csgo\materials
Loading D:\OneDrive\Desktop\csgo\hammer maps\Wild Gooseman\wild goosman chase 2\achievement_wild_gooseman_chase.vmf
Map revision 63
fixing up env_cubemap materials on brush sides...
0...1...2...3...4...5...6...7...8...9...100...1...2...3...4...5...6...7...8...9...10Processing areas...done (0)
Building Faces...done (0)
Chop Details...done (0)
Find Visible Detail Sides...done (0)
Merging details...done (0)
FixTjuncs...
PruneNodes...
WriteBSP...
done (0)
writing D:\OneDrive\Desktop\csgo\hammer maps\Wild Gooseman\wild goosman chase 2\achievement_wild_gooseman_chase.prt...Building visibility clusters...
AutoVisClustering (threshold=-1) matched 0 leafs.
done (0)
Finding displacement neighbors...
Finding lightmap sample positions...
Displacement Alpha : 0...1...2...3...4...5...6...7...8...9...10
Building Physics collision data...
done (0) (13285 bytes)
Placing detail props : 0...1...2...3...4...5...6...7...8...9...10
Compacting texture/material tables...
Reduced 30 texinfos to 26
Reduced 4 texdatas to 4 (78 bytes to 78)
Writing D:\OneDrive\Desktop\csgo\hammer maps\Wild Gooseman\wild goosman chase 2\achievement_wild_gooseman_chase.bsp
MSG_FILEWRITE - Filesystem was asked to write to 'd:\onedrive\desktop\csgo\hammer maps\wild gooseman\wild goosman chase 2\achievement_wild_gooseman_chase.bsp', but we don't own that location. Allowing...
0 seconds elapsed



16 threads
reading d:\onedrive\desktop\csgo\hammer maps\wild gooseman\wild goosman chase 2\achievement_wild_gooseman_chase.bsp
reading d:\onedrive\desktop\csgo\hammer maps\wild gooseman\wild goosman chase 2\achievement_wild_gooseman_chase.prt
   5 portalclusters
   2 numportals
0...1...2...3...4...5...6...7...8...9...100...1...2...3...4...5...6...7...8...9...10Optimized: 0 visible clusters (0.00%)
Total clusters visible: 11
Average clusters visible: 2
Building PAS...
Average clusters audible: 2
visdatasize:54  compressed from 80
writing d:\onedrive\desktop\csgo\hammer maps\wild gooseman\wild goosman chase 2\achievement_wild_gooseman_chase.bsp
MSG_FILEWRITE - Filesystem was asked to write to 'd:\onedrive\desktop\csgo\hammer maps\wild gooseman\wild goosman chase 2\achievement_wild_gooseman_chase.bsp', but we don't own that location. Allowing...
0 seconds elapsed



[Reading texlights from 'lights.rad']
[17 texlights parsed from 'lights.rad']

Loading d:\onedrive\desktop\csgo\hammer maps\wild gooseman\wild goosman chase 2\achievement_wild_gooseman_chase.bsp
74 faces
7654 square feet [1102272.00 square inches]
0 Displacements
0 Square Feet [0.00 Square Inches]
74 patches before subdivision
516 patches after subdivision
2 direct lights
0...1...2...3...4...5...6...7...8...9...100...1...2...3...4...5...6...7...8...9...10transfers 16394, max 117
transfer lists:   0.1 megs
0...1...2...3...4...5...6...7...8...9...10	Bounce #1 added RGB(5279, 1484, 15)
0...1...2...3...4...5...6...7...8...9...10	Bounce #2 added RGB(3382, 267, 0)
0...1...2...3...4...5...6...7...8...9...10	Bounce #3 added RGB(2150, 48, 0)
0...1...2...3...4...5...6...7...8...9...10	Bounce #4 added RGB(1369, 9, 0)
0...1...2...3...4...5...6...7...8...9...10	Bounce #5 added RGB(870, 2, 0)
0...1...2...3...4...5...6...7...8...9...10	Bounce #6 added RGB(554, 0, 0)
0...1...2...3...4...5...6...7...8...9...10	Bounce #7 added RGB(353, 0, 0)
0...1...2...3...4...5...6...7...8...9...10	Bounce #8 added RGB(225, 0, 0)
0...1...2...3...4...5...6...7...8...9...10	Bounce #9 added RGB(144, 0, 0)
0...1...2...3...4...5...6...7...8...9...10	Bounce #10 added RGB(92, 0, 0)
0...1...2...3...4...5...6...7...8...9...10	Bounce #11 added RGB(59, 0, 0)
0...1...2...3...4...5...6...7...8...9...10	Bounce #12 added RGB(37, 0, 0)
0...1...2...3...4...5...6...7...8...9...10	Bounce #13 added RGB(24, 0, 0)
0...1...2...3...4...5...6...7...8...9...10	Bounce #14 added RGB(15, 0, 0)
0...1...2...3...4...5...6...7...8...9...10	Bounce #15 added RGB(10, 0, 0)
0...1...2...3...4...5...6...7...8...9...10	Bounce #16 added RGB(6, 0, 0)
0...1...2...3...4...5...6...7...8...9...10	Bounce #17 added RGB(4, 0, 0)
0...1...2...3...4...5...6...7...8...9...10	Bounce #18 added RGB(3, 0, 0)
0...1...2...3...4...5...6...7...8...9...10	Bounce #19 added RGB(2, 0, 0)
0...1...2...3...4...5...6...7...8...9...10	Bounce #20 added RGB(1, 0, 0)
0...1...2...3...4...5...6...7...8...9...10	Bounce #21 added RGB(1, 0, 0)
Build Patch/Sample Hash Table(s).....Done<0.0001 sec>
0...1...2...3...4...5...6...7...8...9...10FinalLightFace Done
0 of 0 (0% of) surface lights went in leaf ambient cubes.
0...1...2...3...4...5...6...7...8...9...10Writing leaf ambient...done
Ready to Finish

Object names       Objects/Maxobjs  Memory / Maxmem  Fullness 
------------       ---------------  ---------------  -------- 
models                   9/1024          432/49152    ( 0.9%) 
brushes                 30/8192          360/98304    ( 0.4%) 
brushsides             184/81920        1472/655360   ( 0.2%) 
planes                 186/65536        3720/1310720  ( 0.3%) 
vertexes               146/65536        1752/786432   ( 0.2%) 
nodes                   79/65536        2528/2097152  ( 0.1%) 
texinfos                26/12288        1872/884736   ( 0.2%) 
texdata                  4/4096          128/131072   ( 0.1%) 
dispinfos                0/0               0/0        ( 0.0%) 
disp_verts               0/0               0/0        ( 0.0%) 
disp_tris                0/0               0/0        ( 0.0%) 
disp_multiblend          0/0               0/0        ( 0.0%) 
disp_lmsamples           0/0               0/0        ( 0.0%) 
faces                   74/65536        4144/3670016  ( 0.1%) 
hdr faces                0/65536           0/3670016  ( 0.0%) 
origfaces               68/65536        3808/3670016  ( 0.1%) 
facebrushes              0/0               0/0        ( 0.0%) 
facebrushlists          74/0             296/0        ( 0.0%) 
leaves                  89/65536        2848/2097152  ( 0.1%) 
leaffaces               75/65536         150/131072   ( 0.1%) 
leafbrushes             38/65536          76/131072   ( 0.1%) 
areas                    4/1024           32/8192     ( 0.4%) 
surfedges              572/512000       2288/2048000  ( 0.1%) 
edges                  326/256000       1304/1024000  ( 0.1%) 
LDR worldlights          2/8192          200/819200   ( 0.0%) 
HDR worldlights          0/8192            0/819200   ( 0.0%) 
leafwaterdata            0/32768           0/393216   ( 0.0%) 
waterstrips              1/32768          10/327680   ( 0.0%) 
waterverts               0/65536           0/786432   ( 0.0%) 
waterindices            12/65536          24/131072   ( 0.0%) 
cubemapsamples           0/1024            0/16384    ( 0.0%) 
overlays                 0/1024            0/360448   ( 0.0%) 
LDR lightdata         [variable]       22628/0        ( 0.0%) 
HDR lightdata         [variable]           0/0        ( 0.0%) 
visdata               [variable]          54/16777216 ( 0.0%) 
entdata               [variable]        5179/393216   ( 1.3%) 
LDR ambient table       89/65536         356/262144   ( 0.1%) 
HDR ambient table       89/65536         356/262144   ( 0.1%) 
LDR leaf ambient       105/65536        2940/1835008  ( 0.2%) 
HDR leaf ambient        89/65536        2492/1835008  ( 0.1%) 
occluders                0/0               0/0        ( 0.0%) 
occluder polygons        0/0               0/0        ( 0.0%) 
occluder vert ind        0/0               0/0        ( 0.0%) 
detail props          [variable]           1/12       ( 8.3%) 
static props          [variable]           1/12       ( 8.3%) 
pakfile               [variable]       74522/0        ( 0.0%) 
physics               [variable]       13285/4194304  ( 0.3%) 
physics terrain       [variable]           2/1048576  ( 0.0%) 

Level flags = 7c

Total triangle count: 152
Writing d:\onedrive\desktop\csgo\hammer maps\wild gooseman\wild goosman chase 2\achievement_wild_gooseman_chase.bsp
MSG_FILEWRITE - Filesystem was asked to write to 'd:\onedrive\desktop\csgo\hammer maps\wild gooseman\wild goosman chase 2\achievement_wild_gooseman_chase.bsp', but we don't own that location. Allowing...
0 seconds elapsed



materialPath: D:\Steam\steamapps\common\Counter-Strike Global Offensive\csgo\materials
Loading D:\OneDrive\Desktop\csgo\hammer maps\Wild Gooseman\wild goosman chase 2\achievement_wild_gooseman_chase.vmf
Map revision 64
fixing up env_cubemap materials on brush sides...
0...1...2...3...4...5...6...7...8...9...100...1...2...3...4...5...6...7...8...9...10Processing areas...done (0)
Building Faces...done (0)
Chop Details...done (0)
Find Visible Detail Sides...done (0)
Merging details...done (0)
FixTjuncs...
PruneNodes...
WriteBSP...
done (0)
writing D:\OneDrive\Desktop\csgo\hammer maps\Wild Gooseman\wild goosman chase 2\achievement_wild_gooseman_chase.prt...Building visibility clusters...
AutoVisClustering (threshold=-1) matched 0 leafs.
done (0)
Finding displacement neighbors...
Finding lightmap sample positions...
Displacement Alpha : 0...1...2...3...4...5...6...7...8...9...10
Building Physics collision data...
done (0) (13285 bytes)
Placing detail props : 0...1...2...3...4...5...6...7...8...9...10
Compacting texture/material tables...
Reduced 30 texinfos to 26
Reduced 4 texdatas to 4 (78 bytes to 78)
Writing D:\OneDrive\Desktop\csgo\hammer maps\Wild Gooseman\wild goosman chase 2\achievement_wild_gooseman_chase.bsp
MSG_FILEWRITE - Filesystem was asked to write to 'd:\onedrive\desktop\csgo\hammer maps\wild gooseman\wild goosman chase 2\achievement_wild_gooseman_chase.bsp', but we don't own that location. Allowing...
0 seconds elapsed



16 threads
reading d:\onedrive\desktop\csgo\hammer maps\wild gooseman\wild goosman chase 2\achievement_wild_gooseman_chase.bsp
reading d:\onedrive\desktop\csgo\hammer maps\wild gooseman\wild goosman chase 2\achievement_wild_gooseman_chase.prt
   5 portalclusters
   2 numportals
0...1...2...3...4...5...6...7...8...9...100...1...2...3...4...5...6...7...8...9...10Optimized: 0 visible clusters (0.00%)
Total clusters visible: 11
Average clusters visible: 2
Building PAS...
Average clusters audible: 2
visdatasize:54  compressed from 80
writing d:\onedrive\desktop\csgo\hammer maps\wild gooseman\wild goosman chase 2\achievement_wild_gooseman_chase.bsp
MSG_FILEWRITE - Filesystem was asked to write to 'd:\onedrive\desktop\csgo\hammer maps\wild gooseman\wild goosman chase 2\achievement_wild_gooseman_chase.bsp', but we don't own that location. Allowing...
0 seconds elapsed



[Reading texlights from 'lights.rad']
[17 texlights parsed from 'lights.rad']

Loading d:\onedrive\desktop\csgo\hammer maps\wild gooseman\wild goosman chase 2\achievement_wild_gooseman_chase.bsp
74 faces
7654 square feet [1102272.00 square inches]
0 Displacements
0 Square Feet [0.00 Square Inches]
74 patches before subdivision
516 patches after subdivision
2 direct lights
0...1...2...3...4...5...6...7...8...9...100...1...2...3...4...5...6...7...8...9...10transfers 16394, max 117
transfer lists:   0.1 megs
0...1...2...3...4...5...6...7...8...9...10	Bounce #1 added RGB(5279, 1484, 15)
0...1...2...3...4...5...6...7...8...9...10	Bounce #2 added RGB(3382, 267, 0)
0...1...2...3...4...5...6...7...8...9...10	Bounce #3 added RGB(2150, 48, 0)
0...1...2...3...4...5...6...7...8...9...10	Bounce #4 added RGB(1369, 9, 0)
0...1...2...3...4...5...6...7...8...9...10	Bounce #5 added RGB(870, 2, 0)
0...1...2...3...4...5...6...7...8...9...10	Bounce #6 added RGB(554, 0, 0)
0...1...2...3...4...5...6...7...8...9...10	Bounce #7 added RGB(353, 0, 0)
0...1...2...3...4...5...6...7...8...9...10	Bounce #8 added RGB(225, 0, 0)
0...1...2...3...4...5...6...7...8...9...10	Bounce #9 added RGB(144, 0, 0)
0...1...2...3...4...5...6...7...8...9...10	Bounce #10 added RGB(92, 0, 0)
0...1...2...3...4...5...6...7...8...9...10	Bounce #11 added RGB(59, 0, 0)
0...1...2...3...4...5...6...7...8...9...10	Bounce #12 added RGB(37, 0, 0)
0...1...2...3...4...5...6...7...8...9...10	Bounce #13 added RGB(24, 0, 0)
0...1...2...3...4...5...6...7...8...9...10	Bounce #14 added RGB(15, 0, 0)
0...1...2...3...4...5...6...7...8...9...10	Bounce #15 added RGB(10, 0, 0)
0...1...2...3...4...5...6...7...8...9...10	Bounce #16 added RGB(6, 0, 0)
0...1...2...3...4...5...6...7...8...9...10	Bounce #17 added RGB(4, 0, 0)
0...1...2...3...4...5...6...7...8...9...10	Bounce #18 added RGB(3, 0, 0)
0...1...2...3...4...5...6...7...8...9...10	Bounce #19 added RGB(2, 0, 0)
0...1...2...3...4...5...6...7...8...9...10	Bounce #20 added RGB(1, 0, 0)
0...1...2...3...4...5...6...7...8...9...10	Bounce #21 added RGB(1, 0, 0)
Build Patch/Sample Hash Table(s).....Done<0.0002 sec>
0...1...2...3...4...5...6...7...8...9...10FinalLightFace Done
0 of 0 (0% of) surface lights went in leaf ambient cubes.
0...1...2...3...4...5...6...7...8...9...10Writing leaf ambient...done
Ready to Finish

Object names       Objects/Maxobjs  Memory / Maxmem  Fullness 
------------       ---------------  ---------------  -------- 
models                   9/1024          432/49152    ( 0.9%) 
brushes                 30/8192          360/98304    ( 0.4%) 
brushsides             184/81920        1472/655360   ( 0.2%) 
planes                 186/65536        3720/1310720  ( 0.3%) 
vertexes               146/65536        1752/786432   ( 0.2%) 
nodes                   79/65536        2528/2097152  ( 0.1%) 
texinfos                26/12288        1872/884736   ( 0.2%) 
texdata                  4/4096          128/131072   ( 0.1%) 
dispinfos                0/0               0/0        ( 0.0%) 
disp_verts               0/0               0/0        ( 0.0%) 
disp_tris                0/0               0/0        ( 0.0%) 
disp_multiblend          0/0               0/0        ( 0.0%) 
disp_lmsamples           0/0               0/0        ( 0.0%) 
faces                   74/65536        4144/3670016  ( 0.1%) 
hdr faces                0/65536           0/3670016  ( 0.0%) 
origfaces               68/65536        3808/3670016  ( 0.1%) 
facebrushes              0/0               0/0        ( 0.0%) 
facebrushlists          74/0             296/0        ( 0.0%) 
leaves                  89/65536        2848/2097152  ( 0.1%) 
leaffaces               75/65536         150/131072   ( 0.1%) 
leafbrushes             38/65536          76/131072   ( 0.1%) 
areas                    4/1024           32/8192     ( 0.4%) 
surfedges              572/512000       2288/2048000  ( 0.1%) 
edges                  326/256000       1304/1024000  ( 0.1%) 
LDR worldlights          2/8192          200/819200   ( 0.0%) 
HDR worldlights          0/8192            0/819200   ( 0.0%) 
leafwaterdata            0/32768           0/393216   ( 0.0%) 
waterstrips              1/32768          10/327680   ( 0.0%) 
waterverts               0/65536           0/786432   ( 0.0%) 
waterindices            12/65536          24/131072   ( 0.0%) 
cubemapsamples           0/1024            0/16384    ( 0.0%) 
overlays                 0/1024            0/360448   ( 0.0%) 
LDR lightdata         [variable]       22628/0        ( 0.0%) 
HDR lightdata         [variable]           0/0        ( 0.0%) 
visdata               [variable]          54/16777216 ( 0.0%) 
entdata               [variable]        5233/393216   ( 1.3%) 
LDR ambient table       89/65536         356/262144   ( 0.1%) 
HDR ambient table       89/65536         356/262144   ( 0.1%) 
LDR leaf ambient       105/65536        2940/1835008  ( 0.2%) 
HDR leaf ambient        89/65536        2492/1835008  ( 0.1%) 
occluders                0/0               0/0        ( 0.0%) 
occluder polygons        0/0               0/0        ( 0.0%) 
occluder vert ind        0/0               0/0        ( 0.0%) 
detail props          [variable]           1/12       ( 8.3%) 
static props          [variable]           1/12       ( 8.3%) 
pakfile               [variable]       74522/0        ( 0.0%) 
physics               [variable]       13285/4194304  ( 0.3%) 
physics terrain       [variable]           2/1048576  ( 0.0%) 

Level flags = 7c

Total triangle count: 152
Writing d:\onedrive\desktop\csgo\hammer maps\wild gooseman\wild goosman chase 2\achievement_wild_gooseman_chase.bsp
MSG_FILEWRITE - Filesystem was asked to write to 'd:\onedrive\desktop\csgo\hammer maps\wild gooseman\wild goosman chase 2\achievement_wild_gooseman_chase.bsp', but we don't own that location. Allowing...
0 seconds elapsed



materialPath: D:\Steam\steamapps\common\Counter-Strike Global Offensive\csgo\materials
Loading D:\OneDrive\Desktop\csgo\hammer maps\Wild Gooseman\wild goosman chase 2\achievement_wild_gooseman_chase.vmf
Map revision 66
fixing up env_cubemap materials on brush sides...
0...1...2...3...4...5...6...7...8...9...100...1...2...3...4...5...6...7...8...9...10Processing areas...done (0)
Building Faces...done (0)
Chop Details...done (0)
Find Visible Detail Sides...done (0)
Merging details...done (0)
FixTjuncs...
PruneNodes...
WriteBSP...
done (0)
writing D:\OneDrive\Desktop\csgo\hammer maps\Wild Gooseman\wild goosman chase 2\achievement_wild_gooseman_chase.prt...Building visibility clusters...
AutoVisClustering (threshold=-1) matched 0 leafs.
done (0)
Finding displacement neighbors...
Finding lightmap sample positions...
Displacement Alpha : 0...1...2...3...4...5...6...7...8...9...10
Building Physics collision data...
done (0) (10634 bytes)
Placing detail props : 0...1...2...3...4...5...6...7...8...9...10
Compacting texture/material tables...
Reduced 28 texinfos to 24
Reduced 4 texdatas to 4 (78 bytes to 78)
Writing D:\OneDrive\Desktop\csgo\hammer maps\Wild Gooseman\wild goosman chase 2\achievement_wild_gooseman_chase.bsp
MSG_FILEWRITE - Filesystem was asked to write to 'd:\onedrive\desktop\csgo\hammer maps\wild gooseman\wild goosman chase 2\achievement_wild_gooseman_chase.bsp', but we don't own that location. Allowing...
0 seconds elapsed



16 threads
reading d:\onedrive\desktop\csgo\hammer maps\wild gooseman\wild goosman chase 2\achievement_wild_gooseman_chase.bsp
reading d:\onedrive\desktop\csgo\hammer maps\wild gooseman\wild goosman chase 2\achievement_wild_gooseman_chase.prt
   4 portalclusters
   2 numportals
0...1...2...3...4...5...6...7...8...9...100...1...2...3...4...5...6...7...8...9...10Optimized: 0 visible clusters (0.00%)
Total clusters visible: 10
Average clusters visible: 2
Building PAS...
Average clusters audible: 2
visdatasize:44  compressed from 64
writing d:\onedrive\desktop\csgo\hammer maps\wild gooseman\wild goosman chase 2\achievement_wild_gooseman_chase.bsp
MSG_FILEWRITE - Filesystem was asked to write to 'd:\onedrive\desktop\csgo\hammer maps\wild gooseman\wild goosman chase 2\achievement_wild_gooseman_chase.bsp', but we don't own that location. Allowing...
0 seconds elapsed



[Reading texlights from 'lights.rad']
[17 texlights parsed from 'lights.rad']

Loading d:\onedrive\desktop\csgo\hammer maps\wild gooseman\wild goosman chase 2\achievement_wild_gooseman_chase.bsp
62 faces
5123 square feet [737840.00 square inches]
0 Displacements
0 Square Feet [0.00 Square Inches]
62 patches before subdivision
354 patches after subdivision
2 direct lights
0...1...2...3...4...5...6...7...8...9...100...1...2...3...4...5...6...7...8...9...10transfers 11075, max 117
transfer lists:   0.1 megs
0...1...2...3...4...5...6...7...8...9...10	Bounce #1 added RGB(3432, 965, 10)
0...1...2...3...4...5...6...7...8...9...10	Bounce #2 added RGB(2176, 172, 0)
0...1...2...3...4...5...6...7...8...9...10	Bounce #3 added RGB(1394, 31, 0)
0...1...2...3...4...5...6...7...8...9...10	Bounce #4 added RGB(890, 6, 0)
0...1...2...3...4...5...6...7...8...9...10	Bounce #5 added RGB(569, 1, 0)
0...1...2...3...4...5...6...7...8...9...10	Bounce #6 added RGB(364, 0, 0)
0...1...2...3...4...5...6...7...8...9...10	Bounce #7 added RGB(234, 0, 0)
0...1...2...3...4...5...6...7...8...9...10	Bounce #8 added RGB(150, 0, 0)
0...1...2...3...4...5...6...7...8...9...10	Bounce #9 added RGB(96, 0, 0)
0...1...2...3...4...5...6...7...8...9...10	Bounce #10 added RGB(62, 0, 0)
0...1...2...3...4...5...6...7...8...9...10	Bounce #11 added RGB(40, 0, 0)
0...1...2...3...4...5...6...7...8...9...10	Bounce #12 added RGB(26, 0, 0)
0...1...2...3...4...5...6...7...8...9...10	Bounce #13 added RGB(17, 0, 0)
0...1...2...3...4...5...6...7...8...9...10	Bounce #14 added RGB(11, 0, 0)
0...1...2...3...4...5...6...7...8...9...10	Bounce #15 added RGB(7, 0, 0)
0...1...2...3...4...5...6...7...8...9...10	Bounce #16 added RGB(4, 0, 0)
0...1...2...3...4...5...6...7...8...9...10	Bounce #17 added RGB(3, 0, 0)
0...1...2...3...4...5...6...7...8...9...10	Bounce #18 added RGB(2, 0, 0)
0...1...2...3...4...5...6...7...8...9...10	Bounce #19 added RGB(1, 0, 0)
0...1...2...3...4...5...6...7...8...9...10	Bounce #20 added RGB(1, 0, 0)
Build Patch/Sample Hash Table(s).....Done<0.0001 sec>
0...1...2...3...4...5...6...7...8...9...10FinalLightFace Done
0 of 0 (0% of) surface lights went in leaf ambient cubes.
0...1...2...3...4...5...6...7...8...9...10Writing leaf ambient...done
Ready to Finish

Object names       Objects/Maxobjs  Memory / Maxmem  Fullness 
------------       ---------------  ---------------  -------- 
models                   8/1024          384/49152    ( 0.8%) 
brushes                 23/8192          276/98304    ( 0.3%) 
brushsides             142/81920        1136/655360   ( 0.2%) 
planes                 160/65536        3200/1310720  ( 0.2%) 
vertexes               114/65536        1368/786432   ( 0.2%) 
nodes                   67/65536        2144/2097152  ( 0.1%) 
texinfos                24/12288        1728/884736   ( 0.2%) 
texdata                  4/4096          128/131072   ( 0.1%) 
dispinfos                0/0               0/0        ( 0.0%) 
disp_verts               0/0               0/0        ( 0.0%) 
disp_tris                0/0               0/0        ( 0.0%) 
disp_multiblend          0/0               0/0        ( 0.0%) 
disp_lmsamples           0/0               0/0        ( 0.0%) 
faces                   62/65536        3472/3670016  ( 0.1%) 
hdr faces                0/65536           0/3670016  ( 0.0%) 
origfaces               56/65536        3136/3670016  ( 0.1%) 
facebrushes              0/0               0/0        ( 0.0%) 
facebrushlists          62/0             248/0        ( 0.0%) 
leaves                  76/65536        2432/2097152  ( 0.1%) 
leaffaces               63/65536         126/131072   ( 0.1%) 
leafbrushes             29/65536          58/131072   ( 0.0%) 
areas                    3/1024           24/8192     ( 0.3%) 
surfedges              476/512000       1904/2048000  ( 0.1%) 
edges                  266/256000       1064/1024000  ( 0.1%) 
LDR worldlights          2/8192          200/819200   ( 0.0%) 
HDR worldlights          0/8192            0/819200   ( 0.0%) 
leafwaterdata            0/32768           0/393216   ( 0.0%) 
waterstrips              1/32768          10/327680   ( 0.0%) 
waterverts               0/65536           0/786432   ( 0.0%) 
waterindices            12/65536          24/131072   ( 0.0%) 
cubemapsamples           0/1024            0/16384    ( 0.0%) 
overlays                 0/1024            0/360448   ( 0.0%) 
LDR lightdata         [variable]       13608/0        ( 0.0%) 
HDR lightdata         [variable]           0/0        ( 0.0%) 
visdata               [variable]          44/16777216 ( 0.0%) 
entdata               [variable]        5203/393216   ( 1.3%) 
LDR ambient table       76/65536         304/262144   ( 0.1%) 
HDR ambient table       76/65536         304/262144   ( 0.1%) 
LDR leaf ambient        83/65536        2324/1835008  ( 0.1%) 
HDR leaf ambient        76/65536        2128/1835008  ( 0.1%) 
occluders                0/0               0/0        ( 0.0%) 
occluder polygons        0/0               0/0        ( 0.0%) 
occluder vert ind        0/0               0/0        ( 0.0%) 
detail props          [variable]           1/12       ( 8.3%) 
static props          [variable]           1/12       ( 8.3%) 
pakfile               [variable]       74522/0        ( 0.0%) 
physics               [variable]       10634/4194304  ( 0.3%) 
physics terrain       [variable]           2/1048576  ( 0.0%) 

Level flags = 7c

Total triangle count: 128
Writing d:\onedrive\desktop\csgo\hammer maps\wild gooseman\wild goosman chase 2\achievement_wild_gooseman_chase.bsp
MSG_FILEWRITE - Filesystem was asked to write to 'd:\onedrive\desktop\csgo\hammer maps\wild gooseman\wild goosman chase 2\achievement_wild_gooseman_chase.bsp', but we don't own that location. Allowing...
0 seconds elapsed



materialPath: D:\Steam\steamapps\common\Counter-Strike Global Offensive\csgo\materials
Loading D:\OneDrive\Desktop\csgo\hammer maps\Wild Gooseman\wild goosman chase 2\achievement_wild_gooseman_chase.vmf
Map revision 67
fixing up env_cubemap materials on brush sides...
0...1...2...3...4...5...6...7...8...9...100...1...2...3...4...5...6...7...8...9...10Processing areas...done (0)
Building Faces...done (0)
Chop Details...done (0)
Find Visible Detail Sides...done (0)
Merging details...done (0)
FixTjuncs...
PruneNodes...
WriteBSP...
done (0)
writing D:\OneDrive\Desktop\csgo\hammer maps\Wild Gooseman\wild goosman chase 2\achievement_wild_gooseman_chase.prt...Building visibility clusters...
AutoVisClustering (threshold=-1) matched 0 leafs.
done (0)
Finding displacement neighbors...
Finding lightmap sample positions...
Displacement Alpha : 0...1...2...3...4...5...6...7...8...9...10
Building Physics collision data...
done (0) (11418 bytes)
Placing detail props : 0...1...2...3...4...5...6...7...8...9...10
Compacting texture/material tables...
Reduced 28 texinfos to 24
Reduced 4 texdatas to 4 (78 bytes to 78)
Writing D:\OneDrive\Desktop\csgo\hammer maps\Wild Gooseman\wild goosman chase 2\achievement_wild_gooseman_chase.bsp
MSG_FILEWRITE - Filesystem was asked to write to 'd:\onedrive\desktop\csgo\hammer maps\wild gooseman\wild goosman chase 2\achievement_wild_gooseman_chase.bsp', but we don't own that location. Allowing...
0 seconds elapsed



16 threads
reading d:\onedrive\desktop\csgo\hammer maps\wild gooseman\wild goosman chase 2\achievement_wild_gooseman_chase.bsp
reading d:\onedrive\desktop\csgo\hammer maps\wild gooseman\wild goosman chase 2\achievement_wild_gooseman_chase.prt
   4 portalclusters
   2 numportals
0...1...2...3...4...5...6...7...8...9...100...1...2...3...4...5...6...7...8...9...10Optimized: 0 visible clusters (0.00%)
Total clusters visible: 10
Average clusters visible: 2
Building PAS...
Average clusters audible: 2
visdatasize:44  compressed from 64
writing d:\onedrive\desktop\csgo\hammer maps\wild gooseman\wild goosman chase 2\achievement_wild_gooseman_chase.bsp
MSG_FILEWRITE - Filesystem was asked to write to 'd:\onedrive\desktop\csgo\hammer maps\wild gooseman\wild goosman chase 2\achievement_wild_gooseman_chase.bsp', but we don't own that location. Allowing...
0 seconds elapsed



[Reading texlights from 'lights.rad']
[17 texlights parsed from 'lights.rad']

Loading d:\onedrive\desktop\csgo\hammer maps\wild gooseman\wild goosman chase 2\achievement_wild_gooseman_chase.bsp
62 faces
5123 square feet [737840.00 square inches]
0 Displacements
0 Square Feet [0.00 Square Inches]
62 patches before subdivision
354 patches after subdivision
2 direct lights
0...1...2...3...4...5...6...7...8...9...100...1...2...3...4...5...6...7...8...9...10transfers 11075, max 117
transfer lists:   0.1 megs
0...1...2...3...4...5...6...7...8...9...10	Bounce #1 added RGB(3432, 965, 10)
0...1...2...3...4...5...6...7...8...9...10	Bounce #2 added RGB(2176, 172, 0)
0...1...2...3...4...5...6...7...8...9...10	Bounce #3 added RGB(1394, 31, 0)
0...1...2...3...4...5...6...7...8...9...10	Bounce #4 added RGB(890, 6, 0)
0...1...2...3...4...5...6...7...8...9...10	Bounce #5 added RGB(569, 1, 0)
0...1...2...3...4...5...6...7...8...9...10	Bounce #6 added RGB(364, 0, 0)
0...1...2...3...4...5...6...7...8...9...10	Bounce #7 added RGB(234, 0, 0)
0...1...2...3...4...5...6...7...8...9...10	Bounce #8 added RGB(150, 0, 0)
0...1...2...3...4...5...6...7...8...9...10	Bounce #9 added RGB(96, 0, 0)
0...1...2...3...4...5...6...7...8...9...10	Bounce #10 added RGB(62, 0, 0)
0...1...2...3...4...5...6...7...8...9...10	Bounce #11 added RGB(40, 0, 0)
0...1...2...3...4...5...6...7...8...9...10	Bounce #12 added RGB(26, 0, 0)
0...1...2...3...4...5...6...7...8...9...10	Bounce #13 added RGB(17, 0, 0)
0...1...2...3...4...5...6...7...8...9...10	Bounce #14 added RGB(11, 0, 0)
0...1...2...3...4...5...6...7...8...9...10	Bounce #15 added RGB(7, 0, 0)
0...1...2...3...4...5...6...7...8...9...10	Bounce #16 added RGB(4, 0, 0)
0...1...2...3...4...5...6...7...8...9...10	Bounce #17 added RGB(3, 0, 0)
0...1...2...3...4...5...6...7...8...9...10	Bounce #18 added RGB(2, 0, 0)
0...1...2...3...4...5...6...7...8...9...10	Bounce #19 added RGB(1, 0, 0)
0...1...2...3...4...5...6...7...8...9...10	Bounce #20 added RGB(1, 0, 0)
Build Patch/Sample Hash Table(s).....Done<0.0001 sec>
0...1...2...3...4...5...6...7...8...9...10FinalLightFace Done
0 of 0 (0% of) surface lights went in leaf ambient cubes.
0...1...2...3...4...5...6...7...8...9...10Writing leaf ambient...done
Ready to Finish

Object names       Objects/Maxobjs  Memory / Maxmem  Fullness 
------------       ---------------  ---------------  -------- 
models                   8/1024          384/49152    ( 0.8%) 
brushes                 24/8192          288/98304    ( 0.3%) 
brushsides             148/81920        1184/655360   ( 0.2%) 
planes                 162/65536        3240/1310720  ( 0.2%) 
vertexes               114/65536        1368/786432   ( 0.2%) 
nodes                   67/65536        2144/2097152  ( 0.1%) 
texinfos                24/12288        1728/884736   ( 0.2%) 
texdata                  4/4096          128/131072   ( 0.1%) 
dispinfos                0/0               0/0        ( 0.0%) 
disp_verts               0/0               0/0        ( 0.0%) 
disp_tris                0/0               0/0        ( 0.0%) 
disp_multiblend          0/0               0/0        ( 0.0%) 
disp_lmsamples           0/0               0/0        ( 0.0%) 
faces                   62/65536        3472/3670016  ( 0.1%) 
hdr faces                0/65536           0/3670016  ( 0.0%) 
origfaces               56/65536        3136/3670016  ( 0.1%) 
facebrushes              0/0               0/0        ( 0.0%) 
facebrushlists          62/0             248/0        ( 0.0%) 
leaves                  76/65536        2432/2097152  ( 0.1%) 
leaffaces               63/65536         126/131072   ( 0.1%) 
leafbrushes             30/65536          60/131072   ( 0.0%) 
areas                    3/1024           24/8192     ( 0.3%) 
surfedges              476/512000       1904/2048000  ( 0.1%) 
edges                  266/256000       1064/1024000  ( 0.1%) 
LDR worldlights          2/8192          200/819200   ( 0.0%) 
HDR worldlights          0/8192            0/819200   ( 0.0%) 
leafwaterdata            0/32768           0/393216   ( 0.0%) 
waterstrips              1/32768          10/327680   ( 0.0%) 
waterverts               0/65536           0/786432   ( 0.0%) 
waterindices            12/65536          24/131072   ( 0.0%) 
cubemapsamples           0/1024            0/16384    ( 0.0%) 
overlays                 0/1024            0/360448   ( 0.0%) 
LDR lightdata         [variable]       13608/0        ( 0.0%) 
HDR lightdata         [variable]           0/0        ( 0.0%) 
visdata               [variable]          44/16777216 ( 0.0%) 
entdata               [variable]        5242/393216   ( 1.3%) 
LDR ambient table       76/65536         304/262144   ( 0.1%) 
HDR ambient table       76/65536         304/262144   ( 0.1%) 
LDR leaf ambient        83/65536        2324/1835008  ( 0.1%) 
HDR leaf ambient        76/65536        2128/1835008  ( 0.1%) 
occluders                0/0               0/0        ( 0.0%) 
occluder polygons        0/0               0/0        ( 0.0%) 
occluder vert ind        0/0               0/0        ( 0.0%) 
detail props          [variable]           1/12       ( 8.3%) 
static props          [variable]           1/12       ( 8.3%) 
pakfile               [variable]       74522/0        ( 0.0%) 
physics               [variable]       11418/4194304  ( 0.3%) 
physics terrain       [variable]           2/1048576  ( 0.0%) 

Level flags = 7c

Total triangle count: 128
Writing d:\onedrive\desktop\csgo\hammer maps\wild gooseman\wild goosman chase 2\achievement_wild_gooseman_chase.bsp
MSG_FILEWRITE - Filesystem was asked to write to 'd:\onedrive\desktop\csgo\hammer maps\wild gooseman\wild goosman chase 2\achievement_wild_gooseman_chase.bsp', but we don't own that location. Allowing...
0 seconds elapsed



materialPath: D:\Steam\steamapps\common\Counter-Strike Global Offensive\csgo\materials
Loading D:\OneDrive\Desktop\csgo\hammer maps\Wild Gooseman\wild goosman chase 2\achievement_wild_gooseman_chase.vmf
Map revision 69
fixing up env_cubemap materials on brush sides...
0...1...2...3...4...5...6...7...8...9...100...1...2...3...4...5...6...7...8...9...10Processing areas...done (0)
Building Faces...done (0)
Chop Details...done (0)
Find Visible Detail Sides...done (0)
Merging details...done (0)
FixTjuncs...
PruneNodes...
WriteBSP...
done (0)
writing D:\OneDrive\Desktop\csgo\hammer maps\Wild Gooseman\wild goosman chase 2\achievement_wild_gooseman_chase.prt...Building visibility clusters...
AutoVisClustering (threshold=-1) matched 0 leafs.
done (0)
Finding displacement neighbors...
Finding lightmap sample positions...
Displacement Alpha : 0...1...2...3...4...5...6...7...8...9...10
Building Physics collision data...
done (0) (9984 bytes)
Placing detail props : 0...1...2...3...4...5...6...7...8...9...10
Compacting texture/material tables...
Reduced 31 texinfos to 25
Reduced 5 texdatas to 5 (100 bytes to 100)
Writing D:\OneDrive\Desktop\csgo\hammer maps\Wild Gooseman\wild goosman chase 2\achievement_wild_gooseman_chase.bsp
MSG_FILEWRITE - Filesystem was asked to write to 'd:\onedrive\desktop\csgo\hammer maps\wild gooseman\wild goosman chase 2\achievement_wild_gooseman_chase.bsp', but we don't own that location. Allowing...
0 seconds elapsed



16 threads
reading d:\onedrive\desktop\csgo\hammer maps\wild gooseman\wild goosman chase 2\achievement_wild_gooseman_chase.bsp
reading d:\onedrive\desktop\csgo\hammer maps\wild gooseman\wild goosman chase 2\achievement_wild_gooseman_chase.prt
   4 portalclusters
   2 numportals
0...1...2...3...4...5...6...7...8...9...100...1...2...3...4...5...6...7...8...9...10Optimized: 0 visible clusters (0.00%)
Total clusters visible: 10
Average clusters visible: 2
Building PAS...
Average clusters audible: 2
visdatasize:44  compressed from 64
writing d:\onedrive\desktop\csgo\hammer maps\wild gooseman\wild goosman chase 2\achievement_wild_gooseman_chase.bsp
MSG_FILEWRITE - Filesystem was asked to write to 'd:\onedrive\desktop\csgo\hammer maps\wild gooseman\wild goosman chase 2\achievement_wild_gooseman_chase.bsp', but we don't own that location. Allowing...
0 seconds elapsed



[Reading texlights from 'lights.rad']
[17 texlights parsed from 'lights.rad']

Loading d:\onedrive\desktop\csgo\hammer maps\wild gooseman\wild goosman chase 2\achievement_wild_gooseman_chase.bsp
62 faces
5123 square feet [737840.00 square inches]
0 Displacements
0 Square Feet [0.00 Square Inches]
62 patches before subdivision
354 patches after subdivision
2 direct lights
0...1...2...3...4...5...6...7...8...9...100...1...2...3...4...5...6...7...8...9...10transfers 11075, max 117
transfer lists:   0.1 megs
0...1...2...3...4...5...6...7...8...9...10	Bounce #1 added RGB(3432, 965, 10)
0...1...2...3...4...5...6...7...8...9...10	Bounce #2 added RGB(2176, 172, 0)
0...1...2...3...4...5...6...7...8...9...10	Bounce #3 added RGB(1394, 31, 0)
0...1...2...3...4...5...6...7...8...9...10	Bounce #4 added RGB(890, 6, 0)
0...1...2...3...4...5...6...7...8...9...10	Bounce #5 added RGB(569, 1, 0)
0...1...2...3...4...5...6...7...8...9...10	Bounce #6 added RGB(364, 0, 0)
0...1...2...3...4...5...6...7...8...9...10	Bounce #7 added RGB(234, 0, 0)
0...1...2...3...4...5...6...7...8...9...10	Bounce #8 added RGB(150, 0, 0)
0...1...2...3...4...5...6...7...8...9...10	Bounce #9 added RGB(96, 0, 0)
0...1...2...3...4...5...6...7...8...9...10	Bounce #10 added RGB(62, 0, 0)
0...1...2...3...4...5...6...7...8...9...10	Bounce #11 added RGB(40, 0, 0)
0...1...2...3...4...5...6...7...8...9...10	Bounce #12 added RGB(26, 0, 0)
0...1...2...3...4...5...6...7...8...9...10	Bounce #13 added RGB(17, 0, 0)
0...1...2...3...4...5...6...7...8...9...10	Bounce #14 added RGB(11, 0, 0)
0...1...2...3...4...5...6...7...8...9...10	Bounce #15 added RGB(7, 0, 0)
0...1...2...3...4...5...6...7...8...9...10	Bounce #16 added RGB(4, 0, 0)
0...1...2...3...4...5...6...7...8...9...10	Bounce #17 added RGB(3, 0, 0)
0...1...2...3...4...5...6...7...8...9...10	Bounce #18 added RGB(2, 0, 0)
0...1...2...3...4...5...6...7...8...9...10	Bounce #19 added RGB(1, 0, 0)
0...1...2...3...4...5...6...7...8...9...10	Bounce #20 added RGB(1, 0, 0)
Build Patch/Sample Hash Table(s).....Done<0.0001 sec>
0...1...2...3...4...5...6...7...8...9...10FinalLightFace Done
0 of 0 (0% of) surface lights went in leaf ambient cubes.
0...1...2...3...4...5...6...7...8...9...10Writing leaf ambient...done
Ready to Finish

Object names       Objects/Maxobjs  Memory / Maxmem  Fullness 
------------       ---------------  ---------------  -------- 
models                   8/1024          384/49152    ( 0.8%) 
brushes                 22/8192          264/98304    ( 0.3%) 
brushsides             134/81920        1072/655360   ( 0.2%) 
planes                 158/65536        3160/1310720  ( 0.2%) 
vertexes               114/65536        1368/786432   ( 0.2%) 
nodes                   67/65536        2144/2097152  ( 0.1%) 
texinfos                25/12288        1800/884736   ( 0.2%) 
texdata                  5/4096          160/131072   ( 0.1%) 
dispinfos                0/0               0/0        ( 0.0%) 
disp_verts               0/0               0/0        ( 0.0%) 
disp_tris                0/0               0/0        ( 0.0%) 
disp_multiblend          0/0               0/0        ( 0.0%) 
disp_lmsamples           0/0               0/0        ( 0.0%) 
faces                   62/65536        3472/3670016  ( 0.1%) 
hdr faces                0/65536           0/3670016  ( 0.0%) 
origfaces               56/65536        3136/3670016  ( 0.1%) 
facebrushes              0/0               0/0        ( 0.0%) 
facebrushlists          62/0             248/0        ( 0.0%) 
leaves                  76/65536        2432/2097152  ( 0.1%) 
leaffaces               63/65536         126/131072   ( 0.1%) 
leafbrushes             26/65536          52/131072   ( 0.0%) 
areas                    3/1024           24/8192     ( 0.3%) 
surfedges              476/512000       1904/2048000  ( 0.1%) 
edges                  266/256000       1064/1024000  ( 0.1%) 
LDR worldlights          2/8192          200/819200   ( 0.0%) 
HDR worldlights          0/8192            0/819200   ( 0.0%) 
leafwaterdata            0/32768           0/393216   ( 0.0%) 
waterstrips              1/32768          10/327680   ( 0.0%) 
waterverts               0/65536           0/786432   ( 0.0%) 
waterindices            12/65536          24/131072   ( 0.0%) 
cubemapsamples           0/1024            0/16384    ( 0.0%) 
overlays                 0/1024            0/360448   ( 0.0%) 
LDR lightdata         [variable]       13608/0        ( 0.0%) 
HDR lightdata         [variable]           0/0        ( 0.0%) 
visdata               [variable]          44/16777216 ( 0.0%) 
entdata               [variable]        5253/393216   ( 1.3%) 
LDR ambient table       76/65536         304/262144   ( 0.1%) 
HDR ambient table       76/65536         304/262144   ( 0.1%) 
LDR leaf ambient        83/65536        2324/1835008  ( 0.1%) 
HDR leaf ambient        76/65536        2128/1835008  ( 0.1%) 
occluders                0/0               0/0        ( 0.0%) 
occluder polygons        0/0               0/0        ( 0.0%) 
occluder vert ind        0/0               0/0        ( 0.0%) 
detail props          [variable]           1/12       ( 8.3%) 
static props          [variable]           1/12       ( 8.3%) 
pakfile               [variable]       74522/0        ( 0.0%) 
physics               [variable]        9984/4194304  ( 0.2%) 
physics terrain       [variable]           2/1048576  ( 0.0%) 

Level flags = 7c

Total triangle count: 128
Writing d:\onedrive\desktop\csgo\hammer maps\wild gooseman\wild goosman chase 2\achievement_wild_gooseman_chase.bsp
MSG_FILEWRITE - Filesystem was asked to write to 'd:\onedrive\desktop\csgo\hammer maps\wild gooseman\wild goosman chase 2\achievement_wild_gooseman_chase.bsp', but we don't own that location. Allowing...
0 seconds elapsed



materialPath: D:\Steam\steamapps\common\Counter-Strike Global Offensive\csgo\materials
Loading D:\OneDrive\Desktop\csgo\hammer maps\Wild Gooseman\wild goosman chase 2\achievement_wild_gooseman_chase.vmf
Map revision 70
fixing up env_cubemap materials on brush sides...
0...1...2...3...4...5...6...7...8...9...100...1...2...3...4...5...6...7...8...9...10Processing areas...done (0)
Building Faces...done (0)
Chop Details...done (0)
Find Visible Detail Sides...done (0)
Merging details...done (0)
FixTjuncs...
PruneNodes...
WriteBSP...
done (0)
writing D:\OneDrive\Desktop\csgo\hammer maps\Wild Gooseman\wild goosman chase 2\achievement_wild_gooseman_chase.prt...Building visibility clusters...
AutoVisClustering (threshold=-1) matched 0 leafs.
done (0)
Finding displacement neighbors...
Finding lightmap sample positions...
Displacement Alpha : 0...1...2...3...4...5...6...7...8...9...10
Building Physics collision data...
done (0) (9984 bytes)
Placing detail props : 0...1...2...3...4...5...6...7...8...9...10
Compacting texture/material tables...
Reduced 31 texinfos to 25
Reduced 5 texdatas to 5 (100 bytes to 100)
Writing D:\OneDrive\Desktop\csgo\hammer maps\Wild Gooseman\wild goosman chase 2\achievement_wild_gooseman_chase.bsp
MSG_FILEWRITE - Filesystem was asked to write to 'd:\onedrive\desktop\csgo\hammer maps\wild gooseman\wild goosman chase 2\achievement_wild_gooseman_chase.bsp', but we don't own that location. Allowing...
0 seconds elapsed



16 threads
reading d:\onedrive\desktop\csgo\hammer maps\wild gooseman\wild goosman chase 2\achievement_wild_gooseman_chase.bsp
reading d:\onedrive\desktop\csgo\hammer maps\wild gooseman\wild goosman chase 2\achievement_wild_gooseman_chase.prt
   4 portalclusters
   2 numportals
0...1...2...3...4...5...6...7...8...9...100...1...2...3...4...5...6...7...8...9...10Optimized: 0 visible clusters (0.00%)
Total clusters visible: 10
Average clusters visible: 2
Building PAS...
Average clusters audible: 2
visdatasize:44  compressed from 64
writing d:\onedrive\desktop\csgo\hammer maps\wild gooseman\wild goosman chase 2\achievement_wild_gooseman_chase.bsp
MSG_FILEWRITE - Filesystem was asked to write to 'd:\onedrive\desktop\csgo\hammer maps\wild gooseman\wild goosman chase 2\achievement_wild_gooseman_chase.bsp', but we don't own that location. Allowing...
0 seconds elapsed



[Reading texlights from 'lights.rad']
[17 texlights parsed from 'lights.rad']

Loading d:\onedrive\desktop\csgo\hammer maps\wild gooseman\wild goosman chase 2\achievement_wild_gooseman_chase.bsp
62 faces
5123 square feet [737840.00 square inches]
0 Displacements
0 Square Feet [0.00 Square Inches]
62 patches before subdivision
354 patches after subdivision
2 direct lights
0...1...2...3...4...5...6...7...8...9...100...1...2...3...4...5...6...7...8...9...10transfers 11075, max 117
transfer lists:   0.1 megs
0...1...2...3...4...5...6...7...8...9...10	Bounce #1 added RGB(3432, 965, 10)
0...1...2...3...4...5...6...7...8...9...10	Bounce #2 added RGB(2176, 172, 0)
0...1...2...3...4...5...6...7...8...9...10	Bounce #3 added RGB(1394, 31, 0)
0...1...2...3...4...5...6...7...8...9...10	Bounce #4 added RGB(890, 6, 0)
0...1...2...3...4...5...6...7...8...9...10	Bounce #5 added RGB(569, 1, 0)
0...1...2...3...4...5...6...7...8...9...10	Bounce #6 added RGB(364, 0, 0)
0...1...2...3...4...5...6...7...8...9...10	Bounce #7 added RGB(234, 0, 0)
0...1...2...3...4...5...6...7...8...9...10	Bounce #8 added RGB(150, 0, 0)
0...1...2...3...4...5...6...7...8...9...10	Bounce #9 added RGB(96, 0, 0)
0...1...2...3...4...5...6...7...8...9...10	Bounce #10 added RGB(62, 0, 0)
0...1...2...3...4...5...6...7...8...9...10	Bounce #11 added RGB(40, 0, 0)
0...1...2...3...4...5...6...7...8...9...10	Bounce #12 added RGB(26, 0, 0)
0...1...2...3...4...5...6...7...8...9...10	Bounce #13 added RGB(17, 0, 0)
0...1...2...3...4...5...6...7...8...9...10	Bounce #14 added RGB(11, 0, 0)
0...1...2...3...4...5...6...7...8...9...10	Bounce #15 added RGB(7, 0, 0)
0...1...2...3...4...5...6...7...8...9...10	Bounce #16 added RGB(4, 0, 0)
0...1...2...3...4...5...6...7...8...9...10	Bounce #17 added RGB(3, 0, 0)
0...1...2...3...4...5...6...7...8...9...10	Bounce #18 added RGB(2, 0, 0)
0...1...2...3...4...5...6...7...8...9...10	Bounce #19 added RGB(1, 0, 0)
0...1...2...3...4...5...6...7...8...9...10	Bounce #20 added RGB(1, 0, 0)
Build Patch/Sample Hash Table(s).....Done<0.0001 sec>
0...1...2...3...4...5...6...7...8...9...10FinalLightFace Done
0 of 0 (0% of) surface lights went in leaf ambient cubes.
0...1...2...3...4...5...6...7...8...9...10Writing leaf ambient...done
Ready to Finish

Object names       Objects/Maxobjs  Memory / Maxmem  Fullness 
------------       ---------------  ---------------  -------- 
models                   8/1024          384/49152    ( 0.8%) 
brushes                 22/8192          264/98304    ( 0.3%) 
brushsides             134/81920        1072/655360   ( 0.2%) 
planes                 158/65536        3160/1310720  ( 0.2%) 
vertexes               114/65536        1368/786432   ( 0.2%) 
nodes                   67/65536        2144/2097152  ( 0.1%) 
texinfos                25/12288        1800/884736   ( 0.2%) 
texdata                  5/4096          160/131072   ( 0.1%) 
dispinfos                0/0               0/0        ( 0.0%) 
disp_verts               0/0               0/0        ( 0.0%) 
disp_tris                0/0               0/0        ( 0.0%) 
disp_multiblend          0/0               0/0        ( 0.0%) 
disp_lmsamples           0/0               0/0        ( 0.0%) 
faces                   62/65536        3472/3670016  ( 0.1%) 
hdr faces                0/65536           0/3670016  ( 0.0%) 
origfaces               56/65536        3136/3670016  ( 0.1%) 
facebrushes              0/0               0/0        ( 0.0%) 
facebrushlists          62/0             248/0        ( 0.0%) 
leaves                  76/65536        2432/2097152  ( 0.1%) 
leaffaces               63/65536         126/131072   ( 0.1%) 
leafbrushes             26/65536          52/131072   ( 0.0%) 
areas                    3/1024           24/8192     ( 0.3%) 
surfedges              476/512000       1904/2048000  ( 0.1%) 
edges                  266/256000       1064/1024000  ( 0.1%) 
LDR worldlights          2/8192          200/819200   ( 0.0%) 
HDR worldlights          0/8192            0/819200   ( 0.0%) 
leafwaterdata            0/32768           0/393216   ( 0.0%) 
waterstrips              1/32768          10/327680   ( 0.0%) 
waterverts               0/65536           0/786432   ( 0.0%) 
waterindices            12/65536          24/131072   ( 0.0%) 
cubemapsamples           0/1024            0/16384    ( 0.0%) 
overlays                 0/1024            0/360448   ( 0.0%) 
LDR lightdata         [variable]       13608/0        ( 0.0%) 
HDR lightdata         [variable]           0/0        ( 0.0%) 
visdata               [variable]          44/16777216 ( 0.0%) 
entdata               [variable]        5249/393216   ( 1.3%) 
LDR ambient table       76/65536         304/262144   ( 0.1%) 
HDR ambient table       76/65536         304/262144   ( 0.1%) 
LDR leaf ambient        83/65536        2324/1835008  ( 0.1%) 
HDR leaf ambient        76/65536        2128/1835008  ( 0.1%) 
occluders                0/0               0/0        ( 0.0%) 
occluder polygons        0/0               0/0        ( 0.0%) 
occluder vert ind        0/0               0/0        ( 0.0%) 
detail props          [variable]           1/12       ( 8.3%) 
static props          [variable]           1/12       ( 8.3%) 
pakfile               [variable]       74522/0        ( 0.0%) 
physics               [variable]        9984/4194304  ( 0.2%) 
physics terrain       [variable]           2/1048576  ( 0.0%) 

Level flags = 7c

Total triangle count: 128
Writing d:\onedrive\desktop\csgo\hammer maps\wild gooseman\wild goosman chase 2\achievement_wild_gooseman_chase.bsp
MSG_FILEWRITE - Filesystem was asked to write to 'd:\onedrive\desktop\csgo\hammer maps\wild gooseman\wild goosman chase 2\achievement_wild_gooseman_chase.bsp', but we don't own that location. Allowing...
0 seconds elapsed



materialPath: D:\Steam\steamapps\common\Counter-Strike Global Offensive\csgo\materials
Loading D:\OneDrive\Desktop\csgo\hammer maps\Wild Gooseman\wild goosman chase 2\achievement_wild_gooseman_chase.vmf
Map revision 71
fixing up env_cubemap materials on brush sides...
0...1...2...3...4...5...6...7...8...9...100...1...2...3...4...5...6...7...8...9...10Processing areas...done (0)
Building Faces...done (0)
Chop Details...done (0)
Find Visible Detail Sides...done (0)
Merging details...done (0)
FixTjuncs...
PruneNodes...
WriteBSP...
done (0)
writing D:\OneDrive\Desktop\csgo\hammer maps\Wild Gooseman\wild goosman chase 2\achievement_wild_gooseman_chase.prt...Building visibility clusters...
AutoVisClustering (threshold=-1) matched 0 leafs.
done (0)
Finding displacement neighbors...
Finding lightmap sample positions...
Displacement Alpha : 0...1...2...3...4...5...6...7...8...9...10
Building Physics collision data...
done (0) (10768 bytes)
Placing detail props : 0...1...2...3...4...5...6...7...8...9...10
Compacting texture/material tables...
Reduced 31 texinfos to 25
Reduced 5 texdatas to 5 (100 bytes to 100)
Writing D:\OneDrive\Desktop\csgo\hammer maps\Wild Gooseman\wild goosman chase 2\achievement_wild_gooseman_chase.bsp
MSG_FILEWRITE - Filesystem was asked to write to 'd:\onedrive\desktop\csgo\hammer maps\wild gooseman\wild goosman chase 2\achievement_wild_gooseman_chase.bsp', but we don't own that location. Allowing...
0 seconds elapsed



16 threads
reading d:\onedrive\desktop\csgo\hammer maps\wild gooseman\wild goosman chase 2\achievement_wild_gooseman_chase.bsp
reading d:\onedrive\desktop\csgo\hammer maps\wild gooseman\wild goosman chase 2\achievement_wild_gooseman_chase.prt
   4 portalclusters
   2 numportals
0...1...2...3...4...5...6...7...8...9...100...1...2...3...4...5...6...7...8...9...10Optimized: 0 visible clusters (0.00%)
Total clusters visible: 10
Average clusters visible: 2
Building PAS...
Average clusters audible: 2
visdatasize:44  compressed from 64
writing d:\onedrive\desktop\csgo\hammer maps\wild gooseman\wild goosman chase 2\achievement_wild_gooseman_chase.bsp
MSG_FILEWRITE - Filesystem was asked to write to 'd:\onedrive\desktop\csgo\hammer maps\wild gooseman\wild goosman chase 2\achievement_wild_gooseman_chase.bsp', but we don't own that location. Allowing...
0 seconds elapsed



[Reading texlights from 'lights.rad']
[17 texlights parsed from 'lights.rad']

Loading d:\onedrive\desktop\csgo\hammer maps\wild gooseman\wild goosman chase 2\achievement_wild_gooseman_chase.bsp
62 faces
5123 square feet [737840.00 square inches]
0 Displacements
0 Square Feet [0.00 Square Inches]
62 patches before subdivision
354 patches after subdivision
2 direct lights
0...1...2...3...4...5...6...7...8...9...100...1...2...3...4...5...6...7...8...9...10transfers 11075, max 117
transfer lists:   0.1 megs
0...1...2...3...4...5...6...7...8...9...10	Bounce #1 added RGB(3432, 965, 10)
0...1...2...3...4...5...6...7...8...9...10	Bounce #2 added RGB(2176, 172, 0)
0...1...2...3...4...5...6...7...8...9...10	Bounce #3 added RGB(1394, 31, 0)
0...1...2...3...4...5...6...7...8...9...10	Bounce #4 added RGB(890, 6, 0)
0...1...2...3...4...5...6...7...8...9...10	Bounce #5 added RGB(569, 1, 0)
0...1...2...3...4...5...6...7...8...9...10	Bounce #6 added RGB(364, 0, 0)
0...1...2...3...4...5...6...7...8...9...10	Bounce #7 added RGB(234, 0, 0)
0...1...2...3...4...5...6...7...8...9...10	Bounce #8 added RGB(150, 0, 0)
0...1...2...3...4...5...6...7...8...9...10	Bounce #9 added RGB(96, 0, 0)
0...1...2...3...4...5...6...7...8...9...10	Bounce #10 added RGB(62, 0, 0)
0...1...2...3...4...5...6...7...8...9...10	Bounce #11 added RGB(40, 0, 0)
0...1...2...3...4...5...6...7...8...9...10	Bounce #12 added RGB(26, 0, 0)
0...1...2...3...4...5...6...7...8...9...10	Bounce #13 added RGB(17, 0, 0)
0...1...2...3...4...5...6...7...8...9...10	Bounce #14 added RGB(11, 0, 0)
0...1...2...3...4...5...6...7...8...9...10	Bounce #15 added RGB(7, 0, 0)
0...1...2...3...4...5...6...7...8...9...10	Bounce #16 added RGB(4, 0, 0)
0...1...2...3...4...5...6...7...8...9...10	Bounce #17 added RGB(3, 0, 0)
0...1...2...3...4...5...6...7...8...9...10	Bounce #18 added RGB(2, 0, 0)
0...1...2...3...4...5...6...7...8...9...10	Bounce #19 added RGB(1, 0, 0)
0...1...2...3...4...5...6...7...8...9...10	Bounce #20 added RGB(1, 0, 0)
Build Patch/Sample Hash Table(s).....Done<0.0001 sec>
0...1...2...3...4...5...6...7...8...9...10FinalLightFace Done
0 of 0 (0% of) surface lights went in leaf ambient cubes.
0...1...2...3...4...5...6...7...8...9...10Writing leaf ambient...done
Ready to Finish

Object names       Objects/Maxobjs  Memory / Maxmem  Fullness 
------------       ---------------  ---------------  -------- 
models                   8/1024          384/49152    ( 0.8%) 
brushes                 24/8192          288/98304    ( 0.3%) 
brushsides             146/81920        1168/655360   ( 0.2%) 
planes                 166/65536        3320/1310720  ( 0.3%) 
vertexes               114/65536        1368/786432   ( 0.2%) 
nodes                   67/65536        2144/2097152  ( 0.1%) 
texinfos                25/12288        1800/884736   ( 0.2%) 
texdata                  5/4096          160/131072   ( 0.1%) 
dispinfos                0/0               0/0        ( 0.0%) 
disp_verts               0/0               0/0        ( 0.0%) 
disp_tris                0/0               0/0        ( 0.0%) 
disp_multiblend          0/0               0/0        ( 0.0%) 
disp_lmsamples           0/0               0/0        ( 0.0%) 
faces                   62/65536        3472/3670016  ( 0.1%) 
hdr faces                0/65536           0/3670016  ( 0.0%) 
origfaces               56/65536        3136/3670016  ( 0.1%) 
facebrushes              0/0               0/0        ( 0.0%) 
facebrushlists          62/0             248/0        ( 0.0%) 
leaves                  76/65536        2432/2097152  ( 0.1%) 
leaffaces               63/65536         126/131072   ( 0.1%) 
leafbrushes             28/65536          56/131072   ( 0.0%) 
areas                    3/1024           24/8192     ( 0.3%) 
surfedges              476/512000       1904/2048000  ( 0.1%) 
edges                  266/256000       1064/1024000  ( 0.1%) 
LDR worldlights          2/8192          200/819200   ( 0.0%) 
HDR worldlights          0/8192            0/819200   ( 0.0%) 
leafwaterdata            0/32768           0/393216   ( 0.0%) 
waterstrips              1/32768          10/327680   ( 0.0%) 
waterverts               0/65536           0/786432   ( 0.0%) 
waterindices            12/65536          24/131072   ( 0.0%) 
cubemapsamples           0/1024            0/16384    ( 0.0%) 
overlays                 0/1024            0/360448   ( 0.0%) 
LDR lightdata         [variable]       13608/0        ( 0.0%) 
HDR lightdata         [variable]           0/0        ( 0.0%) 
visdata               [variable]          44/16777216 ( 0.0%) 
entdata               [variable]        5249/393216   ( 1.3%) 
LDR ambient table       76/65536         304/262144   ( 0.1%) 
HDR ambient table       76/65536         304/262144   ( 0.1%) 
LDR leaf ambient        83/65536        2324/1835008  ( 0.1%) 
HDR leaf ambient        76/65536        2128/1835008  ( 0.1%) 
occluders                0/0               0/0        ( 0.0%) 
occluder polygons        0/0               0/0        ( 0.0%) 
occluder vert ind        0/0               0/0        ( 0.0%) 
detail props          [variable]           1/12       ( 8.3%) 
static props          [variable]           1/12       ( 8.3%) 
pakfile               [variable]       74522/0        ( 0.0%) 
physics               [variable]       10768/4194304  ( 0.3%) 
physics terrain       [variable]           2/1048576  ( 0.0%) 

Level flags = 7c

Total triangle count: 128
Writing d:\onedrive\desktop\csgo\hammer maps\wild gooseman\wild goosman chase 2\achievement_wild_gooseman_chase.bsp
MSG_FILEWRITE - Filesystem was asked to write to 'd:\onedrive\desktop\csgo\hammer maps\wild gooseman\wild goosman chase 2\achievement_wild_gooseman_chase.bsp', but we don't own that location. Allowing...
0 seconds elapsed
