PRT1
50
122
4 0 18 (0 190 -56.888901 ) (0 190 -126 ) (0 88 -126 ) (0 88 -56.888901 ) 
4 0 15 (0 190 56.888901 ) (0 190 -56.888901 ) (0 88 -56.888901 ) (0 88 56.888901 ) 
4 0 12 (0 88 126 ) (0 190 126 ) (0 190 56.888901 ) (0 88 56.888901 ) 
4 0 9 (0 88 -126 ) (183.467010 88 -126 ) (183.467010 88 -64 ) (0 88 -64 ) 
4 0 8 (183.467010 88 -126 ) (254 88 -126 ) (254 88 -56.888901 ) (183.467010 88 -56.888901 ) 
4 0 4 (254 88 -56.888901 ) (254 88 56.888901 ) (183.467010 88 56.888901 ) (183.467010 88 -56.888901 ) 
4 0 2 (183.467010 88 126 ) (0 88 126 ) (0 88 64 ) (183.467010 88 64 ) 
4 0 1 (254 88 56.888901 ) (254 88 126 ) (183.467010 88 126 ) (183.467010 88 56.888901 ) 
4 1 11 (254 0 126 ) (183.467010 0 126 ) (183.467010 0 56.888901 ) (254 0 56.888901 ) 
4 1 4 (254 0 56.888901 ) (183.467010 0 56.888901 ) (183.467010 88 56.888901 ) (254 88 56.888901 ) 
4 1 2 (183.467010 88 126 ) (183.467010 88 64 ) (183.467010 40 64 ) (183.467010 40 126 ) 
4 1 3 (183.467010 40 56.888901 ) (183.467010 0 56.888901 ) (183.467010 0 126 ) (183.467010 40 126 ) 
4 2 13 (0 40 126 ) (0 88 126 ) (0 88 64 ) (0 40 64 ) 
4 2 3 (183.467010 40 64 ) (183.467010 40 126 ) (0 40 126 ) (0 40 64 ) 
4 3 14 (0 0 56.888901 ) (0 0 126 ) (0 40 126 ) (0 40 56.888901 ) 
4 3 11 (183.467010 0 126 ) (0 0 126 ) (0 0 56.888901 ) (183.467010 0 56.888901 ) 
4 3 7 (164.408997 0 56.888901 ) (0 0 56.888901 ) (0 40 56.888901 ) (164.408997 40 56.888901 ) 
4 3 5 (183.467010 0 56.888901 ) (164.408997 0 56.888901 ) (164.408997 40 56.888901 ) (183.467010 40 56.888901 ) 
4 4 11 (254 0 56.888901 ) (183.467010 0 56.888901 ) (183.467010 0 -56.888901 ) (254 0 -56.888901 ) 
4 4 8 (183.467010 88 -56.888901 ) (254 88 -56.888901 ) (254 0 -56.888901 ) (183.467010 0 -56.888901 ) 
4 4 5 (183.467010 40 -56.888901 ) (183.467010 0 -56.888901 ) (183.467010 0 56.888901 ) (183.467010 40 56.888901 ) 
4 5 11 (183.467010 0 56.888901 ) (164.408997 0 56.888901 ) (164.408997 0 -56.888901 ) (183.467010 0 -56.888901 ) 
4 5 10 (183.467010 40 -56.888901 ) (183.467010 0 -56.888901 ) (164.408997 0 -56.888901 ) (164.408997 40 -56.888901 ) 
4 5 7 (164.408997 40 -56.888901 ) (164.408997 0 -56.888901 ) (164.408997 0 56.888901 ) (164.408997 40 56.888901 ) 
4 6 16 (0 41.714401 56.888901 ) (0 86.285698 56.888901 ) (0 86.285698 -56.888901 ) (0 41.714401 -56.888901 ) 
4 7 17 (0 0 -56.888901 ) (0 0 56.888901 ) (0 40 56.888901 ) (0 40 -56.888901 ) 
4 7 11 (164.408997 0 56.888901 ) (0 0 56.888901 ) (0 0 -56.888901 ) (164.408997 0 -56.888901 ) 
4 7 10 (164.408997 40 -56.888901 ) (164.408997 0 -56.888901 ) (0 0 -56.888901 ) (0 40 -56.888901 ) 
4 8 11 (254 0 -56.888901 ) (183.467010 0 -56.888901 ) (183.467010 0 -126 ) (254 0 -126 ) 
4 8 9 (183.467010 88 -64 ) (183.467010 88 -126 ) (183.467010 40 -126 ) (183.467010 40 -64 ) 
4 8 10 (183.467010 0 -56.888901 ) (183.467010 40 -56.888901 ) (183.467010 40 -126 ) (183.467010 0 -126 ) 
4 9 19 (0 88 -64 ) (0 88 -126 ) (0 40 -126 ) (0 40 -64 ) 
4 9 10 (0 40 -126 ) (183.467010 40 -126 ) (183.467010 40 -64 ) (0 40 -64 ) 
4 10 20 (0 0 -126 ) (0 0 -56.888901 ) (0 40 -56.888901 ) (0 40 -126 ) 
4 10 11 (183.467010 0 -56.888901 ) (0 0 -56.888901 ) (0 0 -126 ) (183.467010 0 -126 ) 
4 11 41 (0 -62 126 ) (0 -8 126 ) (0 -8 -126 ) (0 -62 -126 ) 
4 11 35 (0 -8 126 ) (0 0 126 ) (0 0 -126 ) (0 -8 -126 ) 
4 12 23 (-960 190 62 ) (-960 190 56.888901 ) (-960 128 56.888901 ) (-960 128 62 ) 
4 12 22 (-960 88 126 ) (-960 128 126 ) (-960 128 64 ) (-960 88 64 ) 
4 12 21 (-960 128 126 ) (-960 190 126 ) (-960 190 62 ) (-960 128 62 ) 
4 12 15 (-960 88 56.888901 ) (-960 190 56.888901 ) (0 190 56.888901 ) (0 88 56.888901 ) 
4 12 13 (0 88 64 ) (0 88 126 ) (-960 88 126 ) (-960 88 64 ) 
4 13 22 (-960 40 126 ) (-960 88 126 ) (-960 88 64 ) (-960 40 64 ) 
4 13 14 (0 40 64 ) (0 40 126 ) (-960 40 126 ) (-960 40 64 ) 
4 14 35 (0 0 56.888901 ) (0 0 126 ) (-960 0 126 ) (-960 0 56.888901 ) 
4 14 22 (-960 0 64 ) (-960 0 126 ) (-960 40 126 ) (-960 40 64 ) 
4 14 17 (-960 0 56.888901 ) (-960 40 56.888901 ) (0 40 56.888901 ) (0 0 56.888901 ) 
4 15 23 (-960 128 56.888901 ) (-960 190 56.888901 ) (-960 190 -56.888901 ) (-960 128 -56.888901 ) 
4 15 18 (-960 88 -56.888901 ) (-960 190 -56.888901 ) (0 190 -56.888901 ) (0 88 -56.888901 ) 
4 16 25 (-960 86.285698 56 ) (-960 86.285698 -56.888901 ) (-960 41.714401 -56.888901 ) (-960 41.714401 56 ) 
4 17 35 (0 0 -56.888901 ) (0 0 56.888901 ) (-960 0 56.888901 ) (-960 0 -56.888901 ) 
4 17 20 (0 0 -56.888901 ) (-960 0 -56.888901 ) (-960 40 -56.888901 ) (0 40 -56.888901 ) 
4 18 28 (-960 128 -126 ) (-960 88 -126 ) (-960 88 -64 ) (-960 128 -64 ) 
4 18 27 (-960 190 -62 ) (-960 190 -126 ) (-960 128 -126 ) (-960 128 -62 ) 
4 18 23 (-960 128 -56.888901 ) (-960 190 -56.888901 ) (-960 190 -62 ) (-960 128 -62 ) 
4 18 19 (-960 88 -126 ) (0 88 -126 ) (0 88 -64 ) (-960 88 -64 ) 
4 19 28 (-960 88 -64 ) (-960 88 -126 ) (-960 40 -126 ) (-960 40 -64 ) 
4 19 20 (-960 40 -126 ) (0 40 -126 ) (0 40 -64 ) (-960 40 -64 ) 
4 20 35 (0 0 -126 ) (0 0 -56.888901 ) (-960 0 -56.888901 ) (-960 0 -126 ) 
4 20 28 (-960 0 -126 ) (-960 0 -64 ) (-960 40 -64 ) (-960 40 -126 ) 
4 21 29 (-1024 128 126 ) (-1024 190 126 ) (-1024 190 62 ) (-1024 128 62 ) 
4 21 23 (-1024 128 62 ) (-1024 190 62 ) (-960 190 62 ) (-960 128 62 ) 
4 21 22 (-960 128 64 ) (-960 128 126 ) (-1024 128 126 ) (-1024 128 64 ) 
4 22 36 (-960 0 64 ) (-960 0 126 ) (-1024 0 126 ) (-1024 0 64 ) 
4 22 30 (-1024 0 64 ) (-1024 0 126 ) (-1024 128 126 ) (-1024 128 64 ) 
4 23 29 (-1024 128 62 ) (-1024 190 62 ) (-1024 190 -62 ) (-1024 128 -62 ) 
4 23 27 (-960 190 -62 ) (-960 128 -62 ) (-1024 128 -62 ) (-1024 190 -62 ) 
4 24 31 (-1024 0 56 ) (-1024 0 62 ) (-1024 124.571007 62 ) (-1024 124.571007 56 ) 
4 24 26 (-1024 0 56 ) (-1024 124.571007 56 ) (-962.286011 124.571007 56 ) (-962.286011 0 56 ) 
4 25 26 (-962.286011 40 56 ) (-962.286011 88 56 ) (-962.286011 88 -62 ) (-962.286011 40 -62 ) 
4 26 31 (-1024 0 -62 ) (-1024 0 56 ) (-1024 124.571007 56 ) (-1024 124.571007 -62 ) 
4 27 29 (-1024 128 -62 ) (-1024 190 -62 ) (-1024 190 -126 ) (-1024 128 -126 ) 
4 27 28 (-1024 128 -126 ) (-960 128 -126 ) (-960 128 -64 ) (-1024 128 -64 ) 
4 28 40 (-960 0 -126 ) (-960 0 -64 ) (-1024 0 -64 ) (-1024 0 -126 ) 
4 28 33 (-1024 0 -126 ) (-1024 0 -64 ) (-1024 128 -64 ) (-1024 128 -126 ) 
4 29 34 (-1150 128 -126 ) (-1088 128 -126 ) (-1088 128 126 ) (-1150 128 126 ) 
4 29 33 (-1088 128 -126 ) (-1024 128 -126 ) (-1024 128 -64 ) (-1088 128 -64 ) 
4 29 32 (-1083.430054 128 62 ) (-1085.709961 128 62 ) (-1085.709961 128 -62 ) (-1083.430054 128 -62 ) 
4 29 30 (-1024 128 64 ) (-1024 128 126 ) (-1088 128 126 ) (-1088 128 64 ) 
4 30 42 (-1024 0 64 ) (-1024 0 126 ) (-1088 0 126 ) (-1088 0 64 ) 
4 30 34 (-1088 128 126 ) (-1088 128 64 ) (-1088 0 64 ) (-1088 0 126 ) 
4 31 32 (-1083.430054 124.571007 -62 ) (-1083.430054 0 -62 ) (-1083.430054 0 62 ) (-1083.430054 124.571007 62 ) 
4 33 43 (-1024 0 -126 ) (-1024 0 -64 ) (-1088 0 -64 ) (-1088 0 -126 ) 
4 33 34 (-1088 128 -64 ) (-1088 128 -126 ) (-1088 0 -126 ) (-1088 0 -64 ) 
4 34 44 (-1088 0 126 ) (-1150 0 126 ) (-1150 0 -126 ) (-1088 0 -126 ) 
4 35 41 (-960 -8 -126 ) (0 -8 -126 ) (0 -8 126 ) (-960 -8 126 ) 
4 35 37 (-960 -8 56 ) (-960 -8 62 ) (-960 -3.428570 62 ) (-960 -3.428570 56 ) 
4 35 40 (-960 0 -126 ) (-960 -8 -126 ) (-960 -8 -64 ) (-960 0 -64 ) 
4 35 36 (-960 -8 62 ) (-960 -8 126 ) (-960 0 126 ) (-960 0 62 ) 
4 36 45 (-1024 -3.428570 62 ) (-1024 -8 62 ) (-1024 -8 126 ) (-1024 -3.428570 126 ) 
4 36 42 (-1024 0 126 ) (-1024 0 62 ) (-1024 -3.428570 62 ) (-1024 -3.428570 126 ) 
4 36 41 (-960 -8 62 ) (-960 -8 126 ) (-1024 -8 126 ) (-1024 -8 62 ) 
4 36 38 (-962.286011 -8 62 ) (-1024 -8 62 ) (-1024 -3.428570 62 ) (-962.286011 -3.428570 62 ) 
4 36 37 (-960 -3.428570 62 ) (-960 -8 62 ) (-962.286011 -8 62 ) (-962.286011 -3.428570 62 ) 
4 37 41 (-960 -8 56 ) (-960 -8 62 ) (-962.286011 -8 62 ) (-962.286011 -8 56 ) 
4 37 38 (-962.286011 -8 56 ) (-962.286011 -8 62 ) (-962.286011 -3.428570 62 ) (-962.286011 -3.428570 56 ) 
4 38 45 (-1024 -3.428570 -62 ) (-1024 -8 -62 ) (-1024 -8 62 ) (-1024 -3.428570 62 ) 
4 38 41 (-962.286011 -8 62 ) (-1024 -8 62 ) (-1024 -8 -62 ) (-962.286011 -8 -62 ) 
4 38 39 (-962.286011 -8 -62 ) (-1024 -8 -62 ) (-1024 -3.428570 -62 ) (-962.286011 -3.428570 -62 ) 
4 39 45 (-1024 -3.428570 -64 ) (-1024 -8 -64 ) (-1024 -8 -62 ) (-1024 -3.428570 -62 ) 
4 39 43 (-1024 0 -62 ) (-1024 0 -64 ) (-1024 -3.428570 -64 ) (-1024 -3.428570 -62 ) 
4 39 41 (-962.286011 -8 -62 ) (-1024 -8 -62 ) (-1024 -8 -64 ) (-962.286011 -8 -64 ) 
4 39 40 (-1024 0 -64 ) (-962.286011 0 -64 ) (-962.286011 -8 -64 ) (-1024 -8 -64 ) 
4 40 45 (-1024 -3.428570 -126 ) (-1024 -8 -126 ) (-1024 -8 -64 ) (-1024 -3.428570 -64 ) 
4 40 43 (-1024 0 -64 ) (-1024 0 -126 ) (-1024 -3.428570 -126 ) (-1024 -3.428570 -64 ) 
4 40 41 (-1024 -8 -126 ) (-960 -8 -126 ) (-960 -8 -64 ) (-1024 -8 -64 ) 
4 41 49 (-1024 -8 -126 ) (-1024 -62 -126 ) (-1024 -62 126 ) (-1024 -8 126 ) 
4 42 46 (-1085.709961 -3.428570 126 ) (-1088 -3.428570 126 ) (-1088 -3.428570 62 ) (-1085.709961 -3.428570 62 ) 
4 42 45 (-1024 -3.428570 62 ) (-1024 -3.428570 126 ) (-1085.709961 -3.428570 126 ) (-1085.709961 -3.428570 62 ) 
4 42 44 (-1088 -3.428570 62 ) (-1088 -3.428570 126 ) (-1088 0 126 ) (-1088 0 62 ) 
4 43 47 (-1088 -3.428570 -126 ) (-1085.709961 -3.428570 -126 ) (-1085.709961 -3.428570 -62 ) (-1088 -3.428570 -62 ) 
4 43 45 (-1085.709961 -3.428570 -126 ) (-1024 -3.428570 -126 ) (-1024 -3.428570 -62 ) (-1085.709961 -3.428570 -62 ) 
4 43 44 (-1088 0 -126 ) (-1088 -3.428570 -126 ) (-1088 -3.428570 -62 ) (-1088 0 -62 ) 
4 44 48 (-1150 -3.428570 126 ) (-1150 -3.428570 -126 ) (-1088 -3.428570 -126 ) (-1088 -3.428570 126 ) 
4 45 49 (-1085.709961 -8 -126 ) (-1024 -8 -126 ) (-1024 -8 126 ) (-1085.709961 -8 126 ) 
4 45 46 (-1085.709961 -3.428570 126 ) (-1085.709961 -3.428570 62 ) (-1085.709961 -8 62 ) (-1085.709961 -8 126 ) 
4 45 47 (-1085.709961 -3.428570 -62 ) (-1085.709961 -3.428570 -126 ) (-1085.709961 -8 -126 ) (-1085.709961 -8 -62 ) 
4 46 49 (-1085.709961 -8 62 ) (-1085.709961 -8 126 ) (-1088 -8 126 ) (-1088 -8 62 ) 
4 46 48 (-1088 -3.428570 126 ) (-1088 -3.428570 62 ) (-1088 -8 62 ) (-1088 -8 126 ) 
4 47 49 (-1088 -8 -126 ) (-1085.709961 -8 -126 ) (-1085.709961 -8 -62 ) (-1088 -8 -62 ) 
4 47 48 (-1088 -3.428570 -62 ) (-1088 -3.428570 -126 ) (-1088 -8 -126 ) (-1088 -8 -62 ) 
4 48 49 (-1150 -8 126 ) (-1150 -8 -126 ) (-1088 -8 -126 ) (-1088 -8 126 ) 
