PRT1
292
413
4 0 4 (10240 512 8192 ) (10240 1024 8192 ) (10240 1024 7552 ) (10240 512 7552 ) 
4 0 1 (10240 512 7552 ) (10240 1024 7552 ) (11264 1024 7552 ) (11264 512 7552 ) 
4 1 4 (10240 512 7552 ) (10240 1024 7552 ) (10240 1024 6144 ) (10240 512 6144 ) 
4 2 7 (11264 0 6144 ) (11264 0 6912 ) (10240 0 6912 ) (10240 0 6144 ) 
4 2 6 (11264 0 6912 ) (11264 0 7552 ) (10240 0 7552 ) (10240 0 6912 ) 
4 2 5 (10240 0 6144 ) (10240 0 7552 ) (10240 384 7552 ) (10240 384 6144 ) 
4 2 3 (11264 384 6144 ) (11264 0 6144 ) (10240 0 6144 ) (10240 384 6144 ) 
4 3 7 (11264 0 5632 ) (11264 0 6144 ) (10240 0 6144 ) (10240 0 5632 ) 
4 3 5 (10240 0 5632 ) (10240 0 6144 ) (10240 384 6144 ) (10240 384 5632 ) 
4 4 30 (9216 512 5532.900879 ) (9216 512 7536.640137 ) (9216 1024 7536.640137 ) (9216 1024 5532.900879 ) 
4 5 31 (9216 0 5072.100586 ) (9216 0 6947.839844 ) (9216 384 6947.839844 ) (9216 384 5072.100586 ) 
4 5 13 (10240 0 5632 ) (10240 0 6912 ) (9216 0 6912 ) (9216 0 5072.100586 ) 
4 5 12 (10240 0 6912 ) (10240 0 7552 ) (9216 0 6947.839844 ) (9216 0 6912 ) 
4 6 12 (10240 0 7552 ) (10240 0 6912 ) (10240 -128 6912 ) (10240 -128 7552 ) 
4 6 7 (10240 -128 6912 ) (10240 0 6912 ) (11264 0 6912 ) (11264 -128 6912 ) 
4 7 13 (10240 0 6912 ) (10240 0 5632 ) (10240 -128 5632 ) (10240 -128 6912 ) 
4 8 14 (10240 -768 6912 ) (10240 -256 6912 ) (10240 -256 6288 ) (10240 -768 6288 ) 
4 8 9 (10240 -768 6288 ) (10240 -256 6288 ) (11264 -256 6288 ) (11264 -768 6288 ) 
4 9 15 (10240 -256 5120 ) (10240 -768 5120 ) (10240 -768 6288 ) (10240 -256 6288 ) 
4 10 18 (11264 -1024 5120 ) (11264 -1024 5664 ) (10240 -1024 5664 ) (10240 -1024 5120 ) 
4 10 17 (11264 -1024 5664 ) (11264 -1024 6288 ) (10240 -1024 6288 ) (10240 -1024 5664 ) 
4 10 16 (10240 -896 5120 ) (10240 -1024 5120 ) (10240 -1024 6288 ) (10240 -896 6288 ) 
4 10 11 (11264 -1024 5120 ) (10240 -1024 5120 ) (10240 -896 5120 ) (11264 -896 5120 ) 
4 11 18 (11264 -1024 4608 ) (11264 -1024 5120 ) (10240 -1024 5120 ) (10240 -1024 4608 ) 
4 11 16 (10240 -896 4608 ) (10240 -1024 4608 ) (10240 -1024 5120 ) (10240 -896 5120 ) 
4 12 38 (9216 -128 6947.839844 ) (9216 0 6947.839844 ) (9216 0 6912 ) (9216 -128 6912 ) 
4 12 13 (9216 -128 6912 ) (9216 0 6912 ) (10240 0 6912 ) (10240 -128 6912 ) 
4 13 38 (9216 -128 5072.100098 ) (9216 -128 6912 ) (9216 0 6912 ) (9216 0 5072.100098 ) 
4 14 39 (9216 -256 6359.040527 ) (9216 -256 6288 ) (9216 -768 6288 ) (9216 -768 6359.040527 ) 
4 14 15 (9216 -768 6288 ) (9216 -256 6288 ) (10240 -256 6288 ) (10240 -768 6288 ) 
4 15 39 (9216 -768 4611.300781 ) (9216 -768 6288 ) (9216 -256 6288 ) (9216 -256 4611.300293 ) 
4 16 40 (9216 -1024 4150.500000 ) (9216 -1024 5783.680664 ) (9216 -896 5783.680664 ) (9216 -896 4150.500000 ) 
4 16 22 (10240 -1024 4608 ) (10240 -1024 5664 ) (9216 -1024 5664 ) (9216 -1024 4150.500000 ) 
4 16 21 (10240 -1024 5664 ) (10240 -1024 6288 ) (9216 -1024 5783.680664 ) (9216 -1024 5664 ) 
4 17 21 (10240 -1408 6288 ) (10240 -1024 6288 ) (10240 -1024 5664 ) (10240 -1408 5664 ) 
4 17 18 (10240 -1408 5664 ) (10240 -1024 5664 ) (11264 -1024 5664 ) (11264 -1408 5664 ) 
4 18 22 (10240 -1408 5664 ) (10240 -1024 5664 ) (10240 -1024 4608 ) (10240 -1408 4608 ) 
4 19 23 (10240 -2048 4608 ) (10240 -2048 5664 ) (10240 -1536 5664 ) (10240 -1536 4608 ) 
4 19 20 (10240 -2048 4608 ) (10240 -1536 4608 ) (11264 -1536 4608 ) (11264 -2048 4608 ) 
4 20 23 (10240 -2048 4096 ) (10240 -2048 4608 ) (10240 -1536 4608 ) (10240 -1536 4096 ) 
4 21 44 (9216 -1024 5783.680176 ) (9216 -1024 5664 ) (9216 -1408 5664 ) (9216 -1408 5783.680176 ) 
4 21 22 (9216 -1024 5664 ) (10240 -1024 5664 ) (10240 -1408 5664 ) (9216 -1408 5664 ) 
4 22 44 (9216 -1408 4150.500000 ) (9216 -1408 5664 ) (9216 -1024 5664 ) (9216 -1024 4150.500000 ) 
4 23 45 (9216 -2048 3689.699951 ) (9216 -2048 5210.879395 ) (9216 -1536 5210.879883 ) (9216 -1536 3689.700195 ) 
4 24 28 (10240 -2176 4096 ) (10240 -2688 4096 ) (10240 -2688 5024 ) (10240 -2176 5024 ) 
4 24 25 (11264 -2688 4096 ) (10240 -2688 4096 ) (10240 -2176 4096 ) (11264 -2176 4096 ) 
4 25 28 (10240 -2176 3584 ) (10240 -2688 3584 ) (10240 -2688 4096 ) (10240 -2176 4096 ) 
4 26 67 (11264 -3072 3584 ) (11264 -3072 3776 ) (10240 -3072 3776 ) (10240 -3072 3584 ) 
4 26 66 (11264 -3072 3776 ) (11264 -3072 4416 ) (10240 -3072 4416 ) (10240 -3072 3776 ) 
4 26 29 (10240 -2816 3584 ) (10240 -3072 3584 ) (10240 -3072 4416 ) (10240 -2816 4416 ) 
4 26 27 (11264 -3072 3584 ) (10240 -3072 3584 ) (10240 -2816 3584 ) (11264 -2816 3584 ) 
4 27 67 (11264 -3072 3072 ) (11264 -3072 3584 ) (10240 -3072 3584 ) (10240 -3072 3072 ) 
4 27 29 (10240 -2816 3072 ) (10240 -3072 3072 ) (10240 -3072 3584 ) (10240 -2816 3584 ) 
4 28 48 (9216 -2688 3228.899414 ) (9216 -2688 4622.079590 ) (9216 -2176 4622.080078 ) (9216 -2176 3228.899658 ) 
4 29 72 (10240 -3072 3072 ) (10240 -3072 3776 ) (9216 -3072 3473.919922 ) (9216 -3072 2768.100098 ) 
3 29 71 (10240 -3072 3776 ) (9216 -3072 3776 ) (9216 -3072 3473.919922 ) 
4 29 70 (10240 -3072 3776 ) (10240 -3072 4416 ) (9216 -3072 4062.720215 ) (9216 -3072 3776 ) 
4 29 49 (9216 -3072 2768.100098 ) (9216 -3072 4062.720215 ) (9216 -2816 4062.720215 ) (9216 -2816 2768.100098 ) 
4 30 32 (8192 512 4921.800293 ) (8192 512 6881.279297 ) (8192 1024 6881.279785 ) (8192 1024 4921.799805 ) 
4 31 38 (9216 0 5072.100586 ) (9216 0 6947.839844 ) (8192 0 6343.679688 ) (8192 0 4512.200195 ) 
4 31 33 (8192 0 4512.199707 ) (8192 0 6343.679688 ) (8192 384 6343.679688 ) (8192 384 4512.200195 ) 
4 32 34 (7168 512 4310.700684 ) (7168 512 6225.919922 ) (7168 1024 6225.919922 ) (7168 1024 4310.700195 ) 
4 33 41 (8192 0 4512.199707 ) (8192 0 6343.679688 ) (7168 0 5739.519531 ) (7168 0 3952.300049 ) 
4 33 35 (7168 0 3952.300293 ) (7168 0 5739.520020 ) (7168 384 5739.519531 ) (7168 384 3952.300049 ) 
4 34 36 (6144 512 3699.600098 ) (6144 512 5570.560059 ) (6144 1024 5570.560059 ) (6144 1024 3699.600098 ) 
4 35 52 (7168 0 3952.300293 ) (7168 0 5739.520020 ) (6144 0 5135.359863 ) (6144 0 3392.399902 ) 
4 35 37 (6144 0 3392.399902 ) (6144 0 5135.359375 ) (6144 384 5135.359863 ) (6144 384 3392.399902 ) 
4 36 138 (5120 512 3088.500000 ) (5120 512 4915.200195 ) (5120 1024 4915.200195 ) (5120 1024 3088.500000 ) 
4 37 139 (5120 0 2832.500000 ) (5120 0 4531.199707 ) (5120 384 4531.200195 ) (5120 384 2832.500000 ) 
4 37 55 (6144 0 3392.399902 ) (6144 0 5135.359375 ) (5120 0 4531.200195 ) (5120 0 2832.500000 ) 
4 38 41 (8192 0 6343.680176 ) (8192 0 4512.200195 ) (8192 -128 4512.199707 ) (8192 -128 6343.680176 ) 
4 39 42 (8192 -768 4102.600098 ) (8192 -768 5806.080078 ) (8192 -256 5806.080566 ) (8192 -256 4102.600098 ) 
4 40 44 (9216 -1024 4150.500000 ) (9216 -1024 5783.679688 ) (8192 -1024 5279.360352 ) (8192 -1024 3693 ) 
4 40 43 (8192 -1024 3693 ) (8192 -1024 5279.359863 ) (8192 -896 5279.360352 ) (8192 -896 3693 ) 
4 41 52 (7168 0 5739.520508 ) (7168 0 3952.300049 ) (7168 -128 3952.300293 ) (7168 -128 5739.520508 ) 
4 42 53 (7168 -768 3593.900391 ) (7168 -768 5253.120117 ) (7168 -256 5253.120605 ) (7168 -256 3593.900146 ) 
4 43 54 (7168 -1024 3235.500000 ) (7168 -1024 4775.040039 ) (7168 -896 4775.040039 ) (7168 -896 3235.500488 ) 
4 43 46 (8192 -1024 3693 ) (8192 -1024 5279.359863 ) (7168 -1024 4775.040039 ) (7168 -1024 3235.500488 ) 
4 44 46 (8192 -1408 3693 ) (8192 -1408 5279.359863 ) (8192 -1024 5279.360352 ) (8192 -1024 3693 ) 
4 45 47 (8192 -2048 3283.399902 ) (8192 -2048 4757.759766 ) (8192 -1536 4757.760254 ) (8192 -1536 3283.400391 ) 
4 46 58 (7168 -1408 3235.500000 ) (7168 -1408 4775.040039 ) (7168 -1024 4775.040039 ) (7168 -1024 3235.500488 ) 
4 47 59 (7168 -2048 2877.100342 ) (7168 -2048 4304.640137 ) (7168 -1536 4304.640137 ) (7168 -1536 2877.100342 ) 
4 48 50 (8192 -2688 2873.800049 ) (8192 -2688 4220.159668 ) (8192 -2176 4220.160156 ) (8192 -2176 2873.800293 ) 
4 49 98 (9216 -3072 2768.100098 ) (9216 -3072 4062.719971 ) (8192 -3072 3709.440186 ) (8192 -3072 2464.200195 ) 
4 49 51 (8192 -3072 2464.200195 ) (8192 -3072 3709.439941 ) (8192 -2816 3709.440186 ) (8192 -2816 2464.200195 ) 
4 50 62 (7168 -2688 2518.700195 ) (7168 -2688 3818.239990 ) (7168 -2176 3818.240234 ) (7168 -2176 2518.700195 ) 
4 51 100 (8192 -3072 2464.200195 ) (8192 -3072 3709.439941 ) (7168 -3072 3356.159912 ) (7168 -3072 2160.300293 ) 
4 51 63 (7168 -3072 2160.300049 ) (7168 -3072 3356.159668 ) (7168 -2816 3356.159912 ) (7168 -2816 2160.300293 ) 
4 52 55 (6144 0 5135.359863 ) (6144 0 3392.399902 ) (6144 -128 3392.399902 ) (6144 -128 5135.359863 ) 
4 53 56 (6144 -768 3085.200439 ) (6144 -768 4700.160156 ) (6144 -256 4700.160645 ) (6144 -256 3085.200195 ) 
4 54 58 (7168 -1024 3235.500000 ) (7168 -1024 4775.040039 ) (6144 -1024 4270.720215 ) (6144 -1024 2778 ) 
4 54 57 (6144 -1024 2778 ) (6144 -1024 4270.720215 ) (6144 -896 4270.720215 ) (6144 -896 2778 ) 
4 55 146 (5120 -128 2832.500000 ) (5120 -128 4531.200195 ) (5120 0 4531.200195 ) (5120 0 2832.500000 ) 
4 56 147 (5120 -768 2576.500244 ) (5120 -768 4147.200684 ) (5120 -256 4147.200195 ) (5120 -256 2576.500488 ) 
4 57 148 (5120 -1024 2320.500488 ) (5120 -1024 3766.400635 ) (5120 -896 3766.400391 ) (5120 -896 2320.500488 ) 
4 57 60 (6144 -1024 2778 ) (6144 -1024 4270.720215 ) (5120 -1024 3766.400146 ) (5120 -1024 2320.500244 ) 
4 58 60 (6144 -1408 2778 ) (6144 -1408 4270.719727 ) (6144 -1024 4270.719727 ) (6144 -1024 2778 ) 
4 59 61 (6144 -2048 2470.800537 ) (6144 -2048 3851.520264 ) (6144 -1536 3851.519775 ) (6144 -1536 2470.800293 ) 
4 60 152 (5120 -1408 2320.500488 ) (5120 -1408 3766.400391 ) (5120 -1024 3766.400391 ) (5120 -1024 2320.500488 ) 
4 61 153 (5120 -2048 2064.500244 ) (5120 -2048 3398.399902 ) (5120 -1536 3398.400146 ) (5120 -1536 2064.500244 ) 
4 62 64 (6144 -2688 2163.600098 ) (6144 -2688 3416.320068 ) (6144 -2176 3416.320313 ) (6144 -2176 2163.600098 ) 
4 63 112 (7168 -3072 2160.300049 ) (7168 -3072 3356.159668 ) (6144 -3072 3002.879883 ) (6144 -3072 1856.400269 ) 
4 63 65 (6144 -3072 1856.400146 ) (6144 -3072 3002.879883 ) (6144 -2816 3002.879883 ) (6144 -2816 1856.400269 ) 
4 64 156 (5120 -2688 1808.500000 ) (5120 -2688 3014.400146 ) (5120 -2176 3014.400391 ) (5120 -2176 1808.500000 ) 
4 65 157 (5120 -3072 1552.500244 ) (5120 -3072 2649.600098 ) (5120 -2816 2649.600098 ) (5120 -2816 1552.500244 ) 
4 65 114 (6144 -3072 1856.400146 ) (6144 -3072 3002.879883 ) (5120 -3072 2649.600098 ) (5120 -3072 1552.500244 ) 
4 66 70 (10240 -3072 4416 ) (10240 -3072 3776 ) (10240 -3328 3776 ) (10240 -3328 4416 ) 
4 66 67 (10240 -3328 3776 ) (10240 -3072 3776 ) (11264 -3072 3776 ) (11264 -3328 3776 ) 
4 67 72 (10240 -3072 3776 ) (10240 -3072 3072 ) (10240 -3328 3072 ) (10240 -3328 3776 ) 
4 68 73 (10240 -3456 3072 ) (10240 -3968 3072 ) (10240 -3968 3776 ) (10240 -3456 3776 ) 
4 68 69 (11264 -3968 3072 ) (10240 -3968 3072 ) (10240 -3456 3072 ) (11264 -3456 3072 ) 
4 69 73 (10240 -3456 2560 ) (10240 -3968 2560 ) (10240 -3968 3072 ) (10240 -3456 3072 ) 
4 70 98 (9216 -3072 4062.719971 ) (9216 -3072 3776 ) (9216 -3328 3776 ) (9216 -3328 4062.719971 ) 
4 70 71 (9216 -3072 3776 ) (10240 -3072 3776 ) (10240 -3328 3776 ) (9216 -3328 3776 ) 
4 71 98 (9216 -3072 3776 ) (9216 -3072 3473.919922 ) (9216 -3328 3473.919922 ) (9216 -3328 3776 ) 
4 71 72 (10240 -3072 3776 ) (10240 -3328 3776 ) (9216 -3328 3473.919189 ) (9216 -3072 3473.919189 ) 
4 72 98 (9216 -3072 3473.919922 ) (9216 -3072 2768.100098 ) (9216 -3328 2768.100098 ) (9216 -3328 3473.919922 ) 
4 73 99 (9216 -3968 2307.300049 ) (9216 -3968 3473.919922 ) (9216 -3456 3473.919922 ) (9216 -3456 2307.300049 ) 
4 74 78 (10240 -4608 3136 ) (10240 -4096 3136 ) (10240 -4096 2528 ) (10240 -4608 2528 ) 
4 74 75 (10240 -4608 2528 ) (10240 -4096 2528 ) (11264 -4096 2528 ) (11264 -4608 2528 ) 
4 75 79 (10240 -4608 2528 ) (10240 -4096 2528 ) (10240 -4096 2048 ) (10240 -4608 2048 ) 
4 76 81 (11264 -5120 2048 ) (11264 -5120 2528 ) (10240 -5120 2528 ) (10240 -5120 2048 ) 
4 76 80 (10240 -5120 2048 ) (10240 -5120 2528 ) (10240 -4736 2528 ) (10240 -4736 2048 ) 
4 76 77 (11264 -5120 2048 ) (10240 -5120 2048 ) (10240 -4736 2048 ) (11264 -4736 2048 ) 
4 77 82 (11264 -5120 1536 ) (11264 -5120 1888 ) (10240 -5120 1888 ) (10240 -5120 1536 ) 
4 77 81 (11264 -5120 1888 ) (11264 -5120 2048 ) (10240 -5120 2048 ) (10240 -5120 1888 ) 
4 77 80 (10240 -5120 1536 ) (10240 -5120 2048 ) (10240 -4736 2048 ) (10240 -4736 1536 ) 
4 78 102 (9216 -4608 2885.120117 ) (9216 -4096 2885.120117 ) (9216 -4096 2528 ) (9216 -4608 2528 ) 
4 78 79 (9216 -4096 2528 ) (10240 -4096 2528 ) (10240 -4608 2528 ) (9216 -4608 2528 ) 
4 79 102 (9216 -4608 1846.500122 ) (9216 -4608 2528 ) (9216 -4096 2528 ) (9216 -4096 1846.500000 ) 
4 80 103 (9216 -5120 1385.700073 ) (9216 -5120 2325.760010 ) (9216 -4736 2325.760010 ) (9216 -4736 1385.700073 ) 
4 80 88 (9216 -5120 1888 ) (9216 -5120 1385.700073 ) (10240 -5120 1536 ) (10240 -5120 1888 ) 
4 80 87 (9216 -5120 2325.760010 ) (9216 -5120 1888 ) (10240 -5120 1888 ) (10240 -5120 2528 ) 
4 81 87 (10240 -5120 2528 ) (10240 -5120 1888 ) (10240 -5248 1888 ) (10240 -5248 2528 ) 
4 81 82 (10240 -5248 1888 ) (10240 -5120 1888 ) (11264 -5120 1888 ) (11264 -5248 1888 ) 
4 82 88 (10240 -5120 1888 ) (10240 -5120 1536 ) (10240 -5248 1536 ) (10240 -5248 1888 ) 
4 83 89 (10240 -5376 1536 ) (10240 -5888 1536 ) (10240 -5888 1888 ) (10240 -5376 1888 ) 
4 83 84 (11264 -5888 1536 ) (10240 -5888 1536 ) (10240 -5376 1536 ) (11264 -5376 1536 ) 
4 84 90 (10240 -5376 1024 ) (10240 -5888 1024 ) (10240 -5888 1248 ) (10240 -5376 1248 ) 
4 84 89 (10240 -5888 1248 ) (10240 -5888 1536 ) (10240 -5376 1536 ) (10240 -5376 1248 ) 
4 85 92 (11264 -6144 1024 ) (11264 -6144 1248 ) (10240 -6144 1248 ) (10240 -6144 1024 ) 
4 85 91 (10240 -6016 1024 ) (10240 -6144 1024 ) (10240 -6144 1248 ) (10240 -6016 1248 ) 
4 85 86 (11264 -6016 1024 ) (11264 -6144 1024 ) (10240 -6144 1024 ) (10240 -6016 1024 ) 
4 86 92 (11264 -6144 512 ) (11264 -6144 1024 ) (10240 -6144 1024 ) (10240 -6144 512 ) 
4 86 91 (10240 -6016 512 ) (10240 -6144 512 ) (10240 -6144 1024 ) (10240 -6016 1024 ) 
4 87 106 (9216 -5248 2325.760010 ) (9216 -5120 2325.760010 ) (9216 -5120 1888 ) (9216 -5248 1888 ) 
4 87 88 (9216 -5248 1888 ) (9216 -5120 1888 ) (10240 -5120 1888 ) (10240 -5248 1888 ) 
4 88 106 (9216 -5248 1385.700073 ) (9216 -5248 1888 ) (9216 -5120 1888 ) (9216 -5120 1385.700073 ) 
4 89 107 (9216 -5376 1736.960083 ) (9216 -5376 1248 ) (9216 -5888 1248 ) (9216 -5888 1736.959961 ) 
4 89 90 (9216 -5888 1248 ) (9216 -5376 1248 ) (10240 -5376 1248 ) (10240 -5888 1248 ) 
4 90 107 (9216 -5888 921.600037 ) (9216 -5888 1248 ) (9216 -5376 1248 ) (9216 -5376 921.599976 ) 
4 91 108 (9216 -6144 460.799988 ) (9216 -6144 1148.160034 ) (9216 -6016 1148.160034 ) (9216 -6016 460.800049 ) 
3 91 95 (10240 -6144 512 ) (9216 -6144 512 ) (9216 -6144 460.800049 ) 
4 91 94 (10240 -6144 512 ) (10240 -6144 1248 ) (9216 -6144 1148.160034 ) (9216 -6144 512 ) 
4 92 94 (10240 -6528 1248 ) (10240 -6144 1248 ) (10240 -6144 512 ) (10240 -6528 512 ) 
4 93 96 (10240 -7168 36 ) (10240 -7168 512 ) (10240 -6656 512 ) (10240 -6656 36 ) 
4 94 126 (9216 -6528 1148.160034 ) (9216 -6144 1148.160034 ) (9216 -6144 512 ) (9216 -6528 512 ) 
4 94 95 (9216 -6144 512 ) (10240 -6144 512 ) (10240 -6528 512 ) (9216 -6528 512 ) 
4 95 127 (9216 -6528 460.799988 ) (9216 -6528 512 ) (9216 -6144 512 ) (9216 -6144 460.799988 ) 
4 96 128 (9216 -7168 36 ) (9216 -7168 512 ) (9216 -6656 512 ) (9216 -6656 36 ) 
4 98 100 (8192 -3072 3709.439941 ) (8192 -3072 2464.200195 ) (8192 -3328 2464.199951 ) (8192 -3328 3709.439941 ) 
4 99 101 (8192 -3968 2054.600098 ) (8192 -3968 3171.839844 ) (8192 -3456 3171.839844 ) (8192 -3456 2054.600098 ) 
4 100 112 (7168 -3072 3356.159668 ) (7168 -3072 2160.300781 ) (7168 -3328 2160.300049 ) (7168 -3328 3356.160156 ) 
4 101 113 (7168 -3968 1801.900024 ) (7168 -3968 2869.759766 ) (7168 -3456 2869.760254 ) (7168 -3456 1801.900391 ) 
4 102 104 (8192 -4608 1645 ) (8192 -4608 2634.239990 ) (8192 -4096 2634.240723 ) (8192 -4096 1645 ) 
4 103 106 (9216 -5120 1385.700195 ) (9216 -5120 2325.759766 ) (8192 -5120 2123.520020 ) (8192 -5120 1235.400146 ) 
4 103 105 (8192 -5120 1235.400024 ) (8192 -5120 2123.519775 ) (8192 -4736 2123.520020 ) (8192 -4736 1235.400146 ) 
4 104 116 (7168 -4608 1443.500122 ) (7168 -4608 2383.360107 ) (7168 -4096 2383.360352 ) (7168 -4096 1443.500000 ) 
4 105 117 (7168 -5120 1085.100098 ) (7168 -5120 1921.279907 ) (7168 -4736 1921.280151 ) (7168 -4736 1085.100098 ) 
4 105 109 (7168 -5120 1921.280273 ) (7168 -5120 1085.100098 ) (8192 -5120 1235.400024 ) (8192 -5120 2123.519775 ) 
4 106 109 (8192 -5120 2123.520020 ) (8192 -5120 1235.400146 ) (8192 -5248 1235.400024 ) (8192 -5248 2123.519775 ) 
4 107 110 (8192 -5888 819.199951 ) (8192 -5888 1585.919800 ) (8192 -5376 1585.920410 ) (8192 -5376 819.199951 ) 
4 108 127 (9216 -6144 460.799988 ) (9216 -6144 512 ) (8192 -6144 512 ) (8192 -6144 409.600098 ) 
4 108 126 (9216 -6144 512 ) (9216 -6144 1148.160034 ) (8192 -6144 1048.319824 ) (8192 -6144 512 ) 
4 108 111 (8192 -6144 409.600006 ) (8192 -6144 1048.320068 ) (8192 -6016 1048.319946 ) (8192 -6016 409.600037 ) 
4 109 120 (7168 -5248 1085.100098 ) (7168 -5248 1921.279907 ) (7168 -5120 1921.280273 ) (7168 -5120 1085.100098 ) 
4 110 121 (7168 -5888 716.799988 ) (7168 -5888 1434.880005 ) (7168 -5376 1434.880371 ) (7168 -5376 716.799988 ) 
4 111 130 (8192 -6144 409.600006 ) (8192 -6144 512 ) (7168 -6144 512 ) (7168 -6144 358.400085 ) 
4 111 129 (8192 -6144 512 ) (8192 -6144 1048.320068 ) (7168 -6144 948.480469 ) (7168 -6144 512 ) 
4 111 122 (7168 -6144 358.399994 ) (7168 -6144 948.480042 ) (7168 -6016 948.480225 ) (7168 -6016 358.400024 ) 
4 112 114 (6144 -3072 3002.879883 ) (6144 -3072 1856.400879 ) (6144 -3328 1856.400146 ) (6144 -3328 3002.879883 ) 
4 113 115 (6144 -3968 1549.200195 ) (6144 -3968 2567.679932 ) (6144 -3456 2567.680176 ) (6144 -3456 1549.200684 ) 
4 114 213 (5120 -3328 1552.500122 ) (5120 -3328 2649.600098 ) (5120 -3072 2649.600098 ) (5120 -3072 1552.500977 ) 
4 115 214 (5120 -3968 1296.500244 ) (5120 -3968 2265.600098 ) (5120 -3456 2265.599609 ) (5120 -3456 1296.500488 ) 
4 116 118 (6144 -4608 1242 ) (6144 -4608 2132.479980 ) (6144 -4096 2132.480469 ) (6144 -4096 1242 ) 
4 117 120 (7168 -5120 1085.100098 ) (7168 -5120 1921.279907 ) (6144 -5120 1719.040527 ) (6144 -5120 934.800232 ) 
4 117 119 (6144 -5120 934.800232 ) (6144 -5120 1719.039795 ) (6144 -4736 1719.040283 ) (6144 -4736 934.800232 ) 
4 118 217 (5120 -4608 1040.500244 ) (5120 -4608 1881.600098 ) (5120 -4096 1881.600586 ) (5120 -4096 1040.500244 ) 
4 119 218 (5120 -5120 784.500305 ) (5120 -5120 1516.799927 ) (5120 -4736 1516.800171 ) (5120 -4736 784.500305 ) 
4 119 123 (5120 -5120 1516.800293 ) (5120 -5120 784.500305 ) (6144 -5120 934.800232 ) (6144 -5120 1719.039795 ) 
4 120 123 (6144 -5120 1719.040527 ) (6144 -5120 934.800232 ) (6144 -5248 934.800232 ) (6144 -5248 1719.039795 ) 
4 121 124 (6144 -5888 614.399963 ) (6144 -5888 1283.839966 ) (6144 -5376 1283.839844 ) (6144 -5376 614.400024 ) 
4 122 133 (7168 -6144 358.399994 ) (7168 -6144 512 ) (6144 -6144 512 ) (6144 -6144 307.200012 ) 
4 122 132 (7168 -6144 512 ) (7168 -6144 948.480042 ) (6144 -6144 848.640137 ) (6144 -6144 512 ) 
4 122 125 (6144 -6144 307.199982 ) (6144 -6144 848.640015 ) (6144 -6016 848.640076 ) (6144 -6016 307.199951 ) 
4 123 221 (5120 -5248 784.500305 ) (5120 -5248 1516.799927 ) (5120 -5120 1516.800293 ) (5120 -5120 784.500305 ) 
4 124 222 (5120 -5888 512 ) (5120 -5888 1132.799927 ) (5120 -5376 1132.800293 ) (5120 -5376 512 ) 
4 125 223 (5120 -6144 256 ) (5120 -6144 748.799988 ) (5120 -6016 748.800415 ) (5120 -6016 256 ) 
4 125 136 (6144 -6144 307.199982 ) (6144 -6144 512 ) (5120 -6144 512 ) (5120 -6144 256 ) 
4 125 135 (6144 -6144 512 ) (6144 -6144 848.640015 ) (5120 -6144 748.800781 ) (5120 -6144 512 ) 
4 126 129 (8192 -6528 1048.320190 ) (8192 -6144 1048.320313 ) (8192 -6144 512 ) (8192 -6528 512 ) 
4 126 127 (8192 -6528 512 ) (8192 -6144 512 ) (9216 -6144 512 ) (9216 -6528 512 ) 
4 127 130 (8192 -6528 409.600006 ) (8192 -6528 512 ) (8192 -6144 512 ) (8192 -6144 409.600006 ) 
4 128 131 (8192 -7168 36 ) (8192 -7168 512 ) (8192 -6656 512 ) (8192 -6656 36 ) 
4 129 132 (7168 -6528 948.479736 ) (7168 -6144 948.479492 ) (7168 -6144 512 ) (7168 -6528 512 ) 
4 129 130 (7168 -6144 512 ) (8192 -6144 512 ) (8192 -6528 512 ) (7168 -6528 512 ) 
4 130 133 (7168 -6528 358.399994 ) (7168 -6528 512 ) (7168 -6144 512 ) (7168 -6144 358.399994 ) 
4 131 134 (7168 -7168 36 ) (7168 -7168 512 ) (7168 -6656 512 ) (7168 -6656 36 ) 
4 132 135 (6144 -6528 848.640076 ) (6144 -6144 848.640137 ) (6144 -6144 512 ) (6144 -6528 512 ) 
4 132 133 (6144 -6528 512 ) (6144 -6144 512 ) (7168 -6144 512 ) (7168 -6528 512 ) 
4 133 136 (6144 -6528 307.199982 ) (6144 -6528 512 ) (6144 -6144 512 ) (6144 -6144 307.200012 ) 
4 134 137 (6144 -7168 36 ) (6144 -7168 512 ) (6144 -6656 512 ) (6144 -6656 36 ) 
4 135 241 (5120 -6528 748.800171 ) (5120 -6144 748.800293 ) (5120 -6144 512 ) (5120 -6528 512 ) 
4 135 136 (5120 -6144 512 ) (6144 -6144 512 ) (6144 -6528 512 ) (5120 -6528 512 ) 
4 136 242 (5120 -6528 256 ) (5120 -6528 512 ) (5120 -6144 512 ) (5120 -6144 256 ) 
4 137 243 (5120 -7168 36 ) (5120 -7168 512 ) (5120 -6656 512 ) (5120 -6656 36 ) 
4 138 140 (4096 512 2477.400146 ) (4096 512 4259.839844 ) (4096 1024 4259.839844 ) (4096 1024 2477.400146 ) 
4 139 146 (5120 0 2832.500000 ) (5120 0 4531.199707 ) (4096 0 3927.040039 ) (4096 0 2272.600098 ) 
4 139 141 (4096 0 2272.600098 ) (4096 0 3927.039795 ) (4096 384 3927.040039 ) (4096 384 2272.600098 ) 
4 140 142 (3072 512 1866.299927 ) (3072 512 3604.479736 ) (3072 1024 3604.479980 ) (3072 1024 1866.299927 ) 
4 141 149 (4096 0 2272.600098 ) (4096 0 3927.039795 ) (3072 0 3322.879883 ) (3072 0 1712.700073 ) 
4 141 143 (3072 0 1712.699829 ) (3072 0 3322.879639 ) (3072 384 3322.879883 ) (3072 384 1712.700073 ) 
4 142 144 (2048 512 1255.200073 ) (2048 512 2949.120117 ) (2048 1024 2949.120605 ) (2048 1024 1255.199829 ) 
4 143 160 (3072 0 1712.699829 ) (3072 0 3322.879639 ) (2048 0 2718.719971 ) (2048 0 1152.799927 ) 
4 143 145 (2048 0 1152.799927 ) (2048 0 2718.719727 ) (2048 384 2718.719971 ) (2048 384 1152.799927 ) 
4 144 174 (1024 512 644.099915 ) (1024 512 2293.760254 ) (1024 1024 2293.760254 ) (1024 1024 644.099976 ) 
4 145 175 (1024 0 592.900085 ) (1024 0 2114.560059 ) (1024 384 2114.559814 ) (1024 384 592.900024 ) 
4 145 163 (2048 0 1152.799927 ) (2048 0 2718.719727 ) (1024 0 2114.559814 ) (1024 0 592.900024 ) 
4 146 149 (4096 0 3927.040527 ) (4096 0 2272.600098 ) (4096 -128 2272.600098 ) (4096 -128 3927.040527 ) 
4 147 150 (4096 -768 2067.800293 ) (4096 -768 3594.240234 ) (4096 -256 3594.240234 ) (4096 -256 2067.800293 ) 
4 148 152 (5120 -1024 2320.500488 ) (5120 -1024 3766.400635 ) (4096 -1024 3262.080078 ) (4096 -1024 1863 ) 
4 148 151 (4096 -1024 1863 ) (4096 -1024 3262.080322 ) (4096 -896 3262.080078 ) (4096 -896 1863 ) 
4 149 160 (3072 0 3322.880371 ) (3072 0 1712.700195 ) (3072 -128 1712.699951 ) (3072 -128 3322.880127 ) 
4 150 161 (3072 -768 1559.100342 ) (3072 -768 3041.280273 ) (3072 -256 3041.280029 ) (3072 -256 1559.100464 ) 
4 151 162 (3072 -1024 1405.500366 ) (3072 -1024 2757.760010 ) (3072 -896 2757.760254 ) (3072 -896 1405.500366 ) 
4 151 154 (4096 -1024 1863 ) (4096 -1024 3262.080322 ) (3072 -1024 2757.760254 ) (3072 -1024 1405.500366 ) 
4 152 154 (4096 -1408 1863 ) (4096 -1408 3262.080078 ) (4096 -1024 3262.080078 ) (4096 -1024 1863 ) 
4 153 155 (4096 -2048 1658.200317 ) (4096 -2048 2945.280029 ) (4096 -1536 2945.280029 ) (4096 -1536 1658.200439 ) 
4 154 166 (3072 -1408 1405.500244 ) (3072 -1408 2757.760254 ) (3072 -1024 2757.760742 ) (3072 -1024 1405.500488 ) 
4 155 167 (3072 -2048 1251.900391 ) (3072 -2048 2492.160156 ) (3072 -1536 2492.159912 ) (3072 -1536 1251.900391 ) 
4 156 158 (4096 -2688 1453.400146 ) (4096 -2688 2612.480225 ) (4096 -2176 2612.480469 ) (4096 -2176 1453.400269 ) 
4 157 213 (5120 -3072 1552.500244 ) (5120 -3072 2649.600098 ) (4096 -3072 2296.320068 ) (4096 -3072 1248.600220 ) 
4 157 159 (4096 -3072 1248.600220 ) (4096 -3072 2296.319824 ) (4096 -2816 2296.320068 ) (4096 -2816 1248.600220 ) 
4 158 170 (3072 -2688 1098.300415 ) (3072 -2688 2210.560059 ) (3072 -2176 2210.560059 ) (3072 -2176 1098.300415 ) 
4 159 215 (4096 -3072 1248.600220 ) (4096 -3072 2296.319824 ) (3072 -3072 1943.039917 ) (3072 -3072 944.700256 ) 
4 159 171 (3072 -3072 944.700317 ) (3072 -3072 1943.039917 ) (3072 -2816 1943.039917 ) (3072 -2816 944.700256 ) 
4 160 163 (2048 0 2718.720215 ) (2048 0 1152.800049 ) (2048 -128 1152.800049 ) (2048 -128 2718.720215 ) 
4 161 164 (2048 -768 1050.400391 ) (2048 -768 2488.320068 ) (2048 -256 2488.319824 ) (2048 -256 1050.400391 ) 
4 162 166 (3072 -1024 1405.500366 ) (3072 -1024 2757.760010 ) (2048 -1024 2253.439941 ) (2048 -1024 948 ) 
4 162 165 (2048 -1024 948 ) (2048 -1024 2253.440186 ) (2048 -896 2253.439941 ) (2048 -896 948 ) 
4 163 182 (1024 -128 592.900024 ) (1024 -128 2114.560303 ) (1024 0 2114.560547 ) (1024 0 592.900024 ) 
4 164 183 (1024 -768 541.700439 ) (1024 -768 1935.359985 ) (1024 -256 1935.359985 ) (1024 -256 541.700439 ) 
4 165 184 (1024 -1024 490.500488 ) (1024 -1024 1749.120117 ) (1024 -896 1749.120117 ) (1024 -896 490.500488 ) 
4 165 168 (2048 -1024 948 ) (2048 -1024 2253.440186 ) (1024 -1024 1749.120117 ) (1024 -1024 490.500488 ) 
4 166 168 (2048 -1408 948 ) (2048 -1408 2253.440186 ) (2048 -1024 2253.440430 ) (2048 -1024 948 ) 
4 167 169 (2048 -2048 845.600403 ) (2048 -2048 2039.039795 ) (2048 -1536 2039.040039 ) (2048 -1536 845.600464 ) 
4 168 189 (1024 -1408 490.500488 ) (1024 -1408 1749.120361 ) (1024 -1024 1749.120605 ) (1024 -1024 490.500488 ) 
4 169 190 (1024 -2048 439.300476 ) (1024 -2048 1585.920044 ) (1024 -1536 1585.919922 ) (1024 -1536 439.300537 ) 
4 170 172 (2048 -2688 743.200439 ) (2048 -2688 1808.640137 ) (2048 -2176 1808.640503 ) (2048 -2176 743.200439 ) 
4 171 227 (3072 -3072 944.700317 ) (3072 -3072 1943.039917 ) (2048 -3072 1589.760132 ) (2048 -3072 640.800354 ) 
4 171 173 (2048 -3072 640.800354 ) (2048 -3072 1589.760132 ) (2048 -2816 1589.760010 ) (2048 -2816 640.800354 ) 
4 172 193 (1024 -2688 388.100464 ) (1024 -2688 1406.720093 ) (1024 -2176 1406.720215 ) (1024 -2176 388.100464 ) 
4 173 229 (2048 -3072 640.800354 ) (2048 -3072 1589.760132 ) (1024 -3072 1236.480103 ) (1024 -3072 336.900391 ) 
4 173 194 (1024 -3072 336.900391 ) (1024 -3072 1236.480103 ) (1024 -2816 1236.480103 ) (1024 -2816 336.900391 ) 
4 174 176 (0 512 1638.399902 ) (0 1024 1638.399902 ) (0 1024 36 ) (0 512 36 ) 
5 175 182 (1024 0 592.899963 ) (1024 0 2114.559814 ) (0 0 1510.399902 ) (0 0 36 ) (5.486693 0 36 ) 
4 175 177 (0 0 36 ) (0 0 1510.399902 ) (0 384 1510.399902 ) (0 384 36 ) 
4 176 178 (-1024 512 983.040039 ) (-1024 1024 983.040039 ) (-1024 1024 36 ) (-1024 512 36 ) 
4 177 186 (0 0 36 ) (0 0 1382.399902 ) (-1024 0 829.439941 ) (-1024 0 36 ) 
4 177 185 (0 0 1382.399902 ) (0 0 1510.399902 ) (-1024 0 906.239868 ) (-1024 0 829.439941 ) 
4 177 179 (-1024 0 36 ) (-1024 0 906.239807 ) (-1024 384 906.239868 ) (-1024 384 36 ) 
4 178 180 (-2048 512 327.680054 ) (-2048 1024 327.680176 ) (-2048 1024 36 ) (-2048 512 36 ) 
4 179 198 (-1024 0 36 ) (-1024 0 829.439880 ) (-2048 0 276.479858 ) (-2048 0 36 ) 
4 179 197 (-1024 0 829.439880 ) (-1024 0 906.239807 ) (-2048 0 302.079926 ) (-2048 0 276.479858 ) 
4 179 181 (-2048 0 36 ) (-2048 0 302.079865 ) (-2048 384 302.079834 ) (-2048 384 36 ) 
3 181 202 (-2048 0 36 ) (-2048 0 276.479797 ) (-2493.332764 0 36 ) 
4 181 201 (-2048 0 276.479797 ) (-2048 0 302.079865 ) (-2498.982666 0 36 ) (-2493.332764 0 36 ) 
4 182 186 (0 0 1382.400024 ) (0 0 36 ) (0 -128 36 ) (0 -128 1382.399902 ) 
4 182 185 (0 0 1510.399902 ) (0 0 1382.400024 ) (0 -128 1382.399902 ) (0 -128 1510.399902 ) 
4 183 187 (0 -256 36 ) (0 -768 36 ) (0 -768 1382.399902 ) (0 -256 1382.400024 ) 
5 184 189 (1024 -1024 490.500488 ) (1024 -1024 1749.120117 ) (0 -1024 1244.800293 ) (0 -1024 36 ) (6.713636 -1024 36 ) 
4 184 188 (0 -896 36 ) (0 -1024 36 ) (0 -1024 1244.800049 ) (0 -896 1244.800171 ) 
4 185 197 (-1024 0 906.239746 ) (-1024 0 829.439819 ) (-1024 -128 829.439819 ) (-1024 -128 906.239746 ) 
4 185 186 (-1024 0 829.440918 ) (0 0 1382.401123 ) (0 -128 1382.401123 ) (-1024 -128 829.440918 ) 
4 186 198 (-1024 0 829.439819 ) (-1024 0 36 ) (-1024 -128 36 ) (-1024 -128 829.439819 ) 
4 187 199 (-1024 -256 36 ) (-1024 -768 36 ) (-1024 -768 829.439880 ) (-1024 -256 829.439819 ) 
4 188 200 (-1024 -896 36 ) (-1024 -1024 36 ) (-1024 -1024 740.480103 ) (-1024 -896 740.480103 ) 
4 188 191 (0 -1024 36 ) (0 -1024 1244.800049 ) (-1024 -1024 740.480042 ) (-1024 -1024 36 ) 
4 189 191 (0 -1408 1244.800171 ) (0 -1024 1244.800293 ) (0 -1024 36 ) (0 -1408 36 ) 
4 190 192 (0 -2048 36 ) (0 -2048 1132.800171 ) (0 -1536 1132.800049 ) (0 -1536 36 ) 
4 191 205 (-1024 -1408 740.480042 ) (-1024 -1024 740.479980 ) (-1024 -1024 36 ) (-1024 -1408 36 ) 
4 192 206 (-1024 -2048 36 ) (-1024 -2048 679.680054 ) (-1024 -1536 679.679993 ) (-1024 -1536 36 ) 
4 193 195 (0 -2176 36 ) (0 -2688 36 ) (0 -2688 1004.800171 ) (0 -2176 1004.800293 ) 
5 194 251 (1024 -3072 336.900391 ) (1024 -3072 1236.479980 ) (0 -3072 883.200073 ) (0 -3072 36 ) (10.106906 -3072 36 ) 
4 194 196 (0 -2816 36 ) (0 -3072 36 ) (0 -3072 883.200012 ) (0 -2816 883.200073 ) 
4 195 207 (-1024 -2688 602.880127 ) (-1024 -2176 602.880310 ) (-1024 -2176 36 ) (-1024 -2688 36 ) 
4 196 254 (0 -3072 36 ) (0 -3072 755.200012 ) (-1024 -3072 453.120056 ) (-1024 -3072 36 ) 
4 196 253 (0 -3072 755.200012 ) (0 -3072 883.200012 ) (-1024 -3072 529.920044 ) (-1024 -3072 453.120056 ) 
4 196 208 (-1024 -3072 36 ) (-1024 -3072 529.920166 ) (-1024 -2816 529.920105 ) (-1024 -2816 36 ) 
4 197 201 (-2048 0 302.080078 ) (-2048 0 276.479736 ) (-2048 -128 276.479736 ) (-2048 -128 302.080048 ) 
4 197 198 (-2048 -128 276.480835 ) (-2048 0 276.480835 ) (-1024 0 829.441406 ) (-1024 -128 829.441406 ) 
4 198 202 (-2048 0 276.479736 ) (-2048 0 36 ) (-2048 -128 36 ) (-2048 -128 276.479736 ) 
4 199 203 (-2048 -256 36 ) (-2048 -768 36 ) (-2048 -768 276.479767 ) (-2048 -256 276.479736 ) 
4 200 205 (-1024 -1024 36 ) (-1024 -1024 740.480103 ) (-2048 -1024 236.160049 ) (-2048 -1024 36 ) 
4 200 204 (-2048 -896 36 ) (-2048 -1024 36 ) (-2048 -1024 236.160065 ) (-2048 -896 236.160065 ) 
4 201 202 (-2493.334473 -128 36 ) (-2493.334473 0 36 ) (-2048 0 276.480621 ) (-2048 -128 276.480591 ) 
3 204 209 (-2048 -1024 36 ) (-2048 -1024 236.160065 ) (-2454.416504 -1024 36 ) 
4 205 209 (-2048 -1024 236.160156 ) (-2048 -1024 36 ) (-2048 -1408 36 ) (-2048 -1408 236.160126 ) 
4 206 210 (-2048 -1536 36 ) (-2048 -2048 36 ) (-2048 -2048 226.560059 ) (-2048 -1536 226.560089 ) 
4 207 211 (-2048 -2688 200.960205 ) (-2048 -2176 200.960403 ) (-2048 -2176 36 ) (-2048 -2688 36 ) 
4 208 268 (-1024 -3072 36 ) (-1024 -3072 453.120056 ) (-2048 -3072 151.040070 ) (-2048 -3072 36 ) 
4 208 267 (-1024 -3072 453.120056 ) (-1024 -3072 529.920166 ) (-2048 -3072 176.640076 ) (-2048 -3072 151.040070 ) 
4 208 212 (-2048 -3072 36 ) (-2048 -3072 176.640076 ) (-2048 -2816 176.640091 ) (-2048 -2816 36 ) 
3 212 271 (-2048 -3072 36 ) (-2048 -3072 151.040070 ) (-2437.966309 -3072 36 ) 
4 212 270 (-2048 -3072 151.040070 ) (-2048 -3072 176.640076 ) (-2455.652344 -3072 36 ) (-2437.966309 -3072 36 ) 
4 213 215 (4096 -3072 2296.320313 ) (4096 -3072 1248.600220 ) (4096 -3328 1248.600220 ) (4096 -3328 2296.320068 ) 
4 214 216 (4096 -3968 1043.800171 ) (4096 -3968 1963.520020 ) (4096 -3456 1963.520020 ) (4096 -3456 1043.800781 ) 
4 215 227 (3072 -3072 1943.040527 ) (3072 -3072 944.700317 ) (3072 -3328 944.700317 ) (3072 -3328 1943.040039 ) 
4 216 228 (3072 -3968 791.100342 ) (3072 -3968 1661.439819 ) (3072 -3456 1661.439941 ) (3072 -3456 791.100281 ) 
4 217 219 (4096 -4608 839 ) (4096 -4608 1630.720093 ) (4096 -4096 1630.720703 ) (4096 -4096 839 ) 
4 218 221 (5120 -5120 784.500305 ) (5120 -5120 1516.799927 ) (4096 -5120 1314.560547 ) (4096 -5120 634.200317 ) 
4 218 220 (4096 -5120 634.200378 ) (4096 -5120 1314.559937 ) (4096 -4736 1314.560425 ) (4096 -4736 634.200378 ) 
4 219 231 (3072 -4608 637.500305 ) (3072 -4608 1379.840088 ) (3072 -4096 1379.840820 ) (3072 -4096 637.500305 ) 
4 220 232 (3072 -5120 483.900330 ) (3072 -5120 1112.319946 ) (3072 -4736 1112.320190 ) (3072 -4736 483.900330 ) 
4 220 224 (3072 -5120 1112.320313 ) (3072 -5120 483.900391 ) (4096 -5120 634.200378 ) (4096 -5120 1314.559937 ) 
4 221 224 (4096 -5120 1314.560547 ) (4096 -5120 634.200317 ) (4096 -5248 634.200378 ) (4096 -5248 1314.559937 ) 
4 222 225 (4096 -5888 409.599976 ) (4096 -5888 981.759949 ) (4096 -5376 981.760742 ) (4096 -5376 409.599976 ) 
4 223 242 (5120 -6144 256 ) (5120 -6144 512 ) (4096 -6144 512 ) (4096 -6144 204.800018 ) 
4 223 241 (5120 -6144 512 ) (5120 -6144 748.799988 ) (4096 -6144 648.959961 ) (4096 -6144 512 ) 
4 223 226 (4096 -6144 204.800018 ) (4096 -6144 648.960022 ) (4096 -6016 648.959961 ) (4096 -6016 204.800018 ) 
4 224 235 (3072 -5248 483.900330 ) (3072 -5248 1112.319946 ) (3072 -5120 1112.320313 ) (3072 -5120 483.900391 ) 
4 225 236 (3072 -5888 307.200012 ) (3072 -5888 830.719971 ) (3072 -5376 830.720703 ) (3072 -5376 307.199951 ) 
4 226 245 (4096 -6144 204.800018 ) (4096 -6144 512 ) (3072 -6144 512 ) (3072 -6144 153.600006 ) 
4 226 244 (4096 -6144 512 ) (4096 -6144 648.960022 ) (3072 -6144 549.120605 ) (3072 -6144 512 ) 
4 226 237 (3072 -6144 153.599991 ) (3072 -6144 549.119995 ) (3072 -6016 549.120300 ) (3072 -6016 153.600006 ) 
4 227 229 (2048 -3072 1589.760742 ) (2048 -3072 640.800415 ) (2048 -3328 640.800354 ) (2048 -3328 1589.760254 ) 
4 228 230 (2048 -3968 538.400330 ) (2048 -3968 1359.360107 ) (2048 -3456 1359.360352 ) (2048 -3456 538.400330 ) 
4 229 251 (1024 -3072 1236.480469 ) (1024 -3072 336.900330 ) (1024 -3328 336.900391 ) (1024 -3328 1236.480103 ) 
4 230 252 (1024 -3968 285.700439 ) (1024 -3968 1057.280029 ) (1024 -3456 1057.280273 ) (1024 -3456 285.700439 ) 
4 231 233 (2048 -4608 436 ) (2048 -4608 1128.960083 ) (2048 -4096 1128.960938 ) (2048 -4096 436 ) 
4 232 235 (3072 -5120 483.900330 ) (3072 -5120 1112.319946 ) (2048 -5120 910.080078 ) (2048 -5120 333.600403 ) 
4 232 234 (2048 -5120 333.600433 ) (2048 -5120 910.079956 ) (2048 -4736 910.080078 ) (2048 -4736 333.600403 ) 
4 233 256 (1024 -4608 234.500458 ) (1024 -4608 878.080322 ) (1024 -4096 878.080566 ) (1024 -4096 234.500427 ) 
4 234 257 (1024 -5120 183.300446 ) (1024 -5120 707.840027 ) (1024 -4736 707.840027 ) (1024 -4736 183.300415 ) 
4 234 238 (1024 -5120 707.840088 ) (1024 -5120 183.300476 ) (2048 -5120 333.600403 ) (2048 -5120 910.080017 ) 
4 235 238 (2048 -5120 910.080078 ) (2048 -5120 333.600403 ) (2048 -5248 333.600433 ) (2048 -5248 910.079956 ) 
4 236 239 (2048 -5888 204.799988 ) (2048 -5888 679.679993 ) (2048 -5376 679.680664 ) (2048 -5376 204.800018 ) 
4 237 247 (3072 -6144 153.599991 ) (3072 -6144 549.119995 ) (2048 -6144 449.280762 ) (2048 -6144 102.400024 ) 
4 237 240 (2048 -6144 102.399994 ) (2048 -6144 449.280029 ) (2048 -6016 449.280396 ) (2048 -6016 102.400024 ) 
4 238 260 (1024 -5248 183.300461 ) (1024 -5248 707.839966 ) (1024 -5120 707.840820 ) (1024 -5120 183.300415 ) 
4 239 261 (1024 -5888 102.399994 ) (1024 -5888 528.639954 ) (1024 -5376 528.640137 ) (1024 -5376 102.400024 ) 
4 240 262 (1024 -6144 51.199989 ) (1024 -6144 349.440002 ) (1024 -6016 349.440216 ) (1024 -6016 51.199982 ) 
4 240 249 (2048 -6144 102.399994 ) (2048 -6144 449.280029 ) (1024 -6144 349.440430 ) (1024 -6144 51.199982 ) 
4 241 244 (4096 -6528 648.960022 ) (4096 -6144 648.959961 ) (4096 -6144 512 ) (4096 -6528 512 ) 
4 241 242 (4096 -6528 512 ) (4096 -6144 512 ) (5120 -6144 512 ) (5120 -6528 512 ) 
4 242 245 (4096 -6528 204.799988 ) (4096 -6528 512 ) (4096 -6144 512 ) (4096 -6144 204.799988 ) 
4 243 246 (4096 -7168 36 ) (4096 -7168 512 ) (4096 -6656 512 ) (4096 -6656 36 ) 
4 244 247 (3072 -6528 549.120117 ) (3072 -6144 549.120117 ) (3072 -6144 512 ) (3072 -6528 512 ) 
4 244 245 (3072 -6144 512 ) (4096 -6144 512 ) (4096 -6528 512 ) (3072 -6528 512 ) 
4 245 247 (3072 -6528 153.599991 ) (3072 -6528 512 ) (3072 -6144 512 ) (3072 -6144 153.600006 ) 
4 246 248 (3072 -7168 36 ) (3072 -7168 512 ) (3072 -6656 512 ) (3072 -6656 36 ) 
4 247 249 (2048 -6144 449.280273 ) (2048 -6144 102.400024 ) (2048 -6528 102.400002 ) (2048 -6528 449.280060 ) 
4 248 250 (2048 -7168 36 ) (2048 -7168 512 ) (2048 -6656 512 ) (2048 -6656 36 ) 
4 249 284 (1024 -6144 349.440063 ) (1024 -6144 51.200012 ) (1024 -6528 51.199997 ) (1024 -6528 349.440063 ) 
4 250 285 (1024 -7168 36 ) (1024 -7168 512 ) (1024 -6656 512 ) (1024 -6656 36 ) 
4 251 254 (0 -3072 755.200012 ) (0 -3072 36 ) (0 -3328 36 ) (0 -3328 755.200012 ) 
4 251 253 (0 -3072 883.200195 ) (0 -3072 755.200012 ) (0 -3328 755.200012 ) (0 -3328 883.200134 ) 
4 252 255 (0 -3456 36 ) (0 -3968 36 ) (0 -3968 755.200012 ) (0 -3456 755.199707 ) 
4 253 267 (-1024 -3072 529.920410 ) (-1024 -3072 453.120056 ) (-1024 -3328 453.120056 ) (-1024 -3328 529.920288 ) 
4 253 254 (-1024 -3072 453.121277 ) (0 -3072 755.201111 ) (0 -3328 755.201111 ) (-1024 -3328 453.121277 ) 
4 254 268 (-1024 -3072 453.120056 ) (-1024 -3072 36 ) (-1024 -3328 36 ) (-1024 -3328 453.120056 ) 
4 255 269 (-1024 -3456 36 ) (-1024 -3968 36 ) (-1024 -3968 453.120087 ) (-1024 -3456 453.120056 ) 
4 256 258 (0 -4608 627.199951 ) (0 -4096 627.199707 ) (0 -4096 36 ) (0 -4608 36 ) 
5 257 260 (1024 -5120 183.300461 ) (1024 -5120 707.840088 ) (0 -5120 505.600098 ) (0 -5120 36 ) (20.435709 -5120 36 ) 
4 257 259 (0 -5120 36 ) (0 -5120 505.600098 ) (0 -4736 505.600098 ) (0 -4736 36 ) 
4 258 273 (-1024 -4608 376.319946 ) (-1024 -4096 376.319824 ) (-1024 -4096 36 ) (-1024 -4608 36 ) 
4 259 274 (-1024 -5120 36 ) (-1024 -5120 303.360077 ) (-1024 -4736 303.360077 ) (-1024 -4736 36 ) 
4 259 266 (-1024 -5120 303.360077 ) (-1024 -5120 226.560028 ) (0 -5120 377.600006 ) (0 -5120 505.600098 ) 
4 259 263 (-1024 -5120 226.560028 ) (-1024 -5120 36 ) (0 -5120 36 ) (0 -5120 377.600006 ) 
4 260 266 (0 -5120 505.600098 ) (0 -5120 377.600037 ) (0 -5248 377.600006 ) (0 -5248 505.600098 ) 
4 260 263 (0 -5120 377.600037 ) (0 -5120 36 ) (0 -5248 36 ) (0 -5248 377.600006 ) 
4 261 264 (0 -5376 36 ) (0 -5888 36 ) (0 -5888 377.600037 ) (0 -5376 377.600037 ) 
5 262 284 (1024 -6144 51.199997 ) (1024 -6144 349.440033 ) (0 -6144 249.600098 ) (0 -6144 36 ) (720 -6144 36 ) 
4 262 265 (0 -6016 36 ) (0 -6144 36 ) (0 -6144 249.600067 ) (0 -6016 249.600082 ) 
4 263 275 (-1024 -5248 226.560059 ) (-1024 -5120 226.560059 ) (-1024 -5120 36 ) (-1024 -5248 36 ) 
4 263 266 (0 -5120 377.600098 ) (-1024 -5120 226.560059 ) (-1024 -5248 226.560074 ) (0 -5248 377.600098 ) 
4 264 276 (-1024 -5888 226.560013 ) (-1024 -5376 226.560043 ) (-1024 -5376 36 ) (-1024 -5888 36 ) 
4 265 286 (0 -6144 36 ) (0 -6144 249.600037 ) (-1024 -6144 149.760071 ) (-1024 -6144 36 ) 
4 265 277 (-1024 -6144 36 ) (-1024 -6144 149.760071 ) (-1024 -6016 149.760071 ) (-1024 -6016 36 ) 
4 266 278 (-1024 -5248 303.359894 ) (-1024 -5120 303.359863 ) (-1024 -5120 226.560059 ) (-1024 -5248 226.560059 ) 
4 267 270 (-2048 -3072 176.639648 ) (-2048 -3072 151.040085 ) (-2048 -3328 151.040085 ) (-2048 -3328 176.639755 ) 
4 267 268 (-2048 -3328 151.041443 ) (-2048 -3072 151.041443 ) (-1024 -3072 453.121094 ) (-1024 -3328 453.121094 ) 
4 268 271 (-2048 -3072 151.040085 ) (-2048 -3072 36 ) (-2048 -3328 36 ) (-2048 -3328 151.040085 ) 
4 269 272 (-2048 -3456 36 ) (-2048 -3968 36 ) (-2048 -3968 151.040085 ) (-2048 -3456 151.040085 ) 
4 270 271 (-2437.971436 -3328 36 ) (-2437.971436 -3072 36 ) (-2048 -3072 151.041534 ) (-2048 -3328 151.041901 ) 
4 273 279 (-2048 -4096 125.440430 ) (-2048 -4096 36 ) (-2048 -4608 36 ) (-2048 -4608 125.440247 ) 
4 274 280 (-2048 -4736 36 ) (-2048 -5120 36 ) (-2048 -5120 101.120079 ) (-2048 -4736 101.120079 ) 
4 274 278 (-1024 -5120 226.560043 ) (-1024 -5120 303.360077 ) (-2048 -5120 101.120079 ) (-2048 -5120 75.520020 ) 
4 274 275 (-1024 -5120 36 ) (-1024 -5120 226.560043 ) (-2048 -5120 75.520020 ) (-2048 -5120 36 ) 
4 275 281 (-2048 -5248 75.520020 ) (-2048 -5120 75.520020 ) (-2048 -5120 36 ) (-2048 -5248 36 ) 
4 275 278 (-1024 -5120 226.559570 ) (-2048 -5120 75.519531 ) (-2048 -5248 75.519531 ) (-1024 -5248 226.559570 ) 
4 276 282 (-2048 -5888 75.520020 ) (-2048 -5376 75.520020 ) (-2048 -5376 36 ) (-2048 -5888 36 ) 
4 277 288 (-1024 -6144 36 ) (-1024 -6144 149.760071 ) (-2048 -6144 49.920063 ) (-2048 -6144 36 ) 
4 277 283 (-2048 -6144 36 ) (-2048 -6144 49.920063 ) (-2048 -6016 49.920063 ) (-2048 -6016 36 ) 
4 278 281 (-2048 -5248 101.120110 ) (-2048 -5120 101.120117 ) (-2048 -5120 75.520020 ) (-2048 -5248 75.520020 ) 
3 280 281 (-2048 -5120 36 ) (-2048 -5120 101.120079 ) (-2377.721924 -5120 36 ) 
3 283 290 (-2048 -6144 36 ) (-2048 -6144 49.920067 ) (-2190.769775 -6144 36 ) 
4 284 286 (0 -6144 249.600037 ) (0 -6144 36 ) (0 -6528 36 ) (0 -6528 249.600052 ) 
4 285 287 (0 -7168 36 ) (0 -7168 512 ) (0 -6656 512 ) (0 -6656 36 ) 
4 286 288 (-1024 -6144 149.760071 ) (-1024 -6144 36 ) (-1024 -6528 36 ) (-1024 -6528 149.760071 ) 
4 287 289 (-1024 -6656 36 ) (-1024 -7168 36 ) (-1024 -7168 512 ) (-1024 -6656 512 ) 
4 288 290 (-2048 -6144 49.920074 ) (-2048 -6144 36 ) (-2048 -6528 36 ) (-2048 -6528 49.920067 ) 
4 289 291 (-2048 -6656 36 ) (-2048 -7168 36 ) (-2048 -7168 512 ) (-2048 -6656 512 ) 
