


materialPath: D:\Steam\steamapps\common\Counter-Strike Global Offensive\csgo\materials
Loading D:\OneDrive\Desktop\csgo\hammer maps\A Million Points of Blight\achievement_a_million_points_of_blight.vmf
Map revision 65
fixing up env_cubemap materials on brush sides...
0...1...2...3...4...5...6...7...8...9...100...1...2...3...4...5...6...7...8...9...10Processing areas...done (0)
Building Faces...done (0)
Chop Details...done (0)
Find Visible Detail Sides...done (0)
Merging details...done (0)
FixTjuncs...
PruneNodes...
WriteBSP...
done (0)
writing D:\OneDrive\Desktop\csgo\hammer maps\A Million Points of Blight\achievement_a_million_points_of_blight.prt...Building visibility clusters...
AutoVisClustering (threshold=-1) matched 0 leafs.
done (0)
Finding displacement neighbors...
Finding lightmap sample positions...
Displacement Alpha : 0...1...2...3...4...5...6...7...8...9...10
Building Physics collision data...
done (0) (14283 bytes)
Placing detail props : 0...1...2...3...4...5...6...7...8...9...10
Compacting texture/material tables...
Reduced 47 texinfos to 31
Reduced 4 texdatas to 4 (78 bytes to 78)
Writing D:\OneDrive\Desktop\csgo\hammer maps\A Million Points of Blight\achievement_a_million_points_of_blight.bsp
MSG_FILEWRITE - Filesystem was asked to write to 'd:\onedrive\desktop\csgo\hammer maps\a million points of blight\achievement_a_million_points_of_blight.bsp', but we don't own that location. Allowing...
0 seconds elapsed



16 threads
reading d:\onedrive\desktop\csgo\hammer maps\a million points of blight\achievement_a_million_points_of_blight.bsp
reading d:\onedrive\desktop\csgo\hammer maps\a million points of blight\achievement_a_million_points_of_blight.prt
   3 portalclusters
   1 numportals
0...1...2...3...4...5...6...7...8...9...10Optimized: 0 visible clusters (0.00%)
Total clusters visible: 5
Average clusters visible: 1
Building PAS...
Average clusters audible: 1
visdatasize:34  compressed from 48
writing d:\onedrive\desktop\csgo\hammer maps\a million points of blight\achievement_a_million_points_of_blight.bsp
MSG_FILEWRITE - Filesystem was asked to write to 'd:\onedrive\desktop\csgo\hammer maps\a million points of blight\achievement_a_million_points_of_blight.bsp', but we don't own that location. Allowing...
0 seconds elapsed



[Reading texlights from 'lights.rad']
[17 texlights parsed from 'lights.rad']

Loading d:\onedrive\desktop\csgo\hammer maps\a million points of blight\achievement_a_million_points_of_blight.bsp
86 faces
5437 square feet [782976.00 square inches]
0 Displacements
0 Square Feet [0.00 Square Inches]
86 patches before subdivision
234 patches after subdivision
2 direct lights
0...1...2...3...4...5...6...7...8...9...100...1...2...3...4...5...6...7...8...9...10transfers 4372, max 72
transfer lists:   0.0 megs
0...1...2...3...4...5...6...7...8...9...10	Bounce #1 added RGB(2698, 758, 7)
0...1...2...3...4...5...6...7...8...9...10	Bounce #2 added RGB(1377, 109, 0)
0...1...2...3...4...5...6...7...8...9...10	Bounce #3 added RGB(605, 13, 0)
0...1...2...3...4...5...6...7...8...9...10	Bounce #4 added RGB(289, 2, 0)
0...1...2...3...4...5...6...7...8...9...10	Bounce #5 added RGB(134, 0, 0)
0...1...2...3...4...5...6...7...8...9...10	Bounce #6 added RGB(63, 0, 0)
0...1...2...3...4...5...6...7...8...9...10	Bounce #7 added RGB(29, 0, 0)
0...1...2...3...4...5...6...7...8...9...10	Bounce #8 added RGB(14, 0, 0)
0...1...2...3...4...5...6...7...8...9...10	Bounce #9 added RGB(6, 0, 0)
0...1...2...3...4...5...6...7...8...9...10	Bounce #10 added RGB(3, 0, 0)
0...1...2...3...4...5...6...7...8...9...10	Bounce #11 added RGB(1, 0, 0)
0...1...2...3...4...5...6...7...8...9...10	Bounce #12 added RGB(1, 0, 0)
Build Patch/Sample Hash Table(s).....Done<0.0000 sec>
0...1...2...3...4...5...6...7...8...9...10FinalLightFace Done
0 of 0 (0% of) surface lights went in leaf ambient cubes.
0...1...2...3...4...5...6...7...8...9...10Writing leaf ambient...done
Ready to Finish

Object names       Objects/Maxobjs  Memory / Maxmem  Fullness 
------------       ---------------  ---------------  -------- 
models                  13/1024          624/49152    ( 1.3%) 
brushes                 28/8192          336/98304    ( 0.3%) 
brushsides             168/81920        1344/655360   ( 0.2%) 
planes                 124/65536        2480/1310720  ( 0.2%) 
vertexes               145/65536        1740/786432   ( 0.2%) 
nodes                   87/65536        2784/2097152  ( 0.1%) 
texinfos                31/12288        2232/884736   ( 0.3%) 
texdata                  4/4096          128/131072   ( 0.1%) 
dispinfos                0/0               0/0        ( 0.0%) 
disp_verts               0/0               0/0        ( 0.0%) 
disp_tris                0/0               0/0        ( 0.0%) 
disp_multiblend          0/0               0/0        ( 0.0%) 
disp_lmsamples           0/0               0/0        ( 0.0%) 
faces                   86/65536        4816/3670016  ( 0.1%) 
hdr faces                0/65536           0/3670016  ( 0.0%) 
origfaces               84/65536        4704/3670016  ( 0.1%) 
facebrushes              0/0               0/0        ( 0.0%) 
facebrushlists          86/0             344/0        ( 0.0%) 
leaves                 101/65536        3232/2097152  ( 0.2%) 
leaffaces               88/65536         176/131072   ( 0.1%) 
leafbrushes             32/65536          64/131072   ( 0.0%) 
areas                    3/1024           24/8192     ( 0.3%) 
surfedges              684/512000       2736/2048000  ( 0.1%) 
edges                  366/256000       1464/1024000  ( 0.1%) 
LDR worldlights          2/8192          200/819200   ( 0.0%) 
HDR worldlights          0/8192            0/819200   ( 0.0%) 
leafwaterdata            0/32768           0/393216   ( 0.0%) 
waterstrips              2/32768          20/327680   ( 0.0%) 
waterverts               0/65536           0/786432   ( 0.0%) 
waterindices            24/65536          48/131072   ( 0.0%) 
cubemapsamples           0/1024            0/16384    ( 0.0%) 
overlays                 0/1024            0/360448   ( 0.0%) 
LDR lightdata         [variable]        7688/0        ( 0.0%) 
HDR lightdata         [variable]           0/0        ( 0.0%) 
visdata               [variable]          34/16777216 ( 0.0%) 
entdata               [variable]       10985/393216   ( 2.8%) 
LDR ambient table      101/65536         404/262144   ( 0.2%) 
HDR ambient table      101/65536         404/262144   ( 0.2%) 
LDR leaf ambient       450/65536       12600/1835008  ( 0.7%) 
HDR leaf ambient       101/65536        2828/1835008  ( 0.2%) 
occluders                0/0               0/0        ( 0.0%) 
occluder polygons        0/0               0/0        ( 0.0%) 
occluder vert ind        0/0               0/0        ( 0.0%) 
detail props          [variable]           1/12       ( 8.3%) 
static props          [variable]           1/12       ( 8.3%) 
pakfile               [variable]       74550/0        ( 0.0%) 
physics               [variable]       14283/4194304  ( 0.3%) 
physics terrain       [variable]           2/1048576  ( 0.0%) 

Level flags = 7c

Total triangle count: 176
Writing d:\onedrive\desktop\csgo\hammer maps\a million points of blight\achievement_a_million_points_of_blight.bsp
MSG_FILEWRITE - Filesystem was asked to write to 'd:\onedrive\desktop\csgo\hammer maps\a million points of blight\achievement_a_million_points_of_blight.bsp', but we don't own that location. Allowing...
0 seconds elapsed



materialPath: D:\Steam\steamapps\common\Counter-Strike Global Offensive\csgo\materials
Loading D:\OneDrive\Desktop\csgo\hammer maps\A Million Points of Blight\achievement_a_million_points_of_blight.vmf
Map revision 66
fixing up env_cubemap materials on brush sides...
0...1...2...3...4...5...6...7...8...9...100...1...2...3...4...5...6...7...8...9...10Processing areas...done (0)
Building Faces...done (0)
Chop Details...done (0)
Find Visible Detail Sides...done (0)
Merging details...done (0)
FixTjuncs...
PruneNodes...
WriteBSP...
done (0)
writing D:\OneDrive\Desktop\csgo\hammer maps\A Million Points of Blight\achievement_a_million_points_of_blight.prt...Building visibility clusters...
AutoVisClustering (threshold=-1) matched 0 leafs.
done (0)
Finding displacement neighbors...
Finding lightmap sample positions...
Displacement Alpha : 0...1...2...3...4...5...6...7...8...9...10
Building Physics collision data...
done (0) (14283 bytes)
Placing detail props : 0...1...2...3...4...5...6...7...8...9...10
Compacting texture/material tables...
Reduced 47 texinfos to 31
Reduced 4 texdatas to 4 (78 bytes to 78)
Writing D:\OneDrive\Desktop\csgo\hammer maps\A Million Points of Blight\achievement_a_million_points_of_blight.bsp
MSG_FILEWRITE - Filesystem was asked to write to 'd:\onedrive\desktop\csgo\hammer maps\a million points of blight\achievement_a_million_points_of_blight.bsp', but we don't own that location. Allowing...
0 seconds elapsed



16 threads
reading d:\onedrive\desktop\csgo\hammer maps\a million points of blight\achievement_a_million_points_of_blight.bsp
reading d:\onedrive\desktop\csgo\hammer maps\a million points of blight\achievement_a_million_points_of_blight.prt
   3 portalclusters
   1 numportals
0...1...2...3...4...5...6...7...8...9...10Optimized: 0 visible clusters (0.00%)
Total clusters visible: 5
Average clusters visible: 1
Building PAS...
Average clusters audible: 1
visdatasize:34  compressed from 48
writing d:\onedrive\desktop\csgo\hammer maps\a million points of blight\achievement_a_million_points_of_blight.bsp
MSG_FILEWRITE - Filesystem was asked to write to 'd:\onedrive\desktop\csgo\hammer maps\a million points of blight\achievement_a_million_points_of_blight.bsp', but we don't own that location. Allowing...
0 seconds elapsed



[Reading texlights from 'lights.rad']
[17 texlights parsed from 'lights.rad']

Loading d:\onedrive\desktop\csgo\hammer maps\a million points of blight\achievement_a_million_points_of_blight.bsp
86 faces
5437 square feet [782976.00 square inches]
0 Displacements
0 Square Feet [0.00 Square Inches]
86 patches before subdivision
234 patches after subdivision
2 direct lights
0...1...2...3...4...5...6...7...8...9...100...1...2...3...4...5...6...7...8...9...10transfers 4372, max 72
transfer lists:   0.0 megs
0...1...2...3...4...5...6...7...8...9...10	Bounce #1 added RGB(2698, 758, 7)
0...1...2...3...4...5...6...7...8...9...10	Bounce #2 added RGB(1377, 109, 0)
0...1...2...3...4...5...6...7...8...9...10	Bounce #3 added RGB(605, 13, 0)
0...1...2...3...4...5...6...7...8...9...10	Bounce #4 added RGB(289, 2, 0)
0...1...2...3...4...5...6...7...8...9...10	Bounce #5 added RGB(134, 0, 0)
0...1...2...3...4...5...6...7...8...9...10	Bounce #6 added RGB(63, 0, 0)
0...1...2...3...4...5...6...7...8...9...10	Bounce #7 added RGB(29, 0, 0)
0...1...2...3...4...5...6...7...8...9...10	Bounce #8 added RGB(14, 0, 0)
0...1...2...3...4...5...6...7...8...9...10	Bounce #9 added RGB(6, 0, 0)
0...1...2...3...4...5...6...7...8...9...10	Bounce #10 added RGB(3, 0, 0)
0...1...2...3...4...5...6...7...8...9...10	Bounce #11 added RGB(1, 0, 0)
0...1...2...3...4...5...6...7...8...9...10	Bounce #12 added RGB(1, 0, 0)
Build Patch/Sample Hash Table(s).....Done<0.0000 sec>
0...1...2...3...4...5...6...7...8...9...10FinalLightFace Done
0 of 0 (0% of) surface lights went in leaf ambient cubes.
0...1...2...3...4...5...6...7...8...9...10Writing leaf ambient...done
Ready to Finish

Object names       Objects/Maxobjs  Memory / Maxmem  Fullness 
------------       ---------------  ---------------  -------- 
models                  13/1024          624/49152    ( 1.3%) 
brushes                 28/8192          336/98304    ( 0.3%) 
brushsides             168/81920        1344/655360   ( 0.2%) 
planes                 124/65536        2480/1310720  ( 0.2%) 
vertexes               145/65536        1740/786432   ( 0.2%) 
nodes                   87/65536        2784/2097152  ( 0.1%) 
texinfos                31/12288        2232/884736   ( 0.3%) 
texdata                  4/4096          128/131072   ( 0.1%) 
dispinfos                0/0               0/0        ( 0.0%) 
disp_verts               0/0               0/0        ( 0.0%) 
disp_tris                0/0               0/0        ( 0.0%) 
disp_multiblend          0/0               0/0        ( 0.0%) 
disp_lmsamples           0/0               0/0        ( 0.0%) 
faces                   86/65536        4816/3670016  ( 0.1%) 
hdr faces                0/65536           0/3670016  ( 0.0%) 
origfaces               84/65536        4704/3670016  ( 0.1%) 
facebrushes              0/0               0/0        ( 0.0%) 
facebrushlists          86/0             344/0        ( 0.0%) 
leaves                 101/65536        3232/2097152  ( 0.2%) 
leaffaces               88/65536         176/131072   ( 0.1%) 
leafbrushes             32/65536          64/131072   ( 0.0%) 
areas                    3/1024           24/8192     ( 0.3%) 
surfedges              684/512000       2736/2048000  ( 0.1%) 
edges                  366/256000       1464/1024000  ( 0.1%) 
LDR worldlights          2/8192          200/819200   ( 0.0%) 
HDR worldlights          0/8192            0/819200   ( 0.0%) 
leafwaterdata            0/32768           0/393216   ( 0.0%) 
waterstrips              2/32768          20/327680   ( 0.0%) 
waterverts               0/65536           0/786432   ( 0.0%) 
waterindices            24/65536          48/131072   ( 0.0%) 
cubemapsamples           0/1024            0/16384    ( 0.0%) 
overlays                 0/1024            0/360448   ( 0.0%) 
LDR lightdata         [variable]        7688/0        ( 0.0%) 
HDR lightdata         [variable]           0/0        ( 0.0%) 
visdata               [variable]          34/16777216 ( 0.0%) 
entdata               [variable]       10805/393216   ( 2.7%) 
LDR ambient table      101/65536         404/262144   ( 0.2%) 
HDR ambient table      101/65536         404/262144   ( 0.2%) 
LDR leaf ambient       450/65536       12600/1835008  ( 0.7%) 
HDR leaf ambient       101/65536        2828/1835008  ( 0.2%) 
occluders                0/0               0/0        ( 0.0%) 
occluder polygons        0/0               0/0        ( 0.0%) 
occluder vert ind        0/0               0/0        ( 0.0%) 
detail props          [variable]           1/12       ( 8.3%) 
static props          [variable]           1/12       ( 8.3%) 
pakfile               [variable]       74550/0        ( 0.0%) 
physics               [variable]       14283/4194304  ( 0.3%) 
physics terrain       [variable]           2/1048576  ( 0.0%) 

Level flags = 7c

Total triangle count: 176
Writing d:\onedrive\desktop\csgo\hammer maps\a million points of blight\achievement_a_million_points_of_blight.bsp
MSG_FILEWRITE - Filesystem was asked to write to 'd:\onedrive\desktop\csgo\hammer maps\a million points of blight\achievement_a_million_points_of_blight.bsp', but we don't own that location. Allowing...
0 seconds elapsed



materialPath: D:\Steam\steamapps\common\Counter-Strike Global Offensive\csgo\materials
Loading D:\OneDrive\Desktop\csgo\hammer maps\A Million Points of Blight\achievement_a_million_points_of_blight.vmf
Map revision 67
fixing up env_cubemap materials on brush sides...
0...1...2...3...4...5...6...7...8...9...100...1...2...3...4...5...6...7...8...9...10Processing areas...done (0)
Building Faces...done (0)
Chop Details...done (0)
Find Visible Detail Sides...done (0)
Merging details...done (0)
FixTjuncs...
PruneNodes...
WriteBSP...
done (0)
writing D:\OneDrive\Desktop\csgo\hammer maps\A Million Points of Blight\achievement_a_million_points_of_blight.prt...Building visibility clusters...
AutoVisClustering (threshold=-1) matched 0 leafs.
done (0)
Finding displacement neighbors...
Finding lightmap sample positions...
Displacement Alpha : 0...1...2...3...4...5...6...7...8...9...10
Building Physics collision data...
done (0) (14283 bytes)
Placing detail props : 0...1...2...3...4...5...6...7...8...9...10
Compacting texture/material tables...
Reduced 47 texinfos to 31
Reduced 4 texdatas to 4 (78 bytes to 78)
Writing D:\OneDrive\Desktop\csgo\hammer maps\A Million Points of Blight\achievement_a_million_points_of_blight.bsp
MSG_FILEWRITE - Filesystem was asked to write to 'd:\onedrive\desktop\csgo\hammer maps\a million points of blight\achievement_a_million_points_of_blight.bsp', but we don't own that location. Allowing...
0 seconds elapsed



16 threads
reading d:\onedrive\desktop\csgo\hammer maps\a million points of blight\achievement_a_million_points_of_blight.bsp
reading d:\onedrive\desktop\csgo\hammer maps\a million points of blight\achievement_a_million_points_of_blight.prt
   3 portalclusters
   1 numportals
0...1...2...3...4...5...6...7...8...9...10Optimized: 0 visible clusters (0.00%)
Total clusters visible: 5
Average clusters visible: 1
Building PAS...
Average clusters audible: 1
visdatasize:34  compressed from 48
writing d:\onedrive\desktop\csgo\hammer maps\a million points of blight\achievement_a_million_points_of_blight.bsp
MSG_FILEWRITE - Filesystem was asked to write to 'd:\onedrive\desktop\csgo\hammer maps\a million points of blight\achievement_a_million_points_of_blight.bsp', but we don't own that location. Allowing...
0 seconds elapsed



[Reading texlights from 'lights.rad']
[17 texlights parsed from 'lights.rad']

Loading d:\onedrive\desktop\csgo\hammer maps\a million points of blight\achievement_a_million_points_of_blight.bsp
86 faces
5437 square feet [782976.00 square inches]
0 Displacements
0 Square Feet [0.00 Square Inches]
86 patches before subdivision
234 patches after subdivision
2 direct lights
0...1...2...3...4...5...6...7...8...9...100...1...2...3...4...5...6...7...8...9...10transfers 4372, max 72
transfer lists:   0.0 megs
0...1...2...3...4...5...6...7...8...9...10	Bounce #1 added RGB(2698, 758, 7)
0...1...2...3...4...5...6...7...8...9...10	Bounce #2 added RGB(1377, 109, 0)
0...1...2...3...4...5...6...7...8...9...10	Bounce #3 added RGB(605, 13, 0)
0...1...2...3...4...5...6...7...8...9...10	Bounce #4 added RGB(289, 2, 0)
0...1...2...3...4...5...6...7...8...9...10	Bounce #5 added RGB(134, 0, 0)
0...1...2...3...4...5...6...7...8...9...10	Bounce #6 added RGB(63, 0, 0)
0...1...2...3...4...5...6...7...8...9...10	Bounce #7 added RGB(29, 0, 0)
0...1...2...3...4...5...6...7...8...9...10	Bounce #8 added RGB(14, 0, 0)
0...1...2...3...4...5...6...7...8...9...10	Bounce #9 added RGB(6, 0, 0)
0...1...2...3...4...5...6...7...8...9...10	Bounce #10 added RGB(3, 0, 0)
0...1...2...3...4...5...6...7...8...9...10	Bounce #11 added RGB(1, 0, 0)
0...1...2...3...4...5...6...7...8...9...10	Bounce #12 added RGB(1, 0, 0)
Build Patch/Sample Hash Table(s).....Done<0.0000 sec>
0...1...2...3...4...5...6...7...8...9...10FinalLightFace Done
0 of 0 (0% of) surface lights went in leaf ambient cubes.
0...1...2...3...4...5...6...7...8...9...10Writing leaf ambient...done
Ready to Finish

Object names       Objects/Maxobjs  Memory / Maxmem  Fullness 
------------       ---------------  ---------------  -------- 
models                  13/1024          624/49152    ( 1.3%) 
brushes                 28/8192          336/98304    ( 0.3%) 
brushsides             168/81920        1344/655360   ( 0.2%) 
planes                 124/65536        2480/1310720  ( 0.2%) 
vertexes               145/65536        1740/786432   ( 0.2%) 
nodes                   87/65536        2784/2097152  ( 0.1%) 
texinfos                31/12288        2232/884736   ( 0.3%) 
texdata                  4/4096          128/131072   ( 0.1%) 
dispinfos                0/0               0/0        ( 0.0%) 
disp_verts               0/0               0/0        ( 0.0%) 
disp_tris                0/0               0/0        ( 0.0%) 
disp_multiblend          0/0               0/0        ( 0.0%) 
disp_lmsamples           0/0               0/0        ( 0.0%) 
faces                   86/65536        4816/3670016  ( 0.1%) 
hdr faces                0/65536           0/3670016  ( 0.0%) 
origfaces               84/65536        4704/3670016  ( 0.1%) 
facebrushes              0/0               0/0        ( 0.0%) 
facebrushlists          86/0             344/0        ( 0.0%) 
leaves                 101/65536        3232/2097152  ( 0.2%) 
leaffaces               88/65536         176/131072   ( 0.1%) 
leafbrushes             32/65536          64/131072   ( 0.0%) 
areas                    3/1024           24/8192     ( 0.3%) 
surfedges              684/512000       2736/2048000  ( 0.1%) 
edges                  366/256000       1464/1024000  ( 0.1%) 
LDR worldlights          2/8192          200/819200   ( 0.0%) 
HDR worldlights          0/8192            0/819200   ( 0.0%) 
leafwaterdata            0/32768           0/393216   ( 0.0%) 
waterstrips              2/32768          20/327680   ( 0.0%) 
waterverts               0/65536           0/786432   ( 0.0%) 
waterindices            24/65536          48/131072   ( 0.0%) 
cubemapsamples           0/1024            0/16384    ( 0.0%) 
overlays                 0/1024            0/360448   ( 0.0%) 
LDR lightdata         [variable]        7688/0        ( 0.0%) 
HDR lightdata         [variable]           0/0        ( 0.0%) 
visdata               [variable]          34/16777216 ( 0.0%) 
entdata               [variable]       10805/393216   ( 2.7%) 
LDR ambient table      101/65536         404/262144   ( 0.2%) 
HDR ambient table      101/65536         404/262144   ( 0.2%) 
LDR leaf ambient       450/65536       12600/1835008  ( 0.7%) 
HDR leaf ambient       101/65536        2828/1835008  ( 0.2%) 
occluders                0/0               0/0        ( 0.0%) 
occluder polygons        0/0               0/0        ( 0.0%) 
occluder vert ind        0/0               0/0        ( 0.0%) 
detail props          [variable]           1/12       ( 8.3%) 
static props          [variable]           1/12       ( 8.3%) 
pakfile               [variable]       74550/0        ( 0.0%) 
physics               [variable]       14283/4194304  ( 0.3%) 
physics terrain       [variable]           2/1048576  ( 0.0%) 

Level flags = 7c

Total triangle count: 176
Writing d:\onedrive\desktop\csgo\hammer maps\a million points of blight\achievement_a_million_points_of_blight.bsp
MSG_FILEWRITE - Filesystem was asked to write to 'd:\onedrive\desktop\csgo\hammer maps\a million points of blight\achievement_a_million_points_of_blight.bsp', but we don't own that location. Allowing...
0 seconds elapsed



materialPath: D:\Steam\steamapps\common\Counter-Strike Global Offensive\csgo\materials
Loading D:\OneDrive\Desktop\csgo\hammer maps\A Million Points of Blight\achievement_a_million_points_of_blight.vmf
Map revision 68
fixing up env_cubemap materials on brush sides...
0...1...2...3...4...5...6...7...8...9...100...1...2...3...4...5...6...7...8...9...10Processing areas...done (0)
Building Faces...done (0)
Chop Details...done (0)
Find Visible Detail Sides...done (0)
Merging details...done (0)
FixTjuncs...
PruneNodes...
WriteBSP...
done (0)
writing D:\OneDrive\Desktop\csgo\hammer maps\A Million Points of Blight\achievement_a_million_points_of_blight.prt...Building visibility clusters...
AutoVisClustering (threshold=-1) matched 0 leafs.
done (0)
Finding displacement neighbors...
Finding lightmap sample positions...
Displacement Alpha : 0...1...2...3...4...5...6...7...8...9...10
Building Physics collision data...
done (0) (14283 bytes)
Placing detail props : 0...1...2...3...4...5...6...7...8...9...10
Compacting texture/material tables...
Reduced 47 texinfos to 31
Reduced 4 texdatas to 4 (78 bytes to 78)
Writing D:\OneDrive\Desktop\csgo\hammer maps\A Million Points of Blight\achievement_a_million_points_of_blight.bsp
MSG_FILEWRITE - Filesystem was asked to write to 'd:\onedrive\desktop\csgo\hammer maps\a million points of blight\achievement_a_million_points_of_blight.bsp', but we don't own that location. Allowing...
0 seconds elapsed



16 threads
reading d:\onedrive\desktop\csgo\hammer maps\a million points of blight\achievement_a_million_points_of_blight.bsp
reading d:\onedrive\desktop\csgo\hammer maps\a million points of blight\achievement_a_million_points_of_blight.prt
   3 portalclusters
   1 numportals
0...1...2...3...4...5...6...7...8...9...10Optimized: 0 visible clusters (0.00%)
Total clusters visible: 5
Average clusters visible: 1
Building PAS...
Average clusters audible: 1
visdatasize:34  compressed from 48
writing d:\onedrive\desktop\csgo\hammer maps\a million points of blight\achievement_a_million_points_of_blight.bsp
MSG_FILEWRITE - Filesystem was asked to write to 'd:\onedrive\desktop\csgo\hammer maps\a million points of blight\achievement_a_million_points_of_blight.bsp', but we don't own that location. Allowing...
0 seconds elapsed



[Reading texlights from 'lights.rad']
[17 texlights parsed from 'lights.rad']

Loading d:\onedrive\desktop\csgo\hammer maps\a million points of blight\achievement_a_million_points_of_blight.bsp
86 faces
5437 square feet [782976.00 square inches]
0 Displacements
0 Square Feet [0.00 Square Inches]
86 patches before subdivision
234 patches after subdivision
2 direct lights
0...1...2...3...4...5...6...7...8...9...100...1...2...3...4...5...6...7...8...9...10transfers 4372, max 72
transfer lists:   0.0 megs
0...1...2...3...4...5...6...7...8...9...10	Bounce #1 added RGB(2698, 758, 7)
0...1...2...3...4...5...6...7...8...9...10	Bounce #2 added RGB(1377, 109, 0)
0...1...2...3...4...5...6...7...8...9...10	Bounce #3 added RGB(605, 13, 0)
0...1...2...3...4...5...6...7...8...9...10	Bounce #4 added RGB(289, 2, 0)
0...1...2...3...4...5...6...7...8...9...10	Bounce #5 added RGB(134, 0, 0)
0...1...2...3...4...5...6...7...8...9...10	Bounce #6 added RGB(63, 0, 0)
0...1...2...3...4...5...6...7...8...9...10	Bounce #7 added RGB(29, 0, 0)
0...1...2...3...4...5...6...7...8...9...10	Bounce #8 added RGB(14, 0, 0)
0...1...2...3...4...5...6...7...8...9...10	Bounce #9 added RGB(6, 0, 0)
0...1...2...3...4...5...6...7...8...9...10	Bounce #10 added RGB(3, 0, 0)
0...1...2...3...4...5...6...7...8...9...10	Bounce #11 added RGB(1, 0, 0)
0...1...2...3...4...5...6...7...8...9...10	Bounce #12 added RGB(1, 0, 0)
Build Patch/Sample Hash Table(s).....Done<0.0000 sec>
0...1...2...3...4...5...6...7...8...9...10FinalLightFace Done
0 of 0 (0% of) surface lights went in leaf ambient cubes.
0...1...2...3...4...5...6...7...8...9...10Writing leaf ambient...done
Ready to Finish

Object names       Objects/Maxobjs  Memory / Maxmem  Fullness 
------------       ---------------  ---------------  -------- 
models                  13/1024          624/49152    ( 1.3%) 
brushes                 28/8192          336/98304    ( 0.3%) 
brushsides             168/81920        1344/655360   ( 0.2%) 
planes                 124/65536        2480/1310720  ( 0.2%) 
vertexes               145/65536        1740/786432   ( 0.2%) 
nodes                   87/65536        2784/2097152  ( 0.1%) 
texinfos                31/12288        2232/884736   ( 0.3%) 
texdata                  4/4096          128/131072   ( 0.1%) 
dispinfos                0/0               0/0        ( 0.0%) 
disp_verts               0/0               0/0        ( 0.0%) 
disp_tris                0/0               0/0        ( 0.0%) 
disp_multiblend          0/0               0/0        ( 0.0%) 
disp_lmsamples           0/0               0/0        ( 0.0%) 
faces                   86/65536        4816/3670016  ( 0.1%) 
hdr faces                0/65536           0/3670016  ( 0.0%) 
origfaces               84/65536        4704/3670016  ( 0.1%) 
facebrushes              0/0               0/0        ( 0.0%) 
facebrushlists          86/0             344/0        ( 0.0%) 
leaves                 101/65536        3232/2097152  ( 0.2%) 
leaffaces               88/65536         176/131072   ( 0.1%) 
leafbrushes             32/65536          64/131072   ( 0.0%) 
areas                    3/1024           24/8192     ( 0.3%) 
surfedges              684/512000       2736/2048000  ( 0.1%) 
edges                  366/256000       1464/1024000  ( 0.1%) 
LDR worldlights          2/8192          200/819200   ( 0.0%) 
HDR worldlights          0/8192            0/819200   ( 0.0%) 
leafwaterdata            0/32768           0/393216   ( 0.0%) 
waterstrips              2/32768          20/327680   ( 0.0%) 
waterverts               0/65536           0/786432   ( 0.0%) 
waterindices            24/65536          48/131072   ( 0.0%) 
cubemapsamples           0/1024            0/16384    ( 0.0%) 
overlays                 0/1024            0/360448   ( 0.0%) 
LDR lightdata         [variable]        7688/0        ( 0.0%) 
HDR lightdata         [variable]           0/0        ( 0.0%) 
visdata               [variable]          34/16777216 ( 0.0%) 
entdata               [variable]       10851/393216   ( 2.8%) 
LDR ambient table      101/65536         404/262144   ( 0.2%) 
HDR ambient table      101/65536         404/262144   ( 0.2%) 
LDR leaf ambient       450/65536       12600/1835008  ( 0.7%) 
HDR leaf ambient       101/65536        2828/1835008  ( 0.2%) 
occluders                0/0               0/0        ( 0.0%) 
occluder polygons        0/0               0/0        ( 0.0%) 
occluder vert ind        0/0               0/0        ( 0.0%) 
detail props          [variable]           1/12       ( 8.3%) 
static props          [variable]           1/12       ( 8.3%) 
pakfile               [variable]       74550/0        ( 0.0%) 
physics               [variable]       14283/4194304  ( 0.3%) 
physics terrain       [variable]           2/1048576  ( 0.0%) 

Level flags = 7c

Total triangle count: 176
Writing d:\onedrive\desktop\csgo\hammer maps\a million points of blight\achievement_a_million_points_of_blight.bsp
MSG_FILEWRITE - Filesystem was asked to write to 'd:\onedrive\desktop\csgo\hammer maps\a million points of blight\achievement_a_million_points_of_blight.bsp', but we don't own that location. Allowing...
0 seconds elapsed



materialPath: D:\Steam\steamapps\common\Counter-Strike Global Offensive\csgo\materials
Loading D:\OneDrive\Desktop\csgo\hammer maps\A Million Points of Blight\achievement_a_million_points_of_blight.vmf
Map revision 69
fixing up env_cubemap materials on brush sides...
0...1...2...3...4...5...6...7...8...9...100...1...2...3...4...5...6...7...8...9...10Processing areas...done (0)
Building Faces...done (0)
Chop Details...done (0)
Find Visible Detail Sides...done (0)
Merging details...done (0)
FixTjuncs...
PruneNodes...
WriteBSP...
done (0)
writing D:\OneDrive\Desktop\csgo\hammer maps\A Million Points of Blight\achievement_a_million_points_of_blight.prt...Building visibility clusters...
AutoVisClustering (threshold=-1) matched 0 leafs.
done (0)
Finding displacement neighbors...
Finding lightmap sample positions...
Displacement Alpha : 0...1...2...3...4...5...6...7...8...9...10
Building Physics collision data...
done (0) (14836 bytes)
Placing detail props : 0...1...2...3...4...5...6...7...8...9...10
Compacting texture/material tables...
Reduced 49 texinfos to 33
Reduced 4 texdatas to 4 (78 bytes to 78)
Writing D:\OneDrive\Desktop\csgo\hammer maps\A Million Points of Blight\achievement_a_million_points_of_blight.bsp
MSG_FILEWRITE - Filesystem was asked to write to 'd:\onedrive\desktop\csgo\hammer maps\a million points of blight\achievement_a_million_points_of_blight.bsp', but we don't own that location. Allowing...
0 seconds elapsed



16 threads
reading d:\onedrive\desktop\csgo\hammer maps\a million points of blight\achievement_a_million_points_of_blight.bsp
reading d:\onedrive\desktop\csgo\hammer maps\a million points of blight\achievement_a_million_points_of_blight.prt
   3 portalclusters
   1 numportals
0...1...2...3...4...5...6...7...8...9...10Optimized: 0 visible clusters (0.00%)
Total clusters visible: 5
Average clusters visible: 1
Building PAS...
Average clusters audible: 1
visdatasize:34  compressed from 48
writing d:\onedrive\desktop\csgo\hammer maps\a million points of blight\achievement_a_million_points_of_blight.bsp
MSG_FILEWRITE - Filesystem was asked to write to 'd:\onedrive\desktop\csgo\hammer maps\a million points of blight\achievement_a_million_points_of_blight.bsp', but we don't own that location. Allowing...
0 seconds elapsed



[Reading texlights from 'lights.rad']
[17 texlights parsed from 'lights.rad']

Loading d:\onedrive\desktop\csgo\hammer maps\a million points of blight\achievement_a_million_points_of_blight.bsp
92 faces
5612 square feet [808128.00 square inches]
0 Displacements
0 Square Feet [0.00 Square Inches]
92 patches before subdivision
240 patches after subdivision
2 direct lights
0...1...2...3...4...5...6...7...8...9...100...1...2...3...4...5...6...7...8...9...10transfers 4372, max 72
transfer lists:   0.0 megs
0...1...2...3...4...5...6...7...8...9...10	Bounce #1 added RGB(2698, 758, 7)
0...1...2...3...4...5...6...7...8...9...10	Bounce #2 added RGB(1377, 109, 0)
0...1...2...3...4...5...6...7...8...9...10	Bounce #3 added RGB(605, 13, 0)
0...1...2...3...4...5...6...7...8...9...10	Bounce #4 added RGB(289, 2, 0)
0...1...2...3...4...5...6...7...8...9...10	Bounce #5 added RGB(134, 0, 0)
0...1...2...3...4...5...6...7...8...9...10	Bounce #6 added RGB(63, 0, 0)
0...1...2...3...4...5...6...7...8...9...10	Bounce #7 added RGB(29, 0, 0)
0...1...2...3...4...5...6...7...8...9...10	Bounce #8 added RGB(14, 0, 0)
0...1...2...3...4...5...6...7...8...9...10	Bounce #9 added RGB(6, 0, 0)
0...1...2...3...4...5...6...7...8...9...10	Bounce #10 added RGB(3, 0, 0)
0...1...2...3...4...5...6...7...8...9...10	Bounce #11 added RGB(1, 0, 0)
0...1...2...3...4...5...6...7...8...9...10	Bounce #12 added RGB(1, 0, 0)
Build Patch/Sample Hash Table(s).....Done<0.0000 sec>
0...1...2...3...4...5...6...7...8...9...10FinalLightFace Done
0 of 0 (0% of) surface lights went in leaf ambient cubes.
0...1...2...3...4...5...6...7...8...9...10Writing leaf ambient...done
Ready to Finish

Object names       Objects/Maxobjs  Memory / Maxmem  Fullness 
------------       ---------------  ---------------  -------- 
models                  14/1024          672/49152    ( 1.4%) 
brushes                 29/8192          348/98304    ( 0.4%) 
brushsides             174/81920        1392/655360   ( 0.2%) 
planes                 130/65536        2600/1310720  ( 0.2%) 
vertexes               153/65536        1836/786432   ( 0.2%) 
nodes                   93/65536        2976/2097152  ( 0.1%) 
texinfos                33/12288        2376/884736   ( 0.3%) 
texdata                  4/4096          128/131072   ( 0.1%) 
dispinfos                0/0               0/0        ( 0.0%) 
disp_verts               0/0               0/0        ( 0.0%) 
disp_tris                0/0               0/0        ( 0.0%) 
disp_multiblend          0/0               0/0        ( 0.0%) 
disp_lmsamples           0/0               0/0        ( 0.0%) 
faces                   92/65536        5152/3670016  ( 0.1%) 
hdr faces                0/65536           0/3670016  ( 0.0%) 
origfaces               90/65536        5040/3670016  ( 0.1%) 
facebrushes              0/0               0/0        ( 0.0%) 
facebrushlists          92/0             368/0        ( 0.0%) 
leaves                 108/65536        3456/2097152  ( 0.2%) 
leaffaces               94/65536         188/131072   ( 0.1%) 
leafbrushes             33/65536          66/131072   ( 0.1%) 
areas                    3/1024           24/8192     ( 0.3%) 
surfedges              732/512000       2928/2048000  ( 0.1%) 
edges                  390/256000       1560/1024000  ( 0.2%) 
LDR worldlights          2/8192          200/819200   ( 0.0%) 
HDR worldlights          0/8192            0/819200   ( 0.0%) 
leafwaterdata            0/32768           0/393216   ( 0.0%) 
waterstrips              2/32768          20/327680   ( 0.0%) 
waterverts               0/65536           0/786432   ( 0.0%) 
waterindices            24/65536          48/131072   ( 0.0%) 
cubemapsamples           0/1024            0/16384    ( 0.0%) 
overlays                 0/1024            0/360448   ( 0.0%) 
LDR lightdata         [variable]        7688/0        ( 0.0%) 
HDR lightdata         [variable]           0/0        ( 0.0%) 
visdata               [variable]          34/16777216 ( 0.0%) 
entdata               [variable]       11064/393216   ( 2.8%) 
LDR ambient table      108/65536         432/262144   ( 0.2%) 
HDR ambient table      108/65536         432/262144   ( 0.2%) 
LDR leaf ambient       482/65536       13496/1835008  ( 0.7%) 
HDR leaf ambient       108/65536        3024/1835008  ( 0.2%) 
occluders                0/0               0/0        ( 0.0%) 
occluder polygons        0/0               0/0        ( 0.0%) 
occluder vert ind        0/0               0/0        ( 0.0%) 
detail props          [variable]           1/12       ( 8.3%) 
static props          [variable]           1/12       ( 8.3%) 
pakfile               [variable]       74550/0        ( 0.0%) 
physics               [variable]       14836/4194304  ( 0.4%) 
physics terrain       [variable]           2/1048576  ( 0.0%) 

Level flags = 7c

Total triangle count: 188
Writing d:\onedrive\desktop\csgo\hammer maps\a million points of blight\achievement_a_million_points_of_blight.bsp
MSG_FILEWRITE - Filesystem was asked to write to 'd:\onedrive\desktop\csgo\hammer maps\a million points of blight\achievement_a_million_points_of_blight.bsp', but we don't own that location. Allowing...
0 seconds elapsed



materialPath: D:\Steam\steamapps\common\Counter-Strike Global Offensive\csgo\materials
Loading D:\OneDrive\Desktop\csgo\hammer maps\A Million Points of Blight\achievement_a_million_points_of_blight.vmf
Map revision 70
fixing up env_cubemap materials on brush sides...
0...1...2...3...4...5...6...7...8...9...100...1...2...3...4...5...6...7...8...9...10Processing areas...done (0)
Building Faces...done (0)
Chop Details...done (0)
Find Visible Detail Sides...done (0)
Merging details...done (0)
FixTjuncs...
PruneNodes...
WriteBSP...
done (0)
writing D:\OneDrive\Desktop\csgo\hammer maps\A Million Points of Blight\achievement_a_million_points_of_blight.prt...Building visibility clusters...
AutoVisClustering (threshold=-1) matched 0 leafs.
done (0)
Finding displacement neighbors...
Finding lightmap sample positions...
Displacement Alpha : 0...1...2...3...4...5...6...7...8...9...10
Building Physics collision data...
done (0) (14836 bytes)
Placing detail props : 0...1...2...3...4...5...6...7...8...9...10
Compacting texture/material tables...
Reduced 49 texinfos to 33
Reduced 4 texdatas to 4 (78 bytes to 78)
Writing D:\OneDrive\Desktop\csgo\hammer maps\A Million Points of Blight\achievement_a_million_points_of_blight.bsp
MSG_FILEWRITE - Filesystem was asked to write to 'd:\onedrive\desktop\csgo\hammer maps\a million points of blight\achievement_a_million_points_of_blight.bsp', but we don't own that location. Allowing...
0 seconds elapsed



16 threads
reading d:\onedrive\desktop\csgo\hammer maps\a million points of blight\achievement_a_million_points_of_blight.bsp
reading d:\onedrive\desktop\csgo\hammer maps\a million points of blight\achievement_a_million_points_of_blight.prt
   3 portalclusters
   1 numportals
0...1...2...3...4...5...6...7...8...9...10Optimized: 0 visible clusters (0.00%)
Total clusters visible: 5
Average clusters visible: 1
Building PAS...
Average clusters audible: 1
visdatasize:34  compressed from 48
writing d:\onedrive\desktop\csgo\hammer maps\a million points of blight\achievement_a_million_points_of_blight.bsp
MSG_FILEWRITE - Filesystem was asked to write to 'd:\onedrive\desktop\csgo\hammer maps\a million points of blight\achievement_a_million_points_of_blight.bsp', but we don't own that location. Allowing...
0 seconds elapsed



[Reading texlights from 'lights.rad']
[17 texlights parsed from 'lights.rad']

Loading d:\onedrive\desktop\csgo\hammer maps\a million points of blight\achievement_a_million_points_of_blight.bsp
92 faces
5612 square feet [808128.00 square inches]
0 Displacements
0 Square Feet [0.00 Square Inches]
92 patches before subdivision
240 patches after subdivision
2 direct lights
0...1...2...3...4...5...6...7...8...9...100...1...2...3...4...5...6...7...8...9...10transfers 4372, max 72
transfer lists:   0.0 megs
0...1...2...3...4...5...6...7...8...9...10	Bounce #1 added RGB(2698, 758, 7)
0...1...2...3...4...5...6...7...8...9...10	Bounce #2 added RGB(1377, 109, 0)
0...1...2...3...4...5...6...7...8...9...10	Bounce #3 added RGB(605, 13, 0)
0...1...2...3...4...5...6...7...8...9...10	Bounce #4 added RGB(289, 2, 0)
0...1...2...3...4...5...6...7...8...9...10	Bounce #5 added RGB(134, 0, 0)
0...1...2...3...4...5...6...7...8...9...10	Bounce #6 added RGB(63, 0, 0)
0...1...2...3...4...5...6...7...8...9...10	Bounce #7 added RGB(29, 0, 0)
0...1...2...3...4...5...6...7...8...9...10	Bounce #8 added RGB(14, 0, 0)
0...1...2...3...4...5...6...7...8...9...10	Bounce #9 added RGB(6, 0, 0)
0...1...2...3...4...5...6...7...8...9...10	Bounce #10 added RGB(3, 0, 0)
0...1...2...3...4...5...6...7...8...9...10	Bounce #11 added RGB(1, 0, 0)
0...1...2...3...4...5...6...7...8...9...10	Bounce #12 added RGB(1, 0, 0)
Build Patch/Sample Hash Table(s).....Done<0.0000 sec>
0...1...2...3...4...5...6...7...8...9...10FinalLightFace Done
0 of 0 (0% of) surface lights went in leaf ambient cubes.
0...1...2...3...4...5...6...7...8...9...10Writing leaf ambient...done
Ready to Finish

Object names       Objects/Maxobjs  Memory / Maxmem  Fullness 
------------       ---------------  ---------------  -------- 
models                  14/1024          672/49152    ( 1.4%) 
brushes                 29/8192          348/98304    ( 0.4%) 
brushsides             174/81920        1392/655360   ( 0.2%) 
planes                 130/65536        2600/1310720  ( 0.2%) 
vertexes               153/65536        1836/786432   ( 0.2%) 
nodes                   93/65536        2976/2097152  ( 0.1%) 
texinfos                33/12288        2376/884736   ( 0.3%) 
texdata                  4/4096          128/131072   ( 0.1%) 
dispinfos                0/0               0/0        ( 0.0%) 
disp_verts               0/0               0/0        ( 0.0%) 
disp_tris                0/0               0/0        ( 0.0%) 
disp_multiblend          0/0               0/0        ( 0.0%) 
disp_lmsamples           0/0               0/0        ( 0.0%) 
faces                   92/65536        5152/3670016  ( 0.1%) 
hdr faces                0/65536           0/3670016  ( 0.0%) 
origfaces               90/65536        5040/3670016  ( 0.1%) 
facebrushes              0/0               0/0        ( 0.0%) 
facebrushlists          92/0             368/0        ( 0.0%) 
leaves                 108/65536        3456/2097152  ( 0.2%) 
leaffaces               94/65536         188/131072   ( 0.1%) 
leafbrushes             33/65536          66/131072   ( 0.1%) 
areas                    3/1024           24/8192     ( 0.3%) 
surfedges              732/512000       2928/2048000  ( 0.1%) 
edges                  390/256000       1560/1024000  ( 0.2%) 
LDR worldlights          2/8192          200/819200   ( 0.0%) 
HDR worldlights          0/8192            0/819200   ( 0.0%) 
leafwaterdata            0/32768           0/393216   ( 0.0%) 
waterstrips              2/32768          20/327680   ( 0.0%) 
waterverts               0/65536           0/786432   ( 0.0%) 
waterindices            24/65536          48/131072   ( 0.0%) 
cubemapsamples           0/1024            0/16384    ( 0.0%) 
overlays                 0/1024            0/360448   ( 0.0%) 
LDR lightdata         [variable]        7688/0        ( 0.0%) 
HDR lightdata         [variable]           0/0        ( 0.0%) 
visdata               [variable]          34/16777216 ( 0.0%) 
entdata               [variable]       11067/393216   ( 2.8%) 
LDR ambient table      108/65536         432/262144   ( 0.2%) 
HDR ambient table      108/65536         432/262144   ( 0.2%) 
LDR leaf ambient       482/65536       13496/1835008  ( 0.7%) 
HDR leaf ambient       108/65536        3024/1835008  ( 0.2%) 
occluders                0/0               0/0        ( 0.0%) 
occluder polygons        0/0               0/0        ( 0.0%) 
occluder vert ind        0/0               0/0        ( 0.0%) 
detail props          [variable]           1/12       ( 8.3%) 
static props          [variable]           1/12       ( 8.3%) 
pakfile               [variable]       74550/0        ( 0.0%) 
physics               [variable]       14836/4194304  ( 0.4%) 
physics terrain       [variable]           2/1048576  ( 0.0%) 

Level flags = 7c

Total triangle count: 188
Writing d:\onedrive\desktop\csgo\hammer maps\a million points of blight\achievement_a_million_points_of_blight.bsp
MSG_FILEWRITE - Filesystem was asked to write to 'd:\onedrive\desktop\csgo\hammer maps\a million points of blight\achievement_a_million_points_of_blight.bsp', but we don't own that location. Allowing...
0 seconds elapsed



materialPath: D:\Steam\steamapps\common\Counter-Strike Global Offensive\csgo\materials
Loading D:\OneDrive\Desktop\csgo\hammer maps\A Million Points of Blight\achievement_a_million_points_of_blight.vmf
Map revision 71
fixing up env_cubemap materials on brush sides...
0...1...2...3...4...5...6...7...8...9...100...1...2...3...4...5...6...7...8...9...10Processing areas...done (0)
Building Faces...done (0)
Chop Details...done (0)
Find Visible Detail Sides...done (0)
Merging details...done (0)
FixTjuncs...
PruneNodes...
WriteBSP...
done (0)
writing D:\OneDrive\Desktop\csgo\hammer maps\A Million Points of Blight\achievement_a_million_points_of_blight.prt...Building visibility clusters...
AutoVisClustering (threshold=-1) matched 0 leafs.
done (0)
Finding displacement neighbors...
Finding lightmap sample positions...
Displacement Alpha : 0...1...2...3...4...5...6...7...8...9...10
Building Physics collision data...
done (0) (14836 bytes)
Placing detail props : 0...1...2...3...4...5...6...7...8...9...10
Compacting texture/material tables...
Reduced 49 texinfos to 33
Reduced 4 texdatas to 4 (78 bytes to 78)
Writing D:\OneDrive\Desktop\csgo\hammer maps\A Million Points of Blight\achievement_a_million_points_of_blight.bsp
MSG_FILEWRITE - Filesystem was asked to write to 'd:\onedrive\desktop\csgo\hammer maps\a million points of blight\achievement_a_million_points_of_blight.bsp', but we don't own that location. Allowing...
0 seconds elapsed



16 threads
reading d:\onedrive\desktop\csgo\hammer maps\a million points of blight\achievement_a_million_points_of_blight.bsp
reading d:\onedrive\desktop\csgo\hammer maps\a million points of blight\achievement_a_million_points_of_blight.prt
   3 portalclusters
   1 numportals
0...1...2...3...4...5...6...7...8...9...10Optimized: 0 visible clusters (0.00%)
Total clusters visible: 5
Average clusters visible: 1
Building PAS...
Average clusters audible: 1
visdatasize:34  compressed from 48
writing d:\onedrive\desktop\csgo\hammer maps\a million points of blight\achievement_a_million_points_of_blight.bsp
MSG_FILEWRITE - Filesystem was asked to write to 'd:\onedrive\desktop\csgo\hammer maps\a million points of blight\achievement_a_million_points_of_blight.bsp', but we don't own that location. Allowing...
0 seconds elapsed



[Reading texlights from 'lights.rad']
[17 texlights parsed from 'lights.rad']

Loading d:\onedrive\desktop\csgo\hammer maps\a million points of blight\achievement_a_million_points_of_blight.bsp
92 faces
5612 square feet [808128.00 square inches]
0 Displacements
0 Square Feet [0.00 Square Inches]
92 patches before subdivision
240 patches after subdivision
2 direct lights
0...1...2...3...4...5...6...7...8...9...100...1...2...3...4...5...6...7...8...9...10transfers 4372, max 72
transfer lists:   0.0 megs
0...1...2...3...4...5...6...7...8...9...10	Bounce #1 added RGB(2698, 758, 7)
0...1...2...3...4...5...6...7...8...9...10	Bounce #2 added RGB(1377, 109, 0)
0...1...2...3...4...5...6...7...8...9...10	Bounce #3 added RGB(605, 13, 0)
0...1...2...3...4...5...6...7...8...9...10	Bounce #4 added RGB(289, 2, 0)
0...1...2...3...4...5...6...7...8...9...10	Bounce #5 added RGB(134, 0, 0)
0...1...2...3...4...5...6...7...8...9...10	Bounce #6 added RGB(63, 0, 0)
0...1...2...3...4...5...6...7...8...9...10	Bounce #7 added RGB(29, 0, 0)
0...1...2...3...4...5...6...7...8...9...10	Bounce #8 added RGB(14, 0, 0)
0...1...2...3...4...5...6...7...8...9...10	Bounce #9 added RGB(6, 0, 0)
0...1...2...3...4...5...6...7...8...9...10	Bounce #10 added RGB(3, 0, 0)
0...1...2...3...4...5...6...7...8...9...10	Bounce #11 added RGB(1, 0, 0)
0...1...2...3...4...5...6...7...8...9...10	Bounce #12 added RGB(1, 0, 0)
Build Patch/Sample Hash Table(s).....Done<0.0000 sec>
0...1...2...3...4...5...6...7...8...9...10FinalLightFace Done
0 of 0 (0% of) surface lights went in leaf ambient cubes.
0...1...2...3...4...5...6...7...8...9...10Writing leaf ambient...done
Ready to Finish

Object names       Objects/Maxobjs  Memory / Maxmem  Fullness 
------------       ---------------  ---------------  -------- 
models                  14/1024          672/49152    ( 1.4%) 
brushes                 29/8192          348/98304    ( 0.4%) 
brushsides             174/81920        1392/655360   ( 0.2%) 
planes                 130/65536        2600/1310720  ( 0.2%) 
vertexes               153/65536        1836/786432   ( 0.2%) 
nodes                   93/65536        2976/2097152  ( 0.1%) 
texinfos                33/12288        2376/884736   ( 0.3%) 
texdata                  4/4096          128/131072   ( 0.1%) 
dispinfos                0/0               0/0        ( 0.0%) 
disp_verts               0/0               0/0        ( 0.0%) 
disp_tris                0/0               0/0        ( 0.0%) 
disp_multiblend          0/0               0/0        ( 0.0%) 
disp_lmsamples           0/0               0/0        ( 0.0%) 
faces                   92/65536        5152/3670016  ( 0.1%) 
hdr faces                0/65536           0/3670016  ( 0.0%) 
origfaces               90/65536        5040/3670016  ( 0.1%) 
facebrushes              0/0               0/0        ( 0.0%) 
facebrushlists          92/0             368/0        ( 0.0%) 
leaves                 108/65536        3456/2097152  ( 0.2%) 
leaffaces               94/65536         188/131072   ( 0.1%) 
leafbrushes             33/65536          66/131072   ( 0.1%) 
areas                    3/1024           24/8192     ( 0.3%) 
surfedges              732/512000       2928/2048000  ( 0.1%) 
edges                  390/256000       1560/1024000  ( 0.2%) 
LDR worldlights          2/8192          200/819200   ( 0.0%) 
HDR worldlights          0/8192            0/819200   ( 0.0%) 
leafwaterdata            0/32768           0/393216   ( 0.0%) 
waterstrips              2/32768          20/327680   ( 0.0%) 
waterverts               0/65536           0/786432   ( 0.0%) 
waterindices            24/65536          48/131072   ( 0.0%) 
cubemapsamples           0/1024            0/16384    ( 0.0%) 
overlays                 0/1024            0/360448   ( 0.0%) 
LDR lightdata         [variable]        7688/0        ( 0.0%) 
HDR lightdata         [variable]           0/0        ( 0.0%) 
visdata               [variable]          34/16777216 ( 0.0%) 
entdata               [variable]       11260/393216   ( 2.9%) 
LDR ambient table      108/65536         432/262144   ( 0.2%) 
HDR ambient table      108/65536         432/262144   ( 0.2%) 
LDR leaf ambient       482/65536       13496/1835008  ( 0.7%) 
HDR leaf ambient       108/65536        3024/1835008  ( 0.2%) 
occluders                0/0               0/0        ( 0.0%) 
occluder polygons        0/0               0/0        ( 0.0%) 
occluder vert ind        0/0               0/0        ( 0.0%) 
detail props          [variable]           1/12       ( 8.3%) 
static props          [variable]           1/12       ( 8.3%) 
pakfile               [variable]       74550/0        ( 0.0%) 
physics               [variable]       14836/4194304  ( 0.4%) 
physics terrain       [variable]           2/1048576  ( 0.0%) 

Level flags = 7c

Total triangle count: 188
Writing d:\onedrive\desktop\csgo\hammer maps\a million points of blight\achievement_a_million_points_of_blight.bsp
MSG_FILEWRITE - Filesystem was asked to write to 'd:\onedrive\desktop\csgo\hammer maps\a million points of blight\achievement_a_million_points_of_blight.bsp', but we don't own that location. Allowing...
0 seconds elapsed



materialPath: D:\Steam\steamapps\common\Counter-Strike Global Offensive\csgo\materials
Loading D:\OneDrive\Desktop\csgo\hammer maps\A Million Points of Blight\achievement_a_million_points_of_blight.vmf
Map revision 72
fixing up env_cubemap materials on brush sides...
0...1...2...3...4...5...6...7...8...9...100...1...2...3...4...5...6...7...8...9...10Processing areas...done (0)
Building Faces...done (0)
Chop Details...done (0)
Find Visible Detail Sides...done (0)
Merging details...done (0)
FixTjuncs...
PruneNodes...
WriteBSP...
done (0)
writing D:\OneDrive\Desktop\csgo\hammer maps\A Million Points of Blight\achievement_a_million_points_of_blight.prt...Building visibility clusters...
AutoVisClustering (threshold=-1) matched 0 leafs.
done (0)
Finding displacement neighbors...
Finding lightmap sample positions...
Displacement Alpha : 0...1...2...3...4...5...6...7...8...9...10
Building Physics collision data...
done (0) (14836 bytes)
Placing detail props : 0...1...2...3...4...5...6...7...8...9...10
Compacting texture/material tables...
Reduced 49 texinfos to 33
Reduced 4 texdatas to 4 (78 bytes to 78)
Writing D:\OneDrive\Desktop\csgo\hammer maps\A Million Points of Blight\achievement_a_million_points_of_blight.bsp
MSG_FILEWRITE - Filesystem was asked to write to 'd:\onedrive\desktop\csgo\hammer maps\a million points of blight\achievement_a_million_points_of_blight.bsp', but we don't own that location. Allowing...
0 seconds elapsed



16 threads
reading d:\onedrive\desktop\csgo\hammer maps\a million points of blight\achievement_a_million_points_of_blight.bsp
reading d:\onedrive\desktop\csgo\hammer maps\a million points of blight\achievement_a_million_points_of_blight.prt
   3 portalclusters
   1 numportals
0...1...2...3...4...5...6...7...8...9...10Optimized: 0 visible clusters (0.00%)
Total clusters visible: 5
Average clusters visible: 1
Building PAS...
Average clusters audible: 1
visdatasize:34  compressed from 48
writing d:\onedrive\desktop\csgo\hammer maps\a million points of blight\achievement_a_million_points_of_blight.bsp
MSG_FILEWRITE - Filesystem was asked to write to 'd:\onedrive\desktop\csgo\hammer maps\a million points of blight\achievement_a_million_points_of_blight.bsp', but we don't own that location. Allowing...
0 seconds elapsed



[Reading texlights from 'lights.rad']
[17 texlights parsed from 'lights.rad']

Loading d:\onedrive\desktop\csgo\hammer maps\a million points of blight\achievement_a_million_points_of_blight.bsp
92 faces
5612 square feet [808128.00 square inches]
0 Displacements
0 Square Feet [0.00 Square Inches]
92 patches before subdivision
240 patches after subdivision
2 direct lights
0...1...2...3...4...5...6...7...8...9...100...1...2...3...4...5...6...7...8...9...10transfers 4372, max 72
transfer lists:   0.0 megs
0...1...2...3...4...5...6...7...8...9...10	Bounce #1 added RGB(2698, 758, 7)
0...1...2...3...4...5...6...7...8...9...10	Bounce #2 added RGB(1377, 109, 0)
0...1...2...3...4...5...6...7...8...9...10	Bounce #3 added RGB(605, 13, 0)
0...1...2...3...4...5...6...7...8...9...10	Bounce #4 added RGB(289, 2, 0)
0...1...2...3...4...5...6...7...8...9...10	Bounce #5 added RGB(134, 0, 0)
0...1...2...3...4...5...6...7...8...9...10	Bounce #6 added RGB(63, 0, 0)
0...1...2...3...4...5...6...7...8...9...10	Bounce #7 added RGB(29, 0, 0)
0...1...2...3...4...5...6...7...8...9...10	Bounce #8 added RGB(14, 0, 0)
0...1...2...3...4...5...6...7...8...9...10	Bounce #9 added RGB(6, 0, 0)
0...1...2...3...4...5...6...7...8...9...10	Bounce #10 added RGB(3, 0, 0)
0...1...2...3...4...5...6...7...8...9...10	Bounce #11 added RGB(1, 0, 0)
0...1...2...3...4...5...6...7...8...9...10	Bounce #12 added RGB(1, 0, 0)
Build Patch/Sample Hash Table(s).....Done<0.0000 sec>
0...1...2...3...4...5...6...7...8...9...10FinalLightFace Done
0 of 0 (0% of) surface lights went in leaf ambient cubes.
0...1...2...3...4...5...6...7...8...9...10Writing leaf ambient...done
Ready to Finish

Object names       Objects/Maxobjs  Memory / Maxmem  Fullness 
------------       ---------------  ---------------  -------- 
models                  14/1024          672/49152    ( 1.4%) 
brushes                 29/8192          348/98304    ( 0.4%) 
brushsides             174/81920        1392/655360   ( 0.2%) 
planes                 130/65536        2600/1310720  ( 0.2%) 
vertexes               153/65536        1836/786432   ( 0.2%) 
nodes                   93/65536        2976/2097152  ( 0.1%) 
texinfos                33/12288        2376/884736   ( 0.3%) 
texdata                  4/4096          128/131072   ( 0.1%) 
dispinfos                0/0               0/0        ( 0.0%) 
disp_verts               0/0               0/0        ( 0.0%) 
disp_tris                0/0               0/0        ( 0.0%) 
disp_multiblend          0/0               0/0        ( 0.0%) 
disp_lmsamples           0/0               0/0        ( 0.0%) 
faces                   92/65536        5152/3670016  ( 0.1%) 
hdr faces                0/65536           0/3670016  ( 0.0%) 
origfaces               90/65536        5040/3670016  ( 0.1%) 
facebrushes              0/0               0/0        ( 0.0%) 
facebrushlists          92/0             368/0        ( 0.0%) 
leaves                 108/65536        3456/2097152  ( 0.2%) 
leaffaces               94/65536         188/131072   ( 0.1%) 
leafbrushes             33/65536          66/131072   ( 0.1%) 
areas                    3/1024           24/8192     ( 0.3%) 
surfedges              732/512000       2928/2048000  ( 0.1%) 
edges                  390/256000       1560/1024000  ( 0.2%) 
LDR worldlights          2/8192          200/819200   ( 0.0%) 
HDR worldlights          0/8192            0/819200   ( 0.0%) 
leafwaterdata            0/32768           0/393216   ( 0.0%) 
waterstrips              2/32768          20/327680   ( 0.0%) 
waterverts               0/65536           0/786432   ( 0.0%) 
waterindices            24/65536          48/131072   ( 0.0%) 
cubemapsamples           0/1024            0/16384    ( 0.0%) 
overlays                 0/1024            0/360448   ( 0.0%) 
LDR lightdata         [variable]        7688/0        ( 0.0%) 
HDR lightdata         [variable]           0/0        ( 0.0%) 
visdata               [variable]          34/16777216 ( 0.0%) 
entdata               [variable]       11260/393216   ( 2.9%) 
LDR ambient table      108/65536         432/262144   ( 0.2%) 
HDR ambient table      108/65536         432/262144   ( 0.2%) 
LDR leaf ambient       482/65536       13496/1835008  ( 0.7%) 
HDR leaf ambient       108/65536        3024/1835008  ( 0.2%) 
occluders                0/0               0/0        ( 0.0%) 
occluder polygons        0/0               0/0        ( 0.0%) 
occluder vert ind        0/0               0/0        ( 0.0%) 
detail props          [variable]           1/12       ( 8.3%) 
static props          [variable]           1/12       ( 8.3%) 
pakfile               [variable]       74550/0        ( 0.0%) 
physics               [variable]       14836/4194304  ( 0.4%) 
physics terrain       [variable]           2/1048576  ( 0.0%) 

Level flags = 7c

Total triangle count: 188
Writing d:\onedrive\desktop\csgo\hammer maps\a million points of blight\achievement_a_million_points_of_blight.bsp
MSG_FILEWRITE - Filesystem was asked to write to 'd:\onedrive\desktop\csgo\hammer maps\a million points of blight\achievement_a_million_points_of_blight.bsp', but we don't own that location. Allowing...
0 seconds elapsed



materialPath: D:\Steam\steamapps\common\Counter-Strike Global Offensive\csgo\materials
Loading D:\OneDrive\Desktop\csgo\hammer maps\A Million Points of Blight\achievement_a_million_points_of_blight.vmf
Map revision 73
fixing up env_cubemap materials on brush sides...
0...1...2...3...4...5...6...7...8...9...100...1...2...3...4...5...6...7...8...9...10Processing areas...done (0)
Building Faces...done (0)
Chop Details...done (0)
Find Visible Detail Sides...done (0)
Merging details...done (0)
FixTjuncs...
PruneNodes...
WriteBSP...
done (0)
writing D:\OneDrive\Desktop\csgo\hammer maps\A Million Points of Blight\achievement_a_million_points_of_blight.prt...Building visibility clusters...
AutoVisClustering (threshold=-1) matched 0 leafs.
done (0)
Finding displacement neighbors...
Finding lightmap sample positions...
Displacement Alpha : 0...1...2...3...4...5...6...7...8...9...10
Building Physics collision data...
done (0) (14836 bytes)
Placing detail props : 0...1...2...3...4...5...6...7...8...9...10
Compacting texture/material tables...
Reduced 49 texinfos to 33
Reduced 4 texdatas to 4 (78 bytes to 78)
Writing D:\OneDrive\Desktop\csgo\hammer maps\A Million Points of Blight\achievement_a_million_points_of_blight.bsp
MSG_FILEWRITE - Filesystem was asked to write to 'd:\onedrive\desktop\csgo\hammer maps\a million points of blight\achievement_a_million_points_of_blight.bsp', but we don't own that location. Allowing...
0 seconds elapsed



16 threads
reading d:\onedrive\desktop\csgo\hammer maps\a million points of blight\achievement_a_million_points_of_blight.bsp
reading d:\onedrive\desktop\csgo\hammer maps\a million points of blight\achievement_a_million_points_of_blight.prt
   3 portalclusters
   1 numportals
0...1...2...3...4...5...6...7...8...9...10Optimized: 0 visible clusters (0.00%)
Total clusters visible: 5
Average clusters visible: 1
Building PAS...
Average clusters audible: 1
visdatasize:34  compressed from 48
writing d:\onedrive\desktop\csgo\hammer maps\a million points of blight\achievement_a_million_points_of_blight.bsp
MSG_FILEWRITE - Filesystem was asked to write to 'd:\onedrive\desktop\csgo\hammer maps\a million points of blight\achievement_a_million_points_of_blight.bsp', but we don't own that location. Allowing...
0 seconds elapsed



[Reading texlights from 'lights.rad']
[17 texlights parsed from 'lights.rad']

Loading d:\onedrive\desktop\csgo\hammer maps\a million points of blight\achievement_a_million_points_of_blight.bsp
92 faces
5612 square feet [808128.00 square inches]
0 Displacements
0 Square Feet [0.00 Square Inches]
92 patches before subdivision
240 patches after subdivision
2 direct lights
0...1...2...3...4...5...6...7...8...9...100...1...2...3...4...5...6...7...8...9...10transfers 4372, max 72
transfer lists:   0.0 megs
0...1...2...3...4...5...6...7...8...9...10	Bounce #1 added RGB(2698, 758, 7)
0...1...2...3...4...5...6...7...8...9...10	Bounce #2 added RGB(1377, 109, 0)
0...1...2...3...4...5...6...7...8...9...10	Bounce #3 added RGB(605, 13, 0)
0...1...2...3...4...5...6...7...8...9...10	Bounce #4 added RGB(289, 2, 0)
0...1...2...3...4...5...6...7...8...9...10	Bounce #5 added RGB(134, 0, 0)
0...1...2...3...4...5...6...7...8...9...10	Bounce #6 added RGB(63, 0, 0)
0...1...2...3...4...5...6...7...8...9...10	Bounce #7 added RGB(29, 0, 0)
0...1...2...3...4...5...6...7...8...9...10	Bounce #8 added RGB(14, 0, 0)
0...1...2...3...4...5...6...7...8...9...10	Bounce #9 added RGB(6, 0, 0)
0...1...2...3...4...5...6...7...8...9...10	Bounce #10 added RGB(3, 0, 0)
0...1...2...3...4...5...6...7...8...9...10	Bounce #11 added RGB(1, 0, 0)
0...1...2...3...4...5...6...7...8...9...10	Bounce #12 added RGB(1, 0, 0)
Build Patch/Sample Hash Table(s).....Done<0.0000 sec>
0...1...2...3...4...5...6...7...8...9...10FinalLightFace Done
0 of 0 (0% of) surface lights went in leaf ambient cubes.
0...1...2...3...4...5...6...7...8...9...10Writing leaf ambient...done
Ready to Finish

Object names       Objects/Maxobjs  Memory / Maxmem  Fullness 
------------       ---------------  ---------------  -------- 
models                  14/1024          672/49152    ( 1.4%) 
brushes                 29/8192          348/98304    ( 0.4%) 
brushsides             174/81920        1392/655360   ( 0.2%) 
planes                 130/65536        2600/1310720  ( 0.2%) 
vertexes               153/65536        1836/786432   ( 0.2%) 
nodes                   93/65536        2976/2097152  ( 0.1%) 
texinfos                33/12288        2376/884736   ( 0.3%) 
texdata                  4/4096          128/131072   ( 0.1%) 
dispinfos                0/0               0/0        ( 0.0%) 
disp_verts               0/0               0/0        ( 0.0%) 
disp_tris                0/0               0/0        ( 0.0%) 
disp_multiblend          0/0               0/0        ( 0.0%) 
disp_lmsamples           0/0               0/0        ( 0.0%) 
faces                   92/65536        5152/3670016  ( 0.1%) 
hdr faces                0/65536           0/3670016  ( 0.0%) 
origfaces               90/65536        5040/3670016  ( 0.1%) 
facebrushes              0/0               0/0        ( 0.0%) 
facebrushlists          92/0             368/0        ( 0.0%) 
leaves                 108/65536        3456/2097152  ( 0.2%) 
leaffaces               94/65536         188/131072   ( 0.1%) 
leafbrushes             33/65536          66/131072   ( 0.1%) 
areas                    3/1024           24/8192     ( 0.3%) 
surfedges              732/512000       2928/2048000  ( 0.1%) 
edges                  390/256000       1560/1024000  ( 0.2%) 
LDR worldlights          2/8192          200/819200   ( 0.0%) 
HDR worldlights          0/8192            0/819200   ( 0.0%) 
leafwaterdata            0/32768           0/393216   ( 0.0%) 
waterstrips              2/32768          20/327680   ( 0.0%) 
waterverts               0/65536           0/786432   ( 0.0%) 
waterindices            24/65536          48/131072   ( 0.0%) 
cubemapsamples           0/1024            0/16384    ( 0.0%) 
overlays                 0/1024            0/360448   ( 0.0%) 
LDR lightdata         [variable]        7688/0        ( 0.0%) 
HDR lightdata         [variable]           0/0        ( 0.0%) 
visdata               [variable]          34/16777216 ( 0.0%) 
entdata               [variable]       11261/393216   ( 2.9%) 
LDR ambient table      108/65536         432/262144   ( 0.2%) 
HDR ambient table      108/65536         432/262144   ( 0.2%) 
LDR leaf ambient       482/65536       13496/1835008  ( 0.7%) 
HDR leaf ambient       108/65536        3024/1835008  ( 0.2%) 
occluders                0/0               0/0        ( 0.0%) 
occluder polygons        0/0               0/0        ( 0.0%) 
occluder vert ind        0/0               0/0        ( 0.0%) 
detail props          [variable]           1/12       ( 8.3%) 
static props          [variable]           1/12       ( 8.3%) 
pakfile               [variable]       74550/0        ( 0.0%) 
physics               [variable]       14836/4194304  ( 0.4%) 
physics terrain       [variable]           2/1048576  ( 0.0%) 

Level flags = 7c

Total triangle count: 188
Writing d:\onedrive\desktop\csgo\hammer maps\a million points of blight\achievement_a_million_points_of_blight.bsp
MSG_FILEWRITE - Filesystem was asked to write to 'd:\onedrive\desktop\csgo\hammer maps\a million points of blight\achievement_a_million_points_of_blight.bsp', but we don't own that location. Allowing...
0 seconds elapsed



materialPath: D:\Steam\steamapps\common\Counter-Strike Global Offensive\csgo\materials
Loading D:\OneDrive\Desktop\csgo\hammer maps\A Million Points of Blight\achievement_a_million_points_of_blight.vmf
Map revision 74
fixing up env_cubemap materials on brush sides...
0...1...2...3...4...5...6...7...8...9...100...1...2...3...4...5...6...7...8...9...10Processing areas...done (0)
Building Faces...done (0)
Chop Details...done (0)
Find Visible Detail Sides...done (0)
Merging details...done (0)
FixTjuncs...
PruneNodes...
WriteBSP...
done (0)
writing D:\OneDrive\Desktop\csgo\hammer maps\A Million Points of Blight\achievement_a_million_points_of_blight.prt...Building visibility clusters...
AutoVisClustering (threshold=-1) matched 0 leafs.
done (0)
Finding displacement neighbors...
Finding lightmap sample positions...
Displacement Alpha : 0...1...2...3...4...5...6...7...8...9...10
Building Physics collision data...
done (0) (14836 bytes)
Placing detail props : 0...1...2...3...4...5...6...7...8...9...10
Compacting texture/material tables...
Reduced 49 texinfos to 33
Reduced 4 texdatas to 4 (78 bytes to 78)
Writing D:\OneDrive\Desktop\csgo\hammer maps\A Million Points of Blight\achievement_a_million_points_of_blight.bsp
MSG_FILEWRITE - Filesystem was asked to write to 'd:\onedrive\desktop\csgo\hammer maps\a million points of blight\achievement_a_million_points_of_blight.bsp', but we don't own that location. Allowing...
0 seconds elapsed



16 threads
reading d:\onedrive\desktop\csgo\hammer maps\a million points of blight\achievement_a_million_points_of_blight.bsp
reading d:\onedrive\desktop\csgo\hammer maps\a million points of blight\achievement_a_million_points_of_blight.prt
   3 portalclusters
   1 numportals
0...1...2...3...4...5...6...7...8...9...10Optimized: 0 visible clusters (0.00%)
Total clusters visible: 5
Average clusters visible: 1
Building PAS...
Average clusters audible: 1
visdatasize:34  compressed from 48
writing d:\onedrive\desktop\csgo\hammer maps\a million points of blight\achievement_a_million_points_of_blight.bsp
MSG_FILEWRITE - Filesystem was asked to write to 'd:\onedrive\desktop\csgo\hammer maps\a million points of blight\achievement_a_million_points_of_blight.bsp', but we don't own that location. Allowing...
0 seconds elapsed



[Reading texlights from 'lights.rad']
[17 texlights parsed from 'lights.rad']

Loading d:\onedrive\desktop\csgo\hammer maps\a million points of blight\achievement_a_million_points_of_blight.bsp
92 faces
5612 square feet [808128.00 square inches]
0 Displacements
0 Square Feet [0.00 Square Inches]
92 patches before subdivision
240 patches after subdivision
2 direct lights
0...1...2...3...4...5...6...7...8...9...100...1...2...3...4...5...6...7...8...9...10transfers 4372, max 72
transfer lists:   0.0 megs
0...1...2...3...4...5...6...7...8...9...10	Bounce #1 added RGB(2698, 758, 7)
0...1...2...3...4...5...6...7...8...9...10	Bounce #2 added RGB(1377, 109, 0)
0...1...2...3...4...5...6...7...8...9...10	Bounce #3 added RGB(605, 13, 0)
0...1...2...3...4...5...6...7...8...9...10	Bounce #4 added RGB(289, 2, 0)
0...1...2...3...4...5...6...7...8...9...10	Bounce #5 added RGB(134, 0, 0)
0...1...2...3...4...5...6...7...8...9...10	Bounce #6 added RGB(63, 0, 0)
0...1...2...3...4...5...6...7...8...9...10	Bounce #7 added RGB(29, 0, 0)
0...1...2...3...4...5...6...7...8...9...10	Bounce #8 added RGB(14, 0, 0)
0...1...2...3...4...5...6...7...8...9...10	Bounce #9 added RGB(6, 0, 0)
0...1...2...3...4...5...6...7...8...9...10	Bounce #10 added RGB(3, 0, 0)
0...1...2...3...4...5...6...7...8...9...10	Bounce #11 added RGB(1, 0, 0)
0...1...2...3...4...5...6...7...8...9...10	Bounce #12 added RGB(1, 0, 0)
Build Patch/Sample Hash Table(s).....Done<0.0000 sec>
0...1...2...3...4...5...6...7...8...9...10FinalLightFace Done
0 of 0 (0% of) surface lights went in leaf ambient cubes.
0...1...2...3...4...5...6...7...8...9...10Writing leaf ambient...done
Ready to Finish

Object names       Objects/Maxobjs  Memory / Maxmem  Fullness 
------------       ---------------  ---------------  -------- 
models                  14/1024          672/49152    ( 1.4%) 
brushes                 29/8192          348/98304    ( 0.4%) 
brushsides             174/81920        1392/655360   ( 0.2%) 
planes                 130/65536        2600/1310720  ( 0.2%) 
vertexes               153/65536        1836/786432   ( 0.2%) 
nodes                   93/65536        2976/2097152  ( 0.1%) 
texinfos                33/12288        2376/884736   ( 0.3%) 
texdata                  4/4096          128/131072   ( 0.1%) 
dispinfos                0/0               0/0        ( 0.0%) 
disp_verts               0/0               0/0        ( 0.0%) 
disp_tris                0/0               0/0        ( 0.0%) 
disp_multiblend          0/0               0/0        ( 0.0%) 
disp_lmsamples           0/0               0/0        ( 0.0%) 
faces                   92/65536        5152/3670016  ( 0.1%) 
hdr faces                0/65536           0/3670016  ( 0.0%) 
origfaces               90/65536        5040/3670016  ( 0.1%) 
facebrushes              0/0               0/0        ( 0.0%) 
facebrushlists          92/0             368/0        ( 0.0%) 
leaves                 108/65536        3456/2097152  ( 0.2%) 
leaffaces               94/65536         188/131072   ( 0.1%) 
leafbrushes             33/65536          66/131072   ( 0.1%) 
areas                    3/1024           24/8192     ( 0.3%) 
surfedges              732/512000       2928/2048000  ( 0.1%) 
edges                  390/256000       1560/1024000  ( 0.2%) 
LDR worldlights          2/8192          200/819200   ( 0.0%) 
HDR worldlights          0/8192            0/819200   ( 0.0%) 
leafwaterdata            0/32768           0/393216   ( 0.0%) 
waterstrips              2/32768          20/327680   ( 0.0%) 
waterverts               0/65536           0/786432   ( 0.0%) 
waterindices            24/65536          48/131072   ( 0.0%) 
cubemapsamples           0/1024            0/16384    ( 0.0%) 
overlays                 0/1024            0/360448   ( 0.0%) 
LDR lightdata         [variable]        7688/0        ( 0.0%) 
HDR lightdata         [variable]           0/0        ( 0.0%) 
visdata               [variable]          34/16777216 ( 0.0%) 
entdata               [variable]       11216/393216   ( 2.9%) 
LDR ambient table      108/65536         432/262144   ( 0.2%) 
HDR ambient table      108/65536         432/262144   ( 0.2%) 
LDR leaf ambient       482/65536       13496/1835008  ( 0.7%) 
HDR leaf ambient       108/65536        3024/1835008  ( 0.2%) 
occluders                0/0               0/0        ( 0.0%) 
occluder polygons        0/0               0/0        ( 0.0%) 
occluder vert ind        0/0               0/0        ( 0.0%) 
detail props          [variable]           1/12       ( 8.3%) 
static props          [variable]           1/12       ( 8.3%) 
pakfile               [variable]       74550/0        ( 0.0%) 
physics               [variable]       14836/4194304  ( 0.4%) 
physics terrain       [variable]           2/1048576  ( 0.0%) 

Level flags = 7c

Total triangle count: 188
Writing d:\onedrive\desktop\csgo\hammer maps\a million points of blight\achievement_a_million_points_of_blight.bsp
MSG_FILEWRITE - Filesystem was asked to write to 'd:\onedrive\desktop\csgo\hammer maps\a million points of blight\achievement_a_million_points_of_blight.bsp', but we don't own that location. Allowing...
0 seconds elapsed



materialPath: D:\Steam\steamapps\common\Counter-Strike Global Offensive\csgo\materials
Loading D:\OneDrive\Desktop\csgo\hammer maps\A Million Points of Blight\achievement_a_million_points_of_blight.vmf
Map revision 75
fixing up env_cubemap materials on brush sides...
0...1...2...3...4...5...6...7...8...9...100...1...2...3...4...5...6...7...8...9...10Processing areas...done (0)
Building Faces...done (0)
Chop Details...done (0)
Find Visible Detail Sides...done (0)
Merging details...done (0)
FixTjuncs...
PruneNodes...
WriteBSP...
done (0)
writing D:\OneDrive\Desktop\csgo\hammer maps\A Million Points of Blight\achievement_a_million_points_of_blight.prt...Building visibility clusters...
AutoVisClustering (threshold=-1) matched 0 leafs.
done (0)
Finding displacement neighbors...
Finding lightmap sample positions...
Displacement Alpha : 0...1...2...3...4...5...6...7...8...9...10
Building Physics collision data...
done (0) (14836 bytes)
Placing detail props : 0...1...2...3...4...5...6...7...8...9...10
Compacting texture/material tables...
Reduced 49 texinfos to 33
Reduced 4 texdatas to 4 (78 bytes to 78)
Writing D:\OneDrive\Desktop\csgo\hammer maps\A Million Points of Blight\achievement_a_million_points_of_blight.bsp
MSG_FILEWRITE - Filesystem was asked to write to 'd:\onedrive\desktop\csgo\hammer maps\a million points of blight\achievement_a_million_points_of_blight.bsp', but we don't own that location. Allowing...
0 seconds elapsed



16 threads
reading d:\onedrive\desktop\csgo\hammer maps\a million points of blight\achievement_a_million_points_of_blight.bsp
reading d:\onedrive\desktop\csgo\hammer maps\a million points of blight\achievement_a_million_points_of_blight.prt
   3 portalclusters
   1 numportals
0...1...2...3...4...5...6...7...8...9...10Optimized: 0 visible clusters (0.00%)
Total clusters visible: 5
Average clusters visible: 1
Building PAS...
Average clusters audible: 1
visdatasize:34  compressed from 48
writing d:\onedrive\desktop\csgo\hammer maps\a million points of blight\achievement_a_million_points_of_blight.bsp
MSG_FILEWRITE - Filesystem was asked to write to 'd:\onedrive\desktop\csgo\hammer maps\a million points of blight\achievement_a_million_points_of_blight.bsp', but we don't own that location. Allowing...
0 seconds elapsed



[Reading texlights from 'lights.rad']
[17 texlights parsed from 'lights.rad']

Loading d:\onedrive\desktop\csgo\hammer maps\a million points of blight\achievement_a_million_points_of_blight.bsp
92 faces
5612 square feet [808128.00 square inches]
0 Displacements
0 Square Feet [0.00 Square Inches]
92 patches before subdivision
240 patches after subdivision
2 direct lights
0...1...2...3...4...5...6...7...8...9...100...1...2...3...4...5...6...7...8...9...10transfers 4372, max 72
transfer lists:   0.0 megs
0...1...2...3...4...5...6...7...8...9...10	Bounce #1 added RGB(2698, 758, 7)
0...1...2...3...4...5...6...7...8...9...10	Bounce #2 added RGB(1377, 109, 0)
0...1...2...3...4...5...6...7...8...9...10	Bounce #3 added RGB(605, 13, 0)
0...1...2...3...4...5...6...7...8...9...10	Bounce #4 added RGB(289, 2, 0)
0...1...2...3...4...5...6...7...8...9...10	Bounce #5 added RGB(134, 0, 0)
0...1...2...3...4...5...6...7...8...9...10	Bounce #6 added RGB(63, 0, 0)
0...1...2...3...4...5...6...7...8...9...10	Bounce #7 added RGB(29, 0, 0)
0...1...2...3...4...5...6...7...8...9...10	Bounce #8 added RGB(14, 0, 0)
0...1...2...3...4...5...6...7...8...9...10	Bounce #9 added RGB(6, 0, 0)
0...1...2...3...4...5...6...7...8...9...10	Bounce #10 added RGB(3, 0, 0)
0...1...2...3...4...5...6...7...8...9...10	Bounce #11 added RGB(1, 0, 0)
0...1...2...3...4...5...6...7...8...9...10	Bounce #12 added RGB(1, 0, 0)
Build Patch/Sample Hash Table(s).....Done<0.0000 sec>
0...1...2...3...4...5...6...7...8...9...10FinalLightFace Done
0 of 0 (0% of) surface lights went in leaf ambient cubes.
0...1...2...3...4...5...6...7...8...9...10Writing leaf ambient...done
Ready to Finish

Object names       Objects/Maxobjs  Memory / Maxmem  Fullness 
------------       ---------------  ---------------  -------- 
models                  14/1024          672/49152    ( 1.4%) 
brushes                 29/8192          348/98304    ( 0.4%) 
brushsides             174/81920        1392/655360   ( 0.2%) 
planes                 130/65536        2600/1310720  ( 0.2%) 
vertexes               153/65536        1836/786432   ( 0.2%) 
nodes                   93/65536        2976/2097152  ( 0.1%) 
texinfos                33/12288        2376/884736   ( 0.3%) 
texdata                  4/4096          128/131072   ( 0.1%) 
dispinfos                0/0               0/0        ( 0.0%) 
disp_verts               0/0               0/0        ( 0.0%) 
disp_tris                0/0               0/0        ( 0.0%) 
disp_multiblend          0/0               0/0        ( 0.0%) 
disp_lmsamples           0/0               0/0        ( 0.0%) 
faces                   92/65536        5152/3670016  ( 0.1%) 
hdr faces                0/65536           0/3670016  ( 0.0%) 
origfaces               90/65536        5040/3670016  ( 0.1%) 
facebrushes              0/0               0/0        ( 0.0%) 
facebrushlists          92/0             368/0        ( 0.0%) 
leaves                 108/65536        3456/2097152  ( 0.2%) 
leaffaces               94/65536         188/131072   ( 0.1%) 
leafbrushes             33/65536          66/131072   ( 0.1%) 
areas                    3/1024           24/8192     ( 0.3%) 
surfedges              732/512000       2928/2048000  ( 0.1%) 
edges                  390/256000       1560/1024000  ( 0.2%) 
LDR worldlights          2/8192          200/819200   ( 0.0%) 
HDR worldlights          0/8192            0/819200   ( 0.0%) 
leafwaterdata            0/32768           0/393216   ( 0.0%) 
waterstrips              2/32768          20/327680   ( 0.0%) 
waterverts               0/65536           0/786432   ( 0.0%) 
waterindices            24/65536          48/131072   ( 0.0%) 
cubemapsamples           0/1024            0/16384    ( 0.0%) 
overlays                 0/1024            0/360448   ( 0.0%) 
LDR lightdata         [variable]        7688/0        ( 0.0%) 
HDR lightdata         [variable]           0/0        ( 0.0%) 
visdata               [variable]          34/16777216 ( 0.0%) 
entdata               [variable]       11215/393216   ( 2.9%) 
LDR ambient table      108/65536         432/262144   ( 0.2%) 
HDR ambient table      108/65536         432/262144   ( 0.2%) 
LDR leaf ambient       482/65536       13496/1835008  ( 0.7%) 
HDR leaf ambient       108/65536        3024/1835008  ( 0.2%) 
occluders                0/0               0/0        ( 0.0%) 
occluder polygons        0/0               0/0        ( 0.0%) 
occluder vert ind        0/0               0/0        ( 0.0%) 
detail props          [variable]           1/12       ( 8.3%) 
static props          [variable]           1/12       ( 8.3%) 
pakfile               [variable]       74550/0        ( 0.0%) 
physics               [variable]       14836/4194304  ( 0.4%) 
physics terrain       [variable]           2/1048576  ( 0.0%) 

Level flags = 7c

Total triangle count: 188
Writing d:\onedrive\desktop\csgo\hammer maps\a million points of blight\achievement_a_million_points_of_blight.bsp
MSG_FILEWRITE - Filesystem was asked to write to 'd:\onedrive\desktop\csgo\hammer maps\a million points of blight\achievement_a_million_points_of_blight.bsp', but we don't own that location. Allowing...
0 seconds elapsed
