PRT1
175
437
4 0 2 (15024 544 32 ) (15024.401367 544 32 ) (15024.401367 544 384 ) (15024 544 384 ) 
4 0 1 (15024 702.518982 384 ) (15024 702.518982 32 ) (15024 612 32 ) (15024 612 384 ) 
4 1 6 (15020 702.518982 32 ) (15020 612 32 ) (15020 612 384 ) (15020 702.518982 384 ) 
4 2 43 (15024.401367 0 384 ) (15024 0 384 ) (15024 0 32 ) (15024.401367 0 32 ) 
4 2 5 (15024 192 32 ) (15024 0 32 ) (15024 0 384 ) (15024 192 384 ) 
4 2 3 (15024 544 384 ) (15024 544 32 ) (15024 436 32 ) (15024 436 384 ) 
4 2 4 (15024 368 32 ) (15024 260 32 ) (15024 260 384 ) (15024 368 384 ) 
4 3 6 (15020 544 32 ) (15020 436 32 ) (15020 436 384 ) (15020 544 384 ) 
4 4 6 (15020 368 32 ) (15020 260 32 ) (15020 260 384 ) (15020 368 384 ) 
4 5 43 (15024 0 384 ) (15020 0 384 ) (15020 0 32 ) (15024 0 32 ) 
4 5 6 (15020 192 32 ) (15020 84 32 ) (15020 84 384 ) (15020 192 384 ) 
4 5 7 (15020 16 32 ) (15020 0 32 ) (15020 0 384 ) (15020 16 384 ) 
4 6 30 (15018 202.929016 320 ) (15018 230.345734 320 ) (15018 230.680984 319.907013 ) (15018 216.817886 269.919098 ) 
4 6 29 (15018 221.319275 256.214966 ) (15018 216.817902 239.983826 ) (15018 212.291016 256.307007 ) (15018 216.639206 257.512909 ) 
5 6 28 (15018 159.137939 32 ) (15018 84 32 ) (15018 84 287.016479 ) (15018 195.220001 317.862000 ) (15018 216.817902 239.983826 ) 
4 6 27 (15018 244 32 ) (15018 159.137939 32 ) (15018 238.389999 317.769012 ) (15018 244 316.213165 ) 
3 6 26 (15018 84 287.016479 ) (15018 84 320 ) (15018 202.929016 320 ) 
3 6 25 (15018 230.345734 320 ) (15018 244 320 ) (15018 244 316.213165 ) 
4 6 24 (15018 252 32 ) (15018 244 32 ) (15018 244 256.122009 ) (15018 252 256.122009 ) 
4 6 23 (15018 84 320 ) (15018 84 384 ) (15018 252 384 ) (15018 252 320 ) 
4 6 22 (15018 388.929016 319.893036 ) (15018 402.637207 323.694855 ) (15018 416.681000 319.799988 ) (15018 402.817871 269.812164 ) 
4 6 21 (15018 407.319275 256.107941 ) (15018 402.817902 239.876770 ) (15018 398.291016 256.200012 ) (15018 402.639160 257.405914 ) 
5 6 20 (15018 345.167542 32 ) (15018 252 32 ) (15018 252 281.917297 ) (15018 381.220032 317.755035 ) (15018 402.817902 239.876770 ) 
4 6 19 (15018 552 32 ) (15018 345.167542 32 ) (15018 424.390045 317.661987 ) (15018 552 282.270935 ) 
3 6 18 (15018 252 281.917297 ) (15018 252 365.472229 ) (15018 402.637207 323.694855 ) 
4 6 17 (15018 252 365.472229 ) (15018 252 384 ) (15018 552 384 ) (15018 552 282.270935 ) 
4 6 14 (15018 560 32 ) (15018 552 32 ) (15018 552 384 ) (15018 560 384 ) 
4 6 13 (15018 572.929016 320 ) (15018 586.637451 323.801819 ) (15018 600.681030 319.907013 ) (15018 586.817871 269.919098 ) 
4 6 12 (15018 591.319214 256.214935 ) (15018 586.817871 239.983948 ) (15018 582.291016 256.307007 ) (15018 586.639160 257.512909 ) 
4 6 11 (15018 560 143.283691 ) (15018 560 316.414307 ) (15018 565.220032 317.862000 ) (15018 586.817871 239.983948 ) 
5 6 10 (15018 702.518982 32 ) (15018 560 32 ) (15018 560 143.283691 ) (15018 608.390015 317.769012 ) (15018 702.518982 291.663391 ) 
3 6 9 (15018 560 316.414307 ) (15018 560 331.189423 ) (15018 586.637451 323.801819 ) 
4 6 8 (15018 560 331.189423 ) (15018 560 384 ) (15018 702.518982 384 ) (15018 702.518982 291.663391 ) 
4 7 44 (15020 0 384 ) (15018 0 384 ) (15018 0 32 ) (15020 0 32 ) 
4 7 31 (15018 16 32 ) (15018 0 32 ) (15018 0 384 ) (15018 16 384 ) 
3 8 34 (15014 702.518982 320 ) (15014 702.518982 291.663391 ) (15014 600.345703 320 ) 
5 8 33 (15014 560 331.189423 ) (15014 560 384 ) (15014 702.518982 384 ) (15014 702.518982 320 ) (15014 600.345703 320 ) 
4 8 15 (15014 560 384 ) (15014 560 331.189423 ) (15016 560 331.189423 ) (15016 560 384 ) 
4 8 14 (15016 560 331.189423 ) (15018 560 331.189423 ) (15018 560 384 ) (15016 560 384 ) 
4 8 13 (15014 586.638306 323.802063 ) (15014 600.681152 319.907440 ) (15018 600.681152 319.907440 ) (15018 586.638306 323.802063 ) 
4 8 10 (15014 608.390137 317.769470 ) (15014 702.518982 291.664063 ) (15018 702.518982 291.664063 ) (15018 608.390137 317.769470 ) 
4 8 9 (15018 560 331.189850 ) (15014 560 331.189850 ) (15014 586.638306 323.802063 ) (15018 586.638306 323.802063 ) 
3 9 34 (15014 560 316.414307 ) (15014 560 320 ) (15014 572.929077 320 ) 
4 9 33 (15014 560 320 ) (15014 560 331.189423 ) (15014 586.637451 323.801819 ) (15014 572.929077 320 ) 
4 9 15 (15014 560 331.189423 ) (15014 560 320 ) (15016 560 320 ) (15016 560 331.189423 ) 
4 9 14 (15016 560 316.414307 ) (15018 560 316.414307 ) (15018 560 331.189423 ) (15016 560 331.189423 ) 
4 9 13 (15014 572.928650 320.001129 ) (15014 586.636719 323.802734 ) (15018 586.636719 323.802734 ) (15018 572.928650 320.001129 ) 
4 9 11 (15018 560 316.415649 ) (15014 560 316.415649 ) (15014 565.219666 317.863220 ) (15018 565.219666 317.863220 ) 
5 10 41 (15014 702.518982 32 ) (15014 560 32 ) (15014 560 143.283691 ) (15014 591.293457 256.122009 ) (15014 702.518982 256.122009 ) 
4 10 34 (15014 591.293457 256.122009 ) (15014 608.390015 317.769012 ) (15014 702.518982 291.663391 ) (15014 702.518982 256.122009 ) 
4 10 16 (15014 560 143.283691 ) (15014 560 32 ) (15016 560 32 ) (15016 560 143.283691 ) 
4 10 14 (15016 560 32 ) (15018 560 32 ) (15018 560 143.283691 ) (15016 560 143.283691 ) 
4 10 12 (15018 586.818542 239.981766 ) (15018 591.320374 256.214630 ) (15014 591.320374 256.214630 ) (15014 586.818542 239.981766 ) 
4 10 11 (15014 560 143.278809 ) (15018 560 143.278809 ) (15018 586.818542 239.981766 ) (15014 586.818542 239.981766 ) 
4 11 41 (15014 560 143.283691 ) (15014 560 256.122009 ) (15014 582.342346 256.122009 ) (15014 586.817871 239.983948 ) 
4 11 34 (15014 560 256.122009 ) (15014 560 316.414307 ) (15014 565.220032 317.862000 ) (15014 582.342346 256.122009 ) 
4 11 16 (15014 560 256.122009 ) (15014 560 143.283691 ) (15016 560 143.283691 ) (15016 560 256.122009 ) 
4 11 14 (15016 560 143.283691 ) (15018 560 143.283691 ) (15018 560 316.414307 ) (15016 560 316.414307 ) 
4 11 12 (15018 586.817139 239.982864 ) (15014 586.817139 239.982864 ) (15014 582.290100 256.306763 ) (15018 582.290100 256.306763 ) 
3 12 41 (15014 591.293457 256.122009 ) (15014 586.817871 239.983948 ) (15014 582.342346 256.122009 ) 
5 12 34 (15014 591.319214 256.214935 ) (15014 591.293457 256.122009 ) (15014 582.342346 256.122009 ) (15014 582.291016 256.307007 ) (15014 586.639160 257.512909 ) 
4 13 34 (15014 572.929016 320 ) (15014 600.345764 320 ) (15014 600.681030 319.907013 ) (15014 586.817871 269.919098 ) 
3 13 33 (15014 572.929016 320 ) (15014 586.637451 323.801819 ) (15014 600.345764 320 ) 
4 14 19 (15016 552 32 ) (15018 552 32 ) (15018 552 282.270935 ) (15016 552 282.270935 ) 
4 14 17 (15018 552 282.270935 ) (15018 552 384 ) (15016 552 384 ) (15016 552 282.270935 ) 
4 14 15 (15016 560 384 ) (15016 560 320 ) (15016 552 320 ) (15016 552 384 ) 
4 14 16 (15016 560 256.122009 ) (15016 560 32 ) (15016 552 32 ) (15016 552 256.122009 ) 
4 15 33 (15014 552 320 ) (15014 552 384 ) (15014 560 384 ) (15014 560 320 ) 
4 15 17 (15014 552 384 ) (15014 552 320 ) (15016 552 320 ) (15016 552 384 ) 
4 16 41 (15014 560 32 ) (15014 552 32 ) (15014 552 256.122009 ) (15014 560 256.122009 ) 
4 16 19 (15014 552 256.122009 ) (15014 552 32 ) (15016 552 32 ) (15016 552 256.122009 ) 
3 17 35 (15014 552 320 ) (15014 552 282.270935 ) (15014 415.959839 320 ) 
5 17 33 (15014 252 365.472229 ) (15014 252 384 ) (15014 552 384 ) (15014 552 320 ) (15014 415.959839 320 ) 
4 17 23 (15014 252 384 ) (15014 252 365.472229 ) (15018 252 365.472229 ) (15018 252 384 ) 
4 17 22 (15014 402.638184 323.695099 ) (15014 416.681122 319.800476 ) (15018 416.681122 319.800476 ) (15018 402.638184 323.695099 ) 
4 17 19 (15014 424.390167 317.662476 ) (15014 552 282.271484 ) (15018 552 282.271484 ) (15018 424.390167 317.662476 ) 
4 17 18 (15018 252 365.472717 ) (15014 252 365.472717 ) (15014 402.638184 323.695099 ) (15018 402.638184 323.695099 ) 
3 18 35 (15014 252 281.917297 ) (15014 252 320 ) (15014 389.314667 320 ) 
4 18 33 (15014 252 320 ) (15014 252 365.472229 ) (15014 402.637207 323.694855 ) (15014 389.314667 320 ) 
4 18 23 (15014 252 365.472229 ) (15014 252 320 ) (15018 252 320 ) (15018 252 365.472229 ) 
4 18 22 (15014 388.928680 319.894135 ) (15014 402.637329 323.696075 ) (15018 402.637329 323.696075 ) (15018 388.928680 319.894165 ) 
4 18 20 (15018 252 281.918610 ) (15014 252 281.918610 ) (15014 381.219727 317.756165 ) (15018 381.219696 317.756165 ) 
4 19 41 (15014 552 32 ) (15014 345.167542 32 ) (15014 407.323181 256.122009 ) (15014 552 256.122009 ) 
4 19 35 (15014 407.323181 256.122009 ) (15014 424.390045 317.661987 ) (15014 552 282.270935 ) (15014 552 256.122009 ) 
4 19 21 (15018 402.816956 239.880127 ) (15018 407.317535 256.108398 ) (15014 407.317535 256.108429 ) (15014 402.816956 239.880142 ) 
4 19 20 (15018 345.165649 32 ) (15018 402.816956 239.880127 ) (15014 402.816956 239.880142 ) (15014 345.165619 32 ) 
5 20 41 (15014 345.167542 32 ) (15014 252 32 ) (15014 252 256.122009 ) (15014 398.312622 256.122009 ) (15014 402.817902 239.876770 ) 
4 20 35 (15014 252 256.122009 ) (15014 252 281.917297 ) (15014 381.220032 317.755035 ) (15014 398.312622 256.122009 ) 
4 20 24 (15014 252 256.122009 ) (15014 252 32 ) (15018 252 32 ) (15018 252 256.122009 ) 
4 20 21 (15018 402.817169 239.877396 ) (15014 402.817169 239.877396 ) (15014 398.290375 256.199829 ) (15018 398.290375 256.199829 ) 
4 21 41 (15014 407.319275 256.107941 ) (15014 402.817902 239.876770 ) (15014 398.312653 256.122009 ) (15014 407.268555 256.122009 ) 
4 21 35 (15014 398.312653 256.122009 ) (15014 398.291016 256.200012 ) (15014 402.639160 257.405914 ) (15014 407.268555 256.122009 ) 
5 22 35 (15014 388.929016 319.893036 ) (15014 389.314697 320 ) (15014 415.959808 320 ) (15014 416.681000 319.799988 ) (15014 402.817871 269.812164 ) 
3 22 33 (15014 389.314697 320 ) (15014 402.637207 323.694855 ) (15014 415.959808 320 ) 
4 23 33 (15014 84 320 ) (15014 84 384 ) (15014 252 384 ) (15014 252 320 ) 
4 23 32 (15014 84 384 ) (15014 84 320 ) (15016 84 320 ) (15016 84 384 ) 
4 23 30 (15014 202.929016 320 ) (15014 230.345734 320 ) (15018 230.345749 320 ) (15018 202.928986 320 ) 
4 23 26 (15018 84 320 ) (15014 84 320 ) (15014 202.929016 320 ) (15018 202.928986 320 ) 
4 23 25 (15014 230.345734 320 ) (15014 244 320 ) (15018 244 320 ) (15018 230.345749 320 ) 
4 24 41 (15014 252 32 ) (15014 244 32 ) (15014 244 256.122009 ) (15014 252 256.122009 ) 
4 24 27 (15018 244 32 ) (15018 244 256.122009 ) (15014 244 256.122009 ) (15014 244 32 ) 
3 25 35 (15014 230.345734 320 ) (15014 244 320 ) (15014 244 316.213165 ) 
4 25 30 (15018 230.345901 320 ) (15014 230.345901 320 ) (15014 230.681000 319.907043 ) (15018 230.681000 319.907043 ) 
4 25 27 (15014 238.389969 317.768890 ) (15014 244 316.212891 ) (15018 244 316.212891 ) (15018 238.389969 317.768890 ) 
3 26 35 (15014 84 287.016479 ) (15014 84 320 ) (15014 202.929016 320 ) 
4 26 32 (15014 84 320 ) (15014 84 287.016449 ) (15016 84 287.016479 ) (15016 84 320 ) 
4 26 28 (15018 84 287.016754 ) (15014 84 287.016754 ) (15014 195.219849 317.862518 ) (15018 195.219849 317.862518 ) 
4 27 41 (15014 244 32 ) (15014 159.137939 32 ) (15014 221.293488 256.122009 ) (15014 244 256.122009 ) 
4 27 35 (15014 221.293488 256.122009 ) (15014 238.389999 317.769012 ) (15014 244 316.213165 ) (15014 244 256.122009 ) 
4 27 29 (15018 216.817429 239.985519 ) (15018 221.318375 256.215179 ) (15014 221.318390 256.215179 ) (15014 216.817429 239.985504 ) 
4 27 28 (15018 159.137024 32 ) (15018 216.817429 239.985519 ) (15014 216.817429 239.985504 ) (15014 159.137039 32 ) 
5 28 41 (15014 159.137939 32 ) (15014 84 32 ) (15014 84 256.122009 ) (15014 212.342316 256.122009 ) (15014 216.817902 239.983826 ) 
4 28 35 (15014 84 256.122009 ) (15014 84 287.016479 ) (15014 195.220001 317.862000 ) (15014 212.342316 256.122009 ) 
4 28 32 (15014 84 287.016449 ) (15014 84 32 ) (15016 84 32 ) (15016 84 287.016479 ) 
4 28 29 (15018 216.817154 239.986771 ) (15014 216.817154 239.986771 ) (15014 212.291000 256.307007 ) (15018 212.291000 256.307007 ) 
3 29 41 (15014 221.293503 256.122009 ) (15014 216.817902 239.983826 ) (15014 212.342316 256.122009 ) 
5 29 35 (15014 221.319275 256.214966 ) (15014 221.293503 256.122009 ) (15014 212.342316 256.122009 ) (15014 212.291016 256.307007 ) (15014 216.639206 257.512909 ) 
4 30 35 (15014 202.929016 320 ) (15014 230.345734 320 ) (15014 230.680984 319.907013 ) (15014 216.817886 269.919098 ) 
4 31 44 (15018 0 384 ) (15016 0 384 ) (15016 0 32 ) (15018 0 32 ) 
4 31 32 (15016 16 32 ) (15016 0 32 ) (15016 0 384 ) (15016 16 384 ) 
4 32 46 (15016 0 384 ) (15014 0 384 ) (15014 0 32 ) (15016 0 32 ) 
4 32 41 (15014 84 32 ) (15014 0 32 ) (15014 0 256.122009 ) (15014 84 256.122009 ) 
4 32 39 (15014 0 256.122009 ) (15014 0 320 ) (15014 32 320 ) (15014 32 256.122009 ) 
4 32 38 (15014 40 320 ) (15014 46 320 ) (15014 46 256.122009 ) (15014 40 256.122009 ) 
4 32 37 (15014 54 320 ) (15014 60 320 ) (15014 60 256.122009 ) (15014 54 256.122009 ) 
4 32 35 (15014 68 320 ) (15014 84 320 ) (15014 84 256.122009 ) (15014 68 256.122009 ) 
4 32 33 (15014 0 320 ) (15014 0 384 ) (15014 84 384 ) (15014 84 320 ) 
4 33 47 (15010 0 384 ) (15006 0 384 ) (15006 0 320 ) (15010 0 320 ) 
4 33 52 (15006 0 384 ) (14336 0 384 ) (14336 0 320 ) (15006 0 320 ) 
4 33 46 (15014 0 384 ) (15010 0 384 ) (15010 0 320 ) (15014 0 320 ) 
4 33 42 (14336 0 320 ) (14336 0 384 ) (14336 702.518982 384 ) (14336 702.518982 320 ) 
4 33 40 (15010 0 320 ) (14336 0 320 ) (14336 702.518982 320 ) (15010 702.518982 320 ) 
4 33 39 (15014 32 320 ) (15014 0 320 ) (15010 0 320 ) (15010 32 320 ) 
4 33 38 (15014 46 320 ) (15014 40 320 ) (15010 40 320 ) (15010 46 320 ) 
4 33 37 (15014 60 320 ) (15014 54 320 ) (15010 54 320 ) (15010 60 320 ) 
4 33 34 (15014 702.518982 320 ) (15014 560 320 ) (15012 560 320 ) (15012 702.518982 320 ) 
4 33 35 (15014 552 320 ) (15014 68 320 ) (15012 68 320 ) (15012 552 320 ) 
4 33 36 (15012 68 320 ) (15010 68 320 ) (15010 702.518982 320 ) (15012 702.518982 320 ) 
4 34 41 (15014 702.518982 256.122009 ) (15014 560 256.122009 ) (15012 560 256.122009 ) (15012 702.518982 256.122009 ) 
4 34 36 (15012 702.518982 320 ) (15012 702.518982 256.122009 ) (15012 560 256.122009 ) (15012 560 320 ) 
4 35 41 (15014 552 256.122009 ) (15014 68 256.122009 ) (15012 68 256.122009 ) (15012 552 256.122009 ) 
4 35 36 (15012 552 256.122009 ) (15012 68 256.122009 ) (15012 68 320 ) (15012 552 320 ) 
4 36 41 (15012 68 256.122009 ) (15010 68 256.122009 ) (15010 702.518982 256.122009 ) (15012 702.518982 256.122009 ) 
4 36 40 (15010 702.518982 256.122009 ) (15010 68 256.122009 ) (15010 68 320 ) (15010 702.518982 320 ) 
4 37 41 (15014 60 256.122009 ) (15014 54 256.122009 ) (15010 54 256.122009 ) (15010 60 256.122009 ) 
4 37 40 (15010 60 256.122009 ) (15010 54 256.122009 ) (15010 54 320 ) (15010 60 320 ) 
4 38 41 (15014 46 256.122009 ) (15014 40 256.122009 ) (15010 40 256.122009 ) (15010 46 256.122009 ) 
4 38 40 (15010 46 256.122009 ) (15010 40 256.122009 ) (15010 40 320 ) (15010 46 320 ) 
4 39 46 (15010 0 256.122009 ) (15014 0 256.122009 ) (15014 0 320 ) (15010 0 320 ) 
4 39 41 (15014 32 256.122009 ) (15014 0 256.122009 ) (15010 0 256.122009 ) (15010 32 256.122009 ) 
4 39 40 (15010 32 256.122009 ) (15010 0 256.122009 ) (15010 0 320 ) (15010 32 320 ) 
4 40 48 (15006 0 256.122009 ) (15010 0 256.122009 ) (15010 0 320 ) (15006 0 320 ) 
4 40 52 (14336 0 320 ) (14336 0 256.122009 ) (15006 0 256.122009 ) (15006 0 320 ) 
4 40 42 (14336 0 256.122009 ) (14336 0 320 ) (14336 702.518982 320 ) (14336 702.518982 256.122009 ) 
4 40 41 (14336 0 256.122009 ) (14336 702.518982 256.122009 ) (15010 702.518982 256.122009 ) (15010 0 256.122009 ) 
4 41 51 (15006 0 32 ) (15010 0 32 ) (15010 0 256.122009 ) (15006 0 256.122009 ) 
4 41 52 (14336 0 256.122009 ) (14336 0 32 ) (15006 0 32 ) (15006 0 256.122009 ) 
4 41 46 (15010 0 32 ) (15014 0 32 ) (15014 0 256.122009 ) (15010 0 256.122009 ) 
4 41 42 (14336 0 32 ) (14336 0 256.122009 ) (14336 702.518982 256.122009 ) (14336 702.518982 32 ) 
4 42 66 (13312 0 32 ) (13312 0 384 ) (13312 702.518982 384 ) (13312 702.518982 32 ) 
4 42 65 (14336 0 32 ) (14336 0 104 ) (13312 0 104 ) (13312 0 32 ) 
4 42 63 (14336 0 104 ) (14336 0 384 ) (13312 0 384 ) (13312 0 104 ) 
4 43 53 (15020 -256 32 ) (15024.401367 -256 32 ) (15024.401367 -256 384 ) (15020 -256 384 ) 
4 43 44 (15020 0 32 ) (15020 -80 32 ) (15020 -80 384 ) (15020 0 384 ) 
4 43 45 (15020 -148 32 ) (15020 -256 32 ) (15020 -256 384 ) (15020 -148 384 ) 
4 44 46 (15016 0 32 ) (15016 -80 32 ) (15016 -80 384 ) (15016 0 384 ) 
4 45 46 (15016 -148 32 ) (15016 -256 32 ) (15016 -256 384 ) (15016 -148 384 ) 
4 46 55 (15012 -256 32 ) (15016 -256 32 ) (15016 -256 384 ) (15012 -256 384 ) 
4 46 59 (15010 -256 32 ) (15012 -256 32 ) (15012 -256 384 ) (15010 -256 384 ) 
4 46 50 (15010 -256 256.122009 ) (15010 -256 320 ) (15010 -128 320 ) (15010 -128 256.122009 ) 
4 46 48 (15010 -100 320 ) (15010 0 320 ) (15010 0 256.122009 ) (15010 -100 256.122009 ) 
4 46 49 (15010 -120 320 ) (15010 -108 320 ) (15010 -108 256.122009 ) (15010 -120 256.122009 ) 
4 46 47 (15010 -256 320 ) (15010 -256 384 ) (15010 0 384 ) (15010 0 320 ) 
4 46 51 (15010 0 32 ) (15010 -256 32 ) (15010 -256 256.122009 ) (15010 0 256.122009 ) 
4 47 59 (15010 -256 320 ) (15010 -256 384 ) (15006 -256 384 ) (15006 -256 320 ) 
4 47 50 (15006 -256 320 ) (15006 -128 320 ) (15010 -128 320 ) (15010 -256 320 ) 
4 47 48 (15006 -100 320 ) (15006 0 320 ) (15010 0 320 ) (15010 -100 320 ) 
4 47 49 (15006 -120 320 ) (15006 -108 320 ) (15010 -108 320 ) (15010 -120 320 ) 
4 47 52 (15006 -256 320 ) (15006 -256 384 ) (15006 0 384 ) (15006 0 320 ) 
4 48 52 (15006 -100 320 ) (15006 0 320 ) (15006 0 256.122009 ) (15006 -100 256.122009 ) 
4 48 51 (15006 -100 256.122009 ) (15006 0 256.122009 ) (15010 0 256.122009 ) (15010 -100 256.122009 ) 
4 49 51 (15006 -120 256.122009 ) (15006 -108 256.122009 ) (15010 -108 256.122009 ) (15010 -120 256.122009 ) 
4 49 52 (15006 -120 320 ) (15006 -108 320 ) (15006 -108 256.122009 ) (15006 -120 256.122009 ) 
4 50 59 (15010 -256 256.122009 ) (15010 -256 320 ) (15006 -256 320 ) (15006 -256 256.122009 ) 
4 50 51 (15006 -256 256.122009 ) (15006 -128 256.122009 ) (15010 -128 256.122009 ) (15010 -256 256.122009 ) 
4 50 52 (15006 -256 256.122009 ) (15006 -256 320 ) (15006 -128 320 ) (15006 -128 256.122009 ) 
4 51 59 (15006 -256 32 ) (15010 -256 32 ) (15010 -256 256.122009 ) (15006 -256 256.122009 ) 
4 51 52 (15006 0 32 ) (15006 -256 32 ) (15006 -256 256.122009 ) (15006 0 256.122009 ) 
4 52 65 (14336 0 104 ) (14336 0 32 ) (14336 -256 32 ) (14336 -256 104 ) 
4 52 63 (14336 0 384 ) (14336 0 104 ) (14336 -256 104 ) (14336 -256 384 ) 
4 52 59 (14336 -256 32 ) (15006 -256 32 ) (15006 -256 384 ) (14336 -256 384 ) 
4 53 61 (15024 -447 107 ) (15024 -447 384 ) (15020 -447 384 ) (15020 -447 107 ) 
4 53 62 (15020 -447 32 ) (15024 -447 32 ) (15024 -447 104 ) (15020 -447 104 ) 
4 53 60 (15024 -447 32 ) (15024.401367 -447 32 ) (15024.401367 -447 384 ) (15024 -447 384 ) 
4 53 54 (15020 -324 32 ) (15020 -447 32 ) (15020 -447 384 ) (15020 -324 384 ) 
4 54 61 (15020 -447 107 ) (15020 -447 384 ) (15016 -447 384 ) (15016 -447 107 ) 
4 54 62 (15016 -447 32 ) (15020 -447 32 ) (15020 -447 104 ) (15016 -447 104 ) 
4 54 58 (15016 -324 32 ) (15016 -447 32 ) (15016 -447 384 ) (15016 -324 384 ) 
4 55 56 (15012 -284 384 ) (15012 -284 319.877991 ) (15016 -284 319.877991 ) (15016 -284 384 ) 
4 55 57 (15012 -284 256 ) (15012 -284 32 ) (15016 -284 32 ) (15016 -284 256 ) 
4 55 59 (15012 -256 384 ) (15012 -256 32 ) (15012 -284 32 ) (15012 -284 384 ) 
4 56 58 (15012 -292 384 ) (15012 -292 319.877991 ) (15016 -292 319.877991 ) (15016 -292 384 ) 
4 56 59 (15012 -292 319.877991 ) (15012 -292 384 ) (15012 -284 384 ) (15012 -284 319.877991 ) 
4 57 59 (15012 -284 32 ) (15012 -292 32 ) (15012 -292 256 ) (15012 -284 256 ) 
4 57 58 (15012 -292 256 ) (15012 -292 32 ) (15016 -292 32 ) (15016 -292 256 ) 
4 58 61 (15016 -447 107 ) (15016 -447 384 ) (15012 -447 384 ) (15012 -447 107 ) 
4 58 62 (15012 -447 32 ) (15016 -447 32 ) (15016 -447 104 ) (15012 -447 104 ) 
4 58 59 (15012 -292 32 ) (15012 -447 32 ) (15012 -447 384 ) (15012 -292 384 ) 
4 59 65 (14336 -256 32 ) (14336 -447 32 ) (14336 -447 104 ) (14336 -256 104 ) 
4 59 63 (14336 -447 104 ) (14336 -447 384 ) (14336 -256 384 ) (14336 -256 104 ) 
4 59 61 (15012 -447 107 ) (15012 -447 384 ) (14336 -447 384 ) (14336 -447 107 ) 
4 59 62 (14336 -447 32 ) (15012 -447 32 ) (15012 -447 104 ) (14336 -447 104 ) 
4 60 61 (15024 -447 384 ) (15024 -447 107 ) (15024 -448 107 ) (15024 -448 384 ) 
4 60 62 (15024 -447 104 ) (15024 -447 32 ) (15024 -448 32 ) (15024 -448 104 ) 
4 61 64 (14336 -448 107 ) (14336 -448 384 ) (14336 -447 384 ) (14336 -447 107 ) 
4 62 65 (14336 -447 32 ) (14336 -448 32 ) (14336 -448 104 ) (14336 -447 104 ) 
4 63 70 (13312 -447 384 ) (13312 0 384 ) (13312 0 104 ) (13312 -447 104 ) 
4 63 65 (13312 -447 104 ) (13312 0 104 ) (14336 0 104 ) (14336 -447 104 ) 
4 63 64 (14336 -447 107 ) (14336 -447 384 ) (13312 -447 384 ) (13312 -447 107 ) 
4 64 71 (13312 -448 107 ) (13312 -448 384 ) (13312 -447 384 ) (13312 -447 107 ) 
4 65 72 (13312 -448 32 ) (13312 -448 104 ) (13312 0 104 ) (13312 0 32 ) 
4 66 72 (13312 0 32 ) (13312 0 104 ) (12288 0 104 ) (12288 0 32 ) 
4 66 70 (13312 0 104 ) (13312 0 384 ) (12288 0 384 ) (12288 0 104 ) 
4 66 67 (12288 0 32 ) (12288 0 384 ) (12288 702.518982 384 ) (12288 702.518982 32 ) 
4 67 75 (12288 0 32 ) (12288 0 104 ) (11264 0 104 ) (11264 0 32 ) 
4 67 73 (12288 0 104 ) (12288 0 384 ) (11264 0 384 ) (11264 0 104 ) 
4 67 68 (11264 0 32 ) (11264 0 384 ) (11264 702.518982 384 ) (11264 702.518982 32 ) 
4 68 78 (11264 0 32 ) (11264 0 104 ) (10240 0 104 ) (10240 0 32 ) 
4 68 76 (11264 0 104 ) (11264 0 384 ) (10240 0 384 ) (10240 0 104 ) 
4 68 69 (10240 0 32 ) (10240 0 384 ) (10240 702.518982 384 ) (10240 702.518982 32 ) 
4 69 82 (9216 0 32 ) (9216 0 384 ) (9216 702.518982 384 ) (9216 702.518982 32 ) 
4 69 81 (9216 0 104 ) (9216 0 32 ) (10240 0 32 ) (10240 0 104 ) 
4 69 79 (9216 0 384 ) (9216 0 104 ) (10240 0 104 ) (10240 0 384 ) 
4 70 73 (12288 0 384 ) (12288 0 104 ) (12288 -447 104 ) (12288 -447 384 ) 
4 70 72 (12288 -447 104 ) (12288 0 104 ) (13312 0 104 ) (13312 -447 104 ) 
4 70 71 (13312 -447 107 ) (13312 -447 384 ) (12288 -447 384 ) (12288 -447 107 ) 
4 71 74 (12288 -448 107 ) (12288 -448 384 ) (12288 -447 384 ) (12288 -447 107 ) 
4 72 75 (12288 0 104 ) (12288 0 32 ) (12288 -448 32 ) (12288 -448 104 ) 
4 73 76 (11264 0 384 ) (11264 0 104 ) (11264 -447 104 ) (11264 -447 384 ) 
4 73 75 (11264 -447 104 ) (11264 0 104 ) (12288 0 104 ) (12288 -447 104 ) 
4 73 74 (12288 -447 107 ) (12288 -447 384 ) (11264 -447 384 ) (11264 -447 107 ) 
4 74 77 (11264 -448 107 ) (11264 -448 384 ) (11264 -447 384 ) (11264 -447 107 ) 
4 75 78 (11264 0 104 ) (11264 0 32 ) (11264 -448 32 ) (11264 -448 104 ) 
4 76 79 (10240 0 384 ) (10240 0 104 ) (10240 -447 104 ) (10240 -447 384 ) 
4 76 78 (10240 -447 104 ) (10240 0 104 ) (11264 0 104 ) (11264 -447 104 ) 
4 76 77 (11264 -447 107 ) (11264 -447 384 ) (10240 -447 384 ) (10240 -447 107 ) 
4 77 80 (10240 -448 107 ) (10240 -448 384 ) (10240 -447 384 ) (10240 -447 107 ) 
4 78 81 (10240 0 104 ) (10240 0 32 ) (10240 -448 32 ) (10240 -448 104 ) 
4 79 86 (9216 -447 384 ) (9216 0 384 ) (9216 0 104 ) (9216 -447 104 ) 
4 79 81 (9216 -447 104 ) (9216 0 104 ) (10240 0 104 ) (10240 -447 104 ) 
4 79 80 (10240 -447 107 ) (10240 -447 384 ) (9216 -447 384 ) (9216 -447 107 ) 
4 80 87 (9216 -448 107 ) (9216 -448 384 ) (9216 -447 384 ) (9216 -447 107 ) 
4 81 88 (9216 -448 32 ) (9216 -448 104 ) (9216 0 104 ) (9216 0 32 ) 
4 82 88 (9216 0 32 ) (9216 0 104 ) (8192 0 104 ) (8192 0 32 ) 
4 82 86 (9216 0 104 ) (9216 0 384 ) (8192 0 384 ) (8192 0 104 ) 
4 82 83 (8192 0 32 ) (8192 0 384 ) (8192 702.518982 384 ) (8192 702.518982 32 ) 
4 83 91 (8192 0 32 ) (8192 0 104 ) (7168 0 104 ) (7168 0 32 ) 
4 83 89 (8192 0 104 ) (8192 0 384 ) (7168 0 384 ) (7168 0 104 ) 
4 83 84 (7168 0 32 ) (7168 0 384 ) (7168 702.518982 384 ) (7168 702.518982 32 ) 
4 84 94 (7168 0 32 ) (7168 0 104 ) (6144 0 104 ) (6144 0 32 ) 
4 84 92 (7168 0 104 ) (7168 0 384 ) (6144 0 384 ) (6144 0 104 ) 
4 84 85 (6144 0 32 ) (6144 0 384 ) (6144 702.518982 384 ) (6144 702.518982 32 ) 
4 85 98 (5120 0 32 ) (5120 0 384 ) (5120 702.518982 384 ) (5120 702.518982 32 ) 
4 85 97 (6144 0 32 ) (6144 0 104 ) (5120 0 104 ) (5120 0 32 ) 
4 85 95 (6144 0 104 ) (6144 0 384 ) (5120 0 384 ) (5120 0 104 ) 
4 86 89 (8192 0 384 ) (8192 0 104 ) (8192 -447 104 ) (8192 -447 384 ) 
4 86 88 (8192 -447 104 ) (8192 0 104 ) (9216 0 104 ) (9216 -447 104 ) 
4 86 87 (9216 -447 107 ) (9216 -447 384 ) (8192 -447 384 ) (8192 -447 107 ) 
4 87 90 (8192 -448 107 ) (8192 -448 384 ) (8192 -447 384 ) (8192 -447 107 ) 
4 88 91 (8192 0 104 ) (8192 0 32 ) (8192 -448 32 ) (8192 -448 104 ) 
4 89 92 (7168 0 384 ) (7168 0 104 ) (7168 -447 104 ) (7168 -447 384 ) 
4 89 91 (7168 -447 104 ) (7168 0 104 ) (8192 0 104 ) (8192 -447 104 ) 
4 89 90 (8192 -447 107 ) (8192 -447 384 ) (7168 -447 384 ) (7168 -447 107 ) 
4 90 93 (7168 -448 107 ) (7168 -448 384 ) (7168 -447 384 ) (7168 -447 107 ) 
4 91 94 (7168 0 104 ) (7168 0 32 ) (7168 -448 32 ) (7168 -448 104 ) 
4 92 95 (6144 0 384 ) (6144 0 104 ) (6144 -447 104 ) (6144 -447 384 ) 
4 92 94 (6144 -447 104 ) (6144 0 104 ) (7168 0 104 ) (7168 -447 104 ) 
4 92 93 (7168 -447 107 ) (7168 -447 384 ) (6144 -447 384 ) (6144 -447 107 ) 
4 93 96 (6144 -448 107 ) (6144 -448 384 ) (6144 -447 384 ) (6144 -447 107 ) 
4 94 97 (6144 0 104 ) (6144 0 32 ) (6144 -448 32 ) (6144 -448 104 ) 
4 95 102 (5120 -447 384 ) (5120 0 384 ) (5120 0 104 ) (5120 -447 104 ) 
4 95 97 (5120 -447 104 ) (5120 0 104 ) (6144 0 104 ) (6144 -447 104 ) 
4 95 96 (6144 -447 107 ) (6144 -447 384 ) (5120 -447 384 ) (5120 -447 107 ) 
4 96 103 (5120 -448 107 ) (5120 -448 384 ) (5120 -447 384 ) (5120 -447 107 ) 
4 97 104 (5120 -448 32 ) (5120 -448 104 ) (5120 0 104 ) (5120 0 32 ) 
4 98 104 (5120 0 32 ) (5120 0 104 ) (4096 0 104 ) (4096 0 32 ) 
4 98 102 (5120 0 104 ) (5120 0 384 ) (4096 0 384 ) (4096 0 104 ) 
4 98 99 (4096 0 32 ) (4096 0 384 ) (4096 702.518982 384 ) (4096 702.518982 32 ) 
4 99 107 (4096 0 32 ) (4096 0 104 ) (3072 0 104 ) (3072 0 32 ) 
4 99 105 (4096 0 104 ) (4096 0 384 ) (3072 0 384 ) (3072 0 104 ) 
4 99 100 (3072 0 32 ) (3072 0 384 ) (3072 702.518982 384 ) (3072 702.518982 32 ) 
4 100 110 (3072 0 32 ) (3072 0 104 ) (2048 0 104 ) (2048 0 32 ) 
4 100 108 (3072 0 104 ) (3072 0 384 ) (2048 0 384 ) (2048 0 104 ) 
4 100 101 (2048 0 32 ) (2048 0 384 ) (2048 702.518982 384 ) (2048 702.518982 32 ) 
4 101 114 (1024 0 32 ) (1024 0 384 ) (1024 702.518982 384 ) (1024 702.518982 32 ) 
4 101 113 (2048 0 32 ) (2048 0 104 ) (1024 0 104 ) (1024 0 32 ) 
4 101 111 (2048 0 104 ) (2048 0 384 ) (1024 0 384 ) (1024 0 104 ) 
4 102 105 (4096 0 384 ) (4096 0 104 ) (4096 -447 104 ) (4096 -447 384 ) 
4 102 104 (4096 -447 104 ) (4096 0 104 ) (5120 0 104 ) (5120 -447 104 ) 
4 102 103 (5120 -447 107 ) (5120 -447 384 ) (4096 -447 384 ) (4096 -447 107 ) 
4 103 106 (4096 -448 107 ) (4096 -448 384 ) (4096 -447 384 ) (4096 -447 107 ) 
4 104 107 (4096 0 104 ) (4096 0 32 ) (4096 -448 32 ) (4096 -448 104 ) 
4 105 108 (3072 0 384 ) (3072 0 104 ) (3072 -447 104 ) (3072 -447 384 ) 
4 105 107 (3072 -447 104 ) (3072 0 104 ) (4096 0 104 ) (4096 -447 104 ) 
4 105 106 (4096 -447 107 ) (4096 -447 384 ) (3072 -447 384 ) (3072 -447 107 ) 
4 106 109 (3072 -448 107 ) (3072 -448 384 ) (3072 -447 384 ) (3072 -447 107 ) 
4 107 110 (3072 0 104 ) (3072 0 32 ) (3072 -448 32 ) (3072 -448 104 ) 
4 108 111 (2048 0 384 ) (2048 0 104 ) (2048 -447 104 ) (2048 -447 384 ) 
4 108 110 (2048 -447 104 ) (2048 0 104 ) (3072 0 104 ) (3072 -447 104 ) 
4 108 109 (3072 -447 107 ) (3072 -447 384 ) (2048 -447 384 ) (2048 -447 107 ) 
4 109 112 (2048 -448 107 ) (2048 -448 384 ) (2048 -447 384 ) (2048 -447 107 ) 
4 110 113 (2048 0 104 ) (2048 0 32 ) (2048 -448 32 ) (2048 -448 104 ) 
4 111 118 (1024 -447 384 ) (1024 0 384 ) (1024 0 104 ) (1024 -447 104 ) 
4 111 113 (1024 -447 104 ) (1024 0 104 ) (2048 0 104 ) (2048 -447 104 ) 
4 111 112 (2048 -447 107 ) (2048 -447 384 ) (1024 -447 384 ) (1024 -447 107 ) 
4 112 119 (1024 -448 107 ) (1024 -448 384 ) (1024 -447 384 ) (1024 -447 107 ) 
4 113 120 (1024 -448 32 ) (1024 -448 104 ) (1024 0 104 ) (1024 0 32 ) 
4 114 120 (1024 0 32 ) (1024 0 104 ) (0 0 104 ) (0 0 32 ) 
4 114 118 (1024 0 104 ) (1024 0 384 ) (0 0 384 ) (0 0 104 ) 
4 114 115 (0 0 32 ) (0 0 384 ) (0 702.518982 384 ) (0 702.518982 32 ) 
4 115 123 (0 0 32 ) (0 0 104 ) (-1024 0 104 ) (-1024 0 32 ) 
4 115 121 (0 0 104 ) (0 0 384 ) (-1024 0 384 ) (-1024 0 104 ) 
4 115 116 (-1024 0 32 ) (-1024 0 384 ) (-1024 702.518982 384 ) (-1024 702.518982 32 ) 
4 116 126 (-1024 0 32 ) (-1024 0 104 ) (-2048 0 104 ) (-2048 0 32 ) 
4 116 124 (-1024 0 104 ) (-1024 0 384 ) (-2048 0 384 ) (-2048 0 104 ) 
4 116 117 (-2048 0 32 ) (-2048 0 384 ) (-2048 702.518982 384 ) (-2048 702.518982 32 ) 
4 117 130 (-3072 0 32 ) (-3072 0 384 ) (-3072 702.518982 384 ) (-3072 702.518982 32 ) 
4 117 129 (-2048 0 32 ) (-2048 0 104 ) (-3072 0 104 ) (-3072 0 32 ) 
4 117 127 (-2048 0 104 ) (-2048 0 384 ) (-3072 0 384 ) (-3072 0 104 ) 
4 118 121 (0 0 384 ) (0 0 104 ) (0 -447 104 ) (0 -447 384 ) 
4 118 120 (0 -447 104 ) (0 0 104 ) (1024 0 104 ) (1024 -447 104 ) 
4 118 119 (1024 -447 107 ) (1024 -447 384 ) (0 -447 384 ) (0 -447 107 ) 
4 119 122 (0 -448 107 ) (0 -448 384 ) (0 -447 384 ) (0 -447 107 ) 
4 120 123 (0 0 104 ) (0 0 32 ) (0 -448 32 ) (0 -448 104 ) 
4 121 124 (-1024 0 384 ) (-1024 0 104 ) (-1024 -447 104 ) (-1024 -447 384 ) 
4 121 123 (-1024 -447 104 ) (-1024 0 104 ) (0 0 104 ) (0 -447 104 ) 
4 121 122 (0 -447 107 ) (0 -447 384 ) (-1024 -447 384 ) (-1024 -447 107 ) 
4 122 125 (-1024 -448 107 ) (-1024 -448 384 ) (-1024 -447 384 ) (-1024 -447 107 ) 
4 123 126 (-1024 0 104 ) (-1024 0 32 ) (-1024 -448 32 ) (-1024 -448 104 ) 
4 124 127 (-2048 0 384 ) (-2048 0 104 ) (-2048 -447 104 ) (-2048 -447 384 ) 
4 124 126 (-2048 -447 104 ) (-2048 0 104 ) (-1024 0 104 ) (-1024 -447 104 ) 
4 124 125 (-1024 -447 107 ) (-1024 -447 384 ) (-2048 -447 384 ) (-2048 -447 107 ) 
4 125 128 (-2048 -448 107 ) (-2048 -448 384 ) (-2048 -447 384 ) (-2048 -447 107 ) 
4 126 129 (-2048 0 104 ) (-2048 0 32 ) (-2048 -448 32 ) (-2048 -448 104 ) 
4 127 134 (-3072 -447 384 ) (-3072 0 384 ) (-3072 0 104 ) (-3072 -447 104 ) 
4 127 129 (-3072 -447 104 ) (-3072 0 104 ) (-2048 0 104 ) (-2048 -447 104 ) 
4 127 128 (-2048 -447 107 ) (-2048 -447 384 ) (-3072 -447 384 ) (-3072 -447 107 ) 
4 128 135 (-3072 -448 107 ) (-3072 -448 384 ) (-3072 -447 384 ) (-3072 -447 107 ) 
4 129 136 (-3072 -448 32 ) (-3072 -448 104 ) (-3072 0 104 ) (-3072 0 32 ) 
4 130 136 (-3072 0 32 ) (-3072 0 104 ) (-4096 0 104 ) (-4096 0 32 ) 
4 130 134 (-3072 0 104 ) (-3072 0 384 ) (-4096 0 384 ) (-4096 0 104 ) 
4 130 131 (-4096 0 32 ) (-4096 0 384 ) (-4096 702.518982 384 ) (-4096 702.518982 32 ) 
4 131 139 (-4096 0 32 ) (-4096 0 104 ) (-5120 0 104 ) (-5120 0 32 ) 
4 131 137 (-4096 0 104 ) (-4096 0 384 ) (-5120 0 384 ) (-5120 0 104 ) 
4 131 132 (-5120 0 32 ) (-5120 0 384 ) (-5120 702.518982 384 ) (-5120 702.518982 32 ) 
4 132 142 (-5120 0 32 ) (-5120 0 104 ) (-6144 0 104 ) (-6144 0 32 ) 
4 132 140 (-5120 0 104 ) (-5120 0 384 ) (-6144 0 384 ) (-6144 0 104 ) 
4 132 133 (-6144 0 32 ) (-6144 0 384 ) (-6144 702.518982 384 ) (-6144 702.518982 32 ) 
4 133 146 (-7168 0 32 ) (-7168 0 384 ) (-7168 702.518982 384 ) (-7168 702.518982 32 ) 
4 133 145 (-7168 0 104 ) (-7168 0 32 ) (-6144 0 32 ) (-6144 0 104 ) 
4 133 143 (-7168 0 384 ) (-7168 0 104 ) (-6144 0 104 ) (-6144 0 384 ) 
4 134 137 (-4096 0 384 ) (-4096 0 104 ) (-4096 -447 104 ) (-4096 -447 384 ) 
4 134 136 (-4096 -447 104 ) (-4096 0 104 ) (-3072 0 104 ) (-3072 -447 104 ) 
4 134 135 (-3072 -447 107 ) (-3072 -447 384 ) (-4096 -447 384 ) (-4096 -447 107 ) 
4 135 138 (-4096 -448 107 ) (-4096 -448 384 ) (-4096 -447 384 ) (-4096 -447 107 ) 
4 136 139 (-4096 0 104 ) (-4096 0 32 ) (-4096 -448 32 ) (-4096 -448 104 ) 
4 137 140 (-5120 0 384 ) (-5120 0 104 ) (-5120 -447 104 ) (-5120 -447 384 ) 
4 137 139 (-5120 -447 104 ) (-5120 0 104 ) (-4096 0 104 ) (-4096 -447 104 ) 
4 137 138 (-4096 -447 107 ) (-4096 -447 384 ) (-5120 -447 384 ) (-5120 -447 107 ) 
4 138 141 (-5120 -448 107 ) (-5120 -448 384 ) (-5120 -447 384 ) (-5120 -447 107 ) 
4 139 142 (-5120 0 104 ) (-5120 0 32 ) (-5120 -448 32 ) (-5120 -448 104 ) 
4 140 143 (-6144 0 384 ) (-6144 0 104 ) (-6144 -447 104 ) (-6144 -447 384 ) 
4 140 142 (-6144 -447 104 ) (-6144 0 104 ) (-5120 0 104 ) (-5120 -447 104 ) 
4 140 141 (-5120 -447 107 ) (-5120 -447 384 ) (-6144 -447 384 ) (-6144 -447 107 ) 
4 141 144 (-6144 -448 107 ) (-6144 -448 384 ) (-6144 -447 384 ) (-6144 -447 107 ) 
4 142 145 (-6144 0 104 ) (-6144 0 32 ) (-6144 -448 32 ) (-6144 -448 104 ) 
4 143 150 (-7168 -447 384 ) (-7168 0 384 ) (-7168 0 104 ) (-7168 -447 104 ) 
4 143 145 (-7168 -447 104 ) (-7168 0 104 ) (-6144 0 104 ) (-6144 -447 104 ) 
4 143 144 (-6144 -447 107 ) (-6144 -447 384 ) (-7168 -447 384 ) (-7168 -447 107 ) 
4 144 151 (-7168 -448 107 ) (-7168 -448 384 ) (-7168 -447 384 ) (-7168 -447 107 ) 
4 145 152 (-7168 -448 32 ) (-7168 -448 104 ) (-7168 0 104 ) (-7168 0 32 ) 
4 146 152 (-7168 0 32 ) (-7168 0 104 ) (-8192 0 104 ) (-8192 0 32 ) 
4 146 150 (-7168 0 104 ) (-7168 0 384 ) (-8192 0 384 ) (-8192 0 104 ) 
4 146 147 (-8192 0 32 ) (-8192 0 384 ) (-8192 702.518982 384 ) (-8192 702.518982 32 ) 
4 147 155 (-8192 0 32 ) (-8192 0 104 ) (-9216 0 104 ) (-9216 0 32 ) 
4 147 153 (-8192 0 104 ) (-8192 0 384 ) (-9216 0 384 ) (-9216 0 104 ) 
4 147 148 (-9216 0 32 ) (-9216 0 384 ) (-9216 702.518982 384 ) (-9216 702.518982 32 ) 
4 148 158 (-9216 0 32 ) (-9216 0 104 ) (-10240 0 104 ) (-10240 0 32 ) 
4 148 156 (-9216 0 104 ) (-9216 0 384 ) (-10240 0 384 ) (-10240 0 104 ) 
4 148 149 (-10240 0 32 ) (-10240 0 384 ) (-10240 702.518982 384 ) (-10240 702.518982 32 ) 
4 149 162 (-11264 0 32 ) (-11264 0 384 ) (-11264 702.518982 384 ) (-11264 702.518982 32 ) 
4 149 161 (-10240 0 32 ) (-10240 0 104 ) (-11264 0 104 ) (-11264 0 32 ) 
4 149 159 (-10240 0 104 ) (-10240 0 384 ) (-11264 0 384 ) (-11264 0 104 ) 
4 150 153 (-8192 0 384 ) (-8192 0 104 ) (-8192 -447 104 ) (-8192 -447 384 ) 
4 150 152 (-8192 -447 104 ) (-8192 0 104 ) (-7168 0 104 ) (-7168 -447 104 ) 
4 150 151 (-7168 -447 107 ) (-7168 -447 384 ) (-8192 -447 384 ) (-8192 -447 107 ) 
4 151 154 (-8192 -448 107 ) (-8192 -448 384 ) (-8192 -447 384 ) (-8192 -447 107 ) 
4 152 155 (-8192 0 104 ) (-8192 0 32 ) (-8192 -448 32 ) (-8192 -448 104 ) 
4 153 156 (-9216 0 384 ) (-9216 0 104 ) (-9216 -447 104 ) (-9216 -447 384 ) 
4 153 155 (-9216 -447 104 ) (-9216 0 104 ) (-8192 0 104 ) (-8192 -447 104 ) 
4 153 154 (-8192 -447 107 ) (-8192 -447 384 ) (-9216 -447 384 ) (-9216 -447 107 ) 
4 154 157 (-9216 -448 107 ) (-9216 -448 384 ) (-9216 -447 384 ) (-9216 -447 107 ) 
4 155 158 (-9216 0 104 ) (-9216 0 32 ) (-9216 -448 32 ) (-9216 -448 104 ) 
4 156 159 (-10240 0 384 ) (-10240 0 104 ) (-10240 -447 104 ) (-10240 -447 384 ) 
4 156 158 (-10240 -447 104 ) (-10240 0 104 ) (-9216 0 104 ) (-9216 -447 104 ) 
4 156 157 (-9216 -447 107 ) (-9216 -447 384 ) (-10240 -447 384 ) (-10240 -447 107 ) 
4 157 160 (-10240 -448 107 ) (-10240 -448 384 ) (-10240 -447 384 ) (-10240 -447 107 ) 
4 158 161 (-10240 0 104 ) (-10240 0 32 ) (-10240 -448 32 ) (-10240 -448 104 ) 
4 159 164 (-11264 -447 384 ) (-11264 0 384 ) (-11264 0 104 ) (-11264 -447 104 ) 
4 159 161 (-11264 -447 104 ) (-11264 0 104 ) (-10240 0 104 ) (-10240 -447 104 ) 
4 159 160 (-10240 -447 107 ) (-10240 -447 384 ) (-11264 -447 384 ) (-11264 -447 107 ) 
4 160 165 (-11264 -448 107 ) (-11264 -448 384 ) (-11264 -447 384 ) (-11264 -447 107 ) 
4 161 166 (-11264 -448 32 ) (-11264 -448 104 ) (-11264 0 104 ) (-11264 0 32 ) 
4 162 166 (-11264 0 32 ) (-11264 0 104 ) (-12288 0 104 ) (-12288 0 32 ) 
4 162 164 (-11264 0 104 ) (-11264 0 384 ) (-12288 0 384 ) (-12288 0 104 ) 
4 162 163 (-12288 0 32 ) (-12288 0 384 ) (-12288 702.518982 384 ) (-12288 702.518982 32 ) 
4 163 170 (-13312 0 32 ) (-13312 0 384 ) (-13312 702.518982 384 ) (-13312 702.518982 32 ) 
4 163 169 (-12288 0 32 ) (-12288 0 104 ) (-13312 0 104 ) (-13312 0 32 ) 
4 163 167 (-12288 0 104 ) (-12288 0 384 ) (-13312 0 384 ) (-13312 0 104 ) 
4 164 167 (-12288 -447 384 ) (-12288 0 384 ) (-12288 0 104 ) (-12288 -447 104 ) 
4 164 166 (-12288 -447 104 ) (-12288 0 104 ) (-11264 0 104 ) (-11264 -447 104 ) 
4 164 165 (-11264 -447 107 ) (-11264 -447 384 ) (-12288 -447 384 ) (-12288 -447 107 ) 
4 165 168 (-12288 -448 107 ) (-12288 -448 384 ) (-12288 -447 384 ) (-12288 -447 107 ) 
4 166 169 (-12288 -448 32 ) (-12288 -448 104 ) (-12288 0 104 ) (-12288 0 32 ) 
4 167 171 (-13312 -447 384 ) (-13312 0 384 ) (-13312 0 104 ) (-13312 -447 104 ) 
4 167 169 (-13312 -447 104 ) (-13312 0 104 ) (-12288 0 104 ) (-12288 -447 104 ) 
4 167 168 (-12288 -447 107 ) (-12288 -447 384 ) (-13312 -447 384 ) (-13312 -447 107 ) 
4 168 172 (-13312 -448 107 ) (-13312 -448 384 ) (-13312 -447 384 ) (-13312 -447 107 ) 
4 169 173 (-13312 -448 32 ) (-13312 -448 104 ) (-13312 -447 104 ) (-13312 -447 32 ) 
4 169 171 (-13312 -447 104 ) (-13312 0 104 ) (-13312 0 32 ) (-13312 -447 32 ) 
4 170 171 (-13312 0 32 ) (-13312 0 384 ) (-14288 0 384 ) (-14288 0 32 ) 
4 170 174 (-14288 0 384 ) (-14288.401367 0 384 ) (-14288.401367 0 32 ) (-14288 0 32 ) 
4 171 172 (-14288 -447 384 ) (-14288 -447 107 ) (-13312 -447 107 ) (-13312 -447 384 ) 
4 171 173 (-14288 -447 104 ) (-14288 -447 32 ) (-13312 -447 32 ) (-13312 -447 104 ) 
4 171 174 (-14288 0 32 ) (-14288 -447 32 ) (-14288 -447 384 ) (-14288 0 384 ) 
4 172 174 (-14288 -448 107 ) (-14288 -448 384 ) (-14288 -447 384 ) (-14288 -447 107 ) 
4 173 174 (-14288 -447 32 ) (-14288 -448 32 ) (-14288 -448 104 ) (-14288 -447 104 ) 
