


materialPath: D:\Steam\steamapps\common\Counter-Strike Global Offensive\csgo\materials
Loading D:\OneDrive\Desktop\csgo\maps\kill achievements T\kill achievements CT - updated\kill_achievements_ct.vmf
Map revision 151
fixing up env_cubemap materials on brush sides...
0...1...2...3...4...5...6...7...8...9...100...1...2...3...4...5...6...7...8...9...10Processing areas...done (0)
Building Faces...done (0)
Chop Details...done (0)
Find Visible Detail Sides...done (0)
Merging details...done (0)
FixTjuncs...
PruneNodes...
WriteBSP...
done (0)
writing D:\OneDrive\Desktop\csgo\maps\kill achievements T\kill achievements CT - updated\kill_achievements_ct.prt...Building visibility clusters...
AutoVisClustering (threshold=-1) matched 0 leafs.
done (0)
Finding displacement neighbors...
Finding lightmap sample positions...
Displacement Alpha : 0...1...2...3...4...5...6...7...8...9...10
Building Physics collision data...
done (0) (9880 bytes)
Placing detail props : 0...1...2...3...4...5...6...7...8...9...10
Compacting texture/material tables...
Reduced 24 texinfos to 20
Reduced 4 texdatas to 4 (84 bytes to 84)
Writing D:\OneDrive\Desktop\csgo\maps\kill achievements T\kill achievements CT - updated\kill_achievements_ct.bsp
MSG_FILEWRITE - Filesystem was asked to write to 'd:\onedrive\desktop\csgo\maps\kill achievements t\kill achievements ct - updated\kill_achievements_ct.bsp', but we don't own that location. Allowing...
0 seconds elapsed



16 threads
reading d:\onedrive\desktop\csgo\maps\kill achievements t\kill achievements ct - updated\kill_achievements_ct.bsp
reading d:\onedrive\desktop\csgo\maps\kill achievements t\kill achievements ct - updated\kill_achievements_ct.prt
  10 portalclusters
  15 numportals
0...1...2...3...4...5...6...7...8...9...10Optimized: 0 visible clusters (0.00%)
Total clusters visible: 58
Average clusters visible: 5
Building PAS...
Average clusters audible: 5
visdatasize:124  compressed from 160
writing d:\onedrive\desktop\csgo\maps\kill achievements t\kill achievements ct - updated\kill_achievements_ct.bsp
MSG_FILEWRITE - Filesystem was asked to write to 'd:\onedrive\desktop\csgo\maps\kill achievements t\kill achievements ct - updated\kill_achievements_ct.bsp', but we don't own that location. Allowing...
0 seconds elapsed



[Reading texlights from 'lights.rad']
[17 texlights parsed from 'lights.rad']

Loading d:\onedrive\desktop\csgo\maps\kill achievements t\kill achievements ct - updated\kill_achievements_ct.bsp
68 faces
5741 square feet [826834.25 square inches]
0 Displacements
0 Square Feet [0.00 Square Inches]
68 patches before subdivision
470 patches after subdivision
5 direct lights
0...1...2...3...4...5...6...7...8...9...100...1...2...3...4...5...6...7...8...9...10transfers 14758, max 124
transfer lists:   0.1 megs
0...1...2...3...4...5...6...7...8...9...10	Bounce #1 added RGB(24042, 6758, 67)
0...1...2...3...4...5...6...7...8...9...10	Bounce #2 added RGB(16773, 1325, 0)
0...1...2...3...4...5...6...7...8...9...10	Bounce #3 added RGB(11413, 254, 0)
0...1...2...3...4...5...6...7...8...9...10	Bounce #4 added RGB(7807, 49, 0)
0...1...2...3...4...5...6...7...8...9...10	Bounce #5 added RGB(5329, 9, 0)
0...1...2...3...4...5...6...7...8...9...10	Bounce #6 added RGB(3643, 2, 0)
0...1...2...3...4...5...6...7...8...9...10	Bounce #7 added RGB(2492, 0, 0)
0...1...2...3...4...5...6...7...8...9...10	Bounce #8 added RGB(1706, 0, 0)
0...1...2...3...4...5...6...7...8...9...10	Bounce #9 added RGB(1169, 0, 0)
0...1...2...3...4...5...6...7...8...9...10	Bounce #10 added RGB(802, 0, 0)
0...1...2...3...4...5...6...7...8...9...10	Bounce #11 added RGB(550, 0, 0)
0...1...2...3...4...5...6...7...8...9...10	Bounce #12 added RGB(378, 0, 0)
0...1...2...3...4...5...6...7...8...9...10	Bounce #13 added RGB(260, 0, 0)
0...1...2...3...4...5...6...7...8...9...10	Bounce #14 added RGB(178, 0, 0)
0...1...2...3...4...5...6...7...8...9...10	Bounce #15 added RGB(123, 0, 0)
0...1...2...3...4...5...6...7...8...9...10	Bounce #16 added RGB(84, 0, 0)
0...1...2...3...4...5...6...7...8...9...10	Bounce #17 added RGB(58, 0, 0)
0...1...2...3...4...5...6...7...8...9...10	Bounce #18 added RGB(40, 0, 0)
0...1...2...3...4...5...6...7...8...9...10	Bounce #19 added RGB(28, 0, 0)
0...1...2...3...4...5...6...7...8...9...10	Bounce #20 added RGB(19, 0, 0)
0...1...2...3...4...5...6...7...8...9...10	Bounce #21 added RGB(13, 0, 0)
0...1...2...3...4...5...6...7...8...9...10	Bounce #22 added RGB(9, 0, 0)
0...1...2...3...4...5...6...7...8...9...10	Bounce #23 added RGB(6, 0, 0)
0...1...2...3...4...5...6...7...8...9...10	Bounce #24 added RGB(4, 0, 0)
0...1...2...3...4...5...6...7...8...9...10	Bounce #25 added RGB(3, 0, 0)
0...1...2...3...4...5...6...7...8...9...10	Bounce #26 added RGB(2, 0, 0)
0...1...2...3...4...5...6...7...8...9...10	Bounce #27 added RGB(1, 0, 0)
0...1...2...3...4...5...6...7...8...9...10	Bounce #28 added RGB(1, 0, 0)
Build Patch/Sample Hash Table(s).....Done<0.0001 sec>
0...1...2...3...4...5...6...7...8...9...10FinalLightFace Done
0 of 0 (0% of) surface lights went in leaf ambient cubes.
0...1...2...3...4...5...6...7...8...9...10Writing leaf ambient...done
Ready to Finish

Object names       Objects/Maxobjs  Memory / Maxmem  Fullness 
------------       ---------------  ---------------  -------- 
models                   6/1024          288/49152    ( 0.6%) 
brushes                 24/8192          288/98304    ( 0.3%) 
brushsides             144/81920        1152/655360   ( 0.2%) 
planes                 144/65536        2880/1310720  ( 0.2%) 
vertexes               148/65536        1776/786432   ( 0.2%) 
nodes                   71/65536        2272/2097152  ( 0.1%) 
texinfos                20/12288        1440/884736   ( 0.2%) 
texdata                  4/4096          128/131072   ( 0.1%) 
dispinfos                0/0               0/0        ( 0.0%) 
disp_verts               0/0               0/0        ( 0.0%) 
disp_tris                0/0               0/0        ( 0.0%) 
disp_multiblend          0/0               0/0        ( 0.0%) 
disp_lmsamples           0/0               0/0        ( 0.0%) 
faces                   68/65536        3808/3670016  ( 0.1%) 
hdr faces                0/65536           0/3670016  ( 0.0%) 
origfaces               50/65536        2800/3670016  ( 0.1%) 
facebrushes              6/0              12/0        ( 0.0%) 
facebrushlists          68/0             272/0        ( 0.0%) 
leaves                  78/65536        2496/2097152  ( 0.1%) 
leaffaces               71/65536         142/131072   ( 0.1%) 
leafbrushes             47/65536          94/131072   ( 0.1%) 
areas                    3/1024           24/8192     ( 0.3%) 
surfedges              492/512000       1968/2048000  ( 0.1%) 
edges                  283/256000       1132/1024000  ( 0.1%) 
LDR worldlights          5/8192          500/819200   ( 0.1%) 
HDR worldlights          0/8192            0/819200   ( 0.0%) 
leafwaterdata            0/32768           0/393216   ( 0.0%) 
waterstrips              2/32768          20/327680   ( 0.0%) 
waterverts               0/65536           0/786432   ( 0.0%) 
waterindices            33/65536          66/131072   ( 0.1%) 
cubemapsamples           0/1024            0/16384    ( 0.0%) 
overlays                 0/1024            0/360448   ( 0.0%) 
LDR lightdata         [variable]       20132/0        ( 0.0%) 
HDR lightdata         [variable]           0/0        ( 0.0%) 
visdata               [variable]         124/16777216 ( 0.0%) 
entdata               [variable]        7943/393216   ( 2.0%) 
LDR ambient table       78/65536         312/262144   ( 0.1%) 
HDR ambient table       78/65536         312/262144   ( 0.1%) 
LDR leaf ambient        66/65536        1848/1835008  ( 0.1%) 
HDR leaf ambient        78/65536        2184/1835008  ( 0.1%) 
occluders                0/0               0/0        ( 0.0%) 
occluder polygons        0/0               0/0        ( 0.0%) 
occluder vert ind        0/0               0/0        ( 0.0%) 
detail props          [variable]           1/12       ( 8.3%) 
static props          [variable]           1/12       ( 8.3%) 
pakfile               [variable]       74478/0        ( 0.0%) 
physics               [variable]        9880/4194304  ( 0.2%) 
physics terrain       [variable]           2/1048576  ( 0.0%) 

Level flags = 7c

Total triangle count: 156
Writing d:\onedrive\desktop\csgo\maps\kill achievements t\kill achievements ct - updated\kill_achievements_ct.bsp
MSG_FILEWRITE - Filesystem was asked to write to 'd:\onedrive\desktop\csgo\maps\kill achievements t\kill achievements ct - updated\kill_achievements_ct.bsp', but we don't own that location. Allowing...
0 seconds elapsed



materialPath: D:\Steam\steamapps\common\Counter-Strike Global Offensive\csgo\materials
Loading D:\OneDrive\Desktop\csgo\maps\kill achievements T\kill achievements CT - updated\kill_achievements_ct.vmf
Map revision 152
fixing up env_cubemap materials on brush sides...
0...1...2...3...4...5...6...7...8...9...100...1...2...3...4...5...6...7...8...9...10Processing areas...done (0)
Building Faces...done (0)
Chop Details...done (0)
Find Visible Detail Sides...done (0)
Merging details...done (0)
FixTjuncs...
PruneNodes...
WriteBSP...
done (0)
writing D:\OneDrive\Desktop\csgo\maps\kill achievements T\kill achievements CT - updated\kill_achievements_ct.prt...Building visibility clusters...
AutoVisClustering (threshold=-1) matched 0 leafs.
done (0)
Finding displacement neighbors...
Finding lightmap sample positions...
Displacement Alpha : 0...1...2...3...4...5...6...7...8...9...10
Building Physics collision data...
done (0) (9880 bytes)
Placing detail props : 0...1...2...3...4...5...6...7...8...9...10
Compacting texture/material tables...
Reduced 24 texinfos to 20
Reduced 4 texdatas to 4 (84 bytes to 84)
Writing D:\OneDrive\Desktop\csgo\maps\kill achievements T\kill achievements CT - updated\kill_achievements_ct.bsp
MSG_FILEWRITE - Filesystem was asked to write to 'd:\onedrive\desktop\csgo\maps\kill achievements t\kill achievements ct - updated\kill_achievements_ct.bsp', but we don't own that location. Allowing...
0 seconds elapsed



16 threads
reading d:\onedrive\desktop\csgo\maps\kill achievements t\kill achievements ct - updated\kill_achievements_ct.bsp
reading d:\onedrive\desktop\csgo\maps\kill achievements t\kill achievements ct - updated\kill_achievements_ct.prt
  10 portalclusters
  15 numportals
0...1...2...3...4...5...6...7...8...9...10Optimized: 0 visible clusters (0.00%)
Total clusters visible: 58
Average clusters visible: 5
Building PAS...
Average clusters audible: 5
visdatasize:124  compressed from 160
writing d:\onedrive\desktop\csgo\maps\kill achievements t\kill achievements ct - updated\kill_achievements_ct.bsp
MSG_FILEWRITE - Filesystem was asked to write to 'd:\onedrive\desktop\csgo\maps\kill achievements t\kill achievements ct - updated\kill_achievements_ct.bsp', but we don't own that location. Allowing...
0 seconds elapsed



[Reading texlights from 'lights.rad']
[17 texlights parsed from 'lights.rad']

Loading d:\onedrive\desktop\csgo\maps\kill achievements t\kill achievements ct - updated\kill_achievements_ct.bsp
68 faces
5741 square feet [826834.25 square inches]
0 Displacements
0 Square Feet [0.00 Square Inches]
68 patches before subdivision
470 patches after subdivision
5 direct lights
0...1...2...3...4...5...6...7...8...9...100...1...2...3...4...5...6...7...8...9...10transfers 14758, max 124
transfer lists:   0.1 megs
0...1...2...3...4...5...6...7...8...9...10	Bounce #1 added RGB(24042, 6758, 67)
0...1...2...3...4...5...6...7...8...9...10	Bounce #2 added RGB(16773, 1325, 0)
0...1...2...3...4...5...6...7...8...9...10	Bounce #3 added RGB(11413, 254, 0)
0...1...2...3...4...5...6...7...8...9...10	Bounce #4 added RGB(7807, 49, 0)
0...1...2...3...4...5...6...7...8...9...10	Bounce #5 added RGB(5329, 9, 0)
0...1...2...3...4...5...6...7...8...9...10	Bounce #6 added RGB(3643, 2, 0)
0...1...2...3...4...5...6...7...8...9...10	Bounce #7 added RGB(2492, 0, 0)
0...1...2...3...4...5...6...7...8...9...10	Bounce #8 added RGB(1706, 0, 0)
0...1...2...3...4...5...6...7...8...9...10	Bounce #9 added RGB(1169, 0, 0)
0...1...2...3...4...5...6...7...8...9...10	Bounce #10 added RGB(802, 0, 0)
0...1...2...3...4...5...6...7...8...9...10	Bounce #11 added RGB(550, 0, 0)
0...1...2...3...4...5...6...7...8...9...10	Bounce #12 added RGB(378, 0, 0)
0...1...2...3...4...5...6...7...8...9...10	Bounce #13 added RGB(260, 0, 0)
0...1...2...3...4...5...6...7...8...9...10	Bounce #14 added RGB(178, 0, 0)
0...1...2...3...4...5...6...7...8...9...10	Bounce #15 added RGB(123, 0, 0)
0...1...2...3...4...5...6...7...8...9...10	Bounce #16 added RGB(84, 0, 0)
0...1...2...3...4...5...6...7...8...9...10	Bounce #17 added RGB(58, 0, 0)
0...1...2...3...4...5...6...7...8...9...10	Bounce #18 added RGB(40, 0, 0)
0...1...2...3...4...5...6...7...8...9...10	Bounce #19 added RGB(28, 0, 0)
0...1...2...3...4...5...6...7...8...9...10	Bounce #20 added RGB(19, 0, 0)
0...1...2...3...4...5...6...7...8...9...10	Bounce #21 added RGB(13, 0, 0)
0...1...2...3...4...5...6...7...8...9...10	Bounce #22 added RGB(9, 0, 0)
0...1...2...3...4...5...6...7...8...9...10	Bounce #23 added RGB(6, 0, 0)
0...1...2...3...4...5...6...7...8...9...10	Bounce #24 added RGB(4, 0, 0)
0...1...2...3...4...5...6...7...8...9...10	Bounce #25 added RGB(3, 0, 0)
0...1...2...3...4...5...6...7...8...9...10	Bounce #26 added RGB(2, 0, 0)
0...1...2...3...4...5...6...7...8...9...10	Bounce #27 added RGB(1, 0, 0)
0...1...2...3...4...5...6...7...8...9...10	Bounce #28 added RGB(1, 0, 0)
Build Patch/Sample Hash Table(s).....Done<0.0001 sec>
0...1...2...3...4...5...6...7...8...9...10FinalLightFace Done
0 of 0 (0% of) surface lights went in leaf ambient cubes.
0...1...2...3...4...5...6...7...8...9...10Writing leaf ambient...done
Ready to Finish

Object names       Objects/Maxobjs  Memory / Maxmem  Fullness 
------------       ---------------  ---------------  -------- 
models                   6/1024          288/49152    ( 0.6%) 
brushes                 24/8192          288/98304    ( 0.3%) 
brushsides             144/81920        1152/655360   ( 0.2%) 
planes                 144/65536        2880/1310720  ( 0.2%) 
vertexes               148/65536        1776/786432   ( 0.2%) 
nodes                   71/65536        2272/2097152  ( 0.1%) 
texinfos                20/12288        1440/884736   ( 0.2%) 
texdata                  4/4096          128/131072   ( 0.1%) 
dispinfos                0/0               0/0        ( 0.0%) 
disp_verts               0/0               0/0        ( 0.0%) 
disp_tris                0/0               0/0        ( 0.0%) 
disp_multiblend          0/0               0/0        ( 0.0%) 
disp_lmsamples           0/0               0/0        ( 0.0%) 
faces                   68/65536        3808/3670016  ( 0.1%) 
hdr faces                0/65536           0/3670016  ( 0.0%) 
origfaces               50/65536        2800/3670016  ( 0.1%) 
facebrushes              6/0              12/0        ( 0.0%) 
facebrushlists          68/0             272/0        ( 0.0%) 
leaves                  78/65536        2496/2097152  ( 0.1%) 
leaffaces               71/65536         142/131072   ( 0.1%) 
leafbrushes             47/65536          94/131072   ( 0.1%) 
areas                    3/1024           24/8192     ( 0.3%) 
surfedges              492/512000       1968/2048000  ( 0.1%) 
edges                  283/256000       1132/1024000  ( 0.1%) 
LDR worldlights          5/8192          500/819200   ( 0.1%) 
HDR worldlights          0/8192            0/819200   ( 0.0%) 
leafwaterdata            0/32768           0/393216   ( 0.0%) 
waterstrips              2/32768          20/327680   ( 0.0%) 
waterverts               0/65536           0/786432   ( 0.0%) 
waterindices            33/65536          66/131072   ( 0.1%) 
cubemapsamples           0/1024            0/16384    ( 0.0%) 
overlays                 0/1024            0/360448   ( 0.0%) 
LDR lightdata         [variable]       20132/0        ( 0.0%) 
HDR lightdata         [variable]           0/0        ( 0.0%) 
visdata               [variable]         124/16777216 ( 0.0%) 
entdata               [variable]        7945/393216   ( 2.0%) 
LDR ambient table       78/65536         312/262144   ( 0.1%) 
HDR ambient table       78/65536         312/262144   ( 0.1%) 
LDR leaf ambient        66/65536        1848/1835008  ( 0.1%) 
HDR leaf ambient        78/65536        2184/1835008  ( 0.1%) 
occluders                0/0               0/0        ( 0.0%) 
occluder polygons        0/0               0/0        ( 0.0%) 
occluder vert ind        0/0               0/0        ( 0.0%) 
detail props          [variable]           1/12       ( 8.3%) 
static props          [variable]           1/12       ( 8.3%) 
pakfile               [variable]       74478/0        ( 0.0%) 
physics               [variable]        9880/4194304  ( 0.2%) 
physics terrain       [variable]           2/1048576  ( 0.0%) 

Level flags = 7c

Total triangle count: 156
Writing d:\onedrive\desktop\csgo\maps\kill achievements t\kill achievements ct - updated\kill_achievements_ct.bsp
MSG_FILEWRITE - Filesystem was asked to write to 'd:\onedrive\desktop\csgo\maps\kill achievements t\kill achievements ct - updated\kill_achievements_ct.bsp', but we don't own that location. Allowing...
0 seconds elapsed
