


materialPath: D:\Steam\steamapps\common\Counter-Strike Global Offensive\csgo\materials
Loading D:\Desktop\csgo\hammer maps\Target-Hardened\achievement_target_hardened.vmf
Map revision 5
fixing up env_cubemap materials on brush sides...
0...1...2...3...4...5...6...7...8...9...100...1...2...3...4...5...6...7...8...9...10Processing areas...done (0)
Building Faces...done (0)
Chop Details...done (0)
Find Visible Detail Sides...done (0)
Merging details...done (0)
FixTjuncs...
PruneNodes...
WriteBSP...
done (0)
writing D:\Desktop\csgo\hammer maps\Target-Hardened\achievement_target_hardened.prt...Building visibility clusters...
AutoVisClustering (threshold=-1) matched 0 leafs.
done (0)
Finding displacement neighbors...
Finding lightmap sample positions...
Displacement Alpha : 0...1...2...3...4...5...6...7...8...9...10
Building Physics collision data...
done (0) (3839 bytes)
Placing detail props : 0...1...2...3...4...5...6...7...8...9...10
Compacting texture/material tables...
Reduced 15 texinfos to 8
Reduced 4 texdatas to 4 (78 bytes to 78)
Writing D:\Desktop\csgo\hammer maps\Target-Hardened\achievement_target_hardened.bsp
MSG_FILEWRITE - Filesystem was asked to write to 'd:\desktop\csgo\hammer maps\target-hardened\achievement_target_hardened.bsp', but we don't own that location. Allowing...
0 seconds elapsed



4 threads
reading d:\desktop\csgo\hammer maps\target-hardened\achievement_target_hardened.bsp
reading d:\desktop\csgo\hammer maps\target-hardened\achievement_target_hardened.prt
   1 portalclusters
   0 numportals
0...1...2...3...4...5...6...7...8...9...100...1...2...3...4...5...6...7...8...9...10Optimized: 0 visible clusters (0.00%)
Total clusters visible: 1
Average clusters visible: 1
Building PAS...
Average clusters audible: 1
visdatasize:14  compressed from 16
writing d:\desktop\csgo\hammer maps\target-hardened\achievement_target_hardened.bsp
MSG_FILEWRITE - Filesystem was asked to write to 'd:\desktop\csgo\hammer maps\target-hardened\achievement_target_hardened.bsp', but we don't own that location. Allowing...
0 seconds elapsed



[Reading texlights from 'lights.rad']
[17 texlights parsed from 'lights.rad']

Loading d:\desktop\csgo\hammer maps\target-hardened\achievement_target_hardened.bsp
12 faces
1502 square feet [216293.02 square inches]
0 Displacements
0 Square Feet [0.00 Square Inches]
12 patches before subdivision
114 patches after subdivision
0 direct lights
0...1...2...3...4...5...6...7...8...9...100...1...2...3...4...5...6...7...8...9...10transfers 2604, max 56
transfer lists:   0.0 megs
0...1...2...3...4...5...6...7...8...9...10	Bounce #1 added RGB(0, 0, 0)
Build Patch/Sample Hash Table(s).....Done<0.0000 sec>
0...1...2...3...4...5...6...7...8...9...10FinalLightFace Done
0 of 0 (0% of) surface lights went in leaf ambient cubes.
0...1...2...3...4...5...6...7...8...9...10Writing leaf ambient...done
Ready to Finish

Object names       Objects/Maxobjs  Memory / Maxmem  Fullness 
------------       ---------------  ---------------  -------- 
models                   2/1024           96/49152    ( 0.2%) 
brushes                  8/8192           96/98304    ( 0.1%) 
brushsides              48/81920         384/655360   ( 0.1%) 
planes                  68/65536        1360/1310720  ( 0.1%) 
vertexes                33/65536         396/786432   ( 0.1%) 
nodes                   16/65536         512/2097152  ( 0.0%) 
texinfos                 8/12288         576/884736   ( 0.1%) 
texdata                  4/4096          128/131072   ( 0.1%) 
dispinfos                0/0               0/0        ( 0.0%) 
disp_verts               0/0               0/0        ( 0.0%) 
disp_tris                0/0               0/0        ( 0.0%) 
disp_multiblend          0/0               0/0        ( 0.0%) 
disp_lmsamples           0/0               0/0        ( 0.0%) 
faces                   12/65536         672/3670016  ( 0.0%) 
hdr faces                0/65536           0/3670016  ( 0.0%) 
origfaces               12/65536         672/3670016  ( 0.0%) 
facebrushes              0/0               0/0        ( 0.0%) 
facebrushlists          12/0              48/0        ( 0.0%) 
leaves                  19/65536         608/2097152  ( 0.0%) 
leaffaces               12/65536          24/131072   ( 0.0%) 
leafbrushes              8/65536          16/131072   ( 0.0%) 
areas                    2/1024           16/8192     ( 0.2%) 
surfedges               96/512000        384/2048000  ( 0.0%) 
edges                   61/256000        244/1024000  ( 0.0%) 
LDR worldlights          0/8192            0/819200   ( 0.0%) 
HDR worldlights          0/8192            0/819200   ( 0.0%) 
leafwaterdata            0/32768           0/393216   ( 0.0%) 
waterstrips              0/32768           0/327680   ( 0.0%) 
waterverts               0/65536           0/786432   ( 0.0%) 
waterindices             0/65536           0/131072   ( 0.0%) 
cubemapsamples           0/1024            0/16384    ( 0.0%) 
overlays                 0/1024            0/360448   ( 0.0%) 
LDR lightdata         [variable]        6476/0        ( 0.0%) 
HDR lightdata         [variable]           0/0        ( 0.0%) 
visdata               [variable]          14/16777216 ( 0.0%) 
entdata               [variable]        2729/393216   ( 0.7%) 
LDR ambient table       19/65536          76/262144   ( 0.0%) 
HDR ambient table       19/65536          76/262144   ( 0.0%) 
LDR leaf ambient         7/65536         196/1835008  ( 0.0%) 
HDR leaf ambient        19/65536         532/1835008  ( 0.0%) 
occluders                0/0               0/0        ( 0.0%) 
occluder polygons        0/0               0/0        ( 0.0%) 
occluder vert ind        0/0               0/0        ( 0.0%) 
detail props          [variable]           1/12       ( 8.3%) 
static props          [variable]           1/12       ( 8.3%) 
pakfile               [variable]       74506/0        ( 0.0%) 
physics               [variable]        3839/4194304  ( 0.1%) 
physics terrain       [variable]           2/1048576  ( 0.0%) 

Level flags = 7c

Total triangle count: 24
Writing d:\desktop\csgo\hammer maps\target-hardened\achievement_target_hardened.bsp
MSG_FILEWRITE - Filesystem was asked to write to 'd:\desktop\csgo\hammer maps\target-hardened\achievement_target_hardened.bsp', but we don't own that location. Allowing...
0 seconds elapsed



materialPath: D:\Steam\steamapps\common\Counter-Strike Global Offensive\csgo\materials
Loading D:\Desktop\csgo\hammer maps\Target-Hardened\achievement_target_hardened.vmf
Map revision 9
fixing up env_cubemap materials on brush sides...
0...1...2...3...4...5...6...7...8...9...100...1...2...3...4...5...6...7...8...9...10Processing areas...done (0)
Building Faces...done (0)
Chop Details...done (0)
Find Visible Detail Sides...done (0)
Merging details...done (0)
FixTjuncs...
PruneNodes...
WriteBSP...
done (0)
writing D:\Desktop\csgo\hammer maps\Target-Hardened\achievement_target_hardened.prt...Building visibility clusters...
AutoVisClustering (threshold=-1) matched 0 leafs.
done (0)
Finding displacement neighbors...
Finding lightmap sample positions...
Displacement Alpha : 0...1...2...3...4...5...6...7...8...9...10
Building Physics collision data...
done (0) (4392 bytes)
Placing detail props : 0...1...2...3...4...5...6...7...8...9...10
Compacting texture/material tables...
Reduced 18 texinfos to 11
Reduced 4 texdatas to 4 (78 bytes to 78)
Writing D:\Desktop\csgo\hammer maps\Target-Hardened\achievement_target_hardened.bsp
MSG_FILEWRITE - Filesystem was asked to write to 'd:\desktop\csgo\hammer maps\target-hardened\achievement_target_hardened.bsp', but we don't own that location. Allowing...
0 seconds elapsed



4 threads
reading d:\desktop\csgo\hammer maps\target-hardened\achievement_target_hardened.bsp
reading d:\desktop\csgo\hammer maps\target-hardened\achievement_target_hardened.prt
   1 portalclusters
   0 numportals
0...1...2...3...4...5...6...7...8...9...100...1...2...3...4...5...6...7...8...9...10Optimized: 0 visible clusters (0.00%)
Total clusters visible: 1
Average clusters visible: 1
Building PAS...
Average clusters audible: 1
visdatasize:14  compressed from 16
writing d:\desktop\csgo\hammer maps\target-hardened\achievement_target_hardened.bsp
MSG_FILEWRITE - Filesystem was asked to write to 'd:\desktop\csgo\hammer maps\target-hardened\achievement_target_hardened.bsp', but we don't own that location. Allowing...
0 seconds elapsed



[Reading texlights from 'lights.rad']
[17 texlights parsed from 'lights.rad']

Loading d:\desktop\csgo\hammer maps\target-hardened\achievement_target_hardened.bsp
18 faces
1650 square feet [237605.02 square inches]
0 Displacements
0 Square Feet [0.00 Square Inches]
18 patches before subdivision
120 patches after subdivision
20 direct lights
0...1...2...3...4...5...6...7...8...9...100...1...2...3...4...5...6...7...8...9...10transfers 2730, max 56
transfer lists:   0.0 megs
0...1...2...3...4...5...6...7...8...9...10	Bounce #1 added RGB(7399, 2080, 21)
0...1...2...3...4...5...6...7...8...9...10	Bounce #2 added RGB(5273, 417, 0)
0...1...2...3...4...5...6...7...8...9...10	Bounce #3 added RGB(3336, 74, 0)
0...1...2...3...4...5...6...7...8...9...10	Bounce #4 added RGB(2197, 14, 0)
0...1...2...3...4...5...6...7...8...9...10	Bounce #5 added RGB(1430, 3, 0)
0...1...2...3...4...5...6...7...8...9...10	Bounce #6 added RGB(934, 0, 0)
0...1...2...3...4...5...6...7...8...9...10	Bounce #7 added RGB(609, 0, 0)
0...1...2...3...4...5...6...7...8...9...10	Bounce #8 added RGB(397, 0, 0)
0...1...2...3...4...5...6...7...8...9...10	Bounce #9 added RGB(259, 0, 0)
0...1...2...3...4...5...6...7...8...9...10	Bounce #10 added RGB(169, 0, 0)
0...1...2...3...4...5...6...7...8...9...10	Bounce #11 added RGB(110, 0, 0)
0...1...2...3...4...5...6...7...8...9...10	Bounce #12 added RGB(72, 0, 0)
0...1...2...3...4...5...6...7...8...9...10	Bounce #13 added RGB(47, 0, 0)
0...1...2...3...4...5...6...7...8...9...10	Bounce #14 added RGB(31, 0, 0)
0...1...2...3...4...5...6...7...8...9...10	Bounce #15 added RGB(20, 0, 0)
0...1...2...3...4...5...6...7...8...9...10	Bounce #16 added RGB(13, 0, 0)
0...1...2...3...4...5...6...7...8...9...10	Bounce #17 added RGB(9, 0, 0)
0...1...2...3...4...5...6...7...8...9...10	Bounce #18 added RGB(6, 0, 0)
0...1...2...3...4...5...6...7...8...9...10	Bounce #19 added RGB(4, 0, 0)
0...1...2...3...4...5...6...7...8...9...10	Bounce #20 added RGB(2, 0, 0)
0...1...2...3...4...5...6...7...8...9...10	Bounce #21 added RGB(2, 0, 0)
0...1...2...3...4...5...6...7...8...9...10	Bounce #22 added RGB(1, 0, 0)
0...1...2...3...4...5...6...7...8...9...10	Bounce #23 added RGB(1, 0, 0)
Build Patch/Sample Hash Table(s).....Done<0.0000 sec>
0...1...2...3...4...5...6...7...8...9...10FinalLightFace Done
0 of 0 (0% of) surface lights went in leaf ambient cubes.
0...1...2...3...4...5...6...7...8...9...10Writing leaf ambient...done
Ready to Finish

Object names       Objects/Maxobjs  Memory / Maxmem  Fullness 
------------       ---------------  ---------------  -------- 
models                   3/1024          144/49152    ( 0.3%) 
brushes                  9/8192          108/98304    ( 0.1%) 
brushsides              54/81920         432/655360   ( 0.1%) 
planes                  82/65536        1640/1310720  ( 0.1%) 
vertexes                41/65536         492/786432   ( 0.1%) 
nodes                   22/65536         704/2097152  ( 0.0%) 
texinfos                11/12288         792/884736   ( 0.1%) 
texdata                  4/4096          128/131072   ( 0.1%) 
dispinfos                0/0               0/0        ( 0.0%) 
disp_verts               0/0               0/0        ( 0.0%) 
disp_tris                0/0               0/0        ( 0.0%) 
disp_multiblend          0/0               0/0        ( 0.0%) 
disp_lmsamples           0/0               0/0        ( 0.0%) 
faces                   18/65536        1008/3670016  ( 0.0%) 
hdr faces                0/65536           0/3670016  ( 0.0%) 
origfaces               18/65536        1008/3670016  ( 0.0%) 
facebrushes              0/0               0/0        ( 0.0%) 
facebrushlists          18/0              72/0        ( 0.0%) 
leaves                  26/65536         832/2097152  ( 0.0%) 
leaffaces               18/65536          36/131072   ( 0.0%) 
leafbrushes              9/65536          18/131072   ( 0.0%) 
areas                    2/1024           16/8192     ( 0.2%) 
surfedges              144/512000        576/2048000  ( 0.0%) 
edges                   85/256000        340/1024000  ( 0.0%) 
LDR worldlights         20/8192         2000/819200   ( 0.2%) 
HDR worldlights          0/8192            0/819200   ( 0.0%) 
leafwaterdata            0/32768           0/393216   ( 0.0%) 
waterstrips              0/32768           0/327680   ( 0.0%) 
waterverts               0/65536           0/786432   ( 0.0%) 
waterindices             0/65536           0/131072   ( 0.0%) 
cubemapsamples           0/1024            0/16384    ( 0.0%) 
overlays                 0/1024            0/360448   ( 0.0%) 
LDR lightdata         [variable]        6476/0        ( 0.0%) 
HDR lightdata         [variable]           0/0        ( 0.0%) 
visdata               [variable]          14/16777216 ( 0.0%) 
entdata               [variable]       11109/393216   ( 2.8%) 
LDR ambient table       26/65536         104/262144   ( 0.0%) 
HDR ambient table       26/65536         104/262144   ( 0.0%) 
LDR leaf ambient        58/65536        1624/1835008  ( 0.1%) 
HDR leaf ambient        26/65536         728/1835008  ( 0.0%) 
occluders                0/0               0/0        ( 0.0%) 
occluder polygons        0/0               0/0        ( 0.0%) 
occluder vert ind        0/0               0/0        ( 0.0%) 
detail props          [variable]           1/12       ( 8.3%) 
static props          [variable]           1/12       ( 8.3%) 
pakfile               [variable]       74506/0        ( 0.0%) 
physics               [variable]        4392/4194304  ( 0.1%) 
physics terrain       [variable]           2/1048576  ( 0.0%) 

Level flags = 7c

Total triangle count: 36
Writing d:\desktop\csgo\hammer maps\target-hardened\achievement_target_hardened.bsp
MSG_FILEWRITE - Filesystem was asked to write to 'd:\desktop\csgo\hammer maps\target-hardened\achievement_target_hardened.bsp', but we don't own that location. Allowing...
0 seconds elapsed



materialPath: D:\Steam\steamapps\common\Counter-Strike Global Offensive\csgo\materials
Loading D:\Desktop\csgo\hammer maps\Target-Hardened\achievement_target_hardened.vmf
Map revision 10
fixing up env_cubemap materials on brush sides...
0...1...2...3...4...5...6...7...8...9...100...1...2...3...4...5...6...7...8...9...10Processing areas...done (0)
Building Faces...done (0)
Chop Details...done (0)
Find Visible Detail Sides...done (0)
Merging details...done (0)
FixTjuncs...
PruneNodes...
WriteBSP...
done (0)
writing D:\Desktop\csgo\hammer maps\Target-Hardened\achievement_target_hardened.prt...Building visibility clusters...
AutoVisClustering (threshold=-1) matched 0 leafs.
done (0)
Finding displacement neighbors...
Finding lightmap sample positions...
Displacement Alpha : 0...1...2...3...4...5...6...7...8...9...10
Building Physics collision data...
done (0) (4392 bytes)
Placing detail props : 0...1...2...3...4...5...6...7...8...9...10
Compacting texture/material tables...
Reduced 18 texinfos to 11
Reduced 4 texdatas to 4 (78 bytes to 78)
Writing D:\Desktop\csgo\hammer maps\Target-Hardened\achievement_target_hardened.bsp
MSG_FILEWRITE - Filesystem was asked to write to 'd:\desktop\csgo\hammer maps\target-hardened\achievement_target_hardened.bsp', but we don't own that location. Allowing...
0 seconds elapsed



4 threads
reading d:\desktop\csgo\hammer maps\target-hardened\achievement_target_hardened.bsp
reading d:\desktop\csgo\hammer maps\target-hardened\achievement_target_hardened.prt
   1 portalclusters
   0 numportals
0...1...2...3...4...5...6...7...8...9...100...1...2...3...4...5...6...7...8...9...10Optimized: 0 visible clusters (0.00%)
Total clusters visible: 1
Average clusters visible: 1
Building PAS...
Average clusters audible: 1
visdatasize:14  compressed from 16
writing d:\desktop\csgo\hammer maps\target-hardened\achievement_target_hardened.bsp
MSG_FILEWRITE - Filesystem was asked to write to 'd:\desktop\csgo\hammer maps\target-hardened\achievement_target_hardened.bsp', but we don't own that location. Allowing...
0 seconds elapsed



[Reading texlights from 'lights.rad']
[17 texlights parsed from 'lights.rad']

Loading d:\desktop\csgo\hammer maps\target-hardened\achievement_target_hardened.bsp
18 faces
1650 square feet [237605.02 square inches]
0 Displacements
0 Square Feet [0.00 Square Inches]
18 patches before subdivision
120 patches after subdivision
20 direct lights
0...1...2...3...4...5...6...7...8...9...100...1...2...3...4...5...6...7...8...9...10transfers 2730, max 56
transfer lists:   0.0 megs
0...1...2...3...4...5...6...7...8...9...10	Bounce #1 added RGB(7399, 2080, 21)
0...1...2...3...4...5...6...7...8...9...10	Bounce #2 added RGB(5273, 417, 0)
0...1...2...3...4...5...6...7...8...9...10	Bounce #3 added RGB(3336, 74, 0)
0...1...2...3...4...5...6...7...8...9...10	Bounce #4 added RGB(2197, 14, 0)
0...1...2...3...4...5...6...7...8...9...10	Bounce #5 added RGB(1430, 3, 0)
0...1...2...3...4...5...6...7...8...9...10	Bounce #6 added RGB(934, 0, 0)
0...1...2...3...4...5...6...7...8...9...10	Bounce #7 added RGB(609, 0, 0)
0...1...2...3...4...5...6...7...8...9...10	Bounce #8 added RGB(397, 0, 0)
0...1...2...3...4...5...6...7...8...9...10	Bounce #9 added RGB(259, 0, 0)
0...1...2...3...4...5...6...7...8...9...10	Bounce #10 added RGB(169, 0, 0)
0...1...2...3...4...5...6...7...8...9...10	Bounce #11 added RGB(110, 0, 0)
0...1...2...3...4...5...6...7...8...9...10	Bounce #12 added RGB(72, 0, 0)
0...1...2...3...4...5...6...7...8...9...10	Bounce #13 added RGB(47, 0, 0)
0...1...2...3...4...5...6...7...8...9...10	Bounce #14 added RGB(31, 0, 0)
0...1...2...3...4...5...6...7...8...9...10	Bounce #15 added RGB(20, 0, 0)
0...1...2...3...4...5...6...7...8...9...10	Bounce #16 added RGB(13, 0, 0)
0...1...2...3...4...5...6...7...8...9...10	Bounce #17 added RGB(9, 0, 0)
0...1...2...3...4...5...6...7...8...9...10	Bounce #18 added RGB(6, 0, 0)
0...1...2...3...4...5...6...7...8...9...10	Bounce #19 added RGB(4, 0, 0)
0...1...2...3...4...5...6...7...8...9...10	Bounce #20 added RGB(2, 0, 0)
0...1...2...3...4...5...6...7...8...9...10	Bounce #21 added RGB(2, 0, 0)
0...1...2...3...4...5...6...7...8...9...10	Bounce #22 added RGB(1, 0, 0)
0...1...2...3...4...5...6...7...8...9...10	Bounce #23 added RGB(1, 0, 0)
Build Patch/Sample Hash Table(s).....Done<0.0000 sec>
0...1...2...3...4...5...6...7...8...9...10FinalLightFace Done
0 of 0 (0% of) surface lights went in leaf ambient cubes.
0...1...2...3...4...5...6...7...8...9...10Writing leaf ambient...done
Ready to Finish

Object names       Objects/Maxobjs  Memory / Maxmem  Fullness 
------------       ---------------  ---------------  -------- 
models                   3/1024          144/49152    ( 0.3%) 
brushes                  9/8192          108/98304    ( 0.1%) 
brushsides              54/81920         432/655360   ( 0.1%) 
planes                  82/65536        1640/1310720  ( 0.1%) 
vertexes                41/65536         492/786432   ( 0.1%) 
nodes                   22/65536         704/2097152  ( 0.0%) 
texinfos                11/12288         792/884736   ( 0.1%) 
texdata                  4/4096          128/131072   ( 0.1%) 
dispinfos                0/0               0/0        ( 0.0%) 
disp_verts               0/0               0/0        ( 0.0%) 
disp_tris                0/0               0/0        ( 0.0%) 
disp_multiblend          0/0               0/0        ( 0.0%) 
disp_lmsamples           0/0               0/0        ( 0.0%) 
faces                   18/65536        1008/3670016  ( 0.0%) 
hdr faces                0/65536           0/3670016  ( 0.0%) 
origfaces               18/65536        1008/3670016  ( 0.0%) 
facebrushes              0/0               0/0        ( 0.0%) 
facebrushlists          18/0              72/0        ( 0.0%) 
leaves                  26/65536         832/2097152  ( 0.0%) 
leaffaces               18/65536          36/131072   ( 0.0%) 
leafbrushes              9/65536          18/131072   ( 0.0%) 
areas                    2/1024           16/8192     ( 0.2%) 
surfedges              144/512000        576/2048000  ( 0.0%) 
edges                   85/256000        340/1024000  ( 0.0%) 
LDR worldlights         20/8192         2000/819200   ( 0.2%) 
HDR worldlights          0/8192            0/819200   ( 0.0%) 
leafwaterdata            0/32768           0/393216   ( 0.0%) 
waterstrips              0/32768           0/327680   ( 0.0%) 
waterverts               0/65536           0/786432   ( 0.0%) 
waterindices             0/65536           0/131072   ( 0.0%) 
cubemapsamples           0/1024            0/16384    ( 0.0%) 
overlays                 0/1024            0/360448   ( 0.0%) 
LDR lightdata         [variable]        6476/0        ( 0.0%) 
HDR lightdata         [variable]           0/0        ( 0.0%) 
visdata               [variable]          14/16777216 ( 0.0%) 
entdata               [variable]       11120/393216   ( 2.8%) 
LDR ambient table       26/65536         104/262144   ( 0.0%) 
HDR ambient table       26/65536         104/262144   ( 0.0%) 
LDR leaf ambient        58/65536        1624/1835008  ( 0.1%) 
HDR leaf ambient        26/65536         728/1835008  ( 0.0%) 
occluders                0/0               0/0        ( 0.0%) 
occluder polygons        0/0               0/0        ( 0.0%) 
occluder vert ind        0/0               0/0        ( 0.0%) 
detail props          [variable]           1/12       ( 8.3%) 
static props          [variable]           1/12       ( 8.3%) 
pakfile               [variable]       74506/0        ( 0.0%) 
physics               [variable]        4392/4194304  ( 0.1%) 
physics terrain       [variable]           2/1048576  ( 0.0%) 

Level flags = 7c

Total triangle count: 36
Writing d:\desktop\csgo\hammer maps\target-hardened\achievement_target_hardened.bsp
MSG_FILEWRITE - Filesystem was asked to write to 'd:\desktop\csgo\hammer maps\target-hardened\achievement_target_hardened.bsp', but we don't own that location. Allowing...
0 seconds elapsed



materialPath: D:\Steam\steamapps\common\Counter-Strike Global Offensive\csgo\materials
Loading D:\Desktop\csgo\hammer maps\Target-Hardened\achievement_target_hardened.vmf
Map revision 11
fixing up env_cubemap materials on brush sides...
0...1...2...3...4...5...6...7...8...9...100...1...2...3...4...5...6...7...8...9...10Processing areas...done (0)
Building Faces...done (0)
Chop Details...done (0)
Find Visible Detail Sides...done (0)
Merging details...done (0)
FixTjuncs...
PruneNodes...
WriteBSP...
done (0)
writing D:\Desktop\csgo\hammer maps\Target-Hardened\achievement_target_hardened.prt...Building visibility clusters...
AutoVisClustering (threshold=-1) matched 0 leafs.
done (0)
Finding displacement neighbors...
Finding lightmap sample positions...
Displacement Alpha : 0...1...2...3...4...5...6...7...8...9...10
Building Physics collision data...
done (0) (4392 bytes)
Placing detail props : 0...1...2...3...4...5...6...7...8...9...10
Compacting texture/material tables...
Reduced 18 texinfos to 11
Reduced 4 texdatas to 4 (78 bytes to 78)
Writing D:\Desktop\csgo\hammer maps\Target-Hardened\achievement_target_hardened.bsp
MSG_FILEWRITE - Filesystem was asked to write to 'd:\desktop\csgo\hammer maps\target-hardened\achievement_target_hardened.bsp', but we don't own that location. Allowing...
0 seconds elapsed



4 threads
reading d:\desktop\csgo\hammer maps\target-hardened\achievement_target_hardened.bsp
reading d:\desktop\csgo\hammer maps\target-hardened\achievement_target_hardened.prt
   1 portalclusters
   0 numportals
0...1...2...3...4...5...6...7...8...9...100...1...2...3...4...5...6...7...8...9...10Optimized: 0 visible clusters (0.00%)
Total clusters visible: 1
Average clusters visible: 1
Building PAS...
Average clusters audible: 1
visdatasize:14  compressed from 16
writing d:\desktop\csgo\hammer maps\target-hardened\achievement_target_hardened.bsp
MSG_FILEWRITE - Filesystem was asked to write to 'd:\desktop\csgo\hammer maps\target-hardened\achievement_target_hardened.bsp', but we don't own that location. Allowing...
0 seconds elapsed



[Reading texlights from 'lights.rad']
[17 texlights parsed from 'lights.rad']

Loading d:\desktop\csgo\hammer maps\target-hardened\achievement_target_hardened.bsp
18 faces
1650 square feet [237605.02 square inches]
0 Displacements
0 Square Feet [0.00 Square Inches]
18 patches before subdivision
120 patches after subdivision
20 direct lights
0...1...2...3...4...5...6...7...8...9...100...1...2...3...4...5...6...7...8...9...10transfers 2730, max 56
transfer lists:   0.0 megs
0...1...2...3...4...5...6...7...8...9...10	Bounce #1 added RGB(7399, 2080, 21)
0...1...2...3...4...5...6...7...8...9...10	Bounce #2 added RGB(5273, 417, 0)
0...1...2...3...4...5...6...7...8...9...10	Bounce #3 added RGB(3336, 74, 0)
0...1...2...3...4...5...6...7...8...9...10	Bounce #4 added RGB(2197, 14, 0)
0...1...2...3...4...5...6...7...8...9...10	Bounce #5 added RGB(1430, 3, 0)
0...1...2...3...4...5...6...7...8...9...10	Bounce #6 added RGB(934, 0, 0)
0...1...2...3...4...5...6...7...8...9...10	Bounce #7 added RGB(609, 0, 0)
0...1...2...3...4...5...6...7...8...9...10	Bounce #8 added RGB(397, 0, 0)
0...1...2...3...4...5...6...7...8...9...10	Bounce #9 added RGB(259, 0, 0)
0...1...2...3...4...5...6...7...8...9...10	Bounce #10 added RGB(169, 0, 0)
0...1...2...3...4...5...6...7...8...9...10	Bounce #11 added RGB(110, 0, 0)
0...1...2...3...4...5...6...7...8...9...10	Bounce #12 added RGB(72, 0, 0)
0...1...2...3...4...5...6...7...8...9...10	Bounce #13 added RGB(47, 0, 0)
0...1...2...3...4...5...6...7...8...9...10	Bounce #14 added RGB(31, 0, 0)
0...1...2...3...4...5...6...7...8...9...10	Bounce #15 added RGB(20, 0, 0)
0...1...2...3...4...5...6...7...8...9...10	Bounce #16 added RGB(13, 0, 0)
0...1...2...3...4...5...6...7...8...9...10	Bounce #17 added RGB(9, 0, 0)
0...1...2...3...4...5...6...7...8...9...10	Bounce #18 added RGB(6, 0, 0)
0...1...2...3...4...5...6...7...8...9...10	Bounce #19 added RGB(4, 0, 0)
0...1...2...3...4...5...6...7...8...9...10	Bounce #20 added RGB(2, 0, 0)
0...1...2...3...4...5...6...7...8...9...10	Bounce #21 added RGB(2, 0, 0)
0...1...2...3...4...5...6...7...8...9...10	Bounce #22 added RGB(1, 0, 0)
0...1...2...3...4...5...6...7...8...9...10	Bounce #23 added RGB(1, 0, 0)
Build Patch/Sample Hash Table(s).....Done<0.0000 sec>
0...1...2...3...4...5...6...7...8...9...10FinalLightFace Done
0 of 0 (0% of) surface lights went in leaf ambient cubes.
0...1...2...3...4...5...6...7...8...9...10Writing leaf ambient...done
Ready to Finish

Object names       Objects/Maxobjs  Memory / Maxmem  Fullness 
------------       ---------------  ---------------  -------- 
models                   3/1024          144/49152    ( 0.3%) 
brushes                  9/8192          108/98304    ( 0.1%) 
brushsides              54/81920         432/655360   ( 0.1%) 
planes                  82/65536        1640/1310720  ( 0.1%) 
vertexes                41/65536         492/786432   ( 0.1%) 
nodes                   22/65536         704/2097152  ( 0.0%) 
texinfos                11/12288         792/884736   ( 0.1%) 
texdata                  4/4096          128/131072   ( 0.1%) 
dispinfos                0/0               0/0        ( 0.0%) 
disp_verts               0/0               0/0        ( 0.0%) 
disp_tris                0/0               0/0        ( 0.0%) 
disp_multiblend          0/0               0/0        ( 0.0%) 
disp_lmsamples           0/0               0/0        ( 0.0%) 
faces                   18/65536        1008/3670016  ( 0.0%) 
hdr faces                0/65536           0/3670016  ( 0.0%) 
origfaces               18/65536        1008/3670016  ( 0.0%) 
facebrushes              0/0               0/0        ( 0.0%) 
facebrushlists          18/0              72/0        ( 0.0%) 
leaves                  26/65536         832/2097152  ( 0.0%) 
leaffaces               18/65536          36/131072   ( 0.0%) 
leafbrushes              9/65536          18/131072   ( 0.0%) 
areas                    2/1024           16/8192     ( 0.2%) 
surfedges              144/512000        576/2048000  ( 0.0%) 
edges                   85/256000        340/1024000  ( 0.0%) 
LDR worldlights         20/8192         2000/819200   ( 0.2%) 
HDR worldlights          0/8192            0/819200   ( 0.0%) 
leafwaterdata            0/32768           0/393216   ( 0.0%) 
waterstrips              0/32768           0/327680   ( 0.0%) 
waterverts               0/65536           0/786432   ( 0.0%) 
waterindices             0/65536           0/131072   ( 0.0%) 
cubemapsamples           0/1024            0/16384    ( 0.0%) 
overlays                 0/1024            0/360448   ( 0.0%) 
LDR lightdata         [variable]        6476/0        ( 0.0%) 
HDR lightdata         [variable]           0/0        ( 0.0%) 
visdata               [variable]          14/16777216 ( 0.0%) 
entdata               [variable]       10702/393216   ( 2.7%) 
LDR ambient table       26/65536         104/262144   ( 0.0%) 
HDR ambient table       26/65536         104/262144   ( 0.0%) 
LDR leaf ambient        58/65536        1624/1835008  ( 0.1%) 
HDR leaf ambient        26/65536         728/1835008  ( 0.0%) 
occluders                0/0               0/0        ( 0.0%) 
occluder polygons        0/0               0/0        ( 0.0%) 
occluder vert ind        0/0               0/0        ( 0.0%) 
detail props          [variable]           1/12       ( 8.3%) 
static props          [variable]           1/12       ( 8.3%) 
pakfile               [variable]       74506/0        ( 0.0%) 
physics               [variable]        4392/4194304  ( 0.1%) 
physics terrain       [variable]           2/1048576  ( 0.0%) 

Level flags = 7c

Total triangle count: 36
Writing d:\desktop\csgo\hammer maps\target-hardened\achievement_target_hardened.bsp
MSG_FILEWRITE - Filesystem was asked to write to 'd:\desktop\csgo\hammer maps\target-hardened\achievement_target_hardened.bsp', but we don't own that location. Allowing...
0 seconds elapsed
