


materialPath: D:\Steam\steamapps\common\Counter-Strike Global Offensive\csgo\materials
Loading D:\Desktop\computing\Counter Strike\maps\c1m4_atrium\try 2\c1m4_atrium_d.vmf
Map revision 0
Material not found!: BRICK/BRICK_EXT_08
Material not found!: PLASTER/PLASTER_EXT_02
Material not found!: CONCRETE/CONCRETE_EXT_13B
Material not found!: CONCRETE/CONCRETE_EXT_13
Material not found!: PLASTER/PLASTER_CEILING_01
Material not found!: PLASTER/URBAN_PLASTERWALL_05C
Material not found!: TILE/TILE_MALL_FLOORTRIM00
Material not found!: TILE/TILE_MALL_STEPS00
Material not found!: BUILDINGS/COMPOSITE007
Material not found!: PLASTER/PLASTER_CEILING_04
Material not found!: TILE/TILE_MALL_INCLINE00
Material not found!: PLASTER/PLASTER_INT_17
Material not found!: WOOD/WOODWALL003A
Material not found!: PLASTIC/PLASTIC_CEDA_01
Material not found!: TILE/TILE_CEILING_01
Material not found!: TILE/TILE_MALL_WALLTRIM00_CHEAP
Material not found!: CONCRETE/BLACKTOP_EXT_04
Material not found!: PLASTER/PLASTER_EXT_18D
Material not found!: TILE/TILE_INT_04
Material not found!: METAL/METAL_EXT_TRIM01
Material not found!: METAL/DRTRIMA
Material not found!: WOOD/MALL_WOODTRIM00
Material not found!: METAL/METAL_DOOR_01
Material not found!: PROPS/METALLOCKERS003B
Material not found!: METAL/METAL_DOOR_02
Material not found!: METAL/VENT01
Material not found!: PLASTER/CEILINGTILES01_CHEAP
Material not found!: EFFECTS/SCAVENGE_BOUNDARY
Material not found!: SIGNS/SIGN_MALLSTORES_01
Material not found!: TILE/COUNTERTOP05
Material not found!: WOOD/CABINETS03
Material not found!: GLASS/URBAN_GLASS_02
Material not found!: SIGNS/SIGN_TRAFFICMESSAGE00
Material not found!: SIGNS/SIGN_MALL_SALE06
Material not found!: TILE/TILE_MALL_INCLINE00_CHEAP
Material not found!: SIGNS/SIGN_MALL_SALE07
Patching WVT material: maps/c1m4_atrium_d/de_train/blendgraveldirt001a_wvt_patch
fixing up env_cubemap materials on brush sides...
0...1...2...3...4...5...6...7...8...9...100...1...2...3...4...5...6...7...8...9...10Processing areas...done (0)
Building Faces...done (0)
Chop Details...done (0)
Find Visible Detail Sides...
Merged 582 detail faces...done (0)
Merging details...done (0)
FixTjuncs...
PruneNodes...
WriteBSP...
done (0)
writing D:\Desktop\computing\Counter Strike\maps\c1m4_atrium\try 2\c1m4_atrium_d.prt...Building visibility clusters...
done (0)
Finding displacement neighbors...
Finding lightmap sample positions...
Displacement Alpha : 0...1...2...3...4...5...6...7...8...9...10
Building Physics collision data...
done (1) (706431 bytes)
Error loading studio model "models/props_mall/bay_guardrail_left.mdl"!
Error loading studio model "models/props_mall/bay_guardrail_right.mdl"!
Error loading studio model "models/props_mall/bay_railing_left.mdl"!
Error loading studio model "models/props_mall/bay_railing_right.mdl"!
Error loading studio model "models/props_mall/elevator_structure.mdl"!
Error loading studio model "models/props_mall/elevator_glazing.mdl"!
Error loading studio model "models/props_mall/bay_railing_short.mdl"!
Error loading studio model "models/props_mall/bay_guardrail_short.mdl"!
Error loading studio model "models/props_mall/glass_support_left.mdl"!
Error loading studio model "models/props_mall/glass_support_center.mdl"!
Error loading studio model "models/props_mall/glass_support_right.mdl"!
Error loading studio model "models/props_mall/temp_structure_corner.mdl"!
Error loading studio model "models/props_mall/temp_structure_256.mdl"!
Error loading studio model "models/props_highway/scaffolding_320.mdl"!
Error loading studio model "models/props_highway/plywood_03.mdl"!
Error loading studio model "models/props_highway/scaffolding_320_base.mdl"!
Error loading studio model "models/props_interiors/toiletpaperdispenser_commercial.mdl"!
Error loading studio model "models/props_interiors/urinal01.mdl"!
Error loading studio model "models/props_unique/spawn_apartment/lantern.mdl"!
Error loading studio model "models/props_doors/checkpoint_door_-02_static.mdl"!
Error loading studio model "models/props_mall/mall_kioskb.mdl"!
Error loading studio model "models/props_mall/mall_kioskc.mdl"!
Error loading studio model "models/props_mall/mall_display_12.mdl"!
Error loading studio model "models/props_mall/mall_directory.mdl"!
Error loading studio model "models/props_equipment/elevator_buttons.mdl"!
Error loading studio model "models/props_mall/lower_stair_railing.mdl"!
Error loading studio model "models/props_mall/lower_stair_guardrail.mdl"!
Error loading studio model "models/props_mall/main_stair_railing.mdl"!
Error loading studio model "models/props_mall/main_stair_guardrail.mdl"!
Error loading studio model "models/props_buildings/storefront_window_right.mdl"!
Error loading studio model "models/props_mall/atrium_skylight.mdl"!
Error loading studio model "models/props_mall/mall_kiosk.mdl"!
Error loading studio model "models/props_vehicles/mall_banner.mdl"!
Error loading studio model "models/props_mall/clothing_tshirts.mdl"!
Error loading studio model "models/props_mall/clothing_dress_shirts.mdl"!
Error loading studio model "models/props_mall/clothing_pile02.mdl"!
Error loading studio model "models/props_mall/column_05.mdl"!
Error loading studio model "models/props_vents/vent_cluster007.mdl"!
Error loading studio model "models/deadbodies/default/oval_128_c.mdl"!
Error loading studio model "models/props_equipment/phone_booth_indoor.mdl"!
Error loading studio model "models/props_furniture/conduit_128.mdl"!
Error loading studio model "models/props_vehicles/racecar_stage.mdl"!
Error loading studio model "models/props_urban/ceiling_bubble001.mdl"!
Error loading studio model "models/props_signs/taco_bucket.mdl"!
Error loading studio model "models/deadbodies/default/pose_a.mdl"!
Error loading studio model "models/deadbodies/milltownrain/oval_192_a.mdl"!
Error loading studio model "models/props_highway/bridge_rail_tall_128.mdl"!
Error loading studio model "models/c1_chargerexit/mall_rampbundle.mdl"!
Error loading studio model "models/props_signs/georgia_pork_barrell.mdl"!
Error loading studio model "models/props_signs/wok_on_the_wild_side.mdl"!
Error loading studio model "models/props_furniture/conduit_bend_64.mdl"!
Error loading studio model "models/props_signs/liberty_mall_interior_128.mdl"!
Error loading studio model "models/c1_chargerexit/door_frames_static.mdl"!
Error loading studio model "models/props_foliage/mall_pot_large02.mdl"!
Error loading studio model "models/props_fortifications/concrete_post001_48.mdl"!
Error loading studio model "models/props_signs/beef_boy_stew.mdl"!
Error loading studio model "models/props_signs/potato_safari.mdl"!
Error loading studio model "models/props_urban/hotel_ceiling_vent001.mdl"!
Error loading studio model "models/props_interiors/bathroomsink01.mdl"!
Error loading studio model "models/deadbodies/default/fence_b.mdl"!
Error loading studio model "models/deadbodies/default/oval_192_b.mdl"!
Error loading studio model "models/deadbodies/default/barricade_c.mdl"!
Error loading studio model "models/deadbodies/cemetary/corner_b.mdl"!
Error loading studio model "models/deadbodies/default/oval_192_a.mdl"!
Error loading studio model "models/deadbodies/default/oval_128_a.mdl"!
Error loading studio model "models/deadbodies/default/oval_128_b.mdl"!
Error loading studio model "models/deadbodies/default/barricade_b.mdl"!
Error loading studio model "models/props_mall/atrium_stairs.mdl"!
Error loading studio model "models/props_vehicles/racecar_stage_floor.mdl"!
Error loading studio model "models/props_doors/checkpoint_doorframe_02.mdl"!
Error loading studio model "models/props_doors/checkpoint_frame_reinforcement_01.mdl"!
Error loading studio model "models/props_mall/mall_display_06.mdl"!
Error loading studio model "models/deadbodies/cemetary/barricade_a.mdl"!
Error loading studio model "models/deadbodies/cemetary/fence_b.mdl"!
Error loading studio model "models/props_mall/soffit_01.mdl"!
Error loading studio model "models/props_mall/info_desk_signage.mdl"!
Error loading studio model "models/props_mall/information_desk.mdl"!
Error loading studio model "models/props_signs/ladyshoes.mdl"!
Error loading studio model "models/props_signs/big_fashion_girl.mdl"!
Error loading studio model "models/props_signs/fancy_tramp.mdl"!
Error loading studio model "models/props_mall/soffit_03.mdl"!
Error loading studio model "models/props_skybox/skybox_bottom.mdl"!
Error loading studio model "models/props_foliage/mall_palmplant02.mdl"!
Error loading studio model "models/props_urban/planter001_256.mdl"!
Error loading studio model "models/props_foliage/mall_pot_squarexl01.mdl"!
Error loading studio model "models/props_foliage/mall_bigleaves_plant02.mdl"!
Error loading studio model "models/props_foliage/mall_bigleaves_plant03_medium.mdl"!
Error loading studio model "models/props_foliage/mall_bigleaves_plant03.mdl"!
Error loading studio model "models/deadbodies/human/pose_b.mdl"!
Placing detail props : 0...1...2...3...4...5...6...7...8...9...10
Compacting texture/material tables...
Reduced 3286 texinfos to 1931
Reduced 185 texdatas to 179 (7184 bytes to 6965)
Writing D:\Desktop\computing\Counter Strike\maps\c1m4_atrium\try 2\c1m4_atrium_d.bsp
MSG_FILEWRITE - Filesystem was asked to write to 'd:\desktop\computing\counter strike\maps\c1m4_atrium\try 2\c1m4_atrium_d.bsp', but we don't own that location. Allowing.
2 seconds elapsed



4 threads
reading d:\desktop\computing\counter strike\maps\c1m4_atrium\try 2\c1m4_atrium_d.bsp
ParseEpar: key token too long [clip_3D_skybox_near_to_world_far]


materialPath: D:\Steam\steamapps\common\Counter-Strike Global Offensive\csgo\materials
Loading D:\Desktop\computing\Counter Strike\maps\c1m4_atrium\try 2\c1m4_atrium_d.vmf
Map revision 1
Material not found!: BRICK/BRICK_EXT_08
Material not found!: PLASTER/PLASTER_EXT_02
Material not found!: CONCRETE/CONCRETE_EXT_13B
Material not found!: CONCRETE/CONCRETE_EXT_13
Material not found!: PLASTER/PLASTER_CEILING_01
Material not found!: PLASTER/URBAN_PLASTERWALL_05C
Material not found!: TILE/TILE_MALL_FLOORTRIM00
Material not found!: TILE/TILE_MALL_STEPS00
Material not found!: BUILDINGS/COMPOSITE007
Material not found!: PLASTER/PLASTER_CEILING_04
Material not found!: TILE/TILE_MALL_INCLINE00
Material not found!: PLASTER/PLASTER_INT_17
Material not found!: WOOD/WOODWALL003A
Material not found!: PLASTIC/PLASTIC_CEDA_01
Material not found!: TILE/TILE_CEILING_01
Material not found!: TILE/TILE_MALL_WALLTRIM00_CHEAP
Material not found!: CONCRETE/BLACKTOP_EXT_04
Material not found!: PLASTER/PLASTER_EXT_18D
Material not found!: TILE/TILE_INT_04
Material not found!: METAL/METAL_EXT_TRIM01
Material not found!: METAL/DRTRIMA
Material not found!: WOOD/MALL_WOODTRIM00
Material not found!: METAL/METAL_DOOR_01
Material not found!: PROPS/METALLOCKERS003B
Material not found!: METAL/METAL_DOOR_02
Material not found!: METAL/VENT01
Material not found!: PLASTER/CEILINGTILES01_CHEAP
Material not found!: EFFECTS/SCAVENGE_BOUNDARY
Material not found!: SIGNS/SIGN_MALLSTORES_01
Material not found!: TILE/COUNTERTOP05
Material not found!: WOOD/CABINETS03
Material not found!: GLASS/URBAN_GLASS_02
Material not found!: SIGNS/SIGN_TRAFFICMESSAGE00
Material not found!: SIGNS/SIGN_MALL_SALE06
Material not found!: TILE/TILE_MALL_INCLINE00_CHEAP
Material not found!: SIGNS/SIGN_MALL_SALE07
Patching WVT material: maps/c1m4_atrium_d/de_train/blendgraveldirt001a_wvt_patch
fixing up env_cubemap materials on brush sides...
0...1...2...3...4...5...6...7...8...9...100...1...2...3...4...5...6...7...8...9...10Processing areas...done (0)
Building Faces...done (0)
Chop Details...done (0)
Find Visible Detail Sides...
Merged 582 detail faces...done (0)
Merging details...done (0)
FixTjuncs...
PruneNodes...
WriteBSP...
done (0)
writing D:\Desktop\computing\Counter Strike\maps\c1m4_atrium\try 2\c1m4_atrium_d.prt...Building visibility clusters...
done (0)
Finding displacement neighbors...
Finding lightmap sample positions...
Displacement Alpha : 0...1...2...3...4...5...6...7...8...9...10
Building Physics collision data...
done (1) (706431 bytes)
Error loading studio model "models/props_mall/bay_guardrail_left.mdl"!
Error loading studio model "models/props_mall/bay_guardrail_right.mdl"!
Error loading studio model "models/props_mall/bay_railing_left.mdl"!
Error loading studio model "models/props_mall/bay_railing_right.mdl"!
Error loading studio model "models/props_mall/elevator_structure.mdl"!
Error loading studio model "models/props_mall/elevator_glazing.mdl"!
Error loading studio model "models/props_mall/bay_railing_short.mdl"!
Error loading studio model "models/props_mall/bay_guardrail_short.mdl"!
Error loading studio model "models/props_mall/glass_support_left.mdl"!
Error loading studio model "models/props_mall/glass_support_center.mdl"!
Error loading studio model "models/props_mall/glass_support_right.mdl"!
Error loading studio model "models/props_mall/temp_structure_corner.mdl"!
Error loading studio model "models/props_mall/temp_structure_256.mdl"!
Error loading studio model "models/props_highway/scaffolding_320.mdl"!
Error loading studio model "models/props_highway/plywood_03.mdl"!
Error loading studio model "models/props_highway/scaffolding_320_base.mdl"!
Error loading studio model "models/props_interiors/toiletpaperdispenser_commercial.mdl"!
Error loading studio model "models/props_interiors/urinal01.mdl"!
Error loading studio model "models/props_unique/spawn_apartment/lantern.mdl"!
Error loading studio model "models/props_doors/checkpoint_door_-02_static.mdl"!
Error loading studio model "models/props_mall/mall_kioskb.mdl"!
Error loading studio model "models/props_mall/mall_kioskc.mdl"!
Error loading studio model "models/props_mall/mall_display_12.mdl"!
Error loading studio model "models/props_mall/mall_directory.mdl"!
Error loading studio model "models/props_equipment/elevator_buttons.mdl"!
Error loading studio model "models/props_mall/lower_stair_railing.mdl"!
Error loading studio model "models/props_mall/lower_stair_guardrail.mdl"!
Error loading studio model "models/props_mall/main_stair_railing.mdl"!
Error loading studio model "models/props_mall/main_stair_guardrail.mdl"!
Error loading studio model "models/props_buildings/storefront_window_right.mdl"!
Error loading studio model "models/props_mall/atrium_skylight.mdl"!
Error loading studio model "models/props_mall/mall_kiosk.mdl"!
Error loading studio model "models/props_vehicles/mall_banner.mdl"!
Error loading studio model "models/props_mall/clothing_tshirts.mdl"!
Error loading studio model "models/props_mall/clothing_dress_shirts.mdl"!
Error loading studio model "models/props_mall/clothing_pile02.mdl"!
Error loading studio model "models/props_mall/column_05.mdl"!
Error loading studio model "models/props_vents/vent_cluster007.mdl"!
Error loading studio model "models/deadbodies/default/oval_128_c.mdl"!
Error loading studio model "models/props_equipment/phone_booth_indoor.mdl"!
Error loading studio model "models/props_furniture/conduit_128.mdl"!
Error loading studio model "models/props_vehicles/racecar_stage.mdl"!
Error loading studio model "models/props_urban/ceiling_bubble001.mdl"!
Error loading studio model "models/props_signs/taco_bucket.mdl"!
Error loading studio model "models/deadbodies/default/pose_a.mdl"!
Error loading studio model "models/deadbodies/milltownrain/oval_192_a.mdl"!
Error loading studio model "models/props_highway/bridge_rail_tall_128.mdl"!
Error loading studio model "models/c1_chargerexit/mall_rampbundle.mdl"!
Error loading studio model "models/props_signs/georgia_pork_barrell.mdl"!
Error loading studio model "models/props_signs/wok_on_the_wild_side.mdl"!
Error loading studio model "models/props_furniture/conduit_bend_64.mdl"!
Error loading studio model "models/props_signs/liberty_mall_interior_128.mdl"!
Error loading studio model "models/c1_chargerexit/door_frames_static.mdl"!
Error loading studio model "models/props_foliage/mall_pot_large02.mdl"!
Error loading studio model "models/props_fortifications/concrete_post001_48.mdl"!
Error loading studio model "models/props_signs/beef_boy_stew.mdl"!
Error loading studio model "models/props_signs/potato_safari.mdl"!
Error loading studio model "models/props_urban/hotel_ceiling_vent001.mdl"!
Error loading studio model "models/props_interiors/bathroomsink01.mdl"!
Error loading studio model "models/deadbodies/default/fence_b.mdl"!
Error loading studio model "models/deadbodies/default/oval_192_b.mdl"!
Error loading studio model "models/deadbodies/default/barricade_c.mdl"!
Error loading studio model "models/deadbodies/cemetary/corner_b.mdl"!
Error loading studio model "models/deadbodies/default/oval_192_a.mdl"!
Error loading studio model "models/deadbodies/default/oval_128_a.mdl"!
Error loading studio model "models/deadbodies/default/oval_128_b.mdl"!
Error loading studio model "models/deadbodies/default/barricade_b.mdl"!
Error loading studio model "models/props_mall/atrium_stairs.mdl"!
Error loading studio model "models/props_vehicles/racecar_stage_floor.mdl"!
Error loading studio model "models/props_doors/checkpoint_doorframe_02.mdl"!
Error loading studio model "models/props_doors/checkpoint_frame_reinforcement_01.mdl"!
Error loading studio model "models/props_mall/mall_display_06.mdl"!
Error loading studio model "models/deadbodies/cemetary/barricade_a.mdl"!
Error loading studio model "models/deadbodies/cemetary/fence_b.mdl"!
Error loading studio model "models/props_mall/soffit_01.mdl"!
Error loading studio model "models/props_mall/info_desk_signage.mdl"!
Error loading studio model "models/props_mall/information_desk.mdl"!
Error loading studio model "models/props_signs/ladyshoes.mdl"!
Error loading studio model "models/props_signs/big_fashion_girl.mdl"!
Error loading studio model "models/props_signs/fancy_tramp.mdl"!
Error loading studio model "models/props_mall/soffit_03.mdl"!
Error loading studio model "models/props_skybox/skybox_bottom.mdl"!
Error loading studio model "models/props_foliage/mall_palmplant02.mdl"!
Error loading studio model "models/props_urban/planter001_256.mdl"!
Error loading studio model "models/props_foliage/mall_pot_squarexl01.mdl"!
Error loading studio model "models/props_foliage/mall_bigleaves_plant02.mdl"!
Error loading studio model "models/props_foliage/mall_bigleaves_plant03_medium.mdl"!
Error loading studio model "models/props_foliage/mall_bigleaves_plant03.mdl"!
Error loading studio model "models/deadbodies/human/pose_b.mdl"!
Placing detail props : 0...1...2...3...4...5...6...7...8...9...10
Compacting texture/material tables...
Reduced 3286 texinfos to 1931
Reduced 185 texdatas to 179 (7184 bytes to 6965)
Writing D:\Desktop\computing\Counter Strike\maps\c1m4_atrium\try 2\c1m4_atrium_d.bsp
MSG_FILEWRITE - Filesystem was asked to write to 'd:\desktop\computing\counter strike\maps\c1m4_atrium\try 2\c1m4_atrium_d.bsp', but we don't own that location. Allowing.
2 seconds elapsed



4 threads
reading d:\desktop\computing\counter strike\maps\c1m4_atrium\try 2\c1m4_atrium_d.bsp
ParseEpar: key token too long [clip_3D_skybox_near_to_world_far]


materialPath: D:\Steam\steamapps\common\Counter-Strike Global Offensive\csgo\materials
Loading D:\Desktop\computing\Counter Strike\maps\c1m4_atrium\try 2\c1m4_atrium_d.vmf
Map revision 2
Material not found!: BRICK/BRICK_EXT_08
Material not found!: PLASTER/PLASTER_EXT_02
Material not found!: CONCRETE/CONCRETE_EXT_13B
Material not found!: CONCRETE/CONCRETE_EXT_13
Material not found!: PLASTER/PLASTER_CEILING_01
Material not found!: PLASTER/URBAN_PLASTERWALL_05C
Material not found!: TILE/TILE_MALL_FLOORTRIM00
Material not found!: TILE/TILE_MALL_STEPS00
Material not found!: BUILDINGS/COMPOSITE007
Material not found!: PLASTER/PLASTER_CEILING_04
Material not found!: TILE/TILE_MALL_INCLINE00
Material not found!: PLASTER/PLASTER_INT_17
Material not found!: WOOD/WOODWALL003A
Material not found!: PLASTIC/PLASTIC_CEDA_01
Material not found!: TILE/TILE_CEILING_01
Material not found!: TILE/TILE_MALL_WALLTRIM00_CHEAP
Material not found!: CONCRETE/BLACKTOP_EXT_04
Material not found!: PLASTER/PLASTER_EXT_18D
Material not found!: TILE/TILE_INT_04
Material not found!: METAL/METAL_EXT_TRIM01
Material not found!: METAL/DRTRIMA
Material not found!: WOOD/MALL_WOODTRIM00
Material not found!: METAL/METAL_DOOR_01
Material not found!: PROPS/METALLOCKERS003B
Material not found!: METAL/METAL_DOOR_02
Material not found!: METAL/VENT01
Material not found!: PLASTER/CEILINGTILES01_CHEAP
Material not found!: EFFECTS/SCAVENGE_BOUNDARY
Material not found!: SIGNS/SIGN_MALLSTORES_01
Material not found!: TILE/COUNTERTOP05
Material not found!: WOOD/CABINETS03
Material not found!: GLASS/URBAN_GLASS_02
Material not found!: SIGNS/SIGN_TRAFFICMESSAGE00
Material not found!: SIGNS/SIGN_MALL_SALE06
Material not found!: TILE/TILE_MALL_INCLINE00_CHEAP
Material not found!: SIGNS/SIGN_MALL_SALE07
Patching WVT material: maps/c1m4_atrium_d/de_train/blendgraveldirt001a_wvt_patch
fixing up env_cubemap materials on brush sides...
0...1...2...3...4...5...6...7...8...9...100...1...2...3...4...5...6...7...8...9...10Processing areas...done (0)
Building Faces...done (0)
Chop Details...done (0)
Find Visible Detail Sides...
Merged 582 detail faces...done (0)
Merging details...done (0)
FixTjuncs...
PruneNodes...
WriteBSP...
done (0)
writing D:\Desktop\computing\Counter Strike\maps\c1m4_atrium\try 2\c1m4_atrium_d.prt...Building visibility clusters...
done (0)
Finding displacement neighbors...
Finding lightmap sample positions...
Displacement Alpha : 0...1...2...3...4...5...6...7...8...9...10
Building Physics collision data...
done (1) (704335 bytes)
Error loading studio model "models/props_mall/bay_guardrail_left.mdl"!
Error loading studio model "models/props_mall/bay_guardrail_right.mdl"!
Error loading studio model "models/props_mall/bay_railing_left.mdl"!
Error loading studio model "models/props_mall/bay_railing_right.mdl"!
Error loading studio model "models/props_mall/elevator_structure.mdl"!
Error loading studio model "models/props_mall/elevator_glazing.mdl"!
Error loading studio model "models/props_mall/bay_railing_short.mdl"!
Error loading studio model "models/props_mall/bay_guardrail_short.mdl"!
Error loading studio model "models/props_mall/glass_support_left.mdl"!
Error loading studio model "models/props_mall/glass_support_center.mdl"!
Error loading studio model "models/props_mall/glass_support_right.mdl"!
Error loading studio model "models/props_mall/temp_structure_corner.mdl"!
Error loading studio model "models/props_mall/temp_structure_256.mdl"!
Error loading studio model "models/props_highway/scaffolding_320.mdl"!
Error loading studio model "models/props_highway/plywood_03.mdl"!
Error loading studio model "models/props_highway/scaffolding_320_base.mdl"!
Error loading studio model "models/props_interiors/toiletpaperdispenser_commercial.mdl"!
Error loading studio model "models/props_interiors/urinal01.mdl"!
Error loading studio model "models/props_unique/spawn_apartment/lantern.mdl"!
Error loading studio model "models/props_doors/checkpoint_door_-02_static.mdl"!
Error loading studio model "models/props_mall/mall_kioskb.mdl"!
Error loading studio model "models/props_mall/mall_kioskc.mdl"!
Error loading studio model "models/props_mall/mall_display_12.mdl"!
Error loading studio model "models/props_mall/mall_directory.mdl"!
Error loading studio model "models/props_equipment/elevator_buttons.mdl"!
Error loading studio model "models/props_mall/lower_stair_railing.mdl"!
Error loading studio model "models/props_mall/lower_stair_guardrail.mdl"!
Error loading studio model "models/props_mall/main_stair_railing.mdl"!
Error loading studio model "models/props_mall/main_stair_guardrail.mdl"!
Error loading studio model "models/props_buildings/storefront_window_right.mdl"!
Error loading studio model "models/props_mall/atrium_skylight.mdl"!
Error loading studio model "models/props_mall/mall_kiosk.mdl"!
Error loading studio model "models/props_vehicles/mall_banner.mdl"!
Error loading studio model "models/props_mall/clothing_tshirts.mdl"!
Error loading studio model "models/props_mall/clothing_dress_shirts.mdl"!
Error loading studio model "models/props_mall/clothing_pile02.mdl"!
Error loading studio model "models/props_mall/column_05.mdl"!
Error loading studio model "models/props_vents/vent_cluster007.mdl"!
Error loading studio model "models/deadbodies/default/oval_128_c.mdl"!
Error loading studio model "models/props_equipment/phone_booth_indoor.mdl"!
Error loading studio model "models/props_furniture/conduit_128.mdl"!
Error loading studio model "models/props_vehicles/racecar_stage.mdl"!
Error loading studio model "models/props_urban/ceiling_bubble001.mdl"!
Error loading studio model "models/props_signs/taco_bucket.mdl"!
Error loading studio model "models/deadbodies/default/pose_a.mdl"!
Error loading studio model "models/deadbodies/milltownrain/oval_192_a.mdl"!
Error loading studio model "models/props_highway/bridge_rail_tall_128.mdl"!
Error loading studio model "models/c1_chargerexit/mall_rampbundle.mdl"!
Error loading studio model "models/props_signs/georgia_pork_barrell.mdl"!
Error loading studio model "models/props_signs/wok_on_the_wild_side.mdl"!
Error loading studio model "models/props_furniture/conduit_bend_64.mdl"!
Error loading studio model "models/props_signs/liberty_mall_interior_128.mdl"!
Error loading studio model "models/c1_chargerexit/door_frames_static.mdl"!
Error loading studio model "models/props_foliage/mall_pot_large02.mdl"!
Error loading studio model "models/props_fortifications/concrete_post001_48.mdl"!
Error loading studio model "models/props_signs/beef_boy_stew.mdl"!
Error loading studio model "models/props_signs/potato_safari.mdl"!
Error loading studio model "models/props_urban/hotel_ceiling_vent001.mdl"!
Error loading studio model "models/props_interiors/bathroomsink01.mdl"!
Error loading studio model "models/deadbodies/default/fence_b.mdl"!
Error loading studio model "models/deadbodies/default/oval_192_b.mdl"!
Error loading studio model "models/deadbodies/default/barricade_c.mdl"!
Error loading studio model "models/deadbodies/cemetary/corner_b.mdl"!
Error loading studio model "models/deadbodies/default/oval_192_a.mdl"!
Error loading studio model "models/deadbodies/default/oval_128_a.mdl"!
Error loading studio model "models/deadbodies/default/oval_128_b.mdl"!
Error loading studio model "models/deadbodies/default/barricade_b.mdl"!
Error loading studio model "models/props_mall/atrium_stairs.mdl"!
Error loading studio model "models/props_vehicles/racecar_stage_floor.mdl"!
Error loading studio model "models/props_doors/checkpoint_doorframe_02.mdl"!
Error loading studio model "models/props_doors/checkpoint_frame_reinforcement_01.mdl"!
Error loading studio model "models/props_mall/mall_display_06.mdl"!
Error loading studio model "models/deadbodies/cemetary/barricade_a.mdl"!
Error loading studio model "models/deadbodies/cemetary/fence_b.mdl"!
Error loading studio model "models/props_mall/soffit_01.mdl"!
Error loading studio model "models/props_mall/info_desk_signage.mdl"!
Error loading studio model "models/props_mall/information_desk.mdl"!
Error loading studio model "models/props_signs/ladyshoes.mdl"!
Error loading studio model "models/props_signs/big_fashion_girl.mdl"!
Error loading studio model "models/props_signs/fancy_tramp.mdl"!
Error loading studio model "models/props_mall/soffit_03.mdl"!
Error loading studio model "models/props_foliage/mall_palmplant02.mdl"!
Error loading studio model "models/props_urban/planter001_256.mdl"!
Error loading studio model "models/props_foliage/mall_pot_squarexl01.mdl"!
Error loading studio model "models/props_foliage/mall_bigleaves_plant02.mdl"!
Error loading studio model "models/props_foliage/mall_bigleaves_plant03_medium.mdl"!
Error loading studio model "models/props_foliage/mall_bigleaves_plant03.mdl"!
Error loading studio model "models/deadbodies/human/pose_b.mdl"!
Placing detail props : 0...1...2...3...4...5...6...7...8...9...10
Compacting texture/material tables...
Reduced 3197 texinfos to 1915
Reduced 184 texdatas to 178 (7158 bytes to 6939)
Writing D:\Desktop\computing\Counter Strike\maps\c1m4_atrium\try 2\c1m4_atrium_d.bsp
MSG_FILEWRITE - Filesystem was asked to write to 'd:\desktop\computing\counter strike\maps\c1m4_atrium\try 2\c1m4_atrium_d.bsp', but we don't own that location. Allowing.
2 seconds elapsed



4 threads
reading d:\desktop\computing\counter strike\maps\c1m4_atrium\try 2\c1m4_atrium_d.bsp
reading d:\desktop\computing\counter strike\maps\c1m4_atrium\try 2\c1m4_atrium_d.prt
 682 portalclusters
2018 numportals
0...1...2...3...4...5...6...7...8...9...10Optimized: 8595 visible clusters (0.00%)
Total clusters visible: 376037
Average clusters visible: 551
Building PAS...
Average clusters audible: 676
visdatasize:119041  compressed from 120032
writing d:\desktop\computing\counter strike\maps\c1m4_atrium\try 2\c1m4_atrium_d.bsp
MSG_FILEWRITE - Filesystem was asked to write to 'd:\desktop\computing\counter strike\maps\c1m4_atrium\try 2\c1m4_atrium_d.bsp', but we don't own that location. Allowing.
0 seconds elapsed



[Reading texlights from 'lights.rad']
[17 texlights parsed from 'lights.rad']

Loading d:\desktop\computing\counter strike\maps\c1m4_atrium\try 2\c1m4_atrium_d.bsp
5391 faces
1055138 square feet [151939904.00 square inches]
3 Displacements
516 Square Feet [74427.96 Square Inches]
5391 patches before subdivision
52113 patches after subdivision
15 direct lights
0...1...2...3...4...5...6...7...8...9...100...1...2...3...4...5...6...7...8...9...10transfers 6411364, max 808
transfer lists:  48.9 megs
0...1...2...3...4...5...6...7...8...9...10	Bounce #1 added RGB(60351, 47459, 28582)
0...1...2...3...4...5...6...7...8...9...10	Bounce #2 added RGB(22418, 17496, 9707)
0...1...2...3...4...5...6...7...8...9...10	Bounce #3 added RGB(8188, 5866, 2640)
0...1...2...3...4...5...6...7...8...9...10	Bounce #4 added RGB(3116, 2189, 892)
0...1...2...3...4...5...6...7...8...9...10	Bounce #5 added RGB(1151, 755, 258)
0...1...2...3...4...5...6...7...8...9...10	Bounce #6 added RGB(438, 279, 85)
0...1...2...3...4...5...6...7...8...9...10	Bounce #7 added RGB(162, 97, 25)
0...1...2...3...4...5...6...7...8...9...10	Bounce #8 added RGB(62, 36, 8)
0...1...2...3...4...5...6...7...8...9...10	Bounce #9 added RGB(23, 13, 2)
0...1...2...3...4...5...6...7...8...9...10	Bounce #10 added RGB(9, 5, 1)
0...1...2...3...4...5...6...7...8...9...10	Bounce #11 added RGB(3, 2, 0)
0...1...2...3...4...5...6...7...8...9...10	Bounce #12 added RGB(1, 1, 0)
0...1...2...3...4...5...6...7...8...9...10	Bounce #13 added RGB(0, 0, 0)
Build Patch/Sample Hash Table(s).....Done<0.0139 sec>
0...1...2...3...4...5...6...7...8...9...10FinalLightFace Done
0 of 0 (0% of) surface lights went in leaf ambient cubes.
0...1...2...3...4...5...6...7...8...9...10Writing leaf ambient...done
Ready to Finish

Object names       Objects/Maxobjs  Memory / Maxmem  Fullness 
------------       ---------------  ---------------  -------- 
models                 183/1024         8784/49152    (17.9%) 
brushes               1731/8192        20772/98304    (21.1%) 
brushsides           12939/81920      103512/655360   (15.8%) 
planes                9364/65536      187280/1310720  (14.3%) 
vertexes             10489/65536      125868/786432   (16.0%) 
nodes                 2718/65536       86976/2097152  ( 4.1%) 
texinfos              1915/12288      137880/884736   (15.6%) 
texdata                178/4096         5696/131072   ( 4.3%) 
dispinfos                3/0             528/0        ( 0.0%) 
disp_verts              75/0            1500/0        ( 0.0%) 
disp_tris               96/0             192/0        ( 0.0%) 
disp_multiblend          0/0               0/0        ( 0.0%) 
disp_lmsamples        1536/0            1536/0        ( 0.0%) 
faces                 5391/65536      301896/3670016  ( 8.2%) 
hdr faces                0/65536           0/3670016  ( 0.0%) 
origfaces             4024/65536      225344/3670016  ( 6.1%) 
facebrushes            420/0             840/0        ( 0.0%) 
facebrushlists        5391/0           21564/0        ( 0.0%) 
leaves                2902/65536       92864/2097152  ( 4.4%) 
leaffaces             7399/65536       14798/131072   (11.3%) 
leafbrushes           3685/65536        7370/131072   ( 5.6%) 
areas                   20/1024          160/8192     ( 2.0%) 
surfedges            42550/512000     170200/2048000  ( 8.3%) 
edges                27311/256000     109244/1024000  (10.7%) 
LDR worldlights         15/8192         1500/819200   ( 0.2%) 
HDR worldlights          0/8192            0/819200   ( 0.0%) 
leafwaterdata            0/32768           0/393216   ( 0.0%) 
waterstrips            645/32768        6450/327680   ( 2.0%) 
waterverts               0/65536           0/786432   ( 0.0%) 
waterindices         12690/65536       25380/131072   (19.4%) 
cubemapsamples          28/1024          448/16384    ( 2.7%) 
overlays               226/1024        79552/360448   (22.1%) 
LDR lightdata         [variable]     4182616/0        ( 0.0%) 
HDR lightdata         [variable]           0/0        ( 0.0%) 
visdata               [variable]      119041/16777216 ( 0.7%) 
entdata               [variable]      330277/393216   (84.0%) VERY FULL!
LDR ambient table     2902/65536       11608/262144   ( 4.4%) 
HDR ambient table     2902/65536       11608/262144   ( 4.4%) 
LDR leaf ambient      8844/65536      247632/1835008  (13.5%) 
HDR leaf ambient      2902/65536       81256/1835008  ( 4.4%) 
occluders                0/0               0/0        ( 0.0%) 
occluder polygons        0/0               0/0        ( 0.0%) 
occluder vert ind        0/0               0/0        ( 0.0%) 
detail props          [variable]           1/12       ( 8.3%) 
static props          [variable]           1/49726    ( 0.0%) 
pakfile               [variable]     2186255/0        ( 0.0%) 
physics               [variable]      704335/4194304  (16.8%) 
physics terrain       [variable]         497/1048576  ( 0.0%) 

Level flags = 7c

Total triangle count: 15710
Writing d:\desktop\computing\counter strike\maps\c1m4_atrium\try 2\c1m4_atrium_d.bsp
MSG_FILEWRITE - Filesystem was asked to write to 'd:\desktop\computing\counter strike\maps\c1m4_atrium\try 2\c1m4_atrium_d.bsp', but we don't own that location. Allowing.
27 seconds elapsed



materialPath: D:\Steam\steamapps\common\Counter-Strike Global Offensive\csgo\materials
Loading D:\Desktop\computing\Counter Strike\maps\c1m4_atrium\try 2\c1m4_atrium_d.vmf
Map revision 3
Material not found!: BRICK/BRICK_EXT_08
Material not found!: PLASTER/PLASTER_EXT_02
Material not found!: CONCRETE/CONCRETE_EXT_13B
Material not found!: CONCRETE/CONCRETE_EXT_13
Material not found!: PLASTER/PLASTER_CEILING_01
Material not found!: PLASTER/URBAN_PLASTERWALL_05C
Material not found!: TILE/TILE_MALL_FLOORTRIM00
Material not found!: TILE/TILE_MALL_STEPS00
Material not found!: BUILDINGS/COMPOSITE007
Material not found!: PLASTER/PLASTER_CEILING_04
Material not found!: TILE/TILE_MALL_INCLINE00
Material not found!: PLASTER/PLASTER_INT_17
Material not found!: WOOD/WOODWALL003A
Material not found!: PLASTIC/PLASTIC_CEDA_01
Material not found!: TILE/TILE_CEILING_01
Material not found!: TILE/TILE_MALL_WALLTRIM00_CHEAP
Material not found!: CONCRETE/BLACKTOP_EXT_04
Material not found!: PLASTER/PLASTER_EXT_18D
Material not found!: TILE/TILE_INT_04
Material not found!: METAL/METAL_EXT_TRIM01
Material not found!: METAL/DRTRIMA
Material not found!: WOOD/MALL_WOODTRIM00
Material not found!: METAL/METAL_DOOR_01
Material not found!: PROPS/METALLOCKERS003B
Material not found!: METAL/METAL_DOOR_02
Material not found!: METAL/VENT01
Material not found!: PLASTER/CEILINGTILES01_CHEAP
Material not found!: EFFECTS/SCAVENGE_BOUNDARY
Material not found!: SIGNS/SIGN_MALLSTORES_01
Material not found!: TILE/COUNTERTOP05
Material not found!: WOOD/CABINETS03
Material not found!: GLASS/URBAN_GLASS_02
Material not found!: SIGNS/SIGN_TRAFFICMESSAGE00
Material not found!: SIGNS/SIGN_MALL_SALE06
Material not found!: TILE/TILE_MALL_INCLINE00_CHEAP
Material not found!: SIGNS/SIGN_MALL_SALE07
Patching WVT material: maps/c1m4_atrium_d/de_train/blendgraveldirt001a_wvt_patch
fixing up env_cubemap materials on brush sides...
0...1...2...3...4...5...6...7...8...9...100...1...2...3...4...5...6...7...8...9...10Processing areas...done (0)
Building Faces...done (0)
Chop Details...done (0)
Find Visible Detail Sides...
Merged 582 detail faces...done (0)
Merging details...done (0)
FixTjuncs...
PruneNodes...
WriteBSP...
done (0)
writing D:\Desktop\computing\Counter Strike\maps\c1m4_atrium\try 2\c1m4_atrium_d.prt...Building visibility clusters...
done (0)
Finding displacement neighbors...
Finding lightmap sample positions...
Displacement Alpha : 0...1...2...3...4...5...6...7...8...9...10
Building Physics collision data...
done (1) (704335 bytes)
Error loading studio model "models/props_mall/bay_guardrail_left.mdl"!
Error loading studio model "models/props_mall/bay_guardrail_right.mdl"!
Error loading studio model "models/props_mall/bay_railing_left.mdl"!
Error loading studio model "models/props_mall/bay_railing_right.mdl"!
Error loading studio model "models/props_mall/elevator_structure.mdl"!
Error loading studio model "models/props_mall/elevator_glazing.mdl"!
Error loading studio model "models/props_mall/bay_railing_short.mdl"!
Error loading studio model "models/props_mall/bay_guardrail_short.mdl"!
Error loading studio model "models/props_mall/glass_support_left.mdl"!
Error loading studio model "models/props_mall/glass_support_center.mdl"!
Error loading studio model "models/props_mall/glass_support_right.mdl"!
Error loading studio model "models/props_mall/temp_structure_corner.mdl"!
Error loading studio model "models/props_mall/temp_structure_256.mdl"!
Error loading studio model "models/props_highway/scaffolding_320.mdl"!
Error loading studio model "models/props_highway/plywood_03.mdl"!
Error loading studio model "models/props_highway/scaffolding_320_base.mdl"!
Error loading studio model "models/props_interiors/toiletpaperdispenser_commercial.mdl"!
Error loading studio model "models/props_interiors/urinal01.mdl"!
Error loading studio model "models/props_unique/spawn_apartment/lantern.mdl"!
Error loading studio model "models/props_doors/checkpoint_door_-02_static.mdl"!
Error loading studio model "models/props_mall/mall_kioskb.mdl"!
Error loading studio model "models/props_mall/mall_kioskc.mdl"!
Error loading studio model "models/props_mall/mall_display_12.mdl"!
Error loading studio model "models/props_mall/mall_directory.mdl"!
Error loading studio model "models/props_equipment/elevator_buttons.mdl"!
Error loading studio model "models/props_mall/lower_stair_railing.mdl"!
Error loading studio model "models/props_mall/lower_stair_guardrail.mdl"!
Error loading studio model "models/props_mall/main_stair_railing.mdl"!
Error loading studio model "models/props_mall/main_stair_guardrail.mdl"!
Error loading studio model "models/props_buildings/storefront_window_right.mdl"!
Error loading studio model "models/props_mall/atrium_skylight.mdl"!
Error loading studio model "models/props_mall/mall_kiosk.mdl"!
Error loading studio model "models/props_vehicles/mall_banner.mdl"!
Error loading studio model "models/props_mall/clothing_tshirts.mdl"!
Error loading studio model "models/props_mall/clothing_dress_shirts.mdl"!
Error loading studio model "models/props_mall/clothing_pile02.mdl"!
Error loading studio model "models/props_mall/column_05.mdl"!
Error loading studio model "models/props_vents/vent_cluster007.mdl"!
Error loading studio model "models/deadbodies/default/oval_128_c.mdl"!
Error loading studio model "models/props_equipment/phone_booth_indoor.mdl"!
Error loading studio model "models/props_furniture/conduit_128.mdl"!
Error loading studio model "models/props_vehicles/racecar_stage.mdl"!
Error loading studio model "models/props_urban/ceiling_bubble001.mdl"!
Error loading studio model "models/props_signs/taco_bucket.mdl"!
Error loading studio model "models/deadbodies/default/pose_a.mdl"!
Error loading studio model "models/deadbodies/milltownrain/oval_192_a.mdl"!
Error loading studio model "models/props_highway/bridge_rail_tall_128.mdl"!
Error loading studio model "models/c1_chargerexit/mall_rampbundle.mdl"!
Error loading studio model "models/props_signs/georgia_pork_barrell.mdl"!
Error loading studio model "models/props_signs/wok_on_the_wild_side.mdl"!
Error loading studio model "models/props_furniture/conduit_bend_64.mdl"!
Error loading studio model "models/props_signs/liberty_mall_interior_128.mdl"!
Error loading studio model "models/c1_chargerexit/door_frames_static.mdl"!
Error loading studio model "models/props_foliage/mall_pot_large02.mdl"!
Error loading studio model "models/props_fortifications/concrete_post001_48.mdl"!
Error loading studio model "models/props_signs/beef_boy_stew.mdl"!
Error loading studio model "models/props_signs/potato_safari.mdl"!
Error loading studio model "models/props_urban/hotel_ceiling_vent001.mdl"!
Error loading studio model "models/props_interiors/bathroomsink01.mdl"!
Error loading studio model "models/deadbodies/default/fence_b.mdl"!
Error loading studio model "models/deadbodies/default/oval_192_b.mdl"!
Error loading studio model "models/deadbodies/default/barricade_c.mdl"!
Error loading studio model "models/deadbodies/cemetary/corner_b.mdl"!
Error loading studio model "models/deadbodies/default/oval_192_a.mdl"!
Error loading studio model "models/deadbodies/default/oval_128_a.mdl"!
Error loading studio model "models/deadbodies/default/oval_128_b.mdl"!
Error loading studio model "models/deadbodies/default/barricade_b.mdl"!
Error loading studio model "models/props_mall/atrium_stairs.mdl"!
Error loading studio model "models/props_vehicles/racecar_stage_floor.mdl"!
Error loading studio model "models/props_doors/checkpoint_doorframe_02.mdl"!
Error loading studio model "models/props_doors/checkpoint_frame_reinforcement_01.mdl"!
Error loading studio model "models/props_mall/mall_display_06.mdl"!
Error loading studio model "models/deadbodies/cemetary/barricade_a.mdl"!
Error loading studio model "models/deadbodies/cemetary/fence_b.mdl"!
Error loading studio model "models/props_mall/soffit_01.mdl"!
Error loading studio model "models/props_mall/info_desk_signage.mdl"!
Error loading studio model "models/props_mall/information_desk.mdl"!
Error loading studio model "models/props_signs/ladyshoes.mdl"!
Error loading studio model "models/props_signs/big_fashion_girl.mdl"!
Error loading studio model "models/props_signs/fancy_tramp.mdl"!
Error loading studio model "models/props_mall/soffit_03.mdl"!
Error loading studio model "models/props_foliage/mall_palmplant02.mdl"!
Error loading studio model "models/props_urban/planter001_256.mdl"!
Error loading studio model "models/props_foliage/mall_pot_squarexl01.mdl"!
Error loading studio model "models/props_foliage/mall_bigleaves_plant02.mdl"!
Error loading studio model "models/props_foliage/mall_bigleaves_plant03_medium.mdl"!
Error loading studio model "models/props_foliage/mall_bigleaves_plant03.mdl"!
Error loading studio model "models/deadbodies/human/pose_b.mdl"!
Placing detail props : 0...1...2...3...4...5...6...7...8...9...10
Compacting texture/material tables...
Reduced 3197 texinfos to 1915
Reduced 184 texdatas to 178 (7158 bytes to 6939)
Writing D:\Desktop\computing\Counter Strike\maps\c1m4_atrium\try 2\c1m4_atrium_d.bsp
MSG_FILEWRITE - Filesystem was asked to write to 'd:\desktop\computing\counter strike\maps\c1m4_atrium\try 2\c1m4_atrium_d.bsp', but we don't own that location. Allowing.
2 seconds elapsed



4 threads
reading d:\desktop\computing\counter strike\maps\c1m4_atrium\try 2\c1m4_atrium_d.bsp
reading d:\desktop\computing\counter strike\maps\c1m4_atrium\try 2\c1m4_atrium_d.prt
 682 portalclusters
2018 numportals
0...1...2...3...4...5...6...7...8...9...10Optimized: 8595 visible clusters (0.00%)
Total clusters visible: 376037
Average clusters visible: 551
Building PAS...
Average clusters audible: 676
visdatasize:119041  compressed from 120032
writing d:\desktop\computing\counter strike\maps\c1m4_atrium\try 2\c1m4_atrium_d.bsp
MSG_FILEWRITE - Filesystem was asked to write to 'd:\desktop\computing\counter strike\maps\c1m4_atrium\try 2\c1m4_atrium_d.bsp', but we don't own that location. Allowing.
0 seconds elapsed



[Reading texlights from 'lights.rad']
[17 texlights parsed from 'lights.rad']

Loading d:\desktop\computing\counter strike\maps\c1m4_atrium\try 2\c1m4_atrium_d.bsp
5391 faces
1055138 square feet [151939904.00 square inches]
3 Displacements
516 Square Feet [74427.96 Square Inches]
5391 patches before subdivision
52113 patches after subdivision
15 direct lights
0...1...2...3...4...5...6...7...8...9...100...1...2...3...4...5...6...7...8...9...10transfers 6411364, max 808
transfer lists:  48.9 megs
0...1...2...3...4...5...6...7...8...9...10	Bounce #1 added RGB(60351, 47459, 28582)
0...1...2...3...4...5...6...7...8...9...10	Bounce #2 added RGB(22418, 17496, 9707)
0...1...2...3...4...5...6...7...8...9...10	Bounce #3 added RGB(8188, 5866, 2640)
0...1...2...3...4...5...6...7...8...9...10	Bounce #4 added RGB(3116, 2189, 892)
0...1...2...3...4...5...6...7...8...9...10	Bounce #5 added RGB(1151, 755, 258)
0...1...2...3...4...5...6...7...8...9...10	Bounce #6 added RGB(438, 279, 85)
0...1...2...3...4...5...6...7...8...9...10	Bounce #7 added RGB(162, 97, 25)
0...1...2...3...4...5...6...7...8...9...10	Bounce #8 added RGB(62, 36, 8)
0...1...2...3...4...5...6...7...8...9...10	Bounce #9 added RGB(23, 13, 2)
0...1...2...3...4...5...6...7...8...9...10	Bounce #10 added RGB(9, 5, 1)
0...1...2...3...4...5...6...7...8...9...10	Bounce #11 added RGB(3, 2, 0)
0...1...2...3...4...5...6...7...8...9...10	Bounce #12 added RGB(1, 1, 0)
0...1...2...3...4...5...6...7...8...9...10	Bounce #13 added RGB(0, 0, 0)
Build Patch/Sample Hash Table(s).....Done<0.0134 sec>
0...1...2...3...4...5...6...7...8...9...10FinalLightFace Done
0 of 0 (0% of) surface lights went in leaf ambient cubes.
0...1...2...3...4...5...6...7...8...9...10Writing leaf ambient...done
Ready to Finish

Object names       Objects/Maxobjs  Memory / Maxmem  Fullness 
------------       ---------------  ---------------  -------- 
models                 183/1024         8784/49152    (17.9%) 
brushes               1731/8192        20772/98304    (21.1%) 
brushsides           12939/81920      103512/655360   (15.8%) 
planes                9364/65536      187280/1310720  (14.3%) 
vertexes             10489/65536      125868/786432   (16.0%) 
nodes                 2718/65536       86976/2097152  ( 4.1%) 
texinfos              1915/12288      137880/884736   (15.6%) 
texdata                178/4096         5696/131072   ( 4.3%) 
dispinfos                3/0             528/0        ( 0.0%) 
disp_verts              75/0            1500/0        ( 0.0%) 
disp_tris               96/0             192/0        ( 0.0%) 
disp_multiblend          0/0               0/0        ( 0.0%) 
disp_lmsamples        1536/0            1536/0        ( 0.0%) 
faces                 5391/65536      301896/3670016  ( 8.2%) 
hdr faces                0/65536           0/3670016  ( 0.0%) 
origfaces             4024/65536      225344/3670016  ( 6.1%) 
facebrushes            420/0             840/0        ( 0.0%) 
facebrushlists        5391/0           21564/0        ( 0.0%) 
leaves                2902/65536       92864/2097152  ( 4.4%) 
leaffaces             7399/65536       14798/131072   (11.3%) 
leafbrushes           3685/65536        7370/131072   ( 5.6%) 
areas                   20/1024          160/8192     ( 2.0%) 
surfedges            42550/512000     170200/2048000  ( 8.3%) 
edges                27311/256000     109244/1024000  (10.7%) 
LDR worldlights         15/8192         1500/819200   ( 0.2%) 
HDR worldlights          0/8192            0/819200   ( 0.0%) 
leafwaterdata            0/32768           0/393216   ( 0.0%) 
waterstrips            645/32768        6450/327680   ( 2.0%) 
waterverts               0/65536           0/786432   ( 0.0%) 
waterindices         12690/65536       25380/131072   (19.4%) 
cubemapsamples          28/1024          448/16384    ( 2.7%) 
overlays               226/1024        79552/360448   (22.1%) 
LDR lightdata         [variable]     4182616/0        ( 0.0%) 
HDR lightdata         [variable]           0/0        ( 0.0%) 
visdata               [variable]      119041/16777216 ( 0.7%) 
entdata               [variable]      330395/393216   (84.0%) VERY FULL!
LDR ambient table     2902/65536       11608/262144   ( 4.4%) 
HDR ambient table     2902/65536       11608/262144   ( 4.4%) 
LDR leaf ambient      8844/65536      247632/1835008  (13.5%) 
HDR leaf ambient      2902/65536       81256/1835008  ( 4.4%) 
occluders                0/0               0/0        ( 0.0%) 
occluder polygons        0/0               0/0        ( 0.0%) 
occluder vert ind        0/0               0/0        ( 0.0%) 
detail props          [variable]           1/12       ( 8.3%) 
static props          [variable]           1/49726    ( 0.0%) 
pakfile               [variable]     2186255/0        ( 0.0%) 
physics               [variable]      704335/4194304  (16.8%) 
physics terrain       [variable]         497/1048576  ( 0.0%) 

Level flags = 7c

Total triangle count: 15710
Writing d:\desktop\computing\counter strike\maps\c1m4_atrium\try 2\c1m4_atrium_d.bsp
MSG_FILEWRITE - Filesystem was asked to write to 'd:\desktop\computing\counter strike\maps\c1m4_atrium\try 2\c1m4_atrium_d.bsp', but we don't own that location. Allowing.
27 seconds elapsed



materialPath: D:\Steam\steamapps\common\Counter-Strike Global Offensive\csgo\materials
Loading D:\Desktop\computing\Counter Strike\maps\c1m4_atrium\try 2\c1m4_atrium_d.vmf
Map revision 4
Material not found!: BRICK/BRICK_EXT_08
Material not found!: PLASTER/PLASTER_EXT_02
Material not found!: CONCRETE/CONCRETE_EXT_13B
Material not found!: CONCRETE/CONCRETE_EXT_13
Material not found!: PLASTER/PLASTER_CEILING_01
Material not found!: PLASTER/URBAN_PLASTERWALL_05C
Material not found!: TILE/TILE_MALL_FLOORTRIM00
Material not found!: TILE/TILE_MALL_STEPS00
Material not found!: BUILDINGS/COMPOSITE007
Material not found!: PLASTER/PLASTER_CEILING_04
Material not found!: TILE/TILE_MALL_INCLINE00
Material not found!: PLASTER/PLASTER_INT_17
Material not found!: WOOD/WOODWALL003A
Material not found!: PLASTIC/PLASTIC_CEDA_01
Material not found!: TILE/TILE_CEILING_01
Material not found!: TILE/TILE_MALL_WALLTRIM00_CHEAP
Material not found!: CONCRETE/BLACKTOP_EXT_04
Material not found!: PLASTER/PLASTER_EXT_18D
Material not found!: TILE/TILE_INT_04
Material not found!: METAL/METAL_EXT_TRIM01
Material not found!: METAL/DRTRIMA
Material not found!: WOOD/MALL_WOODTRIM00
Material not found!: METAL/METAL_DOOR_01
Material not found!: PROPS/METALLOCKERS003B
Material not found!: METAL/METAL_DOOR_02
Material not found!: METAL/VENT01
Material not found!: PLASTER/CEILINGTILES01_CHEAP
Material not found!: EFFECTS/SCAVENGE_BOUNDARY
Material not found!: SIGNS/SIGN_MALLSTORES_01
Material not found!: TILE/COUNTERTOP05
Material not found!: WOOD/CABINETS03
Material not found!: GLASS/URBAN_GLASS_02
Material not found!: SIGNS/SIGN_TRAFFICMESSAGE00
Material not found!: SIGNS/SIGN_MALL_SALE06
Material not found!: TILE/TILE_MALL_INCLINE00_CHEAP
Material not found!: SIGNS/SIGN_MALL_SALE07
Patching WVT material: maps/c1m4_atrium_d/de_train/blendgraveldirt001a_wvt_patch
fixing up env_cubemap materials on brush sides...
0...1...2...3...4...5...6...7...8...9...100...1...2...3...4...5...6...7...8...9...10Processing areas...done (0)
Building Faces...done (0)
Chop Details...done (0)
Find Visible Detail Sides...
Merged 582 detail faces...done (0)
Merging details...done (0)
FixTjuncs...
PruneNodes...
WriteBSP...
done (0)
writing D:\Desktop\computing\Counter Strike\maps\c1m4_atrium\try 2\c1m4_atrium_d.prt...Building visibility clusters...
done (0)
Finding displacement neighbors...
Finding lightmap sample positions...
Displacement Alpha : 0...1...2...3...4...5...6...7...8...9...10
Building Physics collision data...
done (1) (706431 bytes)
Error loading studio model "models/props_mall/bay_guardrail_left.mdl"!
Error loading studio model "models/props_mall/bay_guardrail_right.mdl"!
Error loading studio model "models/props_mall/bay_railing_left.mdl"!
Error loading studio model "models/props_mall/bay_railing_right.mdl"!
Error loading studio model "models/props_mall/elevator_structure.mdl"!
Error loading studio model "models/props_mall/elevator_glazing.mdl"!
Error loading studio model "models/props_mall/bay_railing_short.mdl"!
Error loading studio model "models/props_mall/bay_guardrail_short.mdl"!
Error loading studio model "models/props_mall/glass_support_left.mdl"!
Error loading studio model "models/props_mall/glass_support_center.mdl"!
Error loading studio model "models/props_mall/glass_support_right.mdl"!
Error loading studio model "models/props_mall/temp_structure_corner.mdl"!
Error loading studio model "models/props_mall/temp_structure_256.mdl"!
Error loading studio model "models/props_highway/scaffolding_320.mdl"!
Error loading studio model "models/props_highway/plywood_03.mdl"!
Error loading studio model "models/props_highway/scaffolding_320_base.mdl"!
Error loading studio model "models/props_interiors/toiletpaperdispenser_commercial.mdl"!
Error loading studio model "models/props_interiors/urinal01.mdl"!
Error loading studio model "models/props_unique/spawn_apartment/lantern.mdl"!
Error loading studio model "models/props_doors/checkpoint_door_-02_static.mdl"!
Error loading studio model "models/props_mall/mall_kioskb.mdl"!
Error loading studio model "models/props_mall/mall_kioskc.mdl"!
Error loading studio model "models/props_mall/mall_display_12.mdl"!
Error loading studio model "models/props_mall/mall_directory.mdl"!
Error loading studio model "models/props_equipment/elevator_buttons.mdl"!
Error loading studio model "models/props_mall/lower_stair_railing.mdl"!
Error loading studio model "models/props_mall/lower_stair_guardrail.mdl"!
Error loading studio model "models/props_mall/main_stair_railing.mdl"!
Error loading studio model "models/props_mall/main_stair_guardrail.mdl"!
Error loading studio model "models/props_buildings/storefront_window_right.mdl"!
Error loading studio model "models/props_mall/atrium_skylight.mdl"!
Error loading studio model "models/props_mall/mall_kiosk.mdl"!
Error loading studio model "models/props_vehicles/mall_banner.mdl"!
Error loading studio model "models/props_mall/clothing_tshirts.mdl"!
Error loading studio model "models/props_mall/clothing_dress_shirts.mdl"!
Error loading studio model "models/props_mall/clothing_pile02.mdl"!
Error loading studio model "models/props_mall/column_05.mdl"!
Error loading studio model "models/props_vents/vent_cluster007.mdl"!
Error loading studio model "models/deadbodies/default/oval_128_c.mdl"!
Error loading studio model "models/props_equipment/phone_booth_indoor.mdl"!
Error loading studio model "models/props_furniture/conduit_128.mdl"!
Error loading studio model "models/props_vehicles/racecar_stage.mdl"!
Error loading studio model "models/props_urban/ceiling_bubble001.mdl"!
Error loading studio model "models/props_signs/taco_bucket.mdl"!
Error loading studio model "models/deadbodies/default/pose_a.mdl"!
Error loading studio model "models/deadbodies/milltownrain/oval_192_a.mdl"!
Error loading studio model "models/props_highway/bridge_rail_tall_128.mdl"!
Error loading studio model "models/c1_chargerexit/mall_rampbundle.mdl"!
Error loading studio model "models/props_signs/georgia_pork_barrell.mdl"!
Error loading studio model "models/props_signs/wok_on_the_wild_side.mdl"!
Error loading studio model "models/props_furniture/conduit_bend_64.mdl"!
Error loading studio model "models/props_signs/liberty_mall_interior_128.mdl"!
Error loading studio model "models/c1_chargerexit/door_frames_static.mdl"!
Error loading studio model "models/props_foliage/mall_pot_large02.mdl"!
Error loading studio model "models/props_fortifications/concrete_post001_48.mdl"!
Error loading studio model "models/props_signs/beef_boy_stew.mdl"!
Error loading studio model "models/props_signs/potato_safari.mdl"!
Error loading studio model "models/props_urban/hotel_ceiling_vent001.mdl"!
Error loading studio model "models/props_interiors/bathroomsink01.mdl"!
Error loading studio model "models/deadbodies/default/fence_b.mdl"!
Error loading studio model "models/deadbodies/default/oval_192_b.mdl"!
Error loading studio model "models/deadbodies/default/barricade_c.mdl"!
Error loading studio model "models/deadbodies/cemetary/corner_b.mdl"!
Error loading studio model "models/deadbodies/default/oval_192_a.mdl"!
Error loading studio model "models/deadbodies/default/oval_128_a.mdl"!
Error loading studio model "models/deadbodies/default/oval_128_b.mdl"!
Error loading studio model "models/deadbodies/default/barricade_b.mdl"!
Error loading studio model "models/props_mall/atrium_stairs.mdl"!
Error loading studio model "models/props_vehicles/racecar_stage_floor.mdl"!
Error loading studio model "models/props_doors/checkpoint_doorframe_02.mdl"!
Error loading studio model "models/props_doors/checkpoint_frame_reinforcement_01.mdl"!
Error loading studio model "models/props_mall/mall_display_06.mdl"!
Error loading studio model "models/deadbodies/cemetary/barricade_a.mdl"!
Error loading studio model "models/deadbodies/cemetary/fence_b.mdl"!
Error loading studio model "models/props_mall/soffit_01.mdl"!
Error loading studio model "models/props_mall/info_desk_signage.mdl"!
Error loading studio model "models/props_mall/information_desk.mdl"!
Error loading studio model "models/props_signs/ladyshoes.mdl"!
Error loading studio model "models/props_signs/big_fashion_girl.mdl"!
Error loading studio model "models/props_signs/fancy_tramp.mdl"!
Error loading studio model "models/props_mall/soffit_03.mdl"!
Error loading studio model "models/props_foliage/mall_palmplant02.mdl"!
Error loading studio model "models/props_urban/planter001_256.mdl"!
Error loading studio model "models/props_foliage/mall_pot_squarexl01.mdl"!
Error loading studio model "models/props_foliage/mall_bigleaves_plant02.mdl"!
Error loading studio model "models/props_foliage/mall_bigleaves_plant03_medium.mdl"!
Error loading studio model "models/props_foliage/mall_bigleaves_plant03.mdl"!
Error loading studio model "models/deadbodies/human/pose_b.mdl"!
Placing detail props : 0...1...2...3...4...5...6...7...8...9...10
Compacting texture/material tables...
Reduced 3198 texinfos to 1915
Reduced 184 texdatas to 178 (7158 bytes to 6939)
Writing D:\Desktop\computing\Counter Strike\maps\c1m4_atrium\try 2\c1m4_atrium_d.bsp
MSG_FILEWRITE - Filesystem was asked to write to 'd:\desktop\computing\counter strike\maps\c1m4_atrium\try 2\c1m4_atrium_d.bsp', but we don't own that location. Allowing.
2 seconds elapsed



4 threads
reading d:\desktop\computing\counter strike\maps\c1m4_atrium\try 2\c1m4_atrium_d.bsp
reading d:\desktop\computing\counter strike\maps\c1m4_atrium\try 2\c1m4_atrium_d.prt
 684 portalclusters
2035 numportals
0...1...2...3...4...5...6...7...8...9...10Optimized: 8251 visible clusters (0.00%)
Total clusters visible: 377835
Average clusters visible: 552
Building PAS...
Average clusters audible: 678
visdatasize:119213  compressed from 120384
writing d:\desktop\computing\counter strike\maps\c1m4_atrium\try 2\c1m4_atrium_d.bsp
MSG_FILEWRITE - Filesystem was asked to write to 'd:\desktop\computing\counter strike\maps\c1m4_atrium\try 2\c1m4_atrium_d.bsp', but we don't own that location. Allowing.
0 seconds elapsed



[Reading texlights from 'lights.rad']
[17 texlights parsed from 'lights.rad']

Loading d:\desktop\computing\counter strike\maps\c1m4_atrium\try 2\c1m4_atrium_d.bsp
5395 faces
1055138 square feet [151939936.00 square inches]
3 Displacements
516 Square Feet [74427.96 Square Inches]
5395 patches before subdivision
52003 patches after subdivision
15 direct lights
0...1...2...3...4...5...6...7...8...9...100...1...2...3...4...5...6...7...8...9...10transfers 6389016, max 807
transfer lists:  48.7 megs
0...1...2...3...4...5...6...7...8...9...10	Bounce #1 added RGB(60234, 47373, 28535)
0...1...2...3...4...5...6...7...8...9...10	Bounce #2 added RGB(22282, 17396, 9656)
0...1...2...3...4...5...6...7...8...9...10	Bounce #3 added RGB(8152, 5841, 2630)
0...1...2...3...4...5...6...7...8...9...10	Bounce #4 added RGB(3096, 2175, 887)
0...1...2...3...4...5...6...7...8...9...10	Bounce #5 added RGB(1143, 751, 257)
0...1...2...3...4...5...6...7...8...9...10	Bounce #6 added RGB(434, 277, 85)
0...1...2...3...4...5...6...7...8...9...10	Bounce #7 added RGB(161, 97, 25)
0...1...2...3...4...5...6...7...8...9...10	Bounce #8 added RGB(61, 35, 8)
0...1...2...3...4...5...6...7...8...9...10	Bounce #9 added RGB(23, 12, 2)
0...1...2...3...4...5...6...7...8...9...10	Bounce #10 added RGB(9, 5, 1)
0...1...2...3...4...5...6...7...8...9...10	Bounce #11 added RGB(3, 2, 0)
0...1...2...3...4...5...6...7...8...9...10	Bounce #12 added RGB(1, 1, 0)
0...1...2...3...4...5...6...7...8...9...10	Bounce #13 added RGB(0, 0, 0)
Build Patch/Sample Hash Table(s).....Done<0.0138 sec>
0...1...2...3...4...5...6...7...8...9...10FinalLightFace Done
0 of 0 (0% of) surface lights went in leaf ambient cubes.
0...1...2...3...4...5...6...7...8...9...10Writing leaf ambient...done
Ready to Finish

Object names       Objects/Maxobjs  Memory / Maxmem  Fullness 
------------       ---------------  ---------------  -------- 
models                 183/1024         8784/49152    (17.9%) 
brushes               1737/8192        20844/98304    (21.2%) 
brushsides           12975/81920      103800/655360   (15.8%) 
planes                9386/65536      187720/1310720  (14.3%) 
vertexes             10496/65536      125952/786432   (16.0%) 
nodes                 2718/65536       86976/2097152  ( 4.1%) 
texinfos              1915/12288      137880/884736   (15.6%) 
texdata                178/4096         5696/131072   ( 4.3%) 
dispinfos                3/0             528/0        ( 0.0%) 
disp_verts              75/0            1500/0        ( 0.0%) 
disp_tris               96/0             192/0        ( 0.0%) 
disp_multiblend          0/0               0/0        ( 0.0%) 
disp_lmsamples        1536/0            1536/0        ( 0.0%) 
faces                 5395/65536      302120/3670016  ( 8.2%) 
hdr faces                0/65536           0/3670016  ( 0.0%) 
origfaces             4025/65536      225400/3670016  ( 6.1%) 
facebrushes            416/0             832/0        ( 0.0%) 
facebrushlists        5395/0           21580/0        ( 0.0%) 
leaves                2902/65536       92864/2097152  ( 4.4%) 
leaffaces             7400/65536       14800/131072   (11.3%) 
leafbrushes           3836/65536        7672/131072   ( 5.9%) 
areas                   20/1024          160/8192     ( 2.0%) 
surfedges            42576/512000     170304/2048000  ( 8.3%) 
edges                27325/256000     109300/1024000  (10.7%) 
LDR worldlights         15/8192         1500/819200   ( 0.2%) 
HDR worldlights          0/8192            0/819200   ( 0.0%) 
leafwaterdata            0/32768           0/393216   ( 0.0%) 
waterstrips            643/32768        6430/327680   ( 2.0%) 
waterverts               0/65536           0/786432   ( 0.0%) 
waterindices         12663/65536       25326/131072   (19.3%) 
cubemapsamples          28/1024          448/16384    ( 2.7%) 
overlays               226/1024        79552/360448   (22.1%) 
LDR lightdata         [variable]     4201728/0        ( 0.0%) 
HDR lightdata         [variable]           0/0        ( 0.0%) 
visdata               [variable]      119213/16777216 ( 0.7%) 
entdata               [variable]      330395/393216   (84.0%) VERY FULL!
LDR ambient table     2902/65536       11608/262144   ( 4.4%) 
HDR ambient table     2902/65536       11608/262144   ( 4.4%) 
LDR leaf ambient      8870/65536      248360/1835008  (13.5%) 
HDR leaf ambient      2902/65536       81256/1835008  ( 4.4%) 
occluders                0/0               0/0        ( 0.0%) 
occluder polygons        0/0               0/0        ( 0.0%) 
occluder vert ind        0/0               0/0        ( 0.0%) 
detail props          [variable]           1/12       ( 8.3%) 
static props          [variable]           1/49724    ( 0.0%) 
pakfile               [variable]     2186255/0        ( 0.0%) 
physics               [variable]      706431/4194304  (16.8%) 
physics terrain       [variable]         497/1048576  ( 0.0%) 

Level flags = 7c

Total triangle count: 15724
Writing d:\desktop\computing\counter strike\maps\c1m4_atrium\try 2\c1m4_atrium_d.bsp
MSG_FILEWRITE - Filesystem was asked to write to 'd:\desktop\computing\counter strike\maps\c1m4_atrium\try 2\c1m4_atrium_d.bsp', but we don't own that location. Allowing.
27 seconds elapsed
