PRT1
145
550
4 0 7 (809.572510 1024 192 ) (0 1024 192 ) (0 1024 -61 ) (809.572510 1024 -61 ) 
4 0 1 (0 1024 -61 ) (0 1024 192 ) (0 1833.584473 192 ) (0 1833.584473 -61 ) 
4 1 13 (0 1024 -61 ) (0 1024 192 ) (-1024 1024 192 ) (-1024 1024 -61 ) 
4 1 2 (-1024 1024 -61 ) (-1024 1024 192 ) (-1024 1833.573975 192 ) (-1024 1833.573730 -61 ) 
4 2 129 (-1024 1024 -61 ) (-1024 1024 192 ) (-1833.568848 1024 192 ) (-1833.568726 1024 -61 ) 
4 3 13 (0 0 -61 ) (0 0 192 ) (0 222.789261 192 ) (0 222.789246 -61 ) 
4 3 10 (167.092468 0 192 ) (35.453812 0 192 ) (35.453812 0 -61 ) (167.092438 0 -61 ) 
4 3 9 (35.453812 0 192 ) (0 0 192 ) (0 0 -61 ) (35.453812 0 -61 ) 
4 3 6 (0 222.786133 -61 ) (0 222.790527 192 ) (167.093750 0 192 ) (167.090118 0 -61 ) 
3 4 11 (564.432983 0 192 ) (564.232300 0 192 ) (564.117798 0 -80 ) 
4 4 6 (564.121338 0 -61 ) (564.226563 0 192 ) (0 423.172333 192 ) (0 423.092834 -61 ) 
4 4 5 (0 423.100433 -61 ) (0 423.319763 192 ) (564.424194 0 192 ) (564.132996 0 -61 ) 
4 5 13 (0 423.096161 -61 ) (0 423.176025 192 ) (0 500.907837 192 ) (0 500.907837 -61 ) 
4 5 11 (809.572693 0 192 ) (564.432983 0 192 ) (564.139832 0 -61 ) (809.572693 0 -61 ) 
4 5 7 (0 500.909424 -61 ) (0 500.909515 192 ) (824.806274 51.014893 192 ) (824.806213 51.014606 -61 ) 
4 6 13 (0 222.789246 -61 ) (0 222.789261 192 ) (0 423.176025 192 ) (0 423.096161 -61 ) 
4 6 12 (564.232300 0 192 ) (167.092468 0 192 ) (167.092438 0 -61 ) (564.125793 0 -61 ) 
4 7 13 (0 1024 192 ) (0 1024 -61 ) (0 500.907837 -61 ) (0 500.907837 192 ) 
4 8 139 (0 -809.574951 192 ) (0 -277.247803 192 ) (0 -277.247833 -61 ) (0 -809.575073 -61 ) 
4 8 9 (0 -277.238770 -61 ) (0 -277.245453 192 ) (152.724731 -735.424744 192 ) (152.726685 -735.423645 -61 ) 
4 9 140 (0 -277.247803 192 ) (0 0 192 ) (0 0 -61 ) (0 -277.247833 -61 ) 
4 9 10 (35.453678 0 -61 ) (35.452938 0 192 ) (362.043335 -598.747559 192 ) (362.044342 -598.746704 -61 ) 
4 10 12 (167.087906 0 -61 ) (167.092148 0 192 ) (514.749695 -463.542419 192 ) (514.747559 -463.544861 -61 ) 
4 11 12 (744.668823 -135.408676 -61 ) (744.699341 -135.351669 192 ) (564.231201 0 192 ) (564.124695 0 -61 ) 
4 13 140 (0 0 -61 ) (0 0 192 ) (-92.414909 0 192 ) (-92.414917 0 -61 ) 
4 13 139 (-92.414909 0 192 ) (-233.854950 0 192 ) (-233.854965 0 -61 ) (-92.414917 0 -61 ) 
4 13 138 (-233.854950 0 192 ) (-315.774963 0 192 ) (-315.774963 0 -61 ) (-233.854965 0 -61 ) 
4 13 137 (-315.774963 0 192 ) (-433.747131 0 192 ) (-433.747131 0 -61 ) (-315.774963 0 -61 ) 
4 13 136 (-433.747131 0 192 ) (-600.910461 0 192 ) (-600.910461 0 -61 ) (-433.747131 0 -61 ) 
4 13 135 (-600.910461 0 192 ) (-1024 0 192 ) (-1024 0 -61 ) (-600.910461 0 -61 ) 
4 13 134 (-1024 92.410583 -61 ) (-1024 0 -61 ) (-1024 0 192 ) (-1024 92.410576 192 ) 
4 13 133 (-1024 315.774872 -61 ) (-1024 92.410583 -61 ) (-1024 92.410576 192 ) (-1024 315.774872 192 ) 
4 13 132 (-1024 433.746887 -61 ) (-1024 315.774872 -61 ) (-1024 315.774872 192 ) (-1024 433.746857 192 ) 
4 13 130 (-1024 523.067383 -61 ) (-1024 433.746887 -61 ) (-1024 433.746857 192 ) (-1024 522.747803 192 ) 
4 13 129 (-1024 1024 192 ) (-1024 1024 -61 ) (-1024 523.067383 -61 ) (-1024 522.747803 192 ) 
3 13 20 (-661.186340 376.851898 -61 ) (-541.594788 645.347351 -61 ) (-349.325256 480.608459 -61 ) 
14 13 18 (-290.378632 430.102295 -61 ) (-293.345215 421.202637 -61 ) (-315.578339 380.441986 -61 ) (-343.377258 343.376831 -61 ) (-380.358551 315.640533 -61 ) (-421.282166 293.318665 -61 ) (-465.674561 278.521027 -61 ) (-512 274.815002 -61 ) (-558.325073 278.520996 -61 ) (-602.910278 293.382813 -61 ) (-643.303955 315.415680 -61 ) (-677.220947 340.852631 -61 ) (-661.186340 376.851898 -61 ) (-349.325256 480.608459 -61 ) 
12 13 16 (-380.356842 708.375305 -61 ) (-343.405090 680.661377 -61 ) (-315.582031 643.564087 -61 ) (-293.344391 602.795166 -61 ) (-278.520966 558.324341 -61 ) (-274.815002 512 -61 ) (-278.520996 465.675018 -61 ) (-290.378632 430.102295 -61 ) (-541.594788 645.347351 -61 ) (-495.917206 747.898315 -61 ) (-465.675171 745.479004 -61 ) (-421.201813 730.654358 -61 ) 
15 13 14 (-495.917206 747.898376 -61 ) (-677.220886 340.852631 -61 ) (-680.721802 343.478180 -61 ) (-708.360168 380.329224 -61 ) (-730.654480 421.201294 -61 ) (-745.479004 465.674286 -61 ) (-749.185059 512 -61 ) (-745.478638 558.326050 -61 ) (-730.655762 602.795654 -61 ) (-708.410339 643.575500 -61 ) (-680.633362 680.617065 -61 ) (-643.570129 708.415649 -61 ) (-602.799683 730.654114 -61 ) (-558.321350 745.479248 -61 ) (-512 749.184937 -61 ) 
4 14 56 (-661.186462 376.851898 -80 ) (-587.216919 542.921204 -80 ) (-587.216736 542.921692 -66.019699 ) (-661.186462 376.851898 -66.019699 ) 
4 14 54 (-580.402893 558.219482 -80 ) (-578.135010 563.311157 -80 ) (-578.135010 563.311157 -66.019699 ) (-580.400635 558.224609 -66.019699 ) 
4 14 51 (-578.135010 563.311157 -80 ) (-541.595093 645.347168 -80 ) (-541.595032 645.347351 -66.019699 ) (-578.135010 563.311157 -66.019699 ) 
4 14 42 (-541.595032 645.347351 -66.019699 ) (-541.595032 645.347351 -64.019699 ) (-580.419250 558.182739 -64.019699 ) (-580.419250 558.182800 -66.019699 ) 
4 14 41 (-587.216980 542.921082 -64.019699 ) (-591.813171 532.602173 -64.019699 ) (-591.813171 532.602234 -66.019699 ) (-587.216980 542.921143 -66.019699 ) 
4 14 40 (-591.813171 532.602173 -64.019699 ) (-595.478271 524.373596 -64.019699 ) (-595.478271 524.373657 -66.019699 ) (-591.813171 532.602234 -66.019699 ) 
4 14 39 (-595.478271 524.373596 -64.019699 ) (-599 516.465942 -64.019699 ) (-599 516.466003 -66.019699 ) (-595.478271 524.373657 -66.019699 ) 
4 14 38 (-599 516.465942 -64.019699 ) (-600.966309 512.052368 -64.019699 ) (-600.966309 512.052429 -66.019699 ) (-599 516.466003 -66.019699 ) 
4 14 37 (-600.966309 512.052368 -64.019699 ) (-607.507751 497.366180 -64.019699 ) (-607.507751 497.366241 -66.019699 ) (-600.966309 512.052429 -66.019699 ) 
4 14 36 (-607.507751 497.366180 -64.019699 ) (-611.210571 489.052917 -64.019699 ) (-611.210632 489.052917 -66.019699 ) (-607.507751 497.366241 -66.019699 ) 
4 14 35 (-611.210571 489.052917 -64.019699 ) (-619.337524 470.807098 -64.019699 ) (-619.337585 470.807098 -66.019699 ) (-611.210632 489.052917 -66.019699 ) 
4 14 34 (-619.337524 470.807098 -64.019699 ) (-622.646912 463.377197 -64.019699 ) (-622.646912 463.377258 -66.019699 ) (-619.337585 470.807098 -66.019699 ) 
4 14 33 (-622.646912 463.377197 -64.019699 ) (-631.639526 443.187805 -64.019699 ) (-631.639587 443.187775 -66.019699 ) (-622.646912 463.377258 -66.019699 ) 
4 14 32 (-631.639526 443.187805 -64.019699 ) (-644.139648 415.123749 -64.019699 ) (-644.139648 415.123749 -66.019699 ) (-631.639587 443.187775 -66.019699 ) 
4 14 31 (-644.139648 415.123749 -64.019699 ) (-661.186462 376.851898 -64.019699 ) (-661.186462 376.851898 -66.019699 ) (-644.139648 415.123749 -66.019699 ) 
4 14 20 (-541.595032 645.347351 -64.019699 ) (-541.594971 645.347412 -61 ) (-661.186462 376.851898 -61 ) (-661.186462 376.851898 -64.019699 ) 
4 14 18 (-677.221069 340.852448 -80 ) (-661.186462 376.851898 -80 ) (-661.186462 376.851898 -61 ) (-677.221008 340.852661 -61 ) 
4 14 16 (-541.595093 645.347168 -80 ) (-495.918274 747.896484 -80 ) (-495.917419 747.898376 -61 ) (-541.594971 645.347412 -61 ) 
15 14 15 (-495.919830 747.896545 -80 ) (-677.222229 340.853363 -80 ) (-680.671326 343.440125 -80 ) (-708.418701 380.436493 -80 ) (-730.654541 421.201508 -80 ) (-745.478943 465.674164 -80 ) (-749.185059 512 -80 ) (-745.478638 558.325928 -80 ) (-730.655884 602.795288 -80 ) (-708.456055 643.491638 -80 ) (-680.593933 680.646606 -80 ) (-643.569824 708.415894 -80 ) (-602.799927 730.654053 -80 ) (-558.321411 745.479248 -80 ) (-512.012146 749.183960 -80 ) 
15 15 96 (-646.487793 712.788696 -94.019699 ) (-604.827698 735.510132 -94.019699 ) (-559.348572 750.669861 -94.019699 ) (-512.005005 754.458801 -94.019699 ) (-493.649231 752.990173 -94.019699 ) (-679.421936 335.911102 -94.019699 ) (-684.362244 339.616608 -94.019699 ) (-712.764404 377.484253 -94.019699 ) (-735.538818 419.241180 -94.019699 ) (-750.667786 464.628204 -94.019699 ) (-754.458618 512.003906 -94.019699 ) (-750.669678 559.352783 -94.019699 ) (-735.512573 604.824768 -94.019699 ) (-712.779602 646.505981 -94.019699 ) (-684.382568 684.366333 -94.019699 ) 
4 15 56 (-661.186523 376.851868 -94.019699 ) (-587.216675 542.921997 -94.019699 ) (-587.216736 542.921814 -80 ) (-661.186462 376.851898 -80 ) 
4 15 54 (-580.405396 558.214050 -94.019699 ) (-578.135071 563.311157 -94.019699 ) (-578.135010 563.311157 -80 ) (-580.402893 558.219543 -80 ) 
4 15 51 (-578.135071 563.311157 -94.019699 ) (-541.595215 645.346924 -94.019699 ) (-541.595093 645.347168 -80 ) (-578.135010 563.311157 -80 ) 
4 15 19 (-679.422058 335.911163 -94.019699 ) (-661.186523 376.851868 -94.019699 ) (-661.186462 376.851898 -80 ) (-679.421997 335.911194 -80 ) 
4 15 17 (-541.595215 645.346924 -94.019699 ) (-493.649414 752.990234 -94.019699 ) (-493.649414 752.990234 -80 ) (-541.595093 645.347168 -80 ) 
4 16 59 (-512.059021 620.038452 -80 ) (-465.820282 580.420471 -80 ) (-465.819458 580.420105 -66.019699 ) (-512.058838 620.038574 -66.019699 ) 
4 16 52 (-453.853912 570.167542 -80 ) (-349.327332 480.607788 -80 ) (-349.327057 480.607819 -66.019699 ) (-453.854767 570.168579 -66.019699 ) 
4 16 51 (-541.596191 645.346619 -66.019699 ) (-541.596252 645.346375 -80 ) (-512.059021 620.038452 -80 ) (-512.058838 620.038574 -66.019699 ) 
4 16 50 (-469.111176 583.240479 -66.019699 ) (-465.819519 580.420166 -66.019699 ) (-465.819427 580.420105 -64.019699 ) (-469.111145 583.240479 -64.019699 ) 
4 16 49 (-477.265564 590.227234 -66.019699 ) (-469.111176 583.240479 -66.019699 ) (-469.111145 583.240479 -64.019699 ) (-477.265533 590.227234 -64.019699 ) 
4 16 48 (-485.258118 597.075378 -66.019699 ) (-477.265564 590.227234 -66.019699 ) (-477.265533 590.227234 -64.019699 ) (-485.258087 597.075378 -64.019699 ) 
4 16 47 (-453.844177 570.159485 -66.019699 ) (-445.853210 563.312744 -66.019699 ) (-445.853210 563.312744 -64.019699 ) (-453.844208 570.159546 -64.019699 ) 
4 16 46 (-493.123169 603.814270 -66.019699 ) (-485.258118 597.075378 -66.019699 ) (-485.258087 597.075378 -64.019699 ) (-493.123138 603.814270 -64.019699 ) 
4 16 45 (-497.365723 607.449341 -66.019699 ) (-493.123169 603.814270 -66.019699 ) (-493.123138 603.814270 -64.019699 ) (-497.365692 607.449341 -64.019699 ) 
4 16 44 (-512.010376 619.997070 -66.019699 ) (-497.365723 607.449341 -66.019699 ) (-497.365692 607.449341 -64.019699 ) (-512.010376 619.997131 -64.019699 ) 
4 16 43 (-520.902649 627.616089 -66.019699 ) (-512.010376 619.997070 -66.019699 ) (-512.010376 619.997131 -64.019699 ) (-520.902588 627.616089 -64.019699 ) 
4 16 42 (-541.596191 645.346619 -64.019699 ) (-541.596191 645.346619 -66.019699 ) (-520.902649 627.616089 -66.019699 ) (-520.902588 627.616089 -64.019699 ) 
4 16 21 (-445.853210 563.312744 -66.019699 ) (-349.327057 480.607819 -66.019699 ) (-349.327026 480.607819 -64.019699 ) (-445.853210 563.312744 -64.019699 ) 
4 16 20 (-541.596130 645.346680 -61 ) (-541.596191 645.346619 -64.019699 ) (-349.327026 480.607819 -64.019699 ) (-349.326965 480.607849 -61 ) 
4 16 18 (-349.327332 480.607788 -80 ) (-290.379303 430.100311 -80 ) (-290.379211 430.100616 -61 ) (-349.326965 480.607849 -61 ) 
12 16 17 (-290.378632 430.102478 -80 ) (-541.585938 645.339844 -80 ) (-495.906281 747.895508 -80 ) (-465.667389 745.476379 -80 ) (-421.201782 730.654358 -80 ) (-380.437225 708.419128 -80 ) (-343.376953 680.623840 -80 ) (-315.581940 643.563904 -80 ) (-293.344360 602.795166 -80 ) (-278.520935 558.324341 -80 ) (-274.815948 512.012024 -80 ) (-278.523621 465.667175 -80 ) 
3 17 124 (-453.859131 570.173645 -94.019699 ) (-485.256775 597.075500 -94.019699 ) (-477.644043 597.921570 -94.019699 ) 
4 17 123 (-485.256775 597.075500 -94.019699 ) (-493.136963 603.827332 -94.019699 ) (-485.026825 606.534485 -94.019699 ) (-477.644043 597.921570 -94.019699 ) 
4 17 122 (-493.136963 603.827332 -94.019699 ) (-497.364777 607.449768 -94.019699 ) (-488.998627 611.168091 -94.019699 ) (-485.026825 606.534485 -94.019699 ) 
4 17 121 (-497.364777 607.449768 -94.019699 ) (-512.009644 619.997681 -94.019699 ) (-503.107819 627.628174 -94.019699 ) (-488.998627 611.168091 -94.019699 ) 
4 17 120 (-512.009644 619.997681 -94.019699 ) (-520.901978 627.616760 -94.019699 ) (-512 638.001953 -94.019699 ) (-503.107819 627.628174 -94.019699 ) 
4 17 119 (-520.901978 627.616760 -94.019699 ) (-541.595032 645.346802 -94.019699 ) (-533.627991 663.233582 -94.019699 ) (-512 638.001953 -94.019699 ) 
13 17 97 (-464.643463 750.669495 -94.019699 ) (-419.188416 735.517578 -94.019699 ) (-377.501404 712.780823 -94.019699 ) (-354.627319 695.624329 -94.019699 ) (-315.582031 643.564087 -94.019699 ) (-293.344391 602.795166 -94.019699 ) (-278.520966 558.324341 -94.019699 ) (-274.815002 512 -94.019699 ) (-278.520996 465.675018 -94.019699 ) (-290.378815 430.101746 -94.019699 ) (-453.859131 570.173645 -94.019699 ) (-533.627991 663.233582 -94.019699 ) (-493.649200 752.990234 -94.019699 ) 
4 17 95 (-353.002777 693.454956 -94.019699 ) (-354.632996 695.628540 -94.019699 ) (-354.633026 695.628540 -80 ) (-353.002808 693.454956 -80 ) 
4 17 94 (-315.575989 643.553040 -94.019699 ) (-353.002777 693.454956 -94.019699 ) (-353.002808 693.454956 -80 ) (-315.575653 643.552429 -80 ) 
4 17 93 (-293.341949 602.787964 -94.019699 ) (-315.585938 643.568359 -94.019699 ) (-315.585938 643.568359 -80 ) (-293.341919 602.787842 -80 ) 
4 17 92 (-278.521118 558.326477 -94.019699 ) (-293.341797 602.789063 -94.019699 ) (-293.341797 602.789063 -80 ) (-278.521118 558.326477 -80 ) 
4 17 91 (-274.814819 512.002502 -94.019699 ) (-278.520264 558.320313 -94.019699 ) (-278.520264 558.320313 -80 ) (-274.814819 512.002441 -80 ) 
4 17 90 (-290.378296 430.101288 -94.019699 ) (-278.521240 465.672180 -94.019699 ) (-278.521240 465.672180 -80 ) (-290.378204 430.101501 -80 ) 
4 17 89 (-278.521484 465.673828 -80 ) (-278.521484 465.673828 -94.019699 ) (-274.815186 512.002380 -94.019699 ) (-274.815186 512.002380 -80 ) 
4 17 59 (-512.059204 620.038330 -94.019699 ) (-465.820862 580.420715 -94.019699 ) (-465.820099 580.420410 -80 ) (-512.058960 620.038452 -80 ) 
4 17 52 (-453.852966 570.166443 -94.019699 ) (-349.327576 480.607666 -94.019699 ) (-349.327332 480.607788 -80 ) (-453.853973 570.167664 -80 ) 
4 17 51 (-541.596252 645.346375 -80 ) (-541.596375 645.346191 -94.019699 ) (-512.059204 620.038330 -94.019699 ) (-512.058960 620.038452 -80 ) 
4 17 19 (-349.327576 480.607666 -94.019699 ) (-290.379395 430.100067 -94.019699 ) (-290.379303 430.100311 -80 ) (-349.327332 480.607788 -80 ) 
4 18 79 (-409.372375 460.630188 -80 ) (-412.557281 459.570557 -80 ) (-412.557281 459.570526 -66.019699 ) (-409.372345 460.630157 -66.019699 ) 
4 18 78 (-370.925507 473.421600 -80 ) (-409.372375 460.630188 -80 ) (-409.372345 460.630157 -66.019699 ) (-370.925476 473.421570 -66.019699 ) 
4 18 73 (-496.602692 431.608368 -80 ) (-504.309631 429.044250 -80 ) (-504.309601 429.044250 -66.019699 ) (-496.602722 431.608368 -66.019699 ) 
4 18 72 (-504.309631 429.044250 -80 ) (-512.008911 426.482666 -80 ) (-512.003906 426.484344 -66.019699 ) (-504.309601 429.044250 -66.019699 ) 
4 18 71 (-512.008911 426.482666 -80 ) (-516.411438 425.017944 -80 ) (-516.411438 425.017944 -66.019699 ) (-512.003906 426.484344 -66.019699 ) 
4 18 70 (-516.411438 425.017944 -80 ) (-530.881287 420.203766 -80 ) (-530.881287 420.203766 -66.019699 ) (-516.411438 425.017944 -66.019699 ) 
4 18 69 (-469.115692 440.753387 -80 ) (-481.304047 436.698273 -80 ) (-481.304169 436.698242 -66.019699 ) (-469.115845 440.753326 -66.019699 ) 
4 18 65 (-530.881287 420.203766 -80 ) (-539.003845 417.501373 -80 ) (-539.003845 417.501373 -66.019699 ) (-530.881287 420.203766 -66.019699 ) 
4 18 57 (-539.003845 417.501373 -80 ) (-640.244690 383.818207 -80 ) (-640.244751 383.818207 -66.019699 ) (-539.003845 417.501373 -66.019699 ) 
4 18 56 (-640.244690 383.818207 -80 ) (-661.185181 376.851257 -80 ) (-661.185181 376.851257 -66.019699 ) (-640.244751 383.818207 -66.019699 ) 
4 18 55 (-447.871674 447.821350 -80 ) (-469.115692 440.753387 -80 ) (-469.115845 440.753326 -66.019699 ) (-447.871674 447.821320 -66.019699 ) 
4 18 53 (-412.557281 459.570557 -80 ) (-447.871674 447.821350 -80 ) (-447.871674 447.821320 -66.019699 ) (-412.557281 459.570526 -66.019699 ) 
4 18 52 (-349.325409 480.608002 -66.019699 ) (-349.325653 480.607941 -80 ) (-370.925507 473.421600 -80 ) (-370.925476 473.421570 -66.019699 ) 
4 18 30 (-481.330322 436.689545 -66.019699 ) (-661.185181 376.851257 -66.019699 ) (-661.185181 376.851257 -64.019699 ) (-481.330414 436.689514 -64.019699 ) 
4 18 29 (-469.063751 440.770691 -66.019699 ) (-481.330322 436.689545 -66.019699 ) (-481.330414 436.689514 -64.019699 ) (-469.063843 440.770630 -64.019699 ) 
4 18 28 (-463.487976 442.625763 -66.019699 ) (-469.063751 440.770691 -66.019699 ) (-469.063843 440.770630 -64.019699 ) (-463.488068 442.625702 -64.019699 ) 
4 18 27 (-452.222992 446.373657 -66.019699 ) (-463.487976 442.625763 -66.019699 ) (-463.488068 442.625702 -64.019699 ) (-452.223083 446.373596 -64.019699 ) 
4 18 26 (-447.797577 447.846008 -66.019699 ) (-452.222992 446.373657 -66.019699 ) (-452.223083 446.373596 -64.019699 ) (-447.797577 447.845978 -64.019699 ) 
4 18 25 (-436.610901 451.567841 -66.019699 ) (-447.797577 447.846008 -66.019699 ) (-447.797577 447.845978 -64.019699 ) (-436.610901 451.567810 -64.019699 ) 
4 18 24 (-423.671387 455.872864 -66.019699 ) (-436.610901 451.567841 -66.019699 ) (-436.610901 451.567810 -64.019699 ) (-423.671387 455.872833 -64.019699 ) 
4 18 23 (-409.276215 460.662170 -66.019699 ) (-423.671387 455.872864 -66.019699 ) (-423.671387 455.872833 -64.019699 ) (-409.276184 460.662170 -64.019699 ) 
4 18 22 (-401.526398 463.240570 -66.019699 ) (-409.276215 460.662170 -66.019699 ) (-409.276184 460.662170 -64.019699 ) (-401.526428 463.240540 -64.019699 ) 
4 18 21 (-349.325378 480.608002 -64.019699 ) (-349.325409 480.608002 -66.019699 ) (-401.526398 463.240570 -66.019699 ) (-401.526428 463.240540 -64.019699 ) 
4 18 20 (-349.325317 480.608032 -61 ) (-349.325378 480.608002 -64.019699 ) (-661.185181 376.851257 -64.019699 ) (-661.185181 376.851257 -61 ) 
14 18 19 (-677.221313 340.852661 -80 ) (-661.187500 376.851563 -80 ) (-349.320313 480.609375 -80 ) (-290.377350 430.106293 -80 ) (-293.345276 421.202515 -80 ) (-315.578339 380.441956 -80 ) (-343.377228 343.376862 -80 ) (-380.435944 315.582489 -80 ) (-421.207581 293.343506 -80 ) (-465.674438 278.521057 -80 ) (-512 274.815002 -80 ) (-558.332031 278.521576 -80 ) (-602.788330 293.340302 -80 ) (-643.422546 315.504333 -80 ) 
3 19 108 (-661.098022 376.660767 -94.019699 ) (-660.983032 376.919525 -94.019699 ) (-496.632263 431.599213 -94.019699 ) 
4 19 107 (-672.122253 351.857056 -94.019699 ) (-661.098022 376.660767 -94.019699 ) (-496.632263 431.599213 -94.019699 ) (-481.272400 436.709473 -94.019699 ) 
8 19 99 (-505.371094 275.345306 -94.019699 ) (-540.392883 272.543579 -94.019699 ) (-630.921143 302.719818 -94.019699 ) (-646.494080 311.213348 -94.019699 ) (-679.262634 335.791626 -94.019699 ) (-672.122253 351.857056 -94.019699 ) (-481.272400 436.709473 -94.019699 ) (-447.871460 447.821991 -94.019699 ) 
9 19 98 (-306.108002 397.804230 -94.019699 ) (-315.578339 380.441986 -94.019699 ) (-343.377258 343.376831 -94.019699 ) (-380.492981 315.539703 -94.019699 ) (-421.152527 293.361877 -94.019699 ) (-465.674591 278.521027 -94.019699 ) (-505.371094 275.345306 -94.019699 ) (-447.871460 447.821991 -94.019699 ) (-370.925781 473.421906 -94.019699 ) 
5 19 97 (-290.378815 430.101746 -94.019699 ) (-293.345215 421.202637 -94.019699 ) (-306.108002 397.804230 -94.019699 ) (-370.925781 473.421906 -94.019699 ) (-349.325806 480.608246 -94.019699 ) 
4 19 96 (-679.262634 335.791626 -94.019699 ) (-679.421936 335.911102 -94.019699 ) (-661.186340 376.851868 -94.019699 ) (-660.983032 376.919525 -94.019699 ) 
4 19 90 (-293.343384 421.206055 -94.019699 ) (-290.378296 430.101288 -94.019699 ) (-290.378204 430.101501 -80 ) (-293.343384 421.206055 -80 ) 
4 19 87 (-343.381409 343.373718 -94.019699 ) (-315.573334 380.451111 -94.019699 ) (-315.573303 380.451172 -80 ) (-343.381439 343.373688 -80 ) 
4 19 86 (-315.576172 380.445313 -80 ) (-315.576172 380.445313 -94.019699 ) (-293.345917 421.200592 -94.019699 ) (-293.345917 421.200592 -80 ) 
4 19 85 (-380.499817 315.536011 -94.019699 ) (-343.378723 343.377045 -94.019699 ) (-343.378723 343.377045 -80 ) (-380.442535 315.578918 -80 ) 
4 19 84 (-465.665222 278.521790 -94.019699 ) (-421.163269 293.355927 -94.019699 ) (-421.218323 293.337585 -80 ) (-465.665253 278.521790 -80 ) 
4 19 83 (-421.210876 293.342499 -80 ) (-421.155853 293.360840 -94.019699 ) (-380.489044 315.542542 -94.019699 ) (-380.432007 315.585327 -80 ) 
4 19 82 (-540.393738 272.543884 -94.019699 ) (-465.673279 278.521515 -94.019699 ) (-465.673279 278.521515 -80 ) (-540.393738 272.543884 -80 ) 
4 19 81 (-630.917358 302.717743 -94.019699 ) (-540.394348 272.543213 -94.019699 ) (-540.394348 272.543213 -80 ) (-630.917358 302.717743 -80 ) 
4 19 79 (-409.372375 460.630188 -94.019699 ) (-412.557281 459.570557 -94.019699 ) (-412.557312 459.570557 -80 ) (-409.372375 460.630188 -80 ) 
4 19 78 (-370.925476 473.421600 -94.019699 ) (-409.372375 460.630188 -94.019699 ) (-409.372375 460.630188 -80 ) (-370.925507 473.421600 -80 ) 
4 19 73 (-496.602661 431.608368 -94.019699 ) (-504.309570 429.044250 -94.019699 ) (-504.309601 429.044250 -80 ) (-496.602661 431.608368 -80 ) 
4 19 72 (-504.309570 429.044250 -94.019699 ) (-512.013977 426.480988 -94.019699 ) (-512.008911 426.482666 -80 ) (-504.309601 429.044250 -80 ) 
4 19 71 (-512.013977 426.480988 -94.019699 ) (-516.411438 425.017944 -94.019699 ) (-516.411438 425.017914 -80 ) (-512.008911 426.482666 -80 ) 
4 19 70 (-516.411438 425.017944 -94.019699 ) (-530.881287 420.203766 -94.019699 ) (-530.881287 420.203766 -80 ) (-516.411438 425.017914 -80 ) 
4 19 69 (-469.115692 440.753387 -94.019699 ) (-481.304047 436.698273 -94.019699 ) (-481.304016 436.698273 -80 ) (-469.115662 440.753387 -80 ) 
4 19 65 (-530.881287 420.203766 -94.019699 ) (-539.003845 417.501373 -94.019699 ) (-539.003845 417.501373 -80 ) (-530.881287 420.203766 -80 ) 
4 19 57 (-539.003845 417.501373 -94.019699 ) (-640.244690 383.818207 -94.019699 ) (-640.244751 383.818207 -80 ) (-539.003845 417.501373 -80 ) 
4 19 56 (-640.244690 383.818207 -94.019699 ) (-661.185181 376.851257 -94.019699 ) (-661.185181 376.851257 -80 ) (-640.244751 383.818207 -80 ) 
4 19 55 (-447.871674 447.821350 -94.019699 ) (-469.115692 440.753387 -94.019699 ) (-469.115662 440.753387 -80 ) (-447.871643 447.821350 -80 ) 
4 19 53 (-412.557281 459.570557 -94.019699 ) (-447.871674 447.821350 -94.019699 ) (-447.871643 447.821350 -80 ) (-412.557312 459.570557 -80 ) 
4 19 52 (-349.325653 480.607941 -80 ) (-349.325897 480.607849 -94.019699 ) (-370.925476 473.421600 -94.019699 ) (-370.925507 473.421600 -80 ) 
3 20 50 (-481.134460 587.235535 -64.019699 ) (-469.118378 583.242859 -64.019699 ) (-465.828766 580.424316 -64.019699 ) 
3 20 49 (-496.646271 592.389832 -64.019699 ) (-477.270691 590.227844 -64.019699 ) (-469.118378 583.242859 -64.019699 ) 
3 20 48 (-512 594.103027 -64.019699 ) (-485.262054 597.074890 -64.019699 ) (-477.270691 590.227844 -64.019699 ) 
3 20 47 (-453.832092 570.145447 -64.019699 ) (-445.850555 563.306763 -64.019699 ) (-443.599304 558.224365 -64.019699 ) 
3 20 46 (-527.393860 592.392090 -64.019699 ) (-493.126434 603.813171 -64.019699 ) (-485.262054 597.074890 -64.019699 ) 
3 20 45 (-542.788452 587.261169 -64.019699 ) (-497.368713 607.447998 -64.019699 ) (-493.126434 603.813171 -64.019699 ) 
3 20 44 (-558.182861 580.419128 -64.019699 ) (-512.012695 619.995117 -64.019699 ) (-497.368713 607.447998 -64.019699 ) 
3 20 43 (-570.156250 570.155762 -64.019699 ) (-520.904602 627.613770 -64.019699 ) (-512.012695 619.995117 -64.019699 ) 
3 20 42 (-580.420715 558.181030 -64.019699 ) (-541.597656 645.343750 -64.019699 ) (-520.904602 627.613770 -64.019699 ) 
3 20 41 (-591.812988 532.603943 -64.019699 ) (-587.214966 542.927124 -64.019699 ) (-592.392090 527.393738 -64.019699 ) 
3 20 40 (-595.478394 524.374573 -64.019699 ) (-591.812988 532.603943 -64.019699 ) (-594.103088 512 -64.019699 ) 
3 20 39 (-599 516.466675 -64.019699 ) (-595.478394 524.374573 -64.019699 ) (-592.392029 496.605957 -64.019699 ) 
3 20 38 (-600.966553 512.053040 -64.019699 ) (-599 516.466675 -64.019699 ) (-587.296753 481.293335 -64.019699 ) 
3 20 37 (-607.508057 497.366577 -64.019699 ) (-600.966553 512.053040 -64.019699 ) (-580.419006 465.816986 -64.019699 ) 
3 20 36 (-611.210938 489.053131 -64.019699 ) (-607.508057 497.366577 -64.019699 ) (-570.103638 453.803070 -64.019699 ) 
3 20 35 (-619.337830 470.807220 -64.019699 ) (-611.210938 489.053131 -64.019699 ) (-558.183044 443.580994 -64.019699 ) 
3 20 34 (-622.647156 463.377289 -64.019699 ) (-619.337830 470.807220 -64.019699 ) (-542.923889 436.787598 -64.019699 ) 
3 20 33 (-631.639709 443.187805 -64.019699 ) (-622.647156 463.377289 -64.019699 ) (-527.393921 431.607971 -64.019699 ) 
3 20 32 (-644.139709 415.123749 -64.019699 ) (-631.639709 443.187805 -64.019699 ) (-512 429.898010 -64.019699 ) 
3 20 31 (-661.108643 377.026367 -64.019699 ) (-644.139709 415.123749 -64.019699 ) (-496.716522 431.606842 -64.019699 ) 
4 20 30 (-481.342804 436.684052 -64.019699 ) (-661.187378 376.849548 -64.019699 ) (-661.108643 377.026367 -64.019699 ) (-481.102570 436.790894 -64.019699 ) 
3 20 29 (-469.066345 440.768433 -64.019699 ) (-481.342804 436.684052 -64.019699 ) (-465.748047 443.619293 -64.019699 ) 
3 20 28 (-463.489685 442.623810 -64.019699 ) (-469.066345 440.768433 -64.019699 ) (-453.925903 453.776215 -64.019699 ) 
3 20 27 (-452.223724 446.372009 -64.019699 ) (-463.489685 442.623810 -64.019699 ) (-443.561554 465.862183 -64.019699 ) 
3 20 26 (-447.798157 447.844391 -64.019699 ) (-452.223724 446.372009 -64.019699 ) (-436.659088 481.393005 -64.019699 ) 
3 20 25 (-436.611053 451.566345 -64.019699 ) (-447.798157 447.844391 -64.019699 ) (-431.608032 496.605804 -64.019699 ) 
3 20 24 (-423.671234 455.871429 -64.019699 ) (-436.611053 451.566345 -64.019699 ) (-429.898010 512 -64.019699 ) 
3 20 23 (-409.275757 460.660828 -64.019699 ) (-423.671234 455.871429 -64.019699 ) (-431.611298 527.443909 -64.019699 ) 
3 20 22 (-401.525818 463.239227 -64.019699 ) (-409.275757 460.660828 -64.019699 ) (-436.685547 542.615845 -64.019699 ) 
3 20 21 (-349.328125 480.605469 -64.019699 ) (-401.525818 463.239227 -64.019699 ) (-445.850555 563.306763 -64.019699 ) 
3 21 80 (-436.653595 542.543701 -66.019699 ) (-443.580963 558.182922 -66.019699 ) (-440.770081 554.903687 -66.019699 ) 
4 21 78 (-370.924408 473.420349 -66.019699 ) (-401.525818 463.239227 -66.019699 ) (-436.653595 542.543701 -66.019699 ) (-440.770081 554.903687 -66.019699 ) 
4 21 52 (-349.328125 480.605469 -66.019699 ) (-370.924408 473.420349 -66.019699 ) (-443.580963 558.182922 -66.019699 ) (-445.850555 563.306763 -66.019699 ) 
4 21 47 (-445.853516 563.312500 -66.019699 ) (-443.600189 558.225403 -66.019699 ) (-443.599335 558.224365 -64.019699 ) (-445.854614 563.315918 -64.019699 ) 
4 21 22 (-436.684357 542.612305 -66.019699 ) (-401.527344 463.242188 -66.019699 ) (-401.525391 463.238281 -64.019699 ) (-436.685425 542.615540 -64.019699 ) 
3 22 78 (-401.525818 463.239227 -66.019699 ) (-409.275757 460.660828 -66.019699 ) (-436.685547 542.615845 -66.019699 ) 
4 22 23 (-431.611511 527.445801 -66.019699 ) (-409.275970 460.662781 -66.019699 ) (-409.275391 460.660156 -64.019699 ) (-431.611481 527.445557 -64.019699 ) 
4 23 79 (-409.275757 460.660828 -66.019699 ) (-412.556854 459.569214 -66.019699 ) (-429.829987 511.386871 -66.019699 ) (-431.611298 527.443909 -66.019699 ) 
3 23 63 (-429.043610 504.298370 -66.019699 ) (-429.829987 511.386871 -66.019699 ) (-428.255310 506.662964 -66.019699 ) 
4 23 53 (-412.556854 459.569214 -66.019699 ) (-423.671234 455.871429 -66.019699 ) (-429.043610 504.298370 -66.019699 ) (-428.255310 506.662964 -66.019699 ) 
4 23 24 (-429.898041 512 -66.019699 ) (-423.671509 455.873352 -66.019699 ) (-423.671387 455.867188 -64.019699 ) (-429.898102 512 -64.019699 ) 
4 24 63 (-431.608002 496.605957 -66.019699 ) (-429.932098 511.693237 -66.019699 ) (-429.829987 511.386932 -66.019699 ) (-429.043579 504.298279 -66.019699 ) 
4 24 53 (-423.671234 455.871429 -66.019699 ) (-436.611053 451.566345 -66.019699 ) (-431.608002 496.605957 -66.019699 ) (-429.043579 504.298279 -66.019699 ) 
4 24 25 (-431.608673 496.603851 -66.019699 ) (-436.611298 451.568329 -66.019699 ) (-436.611328 451.566406 -64.019699 ) (-431.608582 496.604095 -64.019699 ) 
3 25 53 (-436.611053 451.566345 -66.019699 ) (-447.798157 447.844391 -66.019699 ) (-431.608032 496.605804 -66.019699 ) 
4 25 26 (-436.661346 481.387939 -66.019699 ) (-447.797974 447.846497 -66.019699 ) (-447.796875 447.847656 -64.019699 ) (-436.660431 481.389984 -64.019699 ) 
3 26 62 (-445.862122 460.685852 -66.019699 ) (-436.741486 481.207642 -66.019699 ) (-442.671051 463.421204 -66.019699 ) 
4 26 55 (-447.872192 447.819763 -66.019699 ) (-452.223724 446.372009 -66.019699 ) (-445.862122 460.685852 -66.019699 ) (-442.671051 463.421204 -66.019699 ) 
4 26 53 (-447.798157 447.844391 -66.019699 ) (-447.872192 447.819763 -66.019699 ) (-436.741486 481.207642 -66.019699 ) (-436.659088 481.393005 -66.019699 ) 
4 26 27 (-443.563385 465.860077 -66.019699 ) (-452.223694 446.374023 -66.019699 ) (-452.224609 446.375000 -64.019699 ) (-443.564636 465.858612 -64.019699 ) 
3 27 75 (-453.933777 453.767029 -66.019699 ) (-443.561554 465.862183 -66.019699 ) (-445.862061 460.685944 -66.019699 ) 
4 27 55 (-452.223724 446.372009 -66.019699 ) (-463.489685 442.623810 -66.019699 ) (-453.933777 453.767029 -66.019699 ) (-445.862061 460.685944 -66.019699 ) 
4 27 28 (-453.920074 453.781281 -66.019699 ) (-463.485229 442.627289 -66.019699 ) (-463.484375 442.628906 -64.019699 ) (-453.921143 453.780396 -64.019699 ) 
3 28 55 (-463.489685 442.623810 -66.019699 ) (-469.066345 440.768433 -66.019699 ) (-453.925903 453.776215 -66.019699 ) 
4 28 29 (-465.750549 443.618195 -66.019699 ) (-469.064484 440.771057 -66.019699 ) (-469.062500 440.773438 -64.019699 ) (-465.751892 443.617584 -64.019699 ) 
3 29 69 (-469.066345 440.768433 -66.019699 ) (-481.342804 436.684052 -66.019699 ) (-465.748047 443.619293 -66.019699 ) 
4 29 30 (-481.109650 436.788513 -66.019699 ) (-481.331635 436.689789 -66.019699 ) (-481.328125 436.691406 -64.019699 ) (-481.110138 436.788361 -64.019699 ) 
4 30 31 (-496.714111 431.607117 -66.019699 ) (-661.108887 377.025726 -66.019699 ) (-661.105469 377.027344 -64.019699 ) (-496.714294 431.607086 -64.019699 ) 
3 31 73 (-511.998627 429.898193 -66.019699 ) (-496.716522 431.606842 -66.019699 ) (-504.403473 429.054657 -66.019699 ) 
4 31 72 (-519.671387 429.040314 -66.019699 ) (-511.998627 429.898193 -66.019699 ) (-504.403473 429.054657 -66.019699 ) (-512.074402 426.507813 -66.019699 ) 
4 31 71 (-524.298645 428.522949 -66.019699 ) (-519.671387 429.040314 -66.019699 ) (-512.074402 426.507813 -66.019699 ) (-516.475769 425.046509 -66.019699 ) 
4 31 70 (-538.714661 426.911133 -66.019699 ) (-524.298645 428.522949 -66.019699 ) (-516.475769 425.046509 -66.019699 ) (-530.931702 420.246918 -66.019699 ) 
4 31 65 (-546.338989 426.058655 -66.019699 ) (-538.714661 426.911133 -66.019699 ) (-530.931702 420.246918 -66.019699 ) (-539.047546 417.552338 -66.019699 ) 
4 31 57 (-629.256226 416.787842 -66.019699 ) (-546.338989 426.058655 -66.019699 ) (-539.047546 417.552338 -66.019699 ) (-640.194092 383.970306 -66.019699 ) 
4 31 56 (-661.108643 377.026367 -66.019699 ) (-644.139709 415.123749 -66.019699 ) (-629.256226 416.787842 -66.019699 ) (-640.194092 383.970306 -66.019699 ) 
4 31 32 (-511.997284 429.897705 -66.019699 ) (-644.139893 415.123108 -66.019699 ) (-644.140625 415.123047 -64.019699 ) (-511.997314 429.897705 -64.019699 ) 
3 32 72 (-527.363892 431.604645 -66.019699 ) (-512 429.898010 -66.019699 ) (-519.671387 429.040314 -66.019699 ) 
4 32 71 (-532.522766 432.177704 -66.019699 ) (-527.363892 431.604645 -66.019699 ) (-519.671387 429.040314 -66.019699 ) (-524.298645 428.522949 -66.019699 ) 
4 32 70 (-546.705261 433.753143 -66.019699 ) (-532.522766 432.177704 -66.019699 ) (-524.298645 428.522949 -66.019699 ) (-538.714661 426.911133 -66.019699 ) 
4 32 65 (-553.590088 434.517914 -66.019699 ) (-546.705261 433.753143 -66.019699 ) (-538.714661 426.911133 -66.019699 ) (-546.338989 426.058655 -66.019699 ) 
4 32 57 (-620.856506 441.989990 -66.019699 ) (-553.590088 434.517914 -66.019699 ) (-546.338989 426.058655 -66.019699 ) (-629.256226 416.787842 -66.019699 ) 
4 32 56 (-644.139709 415.123749 -66.019699 ) (-631.639709 443.187805 -66.019699 ) (-620.856506 441.989990 -66.019699 ) (-629.256226 416.787842 -66.019699 ) 
4 32 33 (-527.392517 431.607513 -66.019699 ) (-631.639587 443.187469 -66.019699 ) (-631.644531 443.187500 -64.019699 ) (-527.392212 431.607422 -64.019699 ) 
3 33 71 (-542.812683 436.750519 -66.019699 ) (-527.393921 431.607971 -66.019699 ) (-532.522644 432.177673 -66.019699 ) 
4 33 70 (-554.922974 440.789581 -66.019699 ) (-542.812683 436.750519 -66.019699 ) (-532.522644 432.177673 -66.019699 ) (-546.705261 433.753113 -66.019699 ) 
4 33 65 (-560.584717 442.677917 -66.019699 ) (-554.922974 440.789581 -66.019699 ) (-546.705261 433.753113 -66.019699 ) (-553.590088 434.517883 -66.019699 ) 
4 33 57 (-614.620605 460.700226 -66.019699 ) (-560.584717 442.677917 -66.019699 ) (-553.590088 434.517883 -66.019699 ) (-620.856506 441.989990 -66.019699 ) 
4 33 56 (-631.639709 443.187805 -66.019699 ) (-622.647156 463.377289 -66.019699 ) (-614.620605 460.700226 -66.019699 ) (-620.856506 441.989990 -66.019699 ) 
4 33 34 (-542.911255 436.781982 -66.019699 ) (-622.647339 463.375977 -66.019699 ) (-622.644531 463.376953 -64.019699 ) (-542.914063 436.783234 -64.019699 ) 
3 34 70 (-558.182983 443.580963 -66.019699 ) (-542.923889 436.787598 -66.019699 ) (-554.922974 440.789581 -66.019699 ) 
4 34 65 (-563.318604 445.867371 -66.019699 ) (-558.182983 443.580963 -66.019699 ) (-554.922974 440.789581 -66.019699 ) (-560.584717 442.677917 -66.019699 ) 
4 34 57 (-612.296753 467.672516 -66.019699 ) (-563.318604 445.867371 -66.019699 ) (-560.584717 442.677917 -66.019699 ) (-614.620605 460.700226 -66.019699 ) 
4 34 56 (-622.647156 463.377289 -66.019699 ) (-619.337830 470.807220 -66.019699 ) (-612.296753 467.672516 -66.019699 ) (-614.620605 460.700226 -66.019699 ) 
4 34 35 (-558.184265 443.582062 -66.019699 ) (-619.337280 470.807495 -66.019699 ) (-619.339844 470.806641 -64.019699 ) (-558.183350 443.581238 -64.019699 ) 
3 35 65 (-570.168945 453.859039 -66.019699 ) (-558.183044 443.580994 -66.019699 ) (-563.318604 445.867371 -66.019699 ) 
4 35 57 (-606.513367 485.024872 -66.019699 ) (-570.168945 453.859039 -66.019699 ) (-563.318604 445.867371 -66.019699 ) (-612.296753 467.672516 -66.019699 ) 
4 35 56 (-619.337830 470.807220 -66.019699 ) (-611.210938 489.053131 -66.019699 ) (-606.513367 485.024872 -66.019699 ) (-612.296753 467.672516 -66.019699 ) 
4 35 36 (-570.115540 453.816895 -66.019699 ) (-611.209412 489.055450 -66.019699 ) (-611.207031 489.054688 -64.019699 ) (-570.116455 453.817993 -64.019699 ) 
3 36 57 (-603.828308 493.080902 -66.019699 ) (-570.103638 453.803070 -66.019699 ) (-606.513367 485.024872 -66.019699 ) 
4 36 56 (-611.210938 489.053131 -66.019699 ) (-607.508057 497.366577 -66.019699 ) (-603.828308 493.080902 -66.019699 ) (-606.513367 485.024872 -66.019699 ) 
4 36 37 (-580.418579 465.815979 -66.019699 ) (-607.507813 497.365784 -66.019699 ) (-607.507874 497.365723 -64.019699 ) (-580.418518 465.815887 -64.019699 ) 
3 37 68 (-587.300659 481.302124 -66.019699 ) (-580.419006 465.816986 -66.019699 ) (-583.243347 469.106384 -66.019699 ) 
4 37 58 (-598.988525 507.602112 -66.019699 ) (-587.300659 481.302124 -66.019699 ) (-583.243347 469.106384 -66.019699 ) (-603.828308 493.080902 -66.019699 ) 
4 37 56 (-607.508057 497.366577 -66.019699 ) (-600.966553 512.053040 -66.019699 ) (-598.988525 507.602112 -66.019699 ) (-603.828308 493.080902 -66.019699 ) 
4 37 38 (-587.301086 481.306183 -66.019699 ) (-600.965576 512.053955 -66.019699 ) (-600.965576 512.053955 -64.019699 ) (-587.301086 481.306183 -64.019699 ) 
3 38 58 (-597.518555 512.012512 -66.019699 ) (-587.296753 481.293335 -66.019699 ) (-598.988525 507.602142 -66.019699 ) 
4 38 56 (-600.966553 512.053040 -66.019699 ) (-599 516.466675 -66.019699 ) (-597.518555 512.012512 -66.019699 ) (-598.988525 507.602142 -66.019699 ) 
4 38 39 (-592.392212 496.607758 -66.019699 ) (-599 516.466492 -66.019699 ) (-599 516.466492 -64.019699 ) (-592.392212 496.607758 -64.019699 ) 
3 39 74 (-594.103088 512 -66.019699 ) (-592.392029 496.605957 -66.019699 ) (-594.957275 504.315247 -66.019699 ) 
4 39 60 (-594.958191 519.694458 -66.019699 ) (-594.103088 512 -66.019699 ) (-594.957275 504.315247 -66.019699 ) (-597.518555 512.012512 -66.019699 ) 
4 39 56 (-599 516.466675 -66.019699 ) (-595.478394 524.374573 -66.019699 ) (-594.958191 519.694458 -66.019699 ) (-597.518555 512.012512 -66.019699 ) 
4 39 40 (-594.103149 512 -66.019699 ) (-595.478455 524.372986 -66.019699 ) (-595.478455 524.372986 -64.019699 ) (-594.103149 512 -64.019699 ) 
3 40 60 (-592.392090 527.393738 -66.019699 ) (-594.103088 512 -66.019699 ) (-594.958191 519.694397 -66.019699 ) 
4 40 56 (-595.478394 524.374573 -66.019699 ) (-591.812988 532.603943 -66.019699 ) (-592.392090 527.393738 -66.019699 ) (-594.958191 519.694397 -66.019699 ) 
4 40 41 (-592.391174 527.396729 -66.019699 ) (-591.812378 532.603760 -66.019699 ) (-591.812378 532.603760 -64.019699 ) (-592.391174 527.396729 -64.019699 ) 
3 41 56 (-591.812988 532.603943 -66.019699 ) (-587.214966 542.927124 -66.019699 ) (-592.392090 527.393738 -66.019699 ) 
3 42 54 (-580.420715 558.181030 -66.019699 ) (-578.136108 563.310181 -66.019699 ) (-570.139038 570.175842 -66.019699 ) 
4 42 51 (-578.136108 563.310181 -66.019699 ) (-541.597656 645.343750 -66.019699 ) (-520.904602 627.613770 -66.019699 ) (-570.139038 570.175842 -66.019699 ) 
4 42 43 (-570.159973 570.152527 -66.019699 ) (-520.902161 627.617493 -66.019699 ) (-520.902161 627.617493 -64.019699 ) (-570.159973 570.152527 -64.019699 ) 
3 43 51 (-570.156250 570.155762 -66.019699 ) (-520.904602 627.613770 -66.019699 ) (-512.012695 619.995117 -66.019699 ) 
4 43 44 (-558.188110 580.416748 -66.019699 ) (-512.010559 620 -66.019699 ) (-512.010498 620 -64.019699 ) (-558.188049 580.416748 -64.019699 ) 
3 44 76 (-558.182861 580.419128 -66.019699 ) (-554.916443 583.218994 -66.019699 ) (-542.788452 587.261169 -66.019699 ) 
4 44 66 (-554.916443 583.218994 -66.019699 ) (-538.750427 597.076172 -66.019699 ) (-524.314941 595.471741 -66.019699 ) (-542.788452 587.261169 -66.019699 ) 
4 44 64 (-538.750427 597.076172 -66.019699 ) (-530.862915 603.837158 -66.019699 ) (-516.379883 598.998474 -66.019699 ) (-524.314941 595.471741 -66.019699 ) 
4 44 61 (-530.862915 603.837158 -66.019699 ) (-526.645020 607.452637 -66.019699 ) (-512.001160 600.944580 -66.019699 ) (-516.379883 598.998474 -66.019699 ) 
4 44 59 (-526.645020 607.452637 -66.019699 ) (-512.012695 619.995117 -66.019699 ) (-497.368713 607.447998 -66.019699 ) (-512.001160 600.944580 -66.019699 ) 
4 44 45 (-542.779358 587.264160 -66.019699 ) (-497.363556 607.449341 -66.019699 ) (-497.363525 607.449402 -64.019699 ) (-542.779541 587.264160 -64.019699 ) 
3 45 66 (-542.788452 587.261169 -66.019699 ) (-524.314941 595.471741 -66.019699 ) (-519.694580 594.958191 -66.019699 ) 
4 45 64 (-524.314941 595.471741 -66.019699 ) (-516.379883 598.998474 -66.019699 ) (-511.981476 597.528931 -66.019699 ) (-519.694580 594.958191 -66.019699 ) 
4 45 61 (-516.379883 598.998474 -66.019699 ) (-512.001160 600.944580 -66.019699 ) (-507.600861 598.988953 -66.019699 ) (-511.981476 597.528931 -66.019699 ) 
4 45 59 (-512.001160 600.944580 -66.019699 ) (-497.368713 607.447998 -66.019699 ) (-493.126434 603.813171 -66.019699 ) (-507.600861 598.988953 -66.019699 ) 
4 45 46 (-527.398682 592.391541 -66.019699 ) (-493.122467 603.815552 -66.019699 ) (-493.122437 603.815552 -64.019699 ) (-527.398682 592.391541 -64.019699 ) 
3 46 67 (-527.393860 592.392090 -66.019699 ) (-519.694580 594.958191 -66.019699 ) (-512 594.103027 -66.019699 ) 
4 46 64 (-519.694580 594.958191 -66.019699 ) (-511.981506 597.528931 -66.019699 ) (-504.291565 594.959778 -66.019699 ) (-512 594.103027 -66.019699 ) 
4 46 61 (-511.981506 597.528931 -66.019699 ) (-507.600891 598.988953 -66.019699 ) (-499.686676 595.471619 -66.019699 ) (-504.291565 594.959778 -66.019699 ) 
4 46 59 (-507.600891 598.988953 -66.019699 ) (-493.126434 603.813171 -66.019699 ) (-485.262054 597.074890 -66.019699 ) (-499.686676 595.471619 -66.019699 ) 
4 46 48 (-512.001770 594.103210 -66.019699 ) (-485.256500 597.075867 -66.019699 ) (-485.256439 597.075867 -64.019699 ) (-512.001709 594.103210 -64.019699 ) 
3 47 52 (-453.832092 570.145447 -66.019699 ) (-445.850555 563.306763 -66.019699 ) (-443.599304 558.224365 -66.019699 ) 
3 48 64 (-512 594.103027 -66.019699 ) (-504.291595 594.959778 -66.019699 ) (-496.575562 592.381897 -66.019699 ) 
4 48 61 (-504.291595 594.959778 -66.019699 ) (-499.686646 595.471619 -66.019699 ) (-491.446930 591.809631 -66.019699 ) (-496.575562 592.381897 -66.019699 ) 
4 48 59 (-499.686646 595.471619 -66.019699 ) (-485.262054 597.074890 -66.019699 ) (-477.270691 590.227844 -66.019699 ) (-491.446930 591.809631 -66.019699 ) 
4 48 49 (-496.645508 592.389587 -66.019699 ) (-477.262909 590.226868 -66.019699 ) (-477.262848 590.226868 -64.019699 ) (-496.645477 592.389587 -64.019699 ) 
3 49 61 (-496.646271 592.389832 -66.019699 ) (-491.446960 591.809692 -66.019699 ) (-481.215179 587.262390 -66.019699 ) 
4 49 59 (-491.446960 591.809692 -66.019699 ) (-477.270691 590.227844 -66.019699 ) (-469.118378 583.242859 -66.019699 ) (-481.215179 587.262390 -66.019699 ) 
4 49 50 (-481.128082 587.232727 -66.019699 ) (-469.106079 583.237976 -66.019699 ) (-469.105988 583.237976 -64.019699 ) (-481.128387 587.232849 -64.019699 ) 
3 50 59 (-481.134460 587.235535 -66.019699 ) (-469.118378 583.242859 -66.019699 ) (-465.828766 580.424316 -66.019699 ) 
3 51 120 (-520.901978 627.616760 -94.019699 ) (-512.058105 620.039246 -94.019699 ) (-570.138977 570.175842 -94.019699 ) 
4 51 119 (-578.134705 563.311401 -94.019699 ) (-541.595032 645.346802 -94.019699 ) (-520.901978 627.616760 -94.019699 ) (-570.138977 570.175842 -94.019699 ) 
4 51 76 (-554.959290 583.204773 -66.019699 ) (-558.222473 580.403259 -66.019699 ) (-558.222961 580.402893 -94.019699 ) (-554.959351 583.204712 -94.019699 ) 
4 51 66 (-538.795959 597.081238 -66.019699 ) (-554.959290 583.204773 -66.019699 ) (-554.959351 583.204712 -94.019699 ) (-538.795959 597.081238 -94.019699 ) 
4 51 64 (-530.908813 603.852478 -66.019699 ) (-538.795959 597.081238 -66.019699 ) (-538.795959 597.081238 -94.019699 ) (-530.908813 603.852478 -94.019699 ) 
4 51 61 (-526.691345 607.473267 -66.019699 ) (-530.908813 603.852478 -66.019699 ) (-530.908813 603.852478 -94.019699 ) (-526.691345 607.473267 -94.019699 ) 
4 51 59 (-512.055054 620.038757 -94.019699 ) (-512.054688 620.039063 -66.019699 ) (-526.691345 607.473267 -66.019699 ) (-526.691345 607.473267 -94.019699 ) 
4 51 54 (-570.207458 570.113953 -66.019699 ) (-578.137024 563.306274 -66.019699 ) (-578.137024 563.306274 -94.019699 ) (-570.191345 570.127808 -94.019699 ) 
3 52 97 (-453.859131 570.173645 -94.019699 ) (-349.325806 480.608246 -94.019699 ) (-370.925751 473.421906 -94.019699 ) 
4 52 80 (-440.768036 554.897522 -66.019699 ) (-443.577576 558.175232 -66.019699 ) (-443.577576 558.175232 -94.019699 ) (-440.768036 554.897522 -94.019699 ) 
4 52 78 (-370.929688 473.421875 -94.019699 ) (-370.929688 473.421875 -66.019699 ) (-440.768036 554.897522 -66.019699 ) (-440.768036 554.897522 -94.019699 ) 
3 53 98 (-428.255249 506.662964 -94.019699 ) (-412.557404 459.571014 -94.019699 ) (-447.871429 447.821991 -94.019699 ) 
4 53 79 (-428.256042 506.660614 -66.019699 ) (-412.558838 459.570618 -66.019699 ) (-412.558838 459.570618 -94.019699 ) (-428.256042 506.660614 -94.019699 ) 
4 53 63 (-428.254883 506.664063 -66.019699 ) (-428.254883 506.664063 -94.019699 ) (-431.607971 496.606262 -94.019699 ) (-431.607971 496.606262 -66.019699 ) 
4 53 62 (-436.740753 481.210205 -94.019699 ) (-442.671417 463.420898 -94.019699 ) (-442.671417 463.420898 -66.019699 ) (-436.740753 481.210205 -66.019699 ) 
4 53 55 (-442.671417 463.420898 -94.019699 ) (-447.871094 447.824219 -94.019699 ) (-447.871094 447.824219 -66.019699 ) (-442.671417 463.420898 -66.019699 ) 
3 54 119 (-580.404846 558.214722 -94.019699 ) (-578.134705 563.311401 -94.019699 ) (-570.181091 570.139709 -94.019699 ) 
3 55 106 (-460.710632 445.851288 -94.019699 ) (-465.817047 443.580963 -94.019699 ) (-453.878998 453.814026 -94.019699 ) 
4 55 105 (-450.419952 450.426544 -94.019699 ) (-460.710632 445.851288 -94.019699 ) (-453.878998 453.814026 -94.019699 ) (-445.860413 460.687378 -94.019699 ) 
4 55 104 (-442.670990 463.421265 -94.019699 ) (-446.408569 452.210022 -94.019699 ) (-450.419952 450.426544 -94.019699 ) (-445.860413 460.687378 -94.019699 ) 
4 55 99 (-446.408569 452.210022 -94.019699 ) (-447.871429 447.821991 -94.019699 ) (-469.114594 440.754364 -94.019699 ) (-465.817047 443.580963 -94.019699 ) 
4 55 75 (-445.861328 460.685272 -94.019699 ) (-453.895966 453.798157 -94.019699 ) (-453.895966 453.798157 -66.019699 ) (-445.861328 460.685272 -66.019699 ) 
4 55 69 (-465.820129 443.577057 -94.019699 ) (-469.112183 440.755188 -94.019699 ) (-469.112183 440.755188 -66.019699 ) (-465.820129 443.577057 -66.019699 ) 
4 55 62 (-442.671478 463.419556 -66.019699 ) (-442.671478 463.419556 -94.019699 ) (-445.861328 460.685272 -94.019699 ) (-445.861328 460.685272 -66.019699 ) 
3 56 118 (-587.260986 542.788940 -94.019699 ) (-592.392090 527.393616 -94.019699 ) (-591.821350 532.528381 -94.019699 ) 
4 56 117 (-592.392090 527.393616 -94.019699 ) (-594.958191 519.694397 -94.019699 ) (-595.471802 524.315186 -94.019699 ) (-591.821350 532.528381 -94.019699 ) 
4 56 116 (-594.958191 519.694397 -94.019699 ) (-597.517761 512.014832 -94.019699 ) (-598.982178 516.417053 -94.019699 ) (-595.471802 524.315186 -94.019699 ) 
4 56 115 (-597.517761 512.014832 -94.019699 ) (-599.014343 507.524506 -94.019699 ) (-600.977539 511.927673 -94.019699 ) (-598.982178 516.417053 -94.019699 ) 
4 56 114 (-599.014343 507.524506 -94.019699 ) (-603.816589 493.116028 -94.019699 ) (-607.452820 497.358673 -94.019699 ) (-600.977539 511.927673 -94.019699 ) 
4 56 113 (-603.816589 493.116028 -94.019699 ) (-606.503296 485.054840 -94.019699 ) (-611.148560 489.043579 -94.019699 ) (-607.452820 497.358673 -94.019699 ) 
4 56 112 (-606.503296 485.054840 -94.019699 ) (-612.309387 467.634491 -94.019699 ) (-619.286011 470.734863 -94.019699 ) (-611.148560 489.043579 -94.019699 ) 
4 56 111 (-612.309387 467.634491 -94.019699 ) (-614.625000 460.686798 -94.019699 ) (-622.574219 463.336670 -94.019699 ) (-619.286011 470.734863 -94.019699 ) 
4 56 110 (-614.625000 460.686798 -94.019699 ) (-620.856506 441.990021 -94.019699 ) (-631.534729 443.176147 -94.019699 ) (-622.574219 463.336670 -94.019699 ) 
4 56 109 (-620.856506 441.990021 -94.019699 ) (-629.226746 416.876312 -94.019699 ) (-643.950867 415.240723 -94.019699 ) (-631.534729 443.176147 -94.019699 ) 
4 56 108 (-629.226746 416.876312 -94.019699 ) (-640.244385 383.819275 -94.019699 ) (-660.983032 376.919525 -94.019699 ) (-643.950867 415.240723 -94.019699 ) 
4 56 96 (-661.186340 376.851868 -94.019699 ) (-587.217346 542.919922 -94.019699 ) (-587.260986 542.788940 -94.019699 ) (-660.983032 376.919525 -94.019699 ) 
4 56 60 (-592.391663 527.397400 -66.019699 ) (-597.518433 512.015198 -66.019699 ) (-597.518433 512.015198 -94.019699 ) (-592.391663 527.397400 -94.019699 ) 
4 56 58 (-597.518433 512.015198 -66.019699 ) (-603.817871 493.114532 -66.019699 ) (-603.817871 493.114532 -94.019699 ) (-597.518433 512.015198 -94.019699 ) 
4 56 57 (-603.817871 493.114532 -66.019699 ) (-640.245361 383.818970 -66.019699 ) (-640.245361 383.818970 -94.019699 ) (-603.817871 493.114532 -94.019699 ) 
3 57 113 (-606.503296 485.054840 -94.019699 ) (-603.817322 493.113861 -94.019699 ) (-570.155884 453.843903 -94.019699 ) 
4 57 112 (-612.309387 467.634491 -94.019699 ) (-606.503296 485.054840 -94.019699 ) (-570.155884 453.843903 -94.019699 ) (-563.312805 445.860657 -94.019699 ) 
4 57 111 (-614.625000 460.686798 -94.019699 ) (-612.309387 467.634491 -94.019699 ) (-563.312805 445.860657 -94.019699 ) (-560.577820 442.669952 -94.019699 ) 
4 57 110 (-620.856506 441.990021 -94.019699 ) (-614.625000 460.686798 -94.019699 ) (-560.577820 442.669952 -94.019699 ) (-553.590088 434.517914 -94.019699 ) 
4 57 109 (-629.226746 416.876312 -94.019699 ) (-620.856506 441.990021 -94.019699 ) (-553.590088 434.517914 -94.019699 ) (-546.358521 426.081421 -94.019699 ) 
4 57 108 (-539.004333 417.501953 -94.019699 ) (-640.244385 383.819275 -94.019699 ) (-629.226746 416.876312 -94.019699 ) (-546.358521 426.081421 -94.019699 ) 
4 57 68 (-583.246643 469.116302 -66.019699 ) (-580.480835 465.889709 -66.019699 ) (-580.480835 465.889709 -94.019699 ) (-583.246643 469.116302 -94.019699 ) 
4 57 65 (-570.118469 453.800781 -66.019699 ) (-539.003906 417.502136 -66.019699 ) (-539.003906 417.502136 -94.019699 ) (-570.118469 453.800781 -94.019699 ) 
4 57 58 (-603.816406 493.113281 -94.019699 ) (-603.816406 493.113281 -66.019699 ) (-583.246643 469.116302 -66.019699 ) (-583.246643 469.116302 -94.019699 ) 
3 58 115 (-599.014343 507.524597 -94.019699 ) (-597.518066 512.014038 -94.019699 ) (-587.234985 481.104675 -94.019699 ) 
4 58 114 (-583.246338 469.115417 -94.019699 ) (-603.817322 493.113861 -94.019699 ) (-599.014343 507.524597 -94.019699 ) (-587.234985 481.104675 -94.019699 ) 
4 58 74 (-592.390686 496.600311 -94.019699 ) (-594.957275 504.315369 -94.019699 ) (-594.957275 504.315369 -66.019699 ) (-592.390686 496.600311 -66.019699 ) 
4 58 68 (-583.247070 469.115234 -66.019699 ) (-583.247070 469.115234 -94.019699 ) (-587.302856 481.306641 -94.019699 ) (-587.302856 481.306641 -66.019699 ) 
4 58 60 (-594.957275 504.315369 -94.019699 ) (-597.517944 512.012573 -94.019699 ) (-597.517944 512.012573 -66.019699 ) (-594.957275 504.315369 -66.019699 ) 
3 59 127 (-469.112732 583.243103 -94.019699 ) (-465.816254 580.418640 -94.019699 ) (-481.287720 587.294556 -94.019699 ) 
4 59 126 (-477.284058 590.244385 -94.019699 ) (-469.112732 583.243103 -94.019699 ) (-481.287720 587.294556 -94.019699 ) (-491.473755 591.821533 -94.019699 ) 
4 59 125 (-485.256775 597.075500 -94.019699 ) (-477.284058 590.244385 -94.019699 ) (-491.473755 591.821533 -94.019699 ) (-499.686707 595.471619 -94.019699 ) 
4 59 123 (-493.136932 603.827332 -94.019699 ) (-485.256775 597.075500 -94.019699 ) (-499.686707 595.471619 -94.019699 ) (-507.613983 598.994751 -94.019699 ) 
4 59 122 (-497.364746 607.449768 -94.019699 ) (-493.136932 603.827332 -94.019699 ) (-507.613983 598.994751 -94.019699 ) (-512.001221 600.944580 -94.019699 ) 
4 59 121 (-526.693665 607.474365 -94.019699 ) (-512.058105 620.039246 -94.019699 ) (-497.364746 607.449768 -94.019699 ) (-512.001221 600.944580 -94.019699 ) 
4 59 61 (-526.694153 607.473877 -66.019699 ) (-526.694153 607.473877 -94.019699 ) (-481.108978 587.214600 -94.019699 ) (-481.109222 587.214661 -66.019699 ) 
3 60 117 (-594.958252 519.694397 -94.019699 ) (-592.392029 527.393982 -94.019699 ) (-594.103088 512 -94.019699 ) 
4 60 116 (-594.957153 504.316284 -94.019699 ) (-597.518066 512.014038 -94.019699 ) (-594.958252 519.694397 -94.019699 ) (-594.103088 512 -94.019699 ) 
4 60 74 (-594.956665 504.315887 -66.019699 ) (-594.956665 504.315887 -94.019699 ) (-594.102783 511.997986 -94.019699 ) (-594.102783 511.997986 -66.019699 ) 
3 61 126 (-491.473724 591.821594 -94.019699 ) (-481.287109 587.294373 -94.019699 ) (-496.605560 592.391968 -94.019699 ) 
4 61 125 (-499.686646 595.471619 -94.019699 ) (-491.473724 591.821594 -94.019699 ) (-496.605560 592.391968 -94.019699 ) (-504.291656 594.959839 -94.019699 ) 
4 61 123 (-507.613922 598.994751 -94.019699 ) (-499.686646 595.471619 -94.019699 ) (-504.291656 594.959839 -94.019699 ) (-511.993225 597.532898 -94.019699 ) 
4 61 122 (-512.001160 600.944580 -94.019699 ) (-507.613922 598.994751 -94.019699 ) (-511.993225 597.532898 -94.019699 ) (-516.379883 598.998474 -94.019699 ) 
4 61 121 (-530.911377 603.853394 -94.019699 ) (-526.693665 607.474365 -94.019699 ) (-512.001160 600.944580 -94.019699 ) (-516.379883 598.998474 -94.019699 ) 
4 61 64 (-530.912231 603.852722 -66.019699 ) (-530.912231 603.852722 -94.019699 ) (-496.610504 592.392456 -94.019699 ) (-496.610504 592.392456 -66.019699 ) 
3 62 104 (-436.740021 481.211884 -94.019699 ) (-442.670990 463.421265 -94.019699 ) (-445.860413 460.687347 -94.019699 ) 
4 62 75 (-443.582092 465.815765 -94.019699 ) (-445.861298 460.686615 -94.019699 ) (-445.861298 460.686615 -66.019699 ) (-443.582092 465.815765 -66.019699 ) 
4 63 103 (-429.932343 511.694031 -94.019699 ) (-429.829926 511.386780 -94.019699 ) (-429.042786 504.300690 -94.019699 ) (-431.608002 496.605957 -94.019699 ) 
3 63 102 (-429.829926 511.386780 -94.019699 ) (-428.255249 506.662964 -94.019699 ) (-429.042786 504.300690 -94.019699 ) 
4 63 79 (-429.829102 511.379639 -66.019699 ) (-428.256042 506.660614 -66.019699 ) (-428.256042 506.660614 -94.019699 ) (-429.829102 511.379639 -94.019699 ) 
3 64 125 (-504.291595 594.959839 -94.019699 ) (-496.605530 592.391968 -94.019699 ) (-512 594.103027 -94.019699 ) 
4 64 123 (-511.993225 597.532898 -94.019699 ) (-504.291595 594.959839 -94.019699 ) (-512 594.103027 -94.019699 ) (-519.703430 594.959167 -94.019699 ) 
4 64 122 (-516.379883 598.998474 -94.019699 ) (-511.993225 597.532898 -94.019699 ) (-519.703430 594.959167 -94.019699 ) (-524.314941 595.471741 -94.019699 ) 
4 64 121 (-538.799133 597.081604 -94.019699 ) (-530.911377 603.853394 -94.019699 ) (-516.379883 598.998474 -94.019699 ) (-524.314941 595.471741 -94.019699 ) 
4 64 67 (-519.693909 594.958435 -94.019699 ) (-512 594.103210 -94.019699 ) (-512 594.103210 -66.019699 ) (-519.693909 594.958435 -66.019699 ) 
4 64 66 (-538.798889 597.081848 -66.019699 ) (-538.798889 597.081848 -94.019699 ) (-519.693909 594.958435 -94.019699 ) (-519.693909 594.958435 -66.019699 ) 
3 65 112 (-563.312805 445.860657 -94.019699 ) (-570.120361 453.802429 -94.019699 ) (-558.182922 443.580933 -94.019699 ) 
4 65 111 (-560.577820 442.669952 -94.019699 ) (-563.312805 445.860657 -94.019699 ) (-558.182922 443.580933 -94.019699 ) (-554.913940 440.781891 -94.019699 ) 
4 65 110 (-553.590088 434.517914 -94.019699 ) (-560.577820 442.669952 -94.019699 ) (-554.913940 440.781891 -94.019699 ) (-546.705261 433.753143 -94.019699 ) 
4 65 109 (-546.358521 426.081421 -94.019699 ) (-553.590088 434.517914 -94.019699 ) (-546.705261 433.753143 -94.019699 ) (-538.734680 426.928284 -94.019699 ) 
4 65 108 (-530.881897 420.204315 -94.019699 ) (-539.004333 417.501953 -94.019699 ) (-546.358521 426.081421 -94.019699 ) (-538.734680 426.928284 -94.019699 ) 
4 65 70 (-558.178955 443.579163 -66.019699 ) (-530.880493 420.204834 -66.019699 ) (-530.880493 420.204834 -94.019699 ) (-558.178955 443.579163 -94.019699 ) 
3 66 122 (-524.314880 595.471741 -94.019699 ) (-519.694580 594.958191 -94.019699 ) (-542.787903 587.261353 -94.019699 ) 
4 66 121 (-554.965210 583.202759 -94.019699 ) (-538.799133 597.081604 -94.019699 ) (-524.314880 595.471741 -94.019699 ) (-542.787903 587.261353 -94.019699 ) 
4 66 76 (-554.962585 583.205139 -66.019699 ) (-554.962585 583.205139 -94.019699 ) (-542.767334 587.269714 -94.019699 ) (-542.768555 587.269287 -66.019699 ) 
4 66 67 (-527.400574 592.391296 -94.019699 ) (-519.700134 594.957764 -94.019699 ) (-519.700134 594.957764 -66.019699 ) (-527.400574 592.391296 -66.019699 ) 
3 67 123 (-527.393860 592.392090 -94.019699 ) (-519.694580 594.958191 -94.019699 ) (-512 594.103027 -94.019699 ) 
4 68 114 (-580.480408 465.888641 -94.019699 ) (-583.246338 469.115417 -94.019699 ) (-587.234741 481.104004 -94.019699 ) (-584.366089 474.669891 -94.019699 ) 
3 69 99 (-465.823181 443.575684 -94.019699 ) (-469.114594 440.754364 -94.019699 ) (-481.298492 436.700775 -94.019699 ) 
3 70 111 (-554.914001 440.781891 -94.019699 ) (-558.182922 443.580933 -94.019699 ) (-542.789124 436.740021 -94.019699 ) 
4 70 110 (-546.705261 433.753143 -94.019699 ) (-554.914001 440.781891 -94.019699 ) (-542.789124 436.740021 -94.019699 ) (-532.522766 432.177734 -94.019699 ) 
4 70 109 (-538.734680 426.928284 -94.019699 ) (-546.705261 433.753143 -94.019699 ) (-532.522766 432.177734 -94.019699 ) (-524.314636 428.530090 -94.019699 ) 
4 70 108 (-516.412354 425.018341 -94.019699 ) (-530.881897 420.204315 -94.019699 ) (-538.734680 426.928284 -94.019699 ) (-524.314636 428.530090 -94.019699 ) 
4 70 71 (-542.845764 436.765594 -66.019699 ) (-516.411987 425.018524 -66.019699 ) (-516.411987 425.018524 -94.019699 ) (-542.785645 436.738861 -94.019699 ) 
3 71 110 (-532.522705 432.177704 -94.019699 ) (-542.789185 436.740051 -94.019699 ) (-527.393982 431.608002 -94.019699 ) 
4 71 109 (-524.314636 428.530090 -94.019699 ) (-532.522705 432.177704 -94.019699 ) (-527.393982 431.608002 -94.019699 ) (-519.698914 429.042816 -94.019699 ) 
4 71 108 (-512.015015 426.481354 -94.019699 ) (-516.412354 425.018341 -94.019699 ) (-524.314636 428.530090 -94.019699 ) (-519.698914 429.042816 -94.019699 ) 
4 71 72 (-527.364319 431.604736 -66.019699 ) (-512.005127 426.484680 -66.019699 ) (-512.015137 426.481354 -94.019699 ) (-527.394226 431.608063 -94.019699 ) 
3 72 109 (-519.698914 429.042816 -94.019699 ) (-527.394043 431.608002 -94.019699 ) (-511.998505 429.898193 -94.019699 ) 
4 72 108 (-504.311188 429.044434 -94.019699 ) (-512.015015 426.481354 -94.019699 ) (-519.698914 429.042816 -94.019699 ) (-511.998505 429.898193 -94.019699 ) 
4 72 73 (-512.008728 429.899200 -66.019699 ) (-504.311554 429.044342 -66.019699 ) (-504.311554 429.044342 -94.019699 ) (-512.008728 429.899200 -94.019699 ) 
3 73 108 (-496.605713 431.608063 -94.019699 ) (-504.311188 429.044434 -94.019699 ) (-512.008179 429.899261 -94.019699 ) 
3 74 116 (-592.390930 496.602722 -94.019699 ) (-594.957153 504.316284 -94.019699 ) (-594.103088 512 -94.019699 ) 
3 75 105 (-443.580994 465.816986 -94.019699 ) (-445.860413 460.687347 -94.019699 ) (-453.891846 453.802979 -94.019699 ) 
3 76 121 (-558.230347 580.399597 -94.019699 ) (-554.965210 583.202759 -94.019699 ) (-542.780334 587.263916 -94.019699 ) 
4 76 77 (-556.467590 581.182434 -94.019699 ) (-547.297058 585.256836 -94.019699 ) (-547.296875 585.257019 -66.019699 ) (-556.476563 581.178589 -66.019699 ) 
3 78 101 (-425.011536 516.392883 -94.019699 ) (-426.478516 511.992432 -94.019699 ) (-436.719330 542.741028 -94.019699 ) 
4 78 100 (-440.770111 554.903687 -94.019699 ) (-420.180664 530.883606 -94.019699 ) (-425.011536 516.392883 -94.019699 ) (-436.719330 542.741028 -94.019699 ) 
4 78 98 (-420.180664 530.883606 -94.019699 ) (-370.925751 473.421906 -94.019699 ) (-409.372498 460.630646 -94.019699 ) (-426.478516 511.992432 -94.019699 ) 
4 78 80 (-440.768066 554.901855 -66.019699 ) (-440.768066 554.901855 -94.019699 ) (-436.593964 542.368958 -94.019699 ) (-436.593964 542.368958 -66.019699 ) 
4 78 79 (-431.608002 527.398376 -94.019699 ) (-409.371338 460.631836 -94.019699 ) (-409.371338 460.631836 -66.019699 ) (-431.608002 527.398376 -66.019699 ) 
4 79 102 (-431.607269 527.391724 -94.019699 ) (-426.478546 511.992462 -94.019699 ) (-428.255249 506.662933 -94.019699 ) (-429.829895 511.386719 -94.019699 ) 
4 79 98 (-426.478546 511.992462 -94.019699 ) (-409.372498 460.630646 -94.019699 ) (-412.557404 459.571014 -94.019699 ) (-428.255249 506.662933 -94.019699 ) 
3 80 100 (-443.580963 558.182861 -94.019699 ) (-440.770111 554.903687 -94.019699 ) (-436.719391 542.741089 -94.019699 ) 
5 81 99 (-630.921265 302.719879 -94.019699 ) (-540.392883 272.543579 -94.019699 ) (-544.958923 272.178284 -94.019699 ) (-559.346802 273.329590 -94.019699 ) (-604.832642 288.491089 -94.019699 ) 
4 81 82 (-544.961304 272.178467 -94.019699 ) (-540.393738 272.543884 -94.019699 ) (-540.393738 272.543884 -80 ) (-544.961304 272.178467 -80 ) 
4 82 99 (-544.958923 272.178284 -94.019699 ) (-505.371094 275.345306 -94.019699 ) (-507.177612 269.926331 -94.019699 ) (-511.997070 269.540741 -94.019699 ) 
4 82 98 (-505.371094 275.345306 -94.019699 ) (-465.674591 278.521027 -94.019699 ) (-486.493896 271.581177 -94.019699 ) (-507.177612 269.926331 -94.019699 ) 
4 82 84 (-486.484680 271.581909 -94.019699 ) (-465.665222 278.521790 -94.019699 ) (-465.665253 278.521790 -80 ) (-486.484650 271.581909 -80 ) 
3 83 98 (-380.492981 315.539703 -94.019699 ) (-401.191559 300.015594 -94.019699 ) (-421.152527 293.361877 -94.019699 ) 
4 83 85 (-401.195160 300.014374 -94.019699 ) (-380.499817 315.536011 -94.019699 ) (-380.442535 315.578918 -80 ) (-401.194977 300.014435 -80 ) 
4 83 84 (-421.163269 293.355927 -94.019699 ) (-401.195831 300.011841 -94.019699 ) (-401.195831 300.011841 -80 ) (-421.218323 293.337585 -80 ) 
5 84 98 (-486.493835 271.581177 -94.019699 ) (-401.191559 300.015594 -94.019699 ) (-409.589569 293.717010 -94.019699 ) (-419.186890 288.482361 -94.019699 ) (-464.645721 273.329163 -94.019699 ) 
4 84 85 (-409.596680 293.713165 -94.019699 ) (-401.195160 300.014374 -94.019699 ) (-401.194977 300.014435 -80 ) (-409.596283 293.713379 -80 ) 
4 85 98 (-409.589569 293.717010 -94.019699 ) (-343.377258 343.376831 -94.019699 ) (-354.627441 328.376617 -94.019699 ) (-377.507233 311.215607 -94.019699 ) 
4 85 87 (-354.631470 328.373657 -94.019699 ) (-343.381409 343.373718 -94.019699 ) (-343.381439 343.373688 -80 ) (-354.631561 328.373566 -80 ) 
3 86 98 (-304.213898 395.594513 -94.019699 ) (-315.578339 380.441986 -94.019699 ) (-306.108002 397.804230 -94.019699 ) 
4 86 97 (-293.345215 421.202637 -94.019699 ) (-300.015259 401.192688 -94.019699 ) (-304.213898 395.594513 -94.019699 ) (-306.108002 397.804230 -94.019699 ) 
4 86 90 (-300.013977 401.194366 -94.019699 ) (-293.343384 421.206055 -94.019699 ) (-293.343384 421.206055 -80 ) (-300.013977 401.194397 -80 ) 
4 86 88 (-315.573334 380.451111 -94.019699 ) (-300.014893 401.195679 -94.019699 ) (-300.014893 401.195679 -80 ) (-315.573303 380.451172 -80 ) 
4 87 98 (-354.627319 328.376740 -94.019699 ) (-315.578339 380.441956 -94.019699 ) (-333.077240 348.360657 -94.019699 ) (-339.627289 339.627533 -94.019699 ) 
4 87 88 (-333.076050 348.362183 -94.019699 ) (-315.576172 380.445313 -94.019699 ) (-315.576172 380.445313 -80 ) (-333.076050 348.362152 -80 ) 
6 88 98 (-333.077240 348.360626 -94.019699 ) (-315.578339 380.441956 -94.019699 ) (-304.213898 395.594513 -94.019699 ) (-302.534424 393.635223 -94.019699 ) (-302.718964 393.081604 -94.019699 ) (-311.205627 377.521820 -94.019699 ) 
3 88 97 (-304.213898 395.594513 -94.019699 ) (-300.015259 401.192688 -94.019699 ) (-302.534424 393.635223 -94.019699 ) 
4 88 90 (-302.717102 393.085083 -94.019699 ) (-300.013977 401.194366 -94.019699 ) (-300.013977 401.194397 -80 ) (-302.717102 393.085052 -80 ) 
3 89 97 (-274.815002 512 -94.019699 ) (-272.543579 483.607147 -94.019699 ) (-278.520996 465.675018 -94.019699 ) 
4 89 91 (-272.543243 483.608032 -94.019699 ) (-274.814819 512.002502 -94.019699 ) (-274.814819 512.002441 -80 ) (-272.543243 483.608032 -80 ) 
4 89 90 (-278.521240 465.672180 -94.019699 ) (-272.543243 483.606018 -94.019699 ) (-272.543243 483.606018 -80 ) (-278.521240 465.672180 -80 ) 
5 90 97 (-302.718994 393.081573 -94.019699 ) (-272.543579 483.607147 -94.019699 ) (-272.178223 479.040161 -94.019699 ) (-273.330780 464.635742 -94.019699 ) (-288.480042 419.187927 -94.019699 ) 
4 90 91 (-272.178009 479.042511 -94.019699 ) (-272.543243 483.608032 -94.019699 ) (-272.543243 483.608032 -80 ) (-272.178009 479.042480 -80 ) 
4 91 97 (-272.178223 479.040131 -94.019699 ) (-278.520966 558.324341 -94.019699 ) (-271.581238 537.504944 -94.019699 ) (-269.540863 512.001404 -94.019699 ) 
4 91 92 (-271.581421 537.507141 -94.019699 ) (-278.521118 558.326477 -94.019699 ) (-278.521118 558.326477 -80 ) (-271.581421 537.507141 -80 ) 
4 92 97 (-271.581238 537.505005 -94.019699 ) (-293.344391 602.795166 -94.019699 ) (-279.114655 576.707336 -94.019699 ) (-273.328979 559.350586 -94.019699 ) 
4 92 93 (-279.112396 576.700562 -94.019699 ) (-293.341949 602.787964 -94.019699 ) (-293.341919 602.787842 -80 ) (-279.112274 576.700256 -80 ) 
4 93 97 (-315.582031 643.564087 -94.019699 ) (-293.708618 614.399658 -94.019699 ) (-288.488800 604.829468 -94.019699 ) (-279.114624 576.707336 -94.019699 ) 
4 93 94 (-293.703125 614.389526 -94.019699 ) (-315.575989 643.553040 -94.019699 ) (-315.575653 643.552429 -80 ) (-293.702667 614.388672 -80 ) 
5 94 97 (-293.708771 614.399780 -94.019699 ) (-352.998535 693.452637 -94.019699 ) (-348.354858 690.919739 -94.019699 ) (-339.622650 684.370178 -94.019699 ) (-311.214081 646.494690 -94.019699 ) 
4 94 95 (-348.362885 690.925720 -94.019699 ) (-353 693.455078 -94.019699 ) (-353 693.455078 -80 ) (-348.363068 690.925842 -80 ) 
3 95 97 (-348.354858 690.919739 -94.019699 ) (-352.998535 693.452637 -94.019699 ) (-354.627289 695.624329 -94.019699 ) 
4 96 119 (-533.694092 663.310669 -96.019699 ) (-533.694092 663.310669 -94.019699 ) (-580.418945 558.183105 -94.019699 ) (-580.418945 558.183105 -96.019699 ) 
4 96 118 (-587.261047 542.788879 -94.019699 ) (-591.821350 532.528442 -94.019699 ) (-591.821350 532.528381 -96.019699 ) (-587.261047 542.788818 -96.019699 ) 
4 96 117 (-591.821350 532.528442 -94.019699 ) (-595.471802 524.315247 -94.019699 ) (-595.471802 524.315125 -96.019699 ) (-591.821350 532.528381 -96.019699 ) 
4 96 116 (-595.471802 524.315247 -94.019699 ) (-598.982178 516.417114 -94.019699 ) (-598.982178 516.416992 -96.019699 ) (-595.471802 524.315125 -96.019699 ) 
4 96 115 (-598.982178 516.417114 -94.019699 ) (-600.977539 511.927734 -94.019699 ) (-600.977478 511.927673 -96.019699 ) (-598.982178 516.416992 -96.019699 ) 
4 96 114 (-600.977539 511.927734 -94.019699 ) (-607.452881 497.358673 -94.019699 ) (-607.452820 497.358673 -96.019699 ) (-600.977478 511.927673 -96.019699 ) 
4 96 113 (-607.452881 497.358673 -94.019699 ) (-611.148560 489.043579 -94.019699 ) (-611.148560 489.043579 -96.019699 ) (-607.452820 497.358673 -96.019699 ) 
4 96 112 (-611.148560 489.043579 -94.019699 ) (-619.286011 470.734833 -94.019699 ) (-619.286011 470.734833 -96.019699 ) (-611.148560 489.043579 -96.019699 ) 
4 96 111 (-619.286011 470.734833 -94.019699 ) (-622.574158 463.336670 -94.019699 ) (-622.574158 463.336670 -96.019699 ) (-619.286011 470.734833 -96.019699 ) 
4 96 110 (-622.574158 463.336670 -94.019699 ) (-631.534668 443.176147 -94.019699 ) (-631.534668 443.176147 -96.019699 ) (-622.574158 463.336670 -96.019699 ) 
4 96 109 (-631.534668 443.176147 -94.019699 ) (-643.950806 415.240723 -94.019699 ) (-643.950806 415.240723 -96.019699 ) (-631.534668 443.176147 -96.019699 ) 
4 96 108 (-643.950806 415.240723 -94.019699 ) (-661.098022 376.660736 -94.019699 ) (-661.097961 376.660767 -96.019699 ) (-643.950806 415.240723 -96.019699 ) 
4 96 107 (-661.098022 376.660736 -94.019699 ) (-672.122192 351.857056 -94.019699 ) (-672.122192 351.857056 -96.019699 ) (-661.097961 376.660767 -96.019699 ) 
4 96 128 (-672.122131 351.857086 -190 ) (-533.694031 663.310669 -190 ) (-533.694092 663.310669 -96.019699 ) (-672.122192 351.857056 -96.019699 ) 
4 96 99 (-679.262573 335.791565 -190 ) (-672.122131 351.857086 -190 ) (-672.122192 351.857056 -94.019699 ) (-679.262573 335.791626 -94.019699 ) 
4 96 97 (-533.694031 663.310669 -190 ) (-493.828857 753.004578 -190 ) (-493.828918 753.004578 -94.019699 ) (-533.694092 663.310669 -94.019699 ) 
4 97 124 (-477.646698 597.921326 -96.019699 ) (-453.854767 570.165283 -96.019699 ) (-453.854767 570.165283 -94.019699 ) (-477.646698 597.921326 -94.019699 ) 
4 97 123 (-485.029114 606.533752 -96.019699 ) (-477.646698 597.921326 -96.019699 ) (-477.646698 597.921326 -94.019699 ) (-485.029114 606.533752 -94.019699 ) 
4 97 122 (-489 611.167114 -96.019699 ) (-485.029114 606.533752 -96.019699 ) (-485.029114 606.533752 -94.019699 ) (-489 611.167114 -94.019699 ) 
4 97 121 (-503.109528 627.626709 -96.019699 ) (-489 611.167114 -96.019699 ) (-489 611.167114 -94.019699 ) (-503.109528 627.626709 -94.019699 ) 
4 97 120 (-512.001526 638 -96.019699 ) (-503.109528 627.626709 -96.019699 ) (-503.109528 627.626709 -94.019699 ) (-512.001526 638 -94.019699 ) 
4 97 119 (-533.695313 663.308594 -94.019699 ) (-533.695313 663.308594 -96.019699 ) (-512.001526 638 -96.019699 ) (-512.001526 638 -94.019699 ) 
4 97 100 (-443.577942 558.176147 -96.019699 ) (-420.181427 530.881348 -96.019699 ) (-420.181427 530.881348 -94.019699 ) (-443.577942 558.176147 -94.019699 ) 
4 97 128 (-533.695313 663.308594 -96.019699 ) (-533.695313 663.308594 -190 ) (-420.181488 530.881104 -190 ) (-420.181427 530.881348 -96.019699 ) 
4 97 98 (-420.181488 530.881104 -190 ) (-302.463837 393.549347 -190 ) (-302.463654 393.549744 -94.019699 ) (-420.181427 530.881348 -94.019699 ) 
4 98 104 (-436.734222 481.225006 -96.019699 ) (-446.406921 452.210754 -96.019699 ) (-446.406921 452.210754 -94.019699 ) (-436.734222 481.225006 -94.019699 ) 
4 98 103 (-429.042419 504.297272 -96.019699 ) (-431.608765 496.599304 -96.019699 ) (-431.608765 496.599304 -94.019699 ) (-429.042419 504.297272 -94.019699 ) 
4 98 102 (-426.471619 512.008606 -96.019699 ) (-429.042419 504.297272 -96.019699 ) (-429.042419 504.297272 -94.019699 ) (-426.471619 512.008606 -94.019699 ) 
4 98 101 (-425.010651 516.390869 -96.019699 ) (-426.471619 512.008606 -96.019699 ) (-426.471619 512.008606 -94.019699 ) (-425.010651 516.390869 -94.019699 ) 
4 98 100 (-420.178711 530.884766 -94.019699 ) (-420.178711 530.884766 -96.019699 ) (-425.010651 516.390869 -96.019699 ) (-425.010651 516.390869 -94.019699 ) 
4 98 128 (-420.178711 530.884766 -96.019699 ) (-420.178711 530.884766 -190 ) (-446.406738 452.210815 -190 ) (-446.406921 452.210754 -96.019699 ) 
4 98 99 (-446.406738 452.210815 -190 ) (-507.176025 269.926483 -190 ) (-507.176514 269.926453 -94.019699 ) (-446.406921 452.210754 -94.019699 ) 
4 99 107 (-481.087982 436.791656 -96.019699 ) (-672.122070 351.857422 -96.019699 ) (-672.122070 351.857422 -94.019699 ) (-481.088013 436.791687 -94.019699 ) 
4 99 106 (-460.710297 445.851624 -96.019699 ) (-465.816467 443.581421 -96.019699 ) (-465.816498 443.581421 -94.019699 ) (-460.710327 445.851624 -94.019699 ) 
4 99 105 (-450.419830 450.426788 -96.019699 ) (-460.710297 445.851624 -96.019699 ) (-460.710327 445.851624 -94.019699 ) (-450.419861 450.426788 -94.019699 ) 
4 99 104 (-446.407288 452.210785 -94.019699 ) (-446.407288 452.210785 -96.019699 ) (-450.419830 450.426788 -96.019699 ) (-450.419861 450.426788 -94.019699 ) 
4 99 128 (-446.407288 452.210785 -96.019699 ) (-446.407288 452.210785 -190 ) (-672.122070 351.857422 -190 ) (-672.122070 351.857422 -96.019699 ) 
4 100 101 (-436.771820 542.861450 -96.019699 ) (-425.009766 516.390625 -96.019699 ) (-425.009766 516.390625 -94.019699 ) (-436.771820 542.861450 -94.019699 ) 
3 100 128 (-443.581360 558.183838 -96.019699 ) (-420.179688 530.882813 -96.019699 ) (-425.010742 516.391113 -96.019699 ) 
4 101 102 (-431.607880 527.392578 -96.019699 ) (-426.472534 512.010437 -96.019699 ) (-426.472534 512.010437 -94.019699 ) (-431.607880 527.392578 -94.019699 ) 
3 101 128 (-436.768829 542.852417 -96.019699 ) (-425.010742 516.391113 -96.019699 ) (-426.471649 512.008789 -96.019699 ) 
4 102 103 (-429.897827 512.001648 -96.019699 ) (-429.042480 504.301575 -96.019699 ) (-429.042480 504.301575 -94.019699 ) (-429.897827 512.001648 -94.019699 ) 
3 102 128 (-431.608032 527.394104 -96.019699 ) (-426.471649 512.008789 -96.019699 ) (-429.042419 504.297241 -96.019699 ) 
3 103 128 (-429.898041 512 -96.019699 ) (-429.042419 504.297241 -96.019699 ) (-431.608795 496.598846 -96.019699 ) 
4 104 105 (-443.582428 465.815308 -96.019699 ) (-450.420837 450.426117 -96.019699 ) (-450.420837 450.426117 -94.019699 ) (-443.582428 465.815308 -94.019699 ) 
3 104 128 (-446.406250 452.210938 -96.019699 ) (-450.420044 450.426392 -96.019699 ) (-436.733124 481.227448 -96.019699 ) 
4 105 106 (-453.874878 453.817474 -96.019699 ) (-460.708801 445.852112 -96.019699 ) (-460.708801 445.852112 -94.019699 ) (-453.874878 453.817474 -94.019699 ) 
3 105 128 (-450.420044 450.426392 -96.019699 ) (-460.710754 445.851135 -96.019699 ) (-443.580994 465.817017 -96.019699 ) 
3 106 128 (-460.710754 445.851135 -96.019699 ) (-465.817108 443.580841 -96.019699 ) (-453.879120 453.813843 -96.019699 ) 
4 107 108 (-496.611298 431.607422 -96.019699 ) (-661.097351 376.662170 -96.019699 ) (-661.097351 376.662170 -94.019699 ) (-496.611298 431.607422 -94.019699 ) 
3 107 128 (-481.085205 436.792603 -96.019699 ) (-672.122131 351.857208 -96.019699 ) (-661.097656 376.660889 -96.019699 ) 
4 108 109 (-512.001648 429.898224 -96.019699 ) (-643.950623 415.241119 -96.019699 ) (-643.950623 415.241119 -94.019699 ) (-512.001648 429.898224 -94.019699 ) 
3 108 128 (-496.605988 431.608002 -96.019699 ) (-661.097656 376.660889 -96.019699 ) (-643.950073 415.240784 -96.019699 ) 
4 109 110 (-527.392700 431.607544 -96.019699 ) (-631.534851 443.175842 -96.019699 ) (-631.534851 443.175842 -94.019699 ) (-527.392700 431.607544 -94.019699 ) 
3 109 128 (-512 429.898010 -96.019699 ) (-643.950073 415.240784 -96.019699 ) (-631.533691 443.176025 -96.019699 ) 
4 110 111 (-542.782288 436.737000 -96.019699 ) (-622.574524 463.336029 -96.019699 ) (-622.574524 463.336029 -94.019699 ) (-542.782288 436.737000 -94.019699 ) 
3 110 128 (-527.393982 431.608002 -96.019699 ) (-631.533691 443.176025 -96.019699 ) (-622.573059 463.336304 -96.019699 ) 
4 111 112 (-558.226685 443.600525 -96.019699 ) (-619.286011 470.734955 -96.019699 ) (-619.286011 470.734955 -94.019699 ) (-558.226685 443.600525 -94.019699 ) 
3 111 128 (-542.789001 436.739990 -96.019699 ) (-622.573059 463.336304 -96.019699 ) (-619.284851 470.734344 -96.019699 ) 
4 112 113 (-570.161499 453.849030 -96.019699 ) (-611.148438 489.043854 -96.019699 ) (-611.148438 489.043854 -94.019699 ) (-570.161499 453.849030 -94.019699 ) 
3 112 128 (-558.226501 443.600311 -96.019699 ) (-619.284851 470.734344 -96.019699 ) (-611.147400 489.042603 -96.019699 ) 
4 113 114 (-580.419678 465.818542 -96.019699 ) (-607.452637 497.359253 -96.019699 ) (-607.452637 497.359253 -94.019699 ) (-580.419678 465.818542 -94.019699 ) 
3 113 128 (-570.160278 453.847626 -96.019699 ) (-611.147400 489.042603 -96.019699 ) (-607.451721 497.357391 -96.019699 ) 
4 114 115 (-587.236511 481.107483 -96.019699 ) (-600.977661 511.927460 -96.019699 ) (-600.977661 511.927460 -94.019699 ) (-587.236511 481.107483 -94.019699 ) 
3 114 128 (-580.418884 465.816864 -96.019699 ) (-607.451721 497.357391 -96.019699 ) (-600.976563 511.925659 -96.019699 ) 
4 115 116 (-592.392700 496.612305 -96.019699 ) (-598.981323 516.419006 -96.019699 ) (-598.981323 516.419006 -94.019699 ) (-592.392700 496.612305 -94.019699 ) 
3 115 128 (-587.237305 481.109955 -96.019699 ) (-600.976563 511.925659 -96.019699 ) (-598.981323 516.414612 -96.019699 ) 
4 116 117 (-594.103271 511.998413 -96.019699 ) (-595.472168 524.314392 -96.019699 ) (-595.472168 524.314392 -94.019699 ) (-594.103271 511.998413 -94.019699 ) 
3 116 128 (-592.391968 496.605865 -96.019699 ) (-598.981323 516.414612 -96.019699 ) (-595.471375 524.311584 -96.019699 ) 
4 117 118 (-592.391174 527.396790 -96.019699 ) (-591.820557 532.530273 -96.019699 ) (-591.820557 532.530273 -94.019699 ) (-592.391174 527.396790 -94.019699 ) 
3 117 128 (-594.103027 512 -96.019699 ) (-595.471375 524.311584 -96.019699 ) (-591.822021 532.522156 -96.019699 ) 
3 118 128 (-592.392029 527.394165 -96.019699 ) (-591.822021 532.522156 -96.019699 ) (-587.267944 542.768250 -96.019699 ) 
4 119 120 (-570.160034 570.152466 -96.019699 ) (-512 638.002502 -96.019699 ) (-512 638.002502 -94.019699 ) (-570.160034 570.152466 -94.019699 ) 
3 119 128 (-580.413879 558.189026 -96.019699 ) (-533.691406 663.308594 -96.019699 ) (-512 638.002441 -96.019699 ) 
4 120 121 (-558.188110 580.416748 -96.019699 ) (-503.108887 627.629395 -96.019699 ) (-503.108887 627.629395 -94.019699 ) (-558.188110 580.416748 -94.019699 ) 
3 120 128 (-570.156189 570.155823 -96.019699 ) (-512 638.002441 -96.019699 ) (-503.107391 627.628479 -96.019699 ) 
4 121 122 (-542.851013 587.232300 -96.019699 ) (-488.998047 611.167358 -96.019699 ) (-488.998047 611.167358 -94.019699 ) (-542.851013 587.232300 -94.019699 ) 
3 121 128 (-558.182861 580.419067 -96.019699 ) (-503.107391 627.628479 -96.019699 ) (-488.998199 611.168335 -96.019699 ) 
4 122 123 (-527.387695 592.392761 -96.019699 ) (-485.025909 606.533447 -96.019699 ) (-485.025909 606.533447 -94.019699 ) (-527.387695 592.392761 -94.019699 ) 
3 122 128 (-542.860046 587.229309 -96.019699 ) (-488.998199 611.168335 -96.019699 ) (-485.026337 606.534668 -96.019699 ) 
4 123 125 (-512.002014 594.103210 -96.019699 ) (-485.250000 597.076599 -96.019699 ) (-485.250031 597.076599 -94.019699 ) (-512.002075 594.103210 -94.019699 ) 
4 123 124 (-485.250000 597.076599 -96.019699 ) (-477.644348 597.921936 -96.019699 ) (-477.644348 597.921936 -94.019699 ) (-485.250031 597.076599 -94.019699 ) 
3 123 128 (-527.393738 592.392090 -96.019699 ) (-485.026337 606.534668 -96.019699 ) (-477.643524 597.921692 -96.019699 ) 
4 124 127 (-469.107971 583.241516 -96.019699 ) (-465.813354 580.417419 -96.019699 ) (-465.813354 580.417419 -94.019699 ) (-469.107971 583.241516 -94.019699 ) 
4 124 126 (-477.276733 590.243591 -96.019699 ) (-469.107971 583.241516 -96.019699 ) (-469.107971 583.241516 -94.019699 ) (-477.276733 590.243591 -94.019699 ) 
4 124 125 (-485.250000 597.078125 -94.019699 ) (-485.250000 597.078125 -96.019699 ) (-477.276733 590.243591 -96.019699 ) (-477.276733 590.243591 -94.019699 ) 
3 124 128 (-485.249634 597.076294 -96.019699 ) (-477.643524 597.921692 -96.019699 ) (-453.842407 570.154663 -96.019699 ) 
4 125 126 (-496.608704 592.392944 -96.019699 ) (-477.273438 590.243896 -96.019699 ) (-477.273438 590.243896 -94.019699 ) (-496.608704 592.392944 -94.019699 ) 
3 125 128 (-512 594.103027 -96.019699 ) (-485.249634 597.076294 -96.019699 ) (-477.278748 590.243774 -96.019699 ) 
4 126 127 (-481.273621 587.290283 -96.019699 ) (-469.112122 583.243347 -96.019699 ) (-469.112122 583.243347 -94.019699 ) (-481.273621 587.290283 -94.019699 ) 
3 126 128 (-496.605621 592.391907 -96.019699 ) (-477.278748 590.243774 -96.019699 ) (-469.110962 583.242554 -96.019699 ) 
3 127 128 (-481.270020 587.288696 -96.019699 ) (-469.110962 583.242554 -96.019699 ) (-465.817047 580.419067 -96.019699 ) 
4 129 131 (-1598.540527 836.134216 192 ) (-1848.891357 972.688660 192 ) (-1848.809204 972.963501 -61 ) (-1597.797852 836.048767 -61 ) 
4 129 130 (-1024 523.069397 -61 ) (-1024 522.749817 192 ) (-1598.540527 836.134216 192 ) (-1597.797852 836.048767 -61 ) 
4 130 132 (-1024 433.746216 -61 ) (-1024 433.748047 192 ) (-1909.716675 728.988647 192 ) (-1909.716919 728.986511 -61 ) 
4 130 131 (-1598.544189 836.134888 192 ) (-1597.801636 836.049500 -61 ) (-1882.883301 858.855957 -61 ) (-1882.875854 858.881348 192 ) 
4 132 133 (-1024 315.774902 -61 ) (-1024 315.775085 192 ) (-1918.942261 387.370209 192 ) (-1918.942261 387.370209 -61 ) 
4 133 141 (-1301.228760 0 192 ) (-1833.568604 0 192 ) (-1833.568481 0 -61 ) (-1301.228760 0 -61 ) 
4 133 134 (-1024 92.409515 -61 ) (-1024 92.409668 192 ) (-1301.226074 0 192 ) (-1301.225342 0 -61 ) 
4 134 142 (-1024 0 -61 ) (-1024 0 192 ) (-1301.228760 0 192 ) (-1301.228760 0 -61 ) 
4 135 143 (-1024 -167.096375 -61 ) (-1024 -564.118042 -61 ) (-1024 -564.118042 192 ) (-1024 -167.096405 192 ) 
4 135 142 (-1024 0 192 ) (-1024 0 -61 ) (-1024 -167.096375 -61 ) (-1024 -167.096405 192 ) 
4 135 136 (-600.909485 0 -61 ) (-600.910400 0 192 ) (-1024 -564.118103 192 ) (-1024 -564.120911 -61 ) 
4 136 144 (-1024 -809.574890 -61 ) (-1024 -809.574890 192 ) (-1024 -564.118042 192 ) (-1024 -564.118042 -61 ) 
4 136 137 (-433.746185 0 -61 ) (-433.746399 0 192 ) (-728.986450 -885.714172 192 ) (-728.986389 -885.714172 -61 ) 
4 137 138 (-315.775391 0 -61 ) (-315.775177 0 192 ) (-387.370209 -894.939209 192 ) (-387.370422 -894.939209 -61 ) 
4 138 139 (-233.854568 0 -61 ) (-233.854553 0 192 ) (-165.143463 -858.888000 192 ) (-165.143524 -858.888000 -61 ) 
4 139 140 (-92.414101 0 -61 ) (-92.414658 0 192 ) (0 -277.247070 192 ) (0 -277.246155 -61 ) 
4 141 142 (-1301.227783 0 -61 ) (-1301.227783 0 192 ) (-1759.415405 -152.730835 192 ) (-1759.415405 -152.730835 -61 ) 
4 142 143 (-1024 -167.097656 -61 ) (-1024 -167.097656 192 ) (-1487.541992 -514.758362 192 ) (-1487.542236 -514.758240 -61 ) 
4 143 144 (-1024 -564.117737 -61 ) (-1024 -564.116882 192 ) (-1159.411865 -744.665527 192 ) (-1159.411377 -744.665955 -61 ) 
