


materialPath: D:\Steam\steamapps\common\Counter-Strike Global Offensive\csgo\materials
Loading D:\Desktop\computing\Counter Strike\maps\awp long range\awp_long_range_1.vmf
Map revision 1
fixing up env_cubemap materials on brush sides...
0...1...2...3...4...5...6...7...8...9...100...1...2...3...4...5...6...7...8...9...10Processing areas...done (0)
Building Faces...done (0)
FixTjuncs...
PruneNodes...
WriteBSP...
done (0)
writing D:\Desktop\computing\Counter Strike\maps\awp long range\awp_long_range_1.prt...Building visibility clusters...
done (0)
Finding displacement neighbors...
Finding lightmap sample positions...
Displacement Alpha : 0...1...2...3...4...5...6...7...8...9...10
Building Physics collision data...
done (0) (4846 bytes)
Placing detail props : 0...1...2...3...4...5...6...7...8...9...10
Compacting texture/material tables...
Reduced 9 texinfos to 7
Reduced 2 texdatas to 2 (42 bytes to 42)
Writing D:\Desktop\computing\Counter Strike\maps\awp long range\awp_long_range_1.bsp
MSG_FILEWRITE - Filesystem was asked to write to 'd:\desktop\computing\counter strike\maps\awp long range\awp_long_range_1.bsp', but we don't own that location. Allowing.
0 seconds elapsed



4 threads
reading d:\desktop\computing\counter strike\maps\awp long range\awp_long_range_1.bsp
reading d:\desktop\computing\counter strike\maps\awp long range\awp_long_range_1.prt
  72 portalclusters
 168 numportals
0...1...2...3...4...5...6...7...8...9...100...1...2...3...4...5...6...7...8...9...10Optimized: 0 visible clusters (0.00%)
Total clusters visible: 5018
Average clusters visible: 69
Building PAS...
Average clusters audible: 72
visdatasize:1876  compressed from 2304
writing d:\desktop\computing\counter strike\maps\awp long range\awp_long_range_1.bsp
MSG_FILEWRITE - Filesystem was asked to write to 'd:\desktop\computing\counter strike\maps\awp long range\awp_long_range_1.bsp', but we don't own that location. Allowing.
0 seconds elapsed



[Reading texlights from 'lights.rad']
[17 texlights parsed from 'lights.rad']

Loading d:\desktop\computing\counter strike\maps\awp long range\awp_long_range_1.bsp
836 faces
561203 square feet [80813256.00 square inches]
0 Displacements
0 Square Feet [0.00 Square Inches]
836 patches before subdivision
47196 patches after subdivision
0 direct lights
0...1...2...3...4...5...6...7...8...9...100...1...2...3...4...5...6...7...8...9...10transfers 14374551, max 866
transfer lists: 109.7 megs
0...1...2...3...4...5...6...7...8...9...10	Bounce #1 added RGB(0, 0, 0)
Build Patch/Sample Hash Table(s).....Done<0.0155 sec>
0...1...2...3...4...5...6...7...8...9...10FinalLightFace Done
0 of 0 (0% of) surface lights went in leaf ambient cubes.
0...1...2...3...4...5...6...7...8...9...10Writing leaf ambient...done
Ready to Finish

Object names       Objects/Maxobjs  Memory / Maxmem  Fullness 
------------       ---------------  ---------------  -------- 
models                   1/1024           48/49152    ( 0.1%) 
brushes                 18/8192          216/98304    ( 0.2%) 
brushsides             108/65536         864/524288   ( 0.2%) 
planes                  80/65536        1600/1310720  ( 0.1%) 
vertexes              1011/65536       12132/786432   ( 1.5%) 
nodes                  201/65536        6432/2097152  ( 0.3%) 
texinfos                 7/12288         504/884736   ( 0.1%) 
texdata                  2/2048           64/65536    ( 0.1%) 
dispinfos                0/0               0/0        ( 0.0%) 
disp_verts               0/0               0/0        ( 0.0%) 
disp_tris                0/0               0/0        ( 0.0%) 
disp_multiblend          0/0               0/0        ( 0.0%) 
disp_lmsamples           0/0               0/0        ( 0.0%) 
faces                  836/65536       46816/3670016  ( 1.3%) 
hdr faces                0/65536           0/3670016  ( 0.0%) 
origfaces               21/65536        1176/3670016  ( 0.0%) 
facebrushes             27/0              54/0        ( 0.0%) 
facebrushlists         836/0            3344/0        ( 0.0%) 
leaves                 203/65536        6496/2097152  ( 0.3%) 
leaffaces              919/65536        1838/131072   ( 1.4%) 
leafbrushes            130/65536         260/131072   ( 0.2%) 
areas                    2/1024           16/8192     ( 0.2%) 
surfedges             3732/512000      14928/2048000  ( 0.7%) 
edges                 1935/256000       7740/1024000  ( 0.8%) 
LDR worldlights          0/8192            0/819200   ( 0.0%) 
HDR worldlights          0/8192            0/819200   ( 0.0%) 
leafwaterdata            0/32768           0/393216   ( 0.0%) 
waterstrips             73/32768         730/327680   ( 0.2%) 
waterverts               0/65536           0/786432   ( 0.0%) 
waterindices          1011/65536        2022/131072   ( 1.5%) 
cubemapsamples           0/1024            0/16384    ( 0.0%) 
overlays                 0/1024            0/360448   ( 0.0%) 
LDR lightdata         [variable]     7294584/0        ( 0.0%) 
HDR lightdata         [variable]           0/0        ( 0.0%) 
visdata               [variable]        1876/16777216 ( 0.0%) 
entdata               [variable]       44756/393216   (11.4%) 
LDR ambient table      203/65536         812/262144   ( 0.3%) 
HDR ambient table      203/65536         812/262144   ( 0.3%) 
LDR leaf ambient        72/65536        2016/1835008  ( 0.1%) 
HDR leaf ambient       203/65536        5684/1835008  ( 0.3%) 
occluders                0/0               0/0        ( 0.0%) 
occluder polygons        0/0               0/0        ( 0.0%) 
occluder vert ind        0/0               0/0        ( 0.0%) 
detail props          [variable]           1/12       ( 8.3%) 
static props          [variable]           1/12       ( 8.3%) 
pakfile               [variable]       74462/0        ( 0.0%) 
physics               [variable]        4846/4194304  ( 0.1%) 
physics terrain       [variable]           2/1048576  ( 0.0%) 

Level flags = 7c

Total triangle count: 1976
Writing d:\desktop\computing\counter strike\maps\awp long range\awp_long_range_1.bsp
MSG_FILEWRITE - Filesystem was asked to write to 'd:\desktop\computing\counter strike\maps\awp long range\awp_long_range_1.bsp', but we don't own that location. Allowing.
2 seconds elapsed
