PRT1
72
168
4 0 2 (2048 1024 -254 ) (2048 1024 1534 ) (2048 1086 1534 ) (2048 1086 -254 ) 
4 0 1 (2048 1024 1534 ) (2048 1024 -254 ) (2622 1024 -254 ) (2622 1024 1534 ) 
4 1 6 (2622 0 1534 ) (2048 0 1534 ) (2048 0 -254 ) (2622 0 -254 ) 
4 1 4 (2048 0 -254 ) (2048 0 1534 ) (2048 1024 1534 ) (2048 1024 -254 ) 
4 2 4 (2048 1024 -254 ) (2048 1024 1534 ) (1024 1024 1534 ) (1024 1024 -254 ) 
4 2 3 (1024 1086 -254 ) (1024 1024 -254 ) (1024 1024 1534 ) (1024 1086 1534 ) 
4 3 15 (0 1024 -254 ) (0 1024 1534 ) (0 1086 1534 ) (0 1086 -254 ) 
4 3 5 (0 1024 1534 ) (0 1024 -254 ) (1024 1024 -254 ) (1024 1024 1534 ) 
4 4 8 (2048 0 -254 ) (2048 0 1534 ) (1024 0 1534 ) (1024 0 -254 ) 
4 4 5 (1024 1024 1534 ) (1024 1024 -254 ) (1024 0 -254 ) (1024 0 1534 ) 
4 5 17 (0 0 -254 ) (0 0 1534 ) (0 1024 1534 ) (0 1024 -254 ) 
4 5 9 (1024 0 -254 ) (1024 0 1534 ) (0 0 1534 ) (0 0 -254 ) 
4 6 8 (2048 -1024 -254 ) (2048 -1024 1534 ) (2048 0 1534 ) (2048 0 -254 ) 
4 6 7 (2622 -1024 1534 ) (2048 -1024 1534 ) (2048 -1024 -254 ) (2622 -1024 -254 ) 
4 7 12 (2622 -2048 1534 ) (2048 -2048 1534 ) (2048 -2048 -254 ) (2622 -2048 -254 ) 
4 7 10 (2048 -2048 -254 ) (2048 -2048 1534 ) (2048 -1024 1534 ) (2048 -1024 -254 ) 
4 8 10 (2048 -1024 -254 ) (2048 -1024 1534 ) (1024 -1024 1534 ) (1024 -1024 -254 ) 
4 8 9 (1024 -1024 -254 ) (1024 -1024 1534 ) (1024 0 1534 ) (1024 0 -254 ) 
4 9 37 (0 -1024 -254 ) (0 -1024 1534 ) (0 0 1534 ) (0 0 -254 ) 
4 9 11 (0 -1024 1534 ) (0 -1024 -254 ) (1024 -1024 -254 ) (1024 -1024 1534 ) 
4 10 13 (2048 -2048 -254 ) (2048 -2048 1534 ) (1024 -2048 1534 ) (1024 -2048 -254 ) 
4 10 11 (1024 -1024 1534 ) (1024 -1024 -254 ) (1024 -2048 -254 ) (1024 -2048 1534 ) 
4 11 39 (0 -2048 -254 ) (0 -2048 1534 ) (0 -1024 1534 ) (0 -1024 -254 ) 
4 11 14 (0 -2048 1534 ) (0 -2048 -254 ) (1024 -2048 -254 ) (1024 -2048 1534 ) 
4 12 13 (2048 -2048 1534 ) (2048 -2048 -254 ) (2048 -2110 -254 ) (2048 -2110 1534 ) 
4 13 14 (1024 -2048 1534 ) (1024 -2048 -254 ) (1024 -2110 -254 ) (1024 -2110 1534 ) 
4 14 41 (0 -2110 1534 ) (0 -2048 1534 ) (0 -2048 -254 ) (0 -2110 -254 ) 
4 15 17 (0 1024 -254 ) (0 1024 1534 ) (-1024 1024 1534 ) (-1024 1024 -254 ) 
4 15 16 (-1024 1086 -254 ) (-1024 1024 -254 ) (-1024 1024 1534 ) (-1024 1086 1534 ) 
4 16 23 (-2048 1024 -254 ) (-2048 1024 -125.800011 ) (-2048 1086 -125.800011 ) (-2048 1086 -254 ) 
4 16 19 (-2048 1024 -125.800011 ) (-2048 1024 1534 ) (-2048 1086 1534 ) (-2048 1086 -125.800011 ) 
4 16 18 (-2048 1024 1534 ) (-2048 1024 -254 ) (-1024 1024 -254 ) (-1024 1024 1534 ) 
4 17 37 (0 0 -254 ) (0 0 1534 ) (-1024 0 1534 ) (-1024 0 -254 ) 
4 17 18 (-1024 1024 1534 ) (-1024 1024 -254 ) (-1024 0 -254 ) (-1024 0 1534 ) 
4 18 38 (-1024 0 -254 ) (-1024 0 1534 ) (-2048 0 1534 ) (-2048 0 -254 ) 
4 18 32 (-2048 0 -254 ) (-2048 0 -128 ) (-2048 1024 -128 ) (-2048 1024 -254 ) 
4 18 29 (-2048 0 -128 ) (-2048 0 221.800018 ) (-2048 1024 221.800018 ) (-2048 1024 -128 ) 
4 18 27 (-2048 0 221.800018 ) (-2048 0 224 ) (-2048 1024 224 ) (-2048 1024 221.800018 ) 
4 18 26 (-2048 0 224 ) (-2048 0 1534 ) (-2048 1024 1534 ) (-2048 1024 224 ) 
4 19 29 (-2048 1024 -125.800011 ) (-2048 1024 221.800018 ) (-2931.199951 1024 221.800018 ) (-2931.199951 1024 -125.800011 ) 
4 19 27 (-2048 1024 221.800018 ) (-2048 1024 224 ) (-2931.199951 1024 224 ) (-2931.199951 1024 221.800018 ) 
4 19 26 (-2048 1024 224 ) (-2048 1024 1534 ) (-2931.199951 1024 1534 ) (-2931.199951 1024 224 ) 
4 19 23 (-2931.199951 1086 -125.800011 ) (-2048 1086 -125.800011 ) (-2048 1024 -125.800011 ) (-2931.199951 1024 -125.800011 ) 
4 19 20 (-2931.199951 1024 224 ) (-2931.199951 1024 1534 ) (-2931.199951 1086 1534 ) (-2931.199951 1086 224 ) 
4 19 21 (-2931.199951 1086 -125.800011 ) (-2931.199951 1024 -125.800011 ) (-2931.199951 1024 221.800018 ) (-2931.199951 1086 221.800018 ) 
4 20 26 (-2931.199951 1024 1534 ) (-2995.199951 1024 1534 ) (-2995.199951 1024 224 ) (-2931.199951 1024 224 ) 
4 20 22 (-2995.199951 1024 224 ) (-2995.199951 1024 1534 ) (-2995.199951 1086 1534 ) (-2995.199951 1086 224 ) 
4 21 30 (-2995.199951 1024 221.800018 ) (-2995.199951 1024 -125.800011 ) (-2931.199951 1024 -125.800011 ) (-2931.199951 1024 221.800018 ) 
4 21 22 (-2995.199951 1086 -125.800011 ) (-2995.199951 1024 -125.800011 ) (-2995.199951 1024 221.800018 ) (-2995.199951 1086 221.800018 ) 
4 22 33 (-3072 1024 -64 ) (-3072 1024 1534 ) (-3072 1086 1534 ) (-3072 1086 -64 ) 
4 22 31 (-3072 1024 221.800018 ) (-3072 1024 -125.800011 ) (-2995.199951 1024 -125.800011 ) (-2995.199951 1024 221.800018 ) 
4 22 28 (-3072 1024 224 ) (-3072 1024 221.800018 ) (-2995.199951 1024 221.800018 ) (-2995.199951 1024 224 ) 
4 22 26 (-2995.199951 1024 1534 ) (-3072 1024 1534 ) (-3072 1024 224 ) (-2995.199951 1024 224 ) 
4 22 25 (-3072 1024 -125.800011 ) (-3072 1086 -125.800011 ) (-2995.199951 1086 -125.800011 ) (-2995.199951 1024 -125.800011 ) 
4 23 32 (-2048 1024 -254 ) (-2048 1024 -128 ) (-2931.199951 1024 -128 ) (-2931.199951 1024 -254 ) 
4 23 29 (-2048 1024 -128 ) (-2048 1024 -125.800011 ) (-2931.199951 1024 -125.800011 ) (-2931.199951 1024 -128 ) 
4 23 24 (-2931.199951 1086 -128 ) (-2931.199951 1086 -254 ) (-2931.199951 1024 -254 ) (-2931.199951 1024 -128 ) 
4 24 32 (-2995.199951 1024 -128 ) (-2995.199951 1024 -254 ) (-2931.199951 1024 -254 ) (-2931.199951 1024 -128 ) 
4 24 25 (-2995.199951 1086 -128 ) (-2995.199951 1086 -254 ) (-2995.199951 1024 -254 ) (-2995.199951 1024 -128 ) 
4 25 34 (-3072 1024 -254 ) (-3072 1024 -128 ) (-3072 1086 -128 ) (-3072 1086 -254 ) 
4 25 32 (-3072 1024 -128 ) (-3072 1024 -254 ) (-2995.199951 1024 -254 ) (-2995.199951 1024 -128 ) 
4 25 31 (-2995.199951 1024 -125.800011 ) (-3072 1024 -125.800011 ) (-3072 1024 -128 ) (-2995.199951 1024 -128 ) 
4 26 43 (-2048 0 224 ) (-2048 0 1534 ) (-3072 0 1534 ) (-3072 0 224 ) 
4 26 35 (-3072 0 224 ) (-3072 0 1534 ) (-3072 1024 1534 ) (-3072 1024 224 ) 
4 26 27 (-2048 1024 224 ) (-2048 0 224 ) (-2931.199951 0 224 ) (-2931.199951 1024 224 ) 
4 26 28 (-2995.199951 0 224 ) (-3072 0 224 ) (-3072 1024 224 ) (-2995.199951 1024 224 ) 
4 27 44 (-2048 0 221.800018 ) (-2048 0 224 ) (-2931.199951 0 224 ) (-2931.199951 0 221.800018 ) 
4 27 29 (-2048 0 221.800018 ) (-2931.199951 0 221.800018 ) (-2931.199951 1024 221.800018 ) (-2048 1024 221.800018 ) 
4 28 45 (-2995.199951 0 224 ) (-3072 0 224 ) (-3072 0 221.800018 ) (-2995.199951 0 221.800018 ) 
4 28 35 (-3072 0 221.800018 ) (-3072 0 224 ) (-3072 1024 224 ) (-3072 1024 221.800018 ) 
4 28 31 (-2995.199951 0 221.800018 ) (-3072 0 221.800018 ) (-3072 1024 221.800018 ) (-2995.199951 1024 221.800018 ) 
4 29 49 (-2048 0 -128 ) (-2048 0 -125.800011 ) (-2931.199951 0 -125.800011 ) (-2931.199951 0 -128 ) 
4 29 46 (-2048 0 -125.800011 ) (-2048 0 221.800018 ) (-2931.199951 0 221.800018 ) (-2931.199951 0 -125.800011 ) 
4 29 32 (-2048 1024 -128 ) (-2048 0 -128 ) (-2931.199951 0 -128 ) (-2931.199951 1024 -128 ) 
4 29 30 (-2931.199951 0 -125.800011 ) (-2931.199951 0 221.800018 ) (-2931.199951 1024 221.800018 ) (-2931.199951 1024 -125.800011 ) 
4 30 47 (-2931.199951 0 221.800018 ) (-2995.199951 0 221.800018 ) (-2995.199951 0 -125.800011 ) (-2931.199951 0 -125.800011 ) 
4 30 31 (-2995.199951 0 -125.800011 ) (-2995.199951 0 221.800018 ) (-2995.199951 1024 221.800018 ) (-2995.199951 1024 -125.800011 ) 
4 31 51 (-3072 0 -125.800011 ) (-3072 0 -128 ) (-2995.199951 0 -128 ) (-2995.199951 0 -125.800011 ) 
4 31 48 (-2995.199951 0 221.800018 ) (-3072 0 221.800018 ) (-3072 0 -125.800011 ) (-2995.199951 0 -125.800011 ) 
4 31 35 (-3072 0 -64 ) (-3072 0 221.800018 ) (-3072 1024 221.800018 ) (-3072 1024 -64 ) 
4 31 32 (-2995.199951 0 -128 ) (-3072 0 -128 ) (-3072 1024 -128 ) (-2995.199951 1024 -128 ) 
4 32 50 (-2931.199951 0 -128 ) (-2995.199951 0 -128 ) (-2995.199951 0 -254 ) (-2931.199951 0 -254 ) 
4 32 49 (-2048 0 -254 ) (-2048 0 -128 ) (-2931.199951 0 -128 ) (-2931.199951 0 -254 ) 
4 32 51 (-2995.199951 0 -128 ) (-3072 0 -128 ) (-3072 0 -254 ) (-2995.199951 0 -254 ) 
4 32 36 (-3072 0 -254 ) (-3072 0 -128 ) (-3072 1024 -128 ) (-3072 1024 -254 ) 
4 33 35 (-3072 1024 -64 ) (-3072 1024 1534 ) (-3710 1024 1534 ) (-3710 1024 -64 ) 
4 34 36 (-3072 1024 -254 ) (-3072 1024 -128 ) (-3710 1024 -128 ) (-3710 1024 -254 ) 
4 35 59 (-3072 0 -64 ) (-3072 0 1534 ) (-3710 0 1534 ) (-3710 0 -64 ) 
4 36 60 (-3072 0 -254 ) (-3072 0 -128 ) (-3710 0 -128 ) (-3710 0 -254 ) 
4 37 39 (0 -1024 -254 ) (0 -1024 1534 ) (-1024 -1024 1534 ) (-1024 -1024 -254 ) 
4 37 38 (-1024 -1024 -254 ) (-1024 -1024 1534 ) (-1024 0 1534 ) (-1024 0 -254 ) 
4 38 49 (-2048 0 -125.800011 ) (-2048 0 -254 ) (-2048 -1024 -254 ) (-2048 -1024 -125.800011 ) 
4 38 46 (-2048 0 221.800018 ) (-2048 0 -125.800011 ) (-2048 -1024 -125.800011 ) (-2048 -1024 221.800018 ) 
4 38 44 (-2048 0 224 ) (-2048 0 221.800018 ) (-2048 -1024 221.800018 ) (-2048 -1024 224 ) 
4 38 43 (-2048 0 1534 ) (-2048 0 224 ) (-2048 -1024 224 ) (-2048 -1024 1534 ) 
4 38 40 (-2048 -1024 1534 ) (-2048 -1024 -254 ) (-1024 -1024 -254 ) (-1024 -1024 1534 ) 
4 39 41 (0 -2048 -254 ) (0 -2048 1534 ) (-1024 -2048 1534 ) (-1024 -2048 -254 ) 
4 39 40 (-1024 -1024 1534 ) (-1024 -1024 -254 ) (-1024 -2048 -254 ) (-1024 -2048 1534 ) 
4 40 58 (-2048 -2048 -254 ) (-2048 -2048 -128 ) (-2048 -1024 -128 ) (-2048 -1024 -254 ) 
4 40 55 (-2048 -2048 -128 ) (-2048 -2048 221.800018 ) (-2048 -1024 221.800018 ) (-2048 -1024 -128 ) 
4 40 53 (-2048 -2048 221.800018 ) (-2048 -2048 224 ) (-2048 -1024 224 ) (-2048 -1024 221.800018 ) 
4 40 52 (-2048 -2048 224 ) (-2048 -2048 1534 ) (-2048 -1024 1534 ) (-2048 -1024 224 ) 
4 40 42 (-1024 -2048 -254 ) (-1024 -2048 1534 ) (-2048 -2048 1534 ) (-2048 -2048 -254 ) 
4 41 42 (-1024 -2110 1534 ) (-1024 -2048 1534 ) (-1024 -2048 -254 ) (-1024 -2110 -254 ) 
4 42 67 (-2048 -2048 -125.800011 ) (-2048 -2048 -254 ) (-2048 -2110 -254 ) (-2048 -2110 -125.800011 ) 
4 42 63 (-2048 -2110 1534 ) (-2048 -2048 1534 ) (-2048 -2048 -125.800011 ) (-2048 -2110 -125.800011 ) 
4 43 59 (-3072 0 1534 ) (-3072 0 224 ) (-3072 -1024 224 ) (-3072 -1024 1534 ) 
4 43 52 (-2048 -1024 224 ) (-2048 -1024 1534 ) (-3072 -1024 1534 ) (-3072 -1024 224 ) 
4 43 44 (-2048 -1024 224 ) (-2931.199951 -1024 224 ) (-2931.199951 0 224 ) (-2048 0 224 ) 
4 43 45 (-2995.199951 -1024 224 ) (-3072 -1024 224 ) (-3072 0 224 ) (-2995.199951 0 224 ) 
4 44 53 (-2048 -1024 221.800018 ) (-2048 -1024 224 ) (-2931.199951 -1024 224 ) (-2931.199951 -1024 221.800018 ) 
4 44 46 (-2931.199951 0 221.800018 ) (-2048 0 221.800018 ) (-2048 -1024 221.800018 ) (-2931.199951 -1024 221.800018 ) 
4 45 59 (-3072 0 224 ) (-3072 0 221.800018 ) (-3072 -1024 221.800018 ) (-3072 -1024 224 ) 
4 45 54 (-2995.199951 -1024 224 ) (-3072 -1024 224 ) (-3072 -1024 221.800018 ) (-2995.199951 -1024 221.800018 ) 
4 45 48 (-3072 -1024 221.800018 ) (-3072 0 221.800018 ) (-2995.199951 0 221.800018 ) (-2995.199951 -1024 221.800018 ) 
4 46 55 (-2048 -1024 -125.800011 ) (-2048 -1024 221.800018 ) (-2931.399902 -1024 221.800018 ) (-2931.399902 -1024 -125.800011 ) 
4 46 49 (-2048 -1024 -125.800011 ) (-2931.399902 -1024 -125.800011 ) (-2931.399902 0 -125.800011 ) (-2048 0 -125.800011 ) 
4 47 56 (-2931.399902 -1024 221.800018 ) (-2995 -1024 221.800018 ) (-2995 -1024 -125.800011 ) (-2931.399902 -1024 -125.800011 ) 
4 48 59 (-3072 0 221.800018 ) (-3072 0 -64 ) (-3072 -1024 -64 ) (-3072 -1024 221.800018 ) 
4 48 57 (-2995 -1024 221.800018 ) (-3072 -1024 221.800018 ) (-3072 -1024 -125.800011 ) (-2995 -1024 -125.800011 ) 
4 48 51 (-2995 -1024 -125.800011 ) (-3072 -1024 -125.800011 ) (-3072 0 -125.800011 ) (-2995 0 -125.800011 ) 
4 49 58 (-2048 -1024 -254 ) (-2048 -1024 -128 ) (-2931.199951 -1024 -128 ) (-2931.199951 -1024 -254 ) 
4 49 55 (-2048 -1024 -128 ) (-2048 -1024 -125.800011 ) (-2931.199951 -1024 -125.800011 ) (-2931.199951 -1024 -128 ) 
4 49 50 (-2931.199951 0 -254 ) (-2931.199951 -1024 -254 ) (-2931.199951 -1024 -128 ) (-2931.199951 0 -128 ) 
4 50 58 (-2995.199951 -1024 -128 ) (-2995.199951 -1024 -254 ) (-2931.199951 -1024 -254 ) (-2931.199951 -1024 -128 ) 
4 50 51 (-2995.199951 0 -254 ) (-2995.199951 -1024 -254 ) (-2995.199951 -1024 -128 ) (-2995.199951 0 -128 ) 
4 51 60 (-3072 0 -128 ) (-3072 0 -254 ) (-3072 -1024 -254 ) (-3072 -1024 -128 ) 
4 51 58 (-3072 -1024 -128 ) (-3072 -1024 -254 ) (-2995.199951 -1024 -254 ) (-2995.199951 -1024 -128 ) 
4 51 57 (-2995.199951 -1024 -125.800011 ) (-3072 -1024 -125.800011 ) (-3072 -1024 -128 ) (-2995.199951 -1024 -128 ) 
4 52 64 (-2931.199951 -2048 1534 ) (-2995.199951 -2048 1534 ) (-2995.199951 -2048 224 ) (-2931.199951 -2048 224 ) 
4 52 63 (-2048 -2048 224 ) (-2048 -2048 1534 ) (-2931.199951 -2048 1534 ) (-2931.199951 -2048 224 ) 
4 52 66 (-2995.199951 -2048 1534 ) (-3072 -2048 1534 ) (-3072 -2048 224 ) (-2995.199951 -2048 224 ) 
4 52 61 (-3072 -2048 224 ) (-3072 -2048 1534 ) (-3072 -1024 1534 ) (-3072 -1024 224 ) 
4 52 53 (-2048 -2048 224 ) (-2931.199951 -2048 224 ) (-2931.199951 -1024 224 ) (-2048 -1024 224 ) 
4 52 54 (-2995.199951 -2048 224 ) (-3072 -2048 224 ) (-3072 -1024 224 ) (-2995.199951 -1024 224 ) 
4 53 63 (-2048 -2048 221.800018 ) (-2048 -2048 224 ) (-2931.199951 -2048 224 ) (-2931.199951 -2048 221.800018 ) 
4 53 55 (-2931.199951 -1024 221.800018 ) (-2048 -1024 221.800018 ) (-2048 -2048 221.800018 ) (-2931.199951 -2048 221.800018 ) 
4 54 66 (-2995.199951 -2048 224 ) (-3072 -2048 224 ) (-3072 -2048 221.800018 ) (-2995.199951 -2048 221.800018 ) 
4 54 61 (-3072 -2048 221.800018 ) (-3072 -2048 224 ) (-3072 -1024 224 ) (-3072 -1024 221.800018 ) 
4 54 57 (-3072 -2048 221.800018 ) (-3072 -1024 221.800018 ) (-2995.199951 -1024 221.800018 ) (-2995.199951 -2048 221.800018 ) 
4 55 67 (-2048 -2048 -128 ) (-2048 -2048 -125.800011 ) (-2931.199951 -2048 -125.800011 ) (-2931.199951 -2048 -128 ) 
4 55 63 (-2048 -2048 -125.800011 ) (-2048 -2048 221.800018 ) (-2931.199951 -2048 221.800018 ) (-2931.199951 -2048 -125.800011 ) 
4 55 58 (-2048 -2048 -128 ) (-2931.199951 -2048 -128 ) (-2931.199951 -1024 -128 ) (-2048 -1024 -128 ) 
4 55 56 (-2931.199951 -2048 -125.800011 ) (-2931.199951 -2048 221.800018 ) (-2931.199951 -1024 221.800018 ) (-2931.199951 -1024 -125.800011 ) 
4 56 65 (-2931.199951 -2048 221.800018 ) (-2995.199951 -2048 221.800018 ) (-2995.199951 -2048 -125.800011 ) (-2931.199951 -2048 -125.800011 ) 
4 56 57 (-2995.199951 -2048 -125.800011 ) (-2995.199951 -2048 221.800018 ) (-2995.199951 -1024 221.800018 ) (-2995.199951 -1024 -125.800011 ) 
4 57 69 (-3072 -2048 -125.800011 ) (-3072 -2048 -128 ) (-2995.199951 -2048 -128 ) (-2995.199951 -2048 -125.800011 ) 
4 57 66 (-2995.199951 -2048 221.800018 ) (-3072 -2048 221.800018 ) (-3072 -2048 -125.800011 ) (-2995.199951 -2048 -125.800011 ) 
4 57 61 (-3072 -2048 -64 ) (-3072 -2048 221.800018 ) (-3072 -1024 221.800018 ) (-3072 -1024 -64 ) 
4 57 58 (-2995.199951 -2048 -128 ) (-3072 -2048 -128 ) (-3072 -1024 -128 ) (-2995.199951 -1024 -128 ) 
4 58 68 (-2931.199951 -2048 -128 ) (-2995.199951 -2048 -128 ) (-2995.199951 -2048 -254 ) (-2931.199951 -2048 -254 ) 
4 58 67 (-2048 -2048 -254 ) (-2048 -2048 -128 ) (-2931.199951 -2048 -128 ) (-2931.199951 -2048 -254 ) 
4 58 69 (-2995.199951 -2048 -128 ) (-3072 -2048 -128 ) (-3072 -2048 -254 ) (-2995.199951 -2048 -254 ) 
4 58 62 (-3072 -2048 -254 ) (-3072 -2048 -128 ) (-3072 -1024 -128 ) (-3072 -1024 -254 ) 
4 59 61 (-3072 -1024 -64 ) (-3072 -1024 1534 ) (-3710 -1024 1534 ) (-3710 -1024 -64 ) 
4 60 62 (-3072 -1024 -254 ) (-3072 -1024 -128 ) (-3710 -1024 -128 ) (-3710 -1024 -254 ) 
4 61 70 (-3072 -2048 -64 ) (-3072 -2048 1534 ) (-3710 -2048 1534 ) (-3710 -2048 -64 ) 
4 62 71 (-3072 -2048 -254 ) (-3072 -2048 -128 ) (-3710 -2048 -128 ) (-3710 -2048 -254 ) 
4 63 67 (-2048 -2110 -125.800011 ) (-2931.199951 -2110 -125.800011 ) (-2931.199951 -2048 -125.800011 ) (-2048 -2048 -125.800011 ) 
4 63 64 (-2931.199951 -2110 224 ) (-2931.199951 -2110 1534 ) (-2931.199951 -2048 1534 ) (-2931.199951 -2048 224 ) 
4 63 65 (-2931.199951 -2048 -125.800011 ) (-2931.199951 -2110 -125.800011 ) (-2931.199951 -2110 221.800018 ) (-2931.199951 -2048 221.800018 ) 
4 64 66 (-2995.199951 -2110 224 ) (-2995.199951 -2110 1534 ) (-2995.199951 -2048 1534 ) (-2995.199951 -2048 224 ) 
4 65 66 (-2995.199951 -2048 -125.800011 ) (-2995.199951 -2110 -125.800011 ) (-2995.199951 -2110 221.800018 ) (-2995.199951 -2048 221.800018 ) 
4 66 70 (-3072 -2048 1534 ) (-3072 -2048 -64 ) (-3072 -2110 -64 ) (-3072 -2110 1534 ) 
4 66 69 (-2995.199951 -2110 -125.800011 ) (-3072 -2110 -125.800011 ) (-3072 -2048 -125.800011 ) (-2995.199951 -2048 -125.800011 ) 
4 67 68 (-2931.199951 -2048 -254 ) (-2931.199951 -2110 -254 ) (-2931.199951 -2110 -128 ) (-2931.199951 -2048 -128 ) 
4 68 69 (-2995.199951 -2048 -254 ) (-2995.199951 -2110 -254 ) (-2995.199951 -2110 -128 ) (-2995.199951 -2048 -128 ) 
4 69 71 (-3072 -2048 -128 ) (-3072 -2048 -254 ) (-3072 -2110 -254 ) (-3072 -2110 -128 ) 
