


materialPath: D:\Steam\steamapps\common\Counter-Strike Global Offensive\csgo\materials
Loading D:\Desktop\csgo\hammer maps\Premature Burial\achievement_premature_burial.vmf
Map revision 8
fixing up env_cubemap materials on brush sides...
0...1...2...3...4...5...6...7...8...9...100...1...2...3...4...5...6...7...8...9...10Processing areas...done (0)
Building Faces...done (0)
Chop Details...done (0)
Find Visible Detail Sides...done (0)
Merging details...done (0)
FixTjuncs...
PruneNodes...
WriteBSP...
done (0)
writing D:\Desktop\csgo\hammer maps\Premature Burial\achievement_premature_burial.prt...Building visibility clusters...
AutoVisClustering (threshold=-1) matched 0 leafs.
done (0)
Finding displacement neighbors...
Finding lightmap sample positions...
Displacement Alpha : 0...1...2...3...4...5...6...7...8...9...10
Building Physics collision data...
done (0) (4198 bytes)
Placing detail props : 0...1...2...3...4...5...6...7...8...9...10
Compacting texture/material tables...
Reduced 18 texinfos to 10
Reduced 5 texdatas to 5 (104 bytes to 104)
Writing D:\Desktop\csgo\hammer maps\Premature Burial\achievement_premature_burial.bsp
MSG_FILEWRITE - Filesystem was asked to write to 'd:\desktop\csgo\hammer maps\premature burial\achievement_premature_burial.bsp', but we don't own that location. Allowing...
0 seconds elapsed



4 threads
reading d:\desktop\csgo\hammer maps\premature burial\achievement_premature_burial.bsp
reading d:\desktop\csgo\hammer maps\premature burial\achievement_premature_burial.prt
   4 portalclusters
   4 numportals
0...1...2...3...4...5...6...7...8...9...100...1...2...3...4...5...6...7...8...9...10Optimized: 0 visible clusters (0.00%)
Total clusters visible: 16
Average clusters visible: 4
Building PAS...
Average clusters audible: 4
visdatasize:44  compressed from 64
writing d:\desktop\csgo\hammer maps\premature burial\achievement_premature_burial.bsp
MSG_FILEWRITE - Filesystem was asked to write to 'd:\desktop\csgo\hammer maps\premature burial\achievement_premature_burial.bsp', but we don't own that location. Allowing...
0 seconds elapsed



[Reading texlights from 'lights.rad']
[17 texlights parsed from 'lights.rad']

Loading d:\desktop\csgo\hammer maps\premature burial\achievement_premature_burial.bsp
22 faces
1150 square feet [165632.00 square inches]
0 Displacements
0 Square Feet [0.00 Square Inches]
22 patches before subdivision
150 patches after subdivision
0 direct lights
0...1...2...3...4...5...6...7...8...9...100...1...2...3...4...5...6...7...8...9...10transfers 4330, max 72
transfer lists:   0.0 megs
0...1...2...3...4...5...6...7...8...9...10	Bounce #1 added RGB(0, 0, 0)
Build Patch/Sample Hash Table(s).....Done<0.0000 sec>
0...1...2...3...4...5...6...7...8...9...10FinalLightFace Done
0 of 0 (0% of) surface lights went in leaf ambient cubes.
0...1...2...3...4...5...6...7...8...9...10Writing leaf ambient...done
Ready to Finish

Object names       Objects/Maxobjs  Memory / Maxmem  Fullness 
------------       ---------------  ---------------  -------- 
models                   2/1024           96/49152    ( 0.2%) 
brushes                  9/8192          108/98304    ( 0.1%) 
brushsides              54/81920         432/655360   ( 0.1%) 
planes                  66/65536        1320/1310720  ( 0.1%) 
vertexes                51/65536         612/786432   ( 0.1%) 
nodes                   27/65536         864/2097152  ( 0.0%) 
texinfos                10/12288         720/884736   ( 0.1%) 
texdata                  5/4096          160/131072   ( 0.1%) 
dispinfos                0/0               0/0        ( 0.0%) 
disp_verts               0/0               0/0        ( 0.0%) 
disp_tris                0/0               0/0        ( 0.0%) 
disp_multiblend          0/0               0/0        ( 0.0%) 
disp_lmsamples           0/0               0/0        ( 0.0%) 
faces                   22/65536        1232/3670016  ( 0.0%) 
hdr faces                0/65536           0/3670016  ( 0.0%) 
origfaces               14/65536         784/3670016  ( 0.0%) 
facebrushes              0/0               0/0        ( 0.0%) 
facebrushlists          22/0              88/0        ( 0.0%) 
leaves                  30/65536         960/2097152  ( 0.0%) 
leaffaces               24/65536          48/131072   ( 0.0%) 
leafbrushes             15/65536          30/131072   ( 0.0%) 
areas                    2/1024           16/8192     ( 0.2%) 
surfedges              148/512000        592/2048000  ( 0.0%) 
edges                   90/256000        360/1024000  ( 0.0%) 
LDR worldlights          0/8192            0/819200   ( 0.0%) 
HDR worldlights          0/8192            0/819200   ( 0.0%) 
leafwaterdata            0/32768           0/393216   ( 0.0%) 
waterstrips              0/32768           0/327680   ( 0.0%) 
waterverts               0/65536           0/786432   ( 0.0%) 
waterindices             0/65536           0/131072   ( 0.0%) 
cubemapsamples           0/1024            0/16384    ( 0.0%) 
overlays                 0/1024            0/360448   ( 0.0%) 
LDR lightdata         [variable]        6216/0        ( 0.0%) 
HDR lightdata         [variable]           0/0        ( 0.0%) 
visdata               [variable]          44/16777216 ( 0.0%) 
entdata               [variable]        2513/393216   ( 0.6%) 
LDR ambient table       30/65536         120/262144   ( 0.0%) 
HDR ambient table       30/65536         120/262144   ( 0.0%) 
LDR leaf ambient        10/65536         280/1835008  ( 0.0%) 
HDR leaf ambient        30/65536         840/1835008  ( 0.0%) 
occluders                0/0               0/0        ( 0.0%) 
occluder polygons        0/0               0/0        ( 0.0%) 
occluder vert ind        0/0               0/0        ( 0.0%) 
detail props          [variable]           1/12       ( 8.3%) 
static props          [variable]           1/12       ( 8.3%) 
pakfile               [variable]       74510/0        ( 0.0%) 
physics               [variable]        4198/4194304  ( 0.1%) 
physics terrain       [variable]           2/1048576  ( 0.0%) 

Level flags = 7c

Total triangle count: 48
Writing d:\desktop\csgo\hammer maps\premature burial\achievement_premature_burial.bsp
MSG_FILEWRITE - Filesystem was asked to write to 'd:\desktop\csgo\hammer maps\premature burial\achievement_premature_burial.bsp', but we don't own that location. Allowing...
0 seconds elapsed



materialPath: D:\Steam\steamapps\common\Counter-Strike Global Offensive\csgo\materials
Loading D:\Desktop\csgo\hammer maps\Premature Burial\achievement_premature_burial.vmf
Map revision 10
fixing up env_cubemap materials on brush sides...
0...1...2...3...4...5...6...7...8...9...100...1...2...3...4...5...6...7...8...9...10Processing areas...done (0)
Building Faces...done (0)
Chop Details...done (0)
Find Visible Detail Sides...done (0)
Merging details...done (0)
FixTjuncs...
PruneNodes...
WriteBSP...
done (0)
writing D:\Desktop\csgo\hammer maps\Premature Burial\achievement_premature_burial.prt...Building visibility clusters...
AutoVisClustering (threshold=-1) matched 0 leafs.
done (0)
Finding displacement neighbors...
Finding lightmap sample positions...
Displacement Alpha : 0...1...2...3...4...5...6...7...8...9...10
Building Physics collision data...
done (0) (4198 bytes)
Placing detail props : 0...1...2...3...4...5...6...7...8...9...10
Compacting texture/material tables...
Reduced 18 texinfos to 10
Reduced 5 texdatas to 5 (104 bytes to 104)
Writing D:\Desktop\csgo\hammer maps\Premature Burial\achievement_premature_burial.bsp
MSG_FILEWRITE - Filesystem was asked to write to 'd:\desktop\csgo\hammer maps\premature burial\achievement_premature_burial.bsp', but we don't own that location. Allowing...
0 seconds elapsed



4 threads
reading d:\desktop\csgo\hammer maps\premature burial\achievement_premature_burial.bsp
reading d:\desktop\csgo\hammer maps\premature burial\achievement_premature_burial.prt
   4 portalclusters
   4 numportals
0...1...2...3...4...5...6...7...8...9...100...1...2...3...4...5...6...7...8...9...10Optimized: 0 visible clusters (0.00%)
Total clusters visible: 16
Average clusters visible: 4
Building PAS...
Average clusters audible: 4
visdatasize:44  compressed from 64
writing d:\desktop\csgo\hammer maps\premature burial\achievement_premature_burial.bsp
MSG_FILEWRITE - Filesystem was asked to write to 'd:\desktop\csgo\hammer maps\premature burial\achievement_premature_burial.bsp', but we don't own that location. Allowing...
0 seconds elapsed



[Reading texlights from 'lights.rad']
[17 texlights parsed from 'lights.rad']

Loading d:\desktop\csgo\hammer maps\premature burial\achievement_premature_burial.bsp
22 faces
894 square feet [128768.00 square inches]
0 Displacements
0 Square Feet [0.00 Square Inches]
22 patches before subdivision
150 patches after subdivision
14 direct lights
0...1...2...3...4...5...6...7...8...9...100...1...2...3...4...5...6...7...8...9...10transfers 4235, max 77
transfer lists:   0.0 megs
0...1...2...3...4...5...6...7...8...9...10	Bounce #1 added RGB(6520, 1986, 232)
0...1...2...3...4...5...6...7...8...9...10	Bounce #2 added RGB(4052, 359, 1)
0...1...2...3...4...5...6...7...8...9...10	Bounce #3 added RGB(2495, 64, 0)
0...1...2...3...4...5...6...7...8...9...10	Bounce #4 added RGB(1546, 11, 0)
0...1...2...3...4...5...6...7...8...9...10	Bounce #5 added RGB(959, 2, 0)
0...1...2...3...4...5...6...7...8...9...10	Bounce #6 added RGB(596, 0, 0)
0...1...2...3...4...5...6...7...8...9...10	Bounce #7 added RGB(370, 0, 0)
0...1...2...3...4...5...6...7...8...9...10	Bounce #8 added RGB(230, 0, 0)
0...1...2...3...4...5...6...7...8...9...10	Bounce #9 added RGB(143, 0, 0)
0...1...2...3...4...5...6...7...8...9...10	Bounce #10 added RGB(89, 0, 0)
0...1...2...3...4...5...6...7...8...9...10	Bounce #11 added RGB(56, 0, 0)
0...1...2...3...4...5...6...7...8...9...10	Bounce #12 added RGB(35, 0, 0)
0...1...2...3...4...5...6...7...8...9...10	Bounce #13 added RGB(22, 0, 0)
0...1...2...3...4...5...6...7...8...9...10	Bounce #14 added RGB(13, 0, 0)
0...1...2...3...4...5...6...7...8...9...10	Bounce #15 added RGB(8, 0, 0)
0...1...2...3...4...5...6...7...8...9...10	Bounce #16 added RGB(5, 0, 0)
0...1...2...3...4...5...6...7...8...9...10	Bounce #17 added RGB(3, 0, 0)
0...1...2...3...4...5...6...7...8...9...10	Bounce #18 added RGB(2, 0, 0)
0...1...2...3...4...5...6...7...8...9...10	Bounce #19 added RGB(1, 0, 0)
0...1...2...3...4...5...6...7...8...9...10	Bounce #20 added RGB(1, 0, 0)
Build Patch/Sample Hash Table(s).....Done<0.0000 sec>
0...1...2...3...4...5...6...7...8...9...10FinalLightFace Done
0 of 0 (0% of) surface lights went in leaf ambient cubes.
0...1...2...3...4...5...6...7...8...9...10Writing leaf ambient...done
Ready to Finish

Object names       Objects/Maxobjs  Memory / Maxmem  Fullness 
------------       ---------------  ---------------  -------- 
models                   2/1024           96/49152    ( 0.2%) 
brushes                  9/8192          108/98304    ( 0.1%) 
brushsides              54/81920         432/655360   ( 0.1%) 
planes                  66/65536        1320/1310720  ( 0.1%) 
vertexes                51/65536         612/786432   ( 0.1%) 
nodes                   27/65536         864/2097152  ( 0.0%) 
texinfos                10/12288         720/884736   ( 0.1%) 
texdata                  5/4096          160/131072   ( 0.1%) 
dispinfos                0/0               0/0        ( 0.0%) 
disp_verts               0/0               0/0        ( 0.0%) 
disp_tris                0/0               0/0        ( 0.0%) 
disp_multiblend          0/0               0/0        ( 0.0%) 
disp_lmsamples           0/0               0/0        ( 0.0%) 
faces                   22/65536        1232/3670016  ( 0.0%) 
hdr faces                0/65536           0/3670016  ( 0.0%) 
origfaces               14/65536         784/3670016  ( 0.0%) 
facebrushes              0/0               0/0        ( 0.0%) 
facebrushlists          22/0              88/0        ( 0.0%) 
leaves                  30/65536         960/2097152  ( 0.0%) 
leaffaces               24/65536          48/131072   ( 0.0%) 
leafbrushes             15/65536          30/131072   ( 0.0%) 
areas                    2/1024           16/8192     ( 0.2%) 
surfedges              148/512000        592/2048000  ( 0.0%) 
edges                   90/256000        360/1024000  ( 0.0%) 
LDR worldlights         14/8192         1400/819200   ( 0.2%) 
HDR worldlights          0/8192            0/819200   ( 0.0%) 
leafwaterdata            0/32768           0/393216   ( 0.0%) 
waterstrips              0/32768           0/327680   ( 0.0%) 
waterverts               0/65536           0/786432   ( 0.0%) 
waterindices             0/65536           0/131072   ( 0.0%) 
cubemapsamples           0/1024            0/16384    ( 0.0%) 
overlays                 0/1024            0/360448   ( 0.0%) 
LDR lightdata         [variable]        4744/0        ( 0.0%) 
HDR lightdata         [variable]           0/0        ( 0.0%) 
visdata               [variable]          44/16777216 ( 0.0%) 
entdata               [variable]        7692/393216   ( 2.0%) 
LDR ambient table       30/65536         120/262144   ( 0.0%) 
HDR ambient table       30/65536         120/262144   ( 0.0%) 
LDR leaf ambient        70/65536        1960/1835008  ( 0.1%) 
HDR leaf ambient        30/65536         840/1835008  ( 0.0%) 
occluders                0/0               0/0        ( 0.0%) 
occluder polygons        0/0               0/0        ( 0.0%) 
occluder vert ind        0/0               0/0        ( 0.0%) 
detail props          [variable]           1/12       ( 8.3%) 
static props          [variable]           1/12       ( 8.3%) 
pakfile               [variable]       74510/0        ( 0.0%) 
physics               [variable]        4198/4194304  ( 0.1%) 
physics terrain       [variable]           2/1048576  ( 0.0%) 

Level flags = 7c

Total triangle count: 48
Writing d:\desktop\csgo\hammer maps\premature burial\achievement_premature_burial.bsp
MSG_FILEWRITE - Filesystem was asked to write to 'd:\desktop\csgo\hammer maps\premature burial\achievement_premature_burial.bsp', but we don't own that location. Allowing...
0 seconds elapsed



materialPath: D:\Steam\steamapps\common\Counter-Strike Global Offensive\csgo\materials
Loading D:\Desktop\csgo\hammer maps\Premature Burial\achievement_premature_burial.vmf
Map revision 11
fixing up env_cubemap materials on brush sides...
0...1...2...3...4...5...6...7...8...9...100...1...2...3...4...5...6...7...8...9...10Processing areas...done (0)
Building Faces...done (0)
Chop Details...done (0)
Find Visible Detail Sides...done (0)
Merging details...done (0)
FixTjuncs...
PruneNodes...
WriteBSP...
done (0)
writing D:\Desktop\csgo\hammer maps\Premature Burial\achievement_premature_burial.prt...Building visibility clusters...
AutoVisClustering (threshold=-1) matched 0 leafs.
done (0)
Finding displacement neighbors...
Finding lightmap sample positions...
Displacement Alpha : 0...1...2...3...4...5...6...7...8...9...10
Building Physics collision data...
done (0) (4198 bytes)
Placing detail props : 0...1...2...3...4...5...6...7...8...9...10
Compacting texture/material tables...
Reduced 18 texinfos to 10
Reduced 5 texdatas to 5 (104 bytes to 104)
Writing D:\Desktop\csgo\hammer maps\Premature Burial\achievement_premature_burial.bsp
MSG_FILEWRITE - Filesystem was asked to write to 'd:\desktop\csgo\hammer maps\premature burial\achievement_premature_burial.bsp', but we don't own that location. Allowing...
0 seconds elapsed



4 threads
reading d:\desktop\csgo\hammer maps\premature burial\achievement_premature_burial.bsp
reading d:\desktop\csgo\hammer maps\premature burial\achievement_premature_burial.prt
   4 portalclusters
   4 numportals
0...1...2...3...4...5...6...7...8...9...100...1...2...3...4...5...6...7...8...9...10Optimized: 0 visible clusters (0.00%)
Total clusters visible: 16
Average clusters visible: 4
Building PAS...
Average clusters audible: 4
visdatasize:44  compressed from 64
writing d:\desktop\csgo\hammer maps\premature burial\achievement_premature_burial.bsp
MSG_FILEWRITE - Filesystem was asked to write to 'd:\desktop\csgo\hammer maps\premature burial\achievement_premature_burial.bsp', but we don't own that location. Allowing...
0 seconds elapsed



[Reading texlights from 'lights.rad']
[17 texlights parsed from 'lights.rad']

Loading d:\desktop\csgo\hammer maps\premature burial\achievement_premature_burial.bsp
22 faces
894 square feet [128768.00 square inches]
0 Displacements
0 Square Feet [0.00 Square Inches]
22 patches before subdivision
150 patches after subdivision
14 direct lights
0...1...2...3...4...5...6...7...8...9...100...1...2...3...4...5...6...7...8...9...10transfers 4235, max 77
transfer lists:   0.0 megs
0...1...2...3...4...5...6...7...8...9...10	Bounce #1 added RGB(6520, 1986, 232)
0...1...2...3...4...5...6...7...8...9...10	Bounce #2 added RGB(4052, 359, 1)
0...1...2...3...4...5...6...7...8...9...10	Bounce #3 added RGB(2495, 64, 0)
0...1...2...3...4...5...6...7...8...9...10	Bounce #4 added RGB(1546, 11, 0)
0...1...2...3...4...5...6...7...8...9...10	Bounce #5 added RGB(959, 2, 0)
0...1...2...3...4...5...6...7...8...9...10	Bounce #6 added RGB(596, 0, 0)
0...1...2...3...4...5...6...7...8...9...10	Bounce #7 added RGB(370, 0, 0)
0...1...2...3...4...5...6...7...8...9...10	Bounce #8 added RGB(230, 0, 0)
0...1...2...3...4...5...6...7...8...9...10	Bounce #9 added RGB(143, 0, 0)
0...1...2...3...4...5...6...7...8...9...10	Bounce #10 added RGB(89, 0, 0)
0...1...2...3...4...5...6...7...8...9...10	Bounce #11 added RGB(56, 0, 0)
0...1...2...3...4...5...6...7...8...9...10	Bounce #12 added RGB(35, 0, 0)
0...1...2...3...4...5...6...7...8...9...10	Bounce #13 added RGB(22, 0, 0)
0...1...2...3...4...5...6...7...8...9...10	Bounce #14 added RGB(13, 0, 0)
0...1...2...3...4...5...6...7...8...9...10	Bounce #15 added RGB(8, 0, 0)
0...1...2...3...4...5...6...7...8...9...10	Bounce #16 added RGB(5, 0, 0)
0...1...2...3...4...5...6...7...8...9...10	Bounce #17 added RGB(3, 0, 0)
0...1...2...3...4...5...6...7...8...9...10	Bounce #18 added RGB(2, 0, 0)
0...1...2...3...4...5...6...7...8...9...10	Bounce #19 added RGB(1, 0, 0)
0...1...2...3...4...5...6...7...8...9...10	Bounce #20 added RGB(1, 0, 0)
Build Patch/Sample Hash Table(s).....Done<0.0000 sec>
0...1...2...3...4...5...6...7...8...9...10FinalLightFace Done
0 of 0 (0% of) surface lights went in leaf ambient cubes.
0...1...2...3...4...5...6...7...8...9...10Writing leaf ambient...done
Ready to Finish

Object names       Objects/Maxobjs  Memory / Maxmem  Fullness 
------------       ---------------  ---------------  -------- 
models                   2/1024           96/49152    ( 0.2%) 
brushes                  9/8192          108/98304    ( 0.1%) 
brushsides              54/81920         432/655360   ( 0.1%) 
planes                  66/65536        1320/1310720  ( 0.1%) 
vertexes                51/65536         612/786432   ( 0.1%) 
nodes                   27/65536         864/2097152  ( 0.0%) 
texinfos                10/12288         720/884736   ( 0.1%) 
texdata                  5/4096          160/131072   ( 0.1%) 
dispinfos                0/0               0/0        ( 0.0%) 
disp_verts               0/0               0/0        ( 0.0%) 
disp_tris                0/0               0/0        ( 0.0%) 
disp_multiblend          0/0               0/0        ( 0.0%) 
disp_lmsamples           0/0               0/0        ( 0.0%) 
faces                   22/65536        1232/3670016  ( 0.0%) 
hdr faces                0/65536           0/3670016  ( 0.0%) 
origfaces               14/65536         784/3670016  ( 0.0%) 
facebrushes              0/0               0/0        ( 0.0%) 
facebrushlists          22/0              88/0        ( 0.0%) 
leaves                  30/65536         960/2097152  ( 0.0%) 
leaffaces               24/65536          48/131072   ( 0.0%) 
leafbrushes             15/65536          30/131072   ( 0.0%) 
areas                    2/1024           16/8192     ( 0.2%) 
surfedges              148/512000        592/2048000  ( 0.0%) 
edges                   90/256000        360/1024000  ( 0.0%) 
LDR worldlights         14/8192         1400/819200   ( 0.2%) 
HDR worldlights          0/8192            0/819200   ( 0.0%) 
leafwaterdata            0/32768           0/393216   ( 0.0%) 
waterstrips              0/32768           0/327680   ( 0.0%) 
waterverts               0/65536           0/786432   ( 0.0%) 
waterindices             0/65536           0/131072   ( 0.0%) 
cubemapsamples           0/1024            0/16384    ( 0.0%) 
overlays                 0/1024            0/360448   ( 0.0%) 
LDR lightdata         [variable]        4744/0        ( 0.0%) 
HDR lightdata         [variable]           0/0        ( 0.0%) 
visdata               [variable]          44/16777216 ( 0.0%) 
entdata               [variable]        7792/393216   ( 2.0%) 
LDR ambient table       30/65536         120/262144   ( 0.0%) 
HDR ambient table       30/65536         120/262144   ( 0.0%) 
LDR leaf ambient        70/65536        1960/1835008  ( 0.1%) 
HDR leaf ambient        30/65536         840/1835008  ( 0.0%) 
occluders                0/0               0/0        ( 0.0%) 
occluder polygons        0/0               0/0        ( 0.0%) 
occluder vert ind        0/0               0/0        ( 0.0%) 
detail props          [variable]           1/12       ( 8.3%) 
static props          [variable]           1/12       ( 8.3%) 
pakfile               [variable]       74510/0        ( 0.0%) 
physics               [variable]        4198/4194304  ( 0.1%) 
physics terrain       [variable]           2/1048576  ( 0.0%) 

Level flags = 7c

Total triangle count: 48
Writing d:\desktop\csgo\hammer maps\premature burial\achievement_premature_burial.bsp
MSG_FILEWRITE - Filesystem was asked to write to 'd:\desktop\csgo\hammer maps\premature burial\achievement_premature_burial.bsp', but we don't own that location. Allowing...
0 seconds elapsed



materialPath: D:\Steam\steamapps\common\Counter-Strike Global Offensive\csgo\materials
Loading D:\Desktop\csgo\hammer maps\Premature Burial\achievement_premature_burial.vmf
Map revision 12
fixing up env_cubemap materials on brush sides...
0...1...2...3...4...5...6...7...8...9...100...1...2...3...4...5...6...7...8...9...10Processing areas...done (0)
Building Faces...done (0)
Chop Details...done (0)
Find Visible Detail Sides...done (0)
Merging details...done (0)
FixTjuncs...
PruneNodes...
WriteBSP...
done (0)
writing D:\Desktop\csgo\hammer maps\Premature Burial\achievement_premature_burial.prt...Building visibility clusters...
AutoVisClustering (threshold=-1) matched 0 leafs.
done (0)
Finding displacement neighbors...
Finding lightmap sample positions...
Displacement Alpha : 0...1...2...3...4...5...6...7...8...9...10
Building Physics collision data...
done (0) (4198 bytes)
Placing detail props : 0...1...2...3...4...5...6...7...8...9...10
Compacting texture/material tables...
Reduced 18 texinfos to 10
Reduced 5 texdatas to 5 (104 bytes to 104)
Writing D:\Desktop\csgo\hammer maps\Premature Burial\achievement_premature_burial.bsp
MSG_FILEWRITE - Filesystem was asked to write to 'd:\desktop\csgo\hammer maps\premature burial\achievement_premature_burial.bsp', but we don't own that location. Allowing...
0 seconds elapsed



4 threads
reading d:\desktop\csgo\hammer maps\premature burial\achievement_premature_burial.bsp
reading d:\desktop\csgo\hammer maps\premature burial\achievement_premature_burial.prt
   4 portalclusters
   4 numportals
0...1...2...3...4...5...6...7...8...9...100...1...2...3...4...5...6...7...8...9...10Optimized: 0 visible clusters (0.00%)
Total clusters visible: 16
Average clusters visible: 4
Building PAS...
Average clusters audible: 4
visdatasize:44  compressed from 64
writing d:\desktop\csgo\hammer maps\premature burial\achievement_premature_burial.bsp
MSG_FILEWRITE - Filesystem was asked to write to 'd:\desktop\csgo\hammer maps\premature burial\achievement_premature_burial.bsp', but we don't own that location. Allowing...
0 seconds elapsed



[Reading texlights from 'lights.rad']
[17 texlights parsed from 'lights.rad']

Loading d:\desktop\csgo\hammer maps\premature burial\achievement_premature_burial.bsp
22 faces
894 square feet [128768.00 square inches]
0 Displacements
0 Square Feet [0.00 Square Inches]
22 patches before subdivision
150 patches after subdivision
14 direct lights
0...1...2...3...4...5...6...7...8...9...100...1...2...3...4...5...6...7...8...9...10transfers 4235, max 77
transfer lists:   0.0 megs
0...1...2...3...4...5...6...7...8...9...10	Bounce #1 added RGB(6520, 1986, 232)
0...1...2...3...4...5...6...7...8...9...10	Bounce #2 added RGB(4052, 359, 1)
0...1...2...3...4...5...6...7...8...9...10	Bounce #3 added RGB(2495, 64, 0)
0...1...2...3...4...5...6...7...8...9...10	Bounce #4 added RGB(1546, 11, 0)
0...1...2...3...4...5...6...7...8...9...10	Bounce #5 added RGB(959, 2, 0)
0...1...2...3...4...5...6...7...8...9...10	Bounce #6 added RGB(596, 0, 0)
0...1...2...3...4...5...6...7...8...9...10	Bounce #7 added RGB(370, 0, 0)
0...1...2...3...4...5...6...7...8...9...10	Bounce #8 added RGB(230, 0, 0)
0...1...2...3...4...5...6...7...8...9...10	Bounce #9 added RGB(143, 0, 0)
0...1...2...3...4...5...6...7...8...9...10	Bounce #10 added RGB(89, 0, 0)
0...1...2...3...4...5...6...7...8...9...10	Bounce #11 added RGB(56, 0, 0)
0...1...2...3...4...5...6...7...8...9...10	Bounce #12 added RGB(35, 0, 0)
0...1...2...3...4...5...6...7...8...9...10	Bounce #13 added RGB(22, 0, 0)
0...1...2...3...4...5...6...7...8...9...10	Bounce #14 added RGB(13, 0, 0)
0...1...2...3...4...5...6...7...8...9...10	Bounce #15 added RGB(8, 0, 0)
0...1...2...3...4...5...6...7...8...9...10	Bounce #16 added RGB(5, 0, 0)
0...1...2...3...4...5...6...7...8...9...10	Bounce #17 added RGB(3, 0, 0)
0...1...2...3...4...5...6...7...8...9...10	Bounce #18 added RGB(2, 0, 0)
0...1...2...3...4...5...6...7...8...9...10	Bounce #19 added RGB(1, 0, 0)
0...1...2...3...4...5...6...7...8...9...10	Bounce #20 added RGB(1, 0, 0)
Build Patch/Sample Hash Table(s).....Done<0.0000 sec>
0...1...2...3...4...5...6...7...8...9...10FinalLightFace Done
0 of 0 (0% of) surface lights went in leaf ambient cubes.
0...1...2...3...4...5...6...7...8...9...10Writing leaf ambient...done
Ready to Finish

Object names       Objects/Maxobjs  Memory / Maxmem  Fullness 
------------       ---------------  ---------------  -------- 
models                   2/1024           96/49152    ( 0.2%) 
brushes                  9/8192          108/98304    ( 0.1%) 
brushsides              54/81920         432/655360   ( 0.1%) 
planes                  66/65536        1320/1310720  ( 0.1%) 
vertexes                51/65536         612/786432   ( 0.1%) 
nodes                   27/65536         864/2097152  ( 0.0%) 
texinfos                10/12288         720/884736   ( 0.1%) 
texdata                  5/4096          160/131072   ( 0.1%) 
dispinfos                0/0               0/0        ( 0.0%) 
disp_verts               0/0               0/0        ( 0.0%) 
disp_tris                0/0               0/0        ( 0.0%) 
disp_multiblend          0/0               0/0        ( 0.0%) 
disp_lmsamples           0/0               0/0        ( 0.0%) 
faces                   22/65536        1232/3670016  ( 0.0%) 
hdr faces                0/65536           0/3670016  ( 0.0%) 
origfaces               14/65536         784/3670016  ( 0.0%) 
facebrushes              0/0               0/0        ( 0.0%) 
facebrushlists          22/0              88/0        ( 0.0%) 
leaves                  30/65536         960/2097152  ( 0.0%) 
leaffaces               24/65536          48/131072   ( 0.0%) 
leafbrushes             15/65536          30/131072   ( 0.0%) 
areas                    2/1024           16/8192     ( 0.2%) 
surfedges              148/512000        592/2048000  ( 0.0%) 
edges                   90/256000        360/1024000  ( 0.0%) 
LDR worldlights         14/8192         1400/819200   ( 0.2%) 
HDR worldlights          0/8192            0/819200   ( 0.0%) 
leafwaterdata            0/32768           0/393216   ( 0.0%) 
waterstrips              0/32768           0/327680   ( 0.0%) 
waterverts               0/65536           0/786432   ( 0.0%) 
waterindices             0/65536           0/131072   ( 0.0%) 
cubemapsamples           0/1024            0/16384    ( 0.0%) 
overlays                 0/1024            0/360448   ( 0.0%) 
LDR lightdata         [variable]        4744/0        ( 0.0%) 
HDR lightdata         [variable]           0/0        ( 0.0%) 
visdata               [variable]          44/16777216 ( 0.0%) 
entdata               [variable]        8152/393216   ( 2.1%) 
LDR ambient table       30/65536         120/262144   ( 0.0%) 
HDR ambient table       30/65536         120/262144   ( 0.0%) 
LDR leaf ambient        70/65536        1960/1835008  ( 0.1%) 
HDR leaf ambient        30/65536         840/1835008  ( 0.0%) 
occluders                0/0               0/0        ( 0.0%) 
occluder polygons        0/0               0/0        ( 0.0%) 
occluder vert ind        0/0               0/0        ( 0.0%) 
detail props          [variable]           1/12       ( 8.3%) 
static props          [variable]           1/12       ( 8.3%) 
pakfile               [variable]       74510/0        ( 0.0%) 
physics               [variable]        4198/4194304  ( 0.1%) 
physics terrain       [variable]           2/1048576  ( 0.0%) 

Level flags = 7c

Total triangle count: 48
Writing d:\desktop\csgo\hammer maps\premature burial\achievement_premature_burial.bsp
MSG_FILEWRITE - Filesystem was asked to write to 'd:\desktop\csgo\hammer maps\premature burial\achievement_premature_burial.bsp', but we don't own that location. Allowing...
0 seconds elapsed



materialPath: D:\Steam\steamapps\common\Counter-Strike Global Offensive\csgo\materials
Loading D:\Desktop\csgo\hammer maps\Premature Burial\achievement_premature_burial.vmf
Map revision 15
fixing up env_cubemap materials on brush sides...
0...1...2...3...4...5...6...7...8...9...100...1...2...3...4...5...6...7...8...9...10Processing areas...done (0)
Building Faces...done (0)
Chop Details...done (0)
Find Visible Detail Sides...done (0)
Merging details...done (0)
FixTjuncs...
PruneNodes...
WriteBSP...
done (0)
writing D:\Desktop\csgo\hammer maps\Premature Burial\achievement_premature_burial.prt...Building visibility clusters...
AutoVisClustering (threshold=-1) matched 0 leafs.
done (0)
Finding displacement neighbors...
Finding lightmap sample positions...
Displacement Alpha : 0...1...2...3...4...5...6...7...8...9...10
Building Physics collision data...
done (0) (5678 bytes)
Placing detail props : 0...1...2...3...4...5...6...7...8...9...10
Compacting texture/material tables...
Reduced 18 texinfos to 9
Reduced 5 texdatas to 5 (104 bytes to 104)
Writing D:\Desktop\csgo\hammer maps\Premature Burial\achievement_premature_burial.bsp
MSG_FILEWRITE - Filesystem was asked to write to 'd:\desktop\csgo\hammer maps\premature burial\achievement_premature_burial.bsp', but we don't own that location. Allowing...
0 seconds elapsed



4 threads
reading d:\desktop\csgo\hammer maps\premature burial\achievement_premature_burial.bsp
reading d:\desktop\csgo\hammer maps\premature burial\achievement_premature_burial.prt
   6 portalclusters
   7 numportals
0...1...2...3...4...5...6...7...8...9...100...1...2...3...4...5...6...7...8...9...10Optimized: 0 visible clusters (0.00%)
Total clusters visible: 36
Average clusters visible: 6
Building PAS...
Average clusters audible: 6
visdatasize:64  compressed from 96
writing d:\desktop\csgo\hammer maps\premature burial\achievement_premature_burial.bsp
MSG_FILEWRITE - Filesystem was asked to write to 'd:\desktop\csgo\hammer maps\premature burial\achievement_premature_burial.bsp', but we don't own that location. Allowing...
0 seconds elapsed



[Reading texlights from 'lights.rad']
[17 texlights parsed from 'lights.rad']

Loading d:\desktop\csgo\hammer maps\premature burial\achievement_premature_burial.bsp
28 faces
778 square feet [112128.00 square inches]
0 Displacements
0 Square Feet [0.00 Square Inches]
28 patches before subdivision
120 patches after subdivision
12 direct lights
0...1...2...3...4...5...6...7...8...9...100...1...2...3...4...5...6...7...8...9...10transfers 2953, max 62
transfer lists:   0.0 megs
0...1...2...3...4...5...6...7...8...9...10	Bounce #1 added RGB(4855, 1502, 205)
0...1...2...3...4...5...6...7...8...9...10	Bounce #2 added RGB(2948, 263, 0)
0...1...2...3...4...5...6...7...8...9...10	Bounce #3 added RGB(1815, 46, 0)
0...1...2...3...4...5...6...7...8...9...10	Bounce #4 added RGB(1128, 8, 0)
0...1...2...3...4...5...6...7...8...9...10	Bounce #5 added RGB(705, 1, 0)
0...1...2...3...4...5...6...7...8...9...10	Bounce #6 added RGB(442, 0, 0)
0...1...2...3...4...5...6...7...8...9...10	Bounce #7 added RGB(278, 0, 0)
0...1...2...3...4...5...6...7...8...9...10	Bounce #8 added RGB(175, 0, 0)
0...1...2...3...4...5...6...7...8...9...10	Bounce #9 added RGB(110, 0, 0)
0...1...2...3...4...5...6...7...8...9...10	Bounce #10 added RGB(69, 0, 0)
0...1...2...3...4...5...6...7...8...9...10	Bounce #11 added RGB(44, 0, 0)
0...1...2...3...4...5...6...7...8...9...10	Bounce #12 added RGB(28, 0, 0)
0...1...2...3...4...5...6...7...8...9...10	Bounce #13 added RGB(17, 0, 0)
0...1...2...3...4...5...6...7...8...9...10	Bounce #14 added RGB(11, 0, 0)
0...1...2...3...4...5...6...7...8...9...10	Bounce #15 added RGB(7, 0, 0)
0...1...2...3...4...5...6...7...8...9...10	Bounce #16 added RGB(4, 0, 0)
0...1...2...3...4...5...6...7...8...9...10	Bounce #17 added RGB(3, 0, 0)
0...1...2...3...4...5...6...7...8...9...10	Bounce #18 added RGB(2, 0, 0)
0...1...2...3...4...5...6...7...8...9...10	Bounce #19 added RGB(1, 0, 0)
0...1...2...3...4...5...6...7...8...9...10	Bounce #20 added RGB(1, 0, 0)
Build Patch/Sample Hash Table(s).....Done<0.0000 sec>
0...1...2...3...4...5...6...7...8...9...10FinalLightFace Done
0 of 0 (0% of) surface lights went in leaf ambient cubes.
0...1...2...3...4...5...6...7...8...9...10Writing leaf ambient...done
Ready to Finish

Object names       Objects/Maxobjs  Memory / Maxmem  Fullness 
------------       ---------------  ---------------  -------- 
models                   2/1024           96/49152    ( 0.2%) 
brushes                 12/8192          144/98304    ( 0.1%) 
brushsides              74/81920         592/655360   ( 0.1%) 
planes                  78/65536        1560/1310720  ( 0.1%) 
vertexes                57/65536         684/786432   ( 0.1%) 
nodes                   31/65536         992/2097152  ( 0.0%) 
texinfos                 9/12288         648/884736   ( 0.1%) 
texdata                  5/4096          160/131072   ( 0.1%) 
dispinfos                0/0               0/0        ( 0.0%) 
disp_verts               0/0               0/0        ( 0.0%) 
disp_tris                0/0               0/0        ( 0.0%) 
disp_multiblend          0/0               0/0        ( 0.0%) 
disp_lmsamples           0/0               0/0        ( 0.0%) 
faces                   28/65536        1568/3670016  ( 0.0%) 
hdr faces                0/65536           0/3670016  ( 0.0%) 
origfaces               16/65536         896/3670016  ( 0.0%) 
facebrushes              0/0               0/0        ( 0.0%) 
facebrushlists          28/0             112/0        ( 0.0%) 
leaves                  34/65536        1088/2097152  ( 0.1%) 
leaffaces               32/65536          64/131072   ( 0.0%) 
leafbrushes             21/65536          42/131072   ( 0.0%) 
areas                    2/1024           16/8192     ( 0.2%) 
surfedges              184/512000        736/2048000  ( 0.0%) 
edges                  111/256000        444/1024000  ( 0.0%) 
LDR worldlights         12/8192         1200/819200   ( 0.1%) 
HDR worldlights          0/8192            0/819200   ( 0.0%) 
leafwaterdata            0/32768           0/393216   ( 0.0%) 
waterstrips              0/32768           0/327680   ( 0.0%) 
waterverts               0/65536           0/786432   ( 0.0%) 
waterindices             0/65536           0/131072   ( 0.0%) 
cubemapsamples           0/1024            0/16384    ( 0.0%) 
overlays                 0/1024            0/360448   ( 0.0%) 
LDR lightdata         [variable]        4848/0        ( 0.0%) 
HDR lightdata         [variable]           0/0        ( 0.0%) 
visdata               [variable]          64/16777216 ( 0.0%) 
entdata               [variable]        7335/393216   ( 1.9%) 
LDR ambient table       34/65536         136/262144   ( 0.1%) 
HDR ambient table       34/65536         136/262144   ( 0.1%) 
LDR leaf ambient        56/65536        1568/1835008  ( 0.1%) 
HDR leaf ambient        34/65536         952/1835008  ( 0.1%) 
occluders                0/0               0/0        ( 0.0%) 
occluder polygons        0/0               0/0        ( 0.0%) 
occluder vert ind        0/0               0/0        ( 0.0%) 
detail props          [variable]           1/12       ( 8.3%) 
static props          [variable]           1/12       ( 8.3%) 
pakfile               [variable]       74510/0        ( 0.0%) 
physics               [variable]        5678/4194304  ( 0.1%) 
physics terrain       [variable]           2/1048576  ( 0.0%) 

Level flags = 7c

Total triangle count: 64
Writing d:\desktop\csgo\hammer maps\premature burial\achievement_premature_burial.bsp
MSG_FILEWRITE - Filesystem was asked to write to 'd:\desktop\csgo\hammer maps\premature burial\achievement_premature_burial.bsp', but we don't own that location. Allowing...
0 seconds elapsed



materialPath: D:\Steam\steamapps\common\Counter-Strike Global Offensive\csgo\materials
Loading D:\Desktop\csgo\hammer maps\Premature Burial\achievement_premature_burial.vmf
Map revision 16
fixing up env_cubemap materials on brush sides...
0...1...2...3...4...5...6...7...8...9...100...1...2...3...4...5...6...7...8...9...10Processing areas...done (0)
Building Faces...done (0)
Chop Details...done (0)
Find Visible Detail Sides...done (0)
Merging details...done (0)
FixTjuncs...
PruneNodes...
WriteBSP...
done (0)
writing D:\Desktop\csgo\hammer maps\Premature Burial\achievement_premature_burial.prt...Building visibility clusters...
AutoVisClustering (threshold=-1) matched 0 leafs.
done (0)
Finding displacement neighbors...
Finding lightmap sample positions...
Displacement Alpha : 0...1...2...3...4...5...6...7...8...9...10
Building Physics collision data...
done (0) (5678 bytes)
Placing detail props : 0...1...2...3...4...5...6...7...8...9...10
Compacting texture/material tables...
Reduced 18 texinfos to 9
Reduced 5 texdatas to 5 (104 bytes to 104)
Writing D:\Desktop\csgo\hammer maps\Premature Burial\achievement_premature_burial.bsp
MSG_FILEWRITE - Filesystem was asked to write to 'd:\desktop\csgo\hammer maps\premature burial\achievement_premature_burial.bsp', but we don't own that location. Allowing...
0 seconds elapsed



4 threads
reading d:\desktop\csgo\hammer maps\premature burial\achievement_premature_burial.bsp
reading d:\desktop\csgo\hammer maps\premature burial\achievement_premature_burial.prt
   6 portalclusters
   7 numportals
0...1...2...3...4...5...6...7...8...9...100...1...2...3...4...5...6...7...8...9...10Optimized: 0 visible clusters (0.00%)
Total clusters visible: 36
Average clusters visible: 6
Building PAS...
Average clusters audible: 6
visdatasize:64  compressed from 96
writing d:\desktop\csgo\hammer maps\premature burial\achievement_premature_burial.bsp
MSG_FILEWRITE - Filesystem was asked to write to 'd:\desktop\csgo\hammer maps\premature burial\achievement_premature_burial.bsp', but we don't own that location. Allowing...
0 seconds elapsed



[Reading texlights from 'lights.rad']
[17 texlights parsed from 'lights.rad']

Loading d:\desktop\csgo\hammer maps\premature burial\achievement_premature_burial.bsp
28 faces
778 square feet [112128.00 square inches]
0 Displacements
0 Square Feet [0.00 Square Inches]
28 patches before subdivision
120 patches after subdivision
12 direct lights
0...1...2...3...4...5...6...7...8...9...100...1...2...3...4...5...6...7...8...9...10transfers 2953, max 62
transfer lists:   0.0 megs
0...1...2...3...4...5...6...7...8...9...10	Bounce #1 added RGB(4855, 1502, 205)
0...1...2...3...4...5...6...7...8...9...10	Bounce #2 added RGB(2948, 263, 0)
0...1...2...3...4...5...6...7...8...9...10	Bounce #3 added RGB(1815, 46, 0)
0...1...2...3...4...5...6...7...8...9...10	Bounce #4 added RGB(1128, 8, 0)
0...1...2...3...4...5...6...7...8...9...10	Bounce #5 added RGB(705, 1, 0)
0...1...2...3...4...5...6...7...8...9...10	Bounce #6 added RGB(442, 0, 0)
0...1...2...3...4...5...6...7...8...9...10	Bounce #7 added RGB(278, 0, 0)
0...1...2...3...4...5...6...7...8...9...10	Bounce #8 added RGB(175, 0, 0)
0...1...2...3...4...5...6...7...8...9...10	Bounce #9 added RGB(110, 0, 0)
0...1...2...3...4...5...6...7...8...9...10	Bounce #10 added RGB(69, 0, 0)
0...1...2...3...4...5...6...7...8...9...10	Bounce #11 added RGB(44, 0, 0)
0...1...2...3...4...5...6...7...8...9...10	Bounce #12 added RGB(28, 0, 0)
0...1...2...3...4...5...6...7...8...9...10	Bounce #13 added RGB(17, 0, 0)
0...1...2...3...4...5...6...7...8...9...10	Bounce #14 added RGB(11, 0, 0)
0...1...2...3...4...5...6...7...8...9...10	Bounce #15 added RGB(7, 0, 0)
0...1...2...3...4...5...6...7...8...9...10	Bounce #16 added RGB(4, 0, 0)
0...1...2...3...4...5...6...7...8...9...10	Bounce #17 added RGB(3, 0, 0)
0...1...2...3...4...5...6...7...8...9...10	Bounce #18 added RGB(2, 0, 0)
0...1...2...3...4...5...6...7...8...9...10	Bounce #19 added RGB(1, 0, 0)
0...1...2...3...4...5...6...7...8...9...10	Bounce #20 added RGB(1, 0, 0)
Build Patch/Sample Hash Table(s).....Done<0.0000 sec>
0...1...2...3...4...5...6...7...8...9...10FinalLightFace Done
0 of 0 (0% of) surface lights went in leaf ambient cubes.
0...1...2...3...4...5...6...7...8...9...10Writing leaf ambient...done
Ready to Finish

Object names       Objects/Maxobjs  Memory / Maxmem  Fullness 
------------       ---------------  ---------------  -------- 
models                   2/1024           96/49152    ( 0.2%) 
brushes                 12/8192          144/98304    ( 0.1%) 
brushsides              74/81920         592/655360   ( 0.1%) 
planes                  78/65536        1560/1310720  ( 0.1%) 
vertexes                57/65536         684/786432   ( 0.1%) 
nodes                   31/65536         992/2097152  ( 0.0%) 
texinfos                 9/12288         648/884736   ( 0.1%) 
texdata                  5/4096          160/131072   ( 0.1%) 
dispinfos                0/0               0/0        ( 0.0%) 
disp_verts               0/0               0/0        ( 0.0%) 
disp_tris                0/0               0/0        ( 0.0%) 
disp_multiblend          0/0               0/0        ( 0.0%) 
disp_lmsamples           0/0               0/0        ( 0.0%) 
faces                   28/65536        1568/3670016  ( 0.0%) 
hdr faces                0/65536           0/3670016  ( 0.0%) 
origfaces               16/65536         896/3670016  ( 0.0%) 
facebrushes              0/0               0/0        ( 0.0%) 
facebrushlists          28/0             112/0        ( 0.0%) 
leaves                  34/65536        1088/2097152  ( 0.1%) 
leaffaces               32/65536          64/131072   ( 0.0%) 
leafbrushes             21/65536          42/131072   ( 0.0%) 
areas                    2/1024           16/8192     ( 0.2%) 
surfedges              184/512000        736/2048000  ( 0.0%) 
edges                  111/256000        444/1024000  ( 0.0%) 
LDR worldlights         12/8192         1200/819200   ( 0.1%) 
HDR worldlights          0/8192            0/819200   ( 0.0%) 
leafwaterdata            0/32768           0/393216   ( 0.0%) 
waterstrips              0/32768           0/327680   ( 0.0%) 
waterverts               0/65536           0/786432   ( 0.0%) 
waterindices             0/65536           0/131072   ( 0.0%) 
cubemapsamples           0/1024            0/16384    ( 0.0%) 
overlays                 0/1024            0/360448   ( 0.0%) 
LDR lightdata         [variable]        4848/0        ( 0.0%) 
HDR lightdata         [variable]           0/0        ( 0.0%) 
visdata               [variable]          64/16777216 ( 0.0%) 
entdata               [variable]        7335/393216   ( 1.9%) 
LDR ambient table       34/65536         136/262144   ( 0.1%) 
HDR ambient table       34/65536         136/262144   ( 0.1%) 
LDR leaf ambient        56/65536        1568/1835008  ( 0.1%) 
HDR leaf ambient        34/65536         952/1835008  ( 0.1%) 
occluders                0/0               0/0        ( 0.0%) 
occluder polygons        0/0               0/0        ( 0.0%) 
occluder vert ind        0/0               0/0        ( 0.0%) 
detail props          [variable]           1/12       ( 8.3%) 
static props          [variable]           1/12       ( 8.3%) 
pakfile               [variable]       74510/0        ( 0.0%) 
physics               [variable]        5678/4194304  ( 0.1%) 
physics terrain       [variable]           2/1048576  ( 0.0%) 

Level flags = 7c

Total triangle count: 64
Writing d:\desktop\csgo\hammer maps\premature burial\achievement_premature_burial.bsp
MSG_FILEWRITE - Filesystem was asked to write to 'd:\desktop\csgo\hammer maps\premature burial\achievement_premature_burial.bsp', but we don't own that location. Allowing...
0 seconds elapsed



materialPath: D:\Steam\steamapps\common\Counter-Strike Global Offensive\csgo\materials
Loading D:\Desktop\csgo\hammer maps\Premature Burial\achievement_premature_burial.vmf
Map revision 16
fixing up env_cubemap materials on brush sides...
0...1...2...3...4...5...6...7...8...9...100...1...2...3...4...5...6...7...8...9...10Processing areas...done (0)
Building Faces...done (0)
Chop Details...done (0)
Find Visible Detail Sides...done (0)
Merging details...done (0)
FixTjuncs...
PruneNodes...
WriteBSP...
done (0)
writing D:\Desktop\csgo\hammer maps\Premature Burial\achievement_premature_burial.prt...Building visibility clusters...
AutoVisClustering (threshold=-1) matched 0 leafs.
done (0)
Finding displacement neighbors...
Finding lightmap sample positions...
Displacement Alpha : 0...1...2...3...4...5...6...7...8...9...10
Building Physics collision data...
done (0) (5678 bytes)
Placing detail props : 0...1...2...3...4...5...6...7...8...9...10
Compacting texture/material tables...
Reduced 18 texinfos to 9
Reduced 5 texdatas to 5 (104 bytes to 104)
Writing D:\Desktop\csgo\hammer maps\Premature Burial\achievement_premature_burial.bsp
MSG_FILEWRITE - Filesystem was asked to write to 'd:\desktop\csgo\hammer maps\premature burial\achievement_premature_burial.bsp', but we don't own that location. Allowing...
0 seconds elapsed



4 threads
reading d:\desktop\csgo\hammer maps\premature burial\achievement_premature_burial.bsp
reading d:\desktop\csgo\hammer maps\premature burial\achievement_premature_burial.prt
   6 portalclusters
   7 numportals
0...1...2...3...4...5...6...7...8...9...100...1...2...3...4...5...6...7...8...9...10Optimized: 0 visible clusters (0.00%)
Total clusters visible: 36
Average clusters visible: 6
Building PAS...
Average clusters audible: 6
visdatasize:64  compressed from 96
writing d:\desktop\csgo\hammer maps\premature burial\achievement_premature_burial.bsp
MSG_FILEWRITE - Filesystem was asked to write to 'd:\desktop\csgo\hammer maps\premature burial\achievement_premature_burial.bsp', but we don't own that location. Allowing...
0 seconds elapsed



[Reading texlights from 'lights.rad']
[17 texlights parsed from 'lights.rad']

Loading d:\desktop\csgo\hammer maps\premature burial\achievement_premature_burial.bsp
28 faces
778 square feet [112128.00 square inches]
0 Displacements
0 Square Feet [0.00 Square Inches]
28 patches before subdivision
120 patches after subdivision
12 direct lights
0...1...2...3...4...5...6...7...8...9...100...1...2...3...4...5...6...7...8...9...10transfers 2953, max 62
transfer lists:   0.0 megs
0...1...2...3...4...5...6...7...8...9...10	Bounce #1 added RGB(4855, 1502, 205)
0...1...2...3...4...5...6...7...8...9...10	Bounce #2 added RGB(2948, 263, 0)
0...1...2...3...4...5...6...7...8...9...10	Bounce #3 added RGB(1815, 46, 0)
0...1...2...3...4...5...6...7...8...9...10	Bounce #4 added RGB(1128, 8, 0)
0...1...2...3...4...5...6...7...8...9...10	Bounce #5 added RGB(705, 1, 0)
0...1...2...3...4...5...6...7...8...9...10	Bounce #6 added RGB(442, 0, 0)
0...1...2...3...4...5...6...7...8...9...10	Bounce #7 added RGB(278, 0, 0)
0...1...2...3...4...5...6...7...8...9...10	Bounce #8 added RGB(175, 0, 0)
0...1...2...3...4...5...6...7...8...9...10	Bounce #9 added RGB(110, 0, 0)
0...1...2...3...4...5...6...7...8...9...10	Bounce #10 added RGB(69, 0, 0)
0...1...2...3...4...5...6...7...8...9...10	Bounce #11 added RGB(44, 0, 0)
0...1...2...3...4...5...6...7...8...9...10	Bounce #12 added RGB(28, 0, 0)
0...1...2...3...4...5...6...7...8...9...10	Bounce #13 added RGB(17, 0, 0)
0...1...2...3...4...5...6...7...8...9...10	Bounce #14 added RGB(11, 0, 0)
0...1...2...3...4...5...6...7...8...9...10	Bounce #15 added RGB(7, 0, 0)
0...1...2...3...4...5...6...7...8...9...10	Bounce #16 added RGB(4, 0, 0)
0...1...2...3...4...5...6...7...8...9...10	Bounce #17 added RGB(3, 0, 0)
0...1...2...3...4...5...6...7...8...9...10	Bounce #18 added RGB(2, 0, 0)
0...1...2...3...4...5...6...7...8...9...10	Bounce #19 added RGB(1, 0, 0)
0...1...2...3...4...5...6...7...8...9...10	Bounce #20 added RGB(1, 0, 0)
Build Patch/Sample Hash Table(s).....Done<0.0000 sec>
0...1...2...3...4...5...6...7...8...9...10FinalLightFace Done
0 of 0 (0% of) surface lights went in leaf ambient cubes.
0...1...2...3...4...5...6...7...8...9...10Writing leaf ambient...done
Ready to Finish

Object names       Objects/Maxobjs  Memory / Maxmem  Fullness 
------------       ---------------  ---------------  -------- 
models                   2/1024           96/49152    ( 0.2%) 
brushes                 12/8192          144/98304    ( 0.1%) 
brushsides              74/81920         592/655360   ( 0.1%) 
planes                  78/65536        1560/1310720  ( 0.1%) 
vertexes                57/65536         684/786432   ( 0.1%) 
nodes                   31/65536         992/2097152  ( 0.0%) 
texinfos                 9/12288         648/884736   ( 0.1%) 
texdata                  5/4096          160/131072   ( 0.1%) 
dispinfos                0/0               0/0        ( 0.0%) 
disp_verts               0/0               0/0        ( 0.0%) 
disp_tris                0/0               0/0        ( 0.0%) 
disp_multiblend          0/0               0/0        ( 0.0%) 
disp_lmsamples           0/0               0/0        ( 0.0%) 
faces                   28/65536        1568/3670016  ( 0.0%) 
hdr faces                0/65536           0/3670016  ( 0.0%) 
origfaces               16/65536         896/3670016  ( 0.0%) 
facebrushes              0/0               0/0        ( 0.0%) 
facebrushlists          28/0             112/0        ( 0.0%) 
leaves                  34/65536        1088/2097152  ( 0.1%) 
leaffaces               32/65536          64/131072   ( 0.0%) 
leafbrushes             21/65536          42/131072   ( 0.0%) 
areas                    2/1024           16/8192     ( 0.2%) 
surfedges              184/512000        736/2048000  ( 0.0%) 
edges                  111/256000        444/1024000  ( 0.0%) 
LDR worldlights         12/8192         1200/819200   ( 0.1%) 
HDR worldlights          0/8192            0/819200   ( 0.0%) 
leafwaterdata            0/32768           0/393216   ( 0.0%) 
waterstrips              0/32768           0/327680   ( 0.0%) 
waterverts               0/65536           0/786432   ( 0.0%) 
waterindices             0/65536           0/131072   ( 0.0%) 
cubemapsamples           0/1024            0/16384    ( 0.0%) 
overlays                 0/1024            0/360448   ( 0.0%) 
LDR lightdata         [variable]        4848/0        ( 0.0%) 
HDR lightdata         [variable]           0/0        ( 0.0%) 
visdata               [variable]          64/16777216 ( 0.0%) 
entdata               [variable]        7335/393216   ( 1.9%) 
LDR ambient table       34/65536         136/262144   ( 0.1%) 
HDR ambient table       34/65536         136/262144   ( 0.1%) 
LDR leaf ambient        56/65536        1568/1835008  ( 0.1%) 
HDR leaf ambient        34/65536         952/1835008  ( 0.1%) 
occluders                0/0               0/0        ( 0.0%) 
occluder polygons        0/0               0/0        ( 0.0%) 
occluder vert ind        0/0               0/0        ( 0.0%) 
detail props          [variable]           1/12       ( 8.3%) 
static props          [variable]           1/12       ( 8.3%) 
pakfile               [variable]       74510/0        ( 0.0%) 
physics               [variable]        5678/4194304  ( 0.1%) 
physics terrain       [variable]           2/1048576  ( 0.0%) 

Level flags = 7c

Total triangle count: 64
Writing d:\desktop\csgo\hammer maps\premature burial\achievement_premature_burial.bsp
MSG_FILEWRITE - Filesystem was asked to write to 'd:\desktop\csgo\hammer maps\premature burial\achievement_premature_burial.bsp', but we don't own that location. Allowing...
0 seconds elapsed



materialPath: D:\Steam\steamapps\common\Counter-Strike Global Offensive\csgo\materials
Loading D:\Desktop\csgo\hammer maps\Premature Burial\achievement_premature_burial.vmf
Map revision 17
fixing up env_cubemap materials on brush sides...
0...1...2...3...4...5...6...7...8...9...100...1...2...3...4...5...6...7...8...9...10Processing areas...done (0)
Building Faces...done (0)
Chop Details...done (0)
Find Visible Detail Sides...done (0)
Merging details...done (0)
FixTjuncs...
PruneNodes...
WriteBSP...
done (0)
writing D:\Desktop\csgo\hammer maps\Premature Burial\achievement_premature_burial.prt...Building visibility clusters...
AutoVisClustering (threshold=-1) matched 0 leafs.
done (0)
Finding displacement neighbors...
Finding lightmap sample positions...
Displacement Alpha : 0...1...2...3...4...5...6...7...8...9...10
Building Physics collision data...
done (0) (5678 bytes)
Placing detail props : 0...1...2...3...4...5...6...7...8...9...10
Compacting texture/material tables...
Reduced 18 texinfos to 9
Reduced 5 texdatas to 5 (104 bytes to 104)
Writing D:\Desktop\csgo\hammer maps\Premature Burial\achievement_premature_burial.bsp
MSG_FILEWRITE - Filesystem was asked to write to 'd:\desktop\csgo\hammer maps\premature burial\achievement_premature_burial.bsp', but we don't own that location. Allowing...
0 seconds elapsed



4 threads
reading d:\desktop\csgo\hammer maps\premature burial\achievement_premature_burial.bsp
reading d:\desktop\csgo\hammer maps\premature burial\achievement_premature_burial.prt
   6 portalclusters
   7 numportals
0...1...2...3...4...5...6...7...8...9...100...1...2...3...4...5...6...7...8...9...10Optimized: 0 visible clusters (0.00%)
Total clusters visible: 36
Average clusters visible: 6
Building PAS...
Average clusters audible: 6
visdatasize:64  compressed from 96
writing d:\desktop\csgo\hammer maps\premature burial\achievement_premature_burial.bsp
MSG_FILEWRITE - Filesystem was asked to write to 'd:\desktop\csgo\hammer maps\premature burial\achievement_premature_burial.bsp', but we don't own that location. Allowing...
0 seconds elapsed



[Reading texlights from 'lights.rad']
[17 texlights parsed from 'lights.rad']

Loading d:\desktop\csgo\hammer maps\premature burial\achievement_premature_burial.bsp
28 faces
778 square feet [112128.00 square inches]
0 Displacements
0 Square Feet [0.00 Square Inches]
28 patches before subdivision
120 patches after subdivision
12 direct lights
0...1...2...3...4...5...6...7...8...9...100...1...2...3...4...5...6...7...8...9...10transfers 2953, max 62
transfer lists:   0.0 megs
0...1...2...3...4...5...6...7...8...9...10	Bounce #1 added RGB(4855, 1502, 205)
0...1...2...3...4...5...6...7...8...9...10	Bounce #2 added RGB(2948, 263, 0)
0...1...2...3...4...5...6...7...8...9...10	Bounce #3 added RGB(1815, 46, 0)
0...1...2...3...4...5...6...7...8...9...10	Bounce #4 added RGB(1128, 8, 0)
0...1...2...3...4...5...6...7...8...9...10	Bounce #5 added RGB(705, 1, 0)
0...1...2...3...4...5...6...7...8...9...10	Bounce #6 added RGB(442, 0, 0)
0...1...2...3...4...5...6...7...8...9...10	Bounce #7 added RGB(278, 0, 0)
0...1...2...3...4...5...6...7...8...9...10	Bounce #8 added RGB(175, 0, 0)
0...1...2...3...4...5...6...7...8...9...10	Bounce #9 added RGB(110, 0, 0)
0...1...2...3...4...5...6...7...8...9...10	Bounce #10 added RGB(69, 0, 0)
0...1...2...3...4...5...6...7...8...9...10	Bounce #11 added RGB(44, 0, 0)
0...1...2...3...4...5...6...7...8...9...10	Bounce #12 added RGB(28, 0, 0)
0...1...2...3...4...5...6...7...8...9...10	Bounce #13 added RGB(17, 0, 0)
0...1...2...3...4...5...6...7...8...9...10	Bounce #14 added RGB(11, 0, 0)
0...1...2...3...4...5...6...7...8...9...10	Bounce #15 added RGB(7, 0, 0)
0...1...2...3...4...5...6...7...8...9...10	Bounce #16 added RGB(4, 0, 0)
0...1...2...3...4...5...6...7...8...9...10	Bounce #17 added RGB(3, 0, 0)
0...1...2...3...4...5...6...7...8...9...10	Bounce #18 added RGB(2, 0, 0)
0...1...2...3...4...5...6...7...8...9...10	Bounce #19 added RGB(1, 0, 0)
0...1...2...3...4...5...6...7...8...9...10	Bounce #20 added RGB(1, 0, 0)
Build Patch/Sample Hash Table(s).....Done<0.0000 sec>
0...1...2...3...4...5...6...7...8...9...10FinalLightFace Done
0 of 0 (0% of) surface lights went in leaf ambient cubes.
0...1...2...3...4...5...6...7...8...9...10Writing leaf ambient...done
Ready to Finish

Object names       Objects/Maxobjs  Memory / Maxmem  Fullness 
------------       ---------------  ---------------  -------- 
models                   2/1024           96/49152    ( 0.2%) 
brushes                 12/8192          144/98304    ( 0.1%) 
brushsides              74/81920         592/655360   ( 0.1%) 
planes                  78/65536        1560/1310720  ( 0.1%) 
vertexes                57/65536         684/786432   ( 0.1%) 
nodes                   31/65536         992/2097152  ( 0.0%) 
texinfos                 9/12288         648/884736   ( 0.1%) 
texdata                  5/4096          160/131072   ( 0.1%) 
dispinfos                0/0               0/0        ( 0.0%) 
disp_verts               0/0               0/0        ( 0.0%) 
disp_tris                0/0               0/0        ( 0.0%) 
disp_multiblend          0/0               0/0        ( 0.0%) 
disp_lmsamples           0/0               0/0        ( 0.0%) 
faces                   28/65536        1568/3670016  ( 0.0%) 
hdr faces                0/65536           0/3670016  ( 0.0%) 
origfaces               16/65536         896/3670016  ( 0.0%) 
facebrushes              0/0               0/0        ( 0.0%) 
facebrushlists          28/0             112/0        ( 0.0%) 
leaves                  34/65536        1088/2097152  ( 0.1%) 
leaffaces               32/65536          64/131072   ( 0.0%) 
leafbrushes             21/65536          42/131072   ( 0.0%) 
areas                    2/1024           16/8192     ( 0.2%) 
surfedges              184/512000        736/2048000  ( 0.0%) 
edges                  111/256000        444/1024000  ( 0.0%) 
LDR worldlights         12/8192         1200/819200   ( 0.1%) 
HDR worldlights          0/8192            0/819200   ( 0.0%) 
leafwaterdata            0/32768           0/393216   ( 0.0%) 
waterstrips              0/32768           0/327680   ( 0.0%) 
waterverts               0/65536           0/786432   ( 0.0%) 
waterindices             0/65536           0/131072   ( 0.0%) 
cubemapsamples           0/1024            0/16384    ( 0.0%) 
overlays                 0/1024            0/360448   ( 0.0%) 
LDR lightdata         [variable]        4848/0        ( 0.0%) 
HDR lightdata         [variable]           0/0        ( 0.0%) 
visdata               [variable]          64/16777216 ( 0.0%) 
entdata               [variable]        7565/393216   ( 1.9%) 
LDR ambient table       34/65536         136/262144   ( 0.1%) 
HDR ambient table       34/65536         136/262144   ( 0.1%) 
LDR leaf ambient        56/65536        1568/1835008  ( 0.1%) 
HDR leaf ambient        34/65536         952/1835008  ( 0.1%) 
occluders                0/0               0/0        ( 0.0%) 
occluder polygons        0/0               0/0        ( 0.0%) 
occluder vert ind        0/0               0/0        ( 0.0%) 
detail props          [variable]           1/12       ( 8.3%) 
static props          [variable]           1/12       ( 8.3%) 
pakfile               [variable]       74510/0        ( 0.0%) 
physics               [variable]        5678/4194304  ( 0.1%) 
physics terrain       [variable]           2/1048576  ( 0.0%) 

Level flags = 7c

Total triangle count: 64
Writing d:\desktop\csgo\hammer maps\premature burial\achievement_premature_burial.bsp
MSG_FILEWRITE - Filesystem was asked to write to 'd:\desktop\csgo\hammer maps\premature burial\achievement_premature_burial.bsp', but we don't own that location. Allowing...
0 seconds elapsed



materialPath: D:\Steam\steamapps\common\Counter-Strike Global Offensive\csgo\materials
Loading D:\Desktop\csgo\hammer maps\Premature Burial\achievement_premature_burial.vmf
Map revision 17
fixing up env_cubemap materials on brush sides...
0...1...2...3...4...5...6...7...8...9...100...1...2...3...4...5...6...7...8...9...10Processing areas...done (0)
Building Faces...done (0)
Chop Details...done (0)
Find Visible Detail Sides...done (0)
Merging details...done (0)
FixTjuncs...
PruneNodes...
WriteBSP...
done (0)
writing D:\Desktop\csgo\hammer maps\Premature Burial\achievement_premature_burial.prt...Building visibility clusters...
AutoVisClustering (threshold=-1) matched 0 leafs.
done (0)
Finding displacement neighbors...
Finding lightmap sample positions...
Displacement Alpha : 0...1...2...3...4...5...6...7...8...9...10
Building Physics collision data...
done (0) (5678 bytes)
Placing detail props : 0...1...2...3...4...5...6...7...8...9...10
Compacting texture/material tables...
Reduced 18 texinfos to 9
Reduced 5 texdatas to 5 (104 bytes to 104)
Writing D:\Desktop\csgo\hammer maps\Premature Burial\achievement_premature_burial.bsp
MSG_FILEWRITE - Filesystem was asked to write to 'd:\desktop\csgo\hammer maps\premature burial\achievement_premature_burial.bsp', but we don't own that location. Allowing...
0 seconds elapsed



4 threads
reading d:\desktop\csgo\hammer maps\premature burial\achievement_premature_burial.bsp
reading d:\desktop\csgo\hammer maps\premature burial\achievement_premature_burial.prt
   6 portalclusters
   7 numportals
0...1...2...3...4...5...6...7...8...9...100...1...2...3...4...5...6...7...8...9...10Optimized: 0 visible clusters (0.00%)
Total clusters visible: 36
Average clusters visible: 6
Building PAS...
Average clusters audible: 6
visdatasize:64  compressed from 96
writing d:\desktop\csgo\hammer maps\premature burial\achievement_premature_burial.bsp
MSG_FILEWRITE - Filesystem was asked to write to 'd:\desktop\csgo\hammer maps\premature burial\achievement_premature_burial.bsp', but we don't own that location. Allowing...
0 seconds elapsed



[Reading texlights from 'lights.rad']
[17 texlights parsed from 'lights.rad']

Loading d:\desktop\csgo\hammer maps\premature burial\achievement_premature_burial.bsp
28 faces
778 square feet [112128.00 square inches]
0 Displacements
0 Square Feet [0.00 Square Inches]
28 patches before subdivision
120 patches after subdivision
12 direct lights
0...1...2...3...4...5...6...7...8...9...100...1...2...3...4...5...6...7...8...9...10transfers 2953, max 62
transfer lists:   0.0 megs
0...1...2...3...4...5...6...7...8...9...10	Bounce #1 added RGB(4855, 1502, 205)
0...1...2...3...4...5...6...7...8...9...10	Bounce #2 added RGB(2948, 263, 0)
0...1...2...3...4...5...6...7...8...9...10	Bounce #3 added RGB(1815, 46, 0)
0...1...2...3...4...5...6...7...8...9...10	Bounce #4 added RGB(1128, 8, 0)
0...1...2...3...4...5...6...7...8...9...10	Bounce #5 added RGB(705, 1, 0)
0...1...2...3...4...5...6...7...8...9...10	Bounce #6 added RGB(442, 0, 0)
0...1...2...3...4...5...6...7...8...9...10	Bounce #7 added RGB(278, 0, 0)
0...1...2...3...4...5...6...7...8...9...10	Bounce #8 added RGB(175, 0, 0)
0...1...2...3...4...5...6...7...8...9...10	Bounce #9 added RGB(110, 0, 0)
0...1...2...3...4...5...6...7...8...9...10	Bounce #10 added RGB(69, 0, 0)
0...1...2...3...4...5...6...7...8...9...10	Bounce #11 added RGB(44, 0, 0)
0...1...2...3...4...5...6...7...8...9...10	Bounce #12 added RGB(28, 0, 0)
0...1...2...3...4...5...6...7...8...9...10	Bounce #13 added RGB(17, 0, 0)
0...1...2...3...4...5...6...7...8...9...10	Bounce #14 added RGB(11, 0, 0)
0...1...2...3...4...5...6...7...8...9...10	Bounce #15 added RGB(7, 0, 0)
0...1...2...3...4...5...6...7...8...9...10	Bounce #16 added RGB(4, 0, 0)
0...1...2...3...4...5...6...7...8...9...10	Bounce #17 added RGB(3, 0, 0)
0...1...2...3...4...5...6...7...8...9...10	Bounce #18 added RGB(2, 0, 0)
0...1...2...3...4...5...6...7...8...9...10	Bounce #19 added RGB(1, 0, 0)
0...1...2...3...4...5...6...7...8...9...10	Bounce #20 added RGB(1, 0, 0)
Build Patch/Sample Hash Table(s).....Done<0.0000 sec>
0...1...2...3...4...5...6...7...8...9...10FinalLightFace Done
0 of 0 (0% of) surface lights went in leaf ambient cubes.
0...1...2...3...4...5...6...7...8...9...10Writing leaf ambient...done
Ready to Finish

Object names       Objects/Maxobjs  Memory / Maxmem  Fullness 
------------       ---------------  ---------------  -------- 
models                   2/1024           96/49152    ( 0.2%) 
brushes                 12/8192          144/98304    ( 0.1%) 
brushsides              74/81920         592/655360   ( 0.1%) 
planes                  78/65536        1560/1310720  ( 0.1%) 
vertexes                57/65536         684/786432   ( 0.1%) 
nodes                   31/65536         992/2097152  ( 0.0%) 
texinfos                 9/12288         648/884736   ( 0.1%) 
texdata                  5/4096          160/131072   ( 0.1%) 
dispinfos                0/0               0/0        ( 0.0%) 
disp_verts               0/0               0/0        ( 0.0%) 
disp_tris                0/0               0/0        ( 0.0%) 
disp_multiblend          0/0               0/0        ( 0.0%) 
disp_lmsamples           0/0               0/0        ( 0.0%) 
faces                   28/65536        1568/3670016  ( 0.0%) 
hdr faces                0/65536           0/3670016  ( 0.0%) 
origfaces               16/65536         896/3670016  ( 0.0%) 
facebrushes              0/0               0/0        ( 0.0%) 
facebrushlists          28/0             112/0        ( 0.0%) 
leaves                  34/65536        1088/2097152  ( 0.1%) 
leaffaces               32/65536          64/131072   ( 0.0%) 
leafbrushes             21/65536          42/131072   ( 0.0%) 
areas                    2/1024           16/8192     ( 0.2%) 
surfedges              184/512000        736/2048000  ( 0.0%) 
edges                  111/256000        444/1024000  ( 0.0%) 
LDR worldlights         12/8192         1200/819200   ( 0.1%) 
HDR worldlights          0/8192            0/819200   ( 0.0%) 
leafwaterdata            0/32768           0/393216   ( 0.0%) 
waterstrips              0/32768           0/327680   ( 0.0%) 
waterverts               0/65536           0/786432   ( 0.0%) 
waterindices             0/65536           0/131072   ( 0.0%) 
cubemapsamples           0/1024            0/16384    ( 0.0%) 
overlays                 0/1024            0/360448   ( 0.0%) 
LDR lightdata         [variable]        4848/0        ( 0.0%) 
HDR lightdata         [variable]           0/0        ( 0.0%) 
visdata               [variable]          64/16777216 ( 0.0%) 
entdata               [variable]        7565/393216   ( 1.9%) 
LDR ambient table       34/65536         136/262144   ( 0.1%) 
HDR ambient table       34/65536         136/262144   ( 0.1%) 
LDR leaf ambient        56/65536        1568/1835008  ( 0.1%) 
HDR leaf ambient        34/65536         952/1835008  ( 0.1%) 
occluders                0/0               0/0        ( 0.0%) 
occluder polygons        0/0               0/0        ( 0.0%) 
occluder vert ind        0/0               0/0        ( 0.0%) 
detail props          [variable]           1/12       ( 8.3%) 
static props          [variable]           1/12       ( 8.3%) 
pakfile               [variable]       74510/0        ( 0.0%) 
physics               [variable]        5678/4194304  ( 0.1%) 
physics terrain       [variable]           2/1048576  ( 0.0%) 

Level flags = 7c

Total triangle count: 64
Writing d:\desktop\csgo\hammer maps\premature burial\achievement_premature_burial.bsp
MSG_FILEWRITE - Filesystem was asked to write to 'd:\desktop\csgo\hammer maps\premature burial\achievement_premature_burial.bsp', but we don't own that location. Allowing...
0 seconds elapsed



materialPath: D:\Steam\steamapps\common\Counter-Strike Global Offensive\csgo\materials
Loading D:\Desktop\csgo\hammer maps\Premature Burial\achievement_premature_burial.vmf
Map revision 17
fixing up env_cubemap materials on brush sides...
0...1...2...3...4...5...6...7...8...9...100...1...2...3...4...5...6...7...8...9...10Processing areas...done (0)
Building Faces...done (0)
Chop Details...done (0)
Find Visible Detail Sides...done (0)
Merging details...done (0)
FixTjuncs...
PruneNodes...
WriteBSP...
done (0)
writing D:\Desktop\csgo\hammer maps\Premature Burial\achievement_premature_burial.prt...Building visibility clusters...
AutoVisClustering (threshold=-1) matched 0 leafs.
done (0)
Finding displacement neighbors...
Finding lightmap sample positions...
Displacement Alpha : 0...1...2...3...4...5...6...7...8...9...10
Building Physics collision data...
done (0) (5678 bytes)
Placing detail props : 0...1...2...3...4...5...6...7...8...9...10
Compacting texture/material tables...
Reduced 18 texinfos to 9
Reduced 5 texdatas to 5 (104 bytes to 104)
Writing D:\Desktop\csgo\hammer maps\Premature Burial\achievement_premature_burial.bsp
MSG_FILEWRITE - Filesystem was asked to write to 'd:\desktop\csgo\hammer maps\premature burial\achievement_premature_burial.bsp', but we don't own that location. Allowing...
0 seconds elapsed



4 threads
reading d:\desktop\csgo\hammer maps\premature burial\achievement_premature_burial.bsp
reading d:\desktop\csgo\hammer maps\premature burial\achievement_premature_burial.prt
   6 portalclusters
   7 numportals
0...1...2...3...4...5...6...7...8...9...100...1...2...3...4...5...6...7...8...9...10Optimized: 0 visible clusters (0.00%)
Total clusters visible: 36
Average clusters visible: 6
Building PAS...
Average clusters audible: 6
visdatasize:64  compressed from 96
writing d:\desktop\csgo\hammer maps\premature burial\achievement_premature_burial.bsp
MSG_FILEWRITE - Filesystem was asked to write to 'd:\desktop\csgo\hammer maps\premature burial\achievement_premature_burial.bsp', but we don't own that location. Allowing...
0 seconds elapsed



[Reading texlights from 'lights.rad']
[17 texlights parsed from 'lights.rad']

Loading d:\desktop\csgo\hammer maps\premature burial\achievement_premature_burial.bsp
28 faces
778 square feet [112128.00 square inches]
0 Displacements
0 Square Feet [0.00 Square Inches]
28 patches before subdivision
120 patches after subdivision
12 direct lights
0...1...2...3...4...5...6...7...8...9...100...1...2...3...4...5...6...7...8...9...10transfers 2953, max 62
transfer lists:   0.0 megs
0...1...2...3...4...5...6...7...8...9...10	Bounce #1 added RGB(4855, 1502, 205)
0...1...2...3...4...5...6...7...8...9...10	Bounce #2 added RGB(2948, 263, 0)
0...1...2...3...4...5...6...7...8...9...10	Bounce #3 added RGB(1815, 46, 0)
0...1...2...3...4...5...6...7...8...9...10	Bounce #4 added RGB(1128, 8, 0)
0...1...2...3...4...5...6...7...8...9...10	Bounce #5 added RGB(705, 1, 0)
0...1...2...3...4...5...6...7...8...9...10	Bounce #6 added RGB(442, 0, 0)
0...1...2...3...4...5...6...7...8...9...10	Bounce #7 added RGB(278, 0, 0)
0...1...2...3...4...5...6...7...8...9...10	Bounce #8 added RGB(175, 0, 0)
0...1...2...3...4...5...6...7...8...9...10	Bounce #9 added RGB(110, 0, 0)
0...1...2...3...4...5...6...7...8...9...10	Bounce #10 added RGB(69, 0, 0)
0...1...2...3...4...5...6...7...8...9...10	Bounce #11 added RGB(44, 0, 0)
0...1...2...3...4...5...6...7...8...9...10	Bounce #12 added RGB(28, 0, 0)
0...1...2...3...4...5...6...7...8...9...10	Bounce #13 added RGB(17, 0, 0)
0...1...2...3...4...5...6...7...8...9...10	Bounce #14 added RGB(11, 0, 0)
0...1...2...3...4...5...6...7...8...9...10	Bounce #15 added RGB(7, 0, 0)
0...1...2...3...4...5...6...7...8...9...10	Bounce #16 added RGB(4, 0, 0)
0...1...2...3...4...5...6...7...8...9...10	Bounce #17 added RGB(3, 0, 0)
0...1...2...3...4...5...6...7...8...9...10	Bounce #18 added RGB(2, 0, 0)
0...1...2...3...4...5...6...7...8...9...10	Bounce #19 added RGB(1, 0, 0)
0...1...2...3...4...5...6...7...8...9...10	Bounce #20 added RGB(1, 0, 0)
Build Patch/Sample Hash Table(s).....Done<0.0000 sec>
0...1...2...3...4...5...6...7...8...9...10FinalLightFace Done
0 of 0 (0% of) surface lights went in leaf ambient cubes.
0...1...2...3...4...5...6...7...8...9...10Writing leaf ambient...done
Ready to Finish

Object names       Objects/Maxobjs  Memory / Maxmem  Fullness 
------------       ---------------  ---------------  -------- 
models                   2/1024           96/49152    ( 0.2%) 
brushes                 12/8192          144/98304    ( 0.1%) 
brushsides              74/81920         592/655360   ( 0.1%) 
planes                  78/65536        1560/1310720  ( 0.1%) 
vertexes                57/65536         684/786432   ( 0.1%) 
nodes                   31/65536         992/2097152  ( 0.0%) 
texinfos                 9/12288         648/884736   ( 0.1%) 
texdata                  5/4096          160/131072   ( 0.1%) 
dispinfos                0/0               0/0        ( 0.0%) 
disp_verts               0/0               0/0        ( 0.0%) 
disp_tris                0/0               0/0        ( 0.0%) 
disp_multiblend          0/0               0/0        ( 0.0%) 
disp_lmsamples           0/0               0/0        ( 0.0%) 
faces                   28/65536        1568/3670016  ( 0.0%) 
hdr faces                0/65536           0/3670016  ( 0.0%) 
origfaces               16/65536         896/3670016  ( 0.0%) 
facebrushes              0/0               0/0        ( 0.0%) 
facebrushlists          28/0             112/0        ( 0.0%) 
leaves                  34/65536        1088/2097152  ( 0.1%) 
leaffaces               32/65536          64/131072   ( 0.0%) 
leafbrushes             21/65536          42/131072   ( 0.0%) 
areas                    2/1024           16/8192     ( 0.2%) 
surfedges              184/512000        736/2048000  ( 0.0%) 
edges                  111/256000        444/1024000  ( 0.0%) 
LDR worldlights         12/8192         1200/819200   ( 0.1%) 
HDR worldlights          0/8192            0/819200   ( 0.0%) 
leafwaterdata            0/32768           0/393216   ( 0.0%) 
waterstrips              0/32768           0/327680   ( 0.0%) 
waterverts               0/65536           0/786432   ( 0.0%) 
waterindices             0/65536           0/131072   ( 0.0%) 
cubemapsamples           0/1024            0/16384    ( 0.0%) 
overlays                 0/1024            0/360448   ( 0.0%) 
LDR lightdata         [variable]        4848/0        ( 0.0%) 
HDR lightdata         [variable]           0/0        ( 0.0%) 
visdata               [variable]          64/16777216 ( 0.0%) 
entdata               [variable]        7565/393216   ( 1.9%) 
LDR ambient table       34/65536         136/262144   ( 0.1%) 
HDR ambient table       34/65536         136/262144   ( 0.1%) 
LDR leaf ambient        56/65536        1568/1835008  ( 0.1%) 
HDR leaf ambient        34/65536         952/1835008  ( 0.1%) 
occluders                0/0               0/0        ( 0.0%) 
occluder polygons        0/0               0/0        ( 0.0%) 
occluder vert ind        0/0               0/0        ( 0.0%) 
detail props          [variable]           1/12       ( 8.3%) 
static props          [variable]           1/12       ( 8.3%) 
pakfile               [variable]       74510/0        ( 0.0%) 
physics               [variable]        5678/4194304  ( 0.1%) 
physics terrain       [variable]           2/1048576  ( 0.0%) 

Level flags = 7c

Total triangle count: 64
Writing d:\desktop\csgo\hammer maps\premature burial\achievement_premature_burial.bsp
MSG_FILEWRITE - Filesystem was asked to write to 'd:\desktop\csgo\hammer maps\premature burial\achievement_premature_burial.bsp', but we don't own that location. Allowing...
0 seconds elapsed



materialPath: D:\Steam\steamapps\common\Counter-Strike Global Offensive\csgo\materials
Loading D:\Desktop\csgo\hammer maps\Premature Burial\achievement_premature_burial.vmf
Map revision 17
fixing up env_cubemap materials on brush sides...
0...1...2...3...4...5...6...7...8...9...100...1...2...3...4...5...6...7...8...9...10Processing areas...done (0)
Building Faces...done (0)
Chop Details...done (0)
Find Visible Detail Sides...done (0)
Merging details...done (0)
FixTjuncs...
PruneNodes...
WriteBSP...
done (0)
writing D:\Desktop\csgo\hammer maps\Premature Burial\achievement_premature_burial.prt...Building visibility clusters...
AutoVisClustering (threshold=-1) matched 0 leafs.
done (0)
Finding displacement neighbors...
Finding lightmap sample positions...
Displacement Alpha : 0...1...2...3...4...5...6...7...8...9...10
Building Physics collision data...
done (0) (5678 bytes)
Placing detail props : 0...1...2...3...4...5...6...7...8...9...10
Compacting texture/material tables...
Reduced 18 texinfos to 9
Reduced 5 texdatas to 5 (104 bytes to 104)
Writing D:\Desktop\csgo\hammer maps\Premature Burial\achievement_premature_burial.bsp
MSG_FILEWRITE - Filesystem was asked to write to 'd:\desktop\csgo\hammer maps\premature burial\achievement_premature_burial.bsp', but we don't own that location. Allowing...
0 seconds elapsed



4 threads
reading d:\desktop\csgo\hammer maps\premature burial\achievement_premature_burial.bsp
reading d:\desktop\csgo\hammer maps\premature burial\achievement_premature_burial.prt
   6 portalclusters
   7 numportals
0...1...2...3...4...5...6...7...8...9...100...1...2...3...4...5...6...7...8...9...10Optimized: 0 visible clusters (0.00%)
Total clusters visible: 36
Average clusters visible: 6
Building PAS...
Average clusters audible: 6
visdatasize:64  compressed from 96
writing d:\desktop\csgo\hammer maps\premature burial\achievement_premature_burial.bsp
MSG_FILEWRITE - Filesystem was asked to write to 'd:\desktop\csgo\hammer maps\premature burial\achievement_premature_burial.bsp', but we don't own that location. Allowing...
0 seconds elapsed



[Reading texlights from 'lights.rad']
[17 texlights parsed from 'lights.rad']

Loading d:\desktop\csgo\hammer maps\premature burial\achievement_premature_burial.bsp
28 faces
778 square feet [112128.00 square inches]
0 Displacements
0 Square Feet [0.00 Square Inches]
28 patches before subdivision
120 patches after subdivision
12 direct lights
0...1...2...3...4...5...6...7...8...9...100...1...2...3...4...5...6...7...8...9...10transfers 2953, max 62
transfer lists:   0.0 megs
0...1...2...3...4...5...6...7...8...9...10	Bounce #1 added RGB(4855, 1502, 205)
0...1...2...3...4...5...6...7...8...9...10	Bounce #2 added RGB(2948, 263, 0)
0...1...2...3...4...5...6...7...8...9...10	Bounce #3 added RGB(1815, 46, 0)
0...1...2...3...4...5...6...7...8...9...10	Bounce #4 added RGB(1128, 8, 0)
0...1...2...3...4...5...6...7...8...9...10	Bounce #5 added RGB(705, 1, 0)
0...1...2...3...4...5...6...7...8...9...10	Bounce #6 added RGB(442, 0, 0)
0...1...2...3...4...5...6...7...8...9...10	Bounce #7 added RGB(278, 0, 0)
0...1...2...3...4...5...6...7...8...9...10	Bounce #8 added RGB(175, 0, 0)
0...1...2...3...4...5...6...7...8...9...10	Bounce #9 added RGB(110, 0, 0)
0...1...2...3...4...5...6...7...8...9...10	Bounce #10 added RGB(69, 0, 0)
0...1...2...3...4...5...6...7...8...9...10	Bounce #11 added RGB(44, 0, 0)
0...1...2...3...4...5...6...7...8...9...10	Bounce #12 added RGB(28, 0, 0)
0...1...2...3...4...5...6...7...8...9...10	Bounce #13 added RGB(17, 0, 0)
0...1...2...3...4...5...6...7...8...9...10	Bounce #14 added RGB(11, 0, 0)
0...1...2...3...4...5...6...7...8...9...10	Bounce #15 added RGB(7, 0, 0)
0...1...2...3...4...5...6...7...8...9...10	Bounce #16 added RGB(4, 0, 0)
0...1...2...3...4...5...6...7...8...9...10	Bounce #17 added RGB(3, 0, 0)
0...1...2...3...4...5...6...7...8...9...10	Bounce #18 added RGB(2, 0, 0)
0...1...2...3...4...5...6...7...8...9...10	Bounce #19 added RGB(1, 0, 0)
0...1...2...3...4...5...6...7...8...9...10	Bounce #20 added RGB(1, 0, 0)
Build Patch/Sample Hash Table(s).....Done<0.0000 sec>
0...1...2...3...4...5...6...7...8...9...10FinalLightFace Done
0 of 0 (0% of) surface lights went in leaf ambient cubes.
0...1...2...3...4...5...6...7...8...9...10Writing leaf ambient...done
Ready to Finish

Object names       Objects/Maxobjs  Memory / Maxmem  Fullness 
------------       ---------------  ---------------  -------- 
models                   2/1024           96/49152    ( 0.2%) 
brushes                 12/8192          144/98304    ( 0.1%) 
brushsides              74/81920         592/655360   ( 0.1%) 
planes                  78/65536        1560/1310720  ( 0.1%) 
vertexes                57/65536         684/786432   ( 0.1%) 
nodes                   31/65536         992/2097152  ( 0.0%) 
texinfos                 9/12288         648/884736   ( 0.1%) 
texdata                  5/4096          160/131072   ( 0.1%) 
dispinfos                0/0               0/0        ( 0.0%) 
disp_verts               0/0               0/0        ( 0.0%) 
disp_tris                0/0               0/0        ( 0.0%) 
disp_multiblend          0/0               0/0        ( 0.0%) 
disp_lmsamples           0/0               0/0        ( 0.0%) 
faces                   28/65536        1568/3670016  ( 0.0%) 
hdr faces                0/65536           0/3670016  ( 0.0%) 
origfaces               16/65536         896/3670016  ( 0.0%) 
facebrushes              0/0               0/0        ( 0.0%) 
facebrushlists          28/0             112/0        ( 0.0%) 
leaves                  34/65536        1088/2097152  ( 0.1%) 
leaffaces               32/65536          64/131072   ( 0.0%) 
leafbrushes             21/65536          42/131072   ( 0.0%) 
areas                    2/1024           16/8192     ( 0.2%) 
surfedges              184/512000        736/2048000  ( 0.0%) 
edges                  111/256000        444/1024000  ( 0.0%) 
LDR worldlights         12/8192         1200/819200   ( 0.1%) 
HDR worldlights          0/8192            0/819200   ( 0.0%) 
leafwaterdata            0/32768           0/393216   ( 0.0%) 
waterstrips              0/32768           0/327680   ( 0.0%) 
waterverts               0/65536           0/786432   ( 0.0%) 
waterindices             0/65536           0/131072   ( 0.0%) 
cubemapsamples           0/1024            0/16384    ( 0.0%) 
overlays                 0/1024            0/360448   ( 0.0%) 
LDR lightdata         [variable]        4848/0        ( 0.0%) 
HDR lightdata         [variable]           0/0        ( 0.0%) 
visdata               [variable]          64/16777216 ( 0.0%) 
entdata               [variable]        7565/393216   ( 1.9%) 
LDR ambient table       34/65536         136/262144   ( 0.1%) 
HDR ambient table       34/65536         136/262144   ( 0.1%) 
LDR leaf ambient        56/65536        1568/1835008  ( 0.1%) 
HDR leaf ambient        34/65536         952/1835008  ( 0.1%) 
occluders                0/0               0/0        ( 0.0%) 
occluder polygons        0/0               0/0        ( 0.0%) 
occluder vert ind        0/0               0/0        ( 0.0%) 
detail props          [variable]           1/12       ( 8.3%) 
static props          [variable]           1/12       ( 8.3%) 
pakfile               [variable]       74510/0        ( 0.0%) 
physics               [variable]        5678/4194304  ( 0.1%) 
physics terrain       [variable]           2/1048576  ( 0.0%) 

Level flags = 7c

Total triangle count: 64
Writing d:\desktop\csgo\hammer maps\premature burial\achievement_premature_burial.bsp
MSG_FILEWRITE - Filesystem was asked to write to 'd:\desktop\csgo\hammer maps\premature burial\achievement_premature_burial.bsp', but we don't own that location. Allowing...
0 seconds elapsed
