PRT1
299
915
4 0 33 (0 176 32 ) (0 176 254 ) (0 280 254 ) (0 280 32 ) 
4 0 30 (0 176 254 ) (0 176 256 ) (0 280 256 ) (0 280 254 ) 
4 0 2 (0 176 216 ) (0 176 72 ) (112 176 72 ) (112 176 216 ) 
4 1 108 (88 0 264 ) (0 0 264 ) (0 0 256 ) (88 0 256 ) 
4 1 35 (0 0 256 ) (0 0 264 ) (0 24 264 ) (0 24 256 ) 
4 1 16 (88 0 256 ) (0 0 256 ) (0 24 256 ) (88 24 256 ) 
4 2 34 (0 176 216 ) (0 176 72 ) (0 168 72 ) (0 168 216 ) 
4 2 15 (112 168 72 ) (112 168 192 ) (0 168 192 ) (0 168 72 ) 
4 2 12 (112 168 192 ) (112 168 216 ) (32 168 216 ) (32 168 192 ) 
4 3 71 (221 0 154 ) (223 0 154 ) (223 0 202 ) (221 0 202 ) 
4 3 70 (223 0 154 ) (224 0 154 ) (224 0 202 ) (223 0 202 ) 
4 3 73 (216 0 202 ) (216 0 154 ) (221 0 154 ) (221 0 202 ) 
4 3 68 (216 0 248 ) (216 0 202 ) (224 0 202 ) (224 0 248 ) 
4 3 16 (216 0 154 ) (216 0 248 ) (216 160 248 ) (216 160 154 ) 
4 3 9 (216 130 154 ) (216 160 154 ) (220 160 154 ) (220 130 154 ) 
4 3 11 (216 0 154 ) (216 48 154 ) (220 48 154 ) (220 0 154 ) 
4 3 6 (223 8 154 ) (223 0 154 ) (221 0 154 ) (221 8 154 ) 
4 3 5 (221 160 154 ) (223 160 154 ) (223 8 154 ) (221 8 154 ) 
4 3 4 (223 160 154 ) (224 160 154 ) (224 0 154 ) (223 0 154 ) 
4 3 8 (220 160 154 ) (221 160 154 ) (221 0 154 ) (220 0 154 ) 
4 4 70 (223 0 40 ) (224 0 40 ) (224 0 154 ) (223 0 154 ) 
4 4 6 (223 0 152 ) (223 0 154 ) (223 8 154 ) (223 8 152 ) 
4 4 7 (223 8 40 ) (223 0 40 ) (223 0 80 ) (223 8 80 ) 
4 4 5 (223 160 40 ) (223 8 40 ) (223 8 154 ) (223 160 154 ) 
4 5 6 (221 8 154 ) (221 8 152 ) (223 8 152 ) (223 8 154 ) 
4 5 7 (221 8 80 ) (221 8 40 ) (223 8 40 ) (223 8 80 ) 
4 5 8 (221 160 40 ) (221 8 40 ) (221 8 154 ) (221 160 154 ) 
4 6 71 (223 0 152 ) (223 0 154 ) (221 0 154 ) (221 0 152 ) 
4 6 8 (221 0 152 ) (221 0 154 ) (221 8 154 ) (221 8 152 ) 
4 7 72 (221 0 40 ) (223 0 40 ) (223 0 80 ) (221 0 80 ) 
4 7 8 (221 8 40 ) (221 0 40 ) (221 0 80 ) (221 8 80 ) 
4 8 73 (220 0 40 ) (221 0 40 ) (221 0 154 ) (220 0 154 ) 
4 8 10 (220 130 40 ) (220 48 40 ) (220 48 84 ) (220 130 84 ) 
4 8 9 (220 160 40 ) (220 130 40 ) (220 130 154 ) (220 160 154 ) 
4 8 11 (220 48 40 ) (220 0 40 ) (220 0 154 ) (220 48 154 ) 
4 9 16 (216 130 154 ) (216 160 154 ) (216 160 40 ) (216 130 40 ) 
4 9 10 (216 130 40 ) (220 130 40 ) (220 130 84 ) (216 130 84 ) 
4 10 16 (216 130 84 ) (216 130 40 ) (216 48 40 ) (216 48 84 ) 
4 10 11 (216 48 40 ) (220 48 40 ) (220 48 84 ) (216 48 84 ) 
4 11 73 (216 0 154 ) (216 0 40 ) (220 0 40 ) (220 0 154 ) 
4 11 16 (216 0 40 ) (216 0 154 ) (216 48 154 ) (216 48 40 ) 
4 12 15 (216 160 192 ) (32 160 192 ) (32 168 192 ) (216 168 192 ) 
4 12 13 (32 165 224 ) (32 165 248 ) (32 168 248 ) (32 168 224 ) 
4 12 14 (32 165 192 ) (32 160 192 ) (32 160 248 ) (32 165 248 ) 
4 12 16 (216 160 192 ) (216 160 248 ) (32 160 248 ) (32 160 192 ) 
4 13 37 (0 168 248 ) (0 168 224 ) (0 165 224 ) (0 165 248 ) 
4 13 14 (32 165 224 ) (32 165 248 ) (0 165 248 ) (0 165 224 ) 
4 14 39 (0 165 192 ) (0 160 192 ) (0 160 248 ) (0 165 248 ) 
4 14 15 (32 160 192 ) (0 160 192 ) (0 165 192 ) (32 165 192 ) 
4 14 16 (32 160 248 ) (0 160 248 ) (0 160 192 ) (32 160 192 ) 
4 15 38 (0 168 192 ) (0 168 40 ) (0 165 40 ) (0 165 192 ) 
4 15 39 (0 165 40 ) (0 160 40 ) (0 160 192 ) (0 165 192 ) 
4 15 16 (216 160 40 ) (216 160 192 ) (0 160 192 ) (0 160 40 ) 
4 16 110 (96 0 256 ) (88 0 256 ) (88 0 32 ) (96 0 32 ) 
4 16 109 (208 0 256 ) (96 0 256 ) (96 0 32 ) (208 0 32 ) 
4 16 112 (88 0 256 ) (0 0 256 ) (0 0 32 ) (88 0 32 ) 
4 16 90 (209 0 256 ) (208 0 256 ) (208 0 32 ) (209 0 32 ) 
4 16 88 (209 0 40 ) (209 0 32 ) (216 0 32 ) (216 0 40 ) 
4 16 73 (209 0 202 ) (209 0 40 ) (216 0 40 ) (216 0 202 ) 
4 16 69 (216 0 256 ) (209 0 256 ) (209 0 202 ) (216 0 202 ) 
4 16 50 (0 0 32 ) (0 0 62 ) (0 160 62 ) (0 160 32 ) 
4 16 41 (0 0 62 ) (0 0 248 ) (0 160 248 ) (0 160 62 ) 
4 16 36 (0 0 248 ) (0 0 256 ) (0 160 256 ) (0 160 248 ) 
4 17 29 (184 160 -192 ) (216 160 -192 ) (216 160 -64 ) (184 160 -64 ) 
4 17 22 (216 160 -64 ) (216 160 -48 ) (184 160 -48 ) (184 160 -64 ) 
4 17 21 (216 160 -48 ) (216 160 -8 ) (184 160 -8 ) (184 160 -48 ) 
4 17 19 (184 168 -192 ) (216 168 -192 ) (216 160 -192 ) (184 160 -192 ) 
4 17 18 (184 160 -32 ) (184 160 -8 ) (184 168 -8 ) (184 168 -32 ) 
4 18 52 (0 160 -32 ) (0 160 -8 ) (0 168 -8 ) (0 168 -32 ) 
4 18 21 (0 160 -8 ) (0 160 -32 ) (184 160 -32 ) (184 160 -8 ) 
4 19 53 (0 160 -216 ) (0 160 -192 ) (0 168 -192 ) (0 168 -216 ) 
4 19 29 (0 160 -192 ) (0 160 -216 ) (216 160 -216 ) (216 160 -192 ) 
4 20 134 (216 0 -8 ) (216 0 -48 ) (224 0 -48 ) (224 0 -8 ) 
4 20 27 (224 152 -48 ) (224 0 -48 ) (216 0 -48 ) (216 152 -48 ) 
4 20 22 (216 160 -48 ) (224 160 -48 ) (224 152 -48 ) (216 152 -48 ) 
4 20 21 (216 160 -8 ) (216 160 -48 ) (216 0 -48 ) (216 0 -8 ) 
4 21 176 (64 0 0 ) (0 0 0 ) (0 0 -48 ) (64 0 -48 ) 
4 21 175 (88 0 0 ) (64 0 0 ) (64 0 -48 ) (88 0 -48 ) 
4 21 159 (96 0 0 ) (88 0 0 ) (88 0 -48 ) (96 0 -48 ) 
4 21 158 (216 0 0 ) (96 0 0 ) (96 0 -48 ) (216 0 -48 ) 
4 21 55 (0 0 -48 ) (0 0 0 ) (0 160 0 ) (0 160 -48 ) 
4 21 27 (0 0 -48 ) (0 152 -48 ) (216 152 -48 ) (216 0 -48 ) 
4 21 25 (40 160 -48 ) (56 160 -48 ) (56 152 -48 ) (40 152 -48 ) 
4 21 26 (8 160 -48 ) (24 160 -48 ) (24 152 -48 ) (8 152 -48 ) 
4 21 23 (104 160 -48 ) (120 160 -48 ) (120 152 -48 ) (104 152 -48 ) 
4 21 24 (72 160 -48 ) (88 160 -48 ) (88 152 -48 ) (72 152 -48 ) 
4 21 22 (136 160 -48 ) (216 160 -48 ) (216 152 -48 ) (136 152 -48 ) 
4 22 28 (216 160 -64 ) (224 160 -64 ) (224 152 -64 ) (216 152 -64 ) 
4 22 29 (136 160 -64 ) (216 160 -64 ) (216 152 -64 ) (136 152 -64 ) 
4 22 27 (136 152 -64 ) (224 152 -64 ) (224 152 -48 ) (136 152 -48 ) 
4 23 29 (104 160 -64 ) (120 160 -64 ) (120 152 -64 ) (104 152 -64 ) 
4 23 27 (104 152 -64 ) (120 152 -64 ) (120 152 -48 ) (104 152 -48 ) 
4 24 29 (72 160 -64 ) (88 160 -64 ) (88 152 -64 ) (72 152 -64 ) 
4 24 27 (72 152 -64 ) (88 152 -64 ) (88 152 -48 ) (72 152 -48 ) 
4 25 29 (40 160 -64 ) (56 160 -64 ) (56 152 -64 ) (40 152 -64 ) 
4 25 27 (40 152 -64 ) (56 152 -64 ) (56 152 -48 ) (40 152 -48 ) 
4 26 29 (8 160 -64 ) (24 160 -64 ) (24 152 -64 ) (8 152 -64 ) 
4 26 27 (8 152 -64 ) (24 152 -64 ) (24 152 -48 ) (8 152 -48 ) 
4 27 176 (64 0 -48 ) (0 0 -48 ) (0 0 -64 ) (64 0 -64 ) 
4 27 175 (88 0 -48 ) (64 0 -48 ) (64 0 -64 ) (88 0 -64 ) 
4 27 159 (96 0 -48 ) (88 0 -48 ) (88 0 -64 ) (96 0 -64 ) 
4 27 158 (216 0 -48 ) (96 0 -48 ) (96 0 -64 ) (216 0 -64 ) 
4 27 134 (224 0 -48 ) (216 0 -48 ) (216 0 -64 ) (224 0 -64 ) 
4 27 65 (0 0 -64 ) (0 0 -48 ) (0 152 -48 ) (0 152 -64 ) 
4 27 28 (224 0 -64 ) (216 0 -64 ) (216 152 -64 ) (224 152 -64 ) 
4 27 29 (216 0 -64 ) (0 0 -64 ) (0 152 -64 ) (216 152 -64 ) 
4 28 140 (216 0 -192 ) (216 0 -216 ) (224 0 -216 ) (224 0 -192 ) 
4 28 136 (216 0 -176 ) (216 0 -192 ) (224 0 -192 ) (224 0 -176 ) 
4 28 135 (216 0 -168 ) (216 0 -176 ) (224 0 -176 ) (224 0 -168 ) 
4 28 134 (224 0 -64 ) (216 0 -64 ) (216 0 -168 ) (224 0 -168 ) 
4 28 29 (216 0 -216 ) (216 0 -64 ) (216 160 -64 ) (216 160 -216 ) 
4 29 178 (0 0 -216 ) (0 0 -224 ) (88 0 -224 ) (88 0 -216 ) 
4 29 176 (64 0 -64 ) (0 0 -64 ) (0 0 -216 ) (64 0 -216 ) 
4 29 175 (88 0 -64 ) (64 0 -64 ) (64 0 -216 ) (88 0 -216 ) 
4 29 159 (96 0 -64 ) (88 0 -64 ) (88 0 -224 ) (96 0 -224 ) 
4 29 158 (216 0 -64 ) (96 0 -64 ) (96 0 -224 ) (216 0 -224 ) 
4 29 66 (0 0 -224 ) (0 0 -64 ) (0 160 -64 ) (0 160 -224 ) 
5 30 33 (0 176 254 ) (-284.853821 176 254 ) (-286 193.848511 254 ) (-280.468140 280 254 ) (0 280 254 ) 
4 30 32 (-287.060089 177.339249 254 ) (-288 191.962524 254 ) (-288 280 254 ) (-280.468140 280 254 ) 
3 30 31 (-286.973999 176 254 ) (-288 176 254 ) (-288 191.962524 254 ) 
4 31 32 (-287.060547 177.329483 32 ) (-288 191.945313 32 ) (-288 191.959961 254 ) (-287.060181 177.337845 254 ) 
4 32 33 (-286 193.847641 32 ) (-280.468323 280 32 ) (-280.468506 280 254 ) (-286 193.850189 254 ) 
4 33 34 (0 176 72 ) (0 176 216 ) (-176 176 216 ) (-176 176 72 ) 
4 34 38 (0 168 72 ) (0 168 192 ) (-96 168 192 ) (-96 168 72 ) 
4 34 40 (-96 168 216 ) (-176 168 216 ) (-176 168 72 ) (-96 168 72 ) 
4 35 193 (0 0 256 ) (0 0 264 ) (-120 0 264 ) (-120 0 256 ) 
4 35 36 (0 0 256 ) (-120 0 256 ) (-120 24 256 ) (0 24 256 ) 
4 36 202 (-279 0 256 ) (-280 0 256 ) (-280 0 248 ) (-279 0 248 ) 
4 36 195 (-120 0 256 ) (-128 0 256 ) (-128 0 248 ) (-120 0 248 ) 
4 36 194 (0 0 248 ) (0 0 256 ) (-120 0 256 ) (-120 0 248 ) 
4 36 197 (-128 0 256 ) (-279 0 256 ) (-279 0 248 ) (-128 0 248 ) 
4 36 43 (-279 0 248 ) (-280 0 248 ) (-280 8 248 ) (-279 8 248 ) 
4 36 42 (-280 8 248 ) (-280 160 248 ) (-279 160 248 ) (-279 8 248 ) 
4 36 41 (0 0 248 ) (-279 0 248 ) (-279 160 248 ) (0 160 248 ) 
4 37 40 (-96 165 224 ) (-96 165 248 ) (-96 168 248 ) (-96 168 224 ) 
4 37 39 (-96 165 248 ) (-96 165 224 ) (0 165 224 ) (0 165 248 ) 
4 38 39 (-96 165 192 ) (-96 165 40 ) (0 165 40 ) (0 165 192 ) 
4 38 40 (-96 168 40 ) (-96 165 40 ) (-96 165 192 ) (-96 168 192 ) 
4 39 50 (-96 160 62 ) (-96 160 40 ) (0 160 40 ) (0 160 62 ) 
4 39 41 (0 160 248 ) (-96 160 248 ) (-96 160 62 ) (0 160 62 ) 
4 39 40 (-96 165 40 ) (-96 160 40 ) (-96 160 248 ) (-96 165 248 ) 
4 40 50 (-280 160 62 ) (-280 160 40 ) (-96 160 40 ) (-96 160 62 ) 
4 40 42 (-279 160 248 ) (-280 160 248 ) (-280 160 62 ) (-279 160 62 ) 
4 40 41 (-96 160 248 ) (-279 160 248 ) (-279 160 62 ) (-96 160 62 ) 
4 41 195 (-120 0 248 ) (-128 0 248 ) (-128 0 62 ) (-120 0 62 ) 
4 41 194 (0 0 62 ) (0 0 248 ) (-120 0 248 ) (-120 0 62 ) 
4 41 197 (-128 0 248 ) (-279 0 248 ) (-279 0 62 ) (-128 0 62 ) 
4 41 50 (0 0 62 ) (-279 0 62 ) (-279 160 62 ) (0 160 62 ) 
4 41 43 (-279 0 134 ) (-279 0 248 ) (-279 8 248 ) (-279 8 134 ) 
4 41 42 (-279 160 248 ) (-279 160 62 ) (-279 8 62 ) (-279 8 248 ) 
4 42 51 (-281 8 62 ) (-281 160 62 ) (-280 160 62 ) (-280 8 62 ) 
4 42 50 (-280 160 62 ) (-279 160 62 ) (-279 8 62 ) (-280 8 62 ) 
4 42 44 (-281 160 248 ) (-281 160 62 ) (-281 8 62 ) (-281 8 248 ) 
4 42 43 (-281 8 248 ) (-281 8 134 ) (-279 8 134 ) (-279 8 248 ) 
4 43 262 (-280 0 248 ) (-281 0 248 ) (-281 0 134 ) (-280 0 134 ) 
4 43 202 (-279 0 248 ) (-280 0 248 ) (-280 0 134 ) (-279 0 134 ) 
4 43 44 (-281 0 134 ) (-281 0 248 ) (-281 8 248 ) (-281 8 134 ) 
4 44 265 (-281 0 248 ) (-282 0 248 ) (-282 0 62 ) (-281 0 62 ) 
4 44 51 (-281 0 62 ) (-282 0 62 ) (-282 160 62 ) (-281 160 62 ) 
4 44 46 (-282 47 150 ) (-282 47 248 ) (-282 129 248 ) (-282 129 150 ) 
4 44 47 (-282 129 62 ) (-282 47 62 ) (-282 47 63 ) (-282 129 63 ) 
4 44 45 (-282 160 248 ) (-282 160 62 ) (-282 129 62 ) (-282 129 248 ) 
4 44 48 (-282 47 62 ) (-282 0 62 ) (-282 0 248 ) (-282 47 248 ) 
4 45 51 (-286 129 62 ) (-286 160 62 ) (-282 160 62 ) (-282 129 62 ) 
4 45 46 (-286 129 248 ) (-286 129 150 ) (-282 129 150 ) (-282 129 248 ) 
4 45 47 (-286 129 63 ) (-286 129 62 ) (-282 129 62 ) (-282 129 63 ) 
4 45 49 (-286 160 248 ) (-286 160 62 ) (-286 129 62 ) (-286 129 248 ) 
4 46 48 (-286 47 248 ) (-286 47 150 ) (-282 47 150 ) (-282 47 248 ) 
4 46 49 (-286 47 150 ) (-286 47 248 ) (-286 129 248 ) (-286 129 150 ) 
4 47 51 (-286 47 62 ) (-286 129 62 ) (-282 129 62 ) (-282 47 62 ) 
4 47 49 (-286 129 62 ) (-286 47 62 ) (-286 47 63 ) (-286 129 63 ) 
4 47 48 (-286 47 63 ) (-286 47 62 ) (-282 47 62 ) (-282 47 63 ) 
4 48 266 (-284 0 248 ) (-286 0 248 ) (-286 0 62 ) (-284 0 62 ) 
4 48 265 (-282 0 248 ) (-284 0 248 ) (-284 0 62 ) (-282 0 62 ) 
4 48 51 (-282 0 62 ) (-286 0 62 ) (-286 47 62 ) (-282 47 62 ) 
4 48 49 (-286 47 62 ) (-286 0 62 ) (-286 0 248 ) (-286 47 248 ) 
4 49 269 (-286 0 248 ) (-288 0 248 ) (-288 0 62 ) (-286 0 62 ) 
4 49 51 (-286 0 62 ) (-288 0 62 ) (-288 160 62 ) (-286 160 62 ) 
4 50 203 (-279 0 62 ) (-280 0 62 ) (-280 0 32 ) (-279 0 32 ) 
4 50 195 (-120 0 62 ) (-128 0 62 ) (-128 0 32 ) (-120 0 32 ) 
4 50 194 (0 0 32 ) (0 0 62 ) (-120 0 62 ) (-120 0 32 ) 
4 50 197 (-128 0 62 ) (-279 0 62 ) (-279 0 32 ) (-128 0 32 ) 
4 50 51 (-280 0 62 ) (-280 160 62 ) (-280 160 40 ) (-280 0 40 ) 
4 51 266 (-284 0 62 ) (-286 0 62 ) (-286 0 40 ) (-284 0 40 ) 
4 51 269 (-286 0 62 ) (-288 0 62 ) (-288 0 40 ) (-286 0 40 ) 
4 51 263 (-280 0 62 ) (-281 0 62 ) (-281 0 40 ) (-280 0 40 ) 
4 51 265 (-281 0 62 ) (-284 0 62 ) (-284 0 40 ) (-281 0 40 ) 
4 52 55 (0 160 -32 ) (0 160 -8 ) (-240 160 -8 ) (-240 160 -32 ) 
4 52 54 (-240 160 -32 ) (-240 160 -8 ) (-240 168 -8 ) (-240 168 -32 ) 
4 53 66 (0 160 -216 ) (0 160 -192 ) (-240 160 -192 ) (-240 160 -216 ) 
4 53 54 (-240 168 -216 ) (-240 160 -216 ) (-240 160 -192 ) (-240 168 -192 ) 
4 54 66 (-280 160 -64 ) (-280 160 -216 ) (-240 160 -216 ) (-240 160 -64 ) 
4 54 64 (-280 160 -48 ) (-280 160 -64 ) (-240 160 -64 ) (-240 160 -48 ) 
4 54 55 (-240 160 -8 ) (-280 160 -8 ) (-280 160 -48 ) (-240 160 -48 ) 
4 55 232 (-120 0 0 ) (-128 0 0 ) (-128 0 -48 ) (-120 0 -48 ) 
4 55 227 (0 0 -48 ) (0 0 0 ) (-96 0 0 ) (-96 0 -48 ) 
4 55 229 (-96 0 0 ) (-120 0 0 ) (-120 0 -48 ) (-96 0 -48 ) 
4 55 248 (-128 0 0 ) (-280 0 0 ) (-280 0 -48 ) (-128 0 -48 ) 
4 55 65 (0 0 -48 ) (-280 0 -48 ) (-280 152 -48 ) (0 152 -48 ) 
4 55 64 (-280 152 -48 ) (-280 160 -48 ) (-232 160 -48 ) (-232 152 -48 ) 
4 55 63 (-216 160 -48 ) (-200 160 -48 ) (-200 152 -48 ) (-216 152 -48 ) 
4 55 61 (-152 160 -48 ) (-136 160 -48 ) (-136 152 -48 ) (-152 152 -48 ) 
4 55 62 (-184 160 -48 ) (-168 160 -48 ) (-168 152 -48 ) (-184 152 -48 ) 
4 55 60 (-120 160 -48 ) (-104 160 -48 ) (-104 152 -48 ) (-120 152 -48 ) 
4 55 59 (-88 160 -48 ) (-72 160 -48 ) (-72 152 -48 ) (-88 152 -48 ) 
4 55 57 (-24 160 -48 ) (-8 160 -48 ) (-8 152 -48 ) (-24 152 -48 ) 
4 55 58 (-56 160 -48 ) (-40 160 -48 ) (-40 152 -48 ) (-56 152 -48 ) 
4 55 56 (-280 160 -48 ) (-280 0 -48 ) (-280 0 -8 ) (-280 160 -8 ) 
4 56 276 (-288 0 -8 ) (-288 0 -48 ) (-280 0 -48 ) (-280 0 -8 ) 
4 56 65 (-280 0 -48 ) (-288 0 -48 ) (-288 152 -48 ) (-280 152 -48 ) 
4 56 64 (-288 152 -48 ) (-288 160 -48 ) (-280 160 -48 ) (-280 152 -48 ) 
4 57 66 (-24 160 -64 ) (-8 160 -64 ) (-8 152 -64 ) (-24 152 -64 ) 
4 57 65 (-24 152 -64 ) (-8 152 -64 ) (-8 152 -48 ) (-24 152 -48 ) 
4 58 66 (-56 160 -64 ) (-40 160 -64 ) (-40 152 -64 ) (-56 152 -64 ) 
4 58 65 (-56 152 -64 ) (-40 152 -64 ) (-40 152 -48 ) (-56 152 -48 ) 
4 59 66 (-88 160 -64 ) (-72 160 -64 ) (-72 152 -64 ) (-88 152 -64 ) 
4 59 65 (-88 152 -64 ) (-72 152 -64 ) (-72 152 -48 ) (-88 152 -48 ) 
4 60 66 (-120 160 -64 ) (-104 160 -64 ) (-104 152 -64 ) (-120 152 -64 ) 
4 60 65 (-120 152 -64 ) (-104 152 -64 ) (-104 152 -48 ) (-120 152 -48 ) 
4 61 66 (-152 160 -64 ) (-136 160 -64 ) (-136 152 -64 ) (-152 152 -64 ) 
4 61 65 (-152 152 -64 ) (-136 152 -64 ) (-136 152 -48 ) (-152 152 -48 ) 
4 62 66 (-184 160 -64 ) (-168 160 -64 ) (-168 152 -64 ) (-184 152 -64 ) 
4 62 65 (-184 152 -64 ) (-168 152 -64 ) (-168 152 -48 ) (-184 152 -48 ) 
4 63 66 (-216 160 -64 ) (-200 160 -64 ) (-200 152 -64 ) (-216 152 -64 ) 
4 63 65 (-216 152 -64 ) (-200 152 -64 ) (-200 152 -48 ) (-216 152 -48 ) 
4 64 67 (-288 160 -64 ) (-280 160 -64 ) (-280 152 -64 ) (-288 152 -64 ) 
4 64 66 (-280 160 -64 ) (-232 160 -64 ) (-232 152 -64 ) (-280 152 -64 ) 
4 64 65 (-288 152 -64 ) (-232 152 -64 ) (-232 152 -48 ) (-288 152 -48 ) 
4 65 276 (-280 0 -48 ) (-288 0 -48 ) (-288 0 -64 ) (-280 0 -64 ) 
4 65 232 (-120 0 -48 ) (-128 0 -48 ) (-128 0 -64 ) (-120 0 -64 ) 
4 65 227 (0 0 -64 ) (0 0 -48 ) (-96 0 -48 ) (-96 0 -64 ) 
4 65 229 (-96 0 -48 ) (-120 0 -48 ) (-120 0 -64 ) (-96 0 -64 ) 
4 65 248 (-128 0 -48 ) (-280 0 -48 ) (-280 0 -64 ) (-128 0 -64 ) 
4 65 67 (-280 0 -64 ) (-288 0 -64 ) (-288 152 -64 ) (-280 152 -64 ) 
4 65 66 (0 152 -64 ) (0 0 -64 ) (-280 0 -64 ) (-280 152 -64 ) 
4 66 232 (-120 0 -64 ) (-128 0 -64 ) (-128 0 -224 ) (-120 0 -224 ) 
4 66 230 (0 0 -224 ) (0 0 -216 ) (-120 0 -216 ) (-120 0 -224 ) 
4 66 227 (0 0 -216 ) (0 0 -64 ) (-96 0 -64 ) (-96 0 -216 ) 
4 66 229 (-96 0 -64 ) (-120 0 -64 ) (-120 0 -216 ) (-96 0 -216 ) 
4 66 248 (-128 0 -64 ) (-280 0 -64 ) (-280 0 -224 ) (-128 0 -224 ) 
4 66 67 (-280 0 -216 ) (-280 0 -64 ) (-280 160 -64 ) (-280 160 -216 ) 
4 67 282 (-288 0 -192 ) (-288 0 -216 ) (-280 0 -216 ) (-280 0 -192 ) 
4 67 278 (-288 0 -176 ) (-288 0 -192 ) (-280 0 -192 ) (-280 0 -176 ) 
4 67 277 (-288 0 -168 ) (-288 0 -176 ) (-280 0 -176 ) (-280 0 -168 ) 
4 67 276 (-280 0 -64 ) (-288 0 -64 ) (-288 0 -168 ) (-280 0 -168 ) 
4 68 83 (216 -314 202 ) (216 -237 202 ) (217 -237 202 ) (217 -314 202 ) 
4 68 82 (216 -237 202 ) (216 -191 202 ) (217 -191 202 ) (217 -237 202 ) 
4 68 87 (217 -368 202 ) (216 -368 202 ) (216 -314 202 ) (217 -314 202 ) 
4 68 79 (217 -232 202 ) (217 -191 202 ) (221 -191 202 ) (221 -232 202 ) 
4 68 81 (221 -368 202 ) (217 -368 202 ) (217 -319 202 ) (221 -319 202 ) 
4 68 78 (224 -368 202 ) (221 -368 202 ) (221 -191 202 ) (224 -191 202 ) 
4 68 75 (216 -191 202 ) (216 -118 202 ) (224 -118 202 ) (224 -191 202 ) 
4 68 74 (216 -118 202 ) (216 -80 202 ) (224 -80 202 ) (224 -118 202 ) 
4 68 71 (221 0 202 ) (223 0 202 ) (223 -80 202 ) (221 -80 202 ) 
4 68 70 (223 0 202 ) (224 0 202 ) (224 -80 202 ) (223 -80 202 ) 
4 68 73 (216 -80 202 ) (216 0 202 ) (221 0 202 ) (221 -80 202 ) 
4 68 69 (216 0 202 ) (216 -368 202 ) (216 -368 248 ) (216 0 248 ) 
4 69 106 (209 -310 202 ) (209 -368 202 ) (209 -368 256 ) (209 -310 256 ) 
4 69 99 (209 -292 202 ) (209 -310 202 ) (209 -310 256 ) (209 -292 256 ) 
4 69 98 (209 -259 202 ) (209 -292 202 ) (209 -292 256 ) (209 -259 256 ) 
4 69 91 (209 -241 202 ) (209 -259 202 ) (209 -259 256 ) (209 -241 256 ) 
4 69 90 (209 0 256 ) (209 0 202 ) (209 -241 202 ) (209 -241 256 ) 
4 69 89 (209 -368 248 ) (209 -368 202 ) (216 -368 202 ) (216 -368 248 ) 
4 69 83 (209 -314 202 ) (209 -237 202 ) (216 -237 202 ) (216 -314 202 ) 
4 69 82 (209 -237 202 ) (209 -191 202 ) (216 -191 202 ) (216 -237 202 ) 
4 69 87 (216 -368 202 ) (209 -368 202 ) (209 -314 202 ) (216 -314 202 ) 
4 69 77 (209 -191 202 ) (209 -80 202 ) (216 -80 202 ) (216 -191 202 ) 
4 69 73 (209 -80 202 ) (209 0 202 ) (216 0 202 ) (216 -80 202 ) 
4 70 74 (223 -80 40 ) (224 -80 40 ) (224 -80 202 ) (223 -80 202 ) 
4 70 71 (223 -80 152 ) (223 -80 202 ) (223 0 202 ) (223 0 152 ) 
4 70 72 (223 0 40 ) (223 -80 40 ) (223 -80 80 ) (223 0 80 ) 
4 71 74 (223 -80 152 ) (223 -80 202 ) (221 -80 202 ) (221 -80 152 ) 
4 71 73 (221 -80 152 ) (221 -80 202 ) (221 0 202 ) (221 0 152 ) 
4 72 74 (221 -80 40 ) (223 -80 40 ) (223 -80 80 ) (221 -80 80 ) 
4 72 73 (221 0 40 ) (221 -80 40 ) (221 -80 80 ) (221 0 80 ) 
4 73 90 (209 0 202 ) (209 0 40 ) (209 -80 40 ) (209 -80 202 ) 
4 73 88 (209 -80 40 ) (209 0 40 ) (216 0 40 ) (216 -80 40 ) 
4 73 74 (216 -80 40 ) (221 -80 40 ) (221 -80 202 ) (216 -80 202 ) 
4 73 77 (209 -80 40 ) (216 -80 40 ) (216 -80 202 ) (209 -80 202 ) 
4 74 75 (216 -118 202 ) (216 -118 156 ) (224 -118 156 ) (224 -118 202 ) 
4 74 76 (216 -118 81 ) (216 -118 40 ) (224 -118 40 ) (224 -118 81 ) 
4 74 77 (216 -80 202 ) (216 -80 40 ) (216 -118 40 ) (216 -118 202 ) 
4 75 82 (217 -191 202 ) (216 -191 202 ) (216 -191 156 ) (217 -191 156 ) 
4 75 79 (221 -191 202 ) (217 -191 202 ) (217 -191 156 ) (221 -191 156 ) 
4 75 78 (224 -191 156 ) (224 -191 202 ) (221 -191 202 ) (221 -191 156 ) 
4 75 77 (216 -191 156 ) (216 -191 202 ) (216 -118 202 ) (216 -118 156 ) 
4 76 82 (216 -191 40 ) (217 -191 40 ) (217 -191 81 ) (216 -191 81 ) 
4 76 79 (217 -191 40 ) (221 -191 40 ) (221 -191 81 ) (217 -191 81 ) 
4 76 78 (221 -191 40 ) (224 -191 40 ) (224 -191 81 ) (221 -191 81 ) 
4 76 77 (216 -118 40 ) (216 -191 40 ) (216 -191 81 ) (216 -118 81 ) 
4 77 90 (209 -80 40 ) (209 -191 40 ) (209 -191 202 ) (209 -80 202 ) 
4 77 88 (209 -191 40 ) (209 -80 40 ) (216 -80 40 ) (216 -191 40 ) 
4 77 82 (209 -191 40 ) (216 -191 40 ) (216 -191 202 ) (209 -191 202 ) 
4 78 80 (221 -232 40 ) (221 -319 40 ) (221 -319 58 ) (221 -232 58 ) 
4 78 79 (221 -191 202 ) (221 -191 40 ) (221 -232 40 ) (221 -232 202 ) 
4 78 81 (221 -319 40 ) (221 -368 40 ) (221 -368 202 ) (221 -319 202 ) 
4 79 82 (217 -191 202 ) (217 -191 40 ) (217 -232 40 ) (217 -232 202 ) 
4 79 80 (217 -232 58 ) (217 -232 40 ) (221 -232 40 ) (221 -232 58 ) 
4 80 86 (217 -237 40 ) (217 -314 40 ) (217 -314 58 ) (217 -237 58 ) 
4 80 82 (217 -232 40 ) (217 -237 40 ) (217 -237 58 ) (217 -232 58 ) 
4 80 87 (217 -314 40 ) (217 -319 40 ) (217 -319 58 ) (217 -314 58 ) 
4 80 81 (217 -319 58 ) (217 -319 40 ) (221 -319 40 ) (221 -319 58 ) 
4 81 87 (217 -319 40 ) (217 -368 40 ) (217 -368 202 ) (217 -319 202 ) 
4 82 90 (209 -191 40 ) (209 -237 40 ) (209 -237 202 ) (209 -191 202 ) 
4 82 88 (209 -237 40 ) (209 -191 40 ) (216 -191 40 ) (216 -237 40 ) 
4 82 86 (209 -237 40 ) (217 -237 40 ) (217 -237 63 ) (209 -237 63 ) 
4 82 84 (217 -237 125 ) (217 -237 135 ) (209 -237 135 ) (209 -237 125 ) 
4 82 85 (217 -237 89 ) (217 -237 99 ) (209 -237 99 ) (209 -237 89 ) 
4 82 83 (217 -237 161 ) (217 -237 202 ) (209 -237 202 ) (209 -237 161 ) 
4 83 106 (209 -314 161 ) (209 -314 202 ) (209 -310 202 ) (209 -310 161 ) 
4 83 99 (209 -310 202 ) (209 -292 202 ) (209 -292 161 ) (209 -310 161 ) 
4 83 98 (209 -292 202 ) (209 -259 202 ) (209 -259 161 ) (209 -292 161 ) 
4 83 91 (209 -259 202 ) (209 -241 202 ) (209 -241 161 ) (209 -259 161 ) 
4 83 90 (209 -241 202 ) (209 -237 202 ) (209 -237 161 ) (209 -241 161 ) 
4 83 87 (217 -314 161 ) (217 -314 202 ) (209 -314 202 ) (209 -314 161 ) 
4 84 106 (209 -314 125 ) (209 -314 135 ) (209 -310 135 ) (209 -310 125 ) 
4 84 101 (209 -310 135 ) (209 -292 135 ) (209 -292 125 ) (209 -310 125 ) 
4 84 98 (209 -292 135 ) (209 -259 135 ) (209 -259 125 ) (209 -292 125 ) 
4 84 93 (209 -259 135 ) (209 -241 135 ) (209 -241 125 ) (209 -259 125 ) 
4 84 90 (209 -241 135 ) (209 -237 135 ) (209 -237 125 ) (209 -241 125 ) 
4 84 87 (217 -314 125 ) (217 -314 135 ) (209 -314 135 ) (209 -314 125 ) 
4 85 106 (209 -314 89 ) (209 -314 99 ) (209 -310 99 ) (209 -310 89 ) 
4 85 103 (209 -310 99 ) (209 -292 99 ) (209 -292 89 ) (209 -310 89 ) 
4 85 98 (209 -292 99 ) (209 -259 99 ) (209 -259 89 ) (209 -292 89 ) 
4 85 95 (209 -259 99 ) (209 -241 99 ) (209 -241 89 ) (209 -259 89 ) 
4 85 90 (209 -241 99 ) (209 -237 99 ) (209 -237 89 ) (209 -241 89 ) 
4 85 87 (217 -314 89 ) (217 -314 99 ) (209 -314 99 ) (209 -314 89 ) 
4 86 106 (209 -310 40 ) (209 -314 40 ) (209 -314 63 ) (209 -310 63 ) 
4 86 105 (209 -292 40 ) (209 -310 40 ) (209 -310 63 ) (209 -292 63 ) 
4 86 98 (209 -259 40 ) (209 -292 40 ) (209 -292 63 ) (209 -259 63 ) 
4 86 97 (209 -241 40 ) (209 -259 40 ) (209 -259 63 ) (209 -241 63 ) 
4 86 90 (209 -237 40 ) (209 -241 40 ) (209 -241 63 ) (209 -237 63 ) 
4 86 88 (209 -314 40 ) (209 -237 40 ) (216 -237 40 ) (216 -314 40 ) 
4 86 87 (209 -314 40 ) (217 -314 40 ) (217 -314 63 ) (209 -314 63 ) 
4 87 106 (209 -314 40 ) (209 -368 40 ) (209 -368 202 ) (209 -314 202 ) 
4 87 89 (216 -368 202 ) (209 -368 202 ) (209 -368 40 ) (216 -368 40 ) 
4 87 88 (216 -368 40 ) (209 -368 40 ) (209 -314 40 ) (216 -314 40 ) 
4 88 106 (209 -310 32 ) (209 -368 32 ) (209 -368 40 ) (209 -310 40 ) 
4 88 105 (209 -292 32 ) (209 -310 32 ) (209 -310 40 ) (209 -292 40 ) 
4 88 98 (209 -259 32 ) (209 -292 32 ) (209 -292 40 ) (209 -259 40 ) 
4 88 97 (209 -241 32 ) (209 -259 32 ) (209 -259 40 ) (209 -241 40 ) 
4 88 90 (209 0 40 ) (209 0 32 ) (209 -241 32 ) (209 -241 40 ) 
4 89 107 (209 -376 40 ) (209 -376 248 ) (209 -368 248 ) (209 -368 40 ) 
4 90 128 (208 -240 32 ) (208 -241 32 ) (208 -241 40 ) (208 -240 40 ) 
4 90 124 (208 -241 40 ) (208 -241 248 ) (208 -240 248 ) (208 -240 40 ) 
4 90 123 (208 -241 248 ) (208 -241 256 ) (208 -240 256 ) (208 -240 248 ) 
4 90 117 (208 -232 32 ) (208 -240 32 ) (208 -240 256 ) (208 -232 256 ) 
4 90 113 (208 -72 32 ) (208 -232 32 ) (208 -232 256 ) (208 -72 256 ) 
4 90 109 (208 0 32 ) (208 -72 32 ) (208 -72 256 ) (208 0 256 ) 
4 90 97 (208 -241 67 ) (208 -241 32 ) (209 -241 32 ) (209 -241 67 ) 
4 90 95 (208 -241 103 ) (208 -241 85 ) (209 -241 85 ) (209 -241 103 ) 
4 90 93 (208 -241 139 ) (208 -241 121 ) (209 -241 121 ) (209 -241 139 ) 
4 90 91 (208 -241 256 ) (208 -241 157 ) (209 -241 157 ) (209 -241 256 ) 
4 91 124 (208 -259 157 ) (208 -259 248 ) (208 -241 248 ) (208 -241 157 ) 
4 91 123 (208 -259 248 ) (208 -259 256 ) (208 -241 256 ) (208 -241 248 ) 
4 91 98 (208 -259 256 ) (208 -259 157 ) (209 -259 157 ) (209 -259 256 ) 
4 92 124 (208 -258 156 ) (208 -242 156 ) (208 -242 140 ) (208 -258 140 ) 
4 93 124 (208 -259 121 ) (208 -259 139 ) (208 -241 139 ) (208 -241 121 ) 
4 93 98 (208 -259 139 ) (208 -259 121 ) (209 -259 121 ) (209 -259 139 ) 
4 94 124 (208 -258 120 ) (208 -242 120 ) (208 -242 104 ) (208 -258 104 ) 
4 95 124 (208 -259 85 ) (208 -259 103 ) (208 -241 103 ) (208 -241 85 ) 
4 95 98 (208 -259 103 ) (208 -259 85 ) (209 -259 85 ) (209 -259 103 ) 
4 96 124 (208 -258 84 ) (208 -242 84 ) (208 -242 68 ) (208 -258 68 ) 
4 97 128 (208 -241 32 ) (208 -259 32 ) (208 -259 40 ) (208 -241 40 ) 
4 97 124 (208 -259 40 ) (208 -259 67 ) (208 -241 67 ) (208 -241 40 ) 
4 97 98 (208 -259 67 ) (208 -259 32 ) (209 -259 32 ) (209 -259 67 ) 
4 98 128 (208 -259 32 ) (208 -292 32 ) (208 -292 40 ) (208 -259 40 ) 
4 98 124 (208 -292 40 ) (208 -292 248 ) (208 -259 248 ) (208 -259 40 ) 
4 98 123 (208 -292 248 ) (208 -292 256 ) (208 -259 256 ) (208 -259 248 ) 
4 98 105 (208 -292 67 ) (208 -292 32 ) (209 -292 32 ) (209 -292 67 ) 
4 98 103 (208 -292 103 ) (208 -292 85 ) (209 -292 85 ) (209 -292 103 ) 
4 98 101 (208 -292 139 ) (208 -292 121 ) (209 -292 121 ) (209 -292 139 ) 
4 98 99 (208 -292 256 ) (208 -292 157 ) (209 -292 157 ) (209 -292 256 ) 
4 99 124 (208 -310 157 ) (208 -310 248 ) (208 -292 248 ) (208 -292 157 ) 
4 99 123 (208 -310 248 ) (208 -310 256 ) (208 -292 256 ) (208 -292 248 ) 
4 99 106 (208 -310 256 ) (208 -310 157 ) (209 -310 157 ) (209 -310 256 ) 
4 100 124 (208 -309 156 ) (208 -293 156 ) (208 -293 140 ) (208 -309 140 ) 
4 101 124 (208 -310 121 ) (208 -310 139 ) (208 -292 139 ) (208 -292 121 ) 
4 101 106 (208 -310 139 ) (208 -310 121 ) (209 -310 121 ) (209 -310 139 ) 
4 102 124 (208 -309 120 ) (208 -293 120 ) (208 -293 104 ) (208 -309 104 ) 
4 103 124 (208 -310 85 ) (208 -310 103 ) (208 -292 103 ) (208 -292 85 ) 
4 103 106 (208 -310 103 ) (208 -310 85 ) (209 -310 85 ) (209 -310 103 ) 
4 104 124 (208 -309 84 ) (208 -293 84 ) (208 -293 68 ) (208 -309 68 ) 
4 105 128 (208 -292 32 ) (208 -310 32 ) (208 -310 40 ) (208 -292 40 ) 
4 105 124 (208 -310 40 ) (208 -310 67 ) (208 -292 67 ) (208 -292 40 ) 
4 105 106 (208 -310 67 ) (208 -310 32 ) (209 -310 32 ) (209 -310 67 ) 
4 106 128 (208 -310 32 ) (208 -368 32 ) (208 -368 40 ) (208 -310 40 ) 
4 106 124 (208 -368 40 ) (208 -368 248 ) (208 -310 248 ) (208 -310 40 ) 
4 106 123 (208 -368 248 ) (208 -368 256 ) (208 -310 256 ) (208 -310 248 ) 
4 106 107 (209 -368 40 ) (209 -368 248 ) (208 -368 248 ) (208 -368 40 ) 
4 107 129 (208 -376 40 ) (208 -376 248 ) (208 -372 248 ) (208 -372 40 ) 
4 107 124 (208 -372 248 ) (208 -368 248 ) (208 -368 40 ) (208 -372 40 ) 
4 108 193 (0 0 264 ) (0 0 256 ) (0 -248 256 ) (0 -248 264 ) 
4 108 123 (0 -248 256 ) (0 -240 256 ) (88 -240 256 ) (88 -248 256 ) 
4 108 120 (0 -238 256 ) (0 -234 256 ) (88 -234 256 ) (88 -238 256 ) 
4 108 119 (0 -234 256 ) (0 -232 256 ) (88 -232 256 ) (88 -234 256 ) 
4 108 122 (0 -240 256 ) (0 -238 256 ) (88 -238 256 ) (88 -240 256 ) 
4 108 116 (0 -232 256 ) (0 -72 256 ) (88 -72 256 ) (88 -232 256 ) 
4 108 112 (0 -72 256 ) (0 0 256 ) (88 0 256 ) (88 -72 256 ) 
4 109 113 (96 -72 32 ) (208 -72 32 ) (208 -72 256 ) (96 -72 256 ) 
4 109 111 (96 -72 80 ) (96 -72 256 ) (96 -64 256 ) (96 -64 80 ) 
4 109 110 (96 0 32 ) (96 -64 32 ) (96 -64 256 ) (96 0 256 ) 
4 110 111 (88 -64 256 ) (88 -64 80 ) (96 -64 80 ) (96 -64 256 ) 
4 110 112 (88 0 32 ) (88 -64 32 ) (88 -64 256 ) (88 0 256 ) 
4 111 114 (94 -72 256 ) (90 -72 256 ) (90 -72 80 ) (94 -72 80 ) 
4 111 113 (96 -72 80 ) (96 -72 256 ) (94 -72 256 ) (94 -72 80 ) 
4 111 116 (90 -72 256 ) (88 -72 256 ) (88 -72 80 ) (90 -72 80 ) 
4 111 112 (88 -72 80 ) (88 -72 256 ) (88 -64 256 ) (88 -64 80 ) 
4 112 194 (0 0 256 ) (0 0 32 ) (0 -72 32 ) (0 -72 256 ) 
4 112 116 (0 -72 32 ) (88 -72 32 ) (88 -72 256 ) (0 -72 256 ) 
4 113 118 (96 -232 80 ) (96 -232 256 ) (94 -232 256 ) (94 -232 80 ) 
4 113 117 (96 -232 32 ) (208 -232 32 ) (208 -232 256 ) (96 -232 256 ) 
4 113 114 (94 -72 256 ) (94 -72 72 ) (94 -232 72 ) (94 -232 256 ) 
4 113 115 (94 -72 68 ) (94 -72 32 ) (94 -232 32 ) (94 -232 68 ) 
4 114 118 (94 -232 80 ) (94 -232 256 ) (90 -232 256 ) (90 -232 80 ) 
4 114 116 (90 -72 256 ) (90 -72 72 ) (90 -232 72 ) (90 -232 256 ) 
4 115 116 (90 -72 68 ) (90 -72 32 ) (90 -232 32 ) (90 -232 68 ) 
4 116 198 (0 -72 32 ) (0 -232 32 ) (0 -232 256 ) (0 -72 256 ) 
4 116 157 (0 -232 32 ) (0 -72 32 ) (88 -72 32 ) (88 -232 32 ) 
4 116 119 (0 -232 32 ) (88 -232 32 ) (88 -232 256 ) (0 -232 256 ) 
4 116 118 (90 -232 80 ) (90 -232 256 ) (88 -232 256 ) (88 -232 80 ) 
4 117 128 (96 -240 32 ) (208 -240 32 ) (208 -240 40 ) (96 -240 40 ) 
4 117 124 (208 -240 40 ) (208 -240 248 ) (96 -240 248 ) (96 -240 40 ) 
4 117 123 (208 -240 248 ) (208 -240 256 ) (96 -240 256 ) (96 -240 248 ) 
4 117 118 (96 -232 256 ) (96 -232 80 ) (96 -240 80 ) (96 -240 256 ) 
4 118 124 (96 -240 80 ) (96 -240 248 ) (88 -240 248 ) (88 -240 80 ) 
4 118 123 (96 -240 248 ) (96 -240 256 ) (88 -240 256 ) (88 -240 248 ) 
4 118 120 (88 -234 80 ) (88 -238 80 ) (88 -238 256 ) (88 -234 256 ) 
4 118 119 (88 -232 256 ) (88 -232 80 ) (88 -234 80 ) (88 -234 256 ) 
4 118 122 (88 -238 80 ) (88 -240 80 ) (88 -240 256 ) (88 -238 256 ) 
4 119 205 (0 -232 32 ) (0 -234 32 ) (0 -234 256 ) (0 -232 256 ) 
4 119 120 (88 -234 72 ) (88 -234 256 ) (0 -234 256 ) (0 -234 72 ) 
4 119 121 (0 -234 32 ) (88 -234 32 ) (88 -234 68 ) (0 -234 68 ) 
4 120 206 (0 -238 72 ) (0 -238 256 ) (0 -234 256 ) (0 -234 72 ) 
4 120 122 (88 -238 72 ) (88 -238 256 ) (0 -238 256 ) (0 -238 72 ) 
4 121 207 (0 -234 32 ) (0 -238 32 ) (0 -238 68 ) (0 -234 68 ) 
4 121 122 (0 -238 32 ) (88 -238 32 ) (88 -238 68 ) (0 -238 68 ) 
4 122 208 (0 -238 32 ) (0 -240 32 ) (0 -240 256 ) (0 -238 256 ) 
4 122 128 (0 -240 32 ) (88 -240 32 ) (88 -240 40 ) (0 -240 40 ) 
4 122 125 (22 -240 248 ) (0 -240 248 ) (0 -240 40 ) (22 -240 40 ) 
4 122 124 (88 -240 40 ) (88 -240 248 ) (22 -240 248 ) (22 -240 40 ) 
4 122 123 (88 -240 248 ) (88 -240 256 ) (0 -240 256 ) (0 -240 248 ) 
4 123 209 (0 -368 256 ) (0 -367 256 ) (0 -367 248 ) (0 -368 248 ) 
4 123 208 (0 -367 256 ) (0 -240 256 ) (0 -240 248 ) (0 -367 248 ) 
4 123 126 (0 -368 248 ) (0 -367 248 ) (22 -367 248 ) (22 -368 248 ) 
4 123 125 (0 -367 248 ) (0 -240 248 ) (22 -240 248 ) (22 -367 248 ) 
4 123 124 (22 -240 248 ) (208 -240 248 ) (208 -368 248 ) (22 -368 248 ) 
4 124 130 (156 -372 248 ) (68 -372 248 ) (68 -372 144 ) (156 -372 144 ) 
4 124 131 (68 -372 72 ) (68 -372 40 ) (156 -372 40 ) (156 -372 72 ) 
4 124 129 (208 -372 40 ) (208 -372 248 ) (156 -372 248 ) (156 -372 40 ) 
4 124 133 (68 -372 248 ) (22 -372 248 ) (22 -372 40 ) (68 -372 40 ) 
4 124 128 (22 -368 40 ) (22 -240 40 ) (208 -240 40 ) (208 -368 40 ) 
4 124 126 (22 -372 163 ) (22 -372 248 ) (22 -367 248 ) (22 -367 163 ) 
4 124 127 (22 -367 40 ) (22 -372 40 ) (22 -372 56 ) (22 -367 56 ) 
4 124 125 (22 -240 40 ) (22 -367 40 ) (22 -367 248 ) (22 -240 248 ) 
4 125 208 (0 -367 248 ) (0 -240 248 ) (0 -240 40 ) (0 -367 40 ) 
4 125 128 (0 -367 40 ) (0 -240 40 ) (22 -240 40 ) (22 -367 40 ) 
4 125 126 (22 -367 163 ) (22 -367 248 ) (0 -367 248 ) (0 -367 163 ) 
4 125 127 (0 -367 40 ) (22 -367 40 ) (22 -367 56 ) (0 -367 56 ) 
4 126 215 (0 -372 163 ) (0 -372 248 ) (0 -368 248 ) (0 -368 163 ) 
4 126 209 (0 -368 248 ) (0 -367 248 ) (0 -367 163 ) (0 -368 163 ) 
4 126 133 (22 -372 248 ) (0 -372 248 ) (0 -372 163 ) (22 -372 163 ) 
4 127 216 (0 -372 40 ) (0 -372 56 ) (0 -368 56 ) (0 -368 40 ) 
4 127 210 (0 -368 56 ) (0 -367 56 ) (0 -367 40 ) (0 -368 40 ) 
4 127 133 (0 -372 56 ) (0 -372 40 ) (22 -372 40 ) (22 -372 56 ) 
4 127 128 (0 -368 40 ) (0 -367 40 ) (22 -367 40 ) (22 -368 40 ) 
4 128 210 (0 -367 32 ) (0 -368 32 ) (0 -368 40 ) (0 -367 40 ) 
4 128 208 (0 -240 32 ) (0 -367 32 ) (0 -367 40 ) (0 -240 40 ) 
4 129 130 (156 -372 248 ) (156 -372 144 ) (156 -374 144 ) (156 -374 248 ) 
4 129 131 (156 -372 72 ) (156 -372 40 ) (156 -374 40 ) (156 -374 72 ) 
4 129 132 (156 -374 40 ) (156 -376 40 ) (156 -376 248 ) (156 -374 248 ) 
4 130 133 (68 -372 248 ) (68 -372 144 ) (68 -374 144 ) (68 -374 248 ) 
4 130 132 (68 -374 248 ) (68 -374 144 ) (156 -374 144 ) (156 -374 248 ) 
4 131 132 (68 -374 72 ) (68 -374 40 ) (156 -374 40 ) (156 -374 72 ) 
4 131 133 (68 -372 72 ) (68 -372 40 ) (68 -374 40 ) (68 -374 72 ) 
4 132 133 (68 -374 40 ) (68 -376 40 ) (68 -376 248 ) (68 -374 248 ) 
4 133 217 (0 -376 40 ) (0 -376 163 ) (0 -372 163 ) (0 -372 40 ) 
4 133 215 (0 -376 163 ) (0 -376 248 ) (0 -372 248 ) (0 -372 163 ) 
4 134 158 (216 0 -8 ) (216 0 -168 ) (216 -168 -168 ) (216 -168 -8 ) 
4 134 151 (224 -168 -160 ) (224 -168 -144 ) (216 -168 -144 ) (216 -168 -160 ) 
4 134 149 (224 -168 -144 ) (224 -168 -136 ) (216 -168 -136 ) (216 -168 -144 ) 
4 134 147 (224 -168 -136 ) (224 -168 -8 ) (216 -168 -8 ) (216 -168 -136 ) 
4 134 135 (216 -152 -168 ) (216 0 -168 ) (224 0 -168 ) (224 -152 -168 ) 
4 135 158 (216 0 -168 ) (216 0 -176 ) (216 -152 -176 ) (216 -152 -168 ) 
4 135 137 (216 -136 -176 ) (216 -120 -176 ) (224 -120 -176 ) (224 -136 -176 ) 
4 135 136 (216 -120 -176 ) (216 0 -176 ) (224 0 -176 ) (224 -120 -176 ) 
4 136 158 (216 0 -176 ) (216 0 -192 ) (216 -120 -192 ) (216 -120 -176 ) 
4 136 143 (216 -104 -192 ) (216 -88 -192 ) (224 -88 -192 ) (224 -104 -192 ) 
4 136 141 (216 -88 -192 ) (216 -72 -192 ) (224 -72 -192 ) (224 -88 -192 ) 
4 136 140 (216 -72 -192 ) (216 0 -192 ) (224 0 -192 ) (224 -72 -192 ) 
4 136 137 (224 -120 -184 ) (224 -120 -176 ) (216 -120 -176 ) (216 -120 -184 ) 
4 137 158 (216 -136 -184 ) (216 -136 -176 ) (216 -120 -176 ) (216 -120 -184 ) 
4 138 158 (216 -136 -192 ) (216 -152 -192 ) (216 -152 -184 ) (216 -136 -184 ) 
4 138 146 (216 -152 -192 ) (216 -136 -192 ) (224 -136 -192 ) (224 -152 -192 ) 
4 138 139 (216 -152 -192 ) (224 -152 -192 ) (224 -152 -184 ) (216 -152 -184 ) 
4 139 158 (216 -152 -192 ) (216 -168 -192 ) (216 -168 -176 ) (216 -152 -176 ) 
4 139 152 (224 -168 -192 ) (224 -168 -176 ) (216 -168 -176 ) (216 -168 -192 ) 
4 139 146 (224 -168 -192 ) (216 -168 -192 ) (216 -152 -192 ) (224 -152 -192 ) 
4 140 158 (216 0 -192 ) (216 0 -216 ) (216 -72 -216 ) (216 -72 -192 ) 
4 140 141 (224 -72 -208 ) (224 -72 -192 ) (216 -72 -192 ) (216 -72 -208 ) 
4 141 158 (216 -88 -208 ) (216 -88 -192 ) (216 -72 -192 ) (216 -72 -208 ) 
4 141 143 (224 -88 -200 ) (224 -88 -192 ) (216 -88 -192 ) (216 -88 -200 ) 
4 142 158 (216 -72 -224 ) (216 -88 -224 ) (216 -88 -216 ) (216 -72 -216 ) 
4 142 144 (216 -88 -224 ) (224 -88 -224 ) (224 -88 -216 ) (216 -88 -216 ) 
4 143 158 (216 -104 -200 ) (216 -104 -192 ) (216 -88 -192 ) (216 -88 -200 ) 
4 144 158 (216 -88 -224 ) (216 -104 -224 ) (216 -104 -208 ) (216 -88 -208 ) 
4 144 145 (216 -104 -224 ) (224 -104 -224 ) (224 -104 -208 ) (216 -104 -208 ) 
4 145 158 (216 -104 -224 ) (216 -120 -224 ) (216 -120 -200 ) (216 -104 -200 ) 
4 145 146 (216 -120 -224 ) (224 -120 -224 ) (224 -120 -200 ) (216 -120 -200 ) 
4 146 158 (216 -120 -224 ) (216 -168 -224 ) (216 -168 -192 ) (216 -120 -192 ) 
4 146 152 (216 -168 -224 ) (224 -168 -224 ) (224 -168 -192 ) (216 -168 -192 ) 
4 147 180 (216 -232 -8 ) (216 -184 -8 ) (216 -184 -136 ) (216 -232 -136 ) 
4 147 158 (216 -184 -8 ) (216 -168 -8 ) (216 -168 -136 ) (216 -184 -136 ) 
4 147 149 (216 -216 -136 ) (216 -168 -136 ) (224 -168 -136 ) (224 -216 -136 ) 
4 147 148 (224 -232 -128 ) (224 -232 -8 ) (216 -232 -8 ) (216 -232 -128 ) 
4 148 180 (216 -368 -128 ) (216 -368 -8 ) (216 -232 -8 ) (216 -232 -128 ) 
4 149 180 (216 -216 -136 ) (216 -184 -136 ) (216 -184 -144 ) (216 -216 -144 ) 
4 149 158 (216 -184 -136 ) (216 -168 -136 ) (216 -168 -144 ) (216 -184 -144 ) 
4 149 153 (216 -200 -144 ) (216 -184 -144 ) (224 -184 -144 ) (224 -200 -144 ) 
4 149 151 (216 -184 -144 ) (216 -168 -144 ) (224 -168 -144 ) (224 -184 -144 ) 
4 150 180 (216 -368 -144 ) (216 -368 -136 ) (216 -232 -136 ) (216 -232 -144 ) 
4 150 156 (224 -368 -144 ) (216 -368 -144 ) (216 -232 -144 ) (224 -232 -144 ) 
4 151 158 (216 -184 -160 ) (216 -184 -144 ) (216 -168 -144 ) (216 -168 -160 ) 
4 151 153 (224 -184 -152 ) (224 -184 -144 ) (216 -184 -144 ) (216 -184 -152 ) 
4 152 158 (216 -168 -224 ) (216 -184 -224 ) (216 -184 -168 ) (216 -168 -168 ) 
4 152 154 (216 -184 -224 ) (224 -184 -224 ) (224 -184 -168 ) (216 -184 -168 ) 
4 153 180 (216 -200 -152 ) (216 -200 -144 ) (216 -184 -144 ) (216 -184 -152 ) 
4 154 180 (216 -184 -224 ) (216 -200 -224 ) (216 -200 -160 ) (216 -184 -160 ) 
4 154 155 (216 -200 -224 ) (224 -200 -224 ) (224 -200 -160 ) (216 -200 -160 ) 
4 155 180 (216 -200 -224 ) (216 -216 -224 ) (216 -216 -152 ) (216 -200 -152 ) 
4 155 156 (216 -216 -224 ) (224 -216 -224 ) (224 -216 -152 ) (216 -216 -152 ) 
4 156 180 (216 -216 -224 ) (216 -368 -224 ) (216 -368 -144 ) (216 -216 -144 ) 
4 157 226 (0 -72 0 ) (0 -232 0 ) (0 -232 32 ) (0 -72 32 ) 
4 157 189 (88 -224 0 ) (88 -232 0 ) (0 -232 0 ) (0 -224 0 ) 
4 157 188 (88 -184 0 ) (88 -224 0 ) (0 -224 0 ) (0 -184 0 ) 
4 157 177 (64 -184 0 ) (0 -184 0 ) (0 -72 0 ) (64 -72 0 ) 
4 157 175 (88 -72 0 ) (88 -184 0 ) (64 -184 0 ) (64 -72 0 ) 
4 158 180 (96 -184 -224 ) (216 -184 -224 ) (216 -184 0 ) (96 -184 0 ) 
4 158 173 (96 -184 -160 ) (96 -184 0 ) (96 -168 0 ) (96 -168 -160 ) 
4 158 174 (96 -168 -224 ) (96 -184 -224 ) (96 -184 -168 ) (96 -168 -168 ) 
4 158 171 (96 -168 -168 ) (96 -168 0 ) (96 -152 0 ) (96 -152 -168 ) 
4 158 172 (96 -152 -224 ) (96 -168 -224 ) (96 -168 -176 ) (96 -152 -176 ) 
4 158 169 (96 -152 -176 ) (96 -152 0 ) (96 -136 0 ) (96 -136 -176 ) 
4 158 170 (96 -136 -224 ) (96 -152 -224 ) (96 -152 -184 ) (96 -136 -184 ) 
4 158 167 (96 -136 -184 ) (96 -136 0 ) (96 -120 0 ) (96 -120 -184 ) 
4 158 168 (96 -120 -224 ) (96 -136 -224 ) (96 -136 -192 ) (96 -120 -192 ) 
4 158 165 (96 -120 -192 ) (96 -120 0 ) (96 -104 0 ) (96 -104 -192 ) 
4 158 166 (96 -104 -224 ) (96 -120 -224 ) (96 -120 -200 ) (96 -104 -200 ) 
4 158 163 (96 -104 -200 ) (96 -104 0 ) (96 -88 0 ) (96 -88 -200 ) 
4 158 164 (96 -88 -224 ) (96 -104 -224 ) (96 -104 -208 ) (96 -88 -208 ) 
4 158 161 (96 -88 -208 ) (96 -88 0 ) (96 -72 0 ) (96 -72 -208 ) 
4 158 162 (96 -72 -224 ) (96 -88 -224 ) (96 -88 -216 ) (96 -72 -216 ) 
4 158 160 (96 -72 -216 ) (96 -72 0 ) (96 -64 0 ) (96 -64 -216 ) 
4 158 159 (96 0 -224 ) (96 -64 -224 ) (96 -64 0 ) (96 0 0 ) 
4 159 178 (88 0 -224 ) (88 -64 -224 ) (88 -64 -216 ) (88 0 -216 ) 
4 159 175 (88 -64 -216 ) (88 -64 0 ) (88 0 0 ) (88 0 -216 ) 
4 159 160 (88 -64 0 ) (88 -64 -216 ) (96 -64 -216 ) (96 -64 0 ) 
4 160 175 (88 -72 -216 ) (88 -72 0 ) (88 -64 0 ) (88 -64 -216 ) 
4 160 161 (88 -72 0 ) (88 -72 -208 ) (96 -72 -208 ) (96 -72 0 ) 
4 161 175 (88 -88 -208 ) (88 -88 0 ) (88 -72 0 ) (88 -72 -208 ) 
4 161 163 (88 -88 0 ) (88 -88 -200 ) (96 -88 -200 ) (96 -88 0 ) 
4 162 179 (88 -72 -224 ) (88 -88 -224 ) (88 -88 -216 ) (88 -72 -216 ) 
4 162 164 (88 -88 -216 ) (88 -88 -224 ) (96 -88 -224 ) (96 -88 -216 ) 
4 163 175 (88 -104 -200 ) (88 -104 0 ) (88 -88 0 ) (88 -88 -200 ) 
4 163 165 (88 -104 0 ) (88 -104 -192 ) (96 -104 -192 ) (96 -104 0 ) 
4 164 179 (88 -88 -224 ) (88 -104 -224 ) (88 -104 -216 ) (88 -88 -216 ) 
4 164 175 (88 -104 -216 ) (88 -104 -208 ) (88 -88 -208 ) (88 -88 -216 ) 
4 164 166 (88 -104 -208 ) (88 -104 -224 ) (96 -104 -224 ) (96 -104 -208 ) 
4 165 175 (88 -120 -192 ) (88 -120 0 ) (88 -104 0 ) (88 -104 -192 ) 
4 165 167 (88 -120 0 ) (88 -120 -184 ) (96 -120 -184 ) (96 -120 0 ) 
4 166 179 (88 -104 -224 ) (88 -120 -224 ) (88 -120 -216 ) (88 -104 -216 ) 
4 166 175 (88 -120 -216 ) (88 -120 -200 ) (88 -104 -200 ) (88 -104 -216 ) 
4 166 168 (88 -120 -200 ) (88 -120 -224 ) (96 -120 -224 ) (96 -120 -200 ) 
4 167 175 (88 -136 -184 ) (88 -136 0 ) (88 -120 0 ) (88 -120 -184 ) 
4 167 169 (88 -136 0 ) (88 -136 -176 ) (96 -136 -176 ) (96 -136 0 ) 
4 168 179 (88 -120 -224 ) (88 -136 -224 ) (88 -136 -216 ) (88 -120 -216 ) 
4 168 175 (88 -136 -216 ) (88 -136 -192 ) (88 -120 -192 ) (88 -120 -216 ) 
4 168 170 (88 -136 -192 ) (88 -136 -224 ) (96 -136 -224 ) (96 -136 -192 ) 
4 169 175 (88 -152 -176 ) (88 -152 0 ) (88 -136 0 ) (88 -136 -176 ) 
4 169 171 (88 -152 0 ) (88 -152 -168 ) (96 -152 -168 ) (96 -152 0 ) 
4 170 179 (88 -136 -224 ) (88 -152 -224 ) (88 -152 -216 ) (88 -136 -216 ) 
4 170 175 (88 -152 -216 ) (88 -152 -184 ) (88 -136 -184 ) (88 -136 -216 ) 
4 170 172 (88 -152 -184 ) (88 -152 -224 ) (96 -152 -224 ) (96 -152 -184 ) 
4 171 175 (88 -168 -168 ) (88 -168 0 ) (88 -152 0 ) (88 -152 -168 ) 
4 171 173 (88 -168 0 ) (88 -168 -160 ) (96 -168 -160 ) (96 -168 0 ) 
4 172 179 (88 -152 -224 ) (88 -168 -224 ) (88 -168 -216 ) (88 -152 -216 ) 
4 172 175 (88 -168 -216 ) (88 -168 -176 ) (88 -152 -176 ) (88 -152 -216 ) 
4 172 174 (88 -168 -176 ) (88 -168 -224 ) (96 -168 -224 ) (96 -168 -176 ) 
4 173 181 (96 -184 -152 ) (96 -184 0 ) (88 -184 0 ) (88 -184 -152 ) 
4 173 175 (88 -184 -160 ) (88 -184 0 ) (88 -168 0 ) (88 -168 -160 ) 
4 174 182 (88 -184 -224 ) (96 -184 -224 ) (96 -184 -168 ) (88 -184 -168 ) 
4 174 179 (88 -168 -224 ) (88 -184 -224 ) (88 -184 -216 ) (88 -168 -216 ) 
4 174 175 (88 -184 -216 ) (88 -184 -168 ) (88 -168 -168 ) (88 -168 -216 ) 
4 175 188 (88 -184 -216 ) (88 -184 0 ) (64 -184 0 ) (64 -184 -216 ) 
4 175 178 (88 0 -216 ) (88 -64 -216 ) (64 -64 -216 ) (64 0 -216 ) 
4 175 179 (88 -72 -216 ) (88 -184 -216 ) (64 -184 -216 ) (64 -72 -216 ) 
4 175 176 (64 0 -216 ) (64 -64 -216 ) (64 -64 0 ) (64 0 0 ) 
4 175 177 (64 -72 -216 ) (64 -184 -216 ) (64 -184 0 ) (64 -72 0 ) 
4 176 227 (0 0 0 ) (0 0 -216 ) (0 -64 -216 ) (0 -64 0 ) 
4 176 178 (0 -64 -216 ) (0 0 -216 ) (64 0 -216 ) (64 -64 -216 ) 
4 177 228 (0 -72 -216 ) (0 -184 -216 ) (0 -184 0 ) (0 -72 0 ) 
4 177 188 (64 -184 0 ) (0 -184 0 ) (0 -184 -216 ) (64 -184 -216 ) 
4 177 179 (64 -184 -216 ) (0 -184 -216 ) (0 -72 -216 ) (64 -72 -216 ) 
4 178 230 (0 0 -216 ) (0 0 -224 ) (0 -64 -224 ) (0 -64 -216 ) 
4 179 231 (0 -72 -224 ) (0 -184 -224 ) (0 -184 -216 ) (0 -72 -216 ) 
4 179 188 (0 -184 -224 ) (88 -184 -224 ) (88 -184 -216 ) (0 -184 -216 ) 
4 180 192 (216 -368 -216 ) (216 -368 -136 ) (96 -368 -136 ) (96 -368 -216 ) 
4 180 191 (216 -368 -128 ) (216 -368 -8 ) (96 -368 -8 ) (96 -368 -128 ) 
4 180 185 (96 -232 -136 ) (96 -232 0 ) (96 -216 0 ) (96 -216 -136 ) 
4 180 186 (96 -216 -224 ) (96 -232 -224 ) (96 -232 -144 ) (96 -216 -144 ) 
4 180 187 (96 -232 -224 ) (96 -368 -224 ) (96 -368 0 ) (96 -232 0 ) 
4 180 183 (96 -216 -144 ) (96 -216 0 ) (96 -200 0 ) (96 -200 -144 ) 
4 180 184 (96 -200 -224 ) (96 -216 -224 ) (96 -216 -152 ) (96 -200 -152 ) 
4 180 181 (96 -184 0 ) (96 -184 -152 ) (96 -200 -152 ) (96 -200 0 ) 
4 180 182 (96 -184 -160 ) (96 -184 -224 ) (96 -200 -224 ) (96 -200 -160 ) 
4 181 188 (88 -184 0 ) (88 -184 -152 ) (88 -200 -152 ) (88 -200 0 ) 
4 181 183 (88 -200 0 ) (88 -200 -144 ) (96 -200 -144 ) (96 -200 0 ) 
4 182 188 (88 -184 -160 ) (88 -184 -224 ) (88 -200 -224 ) (88 -200 -160 ) 
4 182 184 (88 -200 -160 ) (88 -200 -224 ) (96 -200 -224 ) (96 -200 -160 ) 
4 183 188 (88 -216 -144 ) (88 -216 0 ) (88 -200 0 ) (88 -200 -144 ) 
4 183 185 (88 -216 0 ) (88 -216 -136 ) (96 -216 -136 ) (96 -216 0 ) 
4 184 188 (88 -200 -224 ) (88 -216 -224 ) (88 -216 -152 ) (88 -200 -152 ) 
4 184 186 (88 -216 -152 ) (88 -216 -224 ) (96 -216 -224 ) (96 -216 -152 ) 
4 185 189 (88 -232 -128 ) (88 -232 0 ) (88 -224 0 ) (88 -224 -128 ) 
4 185 188 (88 -224 0 ) (88 -216 0 ) (88 -216 -136 ) (88 -224 -136 ) 
4 185 187 (88 -232 0 ) (88 -232 -136 ) (96 -232 -136 ) (96 -232 0 ) 
4 186 188 (88 -216 -224 ) (88 -224 -224 ) (88 -224 -144 ) (88 -216 -144 ) 
4 186 187 (88 -232 -144 ) (88 -232 -224 ) (96 -232 -224 ) (96 -232 -144 ) 
4 187 192 (96 -368 -216 ) (96 -368 -136 ) (88 -368 -136 ) (88 -368 -216 ) 
4 187 191 (96 -368 -128 ) (96 -368 -8 ) (88 -368 -8 ) (88 -368 -128 ) 
4 187 190 (88 -232 -224 ) (88 -368 -224 ) (88 -368 0 ) (88 -232 0 ) 
4 188 249 (0 -184 -224 ) (0 -224 -224 ) (0 -224 0 ) (0 -184 0 ) 
4 188 189 (88 -224 -128 ) (88 -224 0 ) (0 -224 0 ) (0 -224 -128 ) 
4 189 250 (0 -232 -128 ) (0 -232 0 ) (0 -224 0 ) (0 -224 -128 ) 
4 189 190 (88 -232 -128 ) (88 -232 0 ) (0 -232 0 ) (0 -232 -128 ) 
4 190 251 (0 -232 -224 ) (0 -368 -224 ) (0 -368 0 ) (0 -232 0 ) 
4 190 192 (88 -368 -216 ) (88 -368 -136 ) (0 -368 -136 ) (0 -368 -216 ) 
4 190 191 (88 -368 -128 ) (88 -368 -8 ) (0 -368 -8 ) (0 -368 -128 ) 
4 191 260 (0 -376 -128 ) (0 -376 -8 ) (0 -368 -8 ) (0 -368 -128 ) 
4 192 261 (0 -376 -216 ) (0 -376 -136 ) (0 -368 -136 ) (0 -368 -216 ) 
4 193 206 (0 -234 256 ) (0 -238 256 ) (-120 -238 256 ) (-120 -234 256 ) 
4 193 205 (0 -232 256 ) (0 -234 256 ) (-120 -234 256 ) (-120 -232 256 ) 
4 193 208 (0 -238 256 ) (0 -248 256 ) (-120 -248 256 ) (-120 -238 256 ) 
4 193 198 (0 -72 256 ) (0 -232 256 ) (-120 -232 256 ) (-120 -72 256 ) 
4 193 194 (-120 0 256 ) (0 0 256 ) (0 -72 256 ) (-120 -72 256 ) 
4 194 198 (-120 -72 32 ) (0 -72 32 ) (0 -72 256 ) (-120 -72 256 ) 
4 194 196 (-120 -72 80 ) (-120 -72 256 ) (-120 -64 256 ) (-120 -64 80 ) 
4 194 195 (-120 0 32 ) (-120 -64 32 ) (-120 -64 256 ) (-120 0 256 ) 
4 195 196 (-128 -64 256 ) (-128 -64 80 ) (-120 -64 80 ) (-120 -64 256 ) 
4 195 197 (-128 0 32 ) (-128 -64 32 ) (-128 -64 256 ) (-128 0 256 ) 
4 196 199 (-122 -72 256 ) (-126 -72 256 ) (-126 -72 80 ) (-122 -72 80 ) 
4 196 198 (-120 -72 80 ) (-120 -72 256 ) (-122 -72 256 ) (-122 -72 80 ) 
4 196 201 (-126 -72 256 ) (-128 -72 256 ) (-128 -72 80 ) (-126 -72 80 ) 
4 196 197 (-128 -72 80 ) (-128 -72 256 ) (-128 -64 256 ) (-128 -64 80 ) 
4 197 202 (-279 -72 134 ) (-279 -72 256 ) (-279 0 256 ) (-279 0 134 ) 
4 197 203 (-279 0 32 ) (-279 -72 32 ) (-279 -72 62 ) (-279 0 62 ) 
4 197 201 (-279 -72 256 ) (-279 -72 32 ) (-128 -72 32 ) (-128 -72 256 ) 
4 198 226 (0 -72 32 ) (0 -232 32 ) (-120 -232 32 ) (-120 -72 32 ) 
4 198 212 (-120 -232 80 ) (-120 -232 256 ) (-122 -232 256 ) (-122 -232 80 ) 
4 198 205 (-120 -232 32 ) (0 -232 32 ) (0 -232 256 ) (-120 -232 256 ) 
4 198 199 (-122 -72 256 ) (-122 -72 72 ) (-122 -232 72 ) (-122 -232 256 ) 
4 198 200 (-122 -72 68 ) (-122 -72 32 ) (-122 -232 32 ) (-122 -232 68 ) 
4 199 212 (-122 -232 80 ) (-122 -232 256 ) (-126 -232 256 ) (-126 -232 80 ) 
4 199 201 (-126 -72 256 ) (-126 -72 72 ) (-126 -232 72 ) (-126 -232 256 ) 
4 200 201 (-126 -72 68 ) (-126 -72 32 ) (-126 -232 32 ) (-126 -232 68 ) 
4 201 212 (-126 -232 80 ) (-126 -232 256 ) (-128 -232 256 ) (-128 -232 80 ) 
4 201 214 (-279 -232 32 ) (-128 -232 32 ) (-128 -232 256 ) (-279 -232 256 ) 
4 201 202 (-279 -82 134 ) (-279 -82 256 ) (-279 -72 256 ) (-279 -72 134 ) 
4 201 203 (-279 -72 32 ) (-279 -82 32 ) (-279 -82 62 ) (-279 -72 62 ) 
4 201 204 (-279 -82 32 ) (-279 -232 32 ) (-279 -232 256 ) (-279 -82 256 ) 
4 202 262 (-280 0 248 ) (-280 0 134 ) (-280 -82 134 ) (-280 -82 248 ) 
4 202 204 (-279 -82 134 ) (-279 -82 256 ) (-280 -82 256 ) (-280 -82 134 ) 
4 203 263 (-280 0 62 ) (-280 0 40 ) (-280 -82 40 ) (-280 -82 62 ) 
4 203 204 (-280 -82 32 ) (-279 -82 32 ) (-279 -82 62 ) (-280 -82 62 ) 
4 204 270 (-280 -190 40 ) (-280 -232 40 ) (-280 -232 248 ) (-280 -190 248 ) 
4 204 264 (-280 -82 248 ) (-280 -82 40 ) (-280 -190 40 ) (-280 -190 248 ) 
4 204 214 (-280 -232 32 ) (-279 -232 32 ) (-279 -232 256 ) (-280 -232 256 ) 
4 205 212 (-120 -232 256 ) (-120 -232 80 ) (-120 -234 80 ) (-120 -234 256 ) 
4 205 206 (-120 -234 256 ) (-120 -234 72 ) (0 -234 72 ) (0 -234 256 ) 
4 205 207 (-120 -234 68 ) (-120 -234 32 ) (0 -234 32 ) (0 -234 68 ) 
4 206 212 (-120 -238 80 ) (-120 -238 256 ) (-120 -234 256 ) (-120 -234 80 ) 
4 206 208 (-120 -238 256 ) (-120 -238 72 ) (0 -238 72 ) (0 -238 256 ) 
4 207 208 (-120 -238 68 ) (-120 -238 32 ) (0 -238 32 ) (0 -238 68 ) 
4 208 212 (-120 -240 80 ) (-120 -240 256 ) (-120 -238 256 ) (-120 -238 80 ) 
4 208 213 (-120 -240 32 ) (-120 -367 32 ) (-120 -367 256 ) (-120 -240 256 ) 
4 208 209 (0 -367 163 ) (0 -367 256 ) (-48 -367 256 ) (-48 -367 163 ) 
4 208 210 (-48 -367 32 ) (0 -367 32 ) (0 -367 56 ) (-48 -367 56 ) 
4 208 211 (-120 -367 256 ) (-120 -367 32 ) (-48 -367 32 ) (-48 -367 256 ) 
4 209 215 (0 -368 163 ) (0 -368 248 ) (-48 -368 248 ) (-48 -368 163 ) 
4 209 211 (-48 -367 256 ) (-48 -367 163 ) (-48 -368 163 ) (-48 -368 256 ) 
4 210 216 (0 -368 40 ) (0 -368 56 ) (-48 -368 56 ) (-48 -368 40 ) 
4 210 211 (-48 -367 56 ) (-48 -367 32 ) (-48 -368 32 ) (-48 -368 56 ) 
4 211 219 (-86 -368 163 ) (-120 -368 163 ) (-120 -368 138 ) (-86 -368 138 ) 
4 211 220 (-120 -368 60 ) (-120 -368 40 ) (-86 -368 40 ) (-86 -368 60 ) 
4 211 218 (-48 -368 40 ) (-48 -368 163 ) (-86 -368 163 ) (-86 -368 40 ) 
4 211 215 (-48 -368 163 ) (-48 -368 248 ) (-120 -368 248 ) (-120 -368 163 ) 
4 211 213 (-120 -367 32 ) (-120 -368 32 ) (-120 -368 256 ) (-120 -367 256 ) 
4 212 213 (-128 -240 256 ) (-128 -240 80 ) (-120 -240 80 ) (-120 -240 256 ) 
4 212 214 (-128 -232 256 ) (-128 -232 80 ) (-128 -240 80 ) (-128 -240 256 ) 
4 213 219 (-120 -368 138 ) (-120 -368 163 ) (-128 -368 163 ) (-128 -368 138 ) 
4 213 220 (-120 -368 40 ) (-120 -368 60 ) (-128 -368 60 ) (-128 -368 40 ) 
4 213 215 (-120 -368 163 ) (-120 -368 248 ) (-128 -368 248 ) (-128 -368 163 ) 
4 213 214 (-128 -240 32 ) (-128 -368 32 ) (-128 -368 256 ) (-128 -240 256 ) 
4 214 270 (-280 -232 248 ) (-280 -232 40 ) (-280 -368 40 ) (-280 -368 248 ) 
4 214 222 (-188 -368 163 ) (-244 -368 163 ) (-244 -368 137 ) (-188 -368 137 ) 
4 214 223 (-244 -368 59 ) (-244 -368 40 ) (-188 -368 40 ) (-188 -368 59 ) 
4 214 221 (-142 -368 163 ) (-188 -368 163 ) (-188 -368 40 ) (-142 -368 40 ) 
4 214 224 (-244 -368 163 ) (-280 -368 163 ) (-280 -368 40 ) (-244 -368 40 ) 
4 214 219 (-128 -368 138 ) (-128 -368 163 ) (-142 -368 163 ) (-142 -368 138 ) 
4 214 220 (-128 -368 40 ) (-128 -368 60 ) (-142 -368 60 ) (-142 -368 40 ) 
4 214 215 (-128 -368 163 ) (-128 -368 248 ) (-280 -368 248 ) (-280 -368 163 ) 
4 215 222 (-244 -368 163 ) (-188 -368 163 ) (-188 -370 163 ) (-244 -370 163 ) 
4 215 221 (-188 -368 163 ) (-142 -368 163 ) (-142 -370 163 ) (-188 -370 163 ) 
4 215 224 (-280 -370 163 ) (-280 -368 163 ) (-244 -368 163 ) (-244 -370 163 ) 
4 215 219 (-142 -368 163 ) (-86 -368 163 ) (-86 -370 163 ) (-142 -370 163 ) 
4 215 218 (-86 -368 163 ) (-48 -368 163 ) (-48 -370 163 ) (-86 -370 163 ) 
4 215 225 (-48 -376 163 ) (-280 -376 163 ) (-280 -370 163 ) (-48 -370 163 ) 
4 215 217 (0 -376 163 ) (-48 -376 163 ) (-48 -372 163 ) (0 -372 163 ) 
4 216 218 (-48 -368 40 ) (-48 -370 40 ) (-48 -370 56 ) (-48 -368 56 ) 
4 216 225 (-48 -370 40 ) (-48 -372 40 ) (-48 -372 56 ) (-48 -370 56 ) 
4 216 217 (-48 -372 56 ) (-48 -372 40 ) (0 -372 40 ) (0 -372 56 ) 
4 217 225 (-48 -372 40 ) (-48 -376 40 ) (-48 -376 163 ) (-48 -372 163 ) 
4 218 219 (-86 -370 138 ) (-86 -370 163 ) (-86 -368 163 ) (-86 -368 138 ) 
4 218 220 (-86 -368 40 ) (-86 -370 40 ) (-86 -370 60 ) (-86 -368 60 ) 
4 218 225 (-86 -370 40 ) (-48 -370 40 ) (-48 -370 163 ) (-86 -370 163 ) 
4 219 221 (-142 -370 138 ) (-142 -370 163 ) (-142 -368 163 ) (-142 -368 138 ) 
4 219 225 (-86 -370 138 ) (-86 -370 163 ) (-142 -370 163 ) (-142 -370 138 ) 
4 220 221 (-142 -368 40 ) (-142 -370 40 ) (-142 -370 60 ) (-142 -368 60 ) 
4 220 225 (-142 -370 40 ) (-86 -370 40 ) (-86 -370 60 ) (-142 -370 60 ) 
4 221 222 (-188 -370 137 ) (-188 -370 163 ) (-188 -368 163 ) (-188 -368 137 ) 
4 221 223 (-188 -368 40 ) (-188 -370 40 ) (-188 -370 59 ) (-188 -368 59 ) 
4 221 225 (-188 -370 40 ) (-142 -370 40 ) (-142 -370 163 ) (-188 -370 163 ) 
4 222 224 (-244 -370 137 ) (-244 -370 163 ) (-244 -368 163 ) (-244 -368 137 ) 
4 222 225 (-188 -370 137 ) (-188 -370 163 ) (-244 -370 163 ) (-244 -370 137 ) 
4 223 225 (-244 -370 40 ) (-188 -370 40 ) (-188 -370 59 ) (-244 -370 59 ) 
4 223 224 (-244 -368 40 ) (-244 -370 40 ) (-244 -370 59 ) (-244 -368 59 ) 
4 224 225 (-280 -370 40 ) (-244 -370 40 ) (-244 -370 163 ) (-280 -370 163 ) 
4 226 250 (-120 -232 0 ) (-120 -224 0 ) (0 -224 0 ) (0 -232 0 ) 
4 226 249 (-120 -224 0 ) (-120 -184 0 ) (0 -184 0 ) (0 -224 0 ) 
4 226 228 (-96 -72 0 ) (0 -72 0 ) (0 -184 0 ) (-96 -184 0 ) 
4 226 229 (-120 -184 0 ) (-120 -72 0 ) (-96 -72 0 ) (-96 -184 0 ) 
4 227 230 (-96 -64 -216 ) (-96 0 -216 ) (0 0 -216 ) (0 -64 -216 ) 
4 227 229 (-96 0 -216 ) (-96 -64 -216 ) (-96 -64 0 ) (-96 0 0 ) 
4 228 249 (0 -184 -216 ) (0 -184 0 ) (-96 -184 0 ) (-96 -184 -216 ) 
4 228 231 (0 -184 -216 ) (-96 -184 -216 ) (-96 -72 -216 ) (0 -72 -216 ) 
4 228 229 (-96 -72 -216 ) (-96 -184 -216 ) (-96 -184 0 ) (-96 -72 0 ) 
4 229 249 (-96 -184 0 ) (-120 -184 0 ) (-120 -184 -216 ) (-96 -184 -216 ) 
4 229 246 (-120 -184 -160 ) (-120 -184 0 ) (-120 -168 0 ) (-120 -168 -160 ) 
4 229 247 (-120 -184 -216 ) (-120 -184 -168 ) (-120 -168 -168 ) (-120 -168 -216 ) 
4 229 244 (-120 -168 0 ) (-120 -152 0 ) (-120 -152 -168 ) (-120 -168 -168 ) 
4 229 245 (-120 -152 -176 ) (-120 -152 -216 ) (-120 -168 -216 ) (-120 -168 -176 ) 
4 229 242 (-120 -152 0 ) (-120 -136 0 ) (-120 -136 -176 ) (-120 -152 -176 ) 
4 229 243 (-120 -136 -184 ) (-120 -136 -216 ) (-120 -152 -216 ) (-120 -152 -184 ) 
4 229 240 (-120 -136 0 ) (-120 -120 0 ) (-120 -120 -184 ) (-120 -136 -184 ) 
4 229 241 (-120 -120 -192 ) (-120 -120 -216 ) (-120 -136 -216 ) (-120 -136 -192 ) 
4 229 238 (-120 -120 0 ) (-120 -104 0 ) (-120 -104 -192 ) (-120 -120 -192 ) 
4 229 239 (-120 -104 -200 ) (-120 -104 -216 ) (-120 -120 -216 ) (-120 -120 -200 ) 
4 229 236 (-120 -104 0 ) (-120 -88 0 ) (-120 -88 -200 ) (-120 -104 -200 ) 
4 229 237 (-120 -88 -208 ) (-120 -88 -216 ) (-120 -104 -216 ) (-120 -104 -208 ) 
4 229 234 (-120 -88 0 ) (-120 -72 0 ) (-120 -72 -208 ) (-120 -88 -208 ) 
4 229 233 (-120 -72 0 ) (-120 -64 0 ) (-120 -64 -216 ) (-120 -72 -216 ) 
4 229 232 (-120 -64 0 ) (-120 0 0 ) (-120 0 -216 ) (-120 -64 -216 ) 
4 229 230 (-120 -64 -216 ) (-120 0 -216 ) (-96 0 -216 ) (-96 -64 -216 ) 
4 229 231 (-96 -184 -216 ) (-120 -184 -216 ) (-120 -72 -216 ) (-96 -72 -216 ) 
4 230 232 (-120 0 -224 ) (-120 -64 -224 ) (-120 -64 -216 ) (-120 0 -216 ) 
4 231 249 (-120 -184 -224 ) (0 -184 -224 ) (0 -184 -216 ) (-120 -184 -216 ) 
4 231 247 (-120 -168 -224 ) (-120 -184 -224 ) (-120 -184 -216 ) (-120 -168 -216 ) 
4 231 245 (-120 -152 -224 ) (-120 -168 -224 ) (-120 -168 -216 ) (-120 -152 -216 ) 
4 231 243 (-120 -136 -224 ) (-120 -152 -224 ) (-120 -152 -216 ) (-120 -136 -216 ) 
4 231 241 (-120 -120 -224 ) (-120 -136 -224 ) (-120 -136 -216 ) (-120 -120 -216 ) 
4 231 239 (-120 -104 -224 ) (-120 -120 -224 ) (-120 -120 -216 ) (-120 -104 -216 ) 
4 231 237 (-120 -88 -224 ) (-120 -104 -224 ) (-120 -104 -216 ) (-120 -88 -216 ) 
4 231 235 (-120 -72 -224 ) (-120 -88 -224 ) (-120 -88 -216 ) (-120 -72 -216 ) 
4 232 233 (-128 -64 0 ) (-128 -64 -216 ) (-120 -64 -216 ) (-120 -64 0 ) 
4 232 248 (-128 0 -224 ) (-128 -64 -224 ) (-128 -64 0 ) (-128 0 0 ) 
4 233 234 (-128 -72 0 ) (-128 -72 -208 ) (-120 -72 -208 ) (-120 -72 0 ) 
4 233 248 (-128 -72 -216 ) (-128 -72 0 ) (-128 -64 0 ) (-128 -64 -216 ) 
4 234 236 (-128 -88 0 ) (-128 -88 -200 ) (-120 -88 -200 ) (-120 -88 0 ) 
4 234 248 (-128 -88 -208 ) (-128 -88 0 ) (-128 -72 0 ) (-128 -72 -208 ) 
4 235 237 (-128 -88 -216 ) (-128 -88 -224 ) (-120 -88 -224 ) (-120 -88 -216 ) 
4 235 248 (-128 -72 -224 ) (-128 -88 -224 ) (-128 -88 -216 ) (-128 -72 -216 ) 
4 236 238 (-128 -104 0 ) (-128 -104 -192 ) (-120 -104 -192 ) (-120 -104 0 ) 
4 236 248 (-128 -104 -200 ) (-128 -104 0 ) (-128 -88 0 ) (-128 -88 -200 ) 
4 237 239 (-128 -104 -208 ) (-128 -104 -224 ) (-120 -104 -224 ) (-120 -104 -208 ) 
4 237 248 (-128 -88 -224 ) (-128 -104 -224 ) (-128 -104 -208 ) (-128 -88 -208 ) 
4 238 240 (-128 -120 0 ) (-128 -120 -184 ) (-120 -120 -184 ) (-120 -120 0 ) 
4 238 248 (-128 -120 -192 ) (-128 -120 0 ) (-128 -104 0 ) (-128 -104 -192 ) 
4 239 241 (-128 -120 -200 ) (-128 -120 -224 ) (-120 -120 -224 ) (-120 -120 -200 ) 
4 239 248 (-128 -104 -224 ) (-128 -120 -224 ) (-128 -120 -200 ) (-128 -104 -200 ) 
4 240 242 (-128 -136 0 ) (-128 -136 -176 ) (-120 -136 -176 ) (-120 -136 0 ) 
4 240 248 (-128 -136 -184 ) (-128 -136 0 ) (-128 -120 0 ) (-128 -120 -184 ) 
4 241 243 (-128 -136 -192 ) (-128 -136 -224 ) (-120 -136 -224 ) (-120 -136 -192 ) 
4 241 248 (-128 -120 -224 ) (-128 -136 -224 ) (-128 -136 -192 ) (-128 -120 -192 ) 
4 242 244 (-128 -152 0 ) (-128 -152 -168 ) (-120 -152 -168 ) (-120 -152 0 ) 
4 242 248 (-128 -152 -176 ) (-128 -152 0 ) (-128 -136 0 ) (-128 -136 -176 ) 
4 243 245 (-128 -152 -184 ) (-128 -152 -224 ) (-120 -152 -224 ) (-120 -152 -184 ) 
4 243 248 (-128 -136 -224 ) (-128 -152 -224 ) (-128 -152 -184 ) (-128 -136 -184 ) 
4 244 246 (-128 -168 0 ) (-128 -168 -160 ) (-120 -168 -160 ) (-120 -168 0 ) 
4 244 248 (-128 -168 -168 ) (-128 -168 0 ) (-128 -152 0 ) (-128 -152 -168 ) 
4 245 247 (-128 -168 -176 ) (-128 -168 -224 ) (-120 -168 -224 ) (-120 -168 -176 ) 
4 245 248 (-128 -152 -224 ) (-128 -168 -224 ) (-128 -168 -176 ) (-128 -152 -176 ) 
4 246 252 (-120 -184 -152 ) (-120 -184 0 ) (-128 -184 0 ) (-128 -184 -152 ) 
4 246 248 (-128 -184 -160 ) (-128 -184 0 ) (-128 -168 0 ) (-128 -168 -160 ) 
4 247 253 (-128 -184 -224 ) (-120 -184 -224 ) (-120 -184 -168 ) (-128 -184 -168 ) 
4 247 248 (-128 -168 -224 ) (-128 -184 -224 ) (-128 -184 -168 ) (-128 -168 -168 ) 
4 248 289 (-280 -168 -8 ) (-280 -168 -160 ) (-280 -184 -160 ) (-280 -184 -8 ) 
4 248 290 (-280 -168 -168 ) (-280 -168 -224 ) (-280 -184 -224 ) (-280 -184 -168 ) 
4 248 287 (-280 -104 -224 ) (-280 -120 -224 ) (-280 -120 -200 ) (-280 -104 -200 ) 
4 248 288 (-280 -120 -224 ) (-280 -168 -224 ) (-280 -168 -192 ) (-280 -120 -192 ) 
4 248 285 (-280 -104 -200 ) (-280 -104 -192 ) (-280 -88 -192 ) (-280 -88 -200 ) 
4 248 286 (-280 -88 -224 ) (-280 -104 -224 ) (-280 -104 -208 ) (-280 -88 -208 ) 
4 248 283 (-280 -88 -208 ) (-280 -88 -192 ) (-280 -72 -192 ) (-280 -72 -208 ) 
4 248 284 (-280 -72 -224 ) (-280 -88 -224 ) (-280 -88 -216 ) (-280 -72 -216 ) 
4 248 282 (-280 0 -192 ) (-280 0 -216 ) (-280 -72 -216 ) (-280 -72 -192 ) 
4 248 280 (-280 -136 -192 ) (-280 -152 -192 ) (-280 -152 -184 ) (-280 -136 -184 ) 
4 248 281 (-280 -152 -192 ) (-280 -168 -192 ) (-280 -168 -176 ) (-280 -152 -176 ) 
4 248 279 (-280 -136 -184 ) (-280 -136 -176 ) (-280 -120 -176 ) (-280 -120 -184 ) 
4 248 278 (-280 0 -176 ) (-280 0 -192 ) (-280 -120 -192 ) (-280 -120 -176 ) 
4 248 277 (-280 0 -168 ) (-280 0 -176 ) (-280 -152 -176 ) (-280 -152 -168 ) 
4 248 276 (-280 0 -8 ) (-280 0 -168 ) (-280 -168 -168 ) (-280 -168 -8 ) 
4 248 259 (-280 -184 -224 ) (-128 -184 -224 ) (-128 -184 0 ) (-280 -184 0 ) 
4 249 256 (-120 -224 -136 ) (-120 -224 0 ) (-120 -216 0 ) (-120 -216 -136 ) 
4 249 257 (-120 -216 -224 ) (-120 -224 -224 ) (-120 -224 -144 ) (-120 -216 -144 ) 
4 249 254 (-120 -216 -144 ) (-120 -216 0 ) (-120 -200 0 ) (-120 -200 -144 ) 
4 249 255 (-120 -200 -224 ) (-120 -216 -224 ) (-120 -216 -152 ) (-120 -200 -152 ) 
4 249 252 (-120 -184 0 ) (-120 -184 -152 ) (-120 -200 -152 ) (-120 -200 0 ) 
4 249 253 (-120 -184 -160 ) (-120 -184 -224 ) (-120 -200 -224 ) (-120 -200 -160 ) 
4 249 250 (-120 -224 0 ) (-120 -224 -128 ) (0 -224 -128 ) (0 -224 0 ) 
4 250 256 (-120 -232 -128 ) (-120 -232 0 ) (-120 -224 0 ) (-120 -224 -128 ) 
4 250 251 (-120 -232 0 ) (-120 -232 -128 ) (0 -232 -128 ) (0 -232 0 ) 
4 251 261 (0 -368 -216 ) (0 -368 -136 ) (-120 -368 -136 ) (-120 -368 -216 ) 
4 251 260 (0 -368 -128 ) (0 -368 -8 ) (-120 -368 -8 ) (-120 -368 -128 ) 
4 251 258 (-120 -232 -224 ) (-120 -368 -224 ) (-120 -368 0 ) (-120 -232 0 ) 
4 252 254 (-128 -200 0 ) (-128 -200 -144 ) (-120 -200 -144 ) (-120 -200 0 ) 
4 252 259 (-128 -184 0 ) (-128 -184 -152 ) (-128 -200 -152 ) (-128 -200 0 ) 
4 253 255 (-128 -200 -160 ) (-128 -200 -224 ) (-120 -200 -224 ) (-120 -200 -160 ) 
4 253 259 (-128 -184 -160 ) (-128 -184 -224 ) (-128 -200 -224 ) (-128 -200 -160 ) 
4 254 256 (-128 -216 0 ) (-128 -216 -136 ) (-120 -216 -136 ) (-120 -216 0 ) 
4 254 259 (-128 -216 -144 ) (-128 -216 0 ) (-128 -200 0 ) (-128 -200 -144 ) 
4 255 257 (-128 -216 -152 ) (-128 -216 -224 ) (-120 -216 -224 ) (-120 -216 -152 ) 
4 255 259 (-128 -200 -224 ) (-128 -216 -224 ) (-128 -216 -152 ) (-128 -200 -152 ) 
4 256 259 (-128 -232 -136 ) (-128 -232 0 ) (-128 -216 0 ) (-128 -216 -136 ) 
4 256 258 (-128 -232 0 ) (-128 -232 -136 ) (-120 -232 -136 ) (-120 -232 0 ) 
4 257 258 (-128 -232 -144 ) (-128 -232 -224 ) (-120 -232 -224 ) (-120 -232 -144 ) 
4 257 259 (-128 -216 -224 ) (-128 -232 -224 ) (-128 -232 -144 ) (-128 -216 -144 ) 
4 258 261 (-120 -368 -216 ) (-120 -368 -136 ) (-128 -368 -136 ) (-128 -368 -216 ) 
4 258 260 (-120 -368 -128 ) (-120 -368 -8 ) (-128 -368 -8 ) (-128 -368 -128 ) 
4 258 259 (-128 -232 -224 ) (-128 -368 -224 ) (-128 -368 0 ) (-128 -232 0 ) 
4 259 297 (-280 -368 -128 ) (-280 -368 -8 ) (-280 -232 -8 ) (-280 -232 -128 ) 
4 259 298 (-280 -232 -224 ) (-280 -368 -224 ) (-280 -368 -136 ) (-280 -232 -136 ) 
4 259 295 (-280 -232 -136 ) (-280 -232 -8 ) (-280 -216 -8 ) (-280 -216 -136 ) 
4 259 296 (-280 -216 -224 ) (-280 -232 -224 ) (-280 -232 -144 ) (-280 -216 -144 ) 
4 259 293 (-280 -216 -144 ) (-280 -216 -8 ) (-280 -200 -8 ) (-280 -200 -144 ) 
4 259 294 (-280 -200 -224 ) (-280 -216 -224 ) (-280 -216 -152 ) (-280 -200 -152 ) 
4 259 291 (-280 -184 -8 ) (-280 -184 -152 ) (-280 -200 -152 ) (-280 -200 -8 ) 
4 259 292 (-280 -184 -160 ) (-280 -184 -224 ) (-280 -200 -224 ) (-280 -200 -160 ) 
4 259 261 (-128 -368 -216 ) (-128 -368 -136 ) (-280 -368 -136 ) (-280 -368 -216 ) 
4 259 260 (-128 -368 -128 ) (-128 -368 -8 ) (-280 -368 -8 ) (-280 -368 -128 ) 
4 262 265 (-281 -82 134 ) (-281 -82 248 ) (-281 0 248 ) (-281 0 134 ) 
4 262 264 (-281 -82 248 ) (-281 -82 134 ) (-280 -82 134 ) (-280 -82 248 ) 
4 263 264 (-281 -82 62 ) (-281 -82 40 ) (-280 -82 40 ) (-280 -82 62 ) 
4 263 265 (-281 0 40 ) (-281 -82 40 ) (-281 -82 62 ) (-281 0 62 ) 
4 264 270 (-281 -190 40 ) (-280 -190 40 ) (-280 -190 248 ) (-281 -190 248 ) 
4 264 265 (-281 -82 40 ) (-281 -190 40 ) (-281 -190 248 ) (-281 -82 248 ) 
4 265 271 (-284 -190 40 ) (-282 -190 40 ) (-282 -190 248 ) (-284 -190 248 ) 
4 265 270 (-282 -190 40 ) (-281 -190 40 ) (-281 -190 248 ) (-282 -190 248 ) 
4 265 267 (-284 -190 138 ) (-284 -190 248 ) (-284 -122 248 ) (-284 -122 138 ) 
4 265 268 (-284 -122 40 ) (-284 -190 40 ) (-284 -190 60 ) (-284 -122 60 ) 
4 265 266 (-284 0 40 ) (-284 -122 40 ) (-284 -122 248 ) (-284 0 248 ) 
4 266 267 (-286 -122 248 ) (-286 -122 138 ) (-284 -122 138 ) (-284 -122 248 ) 
4 266 268 (-286 -122 60 ) (-286 -122 40 ) (-284 -122 40 ) (-284 -122 60 ) 
4 266 269 (-286 0 40 ) (-286 -122 40 ) (-286 -122 248 ) (-286 0 248 ) 
4 267 275 (-284 -190 138 ) (-284 -190 248 ) (-286 -190 248 ) (-286 -190 138 ) 
4 267 269 (-286 -190 138 ) (-286 -190 248 ) (-286 -122 248 ) (-286 -122 138 ) 
4 268 275 (-286 -190 40 ) (-284 -190 40 ) (-284 -190 60 ) (-286 -190 60 ) 
4 268 269 (-286 -122 40 ) (-286 -190 40 ) (-286 -190 60 ) (-286 -122 60 ) 
4 269 275 (-288 -190 40 ) (-286 -190 40 ) (-286 -190 248 ) (-288 -190 248 ) 
4 270 272 (-282 -324 136 ) (-282 -324 248 ) (-282 -234 248 ) (-282 -234 136 ) 
4 270 273 (-282 -234 40 ) (-282 -324 40 ) (-282 -324 64 ) (-282 -234 64 ) 
4 270 271 (-282 -190 248 ) (-282 -190 40 ) (-282 -234 40 ) (-282 -234 248 ) 
4 270 274 (-282 -324 40 ) (-282 -368 40 ) (-282 -368 248 ) (-282 -324 248 ) 
4 271 272 (-284 -234 248 ) (-284 -234 136 ) (-282 -234 136 ) (-282 -234 248 ) 
4 271 273 (-284 -234 64 ) (-284 -234 40 ) (-282 -234 40 ) (-282 -234 64 ) 
4 271 275 (-284 -190 248 ) (-284 -190 40 ) (-284 -234 40 ) (-284 -234 248 ) 
4 272 274 (-284 -324 248 ) (-284 -324 136 ) (-282 -324 136 ) (-282 -324 248 ) 
4 272 275 (-284 -324 136 ) (-284 -324 248 ) (-284 -234 248 ) (-284 -234 136 ) 
4 273 275 (-284 -234 40 ) (-284 -324 40 ) (-284 -324 64 ) (-284 -234 64 ) 
4 273 274 (-284 -324 64 ) (-284 -324 40 ) (-282 -324 40 ) (-282 -324 64 ) 
4 274 275 (-284 -324 40 ) (-284 -368 40 ) (-284 -368 248 ) (-284 -324 248 ) 
4 276 289 (-280 -168 -160 ) (-280 -168 -8 ) (-288 -168 -8 ) (-288 -168 -160 ) 
4 276 277 (-288 -152 -168 ) (-288 0 -168 ) (-280 0 -168 ) (-280 -152 -168 ) 
4 277 279 (-288 -136 -176 ) (-288 -120 -176 ) (-280 -120 -176 ) (-280 -136 -176 ) 
4 277 278 (-288 -120 -176 ) (-288 0 -176 ) (-280 0 -176 ) (-280 -120 -176 ) 
4 278 285 (-288 -104 -192 ) (-288 -88 -192 ) (-280 -88 -192 ) (-280 -104 -192 ) 
4 278 283 (-288 -88 -192 ) (-288 -72 -192 ) (-280 -72 -192 ) (-280 -88 -192 ) 
4 278 282 (-288 -72 -192 ) (-288 0 -192 ) (-280 0 -192 ) (-280 -72 -192 ) 
4 278 279 (-280 -120 -184 ) (-280 -120 -176 ) (-288 -120 -176 ) (-288 -120 -184 ) 
4 280 288 (-288 -152 -192 ) (-288 -136 -192 ) (-280 -136 -192 ) (-280 -152 -192 ) 
4 280 281 (-288 -152 -192 ) (-280 -152 -192 ) (-280 -152 -184 ) (-288 -152 -184 ) 
4 281 290 (-280 -168 -192 ) (-280 -168 -176 ) (-288 -168 -176 ) (-288 -168 -192 ) 
4 281 288 (-280 -168 -192 ) (-288 -168 -192 ) (-288 -152 -192 ) (-280 -152 -192 ) 
4 282 283 (-280 -72 -208 ) (-280 -72 -192 ) (-288 -72 -192 ) (-288 -72 -208 ) 
4 283 285 (-280 -88 -200 ) (-280 -88 -192 ) (-288 -88 -192 ) (-288 -88 -200 ) 
4 284 286 (-288 -88 -224 ) (-280 -88 -224 ) (-280 -88 -216 ) (-288 -88 -216 ) 
4 286 287 (-288 -104 -224 ) (-280 -104 -224 ) (-280 -104 -208 ) (-288 -104 -208 ) 
4 287 288 (-288 -120 -224 ) (-280 -120 -224 ) (-280 -120 -200 ) (-288 -120 -200 ) 
4 288 290 (-288 -168 -224 ) (-280 -168 -224 ) (-280 -168 -192 ) (-288 -168 -192 ) 
4 289 291 (-280 -184 -152 ) (-280 -184 -8 ) (-288 -184 -8 ) (-288 -184 -152 ) 
4 290 292 (-288 -184 -224 ) (-280 -184 -224 ) (-280 -184 -168 ) (-288 -184 -168 ) 
4 291 293 (-280 -200 -144 ) (-280 -200 -8 ) (-288 -200 -8 ) (-288 -200 -144 ) 
4 292 294 (-288 -200 -224 ) (-280 -200 -224 ) (-280 -200 -160 ) (-288 -200 -160 ) 
4 293 295 (-280 -216 -136 ) (-280 -216 -8 ) (-288 -216 -8 ) (-288 -216 -136 ) 
4 294 296 (-288 -216 -224 ) (-280 -216 -224 ) (-280 -216 -152 ) (-288 -216 -152 ) 
4 295 297 (-280 -232 -128 ) (-280 -232 -8 ) (-288 -232 -8 ) (-288 -232 -128 ) 
4 296 298 (-288 -232 -224 ) (-280 -232 -224 ) (-280 -232 -144 ) (-288 -232 -144 ) 
