


materialPath: D:\Steam\steamapps\common\Counter-Strike Global Offensive\csgo\materials
Loading D:\Desktop\csgo\hammer maps\dont click me\dont_click _the_button.vmf
Map revision 4
fixing up env_cubemap materials on brush sides...
0...1...2...3...4...5...6...7...8...9...100...1...2...3...4...5...6...7...8...9...10Processing areas...done (0)
Building Faces...done (0)
FixTjuncs...
PruneNodes...
WriteBSP...
done (0)
writing D:\Desktop\csgo\hammer maps\dont click me\dont_click _the_button.prt...Building visibility clusters...
AutoVisClustering (threshold=-1) matched 0 leafs.
done (0)
Finding displacement neighbors...
Finding lightmap sample positions...
Displacement Alpha : 0...1...2...3...4...5...6...7...8...9...10
Building Physics collision data...
done (0) (2685 bytes)
Placing detail props : 0...1...2...3...4...5...6...7...8...9...Error! To use model "models/props_fairgrounds/gallery_button.mdl"
      with detail_prop, it must be compiled with $staticprop!
Error loading studio model "models/props_fairgrounds/gallery_button.mdl"!
10
Compacting texture/material tables...
Reduced 6 texinfos to 6
Reduced 2 texdatas to 2 (34 bytes to 34)
Writing D:\Desktop\csgo\hammer maps\dont click me\dont_click _the_button.bsp
MSG_FILEWRITE - Filesystem was asked to write to 'd:\desktop\csgo\hammer maps\dont click me\dont_click _the_button.bsp', but we don't own that location. Allowing...
0 seconds elapsed



4 threads
reading d:\desktop\csgo\hammer maps\dont click me\dont_click _the_button.bsp
reading d:\desktop\csgo\hammer maps\dont click me\dont_click _the_button.prt
  12 portalclusters
  20 numportals
0...1...2...3...4...5...6...7...8...9...100...1...2...3...4...5...6...7...8...9...10Optimized: 0 visible clusters (0.00%)
Total clusters visible: 144
Average clusters visible: 12
Building PAS...
Average clusters audible: 12
visdatasize:148  compressed from 192
writing d:\desktop\csgo\hammer maps\dont click me\dont_click _the_button.bsp
MSG_FILEWRITE - Filesystem was asked to write to 'd:\desktop\csgo\hammer maps\dont click me\dont_click _the_button.bsp', but we don't own that location. Allowing...
0 seconds elapsed



[Reading texlights from 'lights.rad']
[17 texlights parsed from 'lights.rad']

Loading d:\desktop\csgo\hammer maps\dont click me\dont_click _the_button.bsp
68 faces
67364 square feet [9700447.00 square inches]
0 Displacements
0 Square Feet [0.00 Square Inches]
68 patches before subdivision
6228 patches after subdivision
1 direct lights
0...1...2...3...4...5...6...7...8...9...100...1...2...3...4...5...6...7...8...9...10transfers 809546, max 330
transfer lists:   6.2 megs
0...1...2...3...4...5...6...7...8...9...10	Bounce #1 added RGB(15, 7, 7)
0...1...2...3...4...5...6...7...8...9...10	Bounce #2 added RGB(0, 0, 0)
Build Patch/Sample Hash Table(s).....Done<0.0018 sec>
0...1...2...3...4...5...6...7...8...9...10FinalLightFace Done
0 of 0 (0% of) surface lights went in leaf ambient cubes.
0...1...2...3...4...5...6...7...8...9...10Writing leaf ambient...done
Ready to Finish

Object names       Objects/Maxobjs  Memory / Maxmem  Fullness 
------------       ---------------  ---------------  -------- 
models                   1/1024           48/49152    ( 0.1%) 
brushes                  7/8192           84/98304    ( 0.1%) 
brushsides              42/81920         336/655360   ( 0.1%) 
planes                  46/65536         920/1310720  ( 0.1%) 
vertexes               101/65536        1212/786432   ( 0.2%) 
nodes                   37/65536        1184/2097152  ( 0.1%) 
texinfos                 6/12288         432/884736   ( 0.0%) 
texdata                  2/4096           64/131072   ( 0.0%) 
dispinfos                0/0               0/0        ( 0.0%) 
disp_verts               0/0               0/0        ( 0.0%) 
disp_tris                0/0               0/0        ( 0.0%) 
disp_multiblend          0/0               0/0        ( 0.0%) 
disp_lmsamples           0/0               0/0        ( 0.0%) 
faces                   68/65536        3808/3670016  ( 0.1%) 
hdr faces                0/65536           0/3670016  ( 0.0%) 
origfaces               11/65536         616/3670016  ( 0.0%) 
facebrushes              0/0               0/0        ( 0.0%) 
facebrushlists          68/0             272/0        ( 0.0%) 
leaves                  39/65536        1248/2097152  ( 0.1%) 
leaffaces              108/65536         216/131072   ( 0.2%) 
leafbrushes             20/65536          40/131072   ( 0.0%) 
areas                    2/1024           16/8192     ( 0.2%) 
surfedges              344/512000       1376/2048000  ( 0.1%) 
edges                  187/256000        748/1024000  ( 0.1%) 
LDR worldlights          1/8192          100/819200   ( 0.0%) 
HDR worldlights          0/8192            0/819200   ( 0.0%) 
leafwaterdata            0/32768           0/393216   ( 0.0%) 
waterstrips              4/32768          40/327680   ( 0.0%) 
waterverts               0/65536           0/786432   ( 0.0%) 
waterindices            54/65536         108/131072   ( 0.1%) 
cubemapsamples           0/1024            0/16384    ( 0.0%) 
overlays                 0/1024            0/360448   ( 0.0%) 
LDR lightdata         [variable]      341904/0        ( 0.0%) 
HDR lightdata         [variable]           0/0        ( 0.0%) 
visdata               [variable]         148/16777216 ( 0.0%) 
entdata               [variable]         747/393216   ( 0.2%) 
LDR ambient table       39/65536         156/262144   ( 0.1%) 
HDR ambient table       39/65536         156/262144   ( 0.1%) 
LDR leaf ambient        42/65536        1176/1835008  ( 0.1%) 
HDR leaf ambient        39/65536        1092/1835008  ( 0.1%) 
occluders                0/0               0/0        ( 0.0%) 
occluder polygons        0/0               0/0        ( 0.0%) 
occluder vert ind        0/0               0/0        ( 0.0%) 
detail props          [variable]           1/12       ( 8.3%) 
static props          [variable]           1/12       ( 8.3%) 
pakfile               [variable]       74486/0        ( 0.0%) 
physics               [variable]        2685/4194304  ( 0.1%) 
physics terrain       [variable]           2/1048576  ( 0.0%) 

Level flags = 7c

Total triangle count: 164
Writing d:\desktop\csgo\hammer maps\dont click me\dont_click _the_button.bsp
MSG_FILEWRITE - Filesystem was asked to write to 'd:\desktop\csgo\hammer maps\dont click me\dont_click _the_button.bsp', but we don't own that location. Allowing...
0 seconds elapsed



materialPath: D:\Steam\steamapps\common\Counter-Strike Global Offensive\csgo\materials
Loading D:\Desktop\csgo\hammer maps\dont click me\dont_click _the_button.vmf
Map revision 33
fixing up env_cubemap materials on brush sides...
0...1...2...3...4...5...6...7...8...9...100...1...2...3...4...5...6...7...8...9...10Processing areas...done (0)
Building Faces...done (0)
FixTjuncs...
PruneNodes...
WriteBSP...
done (0)
writing D:\Desktop\csgo\hammer maps\dont click me\dont_click _the_button.prt...Building visibility clusters...
AutoVisClustering (threshold=-1) matched 0 leafs.
done (0)
Finding displacement neighbors...
Finding lightmap sample positions...
Displacement Alpha : 0...1...2...3...4...5...6...7...8...9...10
Building Physics collision data...
done (0) (2685 bytes)
Placing detail props : 0...1...2...3...4...5...6...7...8...9...Error! To use model "models/props_fairgrounds/gallery_button.mdl"
      with detail_prop, it must be compiled with $staticprop!
Error loading studio model "models/props_fairgrounds/gallery_button.mdl"!
Error! detail_prop using model "models/props/cs_assault/skylightglass_panea_shard_1.mdl", which must be used on a dynamic entity (i.e. prop_physics). Deleted.
Error loading studio model "models/props/cs_assault/skylightglass_panea_shard_1.mdl"!
Error! detail_prop using model "models/props/cs_assault/skylightglass_panea_shard_2.mdl", which must be used on a dynamic entity (i.e. prop_physics). Deleted.
Error loading studio model "models/props/cs_assault/skylightglass_panea_shard_2.mdl"!
Error! detail_prop using model "models/props/cs_assault/skylightglass_panea_shard_3.mdl", which must be used on a dynamic entity (i.e. prop_physics). Deleted.
Error loading studio model "models/props/cs_assault/skylightglass_panea_shard_3.mdl"!
Error! detail_prop using model "models/props/cs_assault/skylightglass_panea_shard_4.mdl", which must be used on a dynamic entity (i.e. prop_physics). Deleted.
Error loading studio model "models/props/cs_assault/skylightglass_panea_shard_4.mdl"!
Error! detail_prop using model "models/props/cs_assault/skylightglass_panea_shard_5.mdl", which must be used on a dynamic entity (i.e. prop_physics). Deleted.
Error loading studio model "models/props/cs_assault/skylightglass_panea_shard_5.mdl"!
Error! detail_prop using model "models/props/cs_assault/skylightglass_panea_shard_6.mdl", which must be used on a dynamic entity (i.e. prop_physics). Deleted.
Error loading studio model "models/props/cs_assault/skylightglass_panea_shard_6.mdl"!
Error! detail_prop using model "models/props/cs_assault/skylightglass_panea_shard_7.mdl", which must be used on a dynamic entity (i.e. prop_physics). Deleted.
Error loading studio model "models/props/cs_assault/skylightglass_panea_shard_7.mdl"!
Error! detail_prop using model "models/props/cs_assault/skylightglass_panea_shard_8.mdl", which must be used on a dynamic entity (i.e. prop_physics). Deleted.
Error loading studio model "models/props/cs_assault/skylightglass_panea_shard_8.mdl"!
Error! detail_prop using model "models/props/cs_assault/skylightglass_paneb_shard_1.mdl", which must be used on a dynamic entity (i.e. prop_physics). Deleted.
Error loading studio model "models/props/cs_assault/skylightglass_paneb_shard_1.mdl"!
Error! detail_prop using model "models/props/cs_assault/skylightglass_paneb_shard_2.mdl", which must be used on a dynamic entity (i.e. prop_physics). Deleted.
Error loading studio model "models/props/cs_assault/skylightglass_paneb_shard_2.mdl"!
Error! detail_prop using model "models/props/cs_assault/skylightglass_paneb_shard_3.mdl", which must be used on a dynamic entity (i.e. prop_physics). Deleted.
Error loading studio model "models/props/cs_assault/skylightglass_paneb_shard_3.mdl"!
Error! detail_prop using model "models/props/cs_assault/skylightglass_paneb_shard_4.mdl", which must be used on a dynamic entity (i.e. prop_physics). Deleted.
Error loading studio model "models/props/cs_assault/skylightglass_paneb_shard_4.mdl"!
Error! detail_prop using model "models/props/cs_assault/skylightglass_paneb_shard_5.mdl", which must be used on a dynamic entity (i.e. prop_physics). Deleted.
Error loading studio model "models/props/cs_assault/skylightglass_paneb_shard_5.mdl"!
Error! detail_prop using model "models/props/cs_assault/skylightglass_paneb_shard_6.mdl", which must be used on a dynamic entity (i.e. prop_physics). Deleted.
Error loading studio model "models/props/cs_assault/skylightglass_paneb_shard_6.mdl"!
Error! detail_prop using model "models/props/cs_assault/skylightglass_paneb_shard_7.mdl", which must be used on a dynamic entity (i.e. prop_physics). Deleted.
Error loading studio model "models/props/cs_assault/skylightglass_paneb_shard_7.mdl"!
Error! detail_prop using model "models/props/cs_assault/skylightglass_paneb_shard_8.mdl", which must be used on a dynamic entity (i.e. prop_physics). Deleted.
Error loading studio model "models/props/cs_assault/skylightglass_paneb_shard_8.mdl"!
Error! detail_prop using model "models/props/cs_assault/skylightglass_paneb_shard_9.mdl", which must be used on a dynamic entity (i.e. prop_physics). Deleted.
Error loading studio model "models/props/cs_assault/skylightglass_paneb_shard_9.mdl"!
Error! detail_prop using model "models/props/cs_assault/skylightglass_panec_shard_1.mdl", which must be used on a dynamic entity (i.e. prop_physics). Deleted.
Error loading studio model "models/props/cs_assault/skylightglass_panec_shard_1.mdl"!
Error! detail_prop using model "models/props/cs_assault/skylightglass_panec_shard_2.mdl", which must be used on a dynamic entity (i.e. prop_physics). Deleted.
Error loading studio model "models/props/cs_assault/skylightglass_panec_shard_2.mdl"!
Error! detail_prop using model "models/props/cs_assault/skylightglass_panec_shard_3.mdl", which must be used on a dynamic entity (i.e. prop_physics). Deleted.
Error loading studio model "models/props/cs_assault/skylightglass_panec_shard_3.mdl"!
Error! detail_prop using model "models/props/cs_assault/skylightglass_panec_shard_4.mdl", which must be used on a dynamic entity (i.e. prop_physics). Deleted.
Error loading studio model "models/props/cs_assault/skylightglass_panec_shard_4.mdl"!
Error! detail_prop using model "models/props/cs_assault/skylightglass_panec_shard_5.mdl", which must be used on a dynamic entity (i.e. prop_physics). Deleted.
Error loading studio model "models/props/cs_assault/skylightglass_panec_shard_5.mdl"!
Error! detail_prop using model "models/props/cs_assault/skylightglass_panec_shard_6.mdl", which must be used on a dynamic entity (i.e. prop_physics). Deleted.
Error loading studio model "models/props/cs_assault/skylightglass_panec_shard_6.mdl"!
10
Compacting texture/material tables...
Reduced 6 texinfos to 6
Reduced 2 texdatas to 2 (34 bytes to 34)
Writing D:\Desktop\csgo\hammer maps\dont click me\dont_click _the_button.bsp
MSG_FILEWRITE - Filesystem was asked to write to 'd:\desktop\csgo\hammer maps\dont click me\dont_click _the_button.bsp', but we don't own that location. Allowing...
0 seconds elapsed



4 threads
reading d:\desktop\csgo\hammer maps\dont click me\dont_click _the_button.bsp
reading d:\desktop\csgo\hammer maps\dont click me\dont_click _the_button.prt
  12 portalclusters
  20 numportals
0...1...2...3...4...5...6...7...8...9...100...1...2...3...4...5...6...7...8...9...10Optimized: 0 visible clusters (0.00%)
Total clusters visible: 144
Average clusters visible: 12
Building PAS...
Average clusters audible: 12
visdatasize:148  compressed from 192
writing d:\desktop\csgo\hammer maps\dont click me\dont_click _the_button.bsp
MSG_FILEWRITE - Filesystem was asked to write to 'd:\desktop\csgo\hammer maps\dont click me\dont_click _the_button.bsp', but we don't own that location. Allowing...
0 seconds elapsed



[Reading texlights from 'lights.rad']
[17 texlights parsed from 'lights.rad']

Loading d:\desktop\csgo\hammer maps\dont click me\dont_click _the_button.bsp
68 faces
67364 square feet [9700447.00 square inches]
0 Displacements
0 Square Feet [0.00 Square Inches]
68 patches before subdivision
6228 patches after subdivision
1 direct lights
0...1...2...3...4...5...6...7...8...9...100...1...2...3...4...5...6...7...8...9...10transfers 809546, max 330
transfer lists:   6.2 megs
0...1...2...3...4...5...6...7...8...9...10	Bounce #1 added RGB(0, 0, 0)
Build Patch/Sample Hash Table(s).....Done<0.0021 sec>
0...1...2...3...4...5...6...7...8...9...10FinalLightFace Done
Computing detail prop lighting : 0...1...2...3...4...5...6...7...8...9...10
0 of 0 (0% of) surface lights went in leaf ambient cubes.
0...1...2...3...4...5...6...7...8...9...10Writing leaf ambient...done
Ready to Finish

Object names       Objects/Maxobjs  Memory / Maxmem  Fullness 
------------       ---------------  ---------------  -------- 
models                   1/1024           48/49152    ( 0.1%) 
brushes                  7/8192           84/98304    ( 0.1%) 
brushsides              42/81920         336/655360   ( 0.1%) 
planes                  46/65536         920/1310720  ( 0.1%) 
vertexes               101/65536        1212/786432   ( 0.2%) 
nodes                   37/65536        1184/2097152  ( 0.1%) 
texinfos                 6/12288         432/884736   ( 0.0%) 
texdata                  2/4096           64/131072   ( 0.0%) 
dispinfos                0/0               0/0        ( 0.0%) 
disp_verts               0/0               0/0        ( 0.0%) 
disp_tris                0/0               0/0        ( 0.0%) 
disp_multiblend          0/0               0/0        ( 0.0%) 
disp_lmsamples           0/0               0/0        ( 0.0%) 
faces                   68/65536        3808/3670016  ( 0.1%) 
hdr faces                0/65536           0/3670016  ( 0.0%) 
origfaces               11/65536         616/3670016  ( 0.0%) 
facebrushes              0/0               0/0        ( 0.0%) 
facebrushlists          68/0             272/0        ( 0.0%) 
leaves                  39/65536        1248/2097152  ( 0.1%) 
leaffaces              108/65536         216/131072   ( 0.2%) 
leafbrushes             20/65536          40/131072   ( 0.0%) 
areas                    2/1024           16/8192     ( 0.2%) 
surfedges              344/512000       1376/2048000  ( 0.1%) 
edges                  187/256000        748/1024000  ( 0.1%) 
LDR worldlights          1/8192          100/819200   ( 0.0%) 
HDR worldlights          0/8192            0/819200   ( 0.0%) 
leafwaterdata            0/32768           0/393216   ( 0.0%) 
waterstrips              4/32768          40/327680   ( 0.0%) 
waterverts               0/65536           0/786432   ( 0.0%) 
waterindices            54/65536         108/131072   ( 0.1%) 
cubemapsamples           0/1024            0/16384    ( 0.0%) 
overlays                 0/1024            0/360448   ( 0.0%) 
LDR lightdata         [variable]      376072/0        ( 0.0%) 
HDR lightdata         [variable]           0/0        ( 0.0%) 
visdata               [variable]         148/16777216 ( 0.0%) 
entdata               [variable]         792/393216   ( 0.2%) 
LDR ambient table       39/65536         156/262144   ( 0.1%) 
HDR ambient table       39/65536         156/262144   ( 0.1%) 
LDR leaf ambient        12/65536         336/1835008  ( 0.0%) 
HDR leaf ambient        39/65536        1092/1835008  ( 0.1%) 
occluders                0/0               0/0        ( 0.0%) 
occluder polygons        0/0               0/0        ( 0.0%) 
occluder vert ind        0/0               0/0        ( 0.0%) 
detail props          [variable]           1/1452     ( 0.1%) 
dtl prp lght          [variable]           1/4        (25.0%) 
HDR dtl prp lght      [variable]           1/4        (25.0%) 
static props          [variable]           1/12       ( 8.3%) 
pakfile               [variable]       74486/0        ( 0.0%) 
physics               [variable]        2685/4194304  ( 0.1%) 
physics terrain       [variable]           2/1048576  ( 0.0%) 

Level flags = 7c

Total triangle count: 164
Writing d:\desktop\csgo\hammer maps\dont click me\dont_click _the_button.bsp
MSG_FILEWRITE - Filesystem was asked to write to 'd:\desktop\csgo\hammer maps\dont click me\dont_click _the_button.bsp', but we don't own that location. Allowing...
0 seconds elapsed
