PRT1
12
20
4 0 3 (0 7 352 ) (0 945.231079 352 ) (0 945.231079 32 ) (0 7 32 ) 
4 0 2 (4 7 76 ) (4 7 352 ) (0 7 352 ) (0 7 76 ) 
4 0 1 (4 7 32 ) (960 7 32 ) (960 7 352 ) (4 7 352 ) 
4 1 6 (960 0 352 ) (4 0 352 ) (4 0 32 ) (960 0 32 ) 
4 1 2 (4 7 352 ) (4 7 76 ) (4 0 76 ) (4 0 352 ) 
4 2 7 (4 0 352 ) (0 0 352 ) (0 0 76 ) (4 0 76 ) 
4 2 4 (0 0 76 ) (0 0 352 ) (0 7 352 ) (0 7 76 ) 
4 3 4 (0 7 76 ) (0 7 352 ) (-8 7 352 ) (-8 7 76 ) 
4 3 5 (-960 7 352 ) (-960 7 32 ) (-8 7 32 ) (-8 7 352 ) 
4 4 9 (0 0 76 ) (0 0 352 ) (-8 0 352 ) (-8 0 76 ) 
4 4 5 (-8 7 352 ) (-8 7 76 ) (-8 0 76 ) (-8 0 352 ) 
4 5 10 (-8 0 352 ) (-960 0 352 ) (-960 0 32 ) (-8 0 32 ) 
4 6 8 (4 -8 32 ) (960 -8 32 ) (960 -8 352 ) (4 -8 352 ) 
4 6 7 (4 -8 76 ) (4 -8 352 ) (4 0 352 ) (4 0 76 ) 
4 7 9 (0 0 352 ) (0 0 76 ) (0 -8 76 ) (0 -8 352 ) 
4 7 8 (4 -8 76 ) (4 -8 352 ) (0 -8 352 ) (0 -8 76 ) 
4 8 11 (0 -8 32 ) (0 -945.231079 32 ) (0 -945.231079 352 ) (0 -8 352 ) 
4 9 11 (0 -8 76 ) (0 -8 352 ) (-8 -8 352 ) (-8 -8 76 ) 
4 9 10 (-8 -8 76 ) (-8 -8 352 ) (-8 0 352 ) (-8 0 76 ) 
4 10 11 (-960 -8 352 ) (-960 -8 32 ) (-8 -8 32 ) (-8 -8 352 ) 
