


materialPath: D:\Steam\steamapps\common\Counter-Strike Global Offensive\csgo\materials
Loading D:\OneDrive\Desktop\csgo\hammer maps\Marksman\marksman.vmf
Map revision 51
fixing up env_cubemap materials on brush sides...
0...1...2...3...4...5...6...7...8...9...100...1...2...3...4...5...6...7...8...9...10Processing areas...done (0)
Building Faces...done (0)
FixTjuncs...
PruneNodes...
WriteBSP...
done (0)
writing D:\OneDrive\Desktop\csgo\hammer maps\Marksman\marksman.prt...Building visibility clusters...
AutoVisClustering (threshold=-1) matched 0 leafs.
done (0)
Finding displacement neighbors...
Finding lightmap sample positions...
Displacement Alpha : 0...1...2...3...4...5...6...7...8...9...10
Building Physics collision data...
done (0) (7135 bytes)
Placing detail props : 0...1...2...3...4...5...6...7...8...9...10
Compacting texture/material tables...
Reduced 25 texinfos to 17
Reduced 4 texdatas to 4 (88 bytes to 88)
Writing D:\OneDrive\Desktop\csgo\hammer maps\Marksman\marksman.bsp
MSG_FILEWRITE - Filesystem was asked to write to 'd:\onedrive\desktop\csgo\hammer maps\marksman\marksman.bsp', but we don't own that location. Allowing...
0 seconds elapsed



16 threads
reading d:\onedrive\desktop\csgo\hammer maps\marksman\marksman.bsp
reading d:\onedrive\desktop\csgo\hammer maps\marksman\marksman.prt
   2 portalclusters
   0 numportals
0...1...2...3...4...5...6...7...8...9...100...1...2...3...4...5...6...7...8...9...10Optimized: 0 visible clusters (0.00%)
Total clusters visible: 2
Average clusters visible: 1
Building PAS...
Average clusters audible: 1
visdatasize:24  compressed from 32
writing d:\onedrive\desktop\csgo\hammer maps\marksman\marksman.bsp
MSG_FILEWRITE - Filesystem was asked to write to 'd:\onedrive\desktop\csgo\hammer maps\marksman\marksman.bsp', but we don't own that location. Allowing...
0 seconds elapsed



[Reading texlights from 'lights.rad']
[17 texlights parsed from 'lights.rad']

Loading d:\onedrive\desktop\csgo\hammer maps\marksman\marksman.bsp
42 faces
2222 square feet [320000.00 square inches]
0 Displacements
0 Square Feet [0.00 Square Inches]
42 patches before subdivision
142 patches after subdivision
2 direct lights
0...1...2...3...4...5...6...7...8...9...100...1...2...3...4...5...6...7...8...9...10transfers 752, max 20
transfer lists:   0.0 megs
0...1...2...3...4...5...6...7...8...9...10	Bounce #1 added RGB(546, 154, 2)
0...1...2...3...4...5...6...7...8...9...10	Bounce #2 added RGB(213, 17, 0)
0...1...2...3...4...5...6...7...8...9...10	Bounce #3 added RGB(81, 2, 0)
0...1...2...3...4...5...6...7...8...9...10	Bounce #4 added RGB(31, 0, 0)
0...1...2...3...4...5...6...7...8...9...10	Bounce #5 added RGB(12, 0, 0)
0...1...2...3...4...5...6...7...8...9...10	Bounce #6 added RGB(5, 0, 0)
0...1...2...3...4...5...6...7...8...9...10	Bounce #7 added RGB(2, 0, 0)
0...1...2...3...4...5...6...7...8...9...10	Bounce #8 added RGB(1, 0, 0)
Build Patch/Sample Hash Table(s).....Done<0.0000 sec>
0...1...2...3...4...5...6...7...8...9...10FinalLightFace Done
0 of 0 (0% of) surface lights went in leaf ambient cubes.
0...1...2...3...4...5...6...7...8...9...10Writing leaf ambient...done
Ready to Finish

Object names       Objects/Maxobjs  Memory / Maxmem  Fullness 
------------       ---------------  ---------------  -------- 
models                   6/1024          288/49152    ( 0.6%) 
brushes                 17/8192          204/98304    ( 0.2%) 
brushsides             102/81920         816/655360   ( 0.1%) 
planes                  84/65536        1680/1310720  ( 0.1%) 
vertexes                81/65536         972/786432   ( 0.1%) 
nodes                   49/65536        1568/2097152  ( 0.1%) 
texinfos                17/12288        1224/884736   ( 0.1%) 
texdata                  4/4096          128/131072   ( 0.1%) 
dispinfos                0/0               0/0        ( 0.0%) 
disp_verts               0/0               0/0        ( 0.0%) 
disp_tris                0/0               0/0        ( 0.0%) 
disp_multiblend          0/0               0/0        ( 0.0%) 
disp_lmsamples           0/0               0/0        ( 0.0%) 
faces                   42/65536        2352/3670016  ( 0.1%) 
hdr faces                0/65536           0/3670016  ( 0.0%) 
origfaces               42/65536        2352/3670016  ( 0.1%) 
facebrushes              0/0               0/0        ( 0.0%) 
facebrushlists          42/0             168/0        ( 0.0%) 
leaves                  56/65536        1792/2097152  ( 0.1%) 
leaffaces               42/65536          84/131072   ( 0.1%) 
leafbrushes             17/65536          34/131072   ( 0.0%) 
areas                    3/1024           24/8192     ( 0.3%) 
surfedges              336/512000       1344/2048000  ( 0.1%) 
edges                  189/256000        756/1024000  ( 0.1%) 
LDR worldlights          2/8192          200/819200   ( 0.0%) 
HDR worldlights          0/8192            0/819200   ( 0.0%) 
leafwaterdata            0/32768           0/393216   ( 0.0%) 
waterstrips              0/32768           0/327680   ( 0.0%) 
waterverts               0/65536           0/786432   ( 0.0%) 
waterindices             0/65536           0/131072   ( 0.0%) 
cubemapsamples           0/1024            0/16384    ( 0.0%) 
overlays                 0/1024            0/360448   ( 0.0%) 
LDR lightdata         [variable]        6808/0        ( 0.0%) 
HDR lightdata         [variable]           0/0        ( 0.0%) 
visdata               [variable]          24/16777216 ( 0.0%) 
entdata               [variable]        5602/393216   ( 1.4%) 
LDR ambient table       56/65536         224/262144   ( 0.1%) 
HDR ambient table       56/65536         224/262144   ( 0.1%) 
LDR leaf ambient       305/65536        8540/1835008  ( 0.5%) 
HDR leaf ambient        56/65536        1568/1835008  ( 0.1%) 
occluders                0/0               0/0        ( 0.0%) 
occluder polygons        0/0               0/0        ( 0.0%) 
occluder vert ind        0/0               0/0        ( 0.0%) 
detail props          [variable]           1/12       ( 8.3%) 
static props          [variable]           1/12       ( 8.3%) 
pakfile               [variable]       74430/0        ( 0.0%) 
physics               [variable]        7135/4194304  ( 0.2%) 
physics terrain       [variable]           2/1048576  ( 0.0%) 

Level flags = 7c

Total triangle count: 84
Writing d:\onedrive\desktop\csgo\hammer maps\marksman\marksman.bsp
MSG_FILEWRITE - Filesystem was asked to write to 'd:\onedrive\desktop\csgo\hammer maps\marksman\marksman.bsp', but we don't own that location. Allowing...
0 seconds elapsed



materialPath: D:\Steam\steamapps\common\Counter-Strike Global Offensive\csgo\materials
Loading D:\OneDrive\Desktop\csgo\hammer maps\Marksman\marksman.vmf
Map revision 53
fixing up env_cubemap materials on brush sides...
0...1...2...3...4...5...6...7...8...9...100...1...2...3...4...5...6...7...8...9...10Processing areas...done (0)
Building Faces...done (0)
FixTjuncs...
PruneNodes...
WriteBSP...
done (0)
writing D:\OneDrive\Desktop\csgo\hammer maps\Marksman\marksman.prt...Building visibility clusters...
AutoVisClustering (threshold=-1) matched 0 leafs.
done (0)
Finding displacement neighbors...
Finding lightmap sample positions...
Displacement Alpha : 0...1...2...3...4...5...6...7...8...9...10
Building Physics collision data...
done (0) (7135 bytes)
Placing detail props : 0...1...2...3...4...5...6...7...8...9...10
Compacting texture/material tables...
Reduced 25 texinfos to 17
Reduced 4 texdatas to 4 (88 bytes to 88)
Writing D:\OneDrive\Desktop\csgo\hammer maps\Marksman\marksman.bsp
MSG_FILEWRITE - Filesystem was asked to write to 'd:\onedrive\desktop\csgo\hammer maps\marksman\marksman.bsp', but we don't own that location. Allowing...
0 seconds elapsed



16 threads
reading d:\onedrive\desktop\csgo\hammer maps\marksman\marksman.bsp
reading d:\onedrive\desktop\csgo\hammer maps\marksman\marksman.prt
   2 portalclusters
   0 numportals
0...1...2...3...4...5...6...7...8...9...100...1...2...3...4...5...6...7...8...9...10Optimized: 0 visible clusters (0.00%)
Total clusters visible: 2
Average clusters visible: 1
Building PAS...
Average clusters audible: 1
visdatasize:24  compressed from 32
writing d:\onedrive\desktop\csgo\hammer maps\marksman\marksman.bsp
MSG_FILEWRITE - Filesystem was asked to write to 'd:\onedrive\desktop\csgo\hammer maps\marksman\marksman.bsp', but we don't own that location. Allowing...
0 seconds elapsed



[Reading texlights from 'lights.rad']
[17 texlights parsed from 'lights.rad']

Loading d:\onedrive\desktop\csgo\hammer maps\marksman\marksman.bsp
42 faces
2222 square feet [320000.00 square inches]
0 Displacements
0 Square Feet [0.00 Square Inches]
42 patches before subdivision
142 patches after subdivision
2 direct lights
0...1...2...3...4...5...6...7...8...9...100...1...2...3...4...5...6...7...8...9...10transfers 752, max 20
transfer lists:   0.0 megs
0...1...2...3...4...5...6...7...8...9...10	Bounce #1 added RGB(546, 154, 2)
0...1...2...3...4...5...6...7...8...9...10	Bounce #2 added RGB(213, 17, 0)
0...1...2...3...4...5...6...7...8...9...10	Bounce #3 added RGB(81, 2, 0)
0...1...2...3...4...5...6...7...8...9...10	Bounce #4 added RGB(31, 0, 0)
0...1...2...3...4...5...6...7...8...9...10	Bounce #5 added RGB(12, 0, 0)
0...1...2...3...4...5...6...7...8...9...10	Bounce #6 added RGB(5, 0, 0)
0...1...2...3...4...5...6...7...8...9...10	Bounce #7 added RGB(2, 0, 0)
0...1...2...3...4...5...6...7...8...9...10	Bounce #8 added RGB(1, 0, 0)
Build Patch/Sample Hash Table(s).....Done<0.0000 sec>
0...1...2...3...4...5...6...7...8...9...10FinalLightFace Done
0 of 0 (0% of) surface lights went in leaf ambient cubes.
0...1...2...3...4...5...6...7...8...9...10Writing leaf ambient...done
Ready to Finish

Object names       Objects/Maxobjs  Memory / Maxmem  Fullness 
------------       ---------------  ---------------  -------- 
models                   6/1024          288/49152    ( 0.6%) 
brushes                 17/8192          204/98304    ( 0.2%) 
brushsides             102/81920         816/655360   ( 0.1%) 
planes                  84/65536        1680/1310720  ( 0.1%) 
vertexes                81/65536         972/786432   ( 0.1%) 
nodes                   49/65536        1568/2097152  ( 0.1%) 
texinfos                17/12288        1224/884736   ( 0.1%) 
texdata                  4/4096          128/131072   ( 0.1%) 
dispinfos                0/0               0/0        ( 0.0%) 
disp_verts               0/0               0/0        ( 0.0%) 
disp_tris                0/0               0/0        ( 0.0%) 
disp_multiblend          0/0               0/0        ( 0.0%) 
disp_lmsamples           0/0               0/0        ( 0.0%) 
faces                   42/65536        2352/3670016  ( 0.1%) 
hdr faces                0/65536           0/3670016  ( 0.0%) 
origfaces               42/65536        2352/3670016  ( 0.1%) 
facebrushes              0/0               0/0        ( 0.0%) 
facebrushlists          42/0             168/0        ( 0.0%) 
leaves                  56/65536        1792/2097152  ( 0.1%) 
leaffaces               42/65536          84/131072   ( 0.1%) 
leafbrushes             17/65536          34/131072   ( 0.0%) 
areas                    3/1024           24/8192     ( 0.3%) 
surfedges              336/512000       1344/2048000  ( 0.1%) 
edges                  189/256000        756/1024000  ( 0.1%) 
LDR worldlights          2/8192          200/819200   ( 0.0%) 
HDR worldlights          0/8192            0/819200   ( 0.0%) 
leafwaterdata            0/32768           0/393216   ( 0.0%) 
waterstrips              0/32768           0/327680   ( 0.0%) 
waterverts               0/65536           0/786432   ( 0.0%) 
waterindices             0/65536           0/131072   ( 0.0%) 
cubemapsamples           0/1024            0/16384    ( 0.0%) 
overlays                 0/1024            0/360448   ( 0.0%) 
LDR lightdata         [variable]        6808/0        ( 0.0%) 
HDR lightdata         [variable]           0/0        ( 0.0%) 
visdata               [variable]          24/16777216 ( 0.0%) 
entdata               [variable]        5268/393216   ( 1.3%) 
LDR ambient table       56/65536         224/262144   ( 0.1%) 
HDR ambient table       56/65536         224/262144   ( 0.1%) 
LDR leaf ambient       305/65536        8540/1835008  ( 0.5%) 
HDR leaf ambient        56/65536        1568/1835008  ( 0.1%) 
occluders                0/0               0/0        ( 0.0%) 
occluder polygons        0/0               0/0        ( 0.0%) 
occluder vert ind        0/0               0/0        ( 0.0%) 
detail props          [variable]           1/12       ( 8.3%) 
static props          [variable]           1/12       ( 8.3%) 
pakfile               [variable]       74430/0        ( 0.0%) 
physics               [variable]        7135/4194304  ( 0.2%) 
physics terrain       [variable]           2/1048576  ( 0.0%) 

Level flags = 7c

Total triangle count: 84
Writing d:\onedrive\desktop\csgo\hammer maps\marksman\marksman.bsp
MSG_FILEWRITE - Filesystem was asked to write to 'd:\onedrive\desktop\csgo\hammer maps\marksman\marksman.bsp', but we don't own that location. Allowing...
0 seconds elapsed



materialPath: D:\Steam\steamapps\common\Counter-Strike Global Offensive\csgo\materials
Loading D:\OneDrive\Desktop\csgo\hammer maps\Marksman\marksman.vmf
Map revision 54
fixing up env_cubemap materials on brush sides...
0...1...2...3...4...5...6...7...8...9...100...1...2...3...4...5...6...7...8...9...10Processing areas...done (0)
Building Faces...done (0)
FixTjuncs...
PruneNodes...
WriteBSP...
done (0)
writing D:\OneDrive\Desktop\csgo\hammer maps\Marksman\marksman.prt...Building visibility clusters...
AutoVisClustering (threshold=-1) matched 0 leafs.
done (0)
Finding displacement neighbors...
Finding lightmap sample positions...
Displacement Alpha : 0...1...2...3...4...5...6...7...8...9...10
Building Physics collision data...
done (0) (7135 bytes)
Placing detail props : 0...1...2...3...4...5...6...7...8...9...10
Compacting texture/material tables...
Reduced 25 texinfos to 17
Reduced 4 texdatas to 4 (88 bytes to 88)
Writing D:\OneDrive\Desktop\csgo\hammer maps\Marksman\marksman.bsp
MSG_FILEWRITE - Filesystem was asked to write to 'd:\onedrive\desktop\csgo\hammer maps\marksman\marksman.bsp', but we don't own that location. Allowing...
0 seconds elapsed



16 threads
reading d:\onedrive\desktop\csgo\hammer maps\marksman\marksman.bsp
reading d:\onedrive\desktop\csgo\hammer maps\marksman\marksman.prt
   2 portalclusters
   0 numportals
0...1...2...3...4...5...6...7...8...9...100...1...2...3...4...5...6...7...8...9...10Optimized: 0 visible clusters (0.00%)
Total clusters visible: 2
Average clusters visible: 1
Building PAS...
Average clusters audible: 1
visdatasize:24  compressed from 32
writing d:\onedrive\desktop\csgo\hammer maps\marksman\marksman.bsp
MSG_FILEWRITE - Filesystem was asked to write to 'd:\onedrive\desktop\csgo\hammer maps\marksman\marksman.bsp', but we don't own that location. Allowing...
0 seconds elapsed



[Reading texlights from 'lights.rad']
[17 texlights parsed from 'lights.rad']

Loading d:\onedrive\desktop\csgo\hammer maps\marksman\marksman.bsp
42 faces
2222 square feet [320000.00 square inches]
0 Displacements
0 Square Feet [0.00 Square Inches]
42 patches before subdivision
142 patches after subdivision
2 direct lights
0...1...2...3...4...5...6...7...8...9...100...1...2...3...4...5...6...7...8...9...10transfers 752, max 20
transfer lists:   0.0 megs
0...1...2...3...4...5...6...7...8...9...10	Bounce #1 added RGB(546, 154, 2)
0...1...2...3...4...5...6...7...8...9...10	Bounce #2 added RGB(213, 17, 0)
0...1...2...3...4...5...6...7...8...9...10	Bounce #3 added RGB(81, 2, 0)
0...1...2...3...4...5...6...7...8...9...10	Bounce #4 added RGB(31, 0, 0)
0...1...2...3...4...5...6...7...8...9...10	Bounce #5 added RGB(12, 0, 0)
0...1...2...3...4...5...6...7...8...9...10	Bounce #6 added RGB(5, 0, 0)
0...1...2...3...4...5...6...7...8...9...10	Bounce #7 added RGB(2, 0, 0)
0...1...2...3...4...5...6...7...8...9...10	Bounce #8 added RGB(1, 0, 0)
Build Patch/Sample Hash Table(s).....Done<0.0000 sec>
0...1...2...3...4...5...6...7...8...9...10FinalLightFace Done
0 of 0 (0% of) surface lights went in leaf ambient cubes.
0...1...2...3...4...5...6...7...8...9...10Writing leaf ambient...done
Ready to Finish

Object names       Objects/Maxobjs  Memory / Maxmem  Fullness 
------------       ---------------  ---------------  -------- 
models                   6/1024          288/49152    ( 0.6%) 
brushes                 17/8192          204/98304    ( 0.2%) 
brushsides             102/81920         816/655360   ( 0.1%) 
planes                  84/65536        1680/1310720  ( 0.1%) 
vertexes                81/65536         972/786432   ( 0.1%) 
nodes                   49/65536        1568/2097152  ( 0.1%) 
texinfos                17/12288        1224/884736   ( 0.1%) 
texdata                  4/4096          128/131072   ( 0.1%) 
dispinfos                0/0               0/0        ( 0.0%) 
disp_verts               0/0               0/0        ( 0.0%) 
disp_tris                0/0               0/0        ( 0.0%) 
disp_multiblend          0/0               0/0        ( 0.0%) 
disp_lmsamples           0/0               0/0        ( 0.0%) 
faces                   42/65536        2352/3670016  ( 0.1%) 
hdr faces                0/65536           0/3670016  ( 0.0%) 
origfaces               42/65536        2352/3670016  ( 0.1%) 
facebrushes              0/0               0/0        ( 0.0%) 
facebrushlists          42/0             168/0        ( 0.0%) 
leaves                  56/65536        1792/2097152  ( 0.1%) 
leaffaces               42/65536          84/131072   ( 0.1%) 
leafbrushes             17/65536          34/131072   ( 0.0%) 
areas                    3/1024           24/8192     ( 0.3%) 
surfedges              336/512000       1344/2048000  ( 0.1%) 
edges                  189/256000        756/1024000  ( 0.1%) 
LDR worldlights          2/8192          200/819200   ( 0.0%) 
HDR worldlights          0/8192            0/819200   ( 0.0%) 
leafwaterdata            0/32768           0/393216   ( 0.0%) 
waterstrips              0/32768           0/327680   ( 0.0%) 
waterverts               0/65536           0/786432   ( 0.0%) 
waterindices             0/65536           0/131072   ( 0.0%) 
cubemapsamples           0/1024            0/16384    ( 0.0%) 
overlays                 0/1024            0/360448   ( 0.0%) 
LDR lightdata         [variable]        6808/0        ( 0.0%) 
HDR lightdata         [variable]           0/0        ( 0.0%) 
visdata               [variable]          24/16777216 ( 0.0%) 
entdata               [variable]        5262/393216   ( 1.3%) 
LDR ambient table       56/65536         224/262144   ( 0.1%) 
HDR ambient table       56/65536         224/262144   ( 0.1%) 
LDR leaf ambient       305/65536        8540/1835008  ( 0.5%) 
HDR leaf ambient        56/65536        1568/1835008  ( 0.1%) 
occluders                0/0               0/0        ( 0.0%) 
occluder polygons        0/0               0/0        ( 0.0%) 
occluder vert ind        0/0               0/0        ( 0.0%) 
detail props          [variable]           1/12       ( 8.3%) 
static props          [variable]           1/12       ( 8.3%) 
pakfile               [variable]       74430/0        ( 0.0%) 
physics               [variable]        7135/4194304  ( 0.2%) 
physics terrain       [variable]           2/1048576  ( 0.0%) 

Level flags = 7c

Total triangle count: 84
Writing d:\onedrive\desktop\csgo\hammer maps\marksman\marksman.bsp
MSG_FILEWRITE - Filesystem was asked to write to 'd:\onedrive\desktop\csgo\hammer maps\marksman\marksman.bsp', but we don't own that location. Allowing...
0 seconds elapsed



materialPath: D:\Steam\steamapps\common\Counter-Strike Global Offensive\csgo\materials
Loading D:\OneDrive\Desktop\csgo\hammer maps\Marksman\marksman.vmf
Map revision 55
fixing up env_cubemap materials on brush sides...
0...1...2...3...4...5...6...7...8...9...100...1...2...3...4...5...6...7...8...9...10Processing areas...done (0)
Building Faces...done (0)
FixTjuncs...
PruneNodes...
WriteBSP...
done (0)
writing D:\OneDrive\Desktop\csgo\hammer maps\Marksman\marksman.prt...Building visibility clusters...
AutoVisClustering (threshold=-1) matched 0 leafs.
done (0)
Finding displacement neighbors...
Finding lightmap sample positions...
Displacement Alpha : 0...1...2...3...4...5...6...7...8...9...10
Building Physics collision data...
done (0) (7135 bytes)
Placing detail props : 0...1...2...3...4...5...6...7...8...9...10
Compacting texture/material tables...
Reduced 25 texinfos to 17
Reduced 4 texdatas to 4 (88 bytes to 88)
Writing D:\OneDrive\Desktop\csgo\hammer maps\Marksman\marksman.bsp
MSG_FILEWRITE - Filesystem was asked to write to 'd:\onedrive\desktop\csgo\hammer maps\marksman\marksman.bsp', but we don't own that location. Allowing...
0 seconds elapsed



16 threads
reading d:\onedrive\desktop\csgo\hammer maps\marksman\marksman.bsp
reading d:\onedrive\desktop\csgo\hammer maps\marksman\marksman.prt
   2 portalclusters
   0 numportals
0...1...2...3...4...5...6...7...8...9...100...1...2...3...4...5...6...7...8...9...10Optimized: 0 visible clusters (0.00%)
Total clusters visible: 2
Average clusters visible: 1
Building PAS...
Average clusters audible: 1
visdatasize:24  compressed from 32
writing d:\onedrive\desktop\csgo\hammer maps\marksman\marksman.bsp
MSG_FILEWRITE - Filesystem was asked to write to 'd:\onedrive\desktop\csgo\hammer maps\marksman\marksman.bsp', but we don't own that location. Allowing...
0 seconds elapsed



[Reading texlights from 'lights.rad']
[17 texlights parsed from 'lights.rad']

Loading d:\onedrive\desktop\csgo\hammer maps\marksman\marksman.bsp
42 faces
2222 square feet [320000.00 square inches]
0 Displacements
0 Square Feet [0.00 Square Inches]
42 patches before subdivision
142 patches after subdivision
2 direct lights
0...1...2...3...4...5...6...7...8...9...100...1...2...3...4...5...6...7...8...9...10transfers 752, max 20
transfer lists:   0.0 megs
0...1...2...3...4...5...6...7...8...9...10	Bounce #1 added RGB(546, 154, 2)
0...1...2...3...4...5...6...7...8...9...10	Bounce #2 added RGB(213, 17, 0)
0...1...2...3...4...5...6...7...8...9...10	Bounce #3 added RGB(81, 2, 0)
0...1...2...3...4...5...6...7...8...9...10	Bounce #4 added RGB(31, 0, 0)
0...1...2...3...4...5...6...7...8...9...10	Bounce #5 added RGB(12, 0, 0)
0...1...2...3...4...5...6...7...8...9...10	Bounce #6 added RGB(5, 0, 0)
0...1...2...3...4...5...6...7...8...9...10	Bounce #7 added RGB(2, 0, 0)
0...1...2...3...4...5...6...7...8...9...10	Bounce #8 added RGB(1, 0, 0)
Build Patch/Sample Hash Table(s).....Done<0.0000 sec>
0...1...2...3...4...5...6...7...8...9...10FinalLightFace Done
0 of 0 (0% of) surface lights went in leaf ambient cubes.
0...1...2...3...4...5...6...7...8...9...10Writing leaf ambient...done
Ready to Finish

Object names       Objects/Maxobjs  Memory / Maxmem  Fullness 
------------       ---------------  ---------------  -------- 
models                   6/1024          288/49152    ( 0.6%) 
brushes                 17/8192          204/98304    ( 0.2%) 
brushsides             102/81920         816/655360   ( 0.1%) 
planes                  84/65536        1680/1310720  ( 0.1%) 
vertexes                81/65536         972/786432   ( 0.1%) 
nodes                   49/65536        1568/2097152  ( 0.1%) 
texinfos                17/12288        1224/884736   ( 0.1%) 
texdata                  4/4096          128/131072   ( 0.1%) 
dispinfos                0/0               0/0        ( 0.0%) 
disp_verts               0/0               0/0        ( 0.0%) 
disp_tris                0/0               0/0        ( 0.0%) 
disp_multiblend          0/0               0/0        ( 0.0%) 
disp_lmsamples           0/0               0/0        ( 0.0%) 
faces                   42/65536        2352/3670016  ( 0.1%) 
hdr faces                0/65536           0/3670016  ( 0.0%) 
origfaces               42/65536        2352/3670016  ( 0.1%) 
facebrushes              0/0               0/0        ( 0.0%) 
facebrushlists          42/0             168/0        ( 0.0%) 
leaves                  56/65536        1792/2097152  ( 0.1%) 
leaffaces               42/65536          84/131072   ( 0.1%) 
leafbrushes             17/65536          34/131072   ( 0.0%) 
areas                    3/1024           24/8192     ( 0.3%) 
surfedges              336/512000       1344/2048000  ( 0.1%) 
edges                  189/256000        756/1024000  ( 0.1%) 
LDR worldlights          2/8192          200/819200   ( 0.0%) 
HDR worldlights          0/8192            0/819200   ( 0.0%) 
leafwaterdata            0/32768           0/393216   ( 0.0%) 
waterstrips              0/32768           0/327680   ( 0.0%) 
waterverts               0/65536           0/786432   ( 0.0%) 
waterindices             0/65536           0/131072   ( 0.0%) 
cubemapsamples           0/1024            0/16384    ( 0.0%) 
overlays                 0/1024            0/360448   ( 0.0%) 
LDR lightdata         [variable]        6808/0        ( 0.0%) 
HDR lightdata         [variable]           0/0        ( 0.0%) 
visdata               [variable]          24/16777216 ( 0.0%) 
entdata               [variable]        5932/393216   ( 1.5%) 
LDR ambient table       56/65536         224/262144   ( 0.1%) 
HDR ambient table       56/65536         224/262144   ( 0.1%) 
LDR leaf ambient       305/65536        8540/1835008  ( 0.5%) 
HDR leaf ambient        56/65536        1568/1835008  ( 0.1%) 
occluders                0/0               0/0        ( 0.0%) 
occluder polygons        0/0               0/0        ( 0.0%) 
occluder vert ind        0/0               0/0        ( 0.0%) 
detail props          [variable]           1/12       ( 8.3%) 
static props          [variable]           1/12       ( 8.3%) 
pakfile               [variable]       74430/0        ( 0.0%) 
physics               [variable]        7135/4194304  ( 0.2%) 
physics terrain       [variable]           2/1048576  ( 0.0%) 

Level flags = 7c

Total triangle count: 84
Writing d:\onedrive\desktop\csgo\hammer maps\marksman\marksman.bsp
MSG_FILEWRITE - Filesystem was asked to write to 'd:\onedrive\desktop\csgo\hammer maps\marksman\marksman.bsp', but we don't own that location. Allowing...
0 seconds elapsed



materialPath: D:\Steam\steamapps\common\Counter-Strike Global Offensive\csgo\materials
Loading D:\OneDrive\Desktop\csgo\hammer maps\Marksman\marksman.vmf
Map revision 56
fixing up env_cubemap materials on brush sides...
0...1...2...3...4...5...6...7...8...9...100...1...2...3...4...5...6...7...8...9...10Processing areas...done (0)
Building Faces...done (0)
FixTjuncs...
PruneNodes...
WriteBSP...
done (0)
writing D:\OneDrive\Desktop\csgo\hammer maps\Marksman\marksman.prt...Building visibility clusters...
AutoVisClustering (threshold=-1) matched 0 leafs.
done (0)
Finding displacement neighbors...
Finding lightmap sample positions...
Displacement Alpha : 0...1...2...3...4...5...6...7...8...9...10
Building Physics collision data...
done (0) (7135 bytes)
Placing detail props : 0...1...2...3...4...5...6...7...8...9...10
Compacting texture/material tables...
Reduced 25 texinfos to 17
Reduced 4 texdatas to 4 (88 bytes to 88)
Writing D:\OneDrive\Desktop\csgo\hammer maps\Marksman\marksman.bsp
MSG_FILEWRITE - Filesystem was asked to write to 'd:\onedrive\desktop\csgo\hammer maps\marksman\marksman.bsp', but we don't own that location. Allowing...
0 seconds elapsed



16 threads
reading d:\onedrive\desktop\csgo\hammer maps\marksman\marksman.bsp
reading d:\onedrive\desktop\csgo\hammer maps\marksman\marksman.prt
   2 portalclusters
   0 numportals
0...1...2...3...4...5...6...7...8...9...100...1...2...3...4...5...6...7...8...9...10Optimized: 0 visible clusters (0.00%)
Total clusters visible: 2
Average clusters visible: 1
Building PAS...
Average clusters audible: 1
visdatasize:24  compressed from 32
writing d:\onedrive\desktop\csgo\hammer maps\marksman\marksman.bsp
MSG_FILEWRITE - Filesystem was asked to write to 'd:\onedrive\desktop\csgo\hammer maps\marksman\marksman.bsp', but we don't own that location. Allowing...
0 seconds elapsed



[Reading texlights from 'lights.rad']
[17 texlights parsed from 'lights.rad']

Loading d:\onedrive\desktop\csgo\hammer maps\marksman\marksman.bsp
42 faces
2222 square feet [320000.00 square inches]
0 Displacements
0 Square Feet [0.00 Square Inches]
42 patches before subdivision
142 patches after subdivision
2 direct lights
0...1...2...3...4...5...6...7...8...9...100...1...2...3...4...5...6...7...8...9...10transfers 752, max 20
transfer lists:   0.0 megs
0...1...2...3...4...5...6...7...8...9...10	Bounce #1 added RGB(546, 154, 2)
0...1...2...3...4...5...6...7...8...9...10	Bounce #2 added RGB(213, 17, 0)
0...1...2...3...4...5...6...7...8...9...10	Bounce #3 added RGB(81, 2, 0)
0...1...2...3...4...5...6...7...8...9...10	Bounce #4 added RGB(31, 0, 0)
0...1...2...3...4...5...6...7...8...9...10	Bounce #5 added RGB(12, 0, 0)
0...1...2...3...4...5...6...7...8...9...10	Bounce #6 added RGB(5, 0, 0)
0...1...2...3...4...5...6...7...8...9...10	Bounce #7 added RGB(2, 0, 0)
0...1...2...3...4...5...6...7...8...9...10	Bounce #8 added RGB(1, 0, 0)
Build Patch/Sample Hash Table(s).....Done<0.0000 sec>
0...1...2...3...4...5...6...7...8...9...10FinalLightFace Done
0 of 0 (0% of) surface lights went in leaf ambient cubes.
0...1...2...3...4...5...6...7...8...9...10Writing leaf ambient...done
Ready to Finish

Object names       Objects/Maxobjs  Memory / Maxmem  Fullness 
------------       ---------------  ---------------  -------- 
models                   6/1024          288/49152    ( 0.6%) 
brushes                 17/8192          204/98304    ( 0.2%) 
brushsides             102/81920         816/655360   ( 0.1%) 
planes                  84/65536        1680/1310720  ( 0.1%) 
vertexes                81/65536         972/786432   ( 0.1%) 
nodes                   49/65536        1568/2097152  ( 0.1%) 
texinfos                17/12288        1224/884736   ( 0.1%) 
texdata                  4/4096          128/131072   ( 0.1%) 
dispinfos                0/0               0/0        ( 0.0%) 
disp_verts               0/0               0/0        ( 0.0%) 
disp_tris                0/0               0/0        ( 0.0%) 
disp_multiblend          0/0               0/0        ( 0.0%) 
disp_lmsamples           0/0               0/0        ( 0.0%) 
faces                   42/65536        2352/3670016  ( 0.1%) 
hdr faces                0/65536           0/3670016  ( 0.0%) 
origfaces               42/65536        2352/3670016  ( 0.1%) 
facebrushes              0/0               0/0        ( 0.0%) 
facebrushlists          42/0             168/0        ( 0.0%) 
leaves                  56/65536        1792/2097152  ( 0.1%) 
leaffaces               42/65536          84/131072   ( 0.1%) 
leafbrushes             17/65536          34/131072   ( 0.0%) 
areas                    3/1024           24/8192     ( 0.3%) 
surfedges              336/512000       1344/2048000  ( 0.1%) 
edges                  189/256000        756/1024000  ( 0.1%) 
LDR worldlights          2/8192          200/819200   ( 0.0%) 
HDR worldlights          0/8192            0/819200   ( 0.0%) 
leafwaterdata            0/32768           0/393216   ( 0.0%) 
waterstrips              0/32768           0/327680   ( 0.0%) 
waterverts               0/65536           0/786432   ( 0.0%) 
waterindices             0/65536           0/131072   ( 0.0%) 
cubemapsamples           0/1024            0/16384    ( 0.0%) 
overlays                 0/1024            0/360448   ( 0.0%) 
LDR lightdata         [variable]        6808/0        ( 0.0%) 
HDR lightdata         [variable]           0/0        ( 0.0%) 
visdata               [variable]          24/16777216 ( 0.0%) 
entdata               [variable]        5932/393216   ( 1.5%) 
LDR ambient table       56/65536         224/262144   ( 0.1%) 
HDR ambient table       56/65536         224/262144   ( 0.1%) 
LDR leaf ambient       305/65536        8540/1835008  ( 0.5%) 
HDR leaf ambient        56/65536        1568/1835008  ( 0.1%) 
occluders                0/0               0/0        ( 0.0%) 
occluder polygons        0/0               0/0        ( 0.0%) 
occluder vert ind        0/0               0/0        ( 0.0%) 
detail props          [variable]           1/12       ( 8.3%) 
static props          [variable]           1/12       ( 8.3%) 
pakfile               [variable]       74430/0        ( 0.0%) 
physics               [variable]        7135/4194304  ( 0.2%) 
physics terrain       [variable]           2/1048576  ( 0.0%) 

Level flags = 7c

Total triangle count: 84
Writing d:\onedrive\desktop\csgo\hammer maps\marksman\marksman.bsp
MSG_FILEWRITE - Filesystem was asked to write to 'd:\onedrive\desktop\csgo\hammer maps\marksman\marksman.bsp', but we don't own that location. Allowing...
0 seconds elapsed



materialPath: D:\Steam\steamapps\common\Counter-Strike Global Offensive\csgo\materials
Loading D:\OneDrive\Desktop\csgo\hammer maps\Marksman\marksman.vmf
Map revision 57
fixing up env_cubemap materials on brush sides...
0...1...2...3...4...5...6...7...8...9...100...1...2...3...4...5...6...7...8...9...10Processing areas...done (0)
Building Faces...done (0)
FixTjuncs...
PruneNodes...
WriteBSP...
done (0)
writing D:\OneDrive\Desktop\csgo\hammer maps\Marksman\marksman.prt...Building visibility clusters...
AutoVisClustering (threshold=-1) matched 0 leafs.
done (0)
Finding displacement neighbors...
Finding lightmap sample positions...
Displacement Alpha : 0...1...2...3...4...5...6...7...8...9...10
Building Physics collision data...
done (0) (7135 bytes)
Placing detail props : 0...1...2...3...4...5...6...7...8...9...10
Compacting texture/material tables...
Reduced 25 texinfos to 17
Reduced 4 texdatas to 4 (88 bytes to 88)
Writing D:\OneDrive\Desktop\csgo\hammer maps\Marksman\marksman.bsp
MSG_FILEWRITE - Filesystem was asked to write to 'd:\onedrive\desktop\csgo\hammer maps\marksman\marksman.bsp', but we don't own that location. Allowing...
0 seconds elapsed



16 threads
reading d:\onedrive\desktop\csgo\hammer maps\marksman\marksman.bsp
reading d:\onedrive\desktop\csgo\hammer maps\marksman\marksman.prt
   2 portalclusters
   0 numportals
0...1...2...3...4...5...6...7...8...9...100...1...2...3...4...5...6...7...8...9...10Optimized: 0 visible clusters (0.00%)
Total clusters visible: 2
Average clusters visible: 1
Building PAS...
Average clusters audible: 1
visdatasize:24  compressed from 32
writing d:\onedrive\desktop\csgo\hammer maps\marksman\marksman.bsp
MSG_FILEWRITE - Filesystem was asked to write to 'd:\onedrive\desktop\csgo\hammer maps\marksman\marksman.bsp', but we don't own that location. Allowing...
0 seconds elapsed



[Reading texlights from 'lights.rad']
[17 texlights parsed from 'lights.rad']

Loading d:\onedrive\desktop\csgo\hammer maps\marksman\marksman.bsp
42 faces
2222 square feet [320000.00 square inches]
0 Displacements
0 Square Feet [0.00 Square Inches]
42 patches before subdivision
142 patches after subdivision
2 direct lights
0...1...2...3...4...5...6...7...8...9...100...1...2...3...4...5...6...7...8...9...10transfers 752, max 20
transfer lists:   0.0 megs
0...1...2...3...4...5...6...7...8...9...10	Bounce #1 added RGB(546, 154, 2)
0...1...2...3...4...5...6...7...8...9...10	Bounce #2 added RGB(213, 17, 0)
0...1...2...3...4...5...6...7...8...9...10	Bounce #3 added RGB(81, 2, 0)
0...1...2...3...4...5...6...7...8...9...10	Bounce #4 added RGB(31, 0, 0)
0...1...2...3...4...5...6...7...8...9...10	Bounce #5 added RGB(12, 0, 0)
0...1...2...3...4...5...6...7...8...9...10	Bounce #6 added RGB(5, 0, 0)
0...1...2...3...4...5...6...7...8...9...10	Bounce #7 added RGB(2, 0, 0)
0...1...2...3...4...5...6...7...8...9...10	Bounce #8 added RGB(1, 0, 0)
Build Patch/Sample Hash Table(s).....Done<0.0000 sec>
0...1...2...3...4...5...6...7...8...9...10FinalLightFace Done
0 of 0 (0% of) surface lights went in leaf ambient cubes.
0...1...2...3...4...5...6...7...8...9...10Writing leaf ambient...done
Ready to Finish

Object names       Objects/Maxobjs  Memory / Maxmem  Fullness 
------------       ---------------  ---------------  -------- 
models                   6/1024          288/49152    ( 0.6%) 
brushes                 17/8192          204/98304    ( 0.2%) 
brushsides             102/81920         816/655360   ( 0.1%) 
planes                  84/65536        1680/1310720  ( 0.1%) 
vertexes                81/65536         972/786432   ( 0.1%) 
nodes                   49/65536        1568/2097152  ( 0.1%) 
texinfos                17/12288        1224/884736   ( 0.1%) 
texdata                  4/4096          128/131072   ( 0.1%) 
dispinfos                0/0               0/0        ( 0.0%) 
disp_verts               0/0               0/0        ( 0.0%) 
disp_tris                0/0               0/0        ( 0.0%) 
disp_multiblend          0/0               0/0        ( 0.0%) 
disp_lmsamples           0/0               0/0        ( 0.0%) 
faces                   42/65536        2352/3670016  ( 0.1%) 
hdr faces                0/65536           0/3670016  ( 0.0%) 
origfaces               42/65536        2352/3670016  ( 0.1%) 
facebrushes              0/0               0/0        ( 0.0%) 
facebrushlists          42/0             168/0        ( 0.0%) 
leaves                  56/65536        1792/2097152  ( 0.1%) 
leaffaces               42/65536          84/131072   ( 0.1%) 
leafbrushes             17/65536          34/131072   ( 0.0%) 
areas                    3/1024           24/8192     ( 0.3%) 
surfedges              336/512000       1344/2048000  ( 0.1%) 
edges                  189/256000        756/1024000  ( 0.1%) 
LDR worldlights          2/8192          200/819200   ( 0.0%) 
HDR worldlights          0/8192            0/819200   ( 0.0%) 
leafwaterdata            0/32768           0/393216   ( 0.0%) 
waterstrips              0/32768           0/327680   ( 0.0%) 
waterverts               0/65536           0/786432   ( 0.0%) 
waterindices             0/65536           0/131072   ( 0.0%) 
cubemapsamples           0/1024            0/16384    ( 0.0%) 
overlays                 0/1024            0/360448   ( 0.0%) 
LDR lightdata         [variable]        6808/0        ( 0.0%) 
HDR lightdata         [variable]           0/0        ( 0.0%) 
visdata               [variable]          24/16777216 ( 0.0%) 
entdata               [variable]        5956/393216   ( 1.5%) 
LDR ambient table       56/65536         224/262144   ( 0.1%) 
HDR ambient table       56/65536         224/262144   ( 0.1%) 
LDR leaf ambient       305/65536        8540/1835008  ( 0.5%) 
HDR leaf ambient        56/65536        1568/1835008  ( 0.1%) 
occluders                0/0               0/0        ( 0.0%) 
occluder polygons        0/0               0/0        ( 0.0%) 
occluder vert ind        0/0               0/0        ( 0.0%) 
detail props          [variable]           1/12       ( 8.3%) 
static props          [variable]           1/12       ( 8.3%) 
pakfile               [variable]       74430/0        ( 0.0%) 
physics               [variable]        7135/4194304  ( 0.2%) 
physics terrain       [variable]           2/1048576  ( 0.0%) 

Level flags = 7c

Total triangle count: 84
Writing d:\onedrive\desktop\csgo\hammer maps\marksman\marksman.bsp
MSG_FILEWRITE - Filesystem was asked to write to 'd:\onedrive\desktop\csgo\hammer maps\marksman\marksman.bsp', but we don't own that location. Allowing...
0 seconds elapsed
