PRT1
12
23
4 0 5 (0 3072 -121 ) (0 3072 -120 ) (-896.010010 3072 -120 ) (-896.010010 3072 -121 ) 
4 0 4 (0 3072 -120 ) (0 3072 256 ) (-896.010010 3072 256 ) (-896.010010 3072 -120 ) 
4 0 6 (0 3072 -244 ) (0 3072 -121 ) (-896.010010 3072 -121 ) (-896.010010 3072 -244 ) 
4 0 3 (0 3072 256 ) (0 3072 416 ) (-49.091721 3072 416 ) (-49.091614 3072 256 ) 
4 0 2 (-49.091721 3072 416 ) (-896.010010 3072 416 ) (-896.010010 3072 256 ) (-49.091614 3072 256 ) 
4 0 1 (0 3072 416 ) (0 3072 942.145020 ) (-896.010010 3072 942.145020 ) (-896.010010 3072 416 ) 
4 1 8 (0 2048 416 ) (0 2048 942.145020 ) (-896.010010 2048 942.145020 ) (-896.010010 2048 416 ) 
4 1 3 (-49.091736 3072 416 ) (0 3072 416 ) (0 2976 416 ) (-0.894452 2975.549805 416 ) 
5 1 2 (0 2048 416 ) (-896.010010 2048 416 ) (-896.010010 3072 416 ) (-49.091736 3072 416 ) (0 2973.759766 416 ) 
4 2 8 (0 2048 256 ) (0 2048 416 ) (-896.010010 2048 416 ) (-896.010010 2048 256 ) 
5 2 4 (-896.010010 2308 256 ) (-896.010010 3072 256 ) (-49.091614 3072 256 ) (0 2973.760010 256 ) (0 2308 256 ) 
4 2 7 (-896.010010 2048 256 ) (-896.010010 2308 256 ) (0 2308 256 ) (0 2048 256 ) 
4 2 3 (-0.895217 2975.549316 256 ) (-49.092644 3072 256 ) (-49.092896 3072 416 ) (-0.895432 2975.549316 416 ) 
4 3 4 (-49.091614 3072 256 ) (0 3072 256 ) (0 2976 256 ) (-0.894345 2975.549805 256 ) 
5 4 5 (-32 2308 -120 ) (-896.010010 2308 -120 ) (-896.010010 3072 -120 ) (0 3072 -120 ) (0 2397.330078 -120 ) 
4 4 7 (0 2308 256 ) (-896.010010 2308 256 ) (-896.010010 2308 -120 ) (0 2308 -120 ) 
4 5 7 (-896.010010 2308 -120 ) (-896.010010 2308 -121 ) (-32 2308 -121 ) (-32 2308 -120 ) 
5 5 6 (-32 2308 -121 ) (-896.010010 2308 -121 ) (-896.010010 3072 -121 ) (0 3072 -121 ) (0 2397.330078 -121 ) 
4 6 7 (-896.010010 2308 -121 ) (-896.010010 2308 -244 ) (0 2308 -244 ) (0 2308 -121 ) 
4 7 8 (0 2048 -244 ) (0 2048 256 ) (-896.010010 2048 256 ) (-896.010010 2048 -244 ) 
4 8 9 (0 1024 -244 ) (0 1024 942.145020 ) (-896.010010 1024 942.145020 ) (-896.010010 1024 -244 ) 
4 9 10 (0 0 -244 ) (0 0 942.145020 ) (-896.010010 0 942.145020 ) (-896.010010 0 -244 ) 
4 10 11 (0 -1024 -244 ) (0 -1024 942.145020 ) (-896.010010 -1024 942.145020 ) (-896.010010 -1024 -244 ) 
