


materialPath: D:\Steam\steamapps\common\Counter-Strike Global Offensive\csgo\materials
Loading d:\onedrive\desktop\csgo\hammer maps\awp flick shot practise\awp_flick_shot_practise.vmf
Map revision 15
fixing up env_cubemap materials on brush sides...
0...1...2...3...4...5...6...7...8...9...10**** leaked ****
Entity info_player_terrorist (-1711.45 992.90 109.00) leaked!

FindPortalSide: Couldn't find a good match for which brush to assign to a portal near (0.0 705.9 -407.3)
Leaf 0 contents: CONTENTS_SOLID 
Leaf 1 contents: 
viscontents (node 0 contents ^ node 1 contents): CONTENTS_SOLID 
This means that none of the brushes in leaf 0 or 1 that touches the portal has CONTENTS_SOLID 
Check for a huge brush enclosing the coordinates above that has contents CONTENTS_SOLID 
Candidate brush IDs: Brush 1690: 


FindPortalSide: Couldn't find a good match for which brush to assign to a portal near (358.4 659.7 -330.4)
Leaf 0 contents: CONTENTS_SOLID 
Leaf 1 contents: 
viscontents (node 0 contents ^ node 1 contents): CONTENTS_SOLID 
This means that none of the brushes in leaf 0 or 1 that touches the portal has CONTENTS_SOLID 
Check for a huge brush enclosing the coordinates above that has contents CONTENTS_SOLID 
Candidate brush IDs: Brush 1690: 


FindPortalSide: Couldn't find a good match for which brush to assign to a portal near (216.0 544.0 -398.0)
Leaf 0 contents: CONTENTS_SOLID 
Leaf 1 contents: 
viscontents (node 0 contents ^ node 1 contents): CONTENTS_SOLID 
This means that none of the brushes in leaf 0 or 1 that touches the portal has CONTENTS_SOLID 
Check for a huge brush enclosing the coordinates above that has contents CONTENTS_SOLID 
Candidate brush IDs: Brush 1690: 


FindPortalSide: Couldn't find a good match for which brush to assign to a portal near (59.7 544.0 -504.8)
Leaf 0 contents: CONTENTS_SOLID 
Leaf 1 contents: 
viscontents (node 0 contents ^ node 1 contents): CONTENTS_SOLID 
This means that none of the brushes in leaf 0 or 1 that touches the portal has CONTENTS_SOLID 
Check for a huge brush enclosing the coordinates above that has contents CONTENTS_SOLID 
Candidate brush IDs: Brush 1690: 


FindPortalSide: Couldn't find a good match for which brush to assign to a portal near (51.3 544.0 -506.1)
Leaf 0 contents: CONTENTS_SOLID 
Leaf 1 contents: 
viscontents (node 0 contents ^ node 1 contents): CONTENTS_SOLID 
This means that none of the brushes in leaf 0 or 1 that touches the portal has CONTENTS_SOLID 
Check for a huge brush enclosing the coordinates above that has contents CONTENTS_SOLID 
Candidate brush IDs: Brush 1690: 


FindPortalSide: Couldn't find a good match for which brush to assign to a portal near (364.2 544.0 -351.6)
Leaf 0 contents: CONTENTS_SOLID 
Leaf 1 contents: 
viscontents (node 0 contents ^ node 1 contents): CONTENTS_SOLID 
This means that none of the brushes in leaf 0 or 1 that touches the portal has CONTENTS_SOLID 
Check for a huge brush enclosing the coordinates above that has contents CONTENTS_SOLID 
Candidate brush IDs: Brush 1690: 


FindPortalSide: Couldn't find a good match for which brush to assign to a portal near (53.0 595.0 -502.1)
Leaf 0 contents: CONTENTS_SOLID 
Leaf 1 contents: 
viscontents (node 0 contents ^ node 1 contents): CONTENTS_SOLID 
This means that none of the brushes in leaf 0 or 1 that touches the portal has CONTENTS_SOLID 
Check for a huge brush enclosing the coordinates above that has contents CONTENTS_SOLID 
Candidate brush IDs: Brush 1690: 


FindPortalSide: Couldn't find a good match for which brush to assign to a portal near (40.6 602.9 -502.1)
Leaf 0 contents: CONTENTS_SOLID 
Leaf 1 contents: 
viscontents (node 0 contents ^ node 1 contents): CONTENTS_SOLID 
This means that none of the brushes in leaf 0 or 1 that touches the portal has CONTENTS_SOLID 
Check for a huge brush enclosing the coordinates above that has contents CONTENTS_SOLID 
Candidate brush IDs: Brush 1690: 

*** Suppressing further FindPortalSide errors.... ***
Processing areas...done (0)
Building Faces...done (0)
Chop Details...done (0)
Find Visible Detail Sides...done (0)
Merging details...done (0)
FixTjuncs...
PruneNodes...
WriteBSP...
done (0)
Finding displacement neighbors...
Finding lightmap sample positions...
Displacement Alpha : 0...1...2...3...4...5...6...7...8...9...10
Building Physics collision data...
done (0) (216464 bytes)
Placing detail props : 0...1...2...3...4...5...6...7...8...9...10
Compacting texture/material tables...
Reduced 15 texinfos to 10
Reduced 4 texdatas to 4 (86 bytes to 86)
Writing d:\onedrive\desktop\csgo\hammer maps\awp flick shot practise\awp_flick_shot_practise.bsp
MSG_FILEWRITE - Filesystem was asked to write to 'd:\onedrive\desktop\csgo\hammer maps\awp flick shot practise\awp_flick_shot_practise.bsp', but we don't own that location. Allowing...
6 seconds elapsed



16 threads
reading d:\onedrive\desktop\csgo\hammer maps\awp flick shot practise\awp_flick_shot_practise.bsp
reading d:\onedrive\desktop\csgo\hammer maps\awp flick shot practise\awp_flick_shot_practise.prt
LoadPortals: couldn't read d:\onedrive\desktop\csgo\hammer maps\awp flick shot practise\awp_flick_shot_practise.prt



materialPath: D:\Steam\steamapps\common\Counter-Strike Global Offensive\csgo\materials
Loading d:\onedrive\desktop\csgo\hammer maps\awp flick shot practise\awp_flick_shot_practise.vmf
Map revision 16
fixing up env_cubemap materials on brush sides...
0...1...2...3...4...5...6...7...8...9...10**** leaked ****
Entity info_player_terrorist (-311.28 708.12 -116.00) leaked!

FindPortalSide: Couldn't find a good match for which brush to assign to a portal near (0.0 705.9 -407.3)
Leaf 0 contents: CONTENTS_SOLID 
Leaf 1 contents: 
viscontents (node 0 contents ^ node 1 contents): CONTENTS_SOLID 
This means that none of the brushes in leaf 0 or 1 that touches the portal has CONTENTS_SOLID 
Check for a huge brush enclosing the coordinates above that has contents CONTENTS_SOLID 
Candidate brush IDs: Brush 1690: 


FindPortalSide: Couldn't find a good match for which brush to assign to a portal near (358.4 659.7 -330.4)
Leaf 0 contents: CONTENTS_SOLID 
Leaf 1 contents: 
viscontents (node 0 contents ^ node 1 contents): CONTENTS_SOLID 
This means that none of the brushes in leaf 0 or 1 that touches the portal has CONTENTS_SOLID 
Check for a huge brush enclosing the coordinates above that has contents CONTENTS_SOLID 
Candidate brush IDs: Brush 1690: 


FindPortalSide: Couldn't find a good match for which brush to assign to a portal near (216.0 544.0 -398.0)
Leaf 0 contents: CONTENTS_SOLID 
Leaf 1 contents: 
viscontents (node 0 contents ^ node 1 contents): CONTENTS_SOLID 
This means that none of the brushes in leaf 0 or 1 that touches the portal has CONTENTS_SOLID 
Check for a huge brush enclosing the coordinates above that has contents CONTENTS_SOLID 
Candidate brush IDs: Brush 1690: 


FindPortalSide: Couldn't find a good match for which brush to assign to a portal near (59.7 544.0 -504.8)
Leaf 0 contents: CONTENTS_SOLID 
Leaf 1 contents: 
viscontents (node 0 contents ^ node 1 contents): CONTENTS_SOLID 
This means that none of the brushes in leaf 0 or 1 that touches the portal has CONTENTS_SOLID 
Check for a huge brush enclosing the coordinates above that has contents CONTENTS_SOLID 
Candidate brush IDs: Brush 1690: 


FindPortalSide: Couldn't find a good match for which brush to assign to a portal near (51.3 544.0 -506.1)
Leaf 0 contents: CONTENTS_SOLID 
Leaf 1 contents: 
viscontents (node 0 contents ^ node 1 contents): CONTENTS_SOLID 
This means that none of the brushes in leaf 0 or 1 that touches the portal has CONTENTS_SOLID 
Check for a huge brush enclosing the coordinates above that has contents CONTENTS_SOLID 
Candidate brush IDs: Brush 1690: 


FindPortalSide: Couldn't find a good match for which brush to assign to a portal near (364.2 544.0 -351.6)
Leaf 0 contents: CONTENTS_SOLID 
Leaf 1 contents: 
viscontents (node 0 contents ^ node 1 contents): CONTENTS_SOLID 
This means that none of the brushes in leaf 0 or 1 that touches the portal has CONTENTS_SOLID 
Check for a huge brush enclosing the coordinates above that has contents CONTENTS_SOLID 
Candidate brush IDs: Brush 1690: 


FindPortalSide: Couldn't find a good match for which brush to assign to a portal near (53.0 595.0 -502.1)
Leaf 0 contents: CONTENTS_SOLID 
Leaf 1 contents: 
viscontents (node 0 contents ^ node 1 contents): CONTENTS_SOLID 
This means that none of the brushes in leaf 0 or 1 that touches the portal has CONTENTS_SOLID 
Check for a huge brush enclosing the coordinates above that has contents CONTENTS_SOLID 
Candidate brush IDs: Brush 1690: 


FindPortalSide: Couldn't find a good match for which brush to assign to a portal near (40.6 602.9 -502.1)
Leaf 0 contents: CONTENTS_SOLID 
Leaf 1 contents: 
viscontents (node 0 contents ^ node 1 contents): CONTENTS_SOLID 
This means that none of the brushes in leaf 0 or 1 that touches the portal has CONTENTS_SOLID 
Check for a huge brush enclosing the coordinates above that has contents CONTENTS_SOLID 
Candidate brush IDs: Brush 1690: 

*** Suppressing further FindPortalSide errors.... ***
Processing areas...done (0)
Building Faces...done (0)
Chop Details...done (0)
Find Visible Detail Sides...done (0)
Merging details...done (0)
FixTjuncs...
PruneNodes...
WriteBSP...
done (0)
Finding displacement neighbors...
Finding lightmap sample positions...
Displacement Alpha : 0...1...2...3...4...5...6...7...8...9...10
Building Physics collision data...
done (0) (210768 bytes)
Placing detail props : 0...1...2...3...4...5...6...7...8...9...10
Compacting texture/material tables...
Reduced 15 texinfos to 10
Reduced 4 texdatas to 4 (86 bytes to 86)
Writing d:\onedrive\desktop\csgo\hammer maps\awp flick shot practise\awp_flick_shot_practise.bsp
MSG_FILEWRITE - Filesystem was asked to write to 'd:\onedrive\desktop\csgo\hammer maps\awp flick shot practise\awp_flick_shot_practise.bsp', but we don't own that location. Allowing...
6 seconds elapsed



16 threads
reading d:\onedrive\desktop\csgo\hammer maps\awp flick shot practise\awp_flick_shot_practise.bsp
reading d:\onedrive\desktop\csgo\hammer maps\awp flick shot practise\awp_flick_shot_practise.prt
LoadPortals: couldn't read d:\onedrive\desktop\csgo\hammer maps\awp flick shot practise\awp_flick_shot_practise.prt



materialPath: D:\Steam\steamapps\common\Counter-Strike Global Offensive\csgo\materials
Loading d:\onedrive\desktop\csgo\hammer maps\awp flick shot practise\awp_flick_shot_practise.vmf
Map revision 17
fixing up env_cubemap materials on brush sides...
0...1...2...3...4...5...6...7...8...9...10
FindPortalSide: Couldn't find a good match for which brush to assign to a portal near (0.0 144.8 -326.1)
Leaf 0 contents: CONTENTS_SOLID 
Leaf 1 contents: 
viscontents (node 0 contents ^ node 1 contents): CONTENTS_SOLID 
This means that none of the brushes in leaf 0 or 1 that touches the portal has CONTENTS_SOLID 
Check for a huge brush enclosing the coordinates above that has contents CONTENTS_SOLID 
Candidate brush IDs: Brush 1632: 


FindPortalSide: Couldn't find a good match for which brush to assign to a portal near (0.0 325.7 -410.5)
Leaf 0 contents: CONTENTS_SOLID 
Leaf 1 contents: 
viscontents (node 0 contents ^ node 1 contents): CONTENTS_SOLID 
This means that none of the brushes in leaf 0 or 1 that touches the portal has CONTENTS_SOLID 
Check for a huge brush enclosing the coordinates above that has contents CONTENTS_SOLID 
Candidate brush IDs: Brush 1632: 


FindPortalSide: Couldn't find a good match for which brush to assign to a portal near (0.0 365.1 -488.0)
Leaf 0 contents: CONTENTS_SOLID 
Leaf 1 contents: 
viscontents (node 0 contents ^ node 1 contents): CONTENTS_SOLID 
This means that none of the brushes in leaf 0 or 1 that touches the portal has CONTENTS_SOLID 
Check for a huge brush enclosing the coordinates above that has contents CONTENTS_SOLID 
Candidate brush IDs: Brush 1632: 


FindPortalSide: Couldn't find a good match for which brush to assign to a portal near (0.0 365.9 -491.4)
Leaf 0 contents: CONTENTS_SOLID 
Leaf 1 contents: 
viscontents (node 0 contents ^ node 1 contents): CONTENTS_SOLID 
This means that none of the brushes in leaf 0 or 1 that touches the portal has CONTENTS_SOLID 
Check for a huge brush enclosing the coordinates above that has contents CONTENTS_SOLID 
Candidate brush IDs: Brush 1632: 


FindPortalSide: Couldn't find a good match for which brush to assign to a portal near (0.0 102.4 -294.0)
Leaf 0 contents: CONTENTS_SOLID 
Leaf 1 contents: 
viscontents (node 0 contents ^ node 1 contents): CONTENTS_SOLID 
This means that none of the brushes in leaf 0 or 1 that touches the portal has CONTENTS_SOLID 
Check for a huge brush enclosing the coordinates above that has contents CONTENTS_SOLID 
Candidate brush IDs: Brush 1632: 


FindPortalSide: Couldn't find a good match for which brush to assign to a portal near (0.0 98.3 -291.5)
Leaf 0 contents: CONTENTS_SOLID 
Leaf 1 contents: 
viscontents (node 0 contents ^ node 1 contents): CONTENTS_SOLID 
This means that none of the brushes in leaf 0 or 1 that touches the portal has CONTENTS_SOLID 
Check for a huge brush enclosing the coordinates above that has contents CONTENTS_SOLID 
Candidate brush IDs: Brush 1632: 


FindPortalSide: Couldn't find a good match for which brush to assign to a portal near (0.0 121.5 -325.8)
Leaf 0 contents: CONTENTS_SOLID 
Leaf 1 contents: 
viscontents (node 0 contents ^ node 1 contents): CONTENTS_SOLID 
This means that none of the brushes in leaf 0 or 1 that touches the portal has CONTENTS_SOLID 
Check for a huge brush enclosing the coordinates above that has contents CONTENTS_SOLID 
Candidate brush IDs: Brush 1632: 


FindPortalSide: Couldn't find a good match for which brush to assign to a portal near (146.1 453.1 -484.7)
Leaf 0 contents: CONTENTS_SOLID 
Leaf 1 contents: 
viscontents (node 0 contents ^ node 1 contents): CONTENTS_SOLID 
This means that none of the brushes in leaf 0 or 1 that touches the portal has CONTENTS_SOLID 
Check for a huge brush enclosing the coordinates above that has contents CONTENTS_SOLID 
Candidate brush IDs: Brush 1632: 

*** Suppressing further FindPortalSide errors.... ***
0...1...2...3...4...5...6...7...8...9...10Processing areas...done (0)
Building Faces...done (0)
Chop Details...done (0)
Find Visible Detail Sides...done (0)
Merging details...done (0)
FixTjuncs...
PruneNodes...
WriteBSP...
done (0)
writing d:\onedrive\desktop\csgo\hammer maps\awp flick shot practise\awp_flick_shot_practise.prt...Building visibility clusters...
AutoVisClustering (threshold=-1) matched 0 leafs.
done (0)
Finding displacement neighbors...
Finding lightmap sample positions...
Displacement Alpha : 0...1...2...3...4...5...6...7...8...9...10
Building Physics collision data...
done (0) (246592 bytes)
Placing detail props : 0...1...2...3...4...5...6...7...8...9...10
Compacting texture/material tables...
Reduced 18 texinfos to 11
Reduced 5 texdatas to 5 (104 bytes to 104)
Writing d:\onedrive\desktop\csgo\hammer maps\awp flick shot practise\awp_flick_shot_practise.bsp
MSG_FILEWRITE - Filesystem was asked to write to 'd:\onedrive\desktop\csgo\hammer maps\awp flick shot practise\awp_flick_shot_practise.bsp', but we don't own that location. Allowing...
16 seconds elapsed



16 threads
reading d:\onedrive\desktop\csgo\hammer maps\awp flick shot practise\awp_flick_shot_practise.bsp
reading d:\onedrive\desktop\csgo\hammer maps\awp flick shot practise\awp_flick_shot_practise.prt
2110 portalclusters
7976 numportals
0...1...2...3...4...5...6...7...8...9...100...1...2...3...4...5...6...7...8...9...10Optimized: 5161 visible clusters (0.00%)
Total clusters visible: 275138
Average clusters visible: 130
Building PAS...
Average clusters audible: 1359
visdatasize:726312  compressed from 1114080
writing d:\onedrive\desktop\csgo\hammer maps\awp flick shot practise\awp_flick_shot_practise.bsp
MSG_FILEWRITE - Filesystem was asked to write to 'd:\onedrive\desktop\csgo\hammer maps\awp flick shot practise\awp_flick_shot_practise.bsp', but we don't own that location. Allowing...
7 seconds elapsed



[Reading texlights from 'lights.rad']
[17 texlights parsed from 'lights.rad']

Loading d:\onedrive\desktop\csgo\hammer maps\awp flick shot practise\awp_flick_shot_practise.bsp
5725 faces
97 degenerate faces
119077 square feet [17147218.00 square inches]
0 Displacements
0 Square Feet [0.00 Square Inches]
5628 patches before subdivision
zero area child patch
zero area child patch
zero area child patch
zero area child patch
zero area child patch
zero area child patch
zero area child patch
zero area child patch
zero area child patch
zero area child patch
zero area child patch
zero area child patch
zero area child patch
zero area child patch
zero area child patch
zero area child patch
zero area child patch
zero area child patch
zero area child patch
zero area child patch
zero area child patch
zero area child patch
zero area child patch
zero area child patch
zero area child patch
16902 patches after subdivision
1 direct lights
0...1...2...3...4...5...6...7...8...9...100...1...2...3...4...5...6...7...8...9...10transfers 1665352, max 653
transfer lists:  12.7 megs
0...1...2...3...4...5...6...7...8...9...10	Bounce #1 added RGB(4848, 2348, 1392)
0...1...2...3...4...5...6...7...8...9...10	Bounce #2 added RGB(1973, 368, 58)
0...1...2...3...4...5...6...7...8...9...10	Bounce #3 added RGB(742, 55, 2)
0...1...2...3...4...5...6...7...8...9...10	Bounce #4 added RGB(297, 9, 0)
0...1...2...3...4...5...6...7...8...9...10	Bounce #5 added RGB(117, 1, 0)
0...1...2...3...4...5...6...7...8...9...10	Bounce #6 added RGB(47, 0, 0)
0...1...2...3...4...5...6...7...8...9...10	Bounce #7 added RGB(19, 0, 0)
0...1...2...3...4...5...6...7...8...9...10	Bounce #8 added RGB(8, 0, 0)
0...1...2...3...4...5...6...7...8...9...10	Bounce #9 added RGB(3, 0, 0)
0...1...2...3...4...5...6...7...8...9...10	Bounce #10 added RGB(1, 0, 0)
0...1...2...3...4...5...6...7...8...9...10	Bounce #11 added RGB(1, 0, 0)
Build Patch/Sample Hash Table(s).....Done<0.0033 sec>
0...1...2...3...4...5...6...7...8...9...10FinalLightFace Done
0 of 0 (0% of) surface lights went in leaf ambient cubes.
0...1...2...3...4...5...6...7...8...9...10Writing leaf ambient...done
Ready to Finish

Object names       Objects/Maxobjs  Memory / Maxmem  Fullness 
------------       ---------------  ---------------  -------- 
models                   2/1024           96/49152    ( 0.2%) 
brushes                401/8192         4812/98304    ( 4.9%) 
brushsides           13576/81920      108608/655360   (16.6%) 
planes               24452/65536      489040/1310720  (37.3%) 
vertexes              9355/65536      112260/786432   (14.3%) 
nodes                 4461/65536      142752/2097152  ( 6.8%) 
texinfos                11/12288         792/884736   ( 0.1%) 
texdata                  5/4096          160/131072   ( 0.1%) 
dispinfos                0/0               0/0        ( 0.0%) 
disp_verts               0/0               0/0        ( 0.0%) 
disp_tris                0/0               0/0        ( 0.0%) 
disp_multiblend          0/0               0/0        ( 0.0%) 
disp_lmsamples           0/0               0/0        ( 0.0%) 
faces                 5725/65536      320600/3670016  ( 8.7%) 
hdr faces                0/65536           0/3670016  ( 0.0%) 
origfaces             2328/65536      130368/3670016  ( 3.6%) 
facebrushes            235/0             470/0        ( 0.0%) 
facebrushlists        5725/0           22900/0        ( 0.0%) 
leaves                4464/65536      142848/2097152  ( 6.8%) 
leaffaces             6156/65536       12312/131072   ( 9.4%) 
leafbrushes           3726/65536        7452/131072   ( 5.7%) 
areas                    2/1024           16/8192     ( 0.2%) 
surfedges            43229/512000     172916/2048000  ( 8.4%) 
edges                23823/256000      95292/1024000  ( 9.3%) 
LDR worldlights          1/8192          100/819200   ( 0.0%) 
HDR worldlights          0/8192            0/819200   ( 0.0%) 
leafwaterdata            0/32768           0/393216   ( 0.0%) 
waterstrips            919/32768        9190/327680   ( 2.8%) 
waterverts               0/65536           0/786432   ( 0.0%) 
waterindices         15840/65536       31680/131072   (24.2%) 
cubemapsamples           0/1024            0/16384    ( 0.0%) 
overlays                 0/1024            0/360448   ( 0.0%) 
LDR lightdata         [variable]     1242052/0        ( 0.0%) 
HDR lightdata         [variable]           0/0        ( 0.0%) 
visdata               [variable]      726312/16777216 ( 4.3%) 
entdata               [variable]       11333/393216   ( 2.9%) 
LDR ambient table     4464/65536       17856/262144   ( 6.8%) 
HDR ambient table     4464/65536       17856/262144   ( 6.8%) 
LDR leaf ambient      4373/65536      122444/1835008  ( 6.7%) 
HDR leaf ambient      4464/65536      124992/1835008  ( 6.8%) 
occluders                0/0               0/0        ( 0.0%) 
occluder polygons        0/0               0/0        ( 0.0%) 
occluder vert ind        0/0               0/0        ( 0.0%) 
detail props          [variable]           1/12       ( 8.3%) 
static props          [variable]           1/12       ( 8.3%) 
pakfile               [variable]       74490/0        ( 0.0%) 
physics               [variable]      246592/4194304  ( 5.9%) 
physics terrain       [variable]           2/1048576  ( 0.0%) 

Level flags = 7d

Total triangle count: 20417
Writing d:\onedrive\desktop\csgo\hammer maps\awp flick shot practise\awp_flick_shot_practise.bsp
MSG_FILEWRITE - Filesystem was asked to write to 'd:\onedrive\desktop\csgo\hammer maps\awp flick shot practise\awp_flick_shot_practise.bsp', but we don't own that location. Allowing...
13 seconds elapsed



[Reading texlights from 'lights.rad']
[17 texlights parsed from 'lights.rad']

Loading d:\onedrive\desktop\csgo\hammer maps\awp flick shot practise\awp_flick_shot_practise.bsp
5725 faces
97 degenerate faces
119077 square feet [17147218.00 square inches]
0 Displacements
0 Square Feet [0.00 Square Inches]
5628 patches before subdivision
zero area child patch
zero area child patch
zero area child patch
zero area child patch
zero area child patch
zero area child patch
zero area child patch
zero area child patch
zero area child patch
zero area child patch
zero area child patch
zero area child patch
zero area child patch
zero area child patch
zero area child patch
zero area child patch
zero area child patch
zero area child patch
zero area child patch
zero area child patch
zero area child patch
zero area child patch
zero area child patch
zero area child patch
zero area child patch
16902 patches after subdivision
1 direct lights
0...1...2...3...4...5...6...7...8...9...100...1...2...3...4...5...6...7...8...9...10transfers 1665352, max 653
transfer lists:  12.7 megs
0...1...2...3...4...5...6...7...8...9...10	Bounce #1 added RGB(24193, 11695, 6919)
0...1...2...3...4...5...6...7...8...9...10	Bounce #2 added RGB(9845, 1835, 288)
0...1...2...3...4...5...6...7...8...9...10	Bounce #3 added RGB(3706, 276, 12)
0...1...2...3...4...5...6...7...8...9...10	Bounce #4 added RGB(1482, 42, 1)
0...1...2...3...4...5...6...7...8...9...10	Bounce #5 added RGB(585, 6, 0)
0...1...2...3...4...5...6...7...8...9...10	Bounce #6 added RGB(235, 1, 0)
0...1...2...3...4...5...6...7...8...9...10	Bounce #7 added RGB(94, 0, 0)
0...1...2...3...4...5...6...7...8...9...10	Bounce #8 added RGB(38, 0, 0)
0...1...2...3...4...5...6...7...8...9...10	Bounce #9 added RGB(15, 0, 0)
0...1...2...3...4...5...6...7...8...9...10	Bounce #10 added RGB(6, 0, 0)
0...1...2...3...4...5...6...7...8...9...10	Bounce #11 added RGB(3, 0, 0)
0...1...2...3...4...5...6...7...8...9...10	Bounce #12 added RGB(1, 0, 0)
0...1...2...3...4...5...6...7...8...9...10	Bounce #13 added RGB(0, 0, 0)
Build Patch/Sample Hash Table(s).....Done<0.0035 sec>
0...1...2...3...4...5...6...7...8...9...10FinalLightFace Done
0 of 0 (0% of) surface lights went in leaf ambient cubes.
0...1...2...3...4...5...6...7...8...9...10Writing leaf ambient...done
Ready to Finish

Object names       Objects/Maxobjs  Memory / Maxmem  Fullness 
------------       ---------------  ---------------  -------- 
models                   2/1024           96/49152    ( 0.2%) 
brushes                401/8192         4812/98304    ( 4.9%) 
brushsides           13576/81920      108608/655360   (16.6%) 
planes               24452/65536      489040/1310720  (37.3%) 
vertexes              9355/65536      112260/786432   (14.3%) 
nodes                 4461/65536      142752/2097152  ( 6.8%) 
texinfos                11/12288         792/884736   ( 0.1%) 
texdata                  5/4096          160/131072   ( 0.1%) 
dispinfos                0/0               0/0        ( 0.0%) 
disp_verts               0/0               0/0        ( 0.0%) 
disp_tris                0/0               0/0        ( 0.0%) 
disp_multiblend          0/0               0/0        ( 0.0%) 
disp_lmsamples           0/0               0/0        ( 0.0%) 
faces                 5725/65536      320600/3670016  ( 8.7%) 
hdr faces             5725/65536      320600/3670016  ( 8.7%) 
origfaces             2328/65536      130368/3670016  ( 3.6%) 
facebrushes            235/0             470/0        ( 0.0%) 
facebrushlists        5725/0           22900/0        ( 0.0%) 
leaves                4464/65536      142848/2097152  ( 6.8%) 
leaffaces             6156/65536       12312/131072   ( 9.4%) 
leafbrushes           3726/65536        7452/131072   ( 5.7%) 
areas                    2/1024           16/8192     ( 0.2%) 
surfedges            43229/512000     172916/2048000  ( 8.4%) 
edges                23823/256000      95292/1024000  ( 9.3%) 
LDR worldlights          1/8192          100/819200   ( 0.0%) 
HDR worldlights          1/8192          100/819200   ( 0.0%) 
leafwaterdata            0/32768           0/393216   ( 0.0%) 
waterstrips            919/32768        9190/327680   ( 2.8%) 
waterverts               0/65536           0/786432   ( 0.0%) 
waterindices         15840/65536       31680/131072   (24.2%) 
cubemapsamples           0/1024            0/16384    ( 0.0%) 
overlays                 0/1024            0/360448   ( 0.0%) 
LDR lightdata         [variable]     1242052/0        ( 0.0%) 
HDR lightdata         [variable]     1242052/0        ( 0.0%) 
visdata               [variable]      726312/16777216 ( 4.3%) 
entdata               [variable]       11333/393216   ( 2.9%) 
LDR ambient table     4464/65536       17856/262144   ( 6.8%) 
HDR ambient table     4464/65536       17856/262144   ( 6.8%) 
LDR leaf ambient      4373/65536      122444/1835008  ( 6.7%) 
HDR leaf ambient      5341/65536      149548/1835008  ( 8.1%) 
occluders                0/0               0/0        ( 0.0%) 
occluder polygons        0/0               0/0        ( 0.0%) 
occluder vert ind        0/0               0/0        ( 0.0%) 
detail props          [variable]           1/12       ( 8.3%) 
static props          [variable]           1/12       ( 8.3%) 
pakfile               [variable]       74490/0        ( 0.0%) 
physics               [variable]      246592/4194304  ( 5.9%) 
physics terrain       [variable]           2/1048576  ( 0.0%) 

Level flags = 7f

Total triangle count: 20417
Writing d:\onedrive\desktop\csgo\hammer maps\awp flick shot practise\awp_flick_shot_practise.bsp
MSG_FILEWRITE - Filesystem was asked to write to 'd:\onedrive\desktop\csgo\hammer maps\awp flick shot practise\awp_flick_shot_practise.bsp', but we don't own that location. Allowing...
13 seconds elapsed
