PRT1
41
111
5 0 5 (0 1024 -2329.785645 ) (0 1024 -1600 ) (0 1974.572632 -1600 ) (0 1764.010986 -1774.349121 ) (0 1120.369141 -2265.345703 ) 
5 0 2 (889.808044 1024 -1600 ) (0 1024 -1600 ) (0 1024 -2329.785645 ) (208.982407 1024 -2189.631104 ) (601.727112 1024 -1868.618408 ) 
3 1 33 (1024 0 -1600 ) (1024 0 -1668.988159 ) (1089.573853 0 -1600 ) 
5 1 2 (1024 0 -1668.988159 ) (1024 0 -1600 ) (1024 617.645203 -1600 ) (1024 453.841156 -1640.971436 ) (1024 64.208191 -1674.514282 ) 
4 2 34 (1024 0 -1668.988281 ) (1024 0 -1600 ) (0 0 -1600 ) (0 0 -2746.305176 ) 
6 2 19 (0 0 -2746.305176 ) (0 0 -2535 ) (0 312 -2535 ) (0 312 -2712.861084 ) (0 204.491913 -2739.751465 ) (0 64.190277 -2751.829834 ) 
4 2 18 (0 0 -2535 ) (0 0 -1600 ) (0 312 -1600 ) (0 312 -2535 ) 
4 2 11 (0 344 -2512 ) (0 344 -2704.857178 ) (0 312 -2712.861084 ) (0 312 -2512 ) 
4 2 9 (0 344 -2452 ) (0 344 -2512 ) (0 312 -2512 ) (0 312 -2452 ) 
4 2 8 (0 312 -1600 ) (0 344 -1600 ) (0 344 -2452 ) (0 312 -2452 ) 
7 2 7 (0 344 -1600 ) (0 1024 -1600 ) (0 1024 -2329.785645 ) (0 768.549133 -2500.600586 ) (0 533.666687 -2629.471680 ) (0 356.021423 -2701.850342 ) (0 344 -2704.857178 ) 
5 3 5 (-953.335510 2048 -1600 ) (-899.378418 2048 -1616.494141 ) (-576.106201 2048 -1650.498047 ) (-252.796997 2048 -1616.487793 ) (-198.867004 2048 -1600 ) 
10 5 7 (0 1024 -2329.785645 ) (0 1024 -1600 ) (-1024 1024 -1600 ) (-1024 1024 -2402.741211 ) (-901.430176 1024 -2463.776611 ) (-732.551453 1024 -2515.401123 ) (-576.128479 1024 -2531.854736 ) (-419.666016 1024 -2515.395752 ) (-250.853149 1024 -2463.785156 ) (-52.558731 1024 -2365.034180 ) 
4 5 6 (-1024 2021.912476 -1600 ) (-1024 1385.546387 -2126.934570 ) (-1024 1024 -2402.741455 ) (-1024 1024 -1600 ) 
6 6 31 (-1024 1024 -2402.741455 ) (-1024 1024 -1600 ) (-2042.067261 1024 -1600 ) (-1754.302368 1024 -1868.322998 ) (-1361.234253 1024 -2189.621582 ) (-1099.536255 1024 -2365.127197 ) 
8 7 31 (-1024 1024 -1600 ) (-1024 1024 -2402.741455 ) (-1024 885.487427 -2508.406250 ) (-1024 611.768860 -2691.437988 ) (-1024 429.055908 -2791.677490 ) (-1024 384.083771 -2810 ) (-1024 344 -2810 ) (-1024 344 -1600 ) 
4 7 16 (-748 344 -2708 ) (-748 344 -2512 ) (-876 344 -2512 ) (-876 344 -2708 ) 
4 7 17 (-1024 344 -2810 ) (-876 344 -2810 ) (-876 344 -2512 ) (-1024 344 -2512 ) 
4 7 14 (-432 344 -2810 ) (-412 344 -2810 ) (-412 344 -2512 ) (-432 344 -2512 ) 
4 7 15 (-748 344 -2810 ) (-736 344 -2810 ) (-736 344 -2512 ) (-748 344 -2512 ) 
4 7 12 (-412 344 -2810 ) (-352 344 -2810 ) (-352 344 -2512 ) (-412 344 -2512 ) 
6 7 11 (-352 344 -2810 ) (-110.732666 344 -2810 ) (-23.734940 344 -2728.879883 ) (0 344 -2704.857178 ) (0 344 -2512 ) (-352 344 -2512 ) 
4 7 9 (0 344 -2512 ) (0 344 -2452 ) (-478 344 -2452 ) (-478 344 -2512 ) 
4 7 10 (-688 344 -2452 ) (-1024 344 -2452 ) (-1024 344 -2512 ) (-688 344 -2512 ) 
4 7 8 (0 344 -2452 ) (0 344 -1600 ) (-1024 344 -1600 ) (-1024 344 -2452 ) 
4 8 31 (-1024 312 -2452 ) (-1024 312 -1600 ) (-1024 344 -1600 ) (-1024 344 -2452 ) 
4 8 18 (-1024 312 -1600 ) (-1024 312 -2452 ) (0 312 -2452 ) (0 312 -1600 ) 
4 8 9 (0 312 -2452 ) (-478 312 -2452 ) (-478 344 -2452 ) (0 344 -2452 ) 
4 8 10 (-688 312 -2452 ) (-1024 312 -2452 ) (-1024 344 -2452 ) (-688 344 -2452 ) 
4 9 18 (-478 312 -2512 ) (0 312 -2512 ) (0 312 -2452 ) (-478 312 -2452 ) 
4 9 14 (-412 312 -2512 ) (-432 312 -2512 ) (-432 344 -2512 ) (-412 344 -2512 ) 
4 9 13 (-352 312 -2512 ) (-412 312 -2512 ) (-412 328 -2512 ) (-352 328 -2512 ) 
4 9 12 (-412 328 -2512 ) (-412 344 -2512 ) (-352 344 -2512 ) (-352 328 -2512 ) 
4 9 11 (0 312 -2512 ) (-352 312 -2512 ) (-352 344 -2512 ) (0 344 -2512 ) 
4 10 31 (-1024 312 -2512 ) (-1024 312 -2452 ) (-1024 344 -2452 ) (-1024 344 -2512 ) 
4 10 18 (-1024 312 -2452 ) (-1024 312 -2512 ) (-688 312 -2512 ) (-688 312 -2452 ) 
4 10 16 (-748 312 -2512 ) (-876 312 -2512 ) (-876 344 -2512 ) (-748 344 -2512 ) 
4 10 17 (-876 312 -2512 ) (-1024 312 -2512 ) (-1024 344 -2512 ) (-876 344 -2512 ) 
4 10 15 (-736 312 -2512 ) (-748 312 -2512 ) (-748 344 -2512 ) (-736 344 -2512 ) 
6 11 19 (-352 312 -2810 ) (-96.750305 312 -2810 ) (-86.910614 312 -2800.825195 ) (0 312 -2712.861084 ) (0 312 -2535 ) (-352 312 -2535 ) 
4 11 18 (0 312 -2535 ) (0 312 -2512 ) (-352 312 -2512 ) (-352 312 -2535 ) 
4 11 13 (-352 312 -2703 ) (-352 312 -2512 ) (-352 328 -2512 ) (-352 328 -2703 ) 
4 11 12 (-352 328 -2512 ) (-352 344 -2512 ) (-352 344 -2810 ) (-352 328 -2810 ) 
4 12 14 (-412 328 -2512 ) (-412 344 -2512 ) (-412 344 -2810 ) (-412 328 -2810 ) 
4 12 13 (-412 328 -2512 ) (-412 328 -2703 ) (-352 328 -2703 ) (-352 328 -2512 ) 
4 13 20 (-354 312 -2535 ) (-408 312 -2535 ) (-408 312 -2703 ) (-354 312 -2703 ) 
4 13 23 (-408 312 -2535 ) (-412 312 -2535 ) (-412 312 -2703 ) (-408 312 -2703 ) 
4 13 19 (-352 312 -2703 ) (-352 312 -2535 ) (-354 312 -2535 ) (-354 312 -2703 ) 
4 13 18 (-352 312 -2535 ) (-352 312 -2512 ) (-412 312 -2512 ) (-412 312 -2535 ) 
4 13 14 (-412 312 -2703 ) (-412 312 -2512 ) (-412 328 -2512 ) (-412 328 -2703 ) 
4 14 23 (-432 312 -2810 ) (-412 312 -2810 ) (-412 312 -2535 ) (-432 312 -2535 ) 
4 14 18 (-412 312 -2535 ) (-412 312 -2512 ) (-432 312 -2512 ) (-432 312 -2535 ) 
4 15 29 (-748 312 -2810 ) (-736 312 -2810 ) (-736 312 -2772 ) (-748 312 -2772 ) 
4 15 27 (-736 312 -2772 ) (-736 312 -2535 ) (-748 312 -2535 ) (-748 312 -2772 ) 
4 15 18 (-736 312 -2535 ) (-736 312 -2512 ) (-748 312 -2512 ) (-748 312 -2535 ) 
4 15 16 (-748 312 -2708 ) (-748 312 -2512 ) (-748 344 -2512 ) (-748 344 -2708 ) 
4 16 27 (-748 312 -2708 ) (-748 312 -2535 ) (-876 312 -2535 ) (-876 312 -2708 ) 
4 16 18 (-748 312 -2535 ) (-748 312 -2512 ) (-876 312 -2512 ) (-876 312 -2535 ) 
4 16 17 (-876 312 -2708 ) (-876 312 -2512 ) (-876 344 -2512 ) (-876 344 -2708 ) 
4 17 31 (-1024 344 -2810 ) (-1024 312 -2810 ) (-1024 312 -2512 ) (-1024 344 -2512 ) 
4 17 29 (-1024 312 -2772 ) (-1024 312 -2810 ) (-876 312 -2810 ) (-876 312 -2772 ) 
4 17 27 (-1024 312 -2535 ) (-1024 312 -2772 ) (-876 312 -2772 ) (-876 312 -2535 ) 
4 17 18 (-1024 312 -2512 ) (-1024 312 -2535 ) (-876 312 -2535 ) (-876 312 -2512 ) 
4 18 36 (0 0 -2535 ) (0 0 -1600 ) (-1024 0 -1600 ) (-1024 0 -2535 ) 
4 18 31 (-1024 0 -2535 ) (-1024 0 -1600 ) (-1024 312 -1600 ) (-1024 312 -2535 ) 
4 18 27 (-1024 312 -2535 ) (-713 312 -2535 ) (-713 311 -2535 ) (-1024 311 -2535 ) 
4 18 30 (-456 311 -2535 ) (-456 0 -2535 ) (-1024 0 -2535 ) (-1024 311 -2535 ) 
4 18 25 (-455 311 -2535 ) (-455 0 -2535 ) (-456 0 -2535 ) (-456 311 -2535 ) 
4 18 20 (-408 312 -2535 ) (-354 312 -2535 ) (-354 310 -2535 ) (-408 310 -2535 ) 
4 18 22 (-354 310 -2535 ) (-354 0 -2535 ) (-408 0 -2535 ) (-408 310 -2535 ) 
4 18 23 (-455 312 -2535 ) (-408 312 -2535 ) (-408 0 -2535 ) (-455 0 -2535 ) 
4 18 19 (-354 312 -2535 ) (0 312 -2535 ) (0 0 -2535 ) (-354 0 -2535 ) 
5 19 36 (0 0 -2746.305420 ) (0 0 -2535 ) (-354 0 -2535 ) (-354 0 -2810 ) (-60.542328 0 -2810 ) 
4 19 20 (-354 310 -2535 ) (-354 312 -2535 ) (-354 312 -2708 ) (-354 310 -2708 ) 
4 19 21 (-354 312 -2748 ) (-354 312 -2810 ) (-354 310 -2810 ) (-354 310 -2748 ) 
4 19 22 (-354 0 -2535 ) (-354 310 -2535 ) (-354 310 -2810 ) (-354 0 -2810 ) 
4 20 23 (-408 310 -2535 ) (-408 312 -2535 ) (-408 312 -2708 ) (-408 310 -2708 ) 
4 20 22 (-408 310 -2535 ) (-408 310 -2708 ) (-354 310 -2708 ) (-354 310 -2535 ) 
4 21 22 (-408 310 -2748 ) (-408 310 -2810 ) (-354 310 -2810 ) (-354 310 -2748 ) 
4 21 23 (-408 312 -2748 ) (-408 312 -2810 ) (-408 310 -2810 ) (-408 310 -2748 ) 
4 22 36 (-354 0 -2535 ) (-408 0 -2535 ) (-408 0 -2810 ) (-354 0 -2810 ) 
4 22 23 (-408 0 -2535 ) (-408 310 -2535 ) (-408 310 -2810 ) (-408 0 -2810 ) 
4 23 36 (-408 0 -2535 ) (-455 0 -2535 ) (-455 0 -2810 ) (-408 0 -2810 ) 
4 23 24 (-455 312 -2773 ) (-455 312 -2810 ) (-455 311 -2810 ) (-455 311 -2773 ) 
4 23 25 (-455 0 -2535 ) (-455 311 -2535 ) (-455 311 -2810 ) (-455 0 -2810 ) 
4 24 28 (-456 312 -2773 ) (-456 312 -2810 ) (-456 311 -2810 ) (-456 311 -2773 ) 
4 24 25 (-456 311 -2773 ) (-456 311 -2810 ) (-455 311 -2810 ) (-455 311 -2773 ) 
4 25 36 (-455 0 -2535 ) (-456 0 -2535 ) (-456 0 -2810 ) (-455 0 -2810 ) 
4 25 30 (-456 0 -2535 ) (-456 311 -2535 ) (-456 311 -2810 ) (-456 0 -2810 ) 
4 26 30 (-456 311 -2772 ) (-456 311 -2536 ) (-712 311 -2536 ) (-712 311 -2772 ) 
4 27 31 (-1024 311 -2772 ) (-1024 311 -2535 ) (-1024 312 -2535 ) (-1024 312 -2772 ) 
4 27 29 (-713 311 -2772 ) (-1024 311 -2772 ) (-1024 312 -2772 ) (-713 312 -2772 ) 
4 27 30 (-713 311 -2535 ) (-1024 311 -2535 ) (-1024 311 -2772 ) (-713 311 -2772 ) 
4 28 29 (-713 311 -2810 ) (-713 311 -2773 ) (-713 312 -2773 ) (-713 312 -2810 ) 
4 28 30 (-713 311 -2810 ) (-456 311 -2810 ) (-456 311 -2773 ) (-713 311 -2773 ) 
4 29 31 (-1024 312 -2810 ) (-1024 311 -2810 ) (-1024 311 -2772 ) (-1024 312 -2772 ) 
4 29 30 (-1024 311 -2810 ) (-713 311 -2810 ) (-713 311 -2772 ) (-1024 311 -2772 ) 
4 30 36 (-456 0 -2535 ) (-1024 0 -2535 ) (-1024 0 -2810 ) (-456 0 -2810 ) 
4 30 31 (-1024 311 -2810 ) (-1024 0 -2810 ) (-1024 0 -2535 ) (-1024 311 -2535 ) 
5 31 37 (-1024 0 -2810 ) (-1024 0 -1600 ) (-2048 0 -1600 ) (-2048 0 -1803.905029 ) (-1091.705566 0 -2810 ) 
6 31 32 (-2048 0 -1803.905029 ) (-2048 0 -1600 ) (-2048 1010.422180 -1600 ) (-2048 809.739563 -1681.761963 ) (-2048 422.441010 -1778.599121 ) (-2048 64.213104 -1809.429565 ) 
3 32 40 (-2048 0 -1803.904907 ) (-2048 0 -1600 ) (-2241.811768 0 -1600 ) 
4 33 34 (1024 0 -1600 ) (1024 0 -1668.988159 ) (1024 -325.387268 -1640.983276 ) (1024 -489.264740 -1600 ) 
9 34 36 (0 0 -1600 ) (0 0 -2746.305176 ) (0 -76.057648 -2739.759277 ) (0 -227.653290 -2701.847412 ) (0 -405.175049 -2629.520020 ) (0 -640.038086 -2500.658691 ) (0 -991.968628 -2265.329834 ) (0 -1024 -2240.894775 ) (0 -1024 -1600 ) 
6 34 35 (0 -1024 -1600 ) (0 -1024 -2240.894775 ) (17.470257 -1024 -2232.194580 ) (314.108948 -1024 -2033.254272 ) (759.436890 -1024 -1669.264160 ) (833.719666 -1024 -1600 ) 
4 35 38 (0 -1024 -1600 ) (0 -1024 -2240.894775 ) (0 -1635.397827 -1774.494263 ) (0 -1846.138672 -1600 ) 
9 36 38 (0 -1024 -2240.894775 ) (0 -1024 -1600 ) (-1024 -1024 -1600 ) (-1024 -1024 -2304.773438 ) (-945.051453 -1024 -2344.091064 ) (-753.449158 -1024 -2402.672852 ) (-576.152954 -1024 -2421.329834 ) (-398.747162 -1024 -2402.663086 ) (-207.255981 -1024 -2344.108643 ) 
8 36 37 (-1024 0 -1600 ) (-1024 0 -2810 ) (-1024 -255.652039 -2810 ) (-1024 -300.785095 -2791.611328 ) (-1024 -483.177734 -2691.540771 ) (-1024 -756.946411 -2508.491699 ) (-1024 -1024 -2304.773438 ) (-1024 -1024 -1600 ) 
5 37 40 (-2048 0 -1600 ) (-2048 0 -1803.904907 ) (-2048 -294.220551 -1778.591919 ) (-2048 -681.226196 -1681.778076 ) (-2048 -881.942383 -1600 ) 
6 37 39 (-1024 -1024 -2304.773438 ) (-1024 -1024 -1600 ) (-1985.928589 -1024 -1600 ) (-1911.431030 -1024 -1669.465210 ) (-1466.429321 -1024 -2033.191772 ) (-1169.689575 -1024 -2232.217773 ) 
4 38 39 (-1024 -1024 -1600 ) (-1024 -1024 -2304.773438 ) (-1024 -1256.880737 -2127.123535 ) (-1024 -1893.489380 -1600 ) 
