
[+] Stats Updated! -(22, 3, 2020, '13:16:55')
Cases:316,660
Deaths:13,599
Recovered:95,922

[+] Stats Updated! -(22, 3, 2020, '13:18:2')
Cases:316,662
Deaths:13,599
Recovered:95,922

[+] Stats Updated! -(22, 3, 2020, '13:19:15')
Cases:316,663
Deaths:13,599
Recovered:95,922

[+] Stats Updated! -(22, 3, 2020, '13:20:33')
Cases:316,664
Deaths:13,599
Recovered:95,922

[+] Stats Updated! -(22, 3, 2020, '13:22:57')
Cases:317,237
Deaths:13,642
Recovered:95,922

[+] Stats Updated! -(22, 3, 2020, '13:31:20')
Cases:317,298
Deaths:13,642
Recovered:95,942

[+] Stats Updated! -(22, 3, 2020, '13:39:7')
Cases:317,300
Deaths:13,642
Recovered:95,953

[+] Stats Updated! -(22, 3, 2020, '13:47:17')
Cases:317,308
Deaths:13,642
Recovered:95,953

[+] Stats Updated! -(22, 3, 2020, '13:56:34')
Cases:317,309
Deaths:13,643
Recovered:96,010

[+] Stats Updated! -(22, 3, 2020, '13:57:41')
Cases:317,312
Deaths:13,671
Recovered:96,010

[+] Stats Updated! -(22, 3, 2020, '13:58:48')
Cases:317,324
Deaths:13,671
Recovered:96,010

[+] Stats Updated! -(22, 3, 2020, '14:0:6')
Cases:318,132
Deaths:13,671
Recovered:96,010

[+] Stats Updated! -(22, 3, 2020, '14:1:13')
Cases:318,133
Deaths:13,671
Recovered:96,010

[+] Stats Updated! -(22, 3, 2020, '14:6:37')
Cases:318,228
Deaths:13,671
Recovered:96,010

[+] Stats Updated! -(22, 3, 2020, '14:9:24')
Cases:318,229
Deaths:13,671
Recovered:96,010

[+] Stats Updated! -(22, 3, 2020, '14:17:0')
Cases:318,254
Deaths:13,671
Recovered:96,010

[+] Stats Updated! -(22, 3, 2020, '14:17:12')
Cases:318,329
Deaths:13,671
Recovered:96,010

[+] Stats Updated! -(22, 3, 2020, '14:19:16')
Cases:318,352
Deaths:13,671
Recovered:96,010

[+] Stats Updated! -(22, 3, 2020, '14:27:11')
Cases:318,379
Deaths:13,671
Recovered:96,010

[+] Stats Updated! -(22, 3, 2020, '14:29:59')
Cases:318,410
Deaths:13,671
Recovered:96,010

[+] Stats Updated! -(22, 3, 2020, '14:30:55')
Cases:318,500
Deaths:13,671
Recovered:96,010

[+] Stats Updated! -(22, 3, 2020, '14:32:13')
Cases:318,504
Deaths:13,671
Recovered:96,010

[+] Stats Updated! -(22, 3, 2020, '14:35:45')
Cases:318,505
Deaths:13,671
Recovered:96,011

[+] Stats Updated! -(22, 3, 2020, '14:42:27')
Cases:318,556
Deaths:13,671
Recovered:96,011

[+] Stats Updated! -(22, 3, 2020, '14:46:10')
Cases:318,564
Deaths:13,671
Recovered:96,004

[+] Stats Updated! -(22, 3, 2020, '14:49:31')
Cases:318,636
Deaths:13,674
Recovered:96,004

[+] Stats Updated! -(22, 3, 2020, '14:51:45')
Cases:318,644
Deaths:13,674
Recovered:96,004

[+] Stats Updated! -(22, 3, 2020, '14:59:29')
Cases:318,649
Deaths:13,674
Recovered:96,005

[+] Stats Updated! -(22, 3, 2020, '15:3:42')
Cases:318,650
Deaths:13,676
Recovered:96,006

[+] Stats Updated! -(22, 3, 2020, '15:5:34')
Cases:318,657
Deaths:13,676
Recovered:96,006

[+] Stats Updated! -(22, 3, 2020, '15:6:52')
Cases:318,744
Deaths:13,676
Recovered:96,006

[+] Stats Updated! -(22, 3, 2020, '15:7:59')
Cases:318,798
Deaths:13,676
Recovered:96,006

[+] Stats Updated! -(22, 3, 2020, '15:9:6')
Cases:318,811
Deaths:13,676
Recovered:96,006

[+] Stats Updated! -(22, 3, 2020, '15:10:24')
Cases:318,854
Deaths:13,676
Recovered:96,006

[+] Stats Updated! -(22, 3, 2020, '15:15:14')
Cases:318,867
Deaths:13,676
Recovered:96,006

[+] Stats Updated! -(22, 3, 2020, '15:16:55')
Cases:318,868
Deaths:13,676
Recovered:96,006

[+] Stats Updated! -(22, 3, 2020, '15:19:31')
Cases:318,867
Deaths:13,676
Recovered:96,006

[+] Stats Updated! -(22, 3, 2020, '15:21:22')
Cases:318,899
Deaths:13,676
Recovered:96,006

[+] Stats Updated! -(22, 3, 2020, '15:22:29')
Cases:318,916
Deaths:13,683
Recovered:96,006

[+] Stats Updated! -(22, 3, 2020, '15:30:7')
Cases:318,953
Deaths:13,683
Recovered:96,006

[+] Stats Updated! -(22, 3, 2020, '15:30:18')
Cases:318,967
Deaths:13,684
Recovered:96,006

[+] Stats Updated! -(22, 3, 2020, '15:31:2')
Cases:318,953
Deaths:13,684
Recovered:96,006

[+] Stats Updated! -(22, 3, 2020, '15:31:14')
Cases:318,967
Deaths:13,684
Recovered:96,006

[+] Stats Updated! -(22, 3, 2020, '15:34:46')
Cases:318,981
Deaths:13,685
Recovered:96,006

[+] Stats Updated! -(22, 3, 2020, '15:37:44')
Cases:318,979
Deaths:13,685
Recovered:96,006

[+] Stats Updated! -(22, 3, 2020, '15:40:53')
Cases:319,031
Deaths:13,685
Recovered:96,006

[+] Stats Updated! -(22, 3, 2020, '15:42:33')
Cases:319,032
Deaths:13,686
Recovered:96,006

[+] Stats Updated! -(22, 3, 2020, '15:44:2')
Cases:319,051
Deaths:13,686
Recovered:96,006

[+] Stats Updated! -(22, 3, 2020, '15:46:49')
Cases:319,145
Deaths:13,688
Recovered:96,006

[+] Stats Updated! -(22, 3, 2020, '15:48:30')
Cases:319,151
Deaths:13,689
Recovered:96,006

[+] Stats Updated! -(22, 3, 2020, '15:50:44')
Cases:319,067
Deaths:13,689
Recovered:96,006

[+] Stats Updated! -(22, 3, 2020, '15:52:2')
Cases:319,097
Deaths:13,694
Recovered:96,006

[+] Stats Updated! -(22, 3, 2020, '15:55:56')
Cases:319,128
Deaths:13,697
Recovered:96,006

[+] Stats Updated! -(22, 3, 2020, '16:0:34')
Cases:319,134
Deaths:13,697
Recovered:96,006

[+] Stats Updated! -(22, 3, 2020, '16:0:57')
Cases:319,613
Deaths:13,697
Recovered:96,006

[+] Stats Updated! -(22, 3, 2020, '16:1:8')
Cases:319,134
Deaths:13,697
Recovered:96,006

[+] Stats Updated! -(22, 3, 2020, '16:2:59')
Cases:319,613
Deaths:13,697
Recovered:96,006

[+] Stats Updated! -(22, 3, 2020, '16:8:44')
Cases:319,675
Deaths:13,699
Recovered:96,006

[+] Stats Updated! -(22, 3, 2020, '16:11:8')
Cases:319,676
Deaths:13,699
Recovered:96,006

[+] Stats Updated! -(22, 3, 2020, '16:12:48')
Cases:321,257
Deaths:13,699
Recovered:96,006

[+] Stats Updated! -(22, 3, 2020, '16:15:36')
Cases:321,268
Deaths:13,699
Recovered:96,006

[+] Stats Updated! -(22, 3, 2020, '16:18:46')
Cases:321,271
Deaths:13,699
Recovered:96,006

[+] Stats Updated! -(22, 3, 2020, '16:25:38')
Cases:321,278
Deaths:13,699
Recovered:96,006

[+] Stats Updated! -(22, 3, 2020, '16:30:51')
Cases:321,284
Deaths:13,699
Recovered:96,006

[+] Stats Updated! -(22, 3, 2020, '16:39:46')
Cases:322,315
Deaths:13,738
Recovered:96,006

[+] Stats Updated! -(22, 3, 2020, '16:50:21')
Cases:322,572
Deaths:13,745
Recovered:96,006

[+] Stats Updated! -(22, 3, 2020, '16:51:28')
Cases:322,573
Deaths:13,746
Recovered:96,006

[+] Stats Updated! -(22, 3, 2020, '16:56:52')
Cases:322,625
Deaths:13,746
Recovered:96,006

[+] Stats Updated! -(22, 3, 2020, '17:3:34')
Cases:323,365
Deaths:13,745
Recovered:96,006

[+] Stats Updated! -(22, 3, 2020, '17:5:59')
Cases:324,028
Deaths:13,782
Recovered:96,006

[+] Stats Updated! -(22, 3, 2020, '17:6:10')
Cases:324,062
Deaths:13,782
Recovered:96,006

[+] Stats Updated! -(22, 3, 2020, '17:12:52')
Cases:324,064
Deaths:13,782
Recovered:96,006

[+] Stats Updated! -(22, 3, 2020, '17:16:17')
Cases:329,624
Deaths:14,433
Recovered:96,958

[+] Stats Updated! -(28, 3, 2020, '0:48:2')
Cases:594,791
Deaths:27,255
Recovered:133,006

[+] Stats Updated! -(28, 3, 2020, '0:49:26')
Cases:595,915
Deaths:27,340
Recovered:133,006

[+] Stats Updated! -(28, 3, 2020, '1:5:31')
Cases:595,952
Deaths:27,341
Recovered:133,057

[+] Stats Updated! -(28, 3, 2020, '21:15:38')
Cases:658,138
Deaths:30,439
Recovered:141,419

[+] Stats Updated! -(28, 3, 2020, '21:16:10')
Cases:658,174
Deaths:30,441
Recovered:141,419

[+] Stats Updated! -(28, 3, 2020, '21:16:20')
Cases:658,175
Deaths:30,441
Recovered:141,419

[+] Stats Updated! -(28, 3, 2020, '21:34:12')
Cases:658,205
Deaths:30,441
Recovered:141,419

[+] Stats Updated! -(28, 3, 2020, '21:38:57')
Cases:658,206
Deaths:30,449
Recovered:141,419

[+] Stats Updated! -(28, 3, 2020, '21:44:22')
Cases:658,207
Deaths:30,454
Recovered:141,419

[+] Stats Updated! -(28, 3, 2020, '21:44:33')
Cases:658,341
Deaths:30,460
Recovered:141,419

[+] Stats Updated! -(28, 3, 2020, '21:50:51')
Cases:658,347
Deaths:30,460
Recovered:141,419

[+] Stats Updated! -(28, 3, 2020, '21:53:39')
Cases:658,641
Deaths:30,471
Recovered:141,419

[+] Stats Updated! -(28, 3, 2020, '21:57:50')
Cases:658,672
Deaths:30,471
Recovered:141,419

[+] Stats Updated! -(28, 3, 2020, '22:2:44')
Cases:659,435
Deaths:30,627
Recovered:141,420

[+] Stats Updated! -(28, 3, 2020, '22:4:8')
Cases:659,456
Deaths:30,627
Recovered:141,420

[+] Stats Updated! -(28, 3, 2020, '22:13:2')
Cases:659,546
Deaths:30,627
Recovered:141,420

[+] Stats Updated! -(28, 3, 2020, '22:13:55')
Cases:659,547
Deaths:30,631
Recovered:141,420

[+] Stats Updated! -(28, 3, 2020, '22:15:19')
Cases:659,780
Deaths:30,637
Recovered:141,420

[+] Stats Updated! -(28, 3, 2020, '22:16:1')
Cases:659,782
Deaths:30,637
Recovered:141,420

[+] Stats Updated! -(28, 3, 2020, '22:18:38')
Cases:659,784
Deaths:30,637
Recovered:141,420

[+] Stats Updated! -(28, 3, 2020, '22:19:30')
Cases:659,789
Deaths:30,639
Recovered:141,422

[+] Stats Updated! -(28, 3, 2020, '22:20:55')
Cases:660,064
Deaths:30,641
Recovered:141,422

[+] Stats Updated! -(28, 3, 2020, '22:24:25')
Cases:660,147
Deaths:30,641
Recovered:141,464

[+] Stats Updated! -(28, 3, 2020, '22:34:11')
Cases:660,150
Deaths:30,642
Recovered:141,464

[+] Stats Updated! -(28, 3, 2020, '22:34:53')
Cases:660,167
Deaths:30,642
Recovered:141,464

[+] Stats Updated! -(28, 3, 2020, '22:39:5')
Cases:660,173
Deaths:30,642
Recovered:141,464

[+] Stats Updated! -(28, 3, 2020, '22:47:49')
Cases:660,175
Deaths:30,642
Recovered:141,464

[+] Stats Updated! -(28, 3, 2020, '22:49:45')
Cases:660,458
Deaths:30,643
Recovered:141,464

[+] Stats Updated! -(28, 3, 2020, '23:11:40')
Cases:661,367
Deaths:30,671
Recovered:141,464

[+] Stats Updated! -(28, 3, 2020, '23:15:53')
Cases:661,394
Deaths:30,671
Recovered:141,465

[+] Stats Updated! -(28, 3, 2020, '23:16:35')
Cases:661,396
Deaths:30,671
Recovered:141,465

[+] Stats Updated! -(28, 3, 2020, '23:16:46')
Cases:662,394
Deaths:30,826
Recovered:141,465

[+] Stats Updated! -(28, 3, 2020, '23:34:16')
Cases:662,402
Deaths:30,826
Recovered:141,465

[+] Stats Updated! -(28, 3, 2020, '23:37:46')
Cases:662,422
Deaths:30,830
Recovered:141,468

[+] Stats Updated! -(28, 3, 2020, '23:40:56')
Cases:662,501
Deaths:30,830
Recovered:141,468

[+] Stats Updated! -(28, 3, 2020, '23:56:33')
Cases:662,541
Deaths:30,835
Recovered:141,468

[+] Stats Updated! -(29, 3, 2020, '0:1:17')
Cases:662,543
Deaths:30,839
Recovered:141,468

[+] Stats Updated! -(29, 3, 2020, '0:4:36')
Cases:662,598
Deaths:30,840
Recovered:141,468

[+] Stats Updated! -(29, 3, 2020, '0:7:24')
Cases:662,643
Deaths:30,845
Recovered:141,945

[+] Stats Updated! -(29, 3, 2020, '0:9:20')
Cases:662,673
Deaths:30,845
Recovered:141,945

[+] Stats Updated! -(29, 3, 2020, '0:12:19')
Cases:662,674
Deaths:30,845
Recovered:141,945

[+] Stats Updated! -(29, 3, 2020, '0:18:39')
Cases:662,737
Deaths:30,847
Recovered:141,945

[+] Stats Updated! -(2, 4, 2020, '11:17:4')
Cases:950,089
Deaths:48,259
Recovered:201,571

[+] Stats Updated! -(2, 4, 2020, '11:19:35')
Cases:950,425
Deaths:48,276
Recovered:202,617

[+] Stats Updated! -(2, 4, 2020, '11:44:33')
Cases:950,430
Deaths:48,276
Recovered:202,627

[+] Stats Updated! -(2, 4, 2020, '11:47:49')
Cases:950,504
Deaths:48,276
Recovered:202,631

[+] Stats Updated! -(2, 4, 2020, '11:54:32')
Cases:950,638
Deaths:48,289
Recovered:202,631

[+] Stats Updated! -(2, 4, 2020, '12:1:7')
Cases:950,639
Deaths:48,289
Recovered:202,631

[+] Stats Updated! -(2, 4, 2020, '12:8:26')
Cases:950,652
Deaths:48,290
Recovered:202,631

[+] Stats Updated! -(2, 4, 2020, '12:9:43')
Cases:950,667
Deaths:48,290
Recovered:202,631

[+] Stats Updated! -(2, 4, 2020, '12:11:0')
Cases:950,705
Deaths:48,310
Recovered:202,826

[+] Stats Updated! -(2, 4, 2020, '12:15:2')
Cases:950,708
Deaths:48,311
Recovered:202,826

[+] Stats Updated! -(2, 4, 2020, '12:37:19')
Cases:950,713
Deaths:48,311
Recovered:202,826

[+] Stats Updated! -(2, 4, 2020, '12:38:47')
Cases:950,886
Deaths:48,314
Recovered:202,844

[+] Stats Updated! -(10, 4, 2020, '18:49:56')
Cases:1,674,967
Deaths:101,483
Recovered:371,866
