


materialPath: D:\Steam\steamapps\common\Counter-Strike Global Offensive\csgo\materials
Loading D:\OneDrive\Desktop\csgo\hammer maps\God of War\achievement_god_of_war.vmf
Map revision 39
fixing up env_cubemap materials on brush sides...
0...1...2...3...4...5...6...7...8...9...100...1...2...3...4...5...6...7...8...9...10Processing areas...done (0)
Building Faces...done (0)
Chop Details...done (0)
Find Visible Detail Sides...done (0)
Merging details...done (0)
FixTjuncs...
PruneNodes...
WriteBSP...
done (0)
writing D:\OneDrive\Desktop\csgo\hammer maps\God of War\achievement_god_of_war.prt...Building visibility clusters...
AutoVisClustering (threshold=-1) matched 0 leafs.
done (0)
Finding displacement neighbors...
Finding lightmap sample positions...
Displacement Alpha : 0...1...2...3...4...5...6...7...8...9...10
Building Physics collision data...
done (0) (9533 bytes)
Placing detail props : 0...1...2...3...4...5...6...7...8...9...10
Compacting texture/material tables...
Reduced 21 texinfos to 14
Reduced 4 texdatas to 4 (78 bytes to 78)
Writing D:\OneDrive\Desktop\csgo\hammer maps\God of War\achievement_god_of_war.bsp
MSG_FILEWRITE - Filesystem was asked to write to 'd:\onedrive\desktop\csgo\hammer maps\god of war\achievement_god_of_war.bsp', but we don't own that location. Allowing...
0 seconds elapsed



16 threads
reading d:\onedrive\desktop\csgo\hammer maps\god of war\achievement_god_of_war.bsp
reading d:\onedrive\desktop\csgo\hammer maps\god of war\achievement_god_of_war.prt
   5 portalclusters
   4 numportals
0...1...2...3...4...5...6...7...8...9...100...1...2...3...4...5...6...7...8...9...10Optimized: 0 visible clusters (0.00%)
Total clusters visible: 13
Average clusters visible: 2
Building PAS...
Average clusters audible: 2
visdatasize:54  compressed from 80
writing d:\onedrive\desktop\csgo\hammer maps\god of war\achievement_god_of_war.bsp
MSG_FILEWRITE - Filesystem was asked to write to 'd:\onedrive\desktop\csgo\hammer maps\god of war\achievement_god_of_war.bsp', but we don't own that location. Allowing...
0 seconds elapsed



[Reading texlights from 'lights.rad']
[17 texlights parsed from 'lights.rad']

Loading d:\onedrive\desktop\csgo\hammer maps\god of war\achievement_god_of_war.bsp
40 faces
4022 square feet [579200.00 square inches]
0 Displacements
0 Square Feet [0.00 Square Inches]
40 patches before subdivision
326 patches after subdivision
2 direct lights
0...1...2...3...4...5...6...7...8...9...100...1...2...3...4...5...6...7...8...9...10transfers 9866, max 90
transfer lists:   0.1 megs
0...1...2...3...4...5...6...7...8...9...10	Bounce #1 added RGB(2590, 728, 7)
0...1...2...3...4...5...6...7...8...9...10	Bounce #2 added RGB(1709, 135, 0)
0...1...2...3...4...5...6...7...8...9...10	Bounce #3 added RGB(1094, 24, 0)
0...1...2...3...4...5...6...7...8...9...10	Bounce #4 added RGB(701, 4, 0)
0...1...2...3...4...5...6...7...8...9...10	Bounce #5 added RGB(448, 1, 0)
0...1...2...3...4...5...6...7...8...9...10	Bounce #6 added RGB(287, 0, 0)
0...1...2...3...4...5...6...7...8...9...10	Bounce #7 added RGB(184, 0, 0)
0...1...2...3...4...5...6...7...8...9...10	Bounce #8 added RGB(118, 0, 0)
0...1...2...3...4...5...6...7...8...9...10	Bounce #9 added RGB(76, 0, 0)
0...1...2...3...4...5...6...7...8...9...10	Bounce #10 added RGB(49, 0, 0)
0...1...2...3...4...5...6...7...8...9...10	Bounce #11 added RGB(31, 0, 0)
0...1...2...3...4...5...6...7...8...9...10	Bounce #12 added RGB(20, 0, 0)
0...1...2...3...4...5...6...7...8...9...10	Bounce #13 added RGB(13, 0, 0)
0...1...2...3...4...5...6...7...8...9...10	Bounce #14 added RGB(8, 0, 0)
0...1...2...3...4...5...6...7...8...9...10	Bounce #15 added RGB(5, 0, 0)
0...1...2...3...4...5...6...7...8...9...10	Bounce #16 added RGB(3, 0, 0)
0...1...2...3...4...5...6...7...8...9...10	Bounce #17 added RGB(2, 0, 0)
0...1...2...3...4...5...6...7...8...9...10	Bounce #18 added RGB(1, 0, 0)
0...1...2...3...4...5...6...7...8...9...10	Bounce #19 added RGB(1, 0, 0)
Build Patch/Sample Hash Table(s).....Done<0.0001 sec>
0...1...2...3...4...5...6...7...8...9...10FinalLightFace Done
0 of 0 (0% of) surface lights went in leaf ambient cubes.
0...1...2...3...4...5...6...7...8...9...10Writing leaf ambient...done
Ready to Finish

Object names       Objects/Maxobjs  Memory / Maxmem  Fullness 
------------       ---------------  ---------------  -------- 
models                   4/1024          192/49152    ( 0.4%) 
brushes                 21/8192          252/98304    ( 0.3%) 
brushsides             130/81920        1040/655360   ( 0.2%) 
planes                 108/65536        2160/1310720  ( 0.2%) 
vertexes                95/65536        1140/786432   ( 0.1%) 
nodes                   45/65536        1440/2097152  ( 0.1%) 
texinfos                14/12288        1008/884736   ( 0.1%) 
texdata                  4/4096          128/131072   ( 0.1%) 
dispinfos                0/0               0/0        ( 0.0%) 
disp_verts               0/0               0/0        ( 0.0%) 
disp_tris                0/0               0/0        ( 0.0%) 
disp_multiblend          0/0               0/0        ( 0.0%) 
disp_lmsamples           0/0               0/0        ( 0.0%) 
faces                   40/65536        2240/3670016  ( 0.1%) 
hdr faces                0/65536           0/3670016  ( 0.0%) 
origfaces               32/65536        1792/3670016  ( 0.0%) 
facebrushes              0/0               0/0        ( 0.0%) 
facebrushlists          40/0             160/0        ( 0.0%) 
leaves                  50/65536        1600/2097152  ( 0.1%) 
leaffaces               42/65536          84/131072   ( 0.1%) 
leafbrushes             39/65536          78/131072   ( 0.1%) 
areas                    3/1024           24/8192     ( 0.3%) 
surfedges              296/512000       1184/2048000  ( 0.1%) 
edges                  176/256000        704/1024000  ( 0.1%) 
LDR worldlights          2/8192          200/819200   ( 0.0%) 
HDR worldlights          0/8192            0/819200   ( 0.0%) 
leafwaterdata            0/32768           0/393216   ( 0.0%) 
waterstrips              2/32768          20/327680   ( 0.0%) 
waterverts               0/65536           0/786432   ( 0.0%) 
waterindices            24/65536          48/131072   ( 0.0%) 
cubemapsamples           0/1024            0/16384    ( 0.0%) 
overlays                 0/1024            0/360448   ( 0.0%) 
LDR lightdata         [variable]       14116/0        ( 0.0%) 
HDR lightdata         [variable]           0/0        ( 0.0%) 
visdata               [variable]          54/16777216 ( 0.0%) 
entdata               [variable]        4211/393216   ( 1.1%) 
LDR ambient table       50/65536         200/262144   ( 0.1%) 
HDR ambient table       50/65536         200/262144   ( 0.1%) 
LDR leaf ambient       150/65536        4200/1835008  ( 0.2%) 
HDR leaf ambient        50/65536        1400/1835008  ( 0.1%) 
occluders                0/0               0/0        ( 0.0%) 
occluder polygons        0/0               0/0        ( 0.0%) 
occluder vert ind        0/0               0/0        ( 0.0%) 
detail props          [variable]           1/12       ( 8.3%) 
static props          [variable]           1/12       ( 8.3%) 
pakfile               [variable]       74486/0        ( 0.0%) 
physics               [variable]        9533/4194304  ( 0.2%) 
physics terrain       [variable]           2/1048576  ( 0.0%) 

Level flags = 7c

Total triangle count: 88
Writing d:\onedrive\desktop\csgo\hammer maps\god of war\achievement_god_of_war.bsp
MSG_FILEWRITE - Filesystem was asked to write to 'd:\onedrive\desktop\csgo\hammer maps\god of war\achievement_god_of_war.bsp', but we don't own that location. Allowing...
0 seconds elapsed



materialPath: D:\Steam\steamapps\common\Counter-Strike Global Offensive\csgo\materials
Loading D:\OneDrive\Desktop\csgo\hammer maps\God of War\achievement_god_of_war.vmf
Map revision 39
fixing up env_cubemap materials on brush sides...
0...1...2...3...4...5...6...7...8...9...100...1...2...3...4...5...6...7...8...9...10Processing areas...done (0)
Building Faces...done (0)
Chop Details...done (0)
Find Visible Detail Sides...done (0)
Merging details...done (0)
FixTjuncs...
PruneNodes...
WriteBSP...
done (0)
writing D:\OneDrive\Desktop\csgo\hammer maps\God of War\achievement_god_of_war.prt...Building visibility clusters...
AutoVisClustering (threshold=-1) matched 0 leafs.
done (0)
Finding displacement neighbors...
Finding lightmap sample positions...
Displacement Alpha : 0...1...2...3...4...5...6...7...8...9...10
Building Physics collision data...
done (0) (9533 bytes)
Placing detail props : 0...1...2...3...4...5...6...7...8...9...10
Compacting texture/material tables...
Reduced 21 texinfos to 14
Reduced 4 texdatas to 4 (78 bytes to 78)
Writing D:\OneDrive\Desktop\csgo\hammer maps\God of War\achievement_god_of_war.bsp
MSG_FILEWRITE - Filesystem was asked to write to 'd:\onedrive\desktop\csgo\hammer maps\god of war\achievement_god_of_war.bsp', but we don't own that location. Allowing...
0 seconds elapsed



16 threads
reading d:\onedrive\desktop\csgo\hammer maps\god of war\achievement_god_of_war.bsp
reading d:\onedrive\desktop\csgo\hammer maps\god of war\achievement_god_of_war.prt
   5 portalclusters
   4 numportals
0...1...2...3...4...5...6...7...8...9...100...1...2...3...4...5...6...7...8...9...10Optimized: 0 visible clusters (0.00%)
Total clusters visible: 13
Average clusters visible: 2
Building PAS...
Average clusters audible: 2
visdatasize:54  compressed from 80
writing d:\onedrive\desktop\csgo\hammer maps\god of war\achievement_god_of_war.bsp
MSG_FILEWRITE - Filesystem was asked to write to 'd:\onedrive\desktop\csgo\hammer maps\god of war\achievement_god_of_war.bsp', but we don't own that location. Allowing...
0 seconds elapsed



[Reading texlights from 'lights.rad']
[17 texlights parsed from 'lights.rad']

Loading d:\onedrive\desktop\csgo\hammer maps\god of war\achievement_god_of_war.bsp
40 faces
4022 square feet [579200.00 square inches]
0 Displacements
0 Square Feet [0.00 Square Inches]
40 patches before subdivision
326 patches after subdivision
2 direct lights
0...1...2...3...4...5...6...7...8...9...100...1...2...3...4...5...6...7...8...9...10transfers 9866, max 90
transfer lists:   0.1 megs
0...1...2...3...4...5...6...7...8...9...10	Bounce #1 added RGB(2590, 728, 7)
0...1...2...3...4...5...6...7...8...9...10	Bounce #2 added RGB(1709, 135, 0)
0...1...2...3...4...5...6...7...8...9...10	Bounce #3 added RGB(1094, 24, 0)
0...1...2...3...4...5...6...7...8...9...10	Bounce #4 added RGB(701, 4, 0)
0...1...2...3...4...5...6...7...8...9...10	Bounce #5 added RGB(448, 1, 0)
0...1...2...3...4...5...6...7...8...9...10	Bounce #6 added RGB(287, 0, 0)
0...1...2...3...4...5...6...7...8...9...10	Bounce #7 added RGB(184, 0, 0)
0...1...2...3...4...5...6...7...8...9...10	Bounce #8 added RGB(118, 0, 0)
0...1...2...3...4...5...6...7...8...9...10	Bounce #9 added RGB(76, 0, 0)
0...1...2...3...4...5...6...7...8...9...10	Bounce #10 added RGB(49, 0, 0)
0...1...2...3...4...5...6...7...8...9...10	Bounce #11 added RGB(31, 0, 0)
0...1...2...3...4...5...6...7...8...9...10	Bounce #12 added RGB(20, 0, 0)
0...1...2...3...4...5...6...7...8...9...10	Bounce #13 added RGB(13, 0, 0)
0...1...2...3...4...5...6...7...8...9...10	Bounce #14 added RGB(8, 0, 0)
0...1...2...3...4...5...6...7...8...9...10	Bounce #15 added RGB(5, 0, 0)
0...1...2...3...4...5...6...7...8...9...10	Bounce #16 added RGB(3, 0, 0)
0...1...2...3...4...5...6...7...8...9...10	Bounce #17 added RGB(2, 0, 0)
0...1...2...3...4...5...6...7...8...9...10	Bounce #18 added RGB(1, 0, 0)
0...1...2...3...4...5...6...7...8...9...10	Bounce #19 added RGB(1, 0, 0)
Build Patch/Sample Hash Table(s).....Done<0.0001 sec>
0...1...2...3...4...5...6...7...8...9...10FinalLightFace Done
0 of 0 (0% of) surface lights went in leaf ambient cubes.
0...1...2...3...4...5...6...7...8...9...10Writing leaf ambient...done
Ready to Finish

Object names       Objects/Maxobjs  Memory / Maxmem  Fullness 
------------       ---------------  ---------------  -------- 
models                   4/1024          192/49152    ( 0.4%) 
brushes                 21/8192          252/98304    ( 0.3%) 
brushsides             130/81920        1040/655360   ( 0.2%) 
planes                 108/65536        2160/1310720  ( 0.2%) 
vertexes                95/65536        1140/786432   ( 0.1%) 
nodes                   45/65536        1440/2097152  ( 0.1%) 
texinfos                14/12288        1008/884736   ( 0.1%) 
texdata                  4/4096          128/131072   ( 0.1%) 
dispinfos                0/0               0/0        ( 0.0%) 
disp_verts               0/0               0/0        ( 0.0%) 
disp_tris                0/0               0/0        ( 0.0%) 
disp_multiblend          0/0               0/0        ( 0.0%) 
disp_lmsamples           0/0               0/0        ( 0.0%) 
faces                   40/65536        2240/3670016  ( 0.1%) 
hdr faces                0/65536           0/3670016  ( 0.0%) 
origfaces               32/65536        1792/3670016  ( 0.0%) 
facebrushes              0/0               0/0        ( 0.0%) 
facebrushlists          40/0             160/0        ( 0.0%) 
leaves                  50/65536        1600/2097152  ( 0.1%) 
leaffaces               42/65536          84/131072   ( 0.1%) 
leafbrushes             39/65536          78/131072   ( 0.1%) 
areas                    3/1024           24/8192     ( 0.3%) 
surfedges              296/512000       1184/2048000  ( 0.1%) 
edges                  176/256000        704/1024000  ( 0.1%) 
LDR worldlights          2/8192          200/819200   ( 0.0%) 
HDR worldlights          0/8192            0/819200   ( 0.0%) 
leafwaterdata            0/32768           0/393216   ( 0.0%) 
waterstrips              2/32768          20/327680   ( 0.0%) 
waterverts               0/65536           0/786432   ( 0.0%) 
waterindices            24/65536          48/131072   ( 0.0%) 
cubemapsamples           0/1024            0/16384    ( 0.0%) 
overlays                 0/1024            0/360448   ( 0.0%) 
LDR lightdata         [variable]       14116/0        ( 0.0%) 
HDR lightdata         [variable]           0/0        ( 0.0%) 
visdata               [variable]          54/16777216 ( 0.0%) 
entdata               [variable]        4211/393216   ( 1.1%) 
LDR ambient table       50/65536         200/262144   ( 0.1%) 
HDR ambient table       50/65536         200/262144   ( 0.1%) 
LDR leaf ambient       150/65536        4200/1835008  ( 0.2%) 
HDR leaf ambient        50/65536        1400/1835008  ( 0.1%) 
occluders                0/0               0/0        ( 0.0%) 
occluder polygons        0/0               0/0        ( 0.0%) 
occluder vert ind        0/0               0/0        ( 0.0%) 
detail props          [variable]           1/12       ( 8.3%) 
static props          [variable]           1/12       ( 8.3%) 
pakfile               [variable]       74486/0        ( 0.0%) 
physics               [variable]        9533/4194304  ( 0.2%) 
physics terrain       [variable]           2/1048576  ( 0.0%) 

Level flags = 7c

Total triangle count: 88
Writing d:\onedrive\desktop\csgo\hammer maps\god of war\achievement_god_of_war.bsp
MSG_FILEWRITE - Filesystem was asked to write to 'd:\onedrive\desktop\csgo\hammer maps\god of war\achievement_god_of_war.bsp', but we don't own that location. Allowing...
0 seconds elapsed



materialPath: D:\Steam\steamapps\common\Counter-Strike Global Offensive\csgo\materials
Loading D:\OneDrive\Desktop\csgo\hammer maps\God of War\achievement_god_of_war.vmf
Map revision 40
fixing up env_cubemap materials on brush sides...
0...1...2...3...4...5...6...7...8...9...100...1...2...3...4...5...6...7...8...9...10Processing areas...done (0)
Building Faces...done (0)
Chop Details...done (0)
Find Visible Detail Sides...done (0)
Merging details...done (0)
FixTjuncs...
PruneNodes...
WriteBSP...
done (0)
writing D:\OneDrive\Desktop\csgo\hammer maps\God of War\achievement_god_of_war.prt...Building visibility clusters...
AutoVisClustering (threshold=-1) matched 0 leafs.
done (0)
Finding displacement neighbors...
Finding lightmap sample positions...
Displacement Alpha : 0...1...2...3...4...5...6...7...8...9...10
Building Physics collision data...
done (0) (9533 bytes)
Placing detail props : 0...1...2...3...4...5...6...7...8...9...10
Compacting texture/material tables...
Reduced 21 texinfos to 14
Reduced 4 texdatas to 4 (78 bytes to 78)
Writing D:\OneDrive\Desktop\csgo\hammer maps\God of War\achievement_god_of_war.bsp
MSG_FILEWRITE - Filesystem was asked to write to 'd:\onedrive\desktop\csgo\hammer maps\god of war\achievement_god_of_war.bsp', but we don't own that location. Allowing...
0 seconds elapsed



16 threads
reading d:\onedrive\desktop\csgo\hammer maps\god of war\achievement_god_of_war.bsp
reading d:\onedrive\desktop\csgo\hammer maps\god of war\achievement_god_of_war.prt
   5 portalclusters
   4 numportals
0...1...2...3...4...5...6...7...8...9...100...1...2...3...4...5...6...7...8...9...10Optimized: 0 visible clusters (0.00%)
Total clusters visible: 13
Average clusters visible: 2
Building PAS...
Average clusters audible: 2
visdatasize:54  compressed from 80
writing d:\onedrive\desktop\csgo\hammer maps\god of war\achievement_god_of_war.bsp
MSG_FILEWRITE - Filesystem was asked to write to 'd:\onedrive\desktop\csgo\hammer maps\god of war\achievement_god_of_war.bsp', but we don't own that location. Allowing...
0 seconds elapsed



[Reading texlights from 'lights.rad']
[17 texlights parsed from 'lights.rad']

Loading d:\onedrive\desktop\csgo\hammer maps\god of war\achievement_god_of_war.bsp
40 faces
4022 square feet [579200.00 square inches]
0 Displacements
0 Square Feet [0.00 Square Inches]
40 patches before subdivision
326 patches after subdivision
2 direct lights
0...1...2...3...4...5...6...7...8...9...100...1...2...3...4...5...6...7...8...9...10transfers 9866, max 90
transfer lists:   0.1 megs
0...1...2...3...4...5...6...7...8...9...10	Bounce #1 added RGB(2590, 728, 7)
0...1...2...3...4...5...6...7...8...9...10	Bounce #2 added RGB(1709, 135, 0)
0...1...2...3...4...5...6...7...8...9...10	Bounce #3 added RGB(1094, 24, 0)
0...1...2...3...4...5...6...7...8...9...10	Bounce #4 added RGB(701, 4, 0)
0...1...2...3...4...5...6...7...8...9...10	Bounce #5 added RGB(448, 1, 0)
0...1...2...3...4...5...6...7...8...9...10	Bounce #6 added RGB(287, 0, 0)
0...1...2...3...4...5...6...7...8...9...10	Bounce #7 added RGB(184, 0, 0)
0...1...2...3...4...5...6...7...8...9...10	Bounce #8 added RGB(118, 0, 0)
0...1...2...3...4...5...6...7...8...9...10	Bounce #9 added RGB(76, 0, 0)
0...1...2...3...4...5...6...7...8...9...10	Bounce #10 added RGB(49, 0, 0)
0...1...2...3...4...5...6...7...8...9...10	Bounce #11 added RGB(31, 0, 0)
0...1...2...3...4...5...6...7...8...9...10	Bounce #12 added RGB(20, 0, 0)
0...1...2...3...4...5...6...7...8...9...10	Bounce #13 added RGB(13, 0, 0)
0...1...2...3...4...5...6...7...8...9...10	Bounce #14 added RGB(8, 0, 0)
0...1...2...3...4...5...6...7...8...9...10	Bounce #15 added RGB(5, 0, 0)
0...1...2...3...4...5...6...7...8...9...10	Bounce #16 added RGB(3, 0, 0)
0...1...2...3...4...5...6...7...8...9...10	Bounce #17 added RGB(2, 0, 0)
0...1...2...3...4...5...6...7...8...9...10	Bounce #18 added RGB(1, 0, 0)
0...1...2...3...4...5...6...7...8...9...10	Bounce #19 added RGB(1, 0, 0)
Build Patch/Sample Hash Table(s).....Done<0.0001 sec>
0...1...2...3...4...5...6...7...8...9...10FinalLightFace Done
0 of 0 (0% of) surface lights went in leaf ambient cubes.
0...1...2...3...4...5...6...7...8...9...10Writing leaf ambient...done
Ready to Finish

Object names       Objects/Maxobjs  Memory / Maxmem  Fullness 
------------       ---------------  ---------------  -------- 
models                   4/1024          192/49152    ( 0.4%) 
brushes                 21/8192          252/98304    ( 0.3%) 
brushsides             130/81920        1040/655360   ( 0.2%) 
planes                 108/65536        2160/1310720  ( 0.2%) 
vertexes                95/65536        1140/786432   ( 0.1%) 
nodes                   45/65536        1440/2097152  ( 0.1%) 
texinfos                14/12288        1008/884736   ( 0.1%) 
texdata                  4/4096          128/131072   ( 0.1%) 
dispinfos                0/0               0/0        ( 0.0%) 
disp_verts               0/0               0/0        ( 0.0%) 
disp_tris                0/0               0/0        ( 0.0%) 
disp_multiblend          0/0               0/0        ( 0.0%) 
disp_lmsamples           0/0               0/0        ( 0.0%) 
faces                   40/65536        2240/3670016  ( 0.1%) 
hdr faces                0/65536           0/3670016  ( 0.0%) 
origfaces               32/65536        1792/3670016  ( 0.0%) 
facebrushes              0/0               0/0        ( 0.0%) 
facebrushlists          40/0             160/0        ( 0.0%) 
leaves                  50/65536        1600/2097152  ( 0.1%) 
leaffaces               42/65536          84/131072   ( 0.1%) 
leafbrushes             39/65536          78/131072   ( 0.1%) 
areas                    3/1024           24/8192     ( 0.3%) 
surfedges              296/512000       1184/2048000  ( 0.1%) 
edges                  176/256000        704/1024000  ( 0.1%) 
LDR worldlights          2/8192          200/819200   ( 0.0%) 
HDR worldlights          0/8192            0/819200   ( 0.0%) 
leafwaterdata            0/32768           0/393216   ( 0.0%) 
waterstrips              2/32768          20/327680   ( 0.0%) 
waterverts               0/65536           0/786432   ( 0.0%) 
waterindices            24/65536          48/131072   ( 0.0%) 
cubemapsamples           0/1024            0/16384    ( 0.0%) 
overlays                 0/1024            0/360448   ( 0.0%) 
LDR lightdata         [variable]       14116/0        ( 0.0%) 
HDR lightdata         [variable]           0/0        ( 0.0%) 
visdata               [variable]          54/16777216 ( 0.0%) 
entdata               [variable]        4230/393216   ( 1.1%) 
LDR ambient table       50/65536         200/262144   ( 0.1%) 
HDR ambient table       50/65536         200/262144   ( 0.1%) 
LDR leaf ambient       150/65536        4200/1835008  ( 0.2%) 
HDR leaf ambient        50/65536        1400/1835008  ( 0.1%) 
occluders                0/0               0/0        ( 0.0%) 
occluder polygons        0/0               0/0        ( 0.0%) 
occluder vert ind        0/0               0/0        ( 0.0%) 
detail props          [variable]           1/12       ( 8.3%) 
static props          [variable]           1/12       ( 8.3%) 
pakfile               [variable]       74486/0        ( 0.0%) 
physics               [variable]        9533/4194304  ( 0.2%) 
physics terrain       [variable]           2/1048576  ( 0.0%) 

Level flags = 7c

Total triangle count: 88
Writing d:\onedrive\desktop\csgo\hammer maps\god of war\achievement_god_of_war.bsp
MSG_FILEWRITE - Filesystem was asked to write to 'd:\onedrive\desktop\csgo\hammer maps\god of war\achievement_god_of_war.bsp', but we don't own that location. Allowing...
0 seconds elapsed
