PRT1
11
27
4 0 3 (-768 -704 10.666700 ) (-512 -704 10.666700 ) (-512 -704 32 ) (-768 -704 32 ) 
4 0 4 (-1018 -704 32 ) (-1018 -704 10.666700 ) (-896 -704 10.666700 ) (-896 -704 32 ) 
4 0 2 (-384 -704 10.666700 ) (-262 -704 10.666700 ) (-262 -704 32 ) (-384 -704 32 ) 
4 0 1 (-1018 -704 245.332993 ) (-1018 -704 32 ) (-262 -704 32 ) (-262 -704 245.332993 ) 
4 1 6 (-744 -832 32 ) (-536 -832 32 ) (-536 -832 245.332993 ) (-744 -832 245.332993 ) 
4 1 5 (-536 -832 32 ) (-262 -832 32 ) (-262 -832 245.332993 ) (-536 -832 245.332993 ) 
4 1 10 (-1018 -832 245.332993 ) (-1018 -832 32 ) (-744 -832 32 ) (-744 -832 245.332993 ) 
4 1 3 (-512 -832 32 ) (-768 -832 32 ) (-768 -704 32 ) (-512 -704 32 ) 
4 1 4 (-896 -832 32 ) (-1018 -832 32 ) (-1018 -704 32 ) (-896 -704 32 ) 
4 1 2 (-262 -832 32 ) (-384 -832 32 ) (-384 -704 32 ) (-262 -704 32 ) 
4 2 5 (-384 -832 10.666700 ) (-262 -832 10.666700 ) (-262 -832 32 ) (-384 -832 32 ) 
4 3 6 (-744 -832 10.666700 ) (-536 -832 10.666700 ) (-536 -832 32 ) (-744 -832 32 ) 
4 3 5 (-536 -832 10.666700 ) (-512 -832 10.666700 ) (-512 -832 32 ) (-536 -832 32 ) 
4 3 10 (-768 -832 10.666700 ) (-744 -832 10.666700 ) (-744 -832 32 ) (-768 -832 32 ) 
4 4 10 (-1018 -832 32 ) (-1018 -832 10.666700 ) (-896 -832 10.666700 ) (-896 -832 32 ) 
4 5 7 (-536 -953 192 ) (-536 -953 245.332993 ) (-536 -952 245.332993 ) (-536 -952 192 ) 
4 5 8 (-536 -952 10.666700 ) (-536 -953 10.666700 ) (-536 -953 80 ) (-536 -952 80 ) 
4 5 6 (-536 -832 245.332993 ) (-536 -832 10.666700 ) (-536 -952 10.666700 ) (-536 -952 245.332993 ) 
4 5 9 (-536 -953 10.666700 ) (-536 -954 10.666700 ) (-536 -954 245.332993 ) (-536 -953 245.332993 ) 
4 6 7 (-744 -952 245.332993 ) (-744 -952 192 ) (-536 -952 192 ) (-536 -952 245.332993 ) 
4 6 8 (-744 -952 80 ) (-744 -952 10.666700 ) (-536 -952 10.666700 ) (-536 -952 80 ) 
4 6 10 (-744 -832 245.332993 ) (-744 -832 10.666700 ) (-744 -952 10.666700 ) (-744 -952 245.332993 ) 
4 7 9 (-744 -953 245.332993 ) (-744 -953 192 ) (-536 -953 192 ) (-536 -953 245.332993 ) 
4 7 10 (-744 -953 192 ) (-744 -953 245.332993 ) (-744 -952 245.332993 ) (-744 -952 192 ) 
4 8 10 (-744 -952 10.666700 ) (-744 -953 10.666700 ) (-744 -953 80 ) (-744 -952 80 ) 
4 8 9 (-744 -953 80 ) (-744 -953 10.666700 ) (-536 -953 10.666700 ) (-536 -953 80 ) 
4 9 10 (-744 -953 10.666700 ) (-744 -954 10.666700 ) (-744 -954 245.332993 ) (-744 -953 245.332993 ) 
