


materialPath: D:\Steam\steamapps\common\Counter-Strike Global Offensive\csgo\materials
Loading D:\Desktop\computing\Counter Strike\maps\frozen bot\frozen_bot.vmf
Map revision 27
fixing up env_cubemap materials on brush sides...
0...1...2...3...4...5...6...7...8...9...100...1...2...3...4...5...6...7...8...9...10Processing areas...done (0)
Building Faces...done (0)
FixTjuncs...
PruneNodes...
WriteBSP...
done (0)
writing D:\Desktop\computing\Counter Strike\maps\frozen bot\frozen_bot.prt...Building visibility clusters...
done (0)
Finding displacement neighbors...
Finding lightmap sample positions...
Displacement Alpha : 0...1...2...3...4...5...6...7...8...9...10
Building Physics collision data...
done (0) (16204 bytes)
Placing detail props : 0...1...2...3...4...5...6...7...8...9...10
Compacting texture/material tables...
Reduced 49 texinfos to 46
Reduced 3 texdatas to 3 (66 bytes to 66)
Writing D:\Desktop\computing\Counter Strike\maps\frozen bot\frozen_bot.bsp
MSG_FILEWRITE - Filesystem was asked to write to 'd:\desktop\computing\counter strike\maps\frozen bot\frozen_bot.bsp', but we don't own that location. Allowing.
0 seconds elapsed



4 threads
reading d:\desktop\computing\counter strike\maps\frozen bot\frozen_bot.bsp
reading d:\desktop\computing\counter strike\maps\frozen bot\frozen_bot.prt
  11 portalclusters
  27 numportals
0...1...2...3...4...5...6...7...8...9...10Optimized: 0 visible clusters (0.00%)
Total clusters visible: 113
Average clusters visible: 10
Building PAS...
Average clusters audible: 11
visdatasize:136  compressed from 176
writing d:\desktop\computing\counter strike\maps\frozen bot\frozen_bot.bsp
MSG_FILEWRITE - Filesystem was asked to write to 'd:\desktop\computing\counter strike\maps\frozen bot\frozen_bot.bsp', but we don't own that location. Allowing.
0 seconds elapsed



[Reading texlights from 'lights.rad']
[17 texlights parsed from 'lights.rad']

Loading d:\desktop\computing\counter strike\maps\frozen bot\frozen_bot.bsp
157 faces
8148 square feet [1173380.75 square inches]
0 Displacements
0 Square Feet [0.00 Square Inches]
157 patches before subdivision
1099 patches after subdivision
0 direct lights
0...1...2...3...4...5...6...7...8...9...100...1...2...3...4...5...6...7...8...9...10transfers 89454, max 203
transfer lists:   0.7 megs
0...1...2...3...4...5...6...7...8...9...10	Bounce #1 added RGB(0, 0, 0)
Build Patch/Sample Hash Table(s).....Done<0.0002 sec>
0...1...2...3...4...5...6...7...8...9...10FinalLightFace Done
0 of 0 (0% of) surface lights went in leaf ambient cubes.
0...1...2...3...4...5...6...7...8...9...10Writing leaf ambient...done
Ready to Finish

Object names       Objects/Maxobjs  Memory / Maxmem  Fullness 
------------       ---------------  ---------------  -------- 
models                  22/1024         1056/49152    ( 2.1%) 
brushes                 34/8192          408/98304    ( 0.4%) 
brushsides             204/65536        1632/524288   ( 0.3%) 
planes                 132/65536        2640/1310720  ( 0.2%) 
vertexes               241/65536        2892/786432   ( 0.4%) 
nodes                  149/65536        4768/2097152  ( 0.2%) 
texinfos                46/12288        3312/884736   ( 0.4%) 
texdata                  3/2048           96/65536    ( 0.1%) 
dispinfos                0/0               0/0        ( 0.0%) 
disp_verts               0/0               0/0        ( 0.0%) 
disp_tris                0/0               0/0        ( 0.0%) 
disp_multiblend          0/0               0/0        ( 0.0%) 
disp_lmsamples           0/0               0/0        ( 0.0%) 
faces                  157/65536        8792/3670016  ( 0.2%) 
hdr faces                0/65536           0/3670016  ( 0.0%) 
origfaces              149/65536        8344/3670016  ( 0.2%) 
facebrushes             22/0              44/0        ( 0.0%) 
facebrushlists         157/0             628/0        ( 0.0%) 
leaves                 172/65536        5504/2097152  ( 0.3%) 
leaffaces              187/65536         374/131072   ( 0.3%) 
leafbrushes             34/65536          68/131072   ( 0.1%) 
areas                    2/1024           16/8192     ( 0.2%) 
surfedges             1238/512000       4952/2048000  ( 0.2%) 
edges                  637/256000       2548/1024000  ( 0.2%) 
LDR worldlights          0/8192            0/819200   ( 0.0%) 
HDR worldlights          0/8192            0/819200   ( 0.0%) 
leafwaterdata            0/32768           0/393216   ( 0.0%) 
waterstrips              1/32768          10/327680   ( 0.0%) 
waterverts               0/65536           0/786432   ( 0.0%) 
waterindices            12/65536          24/131072   ( 0.0%) 
cubemapsamples           0/1024            0/16384    ( 0.0%) 
overlays                 0/1024            0/360448   ( 0.0%) 
LDR lightdata         [variable]      115764/0        ( 0.0%) 
HDR lightdata         [variable]           0/0        ( 0.0%) 
visdata               [variable]         136/16777216 ( 0.0%) 
entdata               [variable]       14485/393216   ( 3.7%) 
LDR ambient table      172/65536         688/262144   ( 0.3%) 
HDR ambient table      172/65536         688/262144   ( 0.3%) 
LDR leaf ambient       137/65536        3836/1835008  ( 0.2%) 
HDR leaf ambient       172/65536        4816/1835008  ( 0.3%) 
occluders                0/0               0/0        ( 0.0%) 
occluder polygons        0/0               0/0        ( 0.0%) 
occluder vert ind        0/0               0/0        ( 0.0%) 
detail props          [variable]           1/12       ( 8.3%) 
static props          [variable]           1/12       ( 8.3%) 
pakfile               [variable]       74438/0        ( 0.0%) 
physics               [variable]       16204/4194304  ( 0.4%) 
physics terrain       [variable]           2/1048576  ( 0.0%) 

Level flags = 7c

Total triangle count: 328
Writing d:\desktop\computing\counter strike\maps\frozen bot\frozen_bot.bsp
MSG_FILEWRITE - Filesystem was asked to write to 'd:\desktop\computing\counter strike\maps\frozen bot\frozen_bot.bsp', but we don't own that location. Allowing.
0 seconds elapsed
