


materialPath: D:\Steam\steamapps\common\Counter-Strike Global Offensive\csgo\materials
Loading D:\OneDrive\Desktop\csgo\hammer maps\Dead Shepherd\achievement_dead_shepherd.vmf
Map revision 74
fixing up env_cubemap materials on brush sides...
0...1...2...3...4...5...6...7...8...9...100...1...2...3...4...5...6...7...8...9...10Processing areas...done (0)
Building Faces...done (0)
Chop Details...done (0)
Find Visible Detail Sides...done (0)
Merging details...done (0)
FixTjuncs...
PruneNodes...
WriteBSP...
done (0)
writing D:\OneDrive\Desktop\csgo\hammer maps\Dead Shepherd\achievement_dead_shepherd.prt...Building visibility clusters...
AutoVisClustering (threshold=-1) matched 0 leafs.
done (0)
Finding displacement neighbors...
Finding lightmap sample positions...
Displacement Alpha : 0...1...2...3...4...5...6...7...8...9...10
Building Physics collision data...
done (0) (3839 bytes)
Placing detail props : 0...1...2...3...4...5...6...7...8...9...10
Compacting texture/material tables...
Reduced 18 texinfos to 9
Reduced 5 texdatas to 5 (99 bytes to 99)
Writing D:\OneDrive\Desktop\csgo\hammer maps\Dead Shepherd\achievement_dead_shepherd.bsp
MSG_FILEWRITE - Filesystem was asked to write to 'd:\onedrive\desktop\csgo\hammer maps\dead shepherd\achievement_dead_shepherd.bsp', but we don't own that location. Allowing...
0 seconds elapsed



16 threads
reading d:\onedrive\desktop\csgo\hammer maps\dead shepherd\achievement_dead_shepherd.bsp
reading d:\onedrive\desktop\csgo\hammer maps\dead shepherd\achievement_dead_shepherd.prt
   2 portalclusters
   1 numportals
0...1...2...3...4...5...6...7...8...9...100...1...2...3...4...5...6...7...8...9...10Optimized: 0 visible clusters (0.00%)
Total clusters visible: 4
Average clusters visible: 2
Building PAS...
Average clusters audible: 2
visdatasize:24  compressed from 32
writing d:\onedrive\desktop\csgo\hammer maps\dead shepherd\achievement_dead_shepherd.bsp
MSG_FILEWRITE - Filesystem was asked to write to 'd:\onedrive\desktop\csgo\hammer maps\dead shepherd\achievement_dead_shepherd.bsp', but we don't own that location. Allowing...
0 seconds elapsed



[Reading texlights from 'lights.rad']
[17 texlights parsed from 'lights.rad']

Loading d:\onedrive\desktop\csgo\hammer maps\dead shepherd\achievement_dead_shepherd.bsp
17 faces
1136 square feet [163712.00 square inches]
0 Displacements
0 Square Feet [0.00 Square Inches]
17 patches before subdivision
147 patches after subdivision
2 direct lights
0...1...2...3...4...5...6...7...8...9...100...1...2...3...4...5...6...7...8...9...10transfers 3621, max 67
transfer lists:   0.0 megs
0...1...2...3...4...5...6...7...8...9...10	Bounce #1 added RGB(1118, 314, 3)
0...1...2...3...4...5...6...7...8...9...10	Bounce #2 added RGB(672, 53, 0)
0...1...2...3...4...5...6...7...8...9...10	Bounce #3 added RGB(439, 10, 0)
0...1...2...3...4...5...6...7...8...9...10	Bounce #4 added RGB(279, 2, 0)
0...1...2...3...4...5...6...7...8...9...10	Bounce #5 added RGB(178, 0, 0)
0...1...2...3...4...5...6...7...8...9...10	Bounce #6 added RGB(114, 0, 0)
0...1...2...3...4...5...6...7...8...9...10	Bounce #7 added RGB(73, 0, 0)
0...1...2...3...4...5...6...7...8...9...10	Bounce #8 added RGB(47, 0, 0)
0...1...2...3...4...5...6...7...8...9...10	Bounce #9 added RGB(30, 0, 0)
0...1...2...3...4...5...6...7...8...9...10	Bounce #10 added RGB(19, 0, 0)
0...1...2...3...4...5...6...7...8...9...10	Bounce #11 added RGB(12, 0, 0)
0...1...2...3...4...5...6...7...8...9...10	Bounce #12 added RGB(8, 0, 0)
0...1...2...3...4...5...6...7...8...9...10	Bounce #13 added RGB(5, 0, 0)
0...1...2...3...4...5...6...7...8...9...10	Bounce #14 added RGB(3, 0, 0)
0...1...2...3...4...5...6...7...8...9...10	Bounce #15 added RGB(2, 0, 0)
0...1...2...3...4...5...6...7...8...9...10	Bounce #16 added RGB(1, 0, 0)
0...1...2...3...4...5...6...7...8...9...10	Bounce #17 added RGB(1, 0, 0)
Build Patch/Sample Hash Table(s).....Done<0.0000 sec>
0...1...2...3...4...5...6...7...8...9...10FinalLightFace Done
0 of 0 (0% of) surface lights went in leaf ambient cubes.
0...1...2...3...4...5...6...7...8...9...10Writing leaf ambient...done
Ready to Finish

Object names       Objects/Maxobjs  Memory / Maxmem  Fullness 
------------       ---------------  ---------------  -------- 
models                   2/1024           96/49152    ( 0.2%) 
brushes                  9/8192          108/98304    ( 0.1%) 
brushsides              54/81920         432/655360   ( 0.1%) 
planes                  66/65536        1320/1310720  ( 0.1%) 
vertexes                45/65536         540/786432   ( 0.1%) 
nodes                   23/65536         736/2097152  ( 0.0%) 
texinfos                 9/12288         648/884736   ( 0.1%) 
texdata                  5/4096          160/131072   ( 0.1%) 
dispinfos                0/0               0/0        ( 0.0%) 
disp_verts               0/0               0/0        ( 0.0%) 
disp_tris                0/0               0/0        ( 0.0%) 
disp_multiblend          0/0               0/0        ( 0.0%) 
disp_lmsamples           0/0               0/0        ( 0.0%) 
faces                   17/65536         952/3670016  ( 0.0%) 
hdr faces                0/65536           0/3670016  ( 0.0%) 
origfaces               13/65536         728/3670016  ( 0.0%) 
facebrushes              0/0               0/0        ( 0.0%) 
facebrushlists          17/0              68/0        ( 0.0%) 
leaves                  26/65536         832/2097152  ( 0.0%) 
leaffaces               17/65536          34/131072   ( 0.0%) 
leafbrushes             13/65536          26/131072   ( 0.0%) 
areas                    2/1024           16/8192     ( 0.2%) 
surfedges              136/512000        544/2048000  ( 0.0%) 
edges                   85/256000        340/1024000  ( 0.0%) 
LDR worldlights          2/8192          200/819200   ( 0.0%) 
HDR worldlights          0/8192            0/819200   ( 0.0%) 
leafwaterdata            0/32768           0/393216   ( 0.0%) 
waterstrips              4/32768          40/327680   ( 0.0%) 
waterverts               0/65536           0/786432   ( 0.0%) 
waterindices            72/65536         144/131072   ( 0.1%) 
cubemapsamples           0/1024            0/16384    ( 0.0%) 
overlays                 0/1024            0/360448   ( 0.0%) 
LDR lightdata         [variable]        5148/0        ( 0.0%) 
HDR lightdata         [variable]           0/0        ( 0.0%) 
visdata               [variable]          24/16777216 ( 0.0%) 
entdata               [variable]        5599/393216   ( 1.4%) 
LDR ambient table       26/65536         104/262144   ( 0.0%) 
HDR ambient table       26/65536         104/262144   ( 0.0%) 
LDR leaf ambient        73/65536        2044/1835008  ( 0.1%) 
HDR leaf ambient        26/65536         728/1835008  ( 0.0%) 
occluders                0/0               0/0        ( 0.0%) 
occluder polygons        0/0               0/0        ( 0.0%) 
occluder vert ind        0/0               0/0        ( 0.0%) 
detail props          [variable]           1/12       ( 8.3%) 
static props          [variable]           1/12       ( 8.3%) 
pakfile               [variable]       74498/0        ( 0.0%) 
physics               [variable]        3839/4194304  ( 0.1%) 
physics terrain       [variable]           2/1048576  ( 0.0%) 

Level flags = 7c

Total triangle count: 50
Writing d:\onedrive\desktop\csgo\hammer maps\dead shepherd\achievement_dead_shepherd.bsp
MSG_FILEWRITE - Filesystem was asked to write to 'd:\onedrive\desktop\csgo\hammer maps\dead shepherd\achievement_dead_shepherd.bsp', but we don't own that location. Allowing...
0 seconds elapsed



materialPath: D:\Steam\steamapps\common\Counter-Strike Global Offensive\csgo\materials
Loading D:\OneDrive\Desktop\csgo\hammer maps\Dead Shepherd\achievement_dead_shepherd.vmf
Map revision 76
fixing up env_cubemap materials on brush sides...
0...1...2...3...4...5...6...7...8...9...100...1...2...3...4...5...6...7...8...9...10Processing areas...done (0)
Building Faces...done (0)
Chop Details...done (0)
Find Visible Detail Sides...done (0)
Merging details...done (0)
FixTjuncs...
PruneNodes...
WriteBSP...
done (0)
writing D:\OneDrive\Desktop\csgo\hammer maps\Dead Shepherd\achievement_dead_shepherd.prt...Building visibility clusters...
AutoVisClustering (threshold=-1) matched 0 leafs.
done (0)
Finding displacement neighbors...
Finding lightmap sample positions...
Displacement Alpha : 0...1...2...3...4...5...6...7...8...9...10
Building Physics collision data...
done (0) (4392 bytes)
Placing detail props : 0...1...2...3...4...5...6...7...8...9...10
Compacting texture/material tables...
Reduced 21 texinfos to 12
Reduced 5 texdatas to 5 (99 bytes to 99)
Writing D:\OneDrive\Desktop\csgo\hammer maps\Dead Shepherd\achievement_dead_shepherd.bsp
MSG_FILEWRITE - Filesystem was asked to write to 'd:\onedrive\desktop\csgo\hammer maps\dead shepherd\achievement_dead_shepherd.bsp', but we don't own that location. Allowing...
0 seconds elapsed



16 threads
reading d:\onedrive\desktop\csgo\hammer maps\dead shepherd\achievement_dead_shepherd.bsp
reading d:\onedrive\desktop\csgo\hammer maps\dead shepherd\achievement_dead_shepherd.prt
   2 portalclusters
   1 numportals
0...1...2...3...4...5...6...7...8...9...100...1...2...3...4...5...6...7...8...9...10Optimized: 0 visible clusters (0.00%)
Total clusters visible: 4
Average clusters visible: 2
Building PAS...
Average clusters audible: 2
visdatasize:24  compressed from 32
writing d:\onedrive\desktop\csgo\hammer maps\dead shepherd\achievement_dead_shepherd.bsp
MSG_FILEWRITE - Filesystem was asked to write to 'd:\onedrive\desktop\csgo\hammer maps\dead shepherd\achievement_dead_shepherd.bsp', but we don't own that location. Allowing...
0 seconds elapsed



[Reading texlights from 'lights.rad']
[17 texlights parsed from 'lights.rad']

Loading d:\onedrive\desktop\csgo\hammer maps\dead shepherd\achievement_dead_shepherd.bsp
23 faces
1314 square feet [189344.00 square inches]
0 Displacements
0 Square Feet [0.00 Square Inches]
23 patches before subdivision
153 patches after subdivision
2 direct lights
0...1...2...3...4...5...6...7...8...9...100...1...2...3...4...5...6...7...8...9...10transfers 3694, max 67
transfer lists:   0.0 megs
0...1...2...3...4...5...6...7...8...9...10	Bounce #1 added RGB(1157, 325, 3)
0...1...2...3...4...5...6...7...8...9...10	Bounce #2 added RGB(696, 55, 0)
0...1...2...3...4...5...6...7...8...9...10	Bounce #3 added RGB(454, 10, 0)
0...1...2...3...4...5...6...7...8...9...10	Bounce #4 added RGB(288, 2, 0)
0...1...2...3...4...5...6...7...8...9...10	Bounce #5 added RGB(185, 0, 0)
0...1...2...3...4...5...6...7...8...9...10	Bounce #6 added RGB(118, 0, 0)
0...1...2...3...4...5...6...7...8...9...10	Bounce #7 added RGB(75, 0, 0)
0...1...2...3...4...5...6...7...8...9...10	Bounce #8 added RGB(48, 0, 0)
0...1...2...3...4...5...6...7...8...9...10	Bounce #9 added RGB(31, 0, 0)
0...1...2...3...4...5...6...7...8...9...10	Bounce #10 added RGB(20, 0, 0)
0...1...2...3...4...5...6...7...8...9...10	Bounce #11 added RGB(13, 0, 0)
0...1...2...3...4...5...6...7...8...9...10	Bounce #12 added RGB(8, 0, 0)
0...1...2...3...4...5...6...7...8...9...10	Bounce #13 added RGB(5, 0, 0)
0...1...2...3...4...5...6...7...8...9...10	Bounce #14 added RGB(3, 0, 0)
0...1...2...3...4...5...6...7...8...9...10	Bounce #15 added RGB(2, 0, 0)
0...1...2...3...4...5...6...7...8...9...10	Bounce #16 added RGB(1, 0, 0)
0...1...2...3...4...5...6...7...8...9...10	Bounce #17 added RGB(1, 0, 0)
Build Patch/Sample Hash Table(s).....Done<0.0000 sec>
0...1...2...3...4...5...6...7...8...9...10FinalLightFace Done
0 of 0 (0% of) surface lights went in leaf ambient cubes.
0...1...2...3...4...5...6...7...8...9...10Writing leaf ambient...done
Ready to Finish

Object names       Objects/Maxobjs  Memory / Maxmem  Fullness 
------------       ---------------  ---------------  -------- 
models                   3/1024          144/49152    ( 0.3%) 
brushes                 10/8192          120/98304    ( 0.1%) 
brushsides              60/81920         480/655360   ( 0.1%) 
planes                  78/65536        1560/1310720  ( 0.1%) 
vertexes                53/65536         636/786432   ( 0.1%) 
nodes                   29/65536         928/2097152  ( 0.0%) 
texinfos                12/12288         864/884736   ( 0.1%) 
texdata                  5/4096          160/131072   ( 0.1%) 
dispinfos                0/0               0/0        ( 0.0%) 
disp_verts               0/0               0/0        ( 0.0%) 
disp_tris                0/0               0/0        ( 0.0%) 
disp_multiblend          0/0               0/0        ( 0.0%) 
disp_lmsamples           0/0               0/0        ( 0.0%) 
faces                   23/65536        1288/3670016  ( 0.0%) 
hdr faces                0/65536           0/3670016  ( 0.0%) 
origfaces               19/65536        1064/3670016  ( 0.0%) 
facebrushes              0/0               0/0        ( 0.0%) 
facebrushlists          23/0              92/0        ( 0.0%) 
leaves                  33/65536        1056/2097152  ( 0.1%) 
leaffaces               23/65536          46/131072   ( 0.0%) 
leafbrushes             14/65536          28/131072   ( 0.0%) 
areas                    2/1024           16/8192     ( 0.2%) 
surfedges              184/512000        736/2048000  ( 0.0%) 
edges                  109/256000        436/1024000  ( 0.0%) 
LDR worldlights          2/8192          200/819200   ( 0.0%) 
HDR worldlights          0/8192            0/819200   ( 0.0%) 
leafwaterdata            0/32768           0/393216   ( 0.0%) 
waterstrips              4/32768          40/327680   ( 0.0%) 
waterverts               0/65536           0/786432   ( 0.0%) 
waterindices            72/65536         144/131072   ( 0.1%) 
cubemapsamples           0/1024            0/16384    ( 0.0%) 
overlays                 0/1024            0/360448   ( 0.0%) 
LDR lightdata         [variable]        5148/0        ( 0.0%) 
HDR lightdata         [variable]           0/0        ( 0.0%) 
visdata               [variable]          24/16777216 ( 0.0%) 
entdata               [variable]        5189/393216   ( 1.3%) 
LDR ambient table       33/65536         132/262144   ( 0.1%) 
HDR ambient table       33/65536         132/262144   ( 0.1%) 
LDR leaf ambient        79/65536        2212/1835008  ( 0.1%) 
HDR leaf ambient        33/65536         924/1835008  ( 0.1%) 
occluders                0/0               0/0        ( 0.0%) 
occluder polygons        0/0               0/0        ( 0.0%) 
occluder vert ind        0/0               0/0        ( 0.0%) 
detail props          [variable]           1/12       ( 8.3%) 
static props          [variable]           1/12       ( 8.3%) 
pakfile               [variable]       74498/0        ( 0.0%) 
physics               [variable]        4392/4194304  ( 0.1%) 
physics terrain       [variable]           2/1048576  ( 0.0%) 

Level flags = 7c

Total triangle count: 62
Writing d:\onedrive\desktop\csgo\hammer maps\dead shepherd\achievement_dead_shepherd.bsp
MSG_FILEWRITE - Filesystem was asked to write to 'd:\onedrive\desktop\csgo\hammer maps\dead shepherd\achievement_dead_shepherd.bsp', but we don't own that location. Allowing...
0 seconds elapsed



materialPath: D:\Steam\steamapps\common\Counter-Strike Global Offensive\csgo\materials
Loading D:\OneDrive\Desktop\csgo\hammer maps\Dead Shepherd\achievement_dead_shepherd.vmf
Map revision 78
fixing up env_cubemap materials on brush sides...
0...1...2...3...4...5...6...7...8...9...100...1...2...3...4...5...6...7...8...9...10Processing areas...done (0)
Building Faces...done (0)
Chop Details...done (0)
Find Visible Detail Sides...done (0)
Merging details...done (0)
FixTjuncs...
PruneNodes...
WriteBSP...
done (0)
writing D:\OneDrive\Desktop\csgo\hammer maps\Dead Shepherd\achievement_dead_shepherd.prt...Building visibility clusters...
AutoVisClustering (threshold=-1) matched 0 leafs.
done (0)
Finding displacement neighbors...
Finding lightmap sample positions...
Displacement Alpha : 0...1...2...3...4...5...6...7...8...9...10
Building Physics collision data...
done (0) (4392 bytes)
Placing detail props : 0...1...2...3...4...5...6...7...8...9...10
Compacting texture/material tables...
Reduced 21 texinfos to 12
Reduced 5 texdatas to 5 (99 bytes to 99)
Writing D:\OneDrive\Desktop\csgo\hammer maps\Dead Shepherd\achievement_dead_shepherd.bsp
MSG_FILEWRITE - Filesystem was asked to write to 'd:\onedrive\desktop\csgo\hammer maps\dead shepherd\achievement_dead_shepherd.bsp', but we don't own that location. Allowing...
0 seconds elapsed



16 threads
reading d:\onedrive\desktop\csgo\hammer maps\dead shepherd\achievement_dead_shepherd.bsp
reading d:\onedrive\desktop\csgo\hammer maps\dead shepherd\achievement_dead_shepherd.prt
   2 portalclusters
   1 numportals
0...1...2...3...4...5...6...7...8...9...100...1...2...3...4...5...6...7...8...9...10Optimized: 0 visible clusters (0.00%)
Total clusters visible: 4
Average clusters visible: 2
Building PAS...
Average clusters audible: 2
visdatasize:24  compressed from 32
writing d:\onedrive\desktop\csgo\hammer maps\dead shepherd\achievement_dead_shepherd.bsp
MSG_FILEWRITE - Filesystem was asked to write to 'd:\onedrive\desktop\csgo\hammer maps\dead shepherd\achievement_dead_shepherd.bsp', but we don't own that location. Allowing...
0 seconds elapsed



[Reading texlights from 'lights.rad']
[17 texlights parsed from 'lights.rad']

Loading d:\onedrive\desktop\csgo\hammer maps\dead shepherd\achievement_dead_shepherd.bsp
23 faces
1314 square feet [189344.00 square inches]
0 Displacements
0 Square Feet [0.00 Square Inches]
23 patches before subdivision
153 patches after subdivision
2 direct lights
0...1...2...3...4...5...6...7...8...9...100...1...2...3...4...5...6...7...8...9...10transfers 3694, max 67
transfer lists:   0.0 megs
0...1...2...3...4...5...6...7...8...9...10	Bounce #1 added RGB(1157, 325, 3)
0...1...2...3...4...5...6...7...8...9...10	Bounce #2 added RGB(696, 55, 0)
0...1...2...3...4...5...6...7...8...9...10	Bounce #3 added RGB(454, 10, 0)
0...1...2...3...4...5...6...7...8...9...10	Bounce #4 added RGB(288, 2, 0)
0...1...2...3...4...5...6...7...8...9...10	Bounce #5 added RGB(185, 0, 0)
0...1...2...3...4...5...6...7...8...9...10	Bounce #6 added RGB(118, 0, 0)
0...1...2...3...4...5...6...7...8...9...10	Bounce #7 added RGB(75, 0, 0)
0...1...2...3...4...5...6...7...8...9...10	Bounce #8 added RGB(48, 0, 0)
0...1...2...3...4...5...6...7...8...9...10	Bounce #9 added RGB(31, 0, 0)
0...1...2...3...4...5...6...7...8...9...10	Bounce #10 added RGB(20, 0, 0)
0...1...2...3...4...5...6...7...8...9...10	Bounce #11 added RGB(13, 0, 0)
0...1...2...3...4...5...6...7...8...9...10	Bounce #12 added RGB(8, 0, 0)
0...1...2...3...4...5...6...7...8...9...10	Bounce #13 added RGB(5, 0, 0)
0...1...2...3...4...5...6...7...8...9...10	Bounce #14 added RGB(3, 0, 0)
0...1...2...3...4...5...6...7...8...9...10	Bounce #15 added RGB(2, 0, 0)
0...1...2...3...4...5...6...7...8...9...10	Bounce #16 added RGB(1, 0, 0)
0...1...2...3...4...5...6...7...8...9...10	Bounce #17 added RGB(1, 0, 0)
Build Patch/Sample Hash Table(s).....Done<0.0001 sec>
0...1...2...3...4...5...6...7...8...9...10FinalLightFace Done
0 of 0 (0% of) surface lights went in leaf ambient cubes.
0...1...2...3...4...5...6...7...8...9...10Writing leaf ambient...done
Ready to Finish

Object names       Objects/Maxobjs  Memory / Maxmem  Fullness 
------------       ---------------  ---------------  -------- 
models                   3/1024          144/49152    ( 0.3%) 
brushes                 10/8192          120/98304    ( 0.1%) 
brushsides              60/81920         480/655360   ( 0.1%) 
planes                  78/65536        1560/1310720  ( 0.1%) 
vertexes                53/65536         636/786432   ( 0.1%) 
nodes                   29/65536         928/2097152  ( 0.0%) 
texinfos                12/12288         864/884736   ( 0.1%) 
texdata                  5/4096          160/131072   ( 0.1%) 
dispinfos                0/0               0/0        ( 0.0%) 
disp_verts               0/0               0/0        ( 0.0%) 
disp_tris                0/0               0/0        ( 0.0%) 
disp_multiblend          0/0               0/0        ( 0.0%) 
disp_lmsamples           0/0               0/0        ( 0.0%) 
faces                   23/65536        1288/3670016  ( 0.0%) 
hdr faces                0/65536           0/3670016  ( 0.0%) 
origfaces               19/65536        1064/3670016  ( 0.0%) 
facebrushes              0/0               0/0        ( 0.0%) 
facebrushlists          23/0              92/0        ( 0.0%) 
leaves                  33/65536        1056/2097152  ( 0.1%) 
leaffaces               23/65536          46/131072   ( 0.0%) 
leafbrushes             14/65536          28/131072   ( 0.0%) 
areas                    2/1024           16/8192     ( 0.2%) 
surfedges              184/512000        736/2048000  ( 0.0%) 
edges                  109/256000        436/1024000  ( 0.0%) 
LDR worldlights          2/8192          200/819200   ( 0.0%) 
HDR worldlights          0/8192            0/819200   ( 0.0%) 
leafwaterdata            0/32768           0/393216   ( 0.0%) 
waterstrips              4/32768          40/327680   ( 0.0%) 
waterverts               0/65536           0/786432   ( 0.0%) 
waterindices            72/65536         144/131072   ( 0.1%) 
cubemapsamples           0/1024            0/16384    ( 0.0%) 
overlays                 0/1024            0/360448   ( 0.0%) 
LDR lightdata         [variable]        5148/0        ( 0.0%) 
HDR lightdata         [variable]           0/0        ( 0.0%) 
visdata               [variable]          24/16777216 ( 0.0%) 
entdata               [variable]        5188/393216   ( 1.3%) 
LDR ambient table       33/65536         132/262144   ( 0.1%) 
HDR ambient table       33/65536         132/262144   ( 0.1%) 
LDR leaf ambient        79/65536        2212/1835008  ( 0.1%) 
HDR leaf ambient        33/65536         924/1835008  ( 0.1%) 
occluders                0/0               0/0        ( 0.0%) 
occluder polygons        0/0               0/0        ( 0.0%) 
occluder vert ind        0/0               0/0        ( 0.0%) 
detail props          [variable]           1/12       ( 8.3%) 
static props          [variable]           1/12       ( 8.3%) 
pakfile               [variable]       74498/0        ( 0.0%) 
physics               [variable]        4392/4194304  ( 0.1%) 
physics terrain       [variable]           2/1048576  ( 0.0%) 

Level flags = 7c

Total triangle count: 62
Writing d:\onedrive\desktop\csgo\hammer maps\dead shepherd\achievement_dead_shepherd.bsp
MSG_FILEWRITE - Filesystem was asked to write to 'd:\onedrive\desktop\csgo\hammer maps\dead shepherd\achievement_dead_shepherd.bsp', but we don't own that location. Allowing...
0 seconds elapsed



materialPath: D:\Steam\steamapps\common\Counter-Strike Global Offensive\csgo\materials
Loading D:\OneDrive\Desktop\csgo\hammer maps\Dead Shepherd\achievement_dead_shepherd.vmf
Map revision 80
fixing up env_cubemap materials on brush sides...
0...1...2...3...4...5...6...7...8...9...100...1...2...3...4...5...6...7...8...9...10Processing areas...done (0)
Building Faces...done (0)
Chop Details...done (0)
Find Visible Detail Sides...done (0)
Merging details...done (0)
FixTjuncs...
PruneNodes...
WriteBSP...
done (0)
writing D:\OneDrive\Desktop\csgo\hammer maps\Dead Shepherd\achievement_dead_shepherd.prt...Building visibility clusters...
AutoVisClustering (threshold=-1) matched 0 leafs.
done (0)
Finding displacement neighbors...
Finding lightmap sample positions...
Displacement Alpha : 0...1...2...3...4...5...6...7...8...9...10
Building Physics collision data...
done (0) (5576 bytes)
Placing detail props : 0...1...2...3...4...5...6...7...8...9...10
Compacting texture/material tables...
Reduced 21 texinfos to 12
Reduced 5 texdatas to 5 (99 bytes to 99)
Writing D:\OneDrive\Desktop\csgo\hammer maps\Dead Shepherd\achievement_dead_shepherd.bsp
MSG_FILEWRITE - Filesystem was asked to write to 'd:\onedrive\desktop\csgo\hammer maps\dead shepherd\achievement_dead_shepherd.bsp', but we don't own that location. Allowing...
0 seconds elapsed



16 threads
reading d:\onedrive\desktop\csgo\hammer maps\dead shepherd\achievement_dead_shepherd.bsp
reading d:\onedrive\desktop\csgo\hammer maps\dead shepherd\achievement_dead_shepherd.prt
   2 portalclusters
   1 numportals
0...1...2...3...4...5...6...7...8...9...100...1...2...3...4...5...6...7...8...9...10Optimized: 0 visible clusters (0.00%)
Total clusters visible: 4
Average clusters visible: 2
Building PAS...
Average clusters audible: 2
visdatasize:24  compressed from 32
writing d:\onedrive\desktop\csgo\hammer maps\dead shepherd\achievement_dead_shepherd.bsp
MSG_FILEWRITE - Filesystem was asked to write to 'd:\onedrive\desktop\csgo\hammer maps\dead shepherd\achievement_dead_shepherd.bsp', but we don't own that location. Allowing...
0 seconds elapsed



[Reading texlights from 'lights.rad']
[17 texlights parsed from 'lights.rad']

Loading d:\onedrive\desktop\csgo\hammer maps\dead shepherd\achievement_dead_shepherd.bsp
23 faces
1314 square feet [189344.00 square inches]
0 Displacements
0 Square Feet [0.00 Square Inches]
23 patches before subdivision
153 patches after subdivision
2 direct lights
0...1...2...3...4...5...6...7...8...9...100...1...2...3...4...5...6...7...8...9...10transfers 3694, max 67
transfer lists:   0.0 megs
0...1...2...3...4...5...6...7...8...9...10	Bounce #1 added RGB(1157, 325, 3)
0...1...2...3...4...5...6...7...8...9...10	Bounce #2 added RGB(696, 55, 0)
0...1...2...3...4...5...6...7...8...9...10	Bounce #3 added RGB(454, 10, 0)
0...1...2...3...4...5...6...7...8...9...10	Bounce #4 added RGB(288, 2, 0)
0...1...2...3...4...5...6...7...8...9...10	Bounce #5 added RGB(185, 0, 0)
0...1...2...3...4...5...6...7...8...9...10	Bounce #6 added RGB(118, 0, 0)
0...1...2...3...4...5...6...7...8...9...10	Bounce #7 added RGB(75, 0, 0)
0...1...2...3...4...5...6...7...8...9...10	Bounce #8 added RGB(48, 0, 0)
0...1...2...3...4...5...6...7...8...9...10	Bounce #9 added RGB(31, 0, 0)
0...1...2...3...4...5...6...7...8...9...10	Bounce #10 added RGB(20, 0, 0)
0...1...2...3...4...5...6...7...8...9...10	Bounce #11 added RGB(13, 0, 0)
0...1...2...3...4...5...6...7...8...9...10	Bounce #12 added RGB(8, 0, 0)
0...1...2...3...4...5...6...7...8...9...10	Bounce #13 added RGB(5, 0, 0)
0...1...2...3...4...5...6...7...8...9...10	Bounce #14 added RGB(3, 0, 0)
0...1...2...3...4...5...6...7...8...9...10	Bounce #15 added RGB(2, 0, 0)
0...1...2...3...4...5...6...7...8...9...10	Bounce #16 added RGB(1, 0, 0)
0...1...2...3...4...5...6...7...8...9...10	Bounce #17 added RGB(1, 0, 0)
Build Patch/Sample Hash Table(s).....Done<0.0000 sec>
0...1...2...3...4...5...6...7...8...9...10FinalLightFace Done
0 of 0 (0% of) surface lights went in leaf ambient cubes.
0...1...2...3...4...5...6...7...8...9...10Writing leaf ambient...done
Ready to Finish

Object names       Objects/Maxobjs  Memory / Maxmem  Fullness 
------------       ---------------  ---------------  -------- 
models                   3/1024          144/49152    ( 0.3%) 
brushes                 12/8192          144/98304    ( 0.1%) 
brushsides              74/81920         592/655360   ( 0.1%) 
planes                  84/65536        1680/1310720  ( 0.1%) 
vertexes                53/65536         636/786432   ( 0.1%) 
nodes                   29/65536         928/2097152  ( 0.0%) 
texinfos                12/12288         864/884736   ( 0.1%) 
texdata                  5/4096          160/131072   ( 0.1%) 
dispinfos                0/0               0/0        ( 0.0%) 
disp_verts               0/0               0/0        ( 0.0%) 
disp_tris                0/0               0/0        ( 0.0%) 
disp_multiblend          0/0               0/0        ( 0.0%) 
disp_lmsamples           0/0               0/0        ( 0.0%) 
faces                   23/65536        1288/3670016  ( 0.0%) 
hdr faces                0/65536           0/3670016  ( 0.0%) 
origfaces               19/65536        1064/3670016  ( 0.0%) 
facebrushes              0/0               0/0        ( 0.0%) 
facebrushlists          23/0              92/0        ( 0.0%) 
leaves                  33/65536        1056/2097152  ( 0.1%) 
leaffaces               23/65536          46/131072   ( 0.0%) 
leafbrushes             18/65536          36/131072   ( 0.0%) 
areas                    2/1024           16/8192     ( 0.2%) 
surfedges              184/512000        736/2048000  ( 0.0%) 
edges                  109/256000        436/1024000  ( 0.0%) 
LDR worldlights          2/8192          200/819200   ( 0.0%) 
HDR worldlights          0/8192            0/819200   ( 0.0%) 
leafwaterdata            0/32768           0/393216   ( 0.0%) 
waterstrips              4/32768          40/327680   ( 0.0%) 
waterverts               0/65536           0/786432   ( 0.0%) 
waterindices            72/65536         144/131072   ( 0.1%) 
cubemapsamples           0/1024            0/16384    ( 0.0%) 
overlays                 0/1024            0/360448   ( 0.0%) 
LDR lightdata         [variable]        5148/0        ( 0.0%) 
HDR lightdata         [variable]           0/0        ( 0.0%) 
visdata               [variable]          24/16777216 ( 0.0%) 
entdata               [variable]        5188/393216   ( 1.3%) 
LDR ambient table       33/65536         132/262144   ( 0.1%) 
HDR ambient table       33/65536         132/262144   ( 0.1%) 
LDR leaf ambient        79/65536        2212/1835008  ( 0.1%) 
HDR leaf ambient        33/65536         924/1835008  ( 0.1%) 
occluders                0/0               0/0        ( 0.0%) 
occluder polygons        0/0               0/0        ( 0.0%) 
occluder vert ind        0/0               0/0        ( 0.0%) 
detail props          [variable]           1/12       ( 8.3%) 
static props          [variable]           1/12       ( 8.3%) 
pakfile               [variable]       74498/0        ( 0.0%) 
physics               [variable]        5576/4194304  ( 0.1%) 
physics terrain       [variable]           2/1048576  ( 0.0%) 

Level flags = 7c

Total triangle count: 62
Writing d:\onedrive\desktop\csgo\hammer maps\dead shepherd\achievement_dead_shepherd.bsp
MSG_FILEWRITE - Filesystem was asked to write to 'd:\onedrive\desktop\csgo\hammer maps\dead shepherd\achievement_dead_shepherd.bsp', but we don't own that location. Allowing...
0 seconds elapsed



materialPath: D:\Steam\steamapps\common\Counter-Strike Global Offensive\csgo\materials
Loading D:\OneDrive\Desktop\csgo\hammer maps\Dead Shepherd\achievement_dead_shepherd.vmf
Map revision 81
fixing up env_cubemap materials on brush sides...
0...1...2...3...4...5...6...7...8...9...100...1...2...3...4...5...6...7...8...9...10Processing areas...done (0)
Building Faces...done (0)
Chop Details...done (0)
Find Visible Detail Sides...done (0)
Merging details...done (0)
FixTjuncs...
PruneNodes...
WriteBSP...
done (0)
writing D:\OneDrive\Desktop\csgo\hammer maps\Dead Shepherd\achievement_dead_shepherd.prt...Building visibility clusters...
AutoVisClustering (threshold=-1) matched 0 leafs.
done (0)
Finding displacement neighbors...
Finding lightmap sample positions...
Displacement Alpha : 0...1...2...3...4...5...6...7...8...9...10
Building Physics collision data...
done (0) (5576 bytes)
Placing detail props : 0...1...2...3...4...5...6...7...8...9...10
Compacting texture/material tables...
Reduced 21 texinfos to 12
Reduced 5 texdatas to 5 (99 bytes to 99)
Writing D:\OneDrive\Desktop\csgo\hammer maps\Dead Shepherd\achievement_dead_shepherd.bsp
MSG_FILEWRITE - Filesystem was asked to write to 'd:\onedrive\desktop\csgo\hammer maps\dead shepherd\achievement_dead_shepherd.bsp', but we don't own that location. Allowing...
0 seconds elapsed



16 threads
reading d:\onedrive\desktop\csgo\hammer maps\dead shepherd\achievement_dead_shepherd.bsp
reading d:\onedrive\desktop\csgo\hammer maps\dead shepherd\achievement_dead_shepherd.prt
   2 portalclusters
   1 numportals
0...1...2...3...4...5...6...7...8...9...100...1...2...3...4...5...6...7...8...9...10Optimized: 0 visible clusters (0.00%)
Total clusters visible: 4
Average clusters visible: 2
Building PAS...
Average clusters audible: 2
visdatasize:24  compressed from 32
writing d:\onedrive\desktop\csgo\hammer maps\dead shepherd\achievement_dead_shepherd.bsp
MSG_FILEWRITE - Filesystem was asked to write to 'd:\onedrive\desktop\csgo\hammer maps\dead shepherd\achievement_dead_shepherd.bsp', but we don't own that location. Allowing...
0 seconds elapsed



[Reading texlights from 'lights.rad']
[17 texlights parsed from 'lights.rad']

Loading d:\onedrive\desktop\csgo\hammer maps\dead shepherd\achievement_dead_shepherd.bsp
23 faces
1314 square feet [189344.00 square inches]
0 Displacements
0 Square Feet [0.00 Square Inches]
23 patches before subdivision
153 patches after subdivision
2 direct lights
0...1...2...3...4...5...6...7...8...9...100...1...2...3...4...5...6...7...8...9...10transfers 3694, max 67
transfer lists:   0.0 megs
0...1...2...3...4...5...6...7...8...9...10	Bounce #1 added RGB(1157, 325, 3)
0...1...2...3...4...5...6...7...8...9...10	Bounce #2 added RGB(696, 55, 0)
0...1...2...3...4...5...6...7...8...9...10	Bounce #3 added RGB(454, 10, 0)
0...1...2...3...4...5...6...7...8...9...10	Bounce #4 added RGB(288, 2, 0)
0...1...2...3...4...5...6...7...8...9...10	Bounce #5 added RGB(185, 0, 0)
0...1...2...3...4...5...6...7...8...9...10	Bounce #6 added RGB(118, 0, 0)
0...1...2...3...4...5...6...7...8...9...10	Bounce #7 added RGB(75, 0, 0)
0...1...2...3...4...5...6...7...8...9...10	Bounce #8 added RGB(48, 0, 0)
0...1...2...3...4...5...6...7...8...9...10	Bounce #9 added RGB(31, 0, 0)
0...1...2...3...4...5...6...7...8...9...10	Bounce #10 added RGB(20, 0, 0)
0...1...2...3...4...5...6...7...8...9...10	Bounce #11 added RGB(13, 0, 0)
0...1...2...3...4...5...6...7...8...9...10	Bounce #12 added RGB(8, 0, 0)
0...1...2...3...4...5...6...7...8...9...10	Bounce #13 added RGB(5, 0, 0)
0...1...2...3...4...5...6...7...8...9...10	Bounce #14 added RGB(3, 0, 0)
0...1...2...3...4...5...6...7...8...9...10	Bounce #15 added RGB(2, 0, 0)
0...1...2...3...4...5...6...7...8...9...10	Bounce #16 added RGB(1, 0, 0)
0...1...2...3...4...5...6...7...8...9...10	Bounce #17 added RGB(1, 0, 0)
Build Patch/Sample Hash Table(s).....Done<0.0000 sec>
0...1...2...3...4...5...6...7...8...9...10FinalLightFace Done
0 of 0 (0% of) surface lights went in leaf ambient cubes.
0...1...2...3...4...5...6...7...8...9...10Writing leaf ambient...done
Ready to Finish

Object names       Objects/Maxobjs  Memory / Maxmem  Fullness 
------------       ---------------  ---------------  -------- 
models                   3/1024          144/49152    ( 0.3%) 
brushes                 12/8192          144/98304    ( 0.1%) 
brushsides              74/81920         592/655360   ( 0.1%) 
planes                  84/65536        1680/1310720  ( 0.1%) 
vertexes                53/65536         636/786432   ( 0.1%) 
nodes                   29/65536         928/2097152  ( 0.0%) 
texinfos                12/12288         864/884736   ( 0.1%) 
texdata                  5/4096          160/131072   ( 0.1%) 
dispinfos                0/0               0/0        ( 0.0%) 
disp_verts               0/0               0/0        ( 0.0%) 
disp_tris                0/0               0/0        ( 0.0%) 
disp_multiblend          0/0               0/0        ( 0.0%) 
disp_lmsamples           0/0               0/0        ( 0.0%) 
faces                   23/65536        1288/3670016  ( 0.0%) 
hdr faces                0/65536           0/3670016  ( 0.0%) 
origfaces               19/65536        1064/3670016  ( 0.0%) 
facebrushes              0/0               0/0        ( 0.0%) 
facebrushlists          23/0              92/0        ( 0.0%) 
leaves                  33/65536        1056/2097152  ( 0.1%) 
leaffaces               23/65536          46/131072   ( 0.0%) 
leafbrushes             18/65536          36/131072   ( 0.0%) 
areas                    2/1024           16/8192     ( 0.2%) 
surfedges              184/512000        736/2048000  ( 0.0%) 
edges                  109/256000        436/1024000  ( 0.0%) 
LDR worldlights          2/8192          200/819200   ( 0.0%) 
HDR worldlights          0/8192            0/819200   ( 0.0%) 
leafwaterdata            0/32768           0/393216   ( 0.0%) 
waterstrips              4/32768          40/327680   ( 0.0%) 
waterverts               0/65536           0/786432   ( 0.0%) 
waterindices            72/65536         144/131072   ( 0.1%) 
cubemapsamples           0/1024            0/16384    ( 0.0%) 
overlays                 0/1024            0/360448   ( 0.0%) 
LDR lightdata         [variable]        5148/0        ( 0.0%) 
HDR lightdata         [variable]           0/0        ( 0.0%) 
visdata               [variable]          24/16777216 ( 0.0%) 
entdata               [variable]        5188/393216   ( 1.3%) 
LDR ambient table       33/65536         132/262144   ( 0.1%) 
HDR ambient table       33/65536         132/262144   ( 0.1%) 
LDR leaf ambient        79/65536        2212/1835008  ( 0.1%) 
HDR leaf ambient        33/65536         924/1835008  ( 0.1%) 
occluders                0/0               0/0        ( 0.0%) 
occluder polygons        0/0               0/0        ( 0.0%) 
occluder vert ind        0/0               0/0        ( 0.0%) 
detail props          [variable]           1/12       ( 8.3%) 
static props          [variable]           1/12       ( 8.3%) 
pakfile               [variable]       74498/0        ( 0.0%) 
physics               [variable]        5576/4194304  ( 0.1%) 
physics terrain       [variable]           2/1048576  ( 0.0%) 

Level flags = 7c

Total triangle count: 62
Writing d:\onedrive\desktop\csgo\hammer maps\dead shepherd\achievement_dead_shepherd.bsp
MSG_FILEWRITE - Filesystem was asked to write to 'd:\onedrive\desktop\csgo\hammer maps\dead shepherd\achievement_dead_shepherd.bsp', but we don't own that location. Allowing...
0 seconds elapsed



materialPath: D:\Steam\steamapps\common\Counter-Strike Global Offensive\csgo\materials
Loading D:\OneDrive\Desktop\csgo\hammer maps\Dead Shepherd\achievement_dead_shepherd.vmf
Map revision 82
fixing up env_cubemap materials on brush sides...
0...1...2...3...4...5...6...7...8...9...100...1...2...3...4...5...6...7...8...9...10Processing areas...done (0)
Building Faces...done (0)
Chop Details...done (0)
Find Visible Detail Sides...done (0)
Merging details...done (0)
FixTjuncs...
PruneNodes...
WriteBSP...
done (0)
writing D:\OneDrive\Desktop\csgo\hammer maps\Dead Shepherd\achievement_dead_shepherd.prt...Building visibility clusters...
AutoVisClustering (threshold=-1) matched 0 leafs.
done (0)
Finding displacement neighbors...
Finding lightmap sample positions...
Displacement Alpha : 0...1...2...3...4...5...6...7...8...9...10
Building Physics collision data...
done (0) (6130 bytes)
Placing detail props : 0...1...2...3...4...5...6...7...8...9...10
Compacting texture/material tables...
Reduced 24 texinfos to 15
Reduced 5 texdatas to 5 (99 bytes to 99)
Writing D:\OneDrive\Desktop\csgo\hammer maps\Dead Shepherd\achievement_dead_shepherd.bsp
MSG_FILEWRITE - Filesystem was asked to write to 'd:\onedrive\desktop\csgo\hammer maps\dead shepherd\achievement_dead_shepherd.bsp', but we don't own that location. Allowing...
0 seconds elapsed



16 threads
reading d:\onedrive\desktop\csgo\hammer maps\dead shepherd\achievement_dead_shepherd.bsp
reading d:\onedrive\desktop\csgo\hammer maps\dead shepherd\achievement_dead_shepherd.prt
   2 portalclusters
   1 numportals
0...1...2...3...4...5...6...7...8...9...100...1...2...3...4...5...6...7...8...9...10Optimized: 0 visible clusters (0.00%)
Total clusters visible: 4
Average clusters visible: 2
Building PAS...
Average clusters audible: 2
visdatasize:24  compressed from 32
writing d:\onedrive\desktop\csgo\hammer maps\dead shepherd\achievement_dead_shepherd.bsp
MSG_FILEWRITE - Filesystem was asked to write to 'd:\onedrive\desktop\csgo\hammer maps\dead shepherd\achievement_dead_shepherd.bsp', but we don't own that location. Allowing...
0 seconds elapsed



[Reading texlights from 'lights.rad']
[17 texlights parsed from 'lights.rad']

Loading d:\onedrive\desktop\csgo\hammer maps\dead shepherd\achievement_dead_shepherd.bsp
29 faces
1712 square feet [246656.00 square inches]
0 Displacements
0 Square Feet [0.00 Square Inches]
29 patches before subdivision
159 patches after subdivision
2 direct lights
0...1...2...3...4...5...6...7...8...9...100...1...2...3...4...5...6...7...8...9...10transfers 3746, max 67
transfer lists:   0.0 megs
0...1...2...3...4...5...6...7...8...9...10	Bounce #1 added RGB(1175, 330, 3)
0...1...2...3...4...5...6...7...8...9...10	Bounce #2 added RGB(713, 56, 0)
0...1...2...3...4...5...6...7...8...9...10	Bounce #3 added RGB(463, 10, 0)
0...1...2...3...4...5...6...7...8...9...10	Bounce #4 added RGB(295, 2, 0)
0...1...2...3...4...5...6...7...8...9...10	Bounce #5 added RGB(188, 0, 0)
0...1...2...3...4...5...6...7...8...9...10	Bounce #6 added RGB(120, 0, 0)
0...1...2...3...4...5...6...7...8...9...10	Bounce #7 added RGB(77, 0, 0)
0...1...2...3...4...5...6...7...8...9...10	Bounce #8 added RGB(49, 0, 0)
0...1...2...3...4...5...6...7...8...9...10	Bounce #9 added RGB(31, 0, 0)
0...1...2...3...4...5...6...7...8...9...10	Bounce #10 added RGB(20, 0, 0)
0...1...2...3...4...5...6...7...8...9...10	Bounce #11 added RGB(13, 0, 0)
0...1...2...3...4...5...6...7...8...9...10	Bounce #12 added RGB(8, 0, 0)
0...1...2...3...4...5...6...7...8...9...10	Bounce #13 added RGB(5, 0, 0)
0...1...2...3...4...5...6...7...8...9...10	Bounce #14 added RGB(3, 0, 0)
0...1...2...3...4...5...6...7...8...9...10	Bounce #15 added RGB(2, 0, 0)
0...1...2...3...4...5...6...7...8...9...10	Bounce #16 added RGB(1, 0, 0)
0...1...2...3...4...5...6...7...8...9...10	Bounce #17 added RGB(1, 0, 0)
Build Patch/Sample Hash Table(s).....Done<0.0000 sec>
0...1...2...3...4...5...6...7...8...9...10FinalLightFace Done
0 of 0 (0% of) surface lights went in leaf ambient cubes.
0...1...2...3...4...5...6...7...8...9...10Writing leaf ambient...done
Ready to Finish

Object names       Objects/Maxobjs  Memory / Maxmem  Fullness 
------------       ---------------  ---------------  -------- 
models                   4/1024          192/49152    ( 0.4%) 
brushes                 13/8192          156/98304    ( 0.2%) 
brushsides              80/81920         640/655360   ( 0.1%) 
planes                  94/65536        1880/1310720  ( 0.1%) 
vertexes                61/65536         732/786432   ( 0.1%) 
nodes                   35/65536        1120/2097152  ( 0.1%) 
texinfos                15/12288        1080/884736   ( 0.1%) 
texdata                  5/4096          160/131072   ( 0.1%) 
dispinfos                0/0               0/0        ( 0.0%) 
disp_verts               0/0               0/0        ( 0.0%) 
disp_tris                0/0               0/0        ( 0.0%) 
disp_multiblend          0/0               0/0        ( 0.0%) 
disp_lmsamples           0/0               0/0        ( 0.0%) 
faces                   29/65536        1624/3670016  ( 0.0%) 
hdr faces                0/65536           0/3670016  ( 0.0%) 
origfaces               25/65536        1400/3670016  ( 0.0%) 
facebrushes              0/0               0/0        ( 0.0%) 
facebrushlists          29/0             116/0        ( 0.0%) 
leaves                  40/65536        1280/2097152  ( 0.1%) 
leaffaces               29/65536          58/131072   ( 0.0%) 
leafbrushes             19/65536          38/131072   ( 0.0%) 
areas                    2/1024           16/8192     ( 0.2%) 
surfedges              232/512000        928/2048000  ( 0.0%) 
edges                  133/256000        532/1024000  ( 0.1%) 
LDR worldlights          2/8192          200/819200   ( 0.0%) 
HDR worldlights          0/8192            0/819200   ( 0.0%) 
leafwaterdata            0/32768           0/393216   ( 0.0%) 
waterstrips              4/32768          40/327680   ( 0.0%) 
waterverts               0/65536           0/786432   ( 0.0%) 
waterindices            72/65536         144/131072   ( 0.1%) 
cubemapsamples           0/1024            0/16384    ( 0.0%) 
overlays                 0/1024            0/360448   ( 0.0%) 
LDR lightdata         [variable]        5148/0        ( 0.0%) 
HDR lightdata         [variable]           0/0        ( 0.0%) 
visdata               [variable]          24/16777216 ( 0.0%) 
entdata               [variable]        5418/393216   ( 1.4%) 
LDR ambient table       40/65536         160/262144   ( 0.1%) 
HDR ambient table       40/65536         160/262144   ( 0.1%) 
LDR leaf ambient       138/65536        3864/1835008  ( 0.2%) 
HDR leaf ambient        40/65536        1120/1835008  ( 0.1%) 
occluders                0/0               0/0        ( 0.0%) 
occluder polygons        0/0               0/0        ( 0.0%) 
occluder vert ind        0/0               0/0        ( 0.0%) 
detail props          [variable]           1/12       ( 8.3%) 
static props          [variable]           1/12       ( 8.3%) 
pakfile               [variable]       74498/0        ( 0.0%) 
physics               [variable]        6130/4194304  ( 0.1%) 
physics terrain       [variable]           2/1048576  ( 0.0%) 

Level flags = 7c

Total triangle count: 74
Writing d:\onedrive\desktop\csgo\hammer maps\dead shepherd\achievement_dead_shepherd.bsp
MSG_FILEWRITE - Filesystem was asked to write to 'd:\onedrive\desktop\csgo\hammer maps\dead shepherd\achievement_dead_shepherd.bsp', but we don't own that location. Allowing...
0 seconds elapsed



materialPath: D:\Steam\steamapps\common\Counter-Strike Global Offensive\csgo\materials
Loading D:\OneDrive\Desktop\csgo\hammer maps\Dead Shepherd\achievement_dead_shepherd.vmf
Map revision 83
fixing up env_cubemap materials on brush sides...
0...1...2...3...4...5...6...7...8...9...100...1...2...3...4...5...6...7...8...9...10Processing areas...done (0)
Building Faces...done (0)
Chop Details...done (0)
Find Visible Detail Sides...done (0)
Merging details...done (0)
FixTjuncs...
PruneNodes...
WriteBSP...
done (0)
writing D:\OneDrive\Desktop\csgo\hammer maps\Dead Shepherd\achievement_dead_shepherd.prt...Building visibility clusters...
AutoVisClustering (threshold=-1) matched 0 leafs.
done (0)
Finding displacement neighbors...
Finding lightmap sample positions...
Displacement Alpha : 0...1...2...3...4...5...6...7...8...9...10
Building Physics collision data...
done (0) (6130 bytes)
Placing detail props : 0...1...2...3...4...5...6...7...8...9...10
Compacting texture/material tables...
Reduced 24 texinfos to 15
Reduced 5 texdatas to 5 (99 bytes to 99)
Writing D:\OneDrive\Desktop\csgo\hammer maps\Dead Shepherd\achievement_dead_shepherd.bsp
MSG_FILEWRITE - Filesystem was asked to write to 'd:\onedrive\desktop\csgo\hammer maps\dead shepherd\achievement_dead_shepherd.bsp', but we don't own that location. Allowing...
0 seconds elapsed



16 threads
reading d:\onedrive\desktop\csgo\hammer maps\dead shepherd\achievement_dead_shepherd.bsp
reading d:\onedrive\desktop\csgo\hammer maps\dead shepherd\achievement_dead_shepherd.prt
   2 portalclusters
   1 numportals
0...1...2...3...4...5...6...7...8...9...100...1...2...3...4...5...6...7...8...9...10Optimized: 0 visible clusters (0.00%)
Total clusters visible: 4
Average clusters visible: 2
Building PAS...
Average clusters audible: 2
visdatasize:24  compressed from 32
writing d:\onedrive\desktop\csgo\hammer maps\dead shepherd\achievement_dead_shepherd.bsp
MSG_FILEWRITE - Filesystem was asked to write to 'd:\onedrive\desktop\csgo\hammer maps\dead shepherd\achievement_dead_shepherd.bsp', but we don't own that location. Allowing...
0 seconds elapsed



[Reading texlights from 'lights.rad']
[17 texlights parsed from 'lights.rad']

Loading d:\onedrive\desktop\csgo\hammer maps\dead shepherd\achievement_dead_shepherd.bsp
29 faces
1712 square feet [246656.00 square inches]
0 Displacements
0 Square Feet [0.00 Square Inches]
29 patches before subdivision
159 patches after subdivision
2 direct lights
0...1...2...3...4...5...6...7...8...9...100...1...2...3...4...5...6...7...8...9...10transfers 3746, max 67
transfer lists:   0.0 megs
0...1...2...3...4...5...6...7...8...9...10	Bounce #1 added RGB(1175, 330, 3)
0...1...2...3...4...5...6...7...8...9...10	Bounce #2 added RGB(713, 56, 0)
0...1...2...3...4...5...6...7...8...9...10	Bounce #3 added RGB(463, 10, 0)
0...1...2...3...4...5...6...7...8...9...10	Bounce #4 added RGB(295, 2, 0)
0...1...2...3...4...5...6...7...8...9...10	Bounce #5 added RGB(188, 0, 0)
0...1...2...3...4...5...6...7...8...9...10	Bounce #6 added RGB(120, 0, 0)
0...1...2...3...4...5...6...7...8...9...10	Bounce #7 added RGB(77, 0, 0)
0...1...2...3...4...5...6...7...8...9...10	Bounce #8 added RGB(49, 0, 0)
0...1...2...3...4...5...6...7...8...9...10	Bounce #9 added RGB(31, 0, 0)
0...1...2...3...4...5...6...7...8...9...10	Bounce #10 added RGB(20, 0, 0)
0...1...2...3...4...5...6...7...8...9...10	Bounce #11 added RGB(13, 0, 0)
0...1...2...3...4...5...6...7...8...9...10	Bounce #12 added RGB(8, 0, 0)
0...1...2...3...4...5...6...7...8...9...10	Bounce #13 added RGB(5, 0, 0)
0...1...2...3...4...5...6...7...8...9...10	Bounce #14 added RGB(3, 0, 0)
0...1...2...3...4...5...6...7...8...9...10	Bounce #15 added RGB(2, 0, 0)
0...1...2...3...4...5...6...7...8...9...10	Bounce #16 added RGB(1, 0, 0)
0...1...2...3...4...5...6...7...8...9...10	Bounce #17 added RGB(1, 0, 0)
Build Patch/Sample Hash Table(s).....Done<0.0000 sec>
0...1...2...3...4...5...6...7...8...9...10FinalLightFace Done
0 of 0 (0% of) surface lights went in leaf ambient cubes.
0...1...2...3...4...5...6...7...8...9...10Writing leaf ambient...done
Ready to Finish

Object names       Objects/Maxobjs  Memory / Maxmem  Fullness 
------------       ---------------  ---------------  -------- 
models                   4/1024          192/49152    ( 0.4%) 
brushes                 13/8192          156/98304    ( 0.2%) 
brushsides              80/81920         640/655360   ( 0.1%) 
planes                  94/65536        1880/1310720  ( 0.1%) 
vertexes                61/65536         732/786432   ( 0.1%) 
nodes                   35/65536        1120/2097152  ( 0.1%) 
texinfos                15/12288        1080/884736   ( 0.1%) 
texdata                  5/4096          160/131072   ( 0.1%) 
dispinfos                0/0               0/0        ( 0.0%) 
disp_verts               0/0               0/0        ( 0.0%) 
disp_tris                0/0               0/0        ( 0.0%) 
disp_multiblend          0/0               0/0        ( 0.0%) 
disp_lmsamples           0/0               0/0        ( 0.0%) 
faces                   29/65536        1624/3670016  ( 0.0%) 
hdr faces                0/65536           0/3670016  ( 0.0%) 
origfaces               25/65536        1400/3670016  ( 0.0%) 
facebrushes              0/0               0/0        ( 0.0%) 
facebrushlists          29/0             116/0        ( 0.0%) 
leaves                  40/65536        1280/2097152  ( 0.1%) 
leaffaces               29/65536          58/131072   ( 0.0%) 
leafbrushes             19/65536          38/131072   ( 0.0%) 
areas                    2/1024           16/8192     ( 0.2%) 
surfedges              232/512000        928/2048000  ( 0.0%) 
edges                  133/256000        532/1024000  ( 0.1%) 
LDR worldlights          2/8192          200/819200   ( 0.0%) 
HDR worldlights          0/8192            0/819200   ( 0.0%) 
leafwaterdata            0/32768           0/393216   ( 0.0%) 
waterstrips              4/32768          40/327680   ( 0.0%) 
waterverts               0/65536           0/786432   ( 0.0%) 
waterindices            72/65536         144/131072   ( 0.1%) 
cubemapsamples           0/1024            0/16384    ( 0.0%) 
overlays                 0/1024            0/360448   ( 0.0%) 
LDR lightdata         [variable]        5148/0        ( 0.0%) 
HDR lightdata         [variable]           0/0        ( 0.0%) 
visdata               [variable]          24/16777216 ( 0.0%) 
entdata               [variable]        5424/393216   ( 1.4%) 
LDR ambient table       40/65536         160/262144   ( 0.1%) 
HDR ambient table       40/65536         160/262144   ( 0.1%) 
LDR leaf ambient       138/65536        3864/1835008  ( 0.2%) 
HDR leaf ambient        40/65536        1120/1835008  ( 0.1%) 
occluders                0/0               0/0        ( 0.0%) 
occluder polygons        0/0               0/0        ( 0.0%) 
occluder vert ind        0/0               0/0        ( 0.0%) 
detail props          [variable]           1/12       ( 8.3%) 
static props          [variable]           1/12       ( 8.3%) 
pakfile               [variable]       74498/0        ( 0.0%) 
physics               [variable]        6130/4194304  ( 0.1%) 
physics terrain       [variable]           2/1048576  ( 0.0%) 

Level flags = 7c

Total triangle count: 74
Writing d:\onedrive\desktop\csgo\hammer maps\dead shepherd\achievement_dead_shepherd.bsp
MSG_FILEWRITE - Filesystem was asked to write to 'd:\onedrive\desktop\csgo\hammer maps\dead shepherd\achievement_dead_shepherd.bsp', but we don't own that location. Allowing...
0 seconds elapsed



materialPath: D:\Steam\steamapps\common\Counter-Strike Global Offensive\csgo\materials
Loading D:\OneDrive\Desktop\csgo\hammer maps\Dead Shepherd\achievement_dead_shepherd.vmf
Map revision 86
fixing up env_cubemap materials on brush sides...
0...1...2...3...4...5...6...7...8...9...100...1...2...3...4...5...6...7...8...9...10Processing areas...done (0)
Building Faces...done (0)
Chop Details...done (0)
Find Visible Detail Sides...done (0)
Merging details...done (0)
FixTjuncs...
PruneNodes...
WriteBSP...
done (0)
writing D:\OneDrive\Desktop\csgo\hammer maps\Dead Shepherd\achievement_dead_shepherd.prt...Building visibility clusters...
AutoVisClustering (threshold=-1) matched 0 leafs.
done (0)
Finding displacement neighbors...
Finding lightmap sample positions...
Displacement Alpha : 0...1...2...3...4...5...6...7...8...9...10
Building Physics collision data...
done (0) (6914 bytes)
Placing detail props : 0...1...2...3...4...5...6...7...8...9...10
Compacting texture/material tables...
Reduced 24 texinfos to 15
Reduced 5 texdatas to 5 (99 bytes to 99)
Writing D:\OneDrive\Desktop\csgo\hammer maps\Dead Shepherd\achievement_dead_shepherd.bsp
MSG_FILEWRITE - Filesystem was asked to write to 'd:\onedrive\desktop\csgo\hammer maps\dead shepherd\achievement_dead_shepherd.bsp', but we don't own that location. Allowing...
0 seconds elapsed



16 threads
reading d:\onedrive\desktop\csgo\hammer maps\dead shepherd\achievement_dead_shepherd.bsp
reading d:\onedrive\desktop\csgo\hammer maps\dead shepherd\achievement_dead_shepherd.prt
   2 portalclusters
   1 numportals
0...1...2...3...4...5...6...7...8...9...100...1...2...3...4...5...6...7...8...9...10Optimized: 0 visible clusters (0.00%)
Total clusters visible: 4
Average clusters visible: 2
Building PAS...
Average clusters audible: 2
visdatasize:24  compressed from 32
writing d:\onedrive\desktop\csgo\hammer maps\dead shepherd\achievement_dead_shepherd.bsp
MSG_FILEWRITE - Filesystem was asked to write to 'd:\onedrive\desktop\csgo\hammer maps\dead shepherd\achievement_dead_shepherd.bsp', but we don't own that location. Allowing...
0 seconds elapsed



[Reading texlights from 'lights.rad']
[17 texlights parsed from 'lights.rad']

Loading d:\onedrive\desktop\csgo\hammer maps\dead shepherd\achievement_dead_shepherd.bsp
29 faces
1712 square feet [246656.00 square inches]
0 Displacements
0 Square Feet [0.00 Square Inches]
29 patches before subdivision
159 patches after subdivision
2 direct lights
0...1...2...3...4...5...6...7...8...9...100...1...2...3...4...5...6...7...8...9...10transfers 3746, max 67
transfer lists:   0.0 megs
0...1...2...3...4...5...6...7...8...9...10	Bounce #1 added RGB(1175, 330, 3)
0...1...2...3...4...5...6...7...8...9...10	Bounce #2 added RGB(713, 56, 0)
0...1...2...3...4...5...6...7...8...9...10	Bounce #3 added RGB(463, 10, 0)
0...1...2...3...4...5...6...7...8...9...10	Bounce #4 added RGB(295, 2, 0)
0...1...2...3...4...5...6...7...8...9...10	Bounce #5 added RGB(188, 0, 0)
0...1...2...3...4...5...6...7...8...9...10	Bounce #6 added RGB(120, 0, 0)
0...1...2...3...4...5...6...7...8...9...10	Bounce #7 added RGB(77, 0, 0)
0...1...2...3...4...5...6...7...8...9...10	Bounce #8 added RGB(49, 0, 0)
0...1...2...3...4...5...6...7...8...9...10	Bounce #9 added RGB(31, 0, 0)
0...1...2...3...4...5...6...7...8...9...10	Bounce #10 added RGB(20, 0, 0)
0...1...2...3...4...5...6...7...8...9...10	Bounce #11 added RGB(13, 0, 0)
0...1...2...3...4...5...6...7...8...9...10	Bounce #12 added RGB(8, 0, 0)
0...1...2...3...4...5...6...7...8...9...10	Bounce #13 added RGB(5, 0, 0)
0...1...2...3...4...5...6...7...8...9...10	Bounce #14 added RGB(3, 0, 0)
0...1...2...3...4...5...6...7...8...9...10	Bounce #15 added RGB(2, 0, 0)
0...1...2...3...4...5...6...7...8...9...10	Bounce #16 added RGB(1, 0, 0)
0...1...2...3...4...5...6...7...8...9...10	Bounce #17 added RGB(1, 0, 0)
Build Patch/Sample Hash Table(s).....Done<0.0000 sec>
0...1...2...3...4...5...6...7...8...9...10FinalLightFace Done
0 of 0 (0% of) surface lights went in leaf ambient cubes.
0...1...2...3...4...5...6...7...8...9...10Writing leaf ambient...done
Ready to Finish

Object names       Objects/Maxobjs  Memory / Maxmem  Fullness 
------------       ---------------  ---------------  -------- 
models                   4/1024          192/49152    ( 0.4%) 
brushes                 14/8192          168/98304    ( 0.2%) 
brushsides              86/81920         688/655360   ( 0.1%) 
planes                  96/65536        1920/1310720  ( 0.1%) 
vertexes                61/65536         732/786432   ( 0.1%) 
nodes                   35/65536        1120/2097152  ( 0.1%) 
texinfos                15/12288        1080/884736   ( 0.1%) 
texdata                  5/4096          160/131072   ( 0.1%) 
dispinfos                0/0               0/0        ( 0.0%) 
disp_verts               0/0               0/0        ( 0.0%) 
disp_tris                0/0               0/0        ( 0.0%) 
disp_multiblend          0/0               0/0        ( 0.0%) 
disp_lmsamples           0/0               0/0        ( 0.0%) 
faces                   29/65536        1624/3670016  ( 0.0%) 
hdr faces                0/65536           0/3670016  ( 0.0%) 
origfaces               25/65536        1400/3670016  ( 0.0%) 
facebrushes              0/0               0/0        ( 0.0%) 
facebrushlists          29/0             116/0        ( 0.0%) 
leaves                  40/65536        1280/2097152  ( 0.1%) 
leaffaces               29/65536          58/131072   ( 0.0%) 
leafbrushes             20/65536          40/131072   ( 0.0%) 
areas                    2/1024           16/8192     ( 0.2%) 
surfedges              232/512000        928/2048000  ( 0.0%) 
edges                  133/256000        532/1024000  ( 0.1%) 
LDR worldlights          2/8192          200/819200   ( 0.0%) 
HDR worldlights          0/8192            0/819200   ( 0.0%) 
leafwaterdata            0/32768           0/393216   ( 0.0%) 
waterstrips              4/32768          40/327680   ( 0.0%) 
waterverts               0/65536           0/786432   ( 0.0%) 
waterindices            72/65536         144/131072   ( 0.1%) 
cubemapsamples           0/1024            0/16384    ( 0.0%) 
overlays                 0/1024            0/360448   ( 0.0%) 
LDR lightdata         [variable]        5148/0        ( 0.0%) 
HDR lightdata         [variable]           0/0        ( 0.0%) 
visdata               [variable]          24/16777216 ( 0.0%) 
entdata               [variable]        5418/393216   ( 1.4%) 
LDR ambient table       40/65536         160/262144   ( 0.1%) 
HDR ambient table       40/65536         160/262144   ( 0.1%) 
LDR leaf ambient       138/65536        3864/1835008  ( 0.2%) 
HDR leaf ambient        40/65536        1120/1835008  ( 0.1%) 
occluders                0/0               0/0        ( 0.0%) 
occluder polygons        0/0               0/0        ( 0.0%) 
occluder vert ind        0/0               0/0        ( 0.0%) 
detail props          [variable]           1/12       ( 8.3%) 
static props          [variable]           1/12       ( 8.3%) 
pakfile               [variable]       74498/0        ( 0.0%) 
physics               [variable]        6914/4194304  ( 0.2%) 
physics terrain       [variable]           2/1048576  ( 0.0%) 

Level flags = 7c

Total triangle count: 74
Writing d:\onedrive\desktop\csgo\hammer maps\dead shepherd\achievement_dead_shepherd.bsp
MSG_FILEWRITE - Filesystem was asked to write to 'd:\onedrive\desktop\csgo\hammer maps\dead shepherd\achievement_dead_shepherd.bsp', but we don't own that location. Allowing...
0 seconds elapsed



materialPath: D:\Steam\steamapps\common\Counter-Strike Global Offensive\csgo\materials
Loading D:\OneDrive\Desktop\csgo\hammer maps\Dead Shepherd\achievement_dead_shepherd.vmf
Map revision 90
fixing up env_cubemap materials on brush sides...
0...1...2...3...4...5...6...7...8...9...100...1...2...3...4...5...6...7...8...9...10Processing areas...done (0)
Building Faces...done (0)
Chop Details...done (0)
Find Visible Detail Sides...done (0)
Merging details...done (0)
FixTjuncs...
PruneNodes...
WriteBSP...
done (0)
writing D:\OneDrive\Desktop\csgo\hammer maps\Dead Shepherd\achievement_dead_shepherd.prt...Building visibility clusters...
AutoVisClustering (threshold=-1) matched 0 leafs.
done (0)
Finding displacement neighbors...
Finding lightmap sample positions...
Displacement Alpha : 0...1...2...3...4...5...6...7...8...9...10
Building Physics collision data...
done (0) (6916 bytes)
Placing detail props : 0...1...2...3...4...5...6...7...8...9...10
Compacting texture/material tables...
Reduced 24 texinfos to 15
Reduced 5 texdatas to 5 (99 bytes to 99)
Writing D:\OneDrive\Desktop\csgo\hammer maps\Dead Shepherd\achievement_dead_shepherd.bsp
MSG_FILEWRITE - Filesystem was asked to write to 'd:\onedrive\desktop\csgo\hammer maps\dead shepherd\achievement_dead_shepherd.bsp', but we don't own that location. Allowing...
0 seconds elapsed



16 threads
reading d:\onedrive\desktop\csgo\hammer maps\dead shepherd\achievement_dead_shepherd.bsp
reading d:\onedrive\desktop\csgo\hammer maps\dead shepherd\achievement_dead_shepherd.prt
   2 portalclusters
   1 numportals
0...1...2...3...4...5...6...7...8...9...100...1...2...3...4...5...6...7...8...9...10Optimized: 0 visible clusters (0.00%)
Total clusters visible: 4
Average clusters visible: 2
Building PAS...
Average clusters audible: 2
visdatasize:24  compressed from 32
writing d:\onedrive\desktop\csgo\hammer maps\dead shepherd\achievement_dead_shepherd.bsp
MSG_FILEWRITE - Filesystem was asked to write to 'd:\onedrive\desktop\csgo\hammer maps\dead shepherd\achievement_dead_shepherd.bsp', but we don't own that location. Allowing...
0 seconds elapsed



[Reading texlights from 'lights.rad']
[17 texlights parsed from 'lights.rad']

Loading d:\onedrive\desktop\csgo\hammer maps\dead shepherd\achievement_dead_shepherd.bsp
29 faces
2012 square feet [289856.00 square inches]
0 Displacements
0 Square Feet [0.00 Square Inches]
29 patches before subdivision
159 patches after subdivision
2 direct lights
0...1...2...3...4...5...6...7...8...9...100...1...2...3...4...5...6...7...8...9...10transfers 3715, max 67
transfer lists:   0.0 megs
0...1...2...3...4...5...6...7...8...9...10	Bounce #1 added RGB(1154, 325, 3)
0...1...2...3...4...5...6...7...8...9...10	Bounce #2 added RGB(701, 55, 0)
0...1...2...3...4...5...6...7...8...9...10	Bounce #3 added RGB(454, 10, 0)
0...1...2...3...4...5...6...7...8...9...10	Bounce #4 added RGB(289, 2, 0)
0...1...2...3...4...5...6...7...8...9...10	Bounce #5 added RGB(185, 0, 0)
0...1...2...3...4...5...6...7...8...9...10	Bounce #6 added RGB(118, 0, 0)
0...1...2...3...4...5...6...7...8...9...10	Bounce #7 added RGB(75, 0, 0)
0...1...2...3...4...5...6...7...8...9...10	Bounce #8 added RGB(48, 0, 0)
0...1...2...3...4...5...6...7...8...9...10	Bounce #9 added RGB(31, 0, 0)
0...1...2...3...4...5...6...7...8...9...10	Bounce #10 added RGB(20, 0, 0)
0...1...2...3...4...5...6...7...8...9...10	Bounce #11 added RGB(13, 0, 0)
0...1...2...3...4...5...6...7...8...9...10	Bounce #12 added RGB(8, 0, 0)
0...1...2...3...4...5...6...7...8...9...10	Bounce #13 added RGB(5, 0, 0)
0...1...2...3...4...5...6...7...8...9...10	Bounce #14 added RGB(3, 0, 0)
0...1...2...3...4...5...6...7...8...9...10	Bounce #15 added RGB(2, 0, 0)
0...1...2...3...4...5...6...7...8...9...10	Bounce #16 added RGB(1, 0, 0)
0...1...2...3...4...5...6...7...8...9...10	Bounce #17 added RGB(1, 0, 0)
Build Patch/Sample Hash Table(s).....Done<0.0000 sec>
0...1...2...3...4...5...6...7...8...9...10FinalLightFace Done
0 of 0 (0% of) surface lights went in leaf ambient cubes.
0...1...2...3...4...5...6...7...8...9...10Writing leaf ambient...done
Ready to Finish

Object names       Objects/Maxobjs  Memory / Maxmem  Fullness 
------------       ---------------  ---------------  -------- 
models                   4/1024          192/49152    ( 0.4%) 
brushes                 14/8192          168/98304    ( 0.2%) 
brushsides              86/81920         688/655360   ( 0.1%) 
planes                  98/65536        1960/1310720  ( 0.1%) 
vertexes                61/65536         732/786432   ( 0.1%) 
nodes                   35/65536        1120/2097152  ( 0.1%) 
texinfos                15/12288        1080/884736   ( 0.1%) 
texdata                  5/4096          160/131072   ( 0.1%) 
dispinfos                0/0               0/0        ( 0.0%) 
disp_verts               0/0               0/0        ( 0.0%) 
disp_tris                0/0               0/0        ( 0.0%) 
disp_multiblend          0/0               0/0        ( 0.0%) 
disp_lmsamples           0/0               0/0        ( 0.0%) 
faces                   29/65536        1624/3670016  ( 0.0%) 
hdr faces                0/65536           0/3670016  ( 0.0%) 
origfaces               25/65536        1400/3670016  ( 0.0%) 
facebrushes              0/0               0/0        ( 0.0%) 
facebrushlists          29/0             116/0        ( 0.0%) 
leaves                  40/65536        1280/2097152  ( 0.1%) 
leaffaces               29/65536          58/131072   ( 0.0%) 
leafbrushes             20/65536          40/131072   ( 0.0%) 
areas                    2/1024           16/8192     ( 0.2%) 
surfedges              232/512000        928/2048000  ( 0.0%) 
edges                  133/256000        532/1024000  ( 0.1%) 
LDR worldlights          2/8192          200/819200   ( 0.0%) 
HDR worldlights          0/8192            0/819200   ( 0.0%) 
leafwaterdata            0/32768           0/393216   ( 0.0%) 
waterstrips              4/32768          40/327680   ( 0.0%) 
waterverts               0/65536           0/786432   ( 0.0%) 
waterindices            72/65536         144/131072   ( 0.1%) 
cubemapsamples           0/1024            0/16384    ( 0.0%) 
overlays                 0/1024            0/360448   ( 0.0%) 
LDR lightdata         [variable]        5148/0        ( 0.0%) 
HDR lightdata         [variable]           0/0        ( 0.0%) 
visdata               [variable]          24/16777216 ( 0.0%) 
entdata               [variable]        5417/393216   ( 1.4%) 
LDR ambient table       40/65536         160/262144   ( 0.1%) 
HDR ambient table       40/65536         160/262144   ( 0.1%) 
LDR leaf ambient       194/65536        5432/1835008  ( 0.3%) 
HDR leaf ambient        40/65536        1120/1835008  ( 0.1%) 
occluders                0/0               0/0        ( 0.0%) 
occluder polygons        0/0               0/0        ( 0.0%) 
occluder vert ind        0/0               0/0        ( 0.0%) 
detail props          [variable]           1/12       ( 8.3%) 
static props          [variable]           1/12       ( 8.3%) 
pakfile               [variable]       74498/0        ( 0.0%) 
physics               [variable]        6916/4194304  ( 0.2%) 
physics terrain       [variable]           2/1048576  ( 0.0%) 

Level flags = 7c

Total triangle count: 74
Writing d:\onedrive\desktop\csgo\hammer maps\dead shepherd\achievement_dead_shepherd.bsp
MSG_FILEWRITE - Filesystem was asked to write to 'd:\onedrive\desktop\csgo\hammer maps\dead shepherd\achievement_dead_shepherd.bsp', but we don't own that location. Allowing...
0 seconds elapsed



materialPath: D:\Steam\steamapps\common\Counter-Strike Global Offensive\csgo\materials
Loading D:\OneDrive\Desktop\csgo\hammer maps\Dead Shepherd\achievement_dead_shepherd.vmf
Map revision 91
fixing up env_cubemap materials on brush sides...
0...1...2...3...4...5...6...7...8...9...100...1...2...3...4...5...6...7...8...9...10Processing areas...done (0)
Building Faces...done (0)
Chop Details...done (0)
Find Visible Detail Sides...done (0)
Merging details...done (0)
FixTjuncs...
PruneNodes...
WriteBSP...
done (0)
writing D:\OneDrive\Desktop\csgo\hammer maps\Dead Shepherd\achievement_dead_shepherd.prt...Building visibility clusters...
AutoVisClustering (threshold=-1) matched 0 leafs.
done (0)
Finding displacement neighbors...
Finding lightmap sample positions...
Displacement Alpha : 0...1...2...3...4...5...6...7...8...9...10
Building Physics collision data...
done (0) (6915 bytes)
Placing detail props : 0...1...2...3...4...5...6...7...8...9...10
Compacting texture/material tables...
Reduced 24 texinfos to 15
Reduced 5 texdatas to 5 (99 bytes to 99)
Writing D:\OneDrive\Desktop\csgo\hammer maps\Dead Shepherd\achievement_dead_shepherd.bsp
MSG_FILEWRITE - Filesystem was asked to write to 'd:\onedrive\desktop\csgo\hammer maps\dead shepherd\achievement_dead_shepherd.bsp', but we don't own that location. Allowing...
0 seconds elapsed



16 threads
reading d:\onedrive\desktop\csgo\hammer maps\dead shepherd\achievement_dead_shepherd.bsp
reading d:\onedrive\desktop\csgo\hammer maps\dead shepherd\achievement_dead_shepherd.prt
   2 portalclusters
   1 numportals
0...1...2...3...4...5...6...7...8...9...100...1...2...3...4...5...6...7...8...9...10Optimized: 0 visible clusters (0.00%)
Total clusters visible: 4
Average clusters visible: 2
Building PAS...
Average clusters audible: 2
visdatasize:24  compressed from 32
writing d:\onedrive\desktop\csgo\hammer maps\dead shepherd\achievement_dead_shepherd.bsp
MSG_FILEWRITE - Filesystem was asked to write to 'd:\onedrive\desktop\csgo\hammer maps\dead shepherd\achievement_dead_shepherd.bsp', but we don't own that location. Allowing...
0 seconds elapsed



[Reading texlights from 'lights.rad']
[17 texlights parsed from 'lights.rad']

Loading d:\onedrive\desktop\csgo\hammer maps\dead shepherd\achievement_dead_shepherd.bsp
29 faces
1906 square feet [274496.00 square inches]
0 Displacements
0 Square Feet [0.00 Square Inches]
29 patches before subdivision
159 patches after subdivision
2 direct lights
0...1...2...3...4...5...6...7...8...9...100...1...2...3...4...5...6...7...8...9...10transfers 3741, max 67
transfer lists:   0.0 megs
0...1...2...3...4...5...6...7...8...9...10	Bounce #1 added RGB(1159, 326, 3)
0...1...2...3...4...5...6...7...8...9...10	Bounce #2 added RGB(712, 56, 0)
0...1...2...3...4...5...6...7...8...9...10	Bounce #3 added RGB(461, 10, 0)
0...1...2...3...4...5...6...7...8...9...10	Bounce #4 added RGB(293, 2, 0)
0...1...2...3...4...5...6...7...8...9...10	Bounce #5 added RGB(188, 0, 0)
0...1...2...3...4...5...6...7...8...9...10	Bounce #6 added RGB(120, 0, 0)
0...1...2...3...4...5...6...7...8...9...10	Bounce #7 added RGB(77, 0, 0)
0...1...2...3...4...5...6...7...8...9...10	Bounce #8 added RGB(49, 0, 0)
0...1...2...3...4...5...6...7...8...9...10	Bounce #9 added RGB(31, 0, 0)
0...1...2...3...4...5...6...7...8...9...10	Bounce #10 added RGB(20, 0, 0)
0...1...2...3...4...5...6...7...8...9...10	Bounce #11 added RGB(13, 0, 0)
0...1...2...3...4...5...6...7...8...9...10	Bounce #12 added RGB(8, 0, 0)
0...1...2...3...4...5...6...7...8...9...10	Bounce #13 added RGB(5, 0, 0)
0...1...2...3...4...5...6...7...8...9...10	Bounce #14 added RGB(3, 0, 0)
0...1...2...3...4...5...6...7...8...9...10	Bounce #15 added RGB(2, 0, 0)
0...1...2...3...4...5...6...7...8...9...10	Bounce #16 added RGB(1, 0, 0)
0...1...2...3...4...5...6...7...8...9...10	Bounce #17 added RGB(1, 0, 0)
Build Patch/Sample Hash Table(s).....Done<0.0000 sec>
0...1...2...3...4...5...6...7...8...9...10FinalLightFace Done
0 of 0 (0% of) surface lights went in leaf ambient cubes.
0...1...2...3...4...5...6...7...8...9...10Writing leaf ambient...done
Ready to Finish

Object names       Objects/Maxobjs  Memory / Maxmem  Fullness 
------------       ---------------  ---------------  -------- 
models                   4/1024          192/49152    ( 0.4%) 
brushes                 14/8192          168/98304    ( 0.2%) 
brushsides              86/81920         688/655360   ( 0.1%) 
planes                 100/65536        2000/1310720  ( 0.2%) 
vertexes                61/65536         732/786432   ( 0.1%) 
nodes                   35/65536        1120/2097152  ( 0.1%) 
texinfos                15/12288        1080/884736   ( 0.1%) 
texdata                  5/4096          160/131072   ( 0.1%) 
dispinfos                0/0               0/0        ( 0.0%) 
disp_verts               0/0               0/0        ( 0.0%) 
disp_tris                0/0               0/0        ( 0.0%) 
disp_multiblend          0/0               0/0        ( 0.0%) 
disp_lmsamples           0/0               0/0        ( 0.0%) 
faces                   29/65536        1624/3670016  ( 0.0%) 
hdr faces                0/65536           0/3670016  ( 0.0%) 
origfaces               25/65536        1400/3670016  ( 0.0%) 
facebrushes              0/0               0/0        ( 0.0%) 
facebrushlists          29/0             116/0        ( 0.0%) 
leaves                  40/65536        1280/2097152  ( 0.1%) 
leaffaces               29/65536          58/131072   ( 0.0%) 
leafbrushes             20/65536          40/131072   ( 0.0%) 
areas                    2/1024           16/8192     ( 0.2%) 
surfedges              232/512000        928/2048000  ( 0.0%) 
edges                  133/256000        532/1024000  ( 0.1%) 
LDR worldlights          2/8192          200/819200   ( 0.0%) 
HDR worldlights          0/8192            0/819200   ( 0.0%) 
leafwaterdata            0/32768           0/393216   ( 0.0%) 
waterstrips              4/32768          40/327680   ( 0.0%) 
waterverts               0/65536           0/786432   ( 0.0%) 
waterindices            72/65536         144/131072   ( 0.1%) 
cubemapsamples           0/1024            0/16384    ( 0.0%) 
overlays                 0/1024            0/360448   ( 0.0%) 
LDR lightdata         [variable]        5148/0        ( 0.0%) 
HDR lightdata         [variable]           0/0        ( 0.0%) 
visdata               [variable]          24/16777216 ( 0.0%) 
entdata               [variable]        5417/393216   ( 1.4%) 
LDR ambient table       40/65536         160/262144   ( 0.1%) 
HDR ambient table       40/65536         160/262144   ( 0.1%) 
LDR leaf ambient       162/65536        4536/1835008  ( 0.2%) 
HDR leaf ambient        40/65536        1120/1835008  ( 0.1%) 
occluders                0/0               0/0        ( 0.0%) 
occluder polygons        0/0               0/0        ( 0.0%) 
occluder vert ind        0/0               0/0        ( 0.0%) 
detail props          [variable]           1/12       ( 8.3%) 
static props          [variable]           1/12       ( 8.3%) 
pakfile               [variable]       74498/0        ( 0.0%) 
physics               [variable]        6915/4194304  ( 0.2%) 
physics terrain       [variable]           2/1048576  ( 0.0%) 

Level flags = 7c

Total triangle count: 74
Writing d:\onedrive\desktop\csgo\hammer maps\dead shepherd\achievement_dead_shepherd.bsp
MSG_FILEWRITE - Filesystem was asked to write to 'd:\onedrive\desktop\csgo\hammer maps\dead shepherd\achievement_dead_shepherd.bsp', but we don't own that location. Allowing...
0 seconds elapsed
