


materialPath: D:\Steam\steamapps\common\Counter-Strike Global Offensive\csgo\materials
Loading D:\Desktop\csgo\hammer maps\Defusus Interruptus\achievements_defusus_interruptus.vmf
Map revision 43
Patching WVT material: maps/achievements_defusus_interruptus/dev/dev_blendmeasure_wvt_patch
fixing up env_cubemap materials on brush sides...
0...1...2...3...4...5...6...7...8...9...100...1...2...3...4...5...6...7...8...9...10Processing areas...done (0)
Building Faces...done (0)
Chop Details...done (0)
Find Visible Detail Sides...done (0)
Merging details...done (0)
FixTjuncs...
PruneNodes...
WriteBSP...
done (0)
writing D:\Desktop\csgo\hammer maps\Defusus Interruptus\achievements_defusus_interruptus.prt...Building visibility clusters...
AutoVisClustering (threshold=-1) matched 0 leafs.
done (0)
Finding displacement neighbors...
Finding lightmap sample positions...
Displacement Alpha : 0...1...2...3...4...5...6...7...8...9...10
Building Physics collision data...
done (0) (9582 bytes)
Placing detail props : 0...1...2...3...4...5...6...7...8...9...10
Compacting texture/material tables...
Reduced 27 texinfos to 20
Reduced 6 texdatas to 5 (168 bytes to 147)
Writing D:\Desktop\csgo\hammer maps\Defusus Interruptus\achievements_defusus_interruptus.bsp
MSG_FILEWRITE - Filesystem was asked to write to 'd:\desktop\csgo\hammer maps\defusus interruptus\achievements_defusus_interruptus.bsp', but we don't own that location. Allowing...
0 seconds elapsed



4 threads
reading d:\desktop\csgo\hammer maps\defusus interruptus\achievements_defusus_interruptus.bsp
reading d:\desktop\csgo\hammer maps\defusus interruptus\achievements_defusus_interruptus.prt
   2 portalclusters
   1 numportals
0...1...2...3...4...5...6...7...8...9...100...1...2...3...4...5...6...7...8...9...10Optimized: 0 visible clusters (0.00%)
Total clusters visible: 4
Average clusters visible: 2
Building PAS...
Average clusters audible: 2
visdatasize:24  compressed from 32
writing d:\desktop\csgo\hammer maps\defusus interruptus\achievements_defusus_interruptus.bsp
MSG_FILEWRITE - Filesystem was asked to write to 'd:\desktop\csgo\hammer maps\defusus interruptus\achievements_defusus_interruptus.bsp', but we don't own that location. Allowing...
0 seconds elapsed



[Reading texlights from 'lights.rad']
[17 texlights parsed from 'lights.rad']

Loading d:\desktop\csgo\hammer maps\defusus interruptus\achievements_defusus_interruptus.bsp
36 faces
1144 square feet [164768.00 square inches]
0 Displacements
0 Square Feet [0.00 Square Inches]
36 patches before subdivision
102 patches after subdivision
9 direct lights
0...1...2...3...4...5...6...7...8...9...100...1...2...3...4...5...6...7...8...9...10transfers 1594, max 40
transfer lists:   0.0 megs
0...1...2...3...4...5...6...7...8...9...10	Bounce #1 added RGB(4267, 1243, 73)
0...1...2...3...4...5...6...7...8...9...10	Bounce #2 added RGB(2580, 215, 2)
0...1...2...3...4...5...6...7...8...9...10	Bounce #3 added RGB(1568, 37, 0)
0...1...2...3...4...5...6...7...8...9...10	Bounce #4 added RGB(949, 6, 0)
0...1...2...3...4...5...6...7...8...9...10	Bounce #5 added RGB(574, 1, 0)
0...1...2...3...4...5...6...7...8...9...10	Bounce #6 added RGB(347, 0, 0)
0...1...2...3...4...5...6...7...8...9...10	Bounce #7 added RGB(210, 0, 0)
0...1...2...3...4...5...6...7...8...9...10	Bounce #8 added RGB(127, 0, 0)
0...1...2...3...4...5...6...7...8...9...10	Bounce #9 added RGB(77, 0, 0)
0...1...2...3...4...5...6...7...8...9...10	Bounce #10 added RGB(46, 0, 0)
0...1...2...3...4...5...6...7...8...9...10	Bounce #11 added RGB(28, 0, 0)
0...1...2...3...4...5...6...7...8...9...10	Bounce #12 added RGB(17, 0, 0)
0...1...2...3...4...5...6...7...8...9...10	Bounce #13 added RGB(10, 0, 0)
0...1...2...3...4...5...6...7...8...9...10	Bounce #14 added RGB(6, 0, 0)
0...1...2...3...4...5...6...7...8...9...10	Bounce #15 added RGB(4, 0, 0)
0...1...2...3...4...5...6...7...8...9...10	Bounce #16 added RGB(2, 0, 0)
0...1...2...3...4...5...6...7...8...9...10	Bounce #17 added RGB(1, 0, 0)
0...1...2...3...4...5...6...7...8...9...10	Bounce #18 added RGB(1, 0, 0)
Build Patch/Sample Hash Table(s).....Done<0.0000 sec>
0...1...2...3...4...5...6...7...8...9...10FinalLightFace Done
0 of 0 (0% of) surface lights went in leaf ambient cubes.
0...1...2...3...4...5...6...7...8...9...10Writing leaf ambient...done
Ready to Finish

Object names       Objects/Maxobjs  Memory / Maxmem  Fullness 
------------       ---------------  ---------------  -------- 
models                   5/1024          240/49152    ( 0.5%) 
brushes                 20/8192          240/98304    ( 0.2%) 
brushsides             124/81920         992/655360   ( 0.2%) 
planes                  96/65536        1920/1310720  ( 0.1%) 
vertexes                79/65536         948/786432   ( 0.1%) 
nodes                   39/65536        1248/2097152  ( 0.1%) 
texinfos                20/12288        1440/884736   ( 0.2%) 
texdata                  5/4096          160/131072   ( 0.1%) 
dispinfos                0/0               0/0        ( 0.0%) 
disp_verts               0/0               0/0        ( 0.0%) 
disp_tris                0/0               0/0        ( 0.0%) 
disp_multiblend          0/0               0/0        ( 0.0%) 
disp_lmsamples           0/0               0/0        ( 0.0%) 
faces                   36/65536        2016/3670016  ( 0.1%) 
hdr faces                0/65536           0/3670016  ( 0.0%) 
origfaces               36/65536        2016/3670016  ( 0.1%) 
facebrushes              0/0               0/0        ( 0.0%) 
facebrushlists          36/0             144/0        ( 0.0%) 
leaves                  45/65536        1440/2097152  ( 0.1%) 
leaffaces               36/65536          72/131072   ( 0.1%) 
leafbrushes             22/65536          44/131072   ( 0.0%) 
areas                    2/1024           16/8192     ( 0.2%) 
surfedges              292/512000       1168/2048000  ( 0.1%) 
edges                  170/256000        680/1024000  ( 0.1%) 
LDR worldlights          9/8192          900/819200   ( 0.1%) 
HDR worldlights          0/8192            0/819200   ( 0.0%) 
leafwaterdata            0/32768           0/393216   ( 0.0%) 
waterstrips              0/32768           0/327680   ( 0.0%) 
waterverts               0/65536           0/786432   ( 0.0%) 
waterindices             0/65536           0/131072   ( 0.0%) 
cubemapsamples           0/1024            0/16384    ( 0.0%) 
overlays                 0/1024            0/360448   ( 0.0%) 
LDR lightdata         [variable]        3692/0        ( 0.0%) 
HDR lightdata         [variable]           0/0        ( 0.0%) 
visdata               [variable]          24/16777216 ( 0.0%) 
entdata               [variable]        7548/393216   ( 1.9%) 
LDR ambient table       45/65536         180/262144   ( 0.1%) 
HDR ambient table       45/65536         180/262144   ( 0.1%) 
LDR leaf ambient        41/65536        1148/1835008  ( 0.1%) 
HDR leaf ambient        45/65536        1260/1835008  ( 0.1%) 
occluders                0/0               0/0        ( 0.0%) 
occluder polygons        0/0               0/0        ( 0.0%) 
occluder vert ind        0/0               0/0        ( 0.0%) 
detail props          [variable]           1/12       ( 8.3%) 
static props          [variable]           1/12       ( 8.3%) 
pakfile               [variable]       74907/0        ( 0.0%) 
physics               [variable]        9582/4194304  ( 0.2%) 
physics terrain       [variable]           2/1048576  ( 0.0%) 

Level flags = 7c

Total triangle count: 76
Writing d:\desktop\csgo\hammer maps\defusus interruptus\achievements_defusus_interruptus.bsp
MSG_FILEWRITE - Filesystem was asked to write to 'd:\desktop\csgo\hammer maps\defusus interruptus\achievements_defusus_interruptus.bsp', but we don't own that location. Allowing...
0 seconds elapsed



materialPath: D:\Steam\steamapps\common\Counter-Strike Global Offensive\csgo\materials
Loading D:\Desktop\csgo\hammer maps\Defusus Interruptus\achievements_defusus_interruptus.vmf
Map revision 44
Patching WVT material: maps/achievements_defusus_interruptus/dev/dev_blendmeasure_wvt_patch
fixing up env_cubemap materials on brush sides...
0...1...2...3...4...5...6...7...8...9...100...1...2...3...4...5...6...7...8...9...10Processing areas...done (0)
Building Faces...done (0)
Chop Details...done (0)
Find Visible Detail Sides...done (0)
Merging details...done (0)
FixTjuncs...
PruneNodes...
WriteBSP...
done (0)
writing D:\Desktop\csgo\hammer maps\Defusus Interruptus\achievements_defusus_interruptus.prt...Building visibility clusters...
AutoVisClustering (threshold=-1) matched 0 leafs.
done (0)
Finding displacement neighbors...
Finding lightmap sample positions...
Displacement Alpha : 0...1...2...3...4...5...6...7...8...9...10
Building Physics collision data...
done (0) (9582 bytes)
Placing detail props : 0...1...2...3...4...5...6...7...8...9...10
Compacting texture/material tables...
Reduced 27 texinfos to 20
Reduced 6 texdatas to 5 (168 bytes to 147)
Writing D:\Desktop\csgo\hammer maps\Defusus Interruptus\achievements_defusus_interruptus.bsp
MSG_FILEWRITE - Filesystem was asked to write to 'd:\desktop\csgo\hammer maps\defusus interruptus\achievements_defusus_interruptus.bsp', but we don't own that location. Allowing...
0 seconds elapsed



4 threads
reading d:\desktop\csgo\hammer maps\defusus interruptus\achievements_defusus_interruptus.bsp
reading d:\desktop\csgo\hammer maps\defusus interruptus\achievements_defusus_interruptus.prt
   2 portalclusters
   1 numportals
0...1...2...3...4...5...6...7...8...9...100...1...2...3...4...5...6...7...8...9...10Optimized: 0 visible clusters (0.00%)
Total clusters visible: 4
Average clusters visible: 2
Building PAS...
Average clusters audible: 2
visdatasize:24  compressed from 32
writing d:\desktop\csgo\hammer maps\defusus interruptus\achievements_defusus_interruptus.bsp
MSG_FILEWRITE - Filesystem was asked to write to 'd:\desktop\csgo\hammer maps\defusus interruptus\achievements_defusus_interruptus.bsp', but we don't own that location. Allowing...
0 seconds elapsed



[Reading texlights from 'lights.rad']
[17 texlights parsed from 'lights.rad']

Loading d:\desktop\csgo\hammer maps\defusus interruptus\achievements_defusus_interruptus.bsp
36 faces
1144 square feet [164768.00 square inches]
0 Displacements
0 Square Feet [0.00 Square Inches]
36 patches before subdivision
102 patches after subdivision
9 direct lights
0...1...2...3...4...5...6...7...8...9...100...1...2...3...4...5...6...7...8...9...10transfers 1594, max 40
transfer lists:   0.0 megs
0...1...2...3...4...5...6...7...8...9...10	Bounce #1 added RGB(4267, 1243, 73)
0...1...2...3...4...5...6...7...8...9...10	Bounce #2 added RGB(2580, 215, 2)
0...1...2...3...4...5...6...7...8...9...10	Bounce #3 added RGB(1568, 37, 0)
0...1...2...3...4...5...6...7...8...9...10	Bounce #4 added RGB(949, 6, 0)
0...1...2...3...4...5...6...7...8...9...10	Bounce #5 added RGB(574, 1, 0)
0...1...2...3...4...5...6...7...8...9...10	Bounce #6 added RGB(347, 0, 0)
0...1...2...3...4...5...6...7...8...9...10	Bounce #7 added RGB(210, 0, 0)
0...1...2...3...4...5...6...7...8...9...10	Bounce #8 added RGB(127, 0, 0)
0...1...2...3...4...5...6...7...8...9...10	Bounce #9 added RGB(77, 0, 0)
0...1...2...3...4...5...6...7...8...9...10	Bounce #10 added RGB(46, 0, 0)
0...1...2...3...4...5...6...7...8...9...10	Bounce #11 added RGB(28, 0, 0)
0...1...2...3...4...5...6...7...8...9...10	Bounce #12 added RGB(17, 0, 0)
0...1...2...3...4...5...6...7...8...9...10	Bounce #13 added RGB(10, 0, 0)
0...1...2...3...4...5...6...7...8...9...10	Bounce #14 added RGB(6, 0, 0)
0...1...2...3...4...5...6...7...8...9...10	Bounce #15 added RGB(4, 0, 0)
0...1...2...3...4...5...6...7...8...9...10	Bounce #16 added RGB(2, 0, 0)
0...1...2...3...4...5...6...7...8...9...10	Bounce #17 added RGB(1, 0, 0)
0...1...2...3...4...5...6...7...8...9...10	Bounce #18 added RGB(1, 0, 0)
Build Patch/Sample Hash Table(s).....Done<0.0000 sec>
0...1...2...3...4...5...6...7...8...9...10FinalLightFace Done
0 of 0 (0% of) surface lights went in leaf ambient cubes.
0...1...2...3...4...5...6...7...8...9...10Writing leaf ambient...done
Ready to Finish

Object names       Objects/Maxobjs  Memory / Maxmem  Fullness 
------------       ---------------  ---------------  -------- 
models                   5/1024          240/49152    ( 0.5%) 
brushes                 20/8192          240/98304    ( 0.2%) 
brushsides             124/81920         992/655360   ( 0.2%) 
planes                  96/65536        1920/1310720  ( 0.1%) 
vertexes                79/65536         948/786432   ( 0.1%) 
nodes                   39/65536        1248/2097152  ( 0.1%) 
texinfos                20/12288        1440/884736   ( 0.2%) 
texdata                  5/4096          160/131072   ( 0.1%) 
dispinfos                0/0               0/0        ( 0.0%) 
disp_verts               0/0               0/0        ( 0.0%) 
disp_tris                0/0               0/0        ( 0.0%) 
disp_multiblend          0/0               0/0        ( 0.0%) 
disp_lmsamples           0/0               0/0        ( 0.0%) 
faces                   36/65536        2016/3670016  ( 0.1%) 
hdr faces                0/65536           0/3670016  ( 0.0%) 
origfaces               36/65536        2016/3670016  ( 0.1%) 
facebrushes              0/0               0/0        ( 0.0%) 
facebrushlists          36/0             144/0        ( 0.0%) 
leaves                  45/65536        1440/2097152  ( 0.1%) 
leaffaces               36/65536          72/131072   ( 0.1%) 
leafbrushes             22/65536          44/131072   ( 0.0%) 
areas                    2/1024           16/8192     ( 0.2%) 
surfedges              292/512000       1168/2048000  ( 0.1%) 
edges                  170/256000        680/1024000  ( 0.1%) 
LDR worldlights          9/8192          900/819200   ( 0.1%) 
HDR worldlights          0/8192            0/819200   ( 0.0%) 
leafwaterdata            0/32768           0/393216   ( 0.0%) 
waterstrips              0/32768           0/327680   ( 0.0%) 
waterverts               0/65536           0/786432   ( 0.0%) 
waterindices             0/65536           0/131072   ( 0.0%) 
cubemapsamples           0/1024            0/16384    ( 0.0%) 
overlays                 0/1024            0/360448   ( 0.0%) 
LDR lightdata         [variable]        3692/0        ( 0.0%) 
HDR lightdata         [variable]           0/0        ( 0.0%) 
visdata               [variable]          24/16777216 ( 0.0%) 
entdata               [variable]        7567/393216   ( 1.9%) 
LDR ambient table       45/65536         180/262144   ( 0.1%) 
HDR ambient table       45/65536         180/262144   ( 0.1%) 
LDR leaf ambient        41/65536        1148/1835008  ( 0.1%) 
HDR leaf ambient        45/65536        1260/1835008  ( 0.1%) 
occluders                0/0               0/0        ( 0.0%) 
occluder polygons        0/0               0/0        ( 0.0%) 
occluder vert ind        0/0               0/0        ( 0.0%) 
detail props          [variable]           1/12       ( 8.3%) 
static props          [variable]           1/12       ( 8.3%) 
pakfile               [variable]       74907/0        ( 0.0%) 
physics               [variable]        9582/4194304  ( 0.2%) 
physics terrain       [variable]           2/1048576  ( 0.0%) 

Level flags = 7c

Total triangle count: 76
Writing d:\desktop\csgo\hammer maps\defusus interruptus\achievements_defusus_interruptus.bsp
MSG_FILEWRITE - Filesystem was asked to write to 'd:\desktop\csgo\hammer maps\defusus interruptus\achievements_defusus_interruptus.bsp', but we don't own that location. Allowing...
0 seconds elapsed



materialPath: D:\Steam\steamapps\common\Counter-Strike Global Offensive\csgo\materials
Loading D:\Desktop\csgo\hammer maps\Defusus Interruptus\achievements_defusus_interruptus.vmf
Map revision 47
Patching WVT material: maps/achievements_defusus_interruptus/dev/dev_blendmeasure_wvt_patch
fixing up env_cubemap materials on brush sides...
0...1...2...3...4...5...6...7...8...9...100...1...2...3...4...5...6...7...8...9...10Processing areas...done (0)
Building Faces...done (0)
Chop Details...done (0)
Find Visible Detail Sides...done (0)
Merging details...done (0)
FixTjuncs...
PruneNodes...
WriteBSP...
done (0)
writing D:\Desktop\csgo\hammer maps\Defusus Interruptus\achievements_defusus_interruptus.prt...Building visibility clusters...
AutoVisClustering (threshold=-1) matched 0 leafs.
done (0)
Finding displacement neighbors...
Finding lightmap sample positions...
Displacement Alpha : 0...1...2...3...4...5...6...7...8...9...10
Building Physics collision data...
done (0) (9581 bytes)
Placing detail props : 0...1...2...3...4...5...6...7...8...9...10
Compacting texture/material tables...
Reduced 27 texinfos to 20
Reduced 6 texdatas to 5 (168 bytes to 147)
Writing D:\Desktop\csgo\hammer maps\Defusus Interruptus\achievements_defusus_interruptus.bsp
MSG_FILEWRITE - Filesystem was asked to write to 'd:\desktop\csgo\hammer maps\defusus interruptus\achievements_defusus_interruptus.bsp', but we don't own that location. Allowing...
0 seconds elapsed



4 threads
reading d:\desktop\csgo\hammer maps\defusus interruptus\achievements_defusus_interruptus.bsp
reading d:\desktop\csgo\hammer maps\defusus interruptus\achievements_defusus_interruptus.prt
   2 portalclusters
   1 numportals
0...1...2...3...4...5...6...7...8...9...100...1...2...3...4...5...6...7...8...9...10Optimized: 0 visible clusters (0.00%)
Total clusters visible: 4
Average clusters visible: 2
Building PAS...
Average clusters audible: 2
visdatasize:24  compressed from 32
writing d:\desktop\csgo\hammer maps\defusus interruptus\achievements_defusus_interruptus.bsp
MSG_FILEWRITE - Filesystem was asked to write to 'd:\desktop\csgo\hammer maps\defusus interruptus\achievements_defusus_interruptus.bsp', but we don't own that location. Allowing...
0 seconds elapsed



[Reading texlights from 'lights.rad']
[17 texlights parsed from 'lights.rad']

Loading d:\desktop\csgo\hammer maps\defusus interruptus\achievements_defusus_interruptus.bsp
36 faces
1121 square feet [161440.00 square inches]
0 Displacements
0 Square Feet [0.00 Square Inches]
36 patches before subdivision
102 patches after subdivision
9 direct lights
0...1...2...3...4...5...6...7...8...9...100...1...2...3...4...5...6...7...8...9...10transfers 1600, max 40
transfer lists:   0.0 megs
0...1...2...3...4...5...6...7...8...9...10	Bounce #1 added RGB(4219, 1229, 72)
0...1...2...3...4...5...6...7...8...9...10	Bounce #2 added RGB(2561, 213, 2)
0...1...2...3...4...5...6...7...8...9...10	Bounce #3 added RGB(1557, 37, 0)
0...1...2...3...4...5...6...7...8...9...10	Bounce #4 added RGB(942, 6, 0)
0...1...2...3...4...5...6...7...8...9...10	Bounce #5 added RGB(570, 1, 0)
0...1...2...3...4...5...6...7...8...9...10	Bounce #6 added RGB(345, 0, 0)
0...1...2...3...4...5...6...7...8...9...10	Bounce #7 added RGB(209, 0, 0)
0...1...2...3...4...5...6...7...8...9...10	Bounce #8 added RGB(126, 0, 0)
0...1...2...3...4...5...6...7...8...9...10	Bounce #9 added RGB(76, 0, 0)
0...1...2...3...4...5...6...7...8...9...10	Bounce #10 added RGB(46, 0, 0)
0...1...2...3...4...5...6...7...8...9...10	Bounce #11 added RGB(28, 0, 0)
0...1...2...3...4...5...6...7...8...9...10	Bounce #12 added RGB(17, 0, 0)
0...1...2...3...4...5...6...7...8...9...10	Bounce #13 added RGB(10, 0, 0)
0...1...2...3...4...5...6...7...8...9...10	Bounce #14 added RGB(6, 0, 0)
0...1...2...3...4...5...6...7...8...9...10	Bounce #15 added RGB(4, 0, 0)
0...1...2...3...4...5...6...7...8...9...10	Bounce #16 added RGB(2, 0, 0)
0...1...2...3...4...5...6...7...8...9...10	Bounce #17 added RGB(1, 0, 0)
0...1...2...3...4...5...6...7...8...9...10	Bounce #18 added RGB(1, 0, 0)
Build Patch/Sample Hash Table(s).....Done<0.0000 sec>
0...1...2...3...4...5...6...7...8...9...10FinalLightFace Done
0 of 0 (0% of) surface lights went in leaf ambient cubes.
0...1...2...3...4...5...6...7...8...9...10Writing leaf ambient...done
Ready to Finish

Object names       Objects/Maxobjs  Memory / Maxmem  Fullness 
------------       ---------------  ---------------  -------- 
models                   5/1024          240/49152    ( 0.5%) 
brushes                 20/8192          240/98304    ( 0.2%) 
brushsides             124/81920         992/655360   ( 0.2%) 
planes                 104/65536        2080/1310720  ( 0.2%) 
vertexes                79/65536         948/786432   ( 0.1%) 
nodes                   39/65536        1248/2097152  ( 0.1%) 
texinfos                20/12288        1440/884736   ( 0.2%) 
texdata                  5/4096          160/131072   ( 0.1%) 
dispinfos                0/0               0/0        ( 0.0%) 
disp_verts               0/0               0/0        ( 0.0%) 
disp_tris                0/0               0/0        ( 0.0%) 
disp_multiblend          0/0               0/0        ( 0.0%) 
disp_lmsamples           0/0               0/0        ( 0.0%) 
faces                   36/65536        2016/3670016  ( 0.1%) 
hdr faces                0/65536           0/3670016  ( 0.0%) 
origfaces               36/65536        2016/3670016  ( 0.1%) 
facebrushes              0/0               0/0        ( 0.0%) 
facebrushlists          36/0             144/0        ( 0.0%) 
leaves                  45/65536        1440/2097152  ( 0.1%) 
leaffaces               36/65536          72/131072   ( 0.1%) 
leafbrushes             22/65536          44/131072   ( 0.0%) 
areas                    2/1024           16/8192     ( 0.2%) 
surfedges              292/512000       1168/2048000  ( 0.1%) 
edges                  170/256000        680/1024000  ( 0.1%) 
LDR worldlights          9/8192          900/819200   ( 0.1%) 
HDR worldlights          0/8192            0/819200   ( 0.0%) 
leafwaterdata            0/32768           0/393216   ( 0.0%) 
waterstrips              0/32768           0/327680   ( 0.0%) 
waterverts               0/65536           0/786432   ( 0.0%) 
waterindices             0/65536           0/131072   ( 0.0%) 
cubemapsamples           0/1024            0/16384    ( 0.0%) 
overlays                 0/1024            0/360448   ( 0.0%) 
LDR lightdata         [variable]        3692/0        ( 0.0%) 
HDR lightdata         [variable]           0/0        ( 0.0%) 
visdata               [variable]          24/16777216 ( 0.0%) 
entdata               [variable]        7567/393216   ( 1.9%) 
LDR ambient table       45/65536         180/262144   ( 0.1%) 
HDR ambient table       45/65536         180/262144   ( 0.1%) 
LDR leaf ambient        41/65536        1148/1835008  ( 0.1%) 
HDR leaf ambient        45/65536        1260/1835008  ( 0.1%) 
occluders                0/0               0/0        ( 0.0%) 
occluder polygons        0/0               0/0        ( 0.0%) 
occluder vert ind        0/0               0/0        ( 0.0%) 
detail props          [variable]           1/12       ( 8.3%) 
static props          [variable]           1/12       ( 8.3%) 
pakfile               [variable]       74907/0        ( 0.0%) 
physics               [variable]        9581/4194304  ( 0.2%) 
physics terrain       [variable]           2/1048576  ( 0.0%) 

Level flags = 7c

Total triangle count: 76
Writing d:\desktop\csgo\hammer maps\defusus interruptus\achievements_defusus_interruptus.bsp
MSG_FILEWRITE - Filesystem was asked to write to 'd:\desktop\csgo\hammer maps\defusus interruptus\achievements_defusus_interruptus.bsp', but we don't own that location. Allowing...
0 seconds elapsed
