


materialPath: D:\Steam\steamapps\common\Counter-Strike Global Offensive\csgo\materials
Loading D:\OneDrive\Desktop\csgo\hammer maps\AWP flick shot practise\flick shot practise 2\awp_practise_flick_shot.vmf
Map revision 27
Brush 906: bounds out of range
Brush 908: bounds out of range
Brush 912: bounds out of range
Brush 914: bounds out of range
Brush 916: bounds out of range
Brush 918: bounds out of range
Brush 920: bounds out of range
Brush 924: bounds out of range
Brush 928: bounds out of range
Brush 930: bounds out of range
Brush 932: bounds out of range
Brush 934: bounds out of range
Brush 936: bounds out of range
Brush 940: bounds out of range
Brush 944: bounds out of range
Brush 946: bounds out of range
Brush 948: bounds out of range
Brush 950: bounds out of range
Brush 952: bounds out of range
Brush 956: bounds out of range
Brush 960: bounds out of range
Brush 962: bounds out of range
Brush 964: bounds out of range
Brush 966: bounds out of range
Brush 968: bounds out of range
fixing up env_cubemap materials on brush sides...
0...1...2...3...4...5...6...7...8...9...10WARNING: BSP node with unbounded volume (material: <NO BRUSH>, near (-2056.000000, 1032.000000, 65552.000000))
WARNING: BSP node with unbounded volume (material: <NO BRUSH>, near (8.000000, 1032.000000, 65535.992188))
WARNING: BSP node with unbounded volume (material: <NO BRUSH>, near (-1024.000000, 1024.000000, 65535.992188))
WARNING: BSP node with unbounded volume (material: <NO BRUSH>, near (8.000000, 1024.000000, 65535.992188))
WARNING: BSP node with unbounded volume (material: <NO BRUSH>, near (0.000000, 1024.000000, 65535.992188))
WARNING: BSP node with unbounded volume (material: <NO BRUSH>, near (0.000000, 1024.000000, 65535.992188))
WARNING: BSP node with unbounded volume (material: <NO BRUSH>, near (8.000000, 1024.000000, 65535.992188))
WARNING: BSP node with unbounded volume (material: <NO BRUSH>, near (8.000000, 0.000000, 65535.992188))



materialPath: D:\Steam\steamapps\common\Counter-Strike Global Offensive\csgo\materials
Loading D:\OneDrive\Desktop\csgo\hammer maps\AWP flick shot practise\flick shot practise 2\awp_practise_flick_shot.vmf
Map revision 29
Brush 906: bounds out of range
Brush 908: bounds out of range
Brush 912: bounds out of range
Brush 914: bounds out of range
Brush 916: bounds out of range
Brush 918: bounds out of range
Brush 920: bounds out of range
Brush 924: bounds out of range
Brush 928: bounds out of range
Brush 930: bounds out of range
Brush 932: bounds out of range
Brush 934: bounds out of range
Brush 936: bounds out of range
Brush 940: bounds out of range
Brush 944: bounds out of range
Brush 946: bounds out of range
Brush 948: bounds out of range
Brush 950: bounds out of range
Brush 952: bounds out of range
Brush 956: bounds out of range
Brush 960: bounds out of range
Brush 962: bounds out of range
Brush 964: bounds out of range
Brush 966: bounds out of range
Brush 968: bounds out of range
fixing up env_cubemap materials on brush sides...
0...1...2...3...4...5...6...7...8...9...10WARNING: BSP node with unbounded volume (material: <NO BRUSH>, near (-2056.000000, 1032.000000, 65552.000000))
WARNING: BSP node with unbounded volume (material: <NO BRUSH>, near (8.000000, 1032.000000, 65535.992188))
WARNING: BSP node with unbounded volume (material: <NO BRUSH>, near (-1024.000000, 1024.000000, 65535.992188))
WARNING: BSP node with unbounded volume (material: <NO BRUSH>, near (8.000000, 1024.000000, 65535.992188))
WARNING: BSP node with unbounded volume (material: <NO BRUSH>, near (0.000000, 1024.000000, 65535.992188))
WARNING: BSP node with unbounded volume (material: <NO BRUSH>, near (0.000000, 1024.000000, 65535.992188))
WARNING: BSP node with unbounded volume (material: <NO BRUSH>, near (8.000000, 1024.000000, 65535.992188))
WARNING: BSP node with unbounded volume (material: <NO BRUSH>, near (8.000000, 0.000000, 65535.992188))



materialPath: D:\Steam\steamapps\common\Counter-Strike Global Offensive\csgo\materials
Loading D:\OneDrive\Desktop\csgo\hammer maps\AWP flick shot practise\flick shot practise 2\awp_practise_flick_shot.vmf
Map revision 30
Brush 906: bounds out of range
Brush 908: bounds out of range
Brush 912: bounds out of range
Brush 914: bounds out of range
Brush 916: bounds out of range
Brush 918: bounds out of range
Brush 920: bounds out of range
Brush 924: bounds out of range
Brush 928: bounds out of range
Brush 930: bounds out of range
Brush 932: bounds out of range
Brush 934: bounds out of range
Brush 936: bounds out of range
Brush 940: bounds out of range
Brush 944: bounds out of range
Brush 946: bounds out of range
Brush 948: bounds out of range
Brush 950: bounds out of range
Brush 952: bounds out of range
Brush 956: bounds out of range
Brush 960: bounds out of range
Brush 962: bounds out of range
Brush 964: bounds out of range
Brush 966: bounds out of range
Brush 968: bounds out of range
fixing up env_cubemap materials on brush sides...
0...1...2...3...4...5...6...7...8...9...10WARNING: BSP node with unbounded volume (material: <NO BRUSH>, near (-2056.000000, 1032.000000, 65552.000000))
WARNING: BSP node with unbounded volume (material: <NO BRUSH>, near (8.000000, 1032.000000, 65535.992188))
WARNING: BSP node with unbounded volume (material: <NO BRUSH>, near (-1024.000000, 1024.000000, 65535.992188))
WARNING: BSP node with unbounded volume (material: <NO BRUSH>, near (8.000000, 1024.000000, 65535.992188))
WARNING: BSP node with unbounded volume (material: <NO BRUSH>, near (0.000000, 1024.000000, 65535.992188))
WARNING: BSP node with unbounded volume (material: <NO BRUSH>, near (0.000000, 1024.000000, 65535.992188))
WARNING: BSP node with unbounded volume (material: <NO BRUSH>, near (8.000000, 1024.000000, 65535.992188))
WARNING: BSP node with unbounded volume (material: <NO BRUSH>, near (8.000000, 0.000000, 65535.992188))



materialPath: D:\Steam\steamapps\common\Counter-Strike Global Offensive\csgo\materials
Loading D:\OneDrive\Desktop\csgo\hammer maps\AWP flick shot practise\flick shot practise 2\awp_practise_flick_shot.vmf
Map revision 30
Brush 906: bounds out of range
Brush 908: bounds out of range
Brush 912: bounds out of range
Brush 914: bounds out of range
Brush 916: bounds out of range
Brush 918: bounds out of range
Brush 920: bounds out of range
Brush 924: bounds out of range
Brush 928: bounds out of range
Brush 930: bounds out of range
Brush 932: bounds out of range
Brush 934: bounds out of range
Brush 936: bounds out of range
Brush 940: bounds out of range
Brush 944: bounds out of range
Brush 946: bounds out of range
Brush 948: bounds out of range
Brush 950: bounds out of range
Brush 952: bounds out of range
Brush 956: bounds out of range
Brush 960: bounds out of range
Brush 962: bounds out of range
Brush 964: bounds out of range
Brush 966: bounds out of range
Brush 968: bounds out of range
fixing up env_cubemap materials on brush sides...
0...1...2...3...4...5...6...7...8...9...10WARNING: BSP node with unbounded volume (material: <NO BRUSH>, near (-2056.000000, 1032.000000, 65552.000000))
WARNING: BSP node with unbounded volume (material: <NO BRUSH>, near (8.000000, 1032.000000, 65535.992188))
WARNING: BSP node with unbounded volume (material: <NO BRUSH>, near (-1024.000000, 1024.000000, 65535.992188))
WARNING: BSP node with unbounded volume (material: <NO BRUSH>, near (8.000000, 1024.000000, 65535.992188))
WARNING: BSP node with unbounded volume (material: <NO BRUSH>, near (0.000000, 1024.000000, 65535.992188))
WARNING: BSP node with unbounded volume (material: <NO BRUSH>, near (0.000000, 1024.000000, 65535.992188))
WARNING: BSP node with unbounded volume (material: <NO BRUSH>, near (8.000000, 1024.000000, 65535.992188))
WARNING: BSP node with unbounded volume (material: <NO BRUSH>, near (8.000000, 0.000000, 65535.992188))



materialPath: D:\Steam\steamapps\common\Counter-Strike Global Offensive\csgo\materials
Loading D:\OneDrive\Desktop\csgo\hammer maps\AWP flick shot practise\flick shot practise 2\awp_practise_flick_shot.vmf
Map revision 31
Brush 906: bounds out of range
Brush 908: bounds out of range
Brush 912: bounds out of range
Brush 914: bounds out of range
Brush 916: bounds out of range
Brush 918: bounds out of range
Brush 920: bounds out of range
Brush 924: bounds out of range
Brush 928: bounds out of range
Brush 930: bounds out of range
Brush 932: bounds out of range
Brush 934: bounds out of range
Brush 936: bounds out of range
Brush 940: bounds out of range
Brush 944: bounds out of range
Brush 946: bounds out of range
Brush 948: bounds out of range
Brush 950: bounds out of range
Brush 952: bounds out of range
Brush 956: bounds out of range
Brush 960: bounds out of range
Brush 962: bounds out of range
Brush 964: bounds out of range
Brush 966: bounds out of range
Brush 968: bounds out of range
fixing up env_cubemap materials on brush sides...
0...1...2...3...4...5...6...7...8...9...10WARNING: BSP node with unbounded volume (material: <NO BRUSH>, near (-2056.000000, 1032.000000, 65552.000000))
WARNING: BSP node with unbounded volume (material: <NO BRUSH>, near (8.000000, 1032.000000, 65535.992188))
WARNING: BSP node with unbounded volume (material: <NO BRUSH>, near (-1024.000000, 1024.000000, 65535.992188))
WARNING: BSP node with unbounded volume (material: <NO BRUSH>, near (8.000000, 1024.000000, 65535.992188))
WARNING: BSP node with unbounded volume (material: <NO BRUSH>, near (0.000000, 1024.000000, 65535.992188))
WARNING: BSP node with unbounded volume (material: <NO BRUSH>, near (0.000000, 1024.000000, 65535.992188))
WARNING: BSP node with unbounded volume (material: <NO BRUSH>, near (8.000000, 1024.000000, 65535.992188))
WARNING: BSP node with unbounded volume (material: <NO BRUSH>, near (8.000000, 0.000000, 65535.992188))



materialPath: D:\Steam\steamapps\common\Counter-Strike Global Offensive\csgo\materials
Loading D:\OneDrive\Desktop\csgo\hammer maps\AWP flick shot practise\flick shot practise 2\awp_practise_flick_shot.vmf
Map revision 32
Brush 906: bounds out of range
Brush 908: bounds out of range
Brush 912: bounds out of range
Brush 914: bounds out of range
Brush 916: bounds out of range
Brush 918: bounds out of range
Brush 920: bounds out of range
Brush 924: bounds out of range
Brush 928: bounds out of range
Brush 930: bounds out of range
Brush 932: bounds out of range
Brush 934: bounds out of range
Brush 936: bounds out of range
Brush 940: bounds out of range
Brush 944: bounds out of range
Brush 946: bounds out of range
Brush 948: bounds out of range
Brush 950: bounds out of range
Brush 952: bounds out of range
Brush 956: bounds out of range
Brush 960: bounds out of range
Brush 962: bounds out of range
Brush 964: bounds out of range
Brush 966: bounds out of range
Brush 968: bounds out of range
fixing up env_cubemap materials on brush sides...
0...1...2...3...4...5...6...7...8...9...10WARNING: BSP node with unbounded volume (material: <NO BRUSH>, near (-2056.000000, 1032.000000, 65552.000000))
WARNING: BSP node with unbounded volume (material: <NO BRUSH>, near (8.000000, 1032.000000, 65535.992188))
WARNING: BSP node with unbounded volume (material: <NO BRUSH>, near (-1024.000000, 1024.000000, 65535.992188))
WARNING: BSP node with unbounded volume (material: <NO BRUSH>, near (8.000000, 1024.000000, 65535.992188))
WARNING: BSP node with unbounded volume (material: <NO BRUSH>, near (0.000000, 1024.000000, 65535.992188))
WARNING: BSP node with unbounded volume (material: <NO BRUSH>, near (0.000000, 1024.000000, 65535.992188))
WARNING: BSP node with unbounded volume (material: <NO BRUSH>, near (8.000000, 1024.000000, 65535.992188))
WARNING: BSP node with unbounded volume (material: <NO BRUSH>, near (8.000000, 0.000000, 65535.992188))



materialPath: D:\Steam\steamapps\common\Counter-Strike Global Offensive\csgo\materials
Loading D:\OneDrive\Desktop\csgo\hammer maps\AWP flick shot practise\flick shot practise 2\awp_practise_flick_shot.vmf
Map revision 33
Brush 906: bounds out of range
Brush 908: bounds out of range
Brush 912: bounds out of range
Brush 914: bounds out of range
Brush 916: bounds out of range
Brush 918: bounds out of range
Brush 920: bounds out of range
Brush 924: bounds out of range
Brush 928: bounds out of range
Brush 930: bounds out of range
Brush 932: bounds out of range
Brush 934: bounds out of range
Brush 936: bounds out of range
Brush 940: bounds out of range
Brush 944: bounds out of range
Brush 946: bounds out of range
Brush 948: bounds out of range
Brush 950: bounds out of range
Brush 952: bounds out of range
Brush 956: bounds out of range
Brush 960: bounds out of range
Brush 962: bounds out of range
Brush 964: bounds out of range
Brush 966: bounds out of range
Brush 968: bounds out of range
fixing up env_cubemap materials on brush sides...
0...1...2...3...4...5...6...7...8...9...10WARNING: BSP node with unbounded volume (material: <NO BRUSH>, near (-2056.000000, 1032.000000, 65552.000000))
WARNING: BSP node with unbounded volume (material: <NO BRUSH>, near (8.000000, 1032.000000, 65535.992188))
WARNING: BSP node with unbounded volume (material: <NO BRUSH>, near (-1024.000000, 1024.000000, 65535.992188))
WARNING: BSP node with unbounded volume (material: <NO BRUSH>, near (8.000000, 1024.000000, 65535.992188))
WARNING: BSP node with unbounded volume (material: <NO BRUSH>, near (0.000000, 1024.000000, 65535.992188))
WARNING: BSP node with unbounded volume (material: <NO BRUSH>, near (0.000000, 1024.000000, 65535.992188))
WARNING: BSP node with unbounded volume (material: <NO BRUSH>, near (8.000000, 1024.000000, 65535.992188))
WARNING: BSP node with unbounded volume (material: <NO BRUSH>, near (8.000000, 0.000000, 65535.992188))



materialPath: D:\Steam\steamapps\common\Counter-Strike Global Offensive\csgo\materials
Loading D:\OneDrive\Desktop\csgo\hammer maps\AWP flick shot practise\flick shot practise 2\awp_practise_flick_shot.vmf
Map revision 34
fixing up env_cubemap materials on brush sides...
0...1...2...3...4...5...6...7...8...9...100...1...2...3...4...5...6...7...8...9...10Processing areas...done (0)
Building Faces...done (0)
FixTjuncs...
PruneNodes...
WriteBSP...
done (0)
writing D:\OneDrive\Desktop\csgo\hammer maps\AWP flick shot practise\flick shot practise 2\awp_practise_flick_shot.prt...Building visibility clusters...
AutoVisClustering (threshold=-1) matched 0 leafs.
done (0)
Finding displacement neighbors...
Finding lightmap sample positions...
Displacement Alpha : 0...1...2...3...4...5...6...7...8...9...10
Building Physics collision data...
done (0) (20438 bytes)
Placing detail props : 0...1...2...3...4...5...6...7...8...9...10
Compacting texture/material tables...
Reduced 11 texinfos to 8
Reduced 2 texdatas to 2 (44 bytes to 44)
Writing D:\OneDrive\Desktop\csgo\hammer maps\AWP flick shot practise\flick shot practise 2\awp_practise_flick_shot.bsp
MSG_FILEWRITE - Filesystem was asked to write to 'd:\onedrive\desktop\csgo\hammer maps\awp flick shot practise\flick shot practise 2\awp_practise_flick_shot.bsp', but we don't own that location. Allowing...
0 seconds elapsed



16 threads
reading d:\onedrive\desktop\csgo\hammer maps\awp flick shot practise\flick shot practise 2\awp_practise_flick_shot.bsp
reading d:\onedrive\desktop\csgo\hammer maps\awp flick shot practise\flick shot practise 2\awp_practise_flick_shot.prt
   2 portalclusters
   1 numportals
0...1...2...3...4...5...6...7...8...9...100...1...2...3...4...5...6...7...8...9...10Optimized: 0 visible clusters (0.00%)
Total clusters visible: 4
Average clusters visible: 2
Building PAS...
Average clusters audible: 2
visdatasize:24  compressed from 32
writing d:\onedrive\desktop\csgo\hammer maps\awp flick shot practise\flick shot practise 2\awp_practise_flick_shot.bsp
MSG_FILEWRITE - Filesystem was asked to write to 'd:\onedrive\desktop\csgo\hammer maps\awp flick shot practise\flick shot practise 2\awp_practise_flick_shot.bsp', but we don't own that location. Allowing...
0 seconds elapsed



[Reading texlights from 'lights.rad']
[17 texlights parsed from 'lights.rad']

Loading d:\onedrive\desktop\csgo\hammer maps\awp flick shot practise\flick shot practise 2\awp_practise_flick_shot.bsp
74 faces
5034 square feet [725006.69 square inches]
0 Displacements
0 Square Feet [0.00 Square Inches]
74 patches before subdivision
446 patches after subdivision
2 direct lights
0...1...2...3...4...5...6...7...8...9...100...1...2...3...4...5...6...7...8...9...10transfers 34944, max 164
transfer lists:   0.3 megs
0...1...2...3...4...5...6...7...8...9...10	Bounce #1 added RGB(0, 0, 0)
Build Patch/Sample Hash Table(s).....Done<0.0001 sec>
0...1...2...3...4...5...6...7...8...9...10FinalLightFace Done
0 of 0 (0% of) surface lights went in leaf ambient cubes.
0...1...2...3...4...5...6...7...8...9...10Writing leaf ambient...done
Ready to Finish

Object names       Objects/Maxobjs  Memory / Maxmem  Fullness 
------------       ---------------  ---------------  -------- 
models                   3/1024          144/49152    ( 0.3%) 
brushes                 41/8192          492/98304    ( 0.5%) 
brushsides             509/81920        4072/655360   ( 0.6%) 
planes                 608/65536       12160/1310720  ( 0.9%) 
vertexes               245/65536        2940/786432   ( 0.4%) 
nodes                   72/65536        2304/2097152  ( 0.1%) 
texinfos                 8/12288         576/884736   ( 0.1%) 
texdata                  2/4096           64/131072   ( 0.0%) 
dispinfos                0/0               0/0        ( 0.0%) 
disp_verts               0/0               0/0        ( 0.0%) 
disp_tris                0/0               0/0        ( 0.0%) 
disp_multiblend          0/0               0/0        ( 0.0%) 
disp_lmsamples           0/0               0/0        ( 0.0%) 
faces                   74/65536        4144/3670016  ( 0.1%) 
hdr faces                0/65536           0/3670016  ( 0.0%) 
origfaces               70/65536        3920/3670016  ( 0.1%) 
facebrushes              2/0               4/0        ( 0.0%) 
facebrushlists          74/0             296/0        ( 0.0%) 
leaves                  76/65536        2432/2097152  ( 0.1%) 
leaffaces               74/65536         148/131072   ( 0.1%) 
leafbrushes             49/65536          98/131072   ( 0.1%) 
areas                    2/1024           16/8192     ( 0.2%) 
surfedges              712/512000       2848/2048000  ( 0.1%) 
edges                  468/256000       1872/1024000  ( 0.2%) 
LDR worldlights          2/8192          200/819200   ( 0.0%) 
HDR worldlights          0/8192            0/819200   ( 0.0%) 
leafwaterdata            0/32768           0/393216   ( 0.0%) 
waterstrips              0/32768           0/327680   ( 0.0%) 
waterverts               0/65536           0/786432   ( 0.0%) 
waterindices             0/65536           0/131072   ( 0.0%) 
cubemapsamples           0/1024            0/16384    ( 0.0%) 
overlays                 0/1024            0/360448   ( 0.0%) 
LDR lightdata         [variable]       24048/0        ( 0.0%) 
HDR lightdata         [variable]           0/0        ( 0.0%) 
visdata               [variable]          24/16777216 ( 0.0%) 
entdata               [variable]        6367/393216   ( 1.6%) 
LDR ambient table       76/65536         304/262144   ( 0.1%) 
HDR ambient table       76/65536         304/262144   ( 0.1%) 
LDR leaf ambient        23/65536         644/1835008  ( 0.0%) 
HDR leaf ambient        76/65536        2128/1835008  ( 0.1%) 
occluders                0/0               0/0        ( 0.0%) 
occluder polygons        0/0               0/0        ( 0.0%) 
occluder vert ind        0/0               0/0        ( 0.0%) 
detail props          [variable]           1/12       ( 8.3%) 
static props          [variable]           1/12       ( 8.3%) 
pakfile               [variable]       74490/0        ( 0.0%) 
physics               [variable]       20438/4194304  ( 0.5%) 
physics terrain       [variable]           2/1048576  ( 0.0%) 

Level flags = 7c

Total triangle count: 224
Writing d:\onedrive\desktop\csgo\hammer maps\awp flick shot practise\flick shot practise 2\awp_practise_flick_shot.bsp
MSG_FILEWRITE - Filesystem was asked to write to 'd:\onedrive\desktop\csgo\hammer maps\awp flick shot practise\flick shot practise 2\awp_practise_flick_shot.bsp', but we don't own that location. Allowing...
0 seconds elapsed



materialPath: D:\Steam\steamapps\common\Counter-Strike Global Offensive\csgo\materials
Loading D:\OneDrive\Desktop\csgo\hammer maps\AWP flick shot practise\flick shot practise 2\awp_practise_flick_shot.vmf
Map revision 36
fixing up env_cubemap materials on brush sides...
0...1...2...3...4...5...6...7...8...9...100...1...2...3...4...5...6...7...8...9...10Processing areas...done (0)
Building Faces...done (0)
Chop Details...done (0)
Find Visible Detail Sides...done (0)
Merging details...done (0)
FixTjuncs...
PruneNodes...
WriteBSP...
done (0)
writing D:\OneDrive\Desktop\csgo\hammer maps\AWP flick shot practise\flick shot practise 2\awp_practise_flick_shot.prt...Building visibility clusters...
AutoVisClustering (threshold=-1) matched 0 leafs.
done (0)
Finding displacement neighbors...
Finding lightmap sample positions...
Displacement Alpha : 0...1...2...3...4...5...6...7...8...9...10
Building Physics collision data...
done (0) (24978 bytes)
Placing detail props : 0...1...2...3...4...5...6...7...8...9...10
Compacting texture/material tables...
Reduced 17 texinfos to 10
Reduced 4 texdatas to 4 (78 bytes to 78)
Writing D:\OneDrive\Desktop\csgo\hammer maps\AWP flick shot practise\flick shot practise 2\awp_practise_flick_shot.bsp
MSG_FILEWRITE - Filesystem was asked to write to 'd:\onedrive\desktop\csgo\hammer maps\awp flick shot practise\flick shot practise 2\awp_practise_flick_shot.bsp', but we don't own that location. Allowing...
0 seconds elapsed



16 threads
reading d:\onedrive\desktop\csgo\hammer maps\awp flick shot practise\flick shot practise 2\awp_practise_flick_shot.bsp
reading d:\onedrive\desktop\csgo\hammer maps\awp flick shot practise\flick shot practise 2\awp_practise_flick_shot.prt
   2 portalclusters
   1 numportals
0...1...2...3...4...5...6...7...8...9...100...1...2...3...4...5...6...7...8...9...10Optimized: 0 visible clusters (0.00%)
Total clusters visible: 4
Average clusters visible: 2
Building PAS...
Average clusters audible: 2
visdatasize:24  compressed from 32
writing d:\onedrive\desktop\csgo\hammer maps\awp flick shot practise\flick shot practise 2\awp_practise_flick_shot.bsp
MSG_FILEWRITE - Filesystem was asked to write to 'd:\onedrive\desktop\csgo\hammer maps\awp flick shot practise\flick shot practise 2\awp_practise_flick_shot.bsp', but we don't own that location. Allowing...
0 seconds elapsed



[Reading texlights from 'lights.rad']
[17 texlights parsed from 'lights.rad']

Loading d:\onedrive\desktop\csgo\hammer maps\awp flick shot practise\flick shot practise 2\awp_practise_flick_shot.bsp
74 faces
5034 square feet [725006.69 square inches]
0 Displacements
0 Square Feet [0.00 Square Inches]
74 patches before subdivision
362 patches after subdivision
2 direct lights
0...1...2...3...4...5...6...7...8...9...100...1...2...3...4...5...6...7...8...9...10transfers 22821, max 140
transfer lists:   0.2 megs
0...1...2...3...4...5...6...7...8...9...10	Bounce #1 added RGB(6029, 1695, 17)
0...1...2...3...4...5...6...7...8...9...10	Bounce #2 added RGB(3220, 254, 0)
0...1...2...3...4...5...6...7...8...9...10	Bounce #3 added RGB(1827, 41, 0)
0...1...2...3...4...5...6...7...8...9...10	Bounce #4 added RGB(1023, 6, 0)
0...1...2...3...4...5...6...7...8...9...10	Bounce #5 added RGB(576, 1, 0)
0...1...2...3...4...5...6...7...8...9...10	Bounce #6 added RGB(324, 0, 0)
0...1...2...3...4...5...6...7...8...9...10	Bounce #7 added RGB(182, 0, 0)
0...1...2...3...4...5...6...7...8...9...10	Bounce #8 added RGB(102, 0, 0)
0...1...2...3...4...5...6...7...8...9...10	Bounce #9 added RGB(58, 0, 0)
0...1...2...3...4...5...6...7...8...9...10	Bounce #10 added RGB(32, 0, 0)
0...1...2...3...4...5...6...7...8...9...10	Bounce #11 added RGB(18, 0, 0)
0...1...2...3...4...5...6...7...8...9...10	Bounce #12 added RGB(10, 0, 0)
0...1...2...3...4...5...6...7...8...9...10	Bounce #13 added RGB(6, 0, 0)
0...1...2...3...4...5...6...7...8...9...10	Bounce #14 added RGB(3, 0, 0)
0...1...2...3...4...5...6...7...8...9...10	Bounce #15 added RGB(2, 0, 0)
0...1...2...3...4...5...6...7...8...9...10	Bounce #16 added RGB(1, 0, 0)
0...1...2...3...4...5...6...7...8...9...10	Bounce #17 added RGB(1, 0, 0)
Build Patch/Sample Hash Table(s).....Done<0.0001 sec>
0...1...2...3...4...5...6...7...8...9...10FinalLightFace Done
0 of 0 (0% of) surface lights went in leaf ambient cubes.
0...1...2...3...4...5...6...7...8...9...10Writing leaf ambient...done
Ready to Finish

Object names       Objects/Maxobjs  Memory / Maxmem  Fullness 
------------       ---------------  ---------------  -------- 
models                   3/1024          144/49152    ( 0.3%) 
brushes                 49/8192          588/98304    ( 0.6%) 
brushsides             589/81920        4712/655360   ( 0.7%) 
planes                 656/65536       13120/1310720  ( 1.0%) 
vertexes               245/65536        2940/786432   ( 0.4%) 
nodes                   72/65536        2304/2097152  ( 0.1%) 
texinfos                10/12288         720/884736   ( 0.1%) 
texdata                  4/4096          128/131072   ( 0.1%) 
dispinfos                0/0               0/0        ( 0.0%) 
disp_verts               0/0               0/0        ( 0.0%) 
disp_tris                0/0               0/0        ( 0.0%) 
disp_multiblend          0/0               0/0        ( 0.0%) 
disp_lmsamples           0/0               0/0        ( 0.0%) 
faces                   74/65536        4144/3670016  ( 0.1%) 
hdr faces                0/65536           0/3670016  ( 0.0%) 
origfaces               70/65536        3920/3670016  ( 0.1%) 
facebrushes              2/0               4/0        ( 0.0%) 
facebrushlists          74/0             296/0        ( 0.0%) 
leaves                  76/65536        2432/2097152  ( 0.1%) 
leaffaces               74/65536         148/131072   ( 0.1%) 
leafbrushes             55/65536         110/131072   ( 0.1%) 
areas                    2/1024           16/8192     ( 0.2%) 
surfedges              712/512000       2848/2048000  ( 0.1%) 
edges                  468/256000       1872/1024000  ( 0.2%) 
LDR worldlights          2/8192          200/819200   ( 0.0%) 
HDR worldlights          0/8192            0/819200   ( 0.0%) 
leafwaterdata            0/32768           0/393216   ( 0.0%) 
waterstrips              0/32768           0/327680   ( 0.0%) 
waterverts               0/65536           0/786432   ( 0.0%) 
waterindices             0/65536           0/131072   ( 0.0%) 
cubemapsamples           0/1024            0/16384    ( 0.0%) 
overlays                 0/1024            0/360448   ( 0.0%) 
LDR lightdata         [variable]       19440/0        ( 0.0%) 
HDR lightdata         [variable]           0/0        ( 0.0%) 
visdata               [variable]          24/16777216 ( 0.0%) 
entdata               [variable]        6367/393216   ( 1.6%) 
LDR ambient table       76/65536         304/262144   ( 0.1%) 
HDR ambient table       76/65536         304/262144   ( 0.1%) 
LDR leaf ambient        53/65536        1484/1835008  ( 0.1%) 
HDR leaf ambient        76/65536        2128/1835008  ( 0.1%) 
occluders                0/0               0/0        ( 0.0%) 
occluder polygons        0/0               0/0        ( 0.0%) 
occluder vert ind        0/0               0/0        ( 0.0%) 
detail props          [variable]           1/12       ( 8.3%) 
static props          [variable]           1/12       ( 8.3%) 
pakfile               [variable]       74490/0        ( 0.0%) 
physics               [variable]       24978/4194304  ( 0.6%) 
physics terrain       [variable]           2/1048576  ( 0.0%) 

Level flags = 7c

Total triangle count: 224
Writing d:\onedrive\desktop\csgo\hammer maps\awp flick shot practise\flick shot practise 2\awp_practise_flick_shot.bsp
MSG_FILEWRITE - Filesystem was asked to write to 'd:\onedrive\desktop\csgo\hammer maps\awp flick shot practise\flick shot practise 2\awp_practise_flick_shot.bsp', but we don't own that location. Allowing...
0 seconds elapsed
