


materialPath: D:\Steam\steamapps\common\Counter-Strike Global Offensive\csgo\materials
Loading D:\OneDrive\Desktop\csgo\hammer maps\Target Secured\Target Secured\achievement_target_secured.vmf
Map revision 39
fixing up env_cubemap materials on brush sides...
0...1...2...3...4...5...6...7...8...9...100...1...2...3...4...5...6...7...8...9...10Processing areas...done (0)
Building Faces...done (0)
Chop Details...done (0)
Find Visible Detail Sides...done (0)
Merging details...done (0)
FixTjuncs...
PruneNodes...
WriteBSP...
done (0)
writing D:\OneDrive\Desktop\csgo\hammer maps\Target Secured\Target Secured\achievement_target_secured.prt...Building visibility clusters...
AutoVisClustering (threshold=-1) matched 0 leafs.
done (0)
Finding displacement neighbors...
Finding lightmap sample positions...
Displacement Alpha : 0...1...2...3...4...5...6...7...8...9...10
Building Physics collision data...
done (0) (18347 bytes)
Placing detail props : 0...1...2...3...4...5...6...7...8...9...10
Compacting texture/material tables...
Reduced 41 texinfos to 31
Reduced 5 texdatas to 5 (104 bytes to 104)
Writing D:\OneDrive\Desktop\csgo\hammer maps\Target Secured\Target Secured\achievement_target_secured.bsp
MSG_FILEWRITE - Filesystem was asked to write to 'd:\onedrive\desktop\csgo\hammer maps\target secured\target secured\achievement_target_secured.bsp', but we don't own that location. Allowing...
0 seconds elapsed



16 threads
reading d:\onedrive\desktop\csgo\hammer maps\target secured\target secured\achievement_target_secured.bsp
reading d:\onedrive\desktop\csgo\hammer maps\target secured\target secured\achievement_target_secured.prt
   6 portalclusters
   1 numportals
0...1...2...3...4...5...6...7...8...9...100...1...2...3...4...5...6...7...8...9...10Optimized: 0 visible clusters (0.00%)
Total clusters visible: 8
Average clusters visible: 1
Building PAS...
Average clusters audible: 1
visdatasize:64  compressed from 96
writing d:\onedrive\desktop\csgo\hammer maps\target secured\target secured\achievement_target_secured.bsp
MSG_FILEWRITE - Filesystem was asked to write to 'd:\onedrive\desktop\csgo\hammer maps\target secured\target secured\achievement_target_secured.bsp', but we don't own that location. Allowing...
0 seconds elapsed



[Reading texlights from 'lights.rad']
[17 texlights parsed from 'lights.rad']

Loading d:\onedrive\desktop\csgo\hammer maps\target secured\target secured\achievement_target_secured.bsp
106 faces
10200 square feet [1468800.00 square inches]
0 Displacements
0 Square Feet [0.00 Square Inches]
106 patches before subdivision
640 patches after subdivision
2 direct lights
0...1...2...3...4...5...6...7...8...9...100...1...2...3...4...5...6...7...8...9...10transfers 12230, max 88
transfer lists:   0.1 megs
0...1...2...3...4...5...6...7...8...9...10	Bounce #1 added RGB(2870, 807, 8)
0...1...2...3...4...5...6...7...8...9...10	Bounce #2 added RGB(2118, 167, 0)
0...1...2...3...4...5...6...7...8...9...10	Bounce #3 added RGB(1392, 31, 0)
0...1...2...3...4...5...6...7...8...9...10	Bounce #4 added RGB(940, 6, 0)
0...1...2...3...4...5...6...7...8...9...10	Bounce #5 added RGB(627, 1, 0)
0...1...2...3...4...5...6...7...8...9...10	Bounce #6 added RGB(419, 0, 0)
0...1...2...3...4...5...6...7...8...9...10	Bounce #7 added RGB(280, 0, 0)
0...1...2...3...4...5...6...7...8...9...10	Bounce #8 added RGB(187, 0, 0)
0...1...2...3...4...5...6...7...8...9...10	Bounce #9 added RGB(124, 0, 0)
0...1...2...3...4...5...6...7...8...9...10	Bounce #10 added RGB(83, 0, 0)
0...1...2...3...4...5...6...7...8...9...10	Bounce #11 added RGB(55, 0, 0)
0...1...2...3...4...5...6...7...8...9...10	Bounce #12 added RGB(37, 0, 0)
0...1...2...3...4...5...6...7...8...9...10	Bounce #13 added RGB(25, 0, 0)
0...1...2...3...4...5...6...7...8...9...10	Bounce #14 added RGB(16, 0, 0)
0...1...2...3...4...5...6...7...8...9...10	Bounce #15 added RGB(11, 0, 0)
0...1...2...3...4...5...6...7...8...9...10	Bounce #16 added RGB(7, 0, 0)
0...1...2...3...4...5...6...7...8...9...10	Bounce #17 added RGB(5, 0, 0)
0...1...2...3...4...5...6...7...8...9...10	Bounce #18 added RGB(3, 0, 0)
0...1...2...3...4...5...6...7...8...9...10	Bounce #19 added RGB(2, 0, 0)
0...1...2...3...4...5...6...7...8...9...10	Bounce #20 added RGB(1, 0, 0)
0...1...2...3...4...5...6...7...8...9...10	Bounce #21 added RGB(1, 0, 0)
Build Patch/Sample Hash Table(s).....Done<0.0001 sec>
0...1...2...3...4...5...6...7...8...9...10FinalLightFace Done
0 of 0 (0% of) surface lights went in leaf ambient cubes.
0...1...2...3...4...5...6...7...8...9...10Writing leaf ambient...done
Ready to Finish

Object names       Objects/Maxobjs  Memory / Maxmem  Fullness 
------------       ---------------  ---------------  -------- 
models                  13/1024          624/49152    ( 1.3%) 
brushes                 40/8192          480/98304    ( 0.5%) 
brushsides             246/81920        1968/655360   ( 0.3%) 
planes                 150/65536        3000/1310720  ( 0.2%) 
vertexes               183/65536        2196/786432   ( 0.3%) 
nodes                   92/65536        2944/2097152  ( 0.1%) 
texinfos                31/12288        2232/884736   ( 0.3%) 
texdata                  5/4096          160/131072   ( 0.1%) 
dispinfos                0/0               0/0        ( 0.0%) 
disp_verts               0/0               0/0        ( 0.0%) 
disp_tris                0/0               0/0        ( 0.0%) 
disp_multiblend          0/0               0/0        ( 0.0%) 
disp_lmsamples           0/0               0/0        ( 0.0%) 
faces                  106/65536        5936/3670016  ( 0.2%) 
hdr faces                0/65536           0/3670016  ( 0.0%) 
origfaces               96/65536        5376/3670016  ( 0.1%) 
facebrushes              0/0               0/0        ( 0.0%) 
facebrushlists         106/0             424/0        ( 0.0%) 
leaves                 106/65536        3392/2097152  ( 0.2%) 
leaffaces              107/65536         214/131072   ( 0.2%) 
leafbrushes             41/65536          82/131072   ( 0.1%) 
areas                    6/1024           48/8192     ( 0.6%) 
surfedges              812/512000       3248/2048000  ( 0.2%) 
edges                  446/256000       1784/1024000  ( 0.2%) 
LDR worldlights          2/8192          200/819200   ( 0.0%) 
HDR worldlights          0/8192            0/819200   ( 0.0%) 
leafwaterdata            0/32768           0/393216   ( 0.0%) 
waterstrips              1/32768          10/327680   ( 0.0%) 
waterverts               0/65536           0/786432   ( 0.0%) 
waterindices            12/65536          24/131072   ( 0.0%) 
cubemapsamples           0/1024            0/16384    ( 0.0%) 
overlays                 0/1024            0/360448   ( 0.0%) 
LDR lightdata         [variable]       30420/0        ( 0.0%) 
HDR lightdata         [variable]           0/0        ( 0.0%) 
visdata               [variable]          64/16777216 ( 0.0%) 
entdata               [variable]        9025/393216   ( 2.3%) 
LDR ambient table      106/65536         424/262144   ( 0.2%) 
HDR ambient table      106/65536         424/262144   ( 0.2%) 
LDR leaf ambient       409/65536       11452/1835008  ( 0.6%) 
HDR leaf ambient       106/65536        2968/1835008  ( 0.2%) 
occluders                0/0               0/0        ( 0.0%) 
occluder polygons        0/0               0/0        ( 0.0%) 
occluder vert ind        0/0               0/0        ( 0.0%) 
detail props          [variable]           1/12       ( 8.3%) 
static props          [variable]           1/12       ( 8.3%) 
pakfile               [variable]       74502/0        ( 0.0%) 
physics               [variable]       18347/4194304  ( 0.4%) 
physics terrain       [variable]           2/1048576  ( 0.0%) 

Level flags = 7c

Total triangle count: 216
Writing d:\onedrive\desktop\csgo\hammer maps\target secured\target secured\achievement_target_secured.bsp
MSG_FILEWRITE - Filesystem was asked to write to 'd:\onedrive\desktop\csgo\hammer maps\target secured\target secured\achievement_target_secured.bsp', but we don't own that location. Allowing...
0 seconds elapsed
