PRT1
28
39
4 0 1 (0 864 -696 ) (0 864 -520 ) (0 1016 -520 ) (0 1016 -696 ) 
4 1 6 (-8 864 -688 ) (-248 864 -688 ) (-248 864 -696 ) (-8 864 -696 ) 
4 1 3 (-8 864 -528 ) (-248 864 -528 ) (-248 864 -688 ) (-8 864 -688 ) 
4 1 2 (-8 864 -520 ) (-248 864 -520 ) (-248 864 -528 ) (-8 864 -528 ) 
4 2 12 (-247 0 -520 ) (-248 0 -520 ) (-248 0 -528 ) (-247 0 -528 ) 
4 2 7 (-8 0 -520 ) (-9 0 -520 ) (-9 0 -528 ) (-8 0 -528 ) 
4 2 11 (-9 0 -520 ) (-247 0 -520 ) (-247 0 -528 ) (-9 0 -528 ) 
4 2 3 (-8 0 -528 ) (-248 0 -528 ) (-248 864 -528 ) (-8 864 -528 ) 
4 3 12 (-247 0 -528 ) (-248 0 -528 ) (-248 0 -688 ) (-247 0 -688 ) 
4 3 7 (-8 0 -528 ) (-9 0 -528 ) (-9 0 -688 ) (-8 0 -688 ) 
4 3 11 (-9 0 -528 ) (-247 0 -528 ) (-247 0 -688 ) (-9 0 -688 ) 
4 3 6 (-248 864 -688 ) (-8 864 -688 ) (-8 0 -688 ) (-248 0 -688 ) 
4 6 12 (-247 0 -688 ) (-248 0 -688 ) (-248 0 -696 ) (-247 0 -696 ) 
4 6 7 (-8 0 -688 ) (-9 0 -688 ) (-9 0 -696 ) (-8 0 -696 ) 
4 6 11 (-9 0 -688 ) (-247 0 -688 ) (-247 0 -696 ) (-9 0 -696 ) 
4 7 11 (-9 0 -696 ) (-9 -131 -696 ) (-9 -131 -520 ) (-9 0 -520 ) 
4 8 11 (-9 -135 -696 ) (-9 -515 -696 ) (-9 -515 -520 ) (-9 -135 -520 ) 
4 9 11 (-9 -519 -696 ) (-9 -899 -696 ) (-9 -899 -520 ) (-9 -519 -520 ) 
4 10 16 (-8 -1024 -520 ) (-9 -1024 -520 ) (-9 -1024 -696 ) (-8 -1024 -696 ) 
4 10 11 (-9 -903 -696 ) (-9 -1024 -696 ) (-9 -1024 -520 ) (-9 -903 -520 ) 
4 11 19 (-9 -1024 -520 ) (-247 -1024 -520 ) (-247 -1024 -696 ) (-9 -1024 -696 ) 
4 11 15 (-247 -904 -696 ) (-247 -1024 -696 ) (-247 -1024 -520 ) (-247 -904 -520 ) 
4 11 13 (-247 -136 -696 ) (-247 -516 -696 ) (-247 -516 -520 ) (-247 -136 -520 ) 
4 11 14 (-247 -520 -696 ) (-247 -900 -696 ) (-247 -900 -520 ) (-247 -520 -520 ) 
4 11 12 (-247 0 -696 ) (-247 -132 -696 ) (-247 -132 -520 ) (-247 0 -520 ) 
4 15 20 (-247 -1024 -520 ) (-248 -1024 -520 ) (-248 -1024 -696 ) (-247 -1024 -696 ) 
4 16 19 (-9 -1024 -696 ) (-9 -1283 -696 ) (-9 -1283 -520 ) (-9 -1024 -520 ) 
4 17 19 (-9 -1287 -696 ) (-9 -1667 -696 ) (-9 -1667 -520 ) (-9 -1287 -520 ) 
4 18 23 (-8 -2048 -520 ) (-9 -2048 -520 ) (-9 -2048 -696 ) (-8 -2048 -696 ) 
4 18 19 (-9 -1671 -696 ) (-9 -2048 -696 ) (-9 -2048 -520 ) (-9 -1671 -520 ) 
4 19 25 (-9 -2048 -520 ) (-247 -2048 -520 ) (-247 -2048 -696 ) (-9 -2048 -696 ) 
4 19 22 (-247 -1672 -696 ) (-247 -2048 -696 ) (-247 -2048 -520 ) (-247 -1672 -520 ) 
4 19 20 (-247 -1024 -696 ) (-247 -1284 -696 ) (-247 -1284 -520 ) (-247 -1024 -520 ) 
4 19 21 (-247 -1288 -696 ) (-247 -1668 -696 ) (-247 -1668 -520 ) (-247 -1288 -520 ) 
4 22 26 (-247 -2048 -520 ) (-248 -2048 -520 ) (-248 -2048 -696 ) (-247 -2048 -696 ) 
4 23 25 (-9 -2048 -696 ) (-9 -2051 -696 ) (-9 -2051 -520 ) (-9 -2048 -520 ) 
4 24 25 (-9 -2055 -696 ) (-9 -2432 -696 ) (-9 -2432 -520 ) (-9 -2055 -520 ) 
4 25 26 (-247 -2048 -696 ) (-247 -2052 -696 ) (-247 -2052 -520 ) (-247 -2048 -520 ) 
4 25 27 (-247 -2056 -696 ) (-247 -2432 -696 ) (-247 -2432 -520 ) (-247 -2056 -520 ) 
