PRT1
108
231
4 0 19 (0 1024 -414.747009 ) (0 1024 -421.691986 ) (356 1024 -421.691986 ) (356 1024 -414.747009 ) 
4 0 8 (30.608603 1024 -296.679016 ) (0 1024 -296.679016 ) (0 1024 -414.747009 ) (30.608603 1024 -414.747009 ) 
4 0 5 (197.565002 1024 -296.679016 ) (30.608603 1024 -296.679016 ) (30.608603 1024 -414.747009 ) (197.565002 1024 -414.747009 ) 
4 0 4 (239.304001 1024 -296.679016 ) (197.565002 1024 -296.679016 ) (197.565002 1024 -414.747009 ) (239.304001 1024 -414.747009 ) 
4 0 3 (356 1024 -296.679016 ) (239.304001 1024 -296.679016 ) (239.304001 1024 -414.747009 ) (356 1024 -414.747009 ) 
4 0 1 (0 1024 -421.691986 ) (0 1024 -296.679016 ) (0 1162.280029 -296.679016 ) (0 1162.280029 -421.691986 ) 
4 1 59 (0 1024 -421.691986 ) (0 1024 -414.747009 ) (-1024 1024 -414.747009 ) (-1024 1024 -421.691986 ) 
4 1 51 (-804.174011 1024 -296.679016 ) (-845.913025 1024 -296.679016 ) (-845.913025 1024 -414.747009 ) (-804.174011 1024 -414.747009 ) 
4 1 52 (-845.913025 1024 -296.679016 ) (-1024 1024 -296.679016 ) (-1024 1024 -414.747009 ) (-845.913025 1024 -414.747009 ) 
4 1 48 (-637.216980 1024 -296.679016 ) (-804.174011 1024 -296.679016 ) (-804.174011 1024 -414.747009 ) (-637.216980 1024 -414.747009 ) 
4 1 47 (-595.478027 1024 -296.679016 ) (-637.216980 1024 -296.679016 ) (-637.216980 1024 -414.747009 ) (-595.478027 1024 -414.747009 ) 
4 1 44 (-428.522034 1024 -296.679016 ) (-595.478027 1024 -296.679016 ) (-595.478027 1024 -414.747009 ) (-428.522034 1024 -414.747009 ) 
4 1 43 (-386.783020 1024 -296.679016 ) (-428.522034 1024 -296.679016 ) (-428.522034 1024 -414.747009 ) (-386.783020 1024 -414.747009 ) 
4 1 40 (-271.347992 1024 -296.679016 ) (-386.783020 1024 -296.679016 ) (-386.783020 1024 -414.747009 ) (-271.347992 1024 -414.747009 ) 
4 1 38 (-219.826019 1024 -296.679016 ) (-271.347992 1024 -296.679016 ) (-271.347992 1024 -414.747009 ) (-219.826019 1024 -414.747009 ) 
4 1 37 (-178.087006 1024 -296.679016 ) (-219.826019 1024 -296.679016 ) (-219.826019 1024 -414.747009 ) (-178.087006 1024 -414.747009 ) 
4 1 34 (-11.130400 1024 -296.679016 ) (-178.087006 1024 -296.679016 ) (-178.087006 1024 -414.747009 ) (-11.130400 1024 -414.747009 ) 
4 1 33 (0 1024 -414.747009 ) (0 1024 -296.679016 ) (-11.130400 1024 -296.679016 ) (-11.130400 1024 -414.747009 ) 
4 1 2 (-1024 1024 -421.691986 ) (-1024 1024 -296.679016 ) (-1024 1162.280029 -296.679016 ) (-1024 1162.280029 -421.691986 ) 
4 2 71 (-1024 1024 -421.691986 ) (-1024 1024 -414.747009 ) (-1380 1024 -414.747009 ) (-1380 1024 -421.691986 ) 
4 2 70 (-1263.300049 1024 -296.679016 ) (-1380 1024 -296.679016 ) (-1380 1024 -414.747009 ) (-1263.300049 1024 -414.747009 ) 
4 2 69 (-1221.570068 1024 -296.679016 ) (-1263.300049 1024 -296.679016 ) (-1263.300049 1024 -414.747009 ) (-1221.570068 1024 -414.747009 ) 
4 2 60 (-1024 1024 -414.747009 ) (-1024 1024 -296.679016 ) (-1221.570068 1024 -296.679016 ) (-1221.570068 1024 -414.747009 ) 
4 3 19 (239.304001 1024 -414.747009 ) (356 1024 -414.747009 ) (356 576 -414.747009 ) (239.304001 576 -414.747009 ) 
4 3 9 (239.304001 401.066986 -414.747009 ) (356 401.066986 -414.747009 ) (356 401.066986 -296.679016 ) (239.304001 401.066986 -296.679016 ) 
4 3 4 (239.304001 1024 -414.747009 ) (239.304001 490.666992 -414.747009 ) (239.304001 490.666992 -296.679016 ) (239.304001 1024 -296.679016 ) 
4 4 19 (197.565002 1024 -414.747009 ) (239.304001 1024 -414.747009 ) (239.304001 576 -414.747009 ) (197.565002 576 -414.747009 ) 
4 4 5 (197.565002 1024 -414.747009 ) (197.565002 490.666992 -414.747009 ) (197.565002 490.666992 -296.679016 ) (197.565002 1024 -296.679016 ) 
4 5 19 (30.608603 1024 -414.747009 ) (197.565002 1024 -414.747009 ) (197.565002 576 -414.747009 ) (30.608603 576 -414.747009 ) 
4 5 8 (30.608603 1024 -414.747009 ) (30.608603 490.666992 -414.747009 ) (30.608603 490.666992 -296.679016 ) (30.608603 1024 -296.679016 ) 
4 5 6 (89.304306 447.040985 -414.747009 ) (138.869995 447.040985 -414.747009 ) (138.869995 447.040985 -296.679016 ) (89.304306 447.040985 -296.679016 ) 
4 6 7 (89.304306 434.908020 -414.747009 ) (138.869995 434.908020 -414.747009 ) (138.869995 434.908020 -296.679016 ) (89.304306 434.908020 -296.679016 ) 
4 7 10 (30.608603 401.066986 -414.747009 ) (197.565002 401.066986 -414.747009 ) (197.565002 401.066986 -296.679016 ) (30.608603 401.066986 -296.679016 ) 
4 8 33 (0 1024 -296.679016 ) (0 1024 -414.747009 ) (0 490.666992 -414.747009 ) (0 490.666992 -296.679016 ) 
4 8 19 (0 576 -414.747009 ) (0 1024 -414.747009 ) (30.608603 1024 -414.747009 ) (30.608603 576 -414.747009 ) 
4 9 20 (356 0 -296.679016 ) (239.304001 0 -296.679016 ) (239.304001 0 -414.747009 ) (356 0 -414.747009 ) 
4 10 55 (0 401.066986 -414.747009 ) (0 390.778992 -414.747009 ) (0 390.778992 -384.144989 ) (0 401.066986 -384.144989 ) 
4 10 53 (0 390.778992 -384.144989 ) (0 390.778992 -296.679016 ) (0 401.066986 -296.679016 ) (0 401.066986 -384.144989 ) 
4 10 14 (190.244003 390.778992 -414.747009 ) (197.565002 390.778992 -414.747009 ) (197.565002 390.778992 -384.144989 ) (190.244003 390.778992 -384.144989 ) 
4 10 11 (197.565002 390.778992 -384.144989 ) (197.565002 390.778992 -296.679016 ) (0 390.778992 -296.679016 ) (0 390.778992 -384.144989 ) 
4 11 53 (0 390.178040 -296.679016 ) (0 390.778992 -296.679016 ) (0 390.778992 -384.144989 ) (0 390.178040 -384.144989 ) 
4 11 14 (190.244003 390.778992 -384.144989 ) (197.565002 390.778992 -384.144989 ) (197.565002 390.178040 -384.144989 ) (190.244003 390.178040 -384.144989 ) 
4 11 13 (0 390.178040 -384.144989 ) (190.186005 390.178040 -384.144989 ) (190.186005 390.178040 -348.267029 ) (0 390.178040 -348.267029 ) 
4 11 12 (190.186005 390.178040 -384.144989 ) (197.565002 390.178040 -384.144989 ) (197.565002 390.178040 -296.679016 ) (190.186005 390.178040 -296.679016 ) 
4 12 17 (192 378.178040 -296.679016 ) (190.186005 378.178040 -296.679016 ) (190.186005 378.178040 -384.144989 ) (192 378.178040 -384.144989 ) 
4 12 16 (197.565002 378.178040 -384.144989 ) (197.565002 378.178040 -296.679016 ) (192 378.178040 -296.679016 ) (192 378.178040 -384.144989 ) 
4 12 14 (190.186005 378.778992 -384.144989 ) (190.186005 390.178040 -384.144989 ) (197.565002 390.178040 -384.144989 ) (197.565002 378.778992 -384.144989 ) 
4 12 15 (197.565002 378.178040 -384.144989 ) (190.186005 378.178040 -384.144989 ) (190.186005 378.778992 -384.144989 ) (197.565002 378.778992 -384.144989 ) 
4 12 13 (190.186005 390.178040 -348.267029 ) (190.186005 390.178040 -384.144989 ) (190.186005 378.178040 -384.144989 ) (190.186005 378.178040 -348.267029 ) 
4 13 54 (0 378.178040 -384.144989 ) (0 378.178040 -348.267029 ) (0 390.178040 -348.267029 ) (0 390.178040 -384.144989 ) 
4 13 17 (0 378.178040 -348.267029 ) (0 378.178040 -384.144989 ) (190.186005 378.178040 -384.144989 ) (190.186005 378.178040 -348.267029 ) 
4 13 15 (190.186005 378.178040 -384.144989 ) (0 378.178040 -384.144989 ) (0 378.778992 -384.144989 ) (190.186005 378.778992 -384.144989 ) 
4 14 15 (190.244003 378.778992 -414.747009 ) (197.565002 378.778992 -414.747009 ) (197.565002 378.778992 -384.144989 ) (190.244003 378.778992 -384.144989 ) 
4 15 56 (0 378.778992 -414.747009 ) (0 378.178040 -414.747009 ) (0 378.178040 -384.144989 ) (0 378.778992 -384.144989 ) 
4 15 17 (0 378.178040 -414.747009 ) (192 378.178040 -414.747009 ) (192 378.178040 -384.144989 ) (0 378.178040 -384.144989 ) 
4 15 16 (192 378.178040 -414.747009 ) (197.565002 378.178040 -414.747009 ) (197.565002 378.178040 -384.144989 ) (192 378.178040 -384.144989 ) 
4 16 21 (197.565002 0 -296.679016 ) (192 0 -296.679016 ) (192 0 -414.747009 ) (197.565002 0 -414.747009 ) 
4 16 17 (192 378.178040 -296.679016 ) (192 378.178040 -414.747009 ) (192 193.612000 -414.747009 ) (192 193.612000 -296.679016 ) 
4 16 18 (192 191.511017 -414.747009 ) (192 0 -414.747009 ) (192 0 -296.679016 ) (192 191.511017 -296.679016 ) 
4 17 57 (0 378.178040 -414.747009 ) (0 193.612000 -414.747009 ) (0 193.612000 -296.679016 ) (0 378.178040 -296.679016 ) 
4 18 58 (0 191.511017 -414.747009 ) (0 0 -414.747009 ) (0 0 -296.679016 ) (0 191.511017 -296.679016 ) 
4 18 22 (185.604004 0 -296.679016 ) (0 0 -296.679016 ) (0 0 -414.747009 ) (185.604004 0 -414.747009 ) 
4 18 21 (192 0 -296.679016 ) (185.604004 0 -296.679016 ) (185.604004 0 -414.747009 ) (192 0 -414.747009 ) 
4 19 59 (0 1024 -414.747009 ) (0 1024 -421.691986 ) (0 576 -421.691986 ) (0 576 -414.747009 ) 
4 20 26 (239.304001 -17.066700 -414.747009 ) (356 -17.066700 -414.747009 ) (356 -17.066700 -296.679016 ) (239.304001 -17.066700 -296.679016 ) 
4 21 28 (185.604004 -17.066700 -414.747009 ) (197.565002 -17.066700 -414.747009 ) (197.565002 -17.066700 -296.679016 ) (185.604004 -17.066700 -296.679016 ) 
4 21 24 (185.604004 -4.605240 -414.747009 ) (185.604004 -16.662399 -414.747009 ) (185.604004 -16.662399 -383.825043 ) (185.604004 -4.605240 -383.825043 ) 
4 21 23 (185.604004 -16.662399 -383.825043 ) (185.604004 -16.662399 -336.602997 ) (185.604004 -4.605240 -336.602997 ) (185.604004 -4.605240 -383.825043 ) 
4 21 22 (185.604004 0 -414.747009 ) (185.604004 -4.605240 -414.747009 ) (185.604004 -4.605240 -296.679016 ) (185.604004 0 -296.679016 ) 
4 21 25 (185.604004 -16.662399 -414.747009 ) (185.604004 -17.066700 -414.747009 ) (185.604004 -17.066700 -296.679016 ) (185.604004 -16.662399 -296.679016 ) 
4 22 74 (0 0 -336.602997 ) (0 0 -414.747009 ) (0 -4.605240 -414.747009 ) (0 -4.605240 -336.602997 ) 
4 22 72 (0 -4.605240 -296.679016 ) (0 0 -296.679016 ) (0 0 -336.602997 ) (0 -4.605240 -336.602997 ) 
4 22 23 (185.604004 -4.605240 -383.825043 ) (185.604004 -4.605240 -336.602997 ) (0 -4.605240 -336.602997 ) (0 -4.605240 -383.825043 ) 
4 23 75 (0 -4.605240 -336.602997 ) (0 -4.605240 -383.825043 ) (0 -16.662399 -383.825043 ) (0 -16.662399 -336.602997 ) 
4 23 25 (185.604004 -16.662399 -383.825043 ) (185.604004 -16.662399 -336.602997 ) (0 -16.662399 -336.602997 ) (0 -16.662399 -383.825043 ) 
4 25 76 (0 -16.662399 -336.602997 ) (0 -16.662399 -414.747009 ) (0 -17.066700 -414.747009 ) (0 -17.066700 -336.602997 ) 
4 25 73 (0 -17.066700 -296.679016 ) (0 -16.662399 -296.679016 ) (0 -16.662399 -336.602997 ) (0 -17.066700 -336.602997 ) 
4 25 28 (30.608603 -17.066700 -414.747009 ) (185.604004 -17.066700 -414.747009 ) (185.604004 -17.066700 -296.679016 ) (30.608603 -17.066700 -296.679016 ) 
4 26 27 (239.304001 -106.667007 -414.747009 ) (356 -106.667007 -414.747009 ) (356 -106.667007 -296.679016 ) (239.304001 -106.667007 -296.679016 ) 
4 27 32 (356 -192 -414.747009 ) (356 -858.286011 -414.747009 ) (197.565002 -858.286011 -414.747009 ) (197.565002 -192 -414.747009 ) 
4 27 30 (197.565002 -106.667007 -414.747009 ) (197.565002 -858.286011 -414.747009 ) (197.565002 -858.286011 -296.679016 ) (197.565002 -106.667007 -296.679016 ) 
4 28 29 (92.565208 -20.855602 -414.747009 ) (135.608994 -20.855602 -414.747009 ) (135.608994 -20.855602 -296.679016 ) (92.565208 -20.855602 -296.679016 ) 
4 29 30 (92.565208 -35.322201 -414.747009 ) (135.608994 -35.322201 -414.747009 ) (135.608994 -35.322201 -296.679016 ) (92.565208 -35.322201 -296.679016 ) 
4 30 32 (197.565002 -192 -414.747009 ) (197.565002 -858.286011 -414.747009 ) (30.608603 -858.286011 -414.747009 ) (30.608603 -192 -414.747009 ) 
4 30 31 (30.608603 -106.667007 -414.747009 ) (30.608603 -858.286011 -414.747009 ) (30.608603 -858.286011 -296.679016 ) (30.608603 -106.667007 -296.679016 ) 
4 31 80 (0 -858.286011 -296.679016 ) (0 -106.667007 -296.679016 ) (0 -106.667007 -414.747009 ) (0 -858.286011 -414.747009 ) 
4 31 32 (0 -858.286011 -414.747009 ) (0 -192 -414.747009 ) (30.608603 -192 -414.747009 ) (30.608603 -858.286011 -414.747009 ) 
4 32 96 (0 -858.286011 -414.747009 ) (0 -192 -414.747009 ) (0 -192 -421.691986 ) (0 -858.286011 -421.691986 ) 
4 33 59 (-11.130400 1024 -414.747009 ) (0 1024 -414.747009 ) (0 576 -414.747009 ) (-11.130400 576 -414.747009 ) 
4 33 34 (-11.130400 1024 -414.747009 ) (-11.130400 490.666992 -414.747009 ) (-11.130400 490.666992 -296.679016 ) (-11.130400 1024 -296.679016 ) 
4 34 59 (-178.087006 1024 -414.747009 ) (-11.130400 1024 -414.747009 ) (-11.130400 576 -414.747009 ) (-178.087006 576 -414.747009 ) 
4 34 37 (-178.087006 1024 -414.747009 ) (-178.087006 490.666992 -414.747009 ) (-178.087006 490.666992 -296.679016 ) (-178.087006 1024 -296.679016 ) 
4 34 35 (-122.652000 444.709045 -414.747009 ) (-66.565201 444.709045 -414.747009 ) (-66.565201 444.709045 -296.679016 ) (-122.652000 444.709045 -296.679016 ) 
4 35 36 (-122.652000 434.908020 -414.747009 ) (-66.565201 434.908020 -414.747009 ) (-66.565201 434.908020 -296.679016 ) (-122.652000 434.908020 -296.679016 ) 
4 36 55 (-178.087006 401.066986 -414.747009 ) (-11.130400 401.066986 -414.747009 ) (-11.130400 401.066986 -384.144989 ) (-178.087006 401.066986 -384.144989 ) 
4 36 53 (-11.130400 401.066986 -384.144989 ) (-11.130400 401.066986 -296.679016 ) (-178.087006 401.066986 -296.679016 ) (-178.087006 401.066986 -384.144989 ) 
4 37 59 (-219.826019 1024 -414.747009 ) (-178.087006 1024 -414.747009 ) (-178.087006 576 -414.747009 ) (-219.826019 576 -414.747009 ) 
4 37 38 (-219.826019 1024 -414.747009 ) (-219.826019 490.666992 -414.747009 ) (-219.826019 490.666992 -296.679016 ) (-219.826019 1024 -296.679016 ) 
4 38 59 (-271.347992 1024 -414.747009 ) (-219.826019 1024 -414.747009 ) (-219.826019 576 -414.747009 ) (-271.347992 576 -414.747009 ) 
4 38 40 (-271.347992 1024 -414.747009 ) (-271.347992 441.582001 -414.747009 ) (-271.347992 441.582001 -296.679016 ) (-271.347992 1024 -296.679016 ) 
4 39 55 (-271.347992 401.066986 -414.747009 ) (-219.826019 401.066986 -414.747009 ) (-219.826019 401.066986 -384.144989 ) (-271.347992 401.066986 -384.144989 ) 
4 39 53 (-219.826019 401.066986 -384.144989 ) (-219.826019 401.066986 -296.679016 ) (-271.347992 401.066986 -296.679016 ) (-271.347992 401.066986 -384.144989 ) 
4 39 41 (-271.347992 434.582001 -414.747009 ) (-271.347992 430.933044 -414.747009 ) (-271.347992 430.933044 -296.679016 ) (-271.347992 434.582001 -296.679016 ) 
4 39 42 (-271.347992 430.933044 -414.747009 ) (-271.347992 401.066986 -414.747009 ) (-271.347992 401.066986 -296.679016 ) (-271.347992 430.933044 -296.679016 ) 
4 40 59 (-386.783020 1024 -414.747009 ) (-271.347992 1024 -414.747009 ) (-271.347992 576 -414.747009 ) (-386.783020 576 -414.747009 ) 
4 40 43 (-386.783020 1024 -414.747009 ) (-386.783020 490.666992 -414.747009 ) (-386.783020 490.666992 -296.679016 ) (-386.783020 1024 -296.679016 ) 
4 40 41 (-335.260986 437.933044 -414.747009 ) (-271.347992 437.933044 -414.747009 ) (-271.347992 437.933044 -296.679016 ) (-335.260986 437.933044 -296.679016 ) 
4 41 42 (-335.260986 430.933044 -414.747009 ) (-271.347992 430.933044 -414.747009 ) (-271.347992 430.933044 -296.679016 ) (-335.260986 430.933044 -296.679016 ) 
4 42 55 (-386.783020 401.066986 -414.747009 ) (-271.347992 401.066986 -414.747009 ) (-271.347992 401.066986 -384.144989 ) (-386.783020 401.066986 -384.144989 ) 
4 42 53 (-271.347992 401.066986 -384.144989 ) (-271.347992 401.066986 -296.679016 ) (-386.783020 401.066986 -296.679016 ) (-386.783020 401.066986 -384.144989 ) 
4 43 59 (-428.522034 1024 -414.747009 ) (-386.783020 1024 -414.747009 ) (-386.783020 576 -414.747009 ) (-428.522034 576 -414.747009 ) 
4 43 44 (-428.522034 1024 -414.747009 ) (-428.522034 490.666992 -414.747009 ) (-428.522034 490.666992 -296.679016 ) (-428.522034 1024 -296.679016 ) 
4 44 59 (-595.478027 1024 -414.747009 ) (-428.522034 1024 -414.747009 ) (-428.522034 576 -414.747009 ) (-595.478027 576 -414.747009 ) 
4 44 47 (-595.478027 1024 -414.747009 ) (-595.478027 490.666992 -414.747009 ) (-595.478027 490.666992 -296.679016 ) (-595.478027 1024 -296.679016 ) 
4 44 45 (-547.216980 438.600037 -414.747009 ) (-476.783020 438.600037 -414.747009 ) (-476.783020 438.600037 -296.679016 ) (-547.216980 438.600037 -296.679016 ) 
4 45 46 (-547.216980 433.934021 -414.747009 ) (-476.783020 433.934021 -414.747009 ) (-476.783020 433.934021 -296.679016 ) (-547.216980 433.934021 -296.679016 ) 
4 46 55 (-595.478027 401.066986 -414.747009 ) (-428.522034 401.066986 -414.747009 ) (-428.522034 401.066986 -384.144989 ) (-595.478027 401.066986 -384.144989 ) 
4 46 53 (-428.522034 401.066986 -384.144989 ) (-428.522034 401.066986 -296.679016 ) (-595.478027 401.066986 -296.679016 ) (-595.478027 401.066986 -384.144989 ) 
4 47 59 (-637.216980 1024 -414.747009 ) (-595.478027 1024 -414.747009 ) (-595.478027 576 -414.747009 ) (-637.216980 576 -414.747009 ) 
4 47 48 (-637.216980 1024 -414.747009 ) (-637.216980 490.666992 -414.747009 ) (-637.216980 490.666992 -296.679016 ) (-637.216980 1024 -296.679016 ) 
4 48 59 (-804.174011 1024 -414.747009 ) (-637.216980 1024 -414.747009 ) (-637.216980 576 -414.747009 ) (-804.174011 576 -414.747009 ) 
4 48 51 (-804.174011 1024 -414.747009 ) (-804.174011 490.666992 -414.747009 ) (-804.174011 490.666992 -296.679016 ) (-804.174011 1024 -296.679016 ) 
4 48 49 (-759.174011 435.127045 -414.747009 ) (-682.216980 435.127045 -414.747009 ) (-682.216980 435.127045 -296.679016 ) (-759.174011 435.127045 -296.679016 ) 
4 49 50 (-759.174011 432.793030 -414.747009 ) (-682.216980 432.793030 -414.747009 ) (-682.216980 432.793030 -296.679016 ) (-759.174011 432.793030 -296.679016 ) 
4 50 55 (-804.174011 401.066986 -414.747009 ) (-637.216980 401.066986 -414.747009 ) (-637.216980 401.066986 -384.144989 ) (-804.174011 401.066986 -384.144989 ) 
4 50 53 (-637.216980 401.066986 -384.144989 ) (-637.216980 401.066986 -296.679016 ) (-804.174011 401.066986 -296.679016 ) (-804.174011 401.066986 -384.144989 ) 
4 51 59 (-845.913025 1024 -414.747009 ) (-804.174011 1024 -414.747009 ) (-804.174011 576 -414.747009 ) (-845.913025 576 -414.747009 ) 
4 51 52 (-845.913025 1024 -414.747009 ) (-845.913025 490.666992 -414.747009 ) (-845.913025 490.666992 -296.679016 ) (-845.913025 1024 -296.679016 ) 
4 52 60 (-1024 1024 -296.679016 ) (-1024 1024 -414.747009 ) (-1024 401.066986 -414.747009 ) (-1024 401.066986 -296.679016 ) 
4 52 59 (-1024 576 -414.747009 ) (-1024 1024 -414.747009 ) (-845.913025 1024 -414.747009 ) (-845.913025 576 -414.747009 ) 
4 52 55 (-1024 401.066986 -414.747009 ) (-845.913025 401.066986 -414.747009 ) (-845.913025 401.066986 -384.144989 ) (-1024 401.066986 -384.144989 ) 
4 52 53 (-845.913025 401.066986 -384.144989 ) (-845.913025 401.066986 -296.679016 ) (-1024 401.066986 -296.679016 ) (-1024 401.066986 -384.144989 ) 
4 53 61 (-1024 390.178040 -296.679016 ) (-1024 390.778992 -296.679016 ) (-1024 390.778992 -384.144989 ) (-1024 390.178040 -384.144989 ) 
4 53 60 (-1024 390.778992 -296.679016 ) (-1024 401.066986 -296.679016 ) (-1024 401.066986 -384.144989 ) (-1024 390.778992 -384.144989 ) 
4 53 55 (-1024 390.778992 -384.144989 ) (-1024 401.066986 -384.144989 ) (0 401.066986 -384.144989 ) (0 390.778992 -384.144989 ) 
4 53 54 (-1024 390.178040 -384.144989 ) (0 390.178040 -384.144989 ) (0 390.178040 -348.267029 ) (-1024 390.178040 -348.267029 ) 
4 54 62 (-1024 378.178040 -384.144989 ) (-1024 378.178040 -348.267029 ) (-1024 390.178040 -348.267029 ) (-1024 390.178040 -384.144989 ) 
4 54 57 (0 378.178040 -384.144989 ) (0 378.178040 -348.267029 ) (-1024 378.178040 -348.267029 ) (-1024 378.178040 -384.144989 ) 
4 54 56 (0 378.178040 -384.144989 ) (-1024 378.178040 -384.144989 ) (-1024 378.778992 -384.144989 ) (0 378.778992 -384.144989 ) 
4 55 60 (-1024 401.066986 -414.747009 ) (-1024 390.778992 -414.747009 ) (-1024 390.778992 -384.144989 ) (-1024 401.066986 -384.144989 ) 
4 56 65 (-1024 378.778992 -414.747009 ) (-1024 378.178040 -414.747009 ) (-1024 378.178040 -384.144989 ) (-1024 378.778992 -384.144989 ) 
4 56 57 (-1024 378.178040 -414.747009 ) (0 378.178040 -414.747009 ) (0 378.178040 -384.144989 ) (-1024 378.178040 -384.144989 ) 
4 57 66 (-1024 378.178040 -414.747009 ) (-1024 193.612000 -414.747009 ) (-1024 193.612000 -296.679016 ) (-1024 378.178040 -296.679016 ) 
4 58 74 (0 0 -414.747009 ) (0 0 -336.602997 ) (-1024 0 -336.602997 ) (-1024 0 -414.747009 ) 
4 58 72 (0 0 -336.602997 ) (0 0 -296.679016 ) (-1024 0 -296.679016 ) (-1024 0 -336.602997 ) 
4 58 67 (-1024 191.511017 -414.747009 ) (-1024 0 -414.747009 ) (-1024 0 -296.679016 ) (-1024 191.511017 -296.679016 ) 
4 59 71 (-1024 1024 -414.747009 ) (-1024 1024 -421.691986 ) (-1024 576 -421.691986 ) (-1024 576 -414.747009 ) 
4 60 71 (-1221.570068 1024 -414.747009 ) (-1024 1024 -414.747009 ) (-1024 576 -414.747009 ) (-1221.570068 576 -414.747009 ) 
4 60 69 (-1221.570068 1024 -414.747009 ) (-1221.570068 490.666992 -414.747009 ) (-1221.570068 490.666992 -296.679016 ) (-1221.570068 1024 -296.679016 ) 
4 60 64 (-1221.570068 390.778992 -384.144989 ) (-1221.570068 390.778992 -414.747009 ) (-1217.760010 390.778992 -414.747009 ) (-1217.760010 390.778992 -384.144989 ) 
4 60 61 (-1221.570068 390.778992 -296.679016 ) (-1221.570068 390.778992 -384.144989 ) (-1024 390.778992 -384.144989 ) (-1024 390.778992 -296.679016 ) 
4 61 64 (-1221.570068 390.178040 -384.144989 ) (-1221.570068 390.778992 -384.144989 ) (-1217.760010 390.778992 -384.144989 ) (-1217.760010 390.178040 -384.144989 ) 
4 61 62 (-1217.820068 390.178040 -384.144989 ) (-1024 390.178040 -384.144989 ) (-1024 390.178040 -348.267029 ) (-1217.820068 390.178040 -348.267029 ) 
4 61 63 (-1221.570068 390.178040 -296.679016 ) (-1221.570068 390.178040 -384.144989 ) (-1217.820068 390.178040 -384.144989 ) (-1217.820068 390.178040 -296.679016 ) 
4 62 66 (-1217.820068 378.178040 -384.144989 ) (-1024 378.178040 -384.144989 ) (-1024 378.178040 -348.267029 ) (-1217.820068 378.178040 -348.267029 ) 
4 62 65 (-1024 378.178040 -384.144989 ) (-1217.820068 378.178040 -384.144989 ) (-1217.820068 378.778992 -384.144989 ) (-1024 378.778992 -384.144989 ) 
4 62 63 (-1217.820068 390.178040 -348.267029 ) (-1217.820068 390.178040 -384.144989 ) (-1217.820068 378.178040 -384.144989 ) (-1217.820068 378.178040 -348.267029 ) 
4 63 66 (-1221.349976 378.178040 -384.144989 ) (-1217.820068 378.178040 -384.144989 ) (-1217.820068 378.178040 -296.679016 ) (-1221.349976 378.178040 -296.679016 ) 
4 63 68 (-1221.570068 378.178040 -296.679016 ) (-1221.570068 378.178040 -384.144989 ) (-1221.349976 378.178040 -384.144989 ) (-1221.349976 378.178040 -296.679016 ) 
4 63 64 (-1221.570068 378.778992 -384.144989 ) (-1221.570068 390.178040 -384.144989 ) (-1217.820068 390.178040 -384.144989 ) (-1217.820068 378.778992 -384.144989 ) 
4 63 65 (-1217.820068 378.178040 -384.144989 ) (-1221.570068 378.178040 -384.144989 ) (-1221.570068 378.778992 -384.144989 ) (-1217.820068 378.778992 -384.144989 ) 
4 64 65 (-1217.760010 378.778992 -384.144989 ) (-1221.570068 378.778992 -384.144989 ) (-1221.570068 378.778992 -414.747009 ) (-1217.760010 378.778992 -414.747009 ) 
4 65 66 (-1221.349976 378.178040 -414.747009 ) (-1024 378.178040 -414.747009 ) (-1024 378.178040 -384.144989 ) (-1221.349976 378.178040 -384.144989 ) 
4 65 68 (-1221.570068 378.178040 -384.144989 ) (-1221.570068 378.178040 -414.747009 ) (-1221.349976 378.178040 -414.747009 ) (-1221.349976 378.178040 -384.144989 ) 
4 66 68 (-1221.349976 378.178040 -296.679016 ) (-1221.349976 378.178040 -414.747009 ) (-1221.349976 193.612000 -414.747009 ) (-1221.349976 193.612000 -296.679016 ) 
4 67 97 (-1024 0 -414.747009 ) (-1024 0 -296.679016 ) (-1221.349976 0 -296.679016 ) (-1221.349976 0 -414.747009 ) 
4 67 68 (-1221.349976 191.511017 -414.747009 ) (-1221.349976 0 -414.747009 ) (-1221.349976 0 -296.679016 ) (-1221.349976 191.511017 -296.679016 ) 
4 68 97 (-1221.349976 0 -296.679016 ) (-1221.570068 0 -296.679016 ) (-1221.570068 0 -414.747009 ) (-1221.349976 0 -414.747009 ) 
4 69 71 (-1263.300049 1024 -414.747009 ) (-1221.570068 1024 -414.747009 ) (-1221.570068 576 -414.747009 ) (-1263.300049 576 -414.747009 ) 
4 69 70 (-1263.300049 1024 -414.747009 ) (-1263.300049 490.666992 -414.747009 ) (-1263.300049 490.666992 -296.679016 ) (-1263.300049 1024 -296.679016 ) 
4 70 101 (-1263.300049 0 -296.679016 ) (-1380 0 -296.679016 ) (-1380 0 -414.747009 ) (-1263.300049 0 -414.747009 ) 
4 70 71 (-1380 1024 -414.747009 ) (-1263.300049 1024 -414.747009 ) (-1263.300049 576 -414.747009 ) (-1380 576 -414.747009 ) 
4 72 97 (-1024 0 -296.679016 ) (-1024 0 -336.602997 ) (-1024 -4.605240 -336.602997 ) (-1024 -4.605240 -296.679016 ) 
4 72 74 (-1024 -4.605240 -336.602997 ) (-1024 0 -336.602997 ) (0 0 -336.602997 ) (0 -4.605240 -336.602997 ) 
4 73 98 (-1024 -16.605200 -336.602997 ) (-1024 -17.066700 -336.602997 ) (-1024 -17.066700 -296.679016 ) (-1024 -16.605200 -296.679016 ) 
4 73 92 (-845.913025 -17.066700 -296.679016 ) (-1012.869995 -17.066700 -296.679016 ) (-1012.869995 -17.066700 -336.602997 ) (-845.913025 -17.066700 -336.602997 ) 
4 73 88 (-637.216980 -17.066700 -296.679016 ) (-804.174011 -17.066700 -296.679016 ) (-804.174011 -17.066700 -336.602997 ) (-637.216980 -17.066700 -336.602997 ) 
4 73 85 (-428.522034 -17.066700 -296.679016 ) (-595.478027 -17.066700 -296.679016 ) (-595.478027 -17.066700 -336.602997 ) (-428.522034 -17.066700 -336.602997 ) 
4 73 81 (-219.826019 -17.066700 -296.679016 ) (-386.783020 -17.066700 -296.679016 ) (-386.783020 -17.066700 -336.602997 ) (-219.826019 -17.066700 -336.602997 ) 
4 73 77 (-11.130400 -17.066700 -296.679016 ) (-178.087006 -17.066700 -296.679016 ) (-178.087006 -17.066700 -336.602997 ) (-11.130400 -17.066700 -336.602997 ) 
4 73 76 (0 -17.066700 -336.602997 ) (-1024 -17.066700 -336.602997 ) (-1024 -16.605200 -336.602997 ) (0 -16.605200 -336.602997 ) 
4 74 97 (-1024 0 -336.602997 ) (-1024 0 -414.747009 ) (-1024 -4.662391 -414.747009 ) (-1024 -4.662391 -336.602997 ) 
4 74 75 (0 -4.662391 -383.825043 ) (0 -4.662391 -336.602997 ) (-1024 -4.662391 -336.602997 ) (-1024 -4.662391 -383.825043 ) 
4 75 99 (-1024 -16.662399 -383.825043 ) (-1024 -16.662399 -336.602997 ) (-1024 -4.662391 -336.602997 ) (-1024 -4.662391 -383.825043 ) 
4 75 76 (0 -16.662399 -383.825043 ) (0 -16.662399 -336.602997 ) (-1024 -16.662399 -336.602997 ) (-1024 -16.662399 -383.825043 ) 
4 76 100 (-1024 -16.662399 -414.747009 ) (-1024 -17.066700 -414.747009 ) (-1024 -17.066700 -383.825043 ) (-1024 -16.662399 -383.825043 ) 
4 76 99 (-1024 -17.066700 -383.825043 ) (-1024 -17.066700 -336.602997 ) (-1024 -16.662399 -336.602997 ) (-1024 -16.662399 -383.825043 ) 
4 76 92 (-1012.869995 -17.066700 -414.747009 ) (-845.913025 -17.066700 -414.747009 ) (-845.913025 -17.066700 -336.602997 ) (-1012.869995 -17.066700 -336.602997 ) 
4 76 88 (-804.174011 -17.066700 -414.747009 ) (-637.216980 -17.066700 -414.747009 ) (-637.216980 -17.066700 -336.602997 ) (-804.174011 -17.066700 -336.602997 ) 
4 76 85 (-595.478027 -17.066700 -414.747009 ) (-428.522034 -17.066700 -414.747009 ) (-428.522034 -17.066700 -336.602997 ) (-595.478027 -17.066700 -336.602997 ) 
4 76 81 (-386.783020 -17.066700 -414.747009 ) (-219.826019 -17.066700 -414.747009 ) (-219.826019 -17.066700 -336.602997 ) (-386.783020 -17.066700 -336.602997 ) 
4 76 77 (-178.087006 -17.066700 -414.747009 ) (-11.130400 -17.066700 -414.747009 ) (-11.130400 -17.066700 -336.602997 ) (-178.087006 -17.066700 -336.602997 ) 
4 77 78 (-112.217003 -20.444901 -414.747009 ) (-77 -20.444901 -414.747009 ) (-77 -20.444901 -296.679016 ) (-112.217003 -20.444901 -296.679016 ) 
4 78 79 (-112.217003 -37.711601 -414.747009 ) (-77 -37.711601 -414.747009 ) (-77 -37.711601 -296.679016 ) (-112.217003 -37.711601 -296.679016 ) 
4 79 80 (-178.087006 -106.667007 -414.747009 ) (-11.130400 -106.667007 -414.747009 ) (-11.130400 -106.667007 -296.679016 ) (-178.087006 -106.667007 -296.679016 ) 
4 80 96 (-219.826019 -858.286011 -414.747009 ) (-219.826019 -192 -414.747009 ) (0 -192 -414.747009 ) (0 -858.286011 -414.747009 ) 
4 80 84 (-219.826019 -106.667007 -414.747009 ) (-219.826019 -858.286011 -414.747009 ) (-219.826019 -858.286011 -296.679016 ) (-219.826019 -106.667007 -296.679016 ) 
4 81 82 (-317.652039 -19.980000 -414.747009 ) (-288.957001 -19.980000 -414.747009 ) (-288.957001 -19.980000 -296.679016 ) (-317.652039 -19.980000 -296.679016 ) 
4 82 83 (-317.652039 -39.580101 -414.747009 ) (-288.957001 -39.580101 -414.747009 ) (-288.957001 -39.580101 -296.679016 ) (-317.652039 -39.580101 -296.679016 ) 
4 83 84 (-386.783020 -106.667007 -414.747009 ) (-219.826019 -106.667007 -414.747009 ) (-219.826019 -106.667007 -296.679016 ) (-386.783020 -106.667007 -296.679016 ) 
4 84 96 (-428.522034 -858.286011 -414.747009 ) (-428.522034 -192 -414.747009 ) (-219.826019 -192 -414.747009 ) (-219.826019 -858.286011 -414.747009 ) 
4 84 87 (-428.522034 -106.667007 -414.747009 ) (-428.522034 -858.286011 -414.747009 ) (-428.522034 -858.286011 -296.679016 ) (-428.522034 -106.667007 -296.679016 ) 
4 85 86 (-523.087036 -19.426601 -414.747009 ) (-500.913025 -19.426601 -414.747009 ) (-500.913025 -19.426601 -296.679016 ) (-523.087036 -19.426601 -296.679016 ) 
4 86 87 (-523.087036 -41.359901 -414.747009 ) (-500.913025 -41.359901 -414.747009 ) (-500.913025 -41.359901 -296.679016 ) (-523.087036 -41.359901 -296.679016 ) 
4 87 96 (-595.478027 -858.286011 -414.747009 ) (-595.478027 -192 -414.747009 ) (-428.522034 -192 -414.747009 ) (-428.522034 -858.286011 -414.747009 ) 
4 87 91 (-595.478027 -106.667007 -414.747009 ) (-595.478027 -858.286011 -414.747009 ) (-595.478027 -858.286011 -296.679016 ) (-595.478027 -106.667007 -296.679016 ) 
4 88 89 (-727.869995 -18.666901 -414.747009 ) (-713.521973 -18.666901 -414.747009 ) (-713.521973 -18.666901 -296.679016 ) (-727.869995 -18.666901 -296.679016 ) 
4 89 90 (-727.869995 -43.400200 -414.747009 ) (-713.521973 -43.400200 -414.747009 ) (-713.521973 -43.400200 -296.679016 ) (-727.869995 -43.400200 -296.679016 ) 
4 90 91 (-804.174011 -106.667007 -414.747009 ) (-637.216980 -106.667007 -414.747009 ) (-637.216980 -106.667007 -296.679016 ) (-804.174011 -106.667007 -296.679016 ) 
4 91 96 (-845.913025 -858.286011 -414.747009 ) (-845.913025 -192 -414.747009 ) (-595.478027 -192 -414.747009 ) (-595.478027 -858.286011 -414.747009 ) 
4 91 94 (-845.913025 -106.667007 -414.747009 ) (-845.913025 -858.286011 -414.747009 ) (-845.913025 -858.286011 -296.679016 ) (-845.913025 -106.667007 -296.679016 ) 
4 92 93 (-933.304077 -17.968700 -414.747009 ) (-925.478027 -17.968700 -414.747009 ) (-925.478027 -17.968700 -296.679016 ) (-933.304077 -17.968700 -296.679016 ) 
4 93 94 (-933.304077 -45.035400 -414.747009 ) (-925.478027 -45.035400 -414.747009 ) (-925.478027 -45.035400 -296.679016 ) (-933.304077 -45.035400 -296.679016 ) 
4 94 96 (-845.913025 -192 -414.747009 ) (-845.913025 -858.286011 -414.747009 ) (-1012.869995 -858.286011 -414.747009 ) (-1012.869995 -192 -414.747009 ) 
4 94 95 (-1012.869995 -106.667007 -414.747009 ) (-1012.869995 -858.286011 -414.747009 ) (-1012.869995 -858.286011 -296.679016 ) (-1012.869995 -106.667007 -296.679016 ) 
4 95 104 (-1024 -106.667007 -414.747009 ) (-1024 -858.286011 -414.747009 ) (-1024 -858.286011 -296.679016 ) (-1024 -106.667007 -296.679016 ) 
4 95 96 (-1024 -858.286011 -414.747009 ) (-1024 -192 -414.747009 ) (-1012.869995 -192 -414.747009 ) (-1012.869995 -858.286011 -414.747009 ) 
4 96 107 (-1024 -192 -421.691986 ) (-1024 -858.286011 -421.691986 ) (-1024 -858.286011 -414.747009 ) (-1024 -192 -414.747009 ) 
4 97 99 (-1024 -4.605240 -383.825043 ) (-1024 -4.605240 -336.602997 ) (-1221.570068 -4.605240 -336.602997 ) (-1221.570068 -4.605240 -383.825043 ) 
4 98 102 (-1137.430054 -17.066700 -296.679016 ) (-1138.739990 -17.066700 -296.679016 ) (-1138.739990 -17.066700 -336.602997 ) (-1137.430054 -17.066700 -336.602997 ) 
4 98 99 (-1024 -17.066700 -336.602997 ) (-1221.570068 -17.066700 -336.602997 ) (-1221.570068 -16.605200 -336.602997 ) (-1024 -16.605200 -336.602997 ) 
4 99 102 (-1137.430054 -17.066700 -336.602997 ) (-1138.739990 -17.066700 -336.602997 ) (-1138.739990 -17.066700 -383.825043 ) (-1137.430054 -17.066700 -383.825043 ) 
4 99 100 (-1024 -17.066700 -383.825043 ) (-1221.570068 -17.066700 -383.825043 ) (-1221.570068 -16.662399 -383.825043 ) (-1024 -16.662399 -383.825043 ) 
4 100 102 (-1137.430054 -17.066700 -383.825043 ) (-1138.739990 -17.066700 -383.825043 ) (-1138.739990 -17.066700 -414.747009 ) (-1137.430054 -17.066700 -414.747009 ) 
4 101 105 (-1263.300049 -17.066700 -296.679016 ) (-1380 -17.066700 -296.679016 ) (-1380 -17.066700 -414.747009 ) (-1263.300049 -17.066700 -414.747009 ) 
4 102 103 (-1138.739990 -46.466702 -414.747009 ) (-1137.430054 -46.466702 -414.747009 ) (-1137.430054 -46.466702 -296.679016 ) (-1138.739990 -46.466702 -296.679016 ) 
4 103 104 (-1221.570068 -106.667007 -296.679016 ) (-1221.570068 -106.667007 -414.747009 ) (-1054.610107 -106.667007 -414.747009 ) (-1054.610107 -106.667007 -296.679016 ) 
4 104 107 (-1221.570068 -858.286011 -414.747009 ) (-1221.570068 -192 -414.747009 ) (-1024 -192 -414.747009 ) (-1024 -858.286011 -414.747009 ) 
4 104 106 (-1221.570068 -106.667007 -414.747009 ) (-1221.570068 -858.286011 -414.747009 ) (-1221.570068 -858.286011 -296.679016 ) (-1221.570068 -106.667007 -296.679016 ) 
4 105 106 (-1380 -106.667007 -296.679016 ) (-1380 -106.667007 -414.747009 ) (-1263.300049 -106.667007 -414.747009 ) (-1263.300049 -106.667007 -296.679016 ) 
4 106 107 (-1380 -858.286011 -414.747009 ) (-1380 -192 -414.747009 ) (-1221.570068 -192 -414.747009 ) (-1221.570068 -858.286011 -414.747009 ) 
