


materialPath: D:\Steam\steamapps\common\Counter-Strike Global Offensive\csgo\materials
Loading D:\Desktop\computing\Counter Strike\maps\AWP reaction time training map 1\awp_aim_training_1.vmf
Map revision 129
fixing up env_cubemap materials on brush sides...
0...1...2...3...4...5...6...7...8...9...100...1...2...3...4...5...6...7...8...9...10Processing areas...done (0)
Building Faces...done (0)
FixTjuncs...
PruneNodes...
WriteBSP...
done (0)
writing D:\Desktop\computing\Counter Strike\maps\AWP reaction time training map 1\awp_aim_training_1.prt...Building visibility clusters...
done (0)
Finding displacement neighbors...
Finding lightmap sample positions...
Displacement Alpha : 0...1...2...3...4...5...6...7...8...9...10
Building Physics collision data...
done (0) (56605 bytes)
Placing detail props : 0...1...2...3...4...5...6...7...8...9...10
Compacting texture/material tables...
Reduced 85 texinfos to 52
Reduced 6 texdatas to 6 (130 bytes to 130)
Writing D:\Desktop\computing\Counter Strike\maps\AWP reaction time training map 1\awp_aim_training_1.bsp
MSG_FILEWRITE - Filesystem was asked to write to 'd:\desktop\computing\counter strike\maps\awp reaction time training map 1\awp_aim_training_1.bsp', but we don't own that location. Allowing.
0 seconds elapsed



4 threads
reading d:\desktop\computing\counter strike\maps\awp reaction time training map 1\awp_aim_training_1.bsp
reading d:\desktop\computing\counter strike\maps\awp reaction time training map 1\awp_aim_training_1.prt
 108 portalclusters
 231 numportals
0...1...2...3...4...5...6...7...8...9...100...1...2...3...4...5...6...7...8...9...10Optimized: 50 visible clusters (0.00%)
Total clusters visible: 4908
Average clusters visible: 45
Building PAS...
Average clusters audible: 105
visdatasize:3806  compressed from 3456
writing d:\desktop\computing\counter strike\maps\awp reaction time training map 1\awp_aim_training_1.bsp
MSG_FILEWRITE - Filesystem was asked to write to 'd:\desktop\computing\counter strike\maps\awp reaction time training map 1\awp_aim_training_1.bsp', but we don't own that location. Allowing.
0 seconds elapsed



[Reading texlights from 'lights.rad']
[17 texlights parsed from 'lights.rad']

Loading d:\desktop\computing\counter strike\maps\awp reaction time training map 1\awp_aim_training_1.bsp
570 faces
113195 square feet [16300185.00 square inches]
0 Displacements
0 Square Feet [0.00 Square Inches]
570 patches before subdivision
9520 patches after subdivision
0 direct lights
0...1...2...3...4...5...6...7...8...9...100...1...2...3...4...5...6...7...8...9...10transfers 816839, max 363
transfer lists:   6.2 megs
0...1...2...3...4...5...6...7...8...9...10	Bounce #1 added RGB(0, 0, 0)
Build Patch/Sample Hash Table(s).....Done<0.0024 sec>
0...1...2...3...4...5...6...7...8...9...10FinalLightFace Done
0 of 0 (0% of) surface lights went in leaf ambient cubes.
0...1...2...3...4...5...6...7...8...9...10Writing leaf ambient...done
Ready to Finish

Object names       Objects/Maxobjs  Memory / Maxmem  Fullness 
------------       ---------------  ---------------  -------- 
models                   6/1024          288/49152    ( 0.6%) 
brushes                208/8192         2496/98304    ( 2.5%) 
brushsides            1248/65536        9984/524288   ( 1.9%) 
planes                 594/65536       11880/1310720  ( 0.9%) 
vertexes              1121/65536       13452/786432   ( 1.7%) 
nodes                  274/65536        8768/2097152  ( 0.4%) 
texinfos                52/12288        3744/884736   ( 0.4%) 
texdata                  6/2048          192/65536    ( 0.3%) 
dispinfos                0/0               0/0        ( 0.0%) 
disp_verts               0/0               0/0        ( 0.0%) 
disp_tris                0/0               0/0        ( 0.0%) 
disp_multiblend          0/0               0/0        ( 0.0%) 
disp_lmsamples           0/0               0/0        ( 0.0%) 
faces                  570/65536       31920/3670016  ( 0.9%) 
hdr faces                0/65536           0/3670016  ( 0.0%) 
origfaces              198/65536       11088/3670016  ( 0.3%) 
facebrushes            255/0             510/0        ( 0.0%) 
facebrushlists         570/0            2280/0        ( 0.0%) 
leaves                 281/65536        8992/2097152  ( 0.4%) 
leaffaces              629/65536        1258/131072   ( 1.0%) 
leafbrushes            306/65536         612/131072   ( 0.5%) 
areas                    2/1024           16/8192     ( 0.2%) 
surfedges             3469/512000      13876/2048000  ( 0.7%) 
edges                 2001/256000       8004/1024000  ( 0.8%) 
LDR worldlights          0/8192            0/819200   ( 0.0%) 
HDR worldlights          0/8192            0/819200   ( 0.0%) 
leafwaterdata            0/32768           0/393216   ( 0.0%) 
waterstrips             64/32768         640/327680   ( 0.2%) 
waterverts               0/65536           0/786432   ( 0.0%) 
waterindices           987/65536        1974/131072   ( 1.5%) 
cubemapsamples           0/1024            0/16384    ( 0.0%) 
overlays                 0/1024            0/360448   ( 0.0%) 
LDR lightdata         [variable]      609280/0        ( 0.0%) 
HDR lightdata         [variable]           0/0        ( 0.0%) 
visdata               [variable]        3806/16777216 ( 0.0%) 
entdata               [variable]        4112/393216   ( 1.0%) 
LDR ambient table      281/65536        1124/262144   ( 0.4%) 
HDR ambient table      281/65536        1124/262144   ( 0.4%) 
LDR leaf ambient       138/65536        3864/1835008  ( 0.2%) 
HDR leaf ambient       281/65536        7868/1835008  ( 0.4%) 
occluders                0/0               0/0        ( 0.0%) 
occluder polygons        0/0               0/0        ( 0.0%) 
occluder vert ind        0/0               0/0        ( 0.0%) 
detail props          [variable]           1/12       ( 8.3%) 
static props          [variable]           1/12       ( 8.3%) 
pakfile               [variable]       74470/0        ( 0.0%) 
physics               [variable]       56605/4194304  ( 1.3%) 
physics terrain       [variable]           2/1048576  ( 0.0%) 

Level flags = 7c

Total triangle count: 1537
Writing d:\desktop\computing\counter strike\maps\awp reaction time training map 1\awp_aim_training_1.bsp
MSG_FILEWRITE - Filesystem was asked to write to 'd:\desktop\computing\counter strike\maps\awp reaction time training map 1\awp_aim_training_1.bsp', but we don't own that location. Allowing.
1 second elapsed



materialPath: D:\Steam\steamapps\common\Counter-Strike Global Offensive\csgo\materials
Loading D:\Desktop\computing\Counter Strike\maps\AWP reaction time training map 1\awp_reaction_time_training_map_1.vmf
Map revision 131
fixing up env_cubemap materials on brush sides...
0...1...2...3...4...5...6...7...8...9...100...1...2...3...4...5...6...7...8...9...10Processing areas...done (0)
Building Faces...done (0)
FixTjuncs...
PruneNodes...
WriteBSP...
done (0)
writing D:\Desktop\computing\Counter Strike\maps\AWP reaction time training map 1\awp_reaction_time_training_map_1.prt...Building visibility clusters...
done (0)
Finding displacement neighbors...
Finding lightmap sample positions...
Displacement Alpha : 0...1...2...3...4...5...6...7...8...9...10
Building Physics collision data...
done (0) (56605 bytes)
Placing detail props : 0...1...2...3...4...5...6...7...8...9...10
Compacting texture/material tables...
Reduced 85 texinfos to 52
Reduced 6 texdatas to 6 (130 bytes to 130)
Writing D:\Desktop\computing\Counter Strike\maps\AWP reaction time training map 1\awp_reaction_time_training_map_1.bsp
MSG_FILEWRITE - Filesystem was asked to write to 'd:\desktop\computing\counter strike\maps\awp reaction time training map 1\awp_reaction_time_training_map_1.bsp', but we don't own that location. Allowing.
0 seconds elapsed



4 threads
reading d:\desktop\computing\counter strike\maps\awp reaction time training map 1\awp_reaction_time_training_map_1.bsp
reading d:\desktop\computing\counter strike\maps\awp reaction time training map 1\awp_reaction_time_training_map_1.prt
 108 portalclusters
 231 numportals
0...1...2...3...4...5...6...7...8...9...100...1...2...3...4...5...6...7...8...9...10Optimized: 50 visible clusters (0.00%)
Total clusters visible: 4908
Average clusters visible: 45
Building PAS...
Average clusters audible: 105
visdatasize:3806  compressed from 3456
writing d:\desktop\computing\counter strike\maps\awp reaction time training map 1\awp_reaction_time_training_map_1.bsp
MSG_FILEWRITE - Filesystem was asked to write to 'd:\desktop\computing\counter strike\maps\awp reaction time training map 1\awp_reaction_time_training_map_1.bsp', but we don't own that location. Allowing.
0 seconds elapsed



[Reading texlights from 'lights.rad']
[17 texlights parsed from 'lights.rad']

Loading d:\desktop\computing\counter strike\maps\awp reaction time training map 1\awp_reaction_time_training_map_1.bsp
570 faces
113195 square feet [16300185.00 square inches]
0 Displacements
0 Square Feet [0.00 Square Inches]
570 patches before subdivision
9520 patches after subdivision
0 direct lights
0...1...2...3...4...5...6...7...8...9...100...1...2...3...4...5...6...7...8...9...10transfers 816839, max 363
transfer lists:   6.2 megs
0...1...2...3...4...5...6...7...8...9...10	Bounce #1 added RGB(0, 0, 0)
Build Patch/Sample Hash Table(s).....Done<0.0023 sec>
0...1...2...3...4...5...6...7...8...9...10FinalLightFace Done
0 of 0 (0% of) surface lights went in leaf ambient cubes.
0...1...2...3...4...5...6...7...8...9...10Writing leaf ambient...done
Ready to Finish

Object names       Objects/Maxobjs  Memory / Maxmem  Fullness 
------------       ---------------  ---------------  -------- 
models                   6/1024          288/49152    ( 0.6%) 
brushes                208/8192         2496/98304    ( 2.5%) 
brushsides            1248/65536        9984/524288   ( 1.9%) 
planes                 594/65536       11880/1310720  ( 0.9%) 
vertexes              1121/65536       13452/786432   ( 1.7%) 
nodes                  274/65536        8768/2097152  ( 0.4%) 
texinfos                52/12288        3744/884736   ( 0.4%) 
texdata                  6/2048          192/65536    ( 0.3%) 
dispinfos                0/0               0/0        ( 0.0%) 
disp_verts               0/0               0/0        ( 0.0%) 
disp_tris                0/0               0/0        ( 0.0%) 
disp_multiblend          0/0               0/0        ( 0.0%) 
disp_lmsamples           0/0               0/0        ( 0.0%) 
faces                  570/65536       31920/3670016  ( 0.9%) 
hdr faces                0/65536           0/3670016  ( 0.0%) 
origfaces              198/65536       11088/3670016  ( 0.3%) 
facebrushes            255/0             510/0        ( 0.0%) 
facebrushlists         570/0            2280/0        ( 0.0%) 
leaves                 281/65536        8992/2097152  ( 0.4%) 
leaffaces              629/65536        1258/131072   ( 1.0%) 
leafbrushes            306/65536         612/131072   ( 0.5%) 
areas                    2/1024           16/8192     ( 0.2%) 
surfedges             3469/512000      13876/2048000  ( 0.7%) 
edges                 2001/256000       8004/1024000  ( 0.8%) 
LDR worldlights          0/8192            0/819200   ( 0.0%) 
HDR worldlights          0/8192            0/819200   ( 0.0%) 
leafwaterdata            0/32768           0/393216   ( 0.0%) 
waterstrips             64/32768         640/327680   ( 0.2%) 
waterverts               0/65536           0/786432   ( 0.0%) 
waterindices           987/65536        1974/131072   ( 1.5%) 
cubemapsamples           0/1024            0/16384    ( 0.0%) 
overlays                 0/1024            0/360448   ( 0.0%) 
LDR lightdata         [variable]      609280/0        ( 0.0%) 
HDR lightdata         [variable]           0/0        ( 0.0%) 
visdata               [variable]        3806/16777216 ( 0.0%) 
entdata               [variable]        4112/393216   ( 1.0%) 
LDR ambient table      281/65536        1124/262144   ( 0.4%) 
HDR ambient table      281/65536        1124/262144   ( 0.4%) 
LDR leaf ambient       138/65536        3864/1835008  ( 0.2%) 
HDR leaf ambient       281/65536        7868/1835008  ( 0.4%) 
occluders                0/0               0/0        ( 0.0%) 
occluder polygons        0/0               0/0        ( 0.0%) 
occluder vert ind        0/0               0/0        ( 0.0%) 
detail props          [variable]           1/12       ( 8.3%) 
static props          [variable]           1/12       ( 8.3%) 
pakfile               [variable]       74526/0        ( 0.0%) 
physics               [variable]       56605/4194304  ( 1.3%) 
physics terrain       [variable]           2/1048576  ( 0.0%) 

Level flags = 7c

Total triangle count: 1537
Writing d:\desktop\computing\counter strike\maps\awp reaction time training map 1\awp_reaction_time_training_map_1.bsp
MSG_FILEWRITE - Filesystem was asked to write to 'd:\desktop\computing\counter strike\maps\awp reaction time training map 1\awp_reaction_time_training_map_1.bsp', but we don't own that location. Allowing.
1 second elapsed
