PRT1
8
17
4 0 7 (-1024 88 -60 ) (-1024 88 141.151001 ) (-1024 124.571007 141.151001 ) (-1024 124.571007 -60 ) 
4 0 2 (-1024 88 132 ) (-1024 88 -60 ) (-962.286011 88 -60 ) (-962.286011 88 132 ) 
4 0 1 (-962.286011 88 141.151001 ) (-1024 88 141.151001 ) (-1024 88 132 ) (-962.286011 88 132 ) 
4 1 7 (-1024 40 132 ) (-1024 40 141.151001 ) (-1024 88 141.151001 ) (-1024 88 132 ) 
4 1 6 (-962.286011 40 141.151001 ) (-1024 40 141.151001 ) (-1024 40 132 ) (-962.286011 40 132 ) 
4 1 4 (-960 40 132 ) (-1024 40 132 ) (-1024 86.285698 132 ) (-960 86.285698 132 ) 
4 1 2 (-1024 86.285698 132 ) (-1024 88 132 ) (-960.410034 88 132 ) (-960.410034 86.285698 132 ) 
4 2 7 (-1024 86.285698 -60 ) (-1024 86.285698 132 ) (-1024 88 132 ) (-1024 88 -60 ) 
4 2 5 (-1024 86.285698 -58 ) (-1024 86.285698 -60 ) (-960.410034 86.285698 -60 ) (-960.410034 86.285698 -58 ) 
4 2 4 (-960.410034 86.285698 132 ) (-1024 86.285698 132 ) (-1024 86.285698 -58 ) (-960.410034 86.285698 -58 ) 
4 3 4 (-960 86.285698 132 ) (-960 86.285698 -58 ) (-960 41.714401 -58 ) (-960 41.714401 132 ) 
4 4 7 (-1024 40 -58 ) (-1024 40 132 ) (-1024 86.285698 132 ) (-1024 86.285698 -58 ) 
4 4 6 (-962.286011 40 132 ) (-1024 40 132 ) (-1024 40 -58 ) (-962.286011 40 -58 ) 
4 4 5 (-960 40 -58 ) (-1024 40 -58 ) (-1024 86.285698 -58 ) (-960 86.285698 -58 ) 
4 5 7 (-1024 40 -60 ) (-1024 40 -58 ) (-1024 86.285698 -58 ) (-1024 86.285698 -60 ) 
4 5 6 (-962.286011 40 -58 ) (-1024 40 -58 ) (-1024 40 -60 ) (-962.286011 40 -60 ) 
4 6 7 (-1024 0 -60 ) (-1024 0 141.151001 ) (-1024 40 141.151001 ) (-1024 40 -60 ) 
