PRT1
11
18
4 0 6 (-992 312 -130 ) (-854 312 -130 ) (-854 200 -130 ) (-992 200 -130 ) 
4 0 4 (-854 312 -130 ) (-817.971924 312 -130 ) (-817.971924 200 -130 ) (-854 200 -130 ) 
4 0 1 (-992 312 64 ) (-992 312 -32 ) (-992 204 -32 ) (-992 204 64 ) 
4 0 2 (-992 312 -36 ) (-992 312 -130 ) (-992 204 -130 ) (-992 204 -36 ) 
4 0 3 (-992 204 -130 ) (-992 200 -130 ) (-992 200 64 ) (-992 204 64 ) 
4 1 8 (-1024 204 64 ) (-1024 312 64 ) (-1024 312 -32 ) (-1024 204 -32 ) 
4 1 3 (-992 204 -32 ) (-992 204 64 ) (-1024 204 64 ) (-1024 204 -32 ) 
4 2 9 (-1024 312 -36 ) (-1024 312 -130 ) (-1024 204 -130 ) (-1024 204 -36 ) 
4 2 6 (-1024 204 -130 ) (-1024 312 -130 ) (-992 312 -130 ) (-992 204 -130 ) 
4 2 3 (-1024 204 -130 ) (-992 204 -130 ) (-992 204 -36 ) (-1024 204 -36 ) 
4 3 10 (-1024 200 64 ) (-1024 204 64 ) (-1024 204 -130 ) (-1024 200 -130 ) 
4 3 6 (-1024 200 -130 ) (-1024 204 -130 ) (-992 204 -130 ) (-992 200 -130 ) 
4 4 6 (-854 312 -130 ) (-854 312 -312 ) (-854 200 -312 ) (-854 200 -130 ) 
4 5 7 (-738 190 -312 ) (-738 98 -312 ) (-854 98 -312 ) (-854 190 -312 ) 
4 6 10 (-1024 200 -130 ) (-1024 204 -130 ) (-1024 204 -312 ) (-1024 200 -312 ) 
4 6 9 (-1024 204 -130 ) (-1024 312 -130 ) (-1024 312 -312 ) (-1024 204 -312 ) 
4 8 10 (-1112 204 64 ) (-1112 204 -32 ) (-1024 204 -32 ) (-1024 204 64 ) 
4 9 10 (-1112 204 -36 ) (-1112 204 -312 ) (-1024 204 -312 ) (-1024 204 -36 ) 
