PRT1
43
118
5 0 5 (0 1024 -2329.785645 ) (0 1024 -1600 ) (0 1974.572632 -1600 ) (0 1764.010986 -1774.349121 ) (0 1120.369141 -2265.345703 ) 
5 0 2 (889.808044 1024 -1600 ) (0 1024 -1600 ) (0 1024 -2329.785645 ) (208.982407 1024 -2189.631104 ) (601.727112 1024 -1868.618408 ) 
3 1 35 (1024 0 -1600 ) (1024 0 -1668.988159 ) (1089.573853 0 -1600 ) 
5 1 2 (1024 0 -1668.988159 ) (1024 0 -1600 ) (1024 617.645203 -1600 ) (1024 453.841156 -1640.971436 ) (1024 64.208191 -1674.514282 ) 
4 2 36 (1024 0 -1668.988281 ) (1024 0 -1600 ) (0 0 -1600 ) (0 0 -2746.305176 ) 
6 2 21 (0 0 -2746.305176 ) (0 0 -2708 ) (0 312 -2708 ) (0 312 -2712.861084 ) (0 204.491913 -2739.751465 ) (0 64.190277 -2751.829834 ) 
4 2 20 (0 0 -2708 ) (0 0 -1600 ) (0 312 -1600 ) (0 312 -2708 ) 
4 2 13 (0 344 -2448 ) (0 344 -2704.857178 ) (0 312 -2712.861084 ) (0 312 -2448 ) 
4 2 11 (0 340 -2448 ) (0 312 -2448 ) (0 312 -2388 ) (0 340 -2388 ) 
4 2 9 (0 344 -2388 ) (0 344 -2448 ) (0 340 -2448 ) (0 340 -2388 ) 
4 2 8 (0 312 -1600 ) (0 344 -1600 ) (0 344 -2388 ) (0 312 -2388 ) 
7 2 7 (0 344 -1600 ) (0 1024 -1600 ) (0 1024 -2329.785645 ) (0 768.549133 -2500.600586 ) (0 533.666687 -2629.471680 ) (0 356.021423 -2701.850342 ) (0 344 -2704.857178 ) 
5 3 5 (-953.335510 2048 -1600 ) (-899.378418 2048 -1616.494141 ) (-576.106201 2048 -1650.498047 ) (-252.796997 2048 -1616.487793 ) (-198.867004 2048 -1600 ) 
10 5 7 (0 1024 -2329.785645 ) (0 1024 -1600 ) (-1024 1024 -1600 ) (-1024 1024 -2402.741211 ) (-901.430176 1024 -2463.776611 ) (-732.551453 1024 -2515.401123 ) (-576.128479 1024 -2531.854736 ) (-419.666016 1024 -2515.395752 ) (-250.853149 1024 -2463.785156 ) (-52.558731 1024 -2365.034180 ) 
4 5 6 (-1024 2021.912476 -1600 ) (-1024 1385.546387 -2126.934570 ) (-1024 1024 -2402.741455 ) (-1024 1024 -1600 ) 
6 6 33 (-1024 1024 -2402.741455 ) (-1024 1024 -1600 ) (-2042.067261 1024 -1600 ) (-1754.302368 1024 -1868.322998 ) (-1361.234253 1024 -2189.621582 ) (-1099.536255 1024 -2365.127197 ) 
8 7 33 (-1024 1024 -1600 ) (-1024 1024 -2402.741455 ) (-1024 885.487427 -2508.406250 ) (-1024 611.768860 -2691.437988 ) (-1024 429.055908 -2791.677490 ) (-1024 384.083771 -2810 ) (-1024 344 -2810 ) (-1024 344 -1600 ) 
4 7 18 (-748 344 -2708 ) (-748 344 -2448 ) (-876 344 -2448 ) (-876 344 -2708 ) 
4 7 19 (-1024 344 -2810 ) (-876 344 -2810 ) (-876 344 -2448 ) (-1024 344 -2448 ) 
4 7 16 (-432 344 -2810 ) (-412 344 -2810 ) (-412 344 -2448 ) (-432 344 -2448 ) 
4 7 17 (-748 344 -2810 ) (-736 344 -2810 ) (-736 344 -2448 ) (-748 344 -2448 ) 
4 7 14 (-412 344 -2810 ) (-352 344 -2810 ) (-352 344 -2448 ) (-412 344 -2448 ) 
6 7 13 (-352 344 -2810 ) (-110.732666 344 -2810 ) (-23.734940 344 -2728.879883 ) (0 344 -2704.857178 ) (0 344 -2448 ) (-352 344 -2448 ) 
4 7 10 (-688 344 -2388 ) (-1024 344 -2388 ) (-1024 344 -2448 ) (-688 344 -2448 ) 
4 7 9 (0 344 -2448 ) (0 344 -2388 ) (-472 344 -2388 ) (-472 344 -2448 ) 
4 7 8 (0 344 -2388 ) (0 344 -1600 ) (-1024 344 -1600 ) (-1024 344 -2388 ) 
4 8 33 (-1024 312 -2388 ) (-1024 312 -1600 ) (-1024 344 -1600 ) (-1024 344 -2388 ) 
4 8 25 (-1024 312 -1600 ) (-1024 312 -2388 ) (-474 312 -2388 ) (-474 312 -1600 ) 
4 8 20 (-474 312 -2388 ) (0 312 -2388 ) (0 312 -1600 ) (-474 312 -1600 ) 
4 8 11 (0 312 -2388 ) (-472 312 -2388 ) (-472 340 -2388 ) (0 340 -2388 ) 
4 8 12 (-696 312 -2388 ) (-1024 312 -2388 ) (-1024 340 -2388 ) (-696 340 -2388 ) 
4 8 10 (-1024 340 -2388 ) (-1024 344 -2388 ) (-688 344 -2388 ) (-688 340 -2388 ) 
4 8 9 (-472 344 -2388 ) (0 344 -2388 ) (0 340 -2388 ) (-472 340 -2388 ) 
4 9 16 (-432 344 -2448 ) (-412 344 -2448 ) (-412 340 -2448 ) (-432 340 -2448 ) 
4 9 14 (-412 344 -2448 ) (-352 344 -2448 ) (-352 340 -2448 ) (-412 340 -2448 ) 
4 9 13 (-352 344 -2448 ) (0 344 -2448 ) (0 340 -2448 ) (-352 340 -2448 ) 
4 9 11 (-472 340 -2448 ) (0 340 -2448 ) (0 340 -2388 ) (-472 340 -2388 ) 
4 10 33 (-1024 340 -2388 ) (-1024 344 -2388 ) (-1024 344 -2448 ) (-1024 340 -2448 ) 
4 10 18 (-876 344 -2448 ) (-748 344 -2448 ) (-748 340 -2448 ) (-876 340 -2448 ) 
4 10 19 (-1024 340 -2448 ) (-1024 344 -2448 ) (-876 344 -2448 ) (-876 340 -2448 ) 
4 10 17 (-748 344 -2448 ) (-736 344 -2448 ) (-736 340 -2448 ) (-748 340 -2448 ) 
4 10 12 (-1024 340 -2448 ) (-696 340 -2448 ) (-696 340 -2388 ) (-1024 340 -2388 ) 
4 11 20 (-472 312 -2448 ) (0 312 -2448 ) (0 312 -2388 ) (-472 312 -2388 ) 
4 11 16 (-412 312 -2448 ) (-432 312 -2448 ) (-432 340 -2448 ) (-412 340 -2448 ) 
4 11 15 (-352 312 -2448 ) (-412 312 -2448 ) (-412 328 -2448 ) (-352 328 -2448 ) 
4 11 14 (-412 328 -2448 ) (-412 340 -2448 ) (-352 340 -2448 ) (-352 328 -2448 ) 
4 11 13 (0 312 -2448 ) (-352 312 -2448 ) (-352 340 -2448 ) (0 340 -2448 ) 
4 12 33 (-1024 312 -2448 ) (-1024 312 -2388 ) (-1024 340 -2388 ) (-1024 340 -2448 ) 
4 12 25 (-1024 312 -2388 ) (-1024 312 -2448 ) (-696 312 -2448 ) (-696 312 -2388 ) 
4 12 18 (-748 312 -2448 ) (-876 312 -2448 ) (-876 340 -2448 ) (-748 340 -2448 ) 
4 12 19 (-876 312 -2448 ) (-1024 312 -2448 ) (-1024 340 -2448 ) (-876 340 -2448 ) 
4 12 17 (-736 312 -2448 ) (-748 312 -2448 ) (-748 340 -2448 ) (-736 340 -2448 ) 
6 13 21 (-352 312 -2810 ) (-96.750305 312 -2810 ) (-86.910614 312 -2800.825195 ) (0 312 -2712.861084 ) (0 312 -2708 ) (-352 312 -2708 ) 
4 13 20 (0 312 -2708 ) (0 312 -2448 ) (-352 312 -2448 ) (-352 312 -2708 ) 
4 13 15 (-352 312 -2703 ) (-352 312 -2448 ) (-352 328 -2448 ) (-352 328 -2703 ) 
4 13 14 (-352 328 -2448 ) (-352 344 -2448 ) (-352 344 -2810 ) (-352 328 -2810 ) 
4 14 16 (-412 328 -2448 ) (-412 344 -2448 ) (-412 344 -2810 ) (-412 328 -2810 ) 
4 14 15 (-412 328 -2448 ) (-412 328 -2703 ) (-352 328 -2703 ) (-352 328 -2448 ) 
4 15 20 (-352 312 -2703 ) (-352 312 -2448 ) (-412 312 -2448 ) (-412 312 -2703 ) 
4 15 16 (-412 312 -2703 ) (-412 312 -2448 ) (-412 328 -2448 ) (-412 328 -2703 ) 
4 16 24 (-432 312 -2810 ) (-412 312 -2810 ) (-412 312 -2708 ) (-432 312 -2708 ) 
4 16 20 (-412 312 -2708 ) (-412 312 -2448 ) (-432 312 -2448 ) (-432 312 -2708 ) 
4 17 25 (-748 312 -2810 ) (-736 312 -2810 ) (-736 312 -2448 ) (-748 312 -2448 ) 
4 17 18 (-748 312 -2708 ) (-748 312 -2448 ) (-748 344 -2448 ) (-748 344 -2708 ) 
4 18 25 (-748 312 -2708 ) (-748 312 -2448 ) (-876 312 -2448 ) (-876 312 -2708 ) 
4 18 19 (-876 312 -2708 ) (-876 312 -2448 ) (-876 344 -2448 ) (-876 344 -2708 ) 
4 19 33 (-1024 344 -2810 ) (-1024 312 -2810 ) (-1024 312 -2448 ) (-1024 344 -2448 ) 
4 19 25 (-1024 312 -2448 ) (-1024 312 -2810 ) (-876 312 -2810 ) (-876 312 -2448 ) 
4 20 38 (0 0 -2708 ) (0 0 -1600 ) (-474 0 -1600 ) (-474 0 -2708 ) 
4 20 32 (-474 300 -2708 ) (-474 0 -2708 ) (-474 0 -1600 ) (-474 300 -1600 ) 
4 20 28 (-474 300 -2636 ) (-474 300 -2622 ) (-474 310 -2622 ) (-474 310 -2636 ) 
4 20 26 (-474 300 -2470 ) (-474 300 -1600 ) (-474 310 -1600 ) (-474 310 -2470 ) 
4 20 25 (-474 312 -1600 ) (-474 312 -2708 ) (-474 310 -2708 ) (-474 310 -1600 ) 
4 20 23 (-354 0 -2708 ) (-408 0 -2708 ) (-408 310 -2708 ) (-354 310 -2708 ) 
4 20 24 (-408 0 -2708 ) (-474 0 -2708 ) (-474 312 -2708 ) (-408 312 -2708 ) 
4 20 21 (0 0 -2708 ) (-354 0 -2708 ) (-354 312 -2708 ) (0 312 -2708 ) 
5 21 38 (0 0 -2746.305420 ) (0 0 -2708 ) (-354 0 -2708 ) (-354 0 -2810 ) (-60.542328 0 -2810 ) 
4 21 22 (-354 312 -2748 ) (-354 312 -2810 ) (-354 310 -2810 ) (-354 310 -2748 ) 
4 21 23 (-354 0 -2708 ) (-354 310 -2708 ) (-354 310 -2810 ) (-354 0 -2810 ) 
4 22 23 (-408 310 -2748 ) (-408 310 -2810 ) (-354 310 -2810 ) (-354 310 -2748 ) 
4 22 24 (-408 312 -2748 ) (-408 312 -2810 ) (-408 310 -2810 ) (-408 310 -2748 ) 
4 23 38 (-354 0 -2708 ) (-408 0 -2708 ) (-408 0 -2810 ) (-354 0 -2810 ) 
4 23 24 (-408 0 -2708 ) (-408 310 -2708 ) (-408 310 -2810 ) (-408 0 -2810 ) 
4 24 38 (-408 0 -2708 ) (-474 0 -2708 ) (-474 0 -2810 ) (-408 0 -2810 ) 
4 24 32 (-474 300 -2810 ) (-474 0 -2810 ) (-474 0 -2708 ) (-474 300 -2708 ) 
4 24 30 (-474 310 -2810 ) (-474 300 -2810 ) (-474 300 -2788 ) (-474 310 -2788 ) 
4 24 25 (-474 312 -2708 ) (-474 312 -2810 ) (-474 310 -2810 ) (-474 310 -2708 ) 
4 25 33 (-1024 312 -2810 ) (-1024 310 -2810 ) (-1024 310 -1600 ) (-1024 312 -1600 ) 
4 25 31 (-1024 310 -2810 ) (-690 310 -2810 ) (-690 310 -1600 ) (-1024 310 -1600 ) 
4 25 30 (-690 310 -2810 ) (-474 310 -2810 ) (-474 310 -2788 ) (-690 310 -2788 ) 
4 25 29 (-478 310 -2640 ) (-686 310 -2640 ) (-686 310 -2784 ) (-478 310 -2784 ) 
4 25 28 (-474 310 -2636 ) (-474 310 -2622 ) (-690 310 -2622 ) (-690 310 -2636 ) 
4 25 27 (-478 310 -2474 ) (-686 310 -2474 ) (-686 310 -2618 ) (-478 310 -2618 ) 
4 25 26 (-474 310 -2470 ) (-474 310 -1600 ) (-690 310 -1600 ) (-690 310 -2470 ) 
4 26 32 (-474 300 -2470 ) (-474 300 -1600 ) (-690 300 -1600 ) (-690 300 -2470 ) 
4 26 31 (-690 310 -1600 ) (-690 310 -2470 ) (-690 300 -2470 ) (-690 300 -1600 ) 
4 27 32 (-478 300 -2474 ) (-686 300 -2474 ) (-686 300 -2618 ) (-478 300 -2618 ) 
4 28 32 (-474 300 -2636 ) (-474 300 -2622 ) (-690 300 -2622 ) (-690 300 -2636 ) 
4 28 31 (-690 310 -2622 ) (-690 310 -2636 ) (-690 300 -2636 ) (-690 300 -2622 ) 
4 29 32 (-478 300 -2640 ) (-686 300 -2640 ) (-686 300 -2784 ) (-478 300 -2784 ) 
4 30 32 (-690 300 -2810 ) (-474 300 -2810 ) (-474 300 -2788 ) (-690 300 -2788 ) 
4 30 31 (-690 310 -2788 ) (-690 310 -2810 ) (-690 300 -2810 ) (-690 300 -2788 ) 
4 31 33 (-1024 310 -2810 ) (-1024 300 -2810 ) (-1024 300 -1600 ) (-1024 310 -1600 ) 
4 31 32 (-1024 300 -1600 ) (-1024 300 -2810 ) (-690 300 -2810 ) (-690 300 -1600 ) 
4 32 38 (-1024 0 -1600 ) (-1024 0 -2810 ) (-474 0 -2810 ) (-474 0 -1600 ) 
4 32 33 (-1024 300 -2810 ) (-1024 0 -2810 ) (-1024 0 -1600 ) (-1024 300 -1600 ) 
5 33 39 (-1024 0 -2810 ) (-1024 0 -1600 ) (-2048 0 -1600 ) (-2048 0 -1803.905029 ) (-1091.705566 0 -2810 ) 
6 33 34 (-2048 0 -1803.905029 ) (-2048 0 -1600 ) (-2048 1010.422180 -1600 ) (-2048 809.739563 -1681.761963 ) (-2048 422.441010 -1778.599121 ) (-2048 64.213104 -1809.429565 ) 
3 34 42 (-2048 0 -1803.904907 ) (-2048 0 -1600 ) (-2241.811768 0 -1600 ) 
4 35 36 (1024 0 -1600 ) (1024 0 -1668.988159 ) (1024 -325.387268 -1640.983276 ) (1024 -489.264740 -1600 ) 
9 36 38 (0 0 -1600 ) (0 0 -2746.305176 ) (0 -76.057648 -2739.759277 ) (0 -227.653290 -2701.847412 ) (0 -405.175049 -2629.520020 ) (0 -640.038086 -2500.658691 ) (0 -991.968628 -2265.329834 ) (0 -1024 -2240.894775 ) (0 -1024 -1600 ) 
6 36 37 (0 -1024 -1600 ) (0 -1024 -2240.894775 ) (17.470257 -1024 -2232.194580 ) (314.108948 -1024 -2033.254272 ) (759.436890 -1024 -1669.264160 ) (833.719666 -1024 -1600 ) 
4 37 40 (0 -1024 -1600 ) (0 -1024 -2240.894775 ) (0 -1635.397827 -1774.494263 ) (0 -1846.138672 -1600 ) 
9 38 40 (0 -1024 -2240.894775 ) (0 -1024 -1600 ) (-1024 -1024 -1600 ) (-1024 -1024 -2304.773438 ) (-945.051453 -1024 -2344.091064 ) (-753.449158 -1024 -2402.672852 ) (-576.152954 -1024 -2421.329834 ) (-398.747162 -1024 -2402.663086 ) (-207.255981 -1024 -2344.108643 ) 
8 38 39 (-1024 0 -1600 ) (-1024 0 -2810 ) (-1024 -255.652039 -2810 ) (-1024 -300.785095 -2791.611328 ) (-1024 -483.177734 -2691.540771 ) (-1024 -756.946411 -2508.491699 ) (-1024 -1024 -2304.773438 ) (-1024 -1024 -1600 ) 
5 39 42 (-2048 0 -1600 ) (-2048 0 -1803.904907 ) (-2048 -294.220551 -1778.591919 ) (-2048 -681.226196 -1681.778076 ) (-2048 -881.942383 -1600 ) 
6 39 41 (-1024 -1024 -2304.773438 ) (-1024 -1024 -1600 ) (-1985.928589 -1024 -1600 ) (-1911.431030 -1024 -1669.465210 ) (-1466.429321 -1024 -2033.191772 ) (-1169.689575 -1024 -2232.217773 ) 
4 40 41 (-1024 -1024 -1600 ) (-1024 -1024 -2304.773438 ) (-1024 -1256.880737 -2127.123535 ) (-1024 -1893.489380 -1600 ) 
