PRT1
42
105
4 0 3 (389 1024 64 ) (389 1024 469.333008 ) (0 1024 469.333008 ) (0 1024 64 ) 
4 0 1 (0 1024 64 ) (0 1024 469.333008 ) (0 1120 469.333008 ) (0 1120 64 ) 
4 1 5 (0 1024 64 ) (0 1024 469.333008 ) (-1024 1024 469.333008 ) (-1024 1024 64 ) 
4 1 2 (-1024 1024 64 ) (-1024 1024 469.333008 ) (-1024 1120 469.333008 ) (-1024 1120 64 ) 
4 2 39 (-1120 1024 469.333008 ) (-1381 1024 469.333008 ) (-1381 1024 64 ) (-1120 1024 64 ) 
4 2 35 (-1088 1024 469.333008 ) (-1120 1024 469.333008 ) (-1120 1024 64 ) (-1088 1024 64 ) 
4 2 30 (-1024 1024 64 ) (-1024 1024 469.333008 ) (-1088 1024 469.333008 ) (-1088 1024 64 ) 
4 3 29 (0 608 64 ) (0 0 64 ) (0 0 469.333008 ) (0 608 469.333008 ) 
4 3 7 (0 640 64 ) (0 608 64 ) (0 608 288 ) (0 640 288 ) 
4 3 6 (0 608 288 ) (0 608 469.333008 ) (0 640 469.333008 ) (0 640 288 ) 
4 3 5 (0 1024 469.333008 ) (0 1024 64 ) (0 640 64 ) (0 640 469.333008 ) 
4 3 4 (389 0 469.333008 ) (0 0 469.333008 ) (0 0 64 ) (389 0 64 ) 
4 4 40 (0 -354 469.333008 ) (0 0 469.333008 ) (0 0 64 ) (0 -354 64 ) 
4 5 30 (-1024 1024 469.333008 ) (-1024 1024 64 ) (-1024 640 64 ) (-1024 640 469.333008 ) 
4 5 28 (-1024 640 96 ) (-1024 640 64 ) (-992 640 64 ) (-992 640 96 ) 
4 5 27 (-992 640 64 ) (-896 640 64 ) (-896 640 256 ) (-992 640 256 ) 
4 5 25 (-768 640 192 ) (-768 640 256 ) (-864 640 256 ) (-864 640 192 ) 
4 5 26 (-864 640 64 ) (-768 640 64 ) (-768 640 160 ) (-864 640 160 ) 
4 5 24 (-736 640 64 ) (-672 640 64 ) (-672 640 256 ) (-736 640 256 ) 
4 5 22 (-608 640 64 ) (-576 640 64 ) (-576 640 128 ) (-608 640 128 ) 
4 5 23 (-640 640 64 ) (-608 640 64 ) (-608 640 160 ) (-640 640 160 ) 
4 5 20 (-544 640 128 ) (-544 640 160 ) (-576 640 160 ) (-576 640 128 ) 
4 5 21 (-576 640 64 ) (-544 640 64 ) (-544 640 96 ) (-576 640 96 ) 
4 5 19 (-544 640 192 ) (-544 640 256 ) (-640 640 256 ) (-640 640 192 ) 
4 5 17 (-672 640 288 ) (-768 640 288 ) (-768 640 256 ) (-672 640 256 ) 
4 5 18 (-864 640 288 ) (-960 640 288 ) (-960 640 256 ) (-864 640 256 ) 
4 5 15 (-512 640 288 ) (-544 640 288 ) (-544 640 256 ) (-512 640 256 ) 
4 5 16 (-544 640 192 ) (-544 640 96 ) (-512 640 96 ) (-512 640 192 ) 
4 5 14 (-448 640 288 ) (-512 640 288 ) (-512 640 64 ) (-448 640 64 ) 
4 5 13 (-416 640 160 ) (-416 640 96 ) (-288 640 96 ) (-288 640 160 ) 
4 5 12 (-416 640 256 ) (-416 640 192 ) (-288 640 192 ) (-288 640 256 ) 
4 5 11 (-224 640 288 ) (-288 640 288 ) (-288 640 64 ) (-224 640 64 ) 
4 5 10 (-192 640 256 ) (-192 640 96 ) (-96 640 96 ) (-96 640 256 ) 
4 5 8 (-64 640 288 ) (-96 640 288 ) (-96 640 256 ) (-64 640 256 ) 
4 5 9 (-96 640 96 ) (-96 640 64 ) (-64 640 64 ) (-64 640 96 ) 
4 5 7 (0 640 64 ) (0 640 288 ) (-64 640 288 ) (-64 640 64 ) 
4 5 6 (0 640 288 ) (0 640 469.333008 ) (-1024 640 469.333008 ) (-1024 640 288 ) 
4 6 31 (-1024 608 288 ) (-1024 608 469.333008 ) (-1024 640 469.333008 ) (-1024 640 288 ) 
4 6 29 (-1024 608 469.333008 ) (-1024 608 288 ) (0 608 288 ) (0 608 469.333008 ) 
4 6 17 (-672 608 288 ) (-768 608 288 ) (-768 640 288 ) (-672 640 288 ) 
4 6 18 (-864 608 288 ) (-960 608 288 ) (-960 640 288 ) (-864 640 288 ) 
4 6 15 (-512 608 288 ) (-544 608 288 ) (-544 640 288 ) (-512 640 288 ) 
4 6 14 (-448 608 288 ) (-512 608 288 ) (-512 640 288 ) (-448 640 288 ) 
4 6 11 (-224 608 288 ) (-288 608 288 ) (-288 640 288 ) (-224 640 288 ) 
4 6 8 (-64 608 288 ) (-96 608 288 ) (-96 640 288 ) (-64 640 288 ) 
4 6 7 (0 608 288 ) (-64 608 288 ) (-64 640 288 ) (0 640 288 ) 
4 7 29 (-64 608 64 ) (0 608 64 ) (0 608 288 ) (-64 608 288 ) 
4 7 8 (-64 608 256 ) (-64 608 288 ) (-64 640 288 ) (-64 640 256 ) 
4 7 9 (-64 640 64 ) (-64 608 64 ) (-64 608 96 ) (-64 640 96 ) 
4 8 29 (-64 608 256 ) (-64 608 288 ) (-96 608 288 ) (-96 608 256 ) 
4 9 29 (-96 608 64 ) (-64 608 64 ) (-64 608 96 ) (-96 608 96 ) 
4 10 29 (-96 608 96 ) (-96 608 256 ) (-192 608 256 ) (-192 608 96 ) 
4 11 29 (-288 608 64 ) (-224 608 64 ) (-224 608 288 ) (-288 608 288 ) 
4 11 13 (-288 608 96 ) (-288 608 160 ) (-288 640 160 ) (-288 640 96 ) 
4 11 12 (-288 608 192 ) (-288 608 256 ) (-288 640 256 ) (-288 640 192 ) 
4 12 29 (-288 608 192 ) (-288 608 256 ) (-416 608 256 ) (-416 608 192 ) 
4 13 29 (-288 608 96 ) (-288 608 160 ) (-416 608 160 ) (-416 608 96 ) 
4 14 29 (-512 608 64 ) (-448 608 64 ) (-448 608 288 ) (-512 608 288 ) 
4 14 15 (-512 608 256 ) (-512 608 288 ) (-512 640 288 ) (-512 640 256 ) 
4 14 16 (-512 608 96 ) (-512 608 192 ) (-512 640 192 ) (-512 640 96 ) 
4 15 29 (-512 608 256 ) (-512 608 288 ) (-544 608 288 ) (-544 608 256 ) 
4 16 29 (-512 608 96 ) (-512 608 192 ) (-544 608 192 ) (-544 608 96 ) 
4 16 20 (-544 608 128 ) (-544 608 160 ) (-544 640 160 ) (-544 640 128 ) 
4 17 29 (-768 608 256 ) (-672 608 256 ) (-672 608 288 ) (-768 608 288 ) 
4 17 24 (-736 640 256 ) (-672 640 256 ) (-672 608 256 ) (-736 608 256 ) 
4 18 29 (-960 608 256 ) (-864 608 256 ) (-864 608 288 ) (-960 608 288 ) 
4 18 27 (-960 640 256 ) (-896 640 256 ) (-896 608 256 ) (-960 608 256 ) 
4 19 29 (-544 608 192 ) (-544 608 256 ) (-640 608 256 ) (-640 608 192 ) 
4 20 29 (-544 608 128 ) (-544 608 160 ) (-576 608 160 ) (-576 608 128 ) 
4 21 29 (-576 608 64 ) (-544 608 64 ) (-544 608 96 ) (-576 608 96 ) 
4 21 22 (-576 640 64 ) (-576 608 64 ) (-576 608 96 ) (-576 640 96 ) 
4 22 29 (-608 608 64 ) (-576 608 64 ) (-576 608 128 ) (-608 608 128 ) 
4 22 23 (-608 640 64 ) (-608 608 64 ) (-608 608 128 ) (-608 640 128 ) 
4 23 29 (-640 608 64 ) (-608 608 64 ) (-608 608 160 ) (-640 608 160 ) 
4 24 29 (-736 608 64 ) (-672 608 64 ) (-672 608 256 ) (-736 608 256 ) 
4 25 29 (-768 608 192 ) (-768 608 256 ) (-864 608 256 ) (-864 608 192 ) 
4 26 29 (-864 608 64 ) (-768 608 64 ) (-768 608 160 ) (-864 608 160 ) 
4 27 29 (-992 608 64 ) (-896 608 64 ) (-896 608 256 ) (-992 608 256 ) 
4 27 28 (-992 640 64 ) (-992 608 64 ) (-992 608 96 ) (-992 640 96 ) 
4 28 29 (-1024 608 96 ) (-1024 608 64 ) (-992 608 64 ) (-992 608 96 ) 
4 29 40 (0 0 64 ) (0 0 469.333008 ) (-1024 0 469.333008 ) (-1024 0 64 ) 
4 29 34 (-1024 0 64 ) (-1024 0 469.333008 ) (-1024 608 469.333008 ) (-1024 608 64 ) 
4 30 35 (-1088 1024 64 ) (-1088 640 64 ) (-1088 640 469.333008 ) (-1088 1024 469.333008 ) 
4 30 31 (-1024 640 288 ) (-1024 640 469.333008 ) (-1056 640 469.333008 ) (-1056 640 288 ) 
4 30 32 (-1056 640 96 ) (-1024 640 96 ) (-1024 640 256 ) (-1056 640 256 ) 
4 30 33 (-1088 640 469.333008 ) (-1088 640 96 ) (-1056 640 96 ) (-1056 640 469.333008 ) 
4 31 34 (-1024 608 288 ) (-1024 608 469.333008 ) (-1056 608 469.333008 ) (-1056 608 288 ) 
4 31 33 (-1056 640 469.333008 ) (-1056 640 288 ) (-1056 608 288 ) (-1056 608 469.333008 ) 
4 32 33 (-1056 640 256 ) (-1056 640 96 ) (-1056 608 96 ) (-1056 608 256 ) 
4 32 34 (-1056 608 96 ) (-1024 608 96 ) (-1024 608 256 ) (-1056 608 256 ) 
4 33 36 (-1088 608 128 ) (-1088 608 469.333008 ) (-1088 640 469.333008 ) (-1088 640 128 ) 
4 33 34 (-1088 608 469.333008 ) (-1088 608 96 ) (-1056 608 96 ) (-1056 608 469.333008 ) 
4 34 41 (-1024 0 64 ) (-1024 0 469.333008 ) (-1088 0 469.333008 ) (-1088 0 64 ) 
4 34 38 (-1088 608 64 ) (-1088 0 64 ) (-1088 0 469.333008 ) (-1088 608 469.333008 ) 
4 35 39 (-1120 1024 64 ) (-1120 640 64 ) (-1120 640 469.333008 ) (-1120 1024 469.333008 ) 
4 35 36 (-1120 640 469.333008 ) (-1120 640 128 ) (-1088 640 128 ) (-1088 640 469.333008 ) 
4 35 37 (-1120 640 96 ) (-1120 640 64 ) (-1088 640 64 ) (-1088 640 96 ) 
4 36 39 (-1120 608 128 ) (-1120 608 469.333008 ) (-1120 640 469.333008 ) (-1120 640 128 ) 
4 36 38 (-1120 608 469.333008 ) (-1120 608 128 ) (-1088 608 128 ) (-1088 608 469.333008 ) 
4 37 39 (-1120 640 64 ) (-1120 608 64 ) (-1120 608 96 ) (-1120 640 96 ) 
4 37 38 (-1120 608 96 ) (-1120 608 64 ) (-1088 608 64 ) (-1088 608 96 ) 
4 38 41 (-1088 0 469.333008 ) (-1120 0 469.333008 ) (-1120 0 64 ) (-1088 0 64 ) 
4 38 39 (-1120 608 64 ) (-1120 0 64 ) (-1120 0 469.333008 ) (-1120 608 469.333008 ) 
4 39 41 (-1120 0 469.333008 ) (-1381 0 469.333008 ) (-1381 0 64 ) (-1120 0 64 ) 
4 40 41 (-1024 0 469.333008 ) (-1024 0 64 ) (-1024 -354 64 ) (-1024 -354 469.333008 ) 
