


materialPath: D:\Steam\steamapps\common\Counter-Strike Global Offensive\csgo\materials
Loading D:\Desktop\computing\Counter Strike\maps\random maps\jared_name.vmf
Map revision 5
fixing up env_cubemap materials on brush sides...
0...1...2...3...4...5...6...7...8...9...100...1...2...3...4...5...6...7...8...9...10Processing areas...done (0)
Building Faces...done (0)
FixTjuncs...
PruneNodes...
WriteBSP...
done (0)
writing D:\Desktop\computing\Counter Strike\maps\random maps\jared_name.prt...Building visibility clusters...
done (0)
Finding displacement neighbors...
Finding lightmap sample positions...
Displacement Alpha : 0...1...2...3...4...5...6...7...8...9...10
Building Physics collision data...
done (0) (11260 bytes)
Placing detail props : 0...1...2...3...4...5...6...7...8...9...10
Compacting texture/material tables...
Reduced 18 texinfos to 14
Reduced 6 texdatas to 6 (187 bytes to 187)
Writing D:\Desktop\computing\Counter Strike\maps\random maps\jared_name.bsp
MSG_FILEWRITE - Filesystem was asked to write to 'd:\desktop\computing\counter strike\maps\random maps\jared_name.bsp', but we don't own that location. Allowing.
0 seconds elapsed



4 threads
reading d:\desktop\computing\counter strike\maps\random maps\jared_name.bsp
reading d:\desktop\computing\counter strike\maps\random maps\jared_name.prt
  38 portalclusters
  97 numportals
0...1...2...3...4...5...6...7...8...9...10Optimized: 0 visible clusters (0.00%)
Total clusters visible: 818
Average clusters visible: 21
Building PAS...
Average clusters audible: 38
visdatasize:701  compressed from 608
writing d:\desktop\computing\counter strike\maps\random maps\jared_name.bsp
MSG_FILEWRITE - Filesystem was asked to write to 'd:\desktop\computing\counter strike\maps\random maps\jared_name.bsp', but we don't own that location. Allowing.
0 seconds elapsed



[Reading texlights from 'lights.rad']
[17 texlights parsed from 'lights.rad']

Loading d:\desktop\computing\counter strike\maps\random maps\jared_name.bsp
175 faces
51044 square feet [7350353.00 square inches]
0 Displacements
0 Square Feet [0.00 Square Inches]
175 patches before subdivision
1849 patches after subdivision
2 direct lights
0...1...2...3...4...5...6...7...8...9...100...1...2...3...4...5...6...7...8...9...10transfers 30205, max 159
transfer lists:   0.2 megs
0...1...2...3...4...5...6...7...8...9...10	Bounce #1 added RGB(1897, 1831, 1833)
0...1...2...3...4...5...6...7...8...9...10	Bounce #2 added RGB(307, 292, 299)
0...1...2...3...4...5...6...7...8...9...10	Bounce #3 added RGB(44, 41, 42)
0...1...2...3...4...5...6...7...8...9...10	Bounce #4 added RGB(9, 8, 8)
0...1...2...3...4...5...6...7...8...9...10	Bounce #5 added RGB(2, 1, 2)
0...1...2...3...4...5...6...7...8...9...10	Bounce #6 added RGB(0, 0, 0)
Build Patch/Sample Hash Table(s).....Done<0.0004 sec>
0...1...2...3...4...5...6...7...8...9...10FinalLightFace Done
0 of 0 (0% of) surface lights went in leaf ambient cubes.
0...1...2...3...4...5...6...7...8...9...10Writing leaf ambient...done
Ready to Finish

Object names       Objects/Maxobjs  Memory / Maxmem  Fullness 
------------       ---------------  ---------------  -------- 
models                   1/1024           48/49152    ( 0.1%) 
brushes                 30/8192          360/98304    ( 0.4%) 
brushsides             180/81920        1440/655360   ( 0.2%) 
planes                 106/65536        2120/1310720  ( 0.2%) 
vertexes               238/65536        2856/786432   ( 0.4%) 
nodes                   99/65536        3168/2097152  ( 0.2%) 
texinfos                14/12288        1008/884736   ( 0.1%) 
texdata                  6/4096          192/131072   ( 0.1%) 
dispinfos                0/0               0/0        ( 0.0%) 
disp_verts               0/0               0/0        ( 0.0%) 
disp_tris                0/0               0/0        ( 0.0%) 
disp_multiblend          0/0               0/0        ( 0.0%) 
disp_lmsamples           0/0               0/0        ( 0.0%) 
faces                  175/65536        9800/3670016  ( 0.3%) 
hdr faces                0/65536           0/3670016  ( 0.0%) 
origfaces              120/65536        6720/3670016  ( 0.2%) 
facebrushes             10/0              20/0        ( 0.0%) 
facebrushlists         175/0             700/0        ( 0.0%) 
leaves                 101/65536        3232/2097152  ( 0.2%) 
leaffaces              190/65536         380/131072   ( 0.3%) 
leafbrushes             57/65536         114/131072   ( 0.1%) 
areas                    2/1024           16/8192     ( 0.2%) 
surfedges             1270/512000       5080/2048000  ( 0.2%) 
edges                  690/256000       2760/1024000  ( 0.3%) 
LDR worldlights          2/8192          200/819200   ( 0.0%) 
HDR worldlights          0/8192            0/819200   ( 0.0%) 
leafwaterdata            0/32768           0/393216   ( 0.0%) 
waterstrips              4/32768          40/327680   ( 0.0%) 
waterverts               0/65536           0/786432   ( 0.0%) 
waterindices            51/65536         102/131072   ( 0.1%) 
cubemapsamples           0/1024            0/16384    ( 0.0%) 
overlays                 0/1024            0/360448   ( 0.0%) 
LDR lightdata         [variable]       87788/0        ( 0.0%) 
HDR lightdata         [variable]           0/0        ( 0.0%) 
visdata               [variable]         701/16777216 ( 0.0%) 
entdata               [variable]         627/393216   ( 0.2%) 
LDR ambient table      101/65536         404/262144   ( 0.2%) 
HDR ambient table      101/65536         404/262144   ( 0.2%) 
LDR leaf ambient       327/65536        9156/1835008  ( 0.5%) 
HDR leaf ambient       101/65536        2828/1835008  ( 0.2%) 
occluders                0/0               0/0        ( 0.0%) 
occluder polygons        0/0               0/0        ( 0.0%) 
occluder vert ind        0/0               0/0        ( 0.0%) 
detail props          [variable]           1/12       ( 8.3%) 
static props          [variable]           1/896      ( 0.1%) 
pakfile               [variable]       74438/0        ( 0.0%) 
physics               [variable]       11260/4194304  ( 0.3%) 
physics terrain       [variable]           2/1048576  ( 0.0%) 

Level flags = 7c

Total triangle count: 440
Writing d:\desktop\computing\counter strike\maps\random maps\jared_name.bsp
MSG_FILEWRITE - Filesystem was asked to write to 'd:\desktop\computing\counter strike\maps\random maps\jared_name.bsp', but we don't own that location. Allowing.
0 seconds elapsed



materialPath: D:\Steam\steamapps\common\Counter-Strike Global Offensive\csgo\materials
Loading D:\Desktop\computing\Counter Strike\maps\random maps\jared_name.vmf
Map revision 6
fixing up env_cubemap materials on brush sides...
0...1...2...3...4...5...6...7...8...9...100...1...2...3...4...5...6...7...8...9...10Processing areas...done (0)
Building Faces...done (0)
FixTjuncs...
PruneNodes...
WriteBSP...
done (0)
writing D:\Desktop\computing\Counter Strike\maps\random maps\jared_name.prt...Building visibility clusters...
done (0)
Finding displacement neighbors...
Finding lightmap sample positions...
Displacement Alpha : 0...1...2...3...4...5...6...7...8...9...10
Building Physics collision data...
done (0) (11260 bytes)
Placing detail props : 0...1...2...3...4...5...6...7...8...9...10
Compacting texture/material tables...
Reduced 18 texinfos to 14
Reduced 6 texdatas to 6 (187 bytes to 187)
Writing D:\Desktop\computing\Counter Strike\maps\random maps\jared_name.bsp
MSG_FILEWRITE - Filesystem was asked to write to 'd:\desktop\computing\counter strike\maps\random maps\jared_name.bsp', but we don't own that location. Allowing.
0 seconds elapsed



4 threads
reading d:\desktop\computing\counter strike\maps\random maps\jared_name.bsp
reading d:\desktop\computing\counter strike\maps\random maps\jared_name.prt
  38 portalclusters
  97 numportals
0...1...2...3...4...5...6...7...8...9...10Optimized: 0 visible clusters (0.00%)
Total clusters visible: 818
Average clusters visible: 21
Building PAS...
Average clusters audible: 38
visdatasize:701  compressed from 608
writing d:\desktop\computing\counter strike\maps\random maps\jared_name.bsp
MSG_FILEWRITE - Filesystem was asked to write to 'd:\desktop\computing\counter strike\maps\random maps\jared_name.bsp', but we don't own that location. Allowing.
0 seconds elapsed



[Reading texlights from 'lights.rad']
[17 texlights parsed from 'lights.rad']

Loading d:\desktop\computing\counter strike\maps\random maps\jared_name.bsp
175 faces
51044 square feet [7350353.00 square inches]
0 Displacements
0 Square Feet [0.00 Square Inches]
175 patches before subdivision
1849 patches after subdivision
2 direct lights
0...1...2...3...4...5...6...7...8...9...100...1...2...3...4...5...6...7...8...9...10transfers 30205, max 159
transfer lists:   0.2 megs
0...1...2...3...4...5...6...7...8...9...10	Bounce #1 added RGB(1897, 1831, 1833)
0...1...2...3...4...5...6...7...8...9...10	Bounce #2 added RGB(307, 292, 299)
0...1...2...3...4...5...6...7...8...9...10	Bounce #3 added RGB(44, 41, 42)
0...1...2...3...4...5...6...7...8...9...10	Bounce #4 added RGB(9, 8, 8)
0...1...2...3...4...5...6...7...8...9...10	Bounce #5 added RGB(2, 1, 2)
0...1...2...3...4...5...6...7...8...9...10	Bounce #6 added RGB(0, 0, 0)
Build Patch/Sample Hash Table(s).....Done<0.0004 sec>
0...1...2...3...4...5...6...7...8...9...10FinalLightFace Done
0 of 0 (0% of) surface lights went in leaf ambient cubes.
0...1...2...3...4...5...6...7...8...9...10Writing leaf ambient...done
Ready to Finish

Object names       Objects/Maxobjs  Memory / Maxmem  Fullness 
------------       ---------------  ---------------  -------- 
models                   1/1024           48/49152    ( 0.1%) 
brushes                 30/8192          360/98304    ( 0.4%) 
brushsides             180/81920        1440/655360   ( 0.2%) 
planes                 106/65536        2120/1310720  ( 0.2%) 
vertexes               238/65536        2856/786432   ( 0.4%) 
nodes                   99/65536        3168/2097152  ( 0.2%) 
texinfos                14/12288        1008/884736   ( 0.1%) 
texdata                  6/4096          192/131072   ( 0.1%) 
dispinfos                0/0               0/0        ( 0.0%) 
disp_verts               0/0               0/0        ( 0.0%) 
disp_tris                0/0               0/0        ( 0.0%) 
disp_multiblend          0/0               0/0        ( 0.0%) 
disp_lmsamples           0/0               0/0        ( 0.0%) 
faces                  175/65536        9800/3670016  ( 0.3%) 
hdr faces                0/65536           0/3670016  ( 0.0%) 
origfaces              120/65536        6720/3670016  ( 0.2%) 
facebrushes             10/0              20/0        ( 0.0%) 
facebrushlists         175/0             700/0        ( 0.0%) 
leaves                 101/65536        3232/2097152  ( 0.2%) 
leaffaces              190/65536         380/131072   ( 0.3%) 
leafbrushes             57/65536         114/131072   ( 0.1%) 
areas                    2/1024           16/8192     ( 0.2%) 
surfedges             1270/512000       5080/2048000  ( 0.2%) 
edges                  690/256000       2760/1024000  ( 0.3%) 
LDR worldlights          2/8192          200/819200   ( 0.0%) 
HDR worldlights          0/8192            0/819200   ( 0.0%) 
leafwaterdata            0/32768           0/393216   ( 0.0%) 
waterstrips              4/32768          40/327680   ( 0.0%) 
waterverts               0/65536           0/786432   ( 0.0%) 
waterindices            51/65536         102/131072   ( 0.1%) 
cubemapsamples           0/1024            0/16384    ( 0.0%) 
overlays                 0/1024            0/360448   ( 0.0%) 
LDR lightdata         [variable]       87788/0        ( 0.0%) 
HDR lightdata         [variable]           0/0        ( 0.0%) 
visdata               [variable]         701/16777216 ( 0.0%) 
entdata               [variable]         627/393216   ( 0.2%) 
LDR ambient table      101/65536         404/262144   ( 0.2%) 
HDR ambient table      101/65536         404/262144   ( 0.2%) 
LDR leaf ambient       327/65536        9156/1835008  ( 0.5%) 
HDR leaf ambient       101/65536        2828/1835008  ( 0.2%) 
occluders                0/0               0/0        ( 0.0%) 
occluder polygons        0/0               0/0        ( 0.0%) 
occluder vert ind        0/0               0/0        ( 0.0%) 
detail props          [variable]           1/12       ( 8.3%) 
static props          [variable]           1/896      ( 0.1%) 
pakfile               [variable]       74438/0        ( 0.0%) 
physics               [variable]       11260/4194304  ( 0.3%) 
physics terrain       [variable]           2/1048576  ( 0.0%) 

Level flags = 7c

Total triangle count: 440
Writing d:\desktop\computing\counter strike\maps\random maps\jared_name.bsp
MSG_FILEWRITE - Filesystem was asked to write to 'd:\desktop\computing\counter strike\maps\random maps\jared_name.bsp', but we don't own that location. Allowing.
0 seconds elapsed



materialPath: D:\Steam\steamapps\common\Counter-Strike Global Offensive\csgo\materials
Loading D:\Desktop\computing\Counter Strike\maps\random maps\jared_name.vmf
Map revision 7
fixing up env_cubemap materials on brush sides...
0...1...2...3...4...5...6...7...8...9...100...1...2...3...4...5...6...7...8...9...10Processing areas...done (0)
Building Faces...done (0)
FixTjuncs...
PruneNodes...
WriteBSP...
done (0)
writing D:\Desktop\computing\Counter Strike\maps\random maps\jared_name.prt...Building visibility clusters...
done (0)
Finding displacement neighbors...
Finding lightmap sample positions...
Displacement Alpha : 0...1...2...3...4...5...6...7...8...9...10
Building Physics collision data...
done (0) (11260 bytes)
Placing detail props : 0...1...2...3...4...5...6...7...8...9...10
Compacting texture/material tables...
Reduced 18 texinfos to 14
Reduced 6 texdatas to 6 (187 bytes to 187)
Writing D:\Desktop\computing\Counter Strike\maps\random maps\jared_name.bsp
MSG_FILEWRITE - Filesystem was asked to write to 'd:\desktop\computing\counter strike\maps\random maps\jared_name.bsp', but we don't own that location. Allowing.
0 seconds elapsed



4 threads
reading d:\desktop\computing\counter strike\maps\random maps\jared_name.bsp
reading d:\desktop\computing\counter strike\maps\random maps\jared_name.prt
  38 portalclusters
  97 numportals
0...1...2...3...4...5...6...7...8...9...10Optimized: 0 visible clusters (0.00%)
Total clusters visible: 818
Average clusters visible: 21
Building PAS...
Average clusters audible: 38
visdatasize:701  compressed from 608
writing d:\desktop\computing\counter strike\maps\random maps\jared_name.bsp
MSG_FILEWRITE - Filesystem was asked to write to 'd:\desktop\computing\counter strike\maps\random maps\jared_name.bsp', but we don't own that location. Allowing.
0 seconds elapsed



[Reading texlights from 'lights.rad']
[17 texlights parsed from 'lights.rad']

Loading d:\desktop\computing\counter strike\maps\random maps\jared_name.bsp
175 faces
51044 square feet [7350353.00 square inches]
0 Displacements
0 Square Feet [0.00 Square Inches]
175 patches before subdivision
1849 patches after subdivision
2 direct lights
0...1...2...3...4...5...6...7...8...9...100...1...2...3...4...5...6...7...8...9...10transfers 30205, max 159
transfer lists:   0.2 megs
0...1...2...3...4...5...6...7...8...9...10	Bounce #1 added RGB(1601, 1563, 1581)
0...1...2...3...4...5...6...7...8...9...10	Bounce #2 added RGB(192, 182, 186)
0...1...2...3...4...5...6...7...8...9...10	Bounce #3 added RGB(29, 27, 28)
0...1...2...3...4...5...6...7...8...9...10	Bounce #4 added RGB(5, 5, 5)
0...1...2...3...4...5...6...7...8...9...10	Bounce #5 added RGB(1, 1, 1)
Build Patch/Sample Hash Table(s).....Done<0.0004 sec>
0...1...2...3...4...5...6...7...8...9...10FinalLightFace Done
0 of 0 (0% of) surface lights went in leaf ambient cubes.
0...1...2...3...4...5...6...7...8...9...10Writing leaf ambient...done
Ready to Finish

Object names       Objects/Maxobjs  Memory / Maxmem  Fullness 
------------       ---------------  ---------------  -------- 
models                   1/1024           48/49152    ( 0.1%) 
brushes                 30/8192          360/98304    ( 0.4%) 
brushsides             180/81920        1440/655360   ( 0.2%) 
planes                 106/65536        2120/1310720  ( 0.2%) 
vertexes               238/65536        2856/786432   ( 0.4%) 
nodes                   99/65536        3168/2097152  ( 0.2%) 
texinfos                14/12288        1008/884736   ( 0.1%) 
texdata                  6/4096          192/131072   ( 0.1%) 
dispinfos                0/0               0/0        ( 0.0%) 
disp_verts               0/0               0/0        ( 0.0%) 
disp_tris                0/0               0/0        ( 0.0%) 
disp_multiblend          0/0               0/0        ( 0.0%) 
disp_lmsamples           0/0               0/0        ( 0.0%) 
faces                  175/65536        9800/3670016  ( 0.3%) 
hdr faces                0/65536           0/3670016  ( 0.0%) 
origfaces              120/65536        6720/3670016  ( 0.2%) 
facebrushes             10/0              20/0        ( 0.0%) 
facebrushlists         175/0             700/0        ( 0.0%) 
leaves                 101/65536        3232/2097152  ( 0.2%) 
leaffaces              190/65536         380/131072   ( 0.3%) 
leafbrushes             57/65536         114/131072   ( 0.1%) 
areas                    2/1024           16/8192     ( 0.2%) 
surfedges             1270/512000       5080/2048000  ( 0.2%) 
edges                  690/256000       2760/1024000  ( 0.3%) 
LDR worldlights          2/8192          200/819200   ( 0.0%) 
HDR worldlights          0/8192            0/819200   ( 0.0%) 
leafwaterdata            0/32768           0/393216   ( 0.0%) 
waterstrips              4/32768          40/327680   ( 0.0%) 
waterverts               0/65536           0/786432   ( 0.0%) 
waterindices            51/65536         102/131072   ( 0.1%) 
cubemapsamples           0/1024            0/16384    ( 0.0%) 
overlays                 0/1024            0/360448   ( 0.0%) 
LDR lightdata         [variable]       87788/0        ( 0.0%) 
HDR lightdata         [variable]           0/0        ( 0.0%) 
visdata               [variable]         701/16777216 ( 0.0%) 
entdata               [variable]         627/393216   ( 0.2%) 
LDR ambient table      101/65536         404/262144   ( 0.2%) 
HDR ambient table      101/65536         404/262144   ( 0.2%) 
LDR leaf ambient       279/65536        7812/1835008  ( 0.4%) 
HDR leaf ambient       101/65536        2828/1835008  ( 0.2%) 
occluders                0/0               0/0        ( 0.0%) 
occluder polygons        0/0               0/0        ( 0.0%) 
occluder vert ind        0/0               0/0        ( 0.0%) 
detail props          [variable]           1/12       ( 8.3%) 
static props          [variable]           1/896      ( 0.1%) 
pakfile               [variable]       74438/0        ( 0.0%) 
physics               [variable]       11260/4194304  ( 0.3%) 
physics terrain       [variable]           2/1048576  ( 0.0%) 

Level flags = 7c

Total triangle count: 440
Writing d:\desktop\computing\counter strike\maps\random maps\jared_name.bsp
MSG_FILEWRITE - Filesystem was asked to write to 'd:\desktop\computing\counter strike\maps\random maps\jared_name.bsp', but we don't own that location. Allowing.
0 seconds elapsed



materialPath: D:\Steam\steamapps\common\Counter-Strike Global Offensive\csgo\materials
Loading D:\Desktop\computing\Counter Strike\maps\random maps\jared_name.vmf
Map revision 9
fixing up env_cubemap materials on brush sides...
0...1...2...3...4...5...6...7...8...9...100...1...2...3...4...5...6...7...8...9...10Processing areas...done (0)
Building Faces...done (0)
FixTjuncs...
PruneNodes...
WriteBSP...
done (0)
writing D:\Desktop\computing\Counter Strike\maps\random maps\jared_name.prt...Building visibility clusters...
done (0)
Finding displacement neighbors...
Finding lightmap sample positions...
Displacement Alpha : 0...1...2...3...4...5...6...7...8...9...10
Building Physics collision data...
done (0) (11260 bytes)
Placing detail props : 0...1...2...3...4...5...6...7...8...9...10
Compacting texture/material tables...
Reduced 18 texinfos to 14
Reduced 6 texdatas to 6 (187 bytes to 187)
Writing D:\Desktop\computing\Counter Strike\maps\random maps\jared_name.bsp
MSG_FILEWRITE - Filesystem was asked to write to 'd:\desktop\computing\counter strike\maps\random maps\jared_name.bsp', but we don't own that location. Allowing.
0 seconds elapsed



4 threads
reading d:\desktop\computing\counter strike\maps\random maps\jared_name.bsp
reading d:\desktop\computing\counter strike\maps\random maps\jared_name.prt
  38 portalclusters
  97 numportals
0...1...2...3...4...5...6...7...8...9...10Optimized: 0 visible clusters (0.00%)
Total clusters visible: 818
Average clusters visible: 21
Building PAS...
Average clusters audible: 38
visdatasize:701  compressed from 608
writing d:\desktop\computing\counter strike\maps\random maps\jared_name.bsp
MSG_FILEWRITE - Filesystem was asked to write to 'd:\desktop\computing\counter strike\maps\random maps\jared_name.bsp', but we don't own that location. Allowing.
0 seconds elapsed



[Reading texlights from 'lights.rad']
[17 texlights parsed from 'lights.rad']

Loading d:\desktop\computing\counter strike\maps\random maps\jared_name.bsp
175 faces
51044 square feet [7350353.00 square inches]
0 Displacements
0 Square Feet [0.00 Square Inches]
175 patches before subdivision
2013 patches after subdivision
2 direct lights
0...1...2...3...4...5...6...7...8...9...100...1...2...3...4...5...6...7...8...9...10transfers 33934, max 160
transfer lists:   0.3 megs
0...1...2...3...4...5...6...7...8...9...10	Bounce #1 added RGB(2153, 2088, 2099)
0...1...2...3...4...5...6...7...8...9...10	Bounce #2 added RGB(294, 279, 284)
0...1...2...3...4...5...6...7...8...9...10	Bounce #3 added RGB(43, 40, 41)
0...1...2...3...4...5...6...7...8...9...10	Bounce #4 added RGB(8, 7, 8)
0...1...2...3...4...5...6...7...8...9...10	Bounce #5 added RGB(2, 1, 1)
0...1...2...3...4...5...6...7...8...9...10	Bounce #6 added RGB(0, 0, 0)
Build Patch/Sample Hash Table(s).....Done<0.0005 sec>
0...1...2...3...4...5...6...7...8...9...10FinalLightFace Done
0 of 0 (0% of) surface lights went in leaf ambient cubes.
0...1...2...3...4...5...6...7...8...9...10Writing leaf ambient...done
Ready to Finish

Object names       Objects/Maxobjs  Memory / Maxmem  Fullness 
------------       ---------------  ---------------  -------- 
models                   1/1024           48/49152    ( 0.1%) 
brushes                 30/8192          360/98304    ( 0.4%) 
brushsides             180/81920        1440/655360   ( 0.2%) 
planes                 106/65536        2120/1310720  ( 0.2%) 
vertexes               238/65536        2856/786432   ( 0.4%) 
nodes                   99/65536        3168/2097152  ( 0.2%) 
texinfos                14/12288        1008/884736   ( 0.1%) 
texdata                  6/4096          192/131072   ( 0.1%) 
dispinfos                0/0               0/0        ( 0.0%) 
disp_verts               0/0               0/0        ( 0.0%) 
disp_tris                0/0               0/0        ( 0.0%) 
disp_multiblend          0/0               0/0        ( 0.0%) 
disp_lmsamples           0/0               0/0        ( 0.0%) 
faces                  175/65536        9800/3670016  ( 0.3%) 
hdr faces                0/65536           0/3670016  ( 0.0%) 
origfaces              120/65536        6720/3670016  ( 0.2%) 
facebrushes             10/0              20/0        ( 0.0%) 
facebrushlists         175/0             700/0        ( 0.0%) 
leaves                 101/65536        3232/2097152  ( 0.2%) 
leaffaces              190/65536         380/131072   ( 0.3%) 
leafbrushes             57/65536         114/131072   ( 0.1%) 
areas                    2/1024           16/8192     ( 0.2%) 
surfedges             1270/512000       5080/2048000  ( 0.2%) 
edges                  690/256000       2760/1024000  ( 0.3%) 
LDR worldlights          2/8192          200/819200   ( 0.0%) 
HDR worldlights          0/8192            0/819200   ( 0.0%) 
leafwaterdata            0/32768           0/393216   ( 0.0%) 
waterstrips              4/32768          40/327680   ( 0.0%) 
waterverts               0/65536           0/786432   ( 0.0%) 
waterindices            51/65536         102/131072   ( 0.1%) 
cubemapsamples           0/1024            0/16384    ( 0.0%) 
overlays                 0/1024            0/360448   ( 0.0%) 
LDR lightdata         [variable]       97308/0        ( 0.0%) 
HDR lightdata         [variable]           0/0        ( 0.0%) 
visdata               [variable]         701/16777216 ( 0.0%) 
entdata               [variable]         626/393216   ( 0.2%) 
LDR ambient table      101/65536         404/262144   ( 0.2%) 
HDR ambient table      101/65536         404/262144   ( 0.2%) 
LDR leaf ambient       306/65536        8568/1835008  ( 0.5%) 
HDR leaf ambient       101/65536        2828/1835008  ( 0.2%) 
occluders                0/0               0/0        ( 0.0%) 
occluder polygons        0/0               0/0        ( 0.0%) 
occluder vert ind        0/0               0/0        ( 0.0%) 
detail props          [variable]           1/12       ( 8.3%) 
static props          [variable]           1/896      ( 0.1%) 
pakfile               [variable]       74438/0        ( 0.0%) 
physics               [variable]       11260/4194304  ( 0.3%) 
physics terrain       [variable]           2/1048576  ( 0.0%) 

Level flags = 7c

Total triangle count: 440
Writing d:\desktop\computing\counter strike\maps\random maps\jared_name.bsp
MSG_FILEWRITE - Filesystem was asked to write to 'd:\desktop\computing\counter strike\maps\random maps\jared_name.bsp', but we don't own that location. Allowing.
0 seconds elapsed



materialPath: D:\Steam\steamapps\common\Counter-Strike Global Offensive\csgo\materials
Loading D:\Desktop\computing\Counter Strike\maps\random maps\jared_name.vmf
Map revision 11
fixing up env_cubemap materials on brush sides...
0...1...2...3...4...5...6...7...8...9...100...1...2...3...4...5...6...7...8...9...10Processing areas...done (0)
Building Faces...done (0)
FixTjuncs...
PruneNodes...
WriteBSP...
done (0)
writing D:\Desktop\computing\Counter Strike\maps\random maps\jared_name.prt...Building visibility clusters...
done (0)
Finding displacement neighbors...
Finding lightmap sample positions...
Displacement Alpha : 0...1...2...3...4...5...6...7...8...9...10
Building Physics collision data...
done (0) (11260 bytes)
Placing detail props : 0...1...2...3...4...5...6...7...8...9...10
Compacting texture/material tables...
Reduced 18 texinfos to 14
Reduced 6 texdatas to 6 (187 bytes to 187)
Writing D:\Desktop\computing\Counter Strike\maps\random maps\jared_name.bsp
MSG_FILEWRITE - Filesystem was asked to write to 'd:\desktop\computing\counter strike\maps\random maps\jared_name.bsp', but we don't own that location. Allowing.
0 seconds elapsed



4 threads
reading d:\desktop\computing\counter strike\maps\random maps\jared_name.bsp
reading d:\desktop\computing\counter strike\maps\random maps\jared_name.prt
  38 portalclusters
  97 numportals
0...1...2...3...4...5...6...7...8...9...10Optimized: 0 visible clusters (0.00%)
Total clusters visible: 818
Average clusters visible: 21
Building PAS...
Average clusters audible: 38
visdatasize:701  compressed from 608
writing d:\desktop\computing\counter strike\maps\random maps\jared_name.bsp
MSG_FILEWRITE - Filesystem was asked to write to 'd:\desktop\computing\counter strike\maps\random maps\jared_name.bsp', but we don't own that location. Allowing.
0 seconds elapsed



[Reading texlights from 'lights.rad']
[17 texlights parsed from 'lights.rad']

Loading d:\desktop\computing\counter strike\maps\random maps\jared_name.bsp
175 faces
51044 square feet [7350353.00 square inches]
0 Displacements
0 Square Feet [0.00 Square Inches]
175 patches before subdivision
2013 patches after subdivision
5 direct lights
0...1...2...3...4...5...6...7...8...9...100...1...2...3...4...5...6...7...8...9...10transfers 33934, max 160
transfer lists:   0.3 megs
0...1...2...3...4...5...6...7...8...9...10	Bounce #1 added RGB(9933, 9530, 9488)
0...1...2...3...4...5...6...7...8...9...10	Bounce #2 added RGB(1575, 1494, 1523)
0...1...2...3...4...5...6...7...8...9...10	Bounce #3 added RGB(219, 203, 210)
0...1...2...3...4...5...6...7...8...9...10	Bounce #4 added RGB(44, 40, 42)
0...1...2...3...4...5...6...7...8...9...10	Bounce #5 added RGB(8, 7, 8)
0...1...2...3...4...5...6...7...8...9...10	Bounce #6 added RGB(2, 1, 2)
0...1...2...3...4...5...6...7...8...9...10	Bounce #7 added RGB(0, 0, 0)
Build Patch/Sample Hash Table(s).....Done<0.0005 sec>
0...1...2...3...4...5...6...7...8...9...10FinalLightFace Done
0 of 0 (0% of) surface lights went in leaf ambient cubes.
0...1...2...3...4...5...6...7...8...9...10Writing leaf ambient...done
Ready to Finish

Object names       Objects/Maxobjs  Memory / Maxmem  Fullness 
------------       ---------------  ---------------  -------- 
models                   1/1024           48/49152    ( 0.1%) 
brushes                 30/8192          360/98304    ( 0.4%) 
brushsides             180/81920        1440/655360   ( 0.2%) 
planes                 106/65536        2120/1310720  ( 0.2%) 
vertexes               238/65536        2856/786432   ( 0.4%) 
nodes                   99/65536        3168/2097152  ( 0.2%) 
texinfos                14/12288        1008/884736   ( 0.1%) 
texdata                  6/4096          192/131072   ( 0.1%) 
dispinfos                0/0               0/0        ( 0.0%) 
disp_verts               0/0               0/0        ( 0.0%) 
disp_tris                0/0               0/0        ( 0.0%) 
disp_multiblend          0/0               0/0        ( 0.0%) 
disp_lmsamples           0/0               0/0        ( 0.0%) 
faces                  175/65536        9800/3670016  ( 0.3%) 
hdr faces                0/65536           0/3670016  ( 0.0%) 
origfaces              120/65536        6720/3670016  ( 0.2%) 
facebrushes             10/0              20/0        ( 0.0%) 
facebrushlists         175/0             700/0        ( 0.0%) 
leaves                 101/65536        3232/2097152  ( 0.2%) 
leaffaces              190/65536         380/131072   ( 0.3%) 
leafbrushes             57/65536         114/131072   ( 0.1%) 
areas                    2/1024           16/8192     ( 0.2%) 
surfedges             1270/512000       5080/2048000  ( 0.2%) 
edges                  690/256000       2760/1024000  ( 0.3%) 
LDR worldlights          5/8192          500/819200   ( 0.1%) 
HDR worldlights          0/8192            0/819200   ( 0.0%) 
leafwaterdata            0/32768           0/393216   ( 0.0%) 
waterstrips              4/32768          40/327680   ( 0.0%) 
waterverts               0/65536           0/786432   ( 0.0%) 
waterindices            51/65536         102/131072   ( 0.1%) 
cubemapsamples           0/1024            0/16384    ( 0.0%) 
overlays                 0/1024            0/360448   ( 0.0%) 
LDR lightdata         [variable]       97308/0        ( 0.0%) 
HDR lightdata         [variable]           0/0        ( 0.0%) 
visdata               [variable]         701/16777216 ( 0.0%) 
entdata               [variable]        1250/393216   ( 0.3%) 
LDR ambient table      101/65536         404/262144   ( 0.2%) 
HDR ambient table      101/65536         404/262144   ( 0.2%) 
LDR leaf ambient       342/65536        9576/1835008  ( 0.5%) 
HDR leaf ambient       101/65536        2828/1835008  ( 0.2%) 
occluders                0/0               0/0        ( 0.0%) 
occluder polygons        0/0               0/0        ( 0.0%) 
occluder vert ind        0/0               0/0        ( 0.0%) 
detail props          [variable]           1/12       ( 8.3%) 
static props          [variable]           1/896      ( 0.1%) 
pakfile               [variable]       74438/0        ( 0.0%) 
physics               [variable]       11260/4194304  ( 0.3%) 
physics terrain       [variable]           2/1048576  ( 0.0%) 

Level flags = 7c

Total triangle count: 440
Writing d:\desktop\computing\counter strike\maps\random maps\jared_name.bsp
MSG_FILEWRITE - Filesystem was asked to write to 'd:\desktop\computing\counter strike\maps\random maps\jared_name.bsp', but we don't own that location. Allowing.
0 seconds elapsed



materialPath: D:\Steam\steamapps\common\Counter-Strike Global Offensive\csgo\materials
Loading D:\Desktop\computing\Counter Strike\maps\random maps\jared_name.vmf
Map revision 13
fixing up env_cubemap materials on brush sides...
0...1...2...3...4...5...6...7...8...9...100...1...2...3...4...5...6...7...8...9...10Processing areas...done (0)
Building Faces...done (0)
FixTjuncs...
PruneNodes...
WriteBSP...
done (0)
writing D:\Desktop\computing\Counter Strike\maps\random maps\jared_name.prt...Building visibility clusters...
done (0)
Finding displacement neighbors...
Finding lightmap sample positions...
Displacement Alpha : 0...1...2...3...4...5...6...7...8...9...10
Building Physics collision data...
done (0) (11260 bytes)
Placing detail props : 0...1...2...3...4...5...6...7...8...9...10
Compacting texture/material tables...
Reduced 18 texinfos to 14
Reduced 6 texdatas to 6 (187 bytes to 187)
Writing D:\Desktop\computing\Counter Strike\maps\random maps\jared_name.bsp
MSG_FILEWRITE - Filesystem was asked to write to 'd:\desktop\computing\counter strike\maps\random maps\jared_name.bsp', but we don't own that location. Allowing.
0 seconds elapsed



4 threads
reading d:\desktop\computing\counter strike\maps\random maps\jared_name.bsp
reading d:\desktop\computing\counter strike\maps\random maps\jared_name.prt
  38 portalclusters
  97 numportals
0...1...2...3...4...5...6...7...8...9...10Optimized: 0 visible clusters (0.00%)
Total clusters visible: 818
Average clusters visible: 21
Building PAS...
Average clusters audible: 38
visdatasize:701  compressed from 608
writing d:\desktop\computing\counter strike\maps\random maps\jared_name.bsp
MSG_FILEWRITE - Filesystem was asked to write to 'd:\desktop\computing\counter strike\maps\random maps\jared_name.bsp', but we don't own that location. Allowing.
0 seconds elapsed



[Reading texlights from 'lights.rad']
[17 texlights parsed from 'lights.rad']

Loading d:\desktop\computing\counter strike\maps\random maps\jared_name.bsp
175 faces
51044 square feet [7350353.00 square inches]
0 Displacements
0 Square Feet [0.00 Square Inches]
175 patches before subdivision
2013 patches after subdivision
5 direct lights
0...1...2...3...4...5...6...7...8...9...100...1...2...3...4...5...6...7...8...9...10transfers 33934, max 160
transfer lists:   0.3 megs
0...1...2...3...4...5...6...7...8...9...10	Bounce #1 added RGB(938, 912, 918)
0...1...2...3...4...5...6...7...8...9...10	Bounce #2 added RGB(135, 129, 132)
0...1...2...3...4...5...6...7...8...9...10	Bounce #3 added RGB(20, 19, 20)
0...1...2...3...4...5...6...7...8...9...10	Bounce #4 added RGB(4, 4, 4)
0...1...2...3...4...5...6...7...8...9...10	Bounce #5 added RGB(1, 1, 1)
Build Patch/Sample Hash Table(s).....Done<0.0004 sec>
0...1...2...3...4...5...6...7...8...9...10FinalLightFace Done
0 of 0 (0% of) surface lights went in leaf ambient cubes.
0...1...2...3...4...5...6...7...8...9...10Writing leaf ambient...done
Ready to Finish

Object names       Objects/Maxobjs  Memory / Maxmem  Fullness 
------------       ---------------  ---------------  -------- 
models                   1/1024           48/49152    ( 0.1%) 
brushes                 30/8192          360/98304    ( 0.4%) 
brushsides             180/81920        1440/655360   ( 0.2%) 
planes                 106/65536        2120/1310720  ( 0.2%) 
vertexes               238/65536        2856/786432   ( 0.4%) 
nodes                   99/65536        3168/2097152  ( 0.2%) 
texinfos                14/12288        1008/884736   ( 0.1%) 
texdata                  6/4096          192/131072   ( 0.1%) 
dispinfos                0/0               0/0        ( 0.0%) 
disp_verts               0/0               0/0        ( 0.0%) 
disp_tris                0/0               0/0        ( 0.0%) 
disp_multiblend          0/0               0/0        ( 0.0%) 
disp_lmsamples           0/0               0/0        ( 0.0%) 
faces                  175/65536        9800/3670016  ( 0.3%) 
hdr faces                0/65536           0/3670016  ( 0.0%) 
origfaces              120/65536        6720/3670016  ( 0.2%) 
facebrushes             10/0              20/0        ( 0.0%) 
facebrushlists         175/0             700/0        ( 0.0%) 
leaves                 101/65536        3232/2097152  ( 0.2%) 
leaffaces              190/65536         380/131072   ( 0.3%) 
leafbrushes             57/65536         114/131072   ( 0.1%) 
areas                    2/1024           16/8192     ( 0.2%) 
surfedges             1270/512000       5080/2048000  ( 0.2%) 
edges                  690/256000       2760/1024000  ( 0.3%) 
LDR worldlights          5/8192          500/819200   ( 0.1%) 
HDR worldlights          0/8192            0/819200   ( 0.0%) 
leafwaterdata            0/32768           0/393216   ( 0.0%) 
waterstrips              4/32768          40/327680   ( 0.0%) 
waterverts               0/65536           0/786432   ( 0.0%) 
waterindices            51/65536         102/131072   ( 0.1%) 
cubemapsamples           0/1024            0/16384    ( 0.0%) 
overlays                 0/1024            0/360448   ( 0.0%) 
LDR lightdata         [variable]       97308/0        ( 0.0%) 
HDR lightdata         [variable]           0/0        ( 0.0%) 
visdata               [variable]         701/16777216 ( 0.0%) 
entdata               [variable]        1739/393216   ( 0.4%) 
LDR ambient table      101/65536         404/262144   ( 0.2%) 
HDR ambient table      101/65536         404/262144   ( 0.2%) 
LDR leaf ambient       270/65536        7560/1835008  ( 0.4%) 
HDR leaf ambient       101/65536        2828/1835008  ( 0.2%) 
occluders                0/0               0/0        ( 0.0%) 
occluder polygons        0/0               0/0        ( 0.0%) 
occluder vert ind        0/0               0/0        ( 0.0%) 
detail props          [variable]           1/12       ( 8.3%) 
static props          [variable]           1/896      ( 0.1%) 
pakfile               [variable]       74438/0        ( 0.0%) 
physics               [variable]       11260/4194304  ( 0.3%) 
physics terrain       [variable]           2/1048576  ( 0.0%) 

Level flags = 7c

Total triangle count: 440
Writing d:\desktop\computing\counter strike\maps\random maps\jared_name.bsp
MSG_FILEWRITE - Filesystem was asked to write to 'd:\desktop\computing\counter strike\maps\random maps\jared_name.bsp', but we don't own that location. Allowing.
0 seconds elapsed



materialPath: D:\Steam\steamapps\common\Counter-Strike Global Offensive\csgo\materials
Loading D:\Desktop\computing\Counter Strike\maps\random maps\jared_name.vmf
Map revision 17
fixing up env_cubemap materials on brush sides...
0...1...2...3...4...5...6...7...8...9...100...1...2...3...4...5...6...7...8...9...10Processing areas...done (0)
Building Faces...done (0)
FixTjuncs...
PruneNodes...
WriteBSP...
done (0)
writing D:\Desktop\computing\Counter Strike\maps\random maps\jared_name.prt...Building visibility clusters...
done (0)
Finding displacement neighbors...
Finding lightmap sample positions...
Displacement Alpha : 0...1...2...3...4...5...6...7...8...9...10
Building Physics collision data...
done (0) (11664 bytes)
Placing detail props : 0...1...2...3...4...5...6...7...8...9...10
Compacting texture/material tables...
Reduced 21 texinfos to 17
Reduced 7 texdatas to 7 (196 bytes to 196)
Writing D:\Desktop\computing\Counter Strike\maps\random maps\jared_name.bsp
MSG_FILEWRITE - Filesystem was asked to write to 'd:\desktop\computing\counter strike\maps\random maps\jared_name.bsp', but we don't own that location. Allowing.
0 seconds elapsed



4 threads
reading d:\desktop\computing\counter strike\maps\random maps\jared_name.bsp
reading d:\desktop\computing\counter strike\maps\random maps\jared_name.prt
  46 portalclusters
 115 numportals
0...1...2...3...4...5...6...7...8...9...10Optimized: 0 visible clusters (0.00%)
Total clusters visible: 1490
Average clusters visible: 32
Building PAS...
Average clusters audible: 46
visdatasize:941  compressed from 736
writing d:\desktop\computing\counter strike\maps\random maps\jared_name.bsp
MSG_FILEWRITE - Filesystem was asked to write to 'd:\desktop\computing\counter strike\maps\random maps\jared_name.bsp', but we don't own that location. Allowing.
0 seconds elapsed



[Reading texlights from 'lights.rad']
[17 texlights parsed from 'lights.rad']

Loading d:\desktop\computing\counter strike\maps\random maps\jared_name.bsp
190 faces
57072 square feet [8218449.00 square inches]
0 Displacements
0 Square Feet [0.00 Square Inches]
190 patches before subdivision
2132 patches after subdivision
5 direct lights
0...1...2...3...4...5...6...7...8...9...100...1...2...3...4...5...6...7...8...9...10transfers 40638, max 163
transfer lists:   0.3 megs
0...1...2...3...4...5...6...7...8...9...10	Bounce #1 added RGB(12839, 12292, 12195)
0...1...2...3...4...5...6...7...8...9...10	Bounce #2 added RGB(1729, 1645, 1658)
0...1...2...3...4...5...6...7...8...9...10	Bounce #3 added RGB(230, 212, 217)
0...1...2...3...4...5...6...7...8...9...10	Bounce #4 added RGB(44, 40, 42)
0...1...2...3...4...5...6...7...8...9...10	Bounce #5 added RGB(8, 7, 7)
0...1...2...3...4...5...6...7...8...9...10	Bounce #6 added RGB(2, 1, 2)
0...1...2...3...4...5...6...7...8...9...10	Bounce #7 added RGB(0, 0, 0)
Build Patch/Sample Hash Table(s).....Done<0.0005 sec>
0...1...2...3...4...5...6...7...8...9...10FinalLightFace Done
0 of 0 (0% of) surface lights went in leaf ambient cubes.
0...1...2...3...4...5...6...7...8...9...10Writing leaf ambient...done
Ready to Finish

Object names       Objects/Maxobjs  Memory / Maxmem  Fullness 
------------       ---------------  ---------------  -------- 
models                   1/1024           48/49152    ( 0.1%) 
brushes                 31/8192          372/98304    ( 0.4%) 
brushsides             186/81920        1488/655360   ( 0.2%) 
planes                 114/65536        2280/1310720  ( 0.2%) 
vertexes               260/65536        3120/786432   ( 0.4%) 
nodes                  117/65536        3744/2097152  ( 0.2%) 
texinfos                17/12288        1224/884736   ( 0.1%) 
texdata                  7/4096          224/131072   ( 0.2%) 
dispinfos                0/0               0/0        ( 0.0%) 
disp_verts               0/0               0/0        ( 0.0%) 
disp_tris                0/0               0/0        ( 0.0%) 
disp_multiblend          0/0               0/0        ( 0.0%) 
disp_lmsamples           0/0               0/0        ( 0.0%) 
faces                  190/65536       10640/3670016  ( 0.3%) 
hdr faces                0/65536           0/3670016  ( 0.0%) 
origfaces              125/65536        7000/3670016  ( 0.2%) 
facebrushes             10/0              20/0        ( 0.0%) 
facebrushlists         190/0             760/0        ( 0.0%) 
leaves                 119/65536        3808/2097152  ( 0.2%) 
leaffaces              213/65536         426/131072   ( 0.3%) 
leafbrushes             67/65536         134/131072   ( 0.1%) 
areas                    2/1024           16/8192     ( 0.2%) 
surfedges             1362/512000       5448/2048000  ( 0.3%) 
edges                  738/256000       2952/1024000  ( 0.3%) 
LDR worldlights          5/8192          500/819200   ( 0.1%) 
HDR worldlights          0/8192            0/819200   ( 0.0%) 
leafwaterdata            0/32768           0/393216   ( 0.0%) 
waterstrips              4/32768          40/327680   ( 0.0%) 
waterverts               0/65536           0/786432   ( 0.0%) 
waterindices            48/65536          96/131072   ( 0.1%) 
cubemapsamples           0/1024            0/16384    ( 0.0%) 
overlays                 0/1024            0/360448   ( 0.0%) 
LDR lightdata         [variable]       98788/0        ( 0.0%) 
HDR lightdata         [variable]           0/0        ( 0.0%) 
visdata               [variable]         941/16777216 ( 0.0%) 
entdata               [variable]        1737/393216   ( 0.4%) 
LDR ambient table      119/65536         476/262144   ( 0.2%) 
HDR ambient table      119/65536         476/262144   ( 0.2%) 
LDR leaf ambient       417/65536       11676/1835008  ( 0.6%) 
HDR leaf ambient       119/65536        3332/1835008  ( 0.2%) 
occluders                0/0               0/0        ( 0.0%) 
occluder polygons        0/0               0/0        ( 0.0%) 
occluder vert ind        0/0               0/0        ( 0.0%) 
detail props          [variable]           1/12       ( 8.3%) 
static props          [variable]           1/896      ( 0.1%) 
pakfile               [variable]       74438/0        ( 0.0%) 
physics               [variable]       11664/4194304  ( 0.3%) 
physics terrain       [variable]           2/1048576  ( 0.0%) 

Level flags = 7c

Total triangle count: 482
Writing d:\desktop\computing\counter strike\maps\random maps\jared_name.bsp
MSG_FILEWRITE - Filesystem was asked to write to 'd:\desktop\computing\counter strike\maps\random maps\jared_name.bsp', but we don't own that location. Allowing.
0 seconds elapsed



materialPath: D:\Steam\steamapps\common\Counter-Strike Global Offensive\csgo\materials
Loading D:\Desktop\computing\Counter Strike\maps\random maps\jared_name.vmf
Map revision 20
fixing up env_cubemap materials on brush sides...
0...1...2...3...4...5...6...7...8...9...100...1...2...3...4...5...6...7...8...9...10Processing areas...done (0)
Building Faces...done (0)
FixTjuncs...
PruneNodes...
WriteBSP...
done (0)
writing D:\Desktop\computing\Counter Strike\maps\random maps\jared_name.prt...Building visibility clusters...
done (0)
Finding displacement neighbors...
Finding lightmap sample positions...
Displacement Alpha : 0...1...2...3...4...5...6...7...8...9...10
Building Physics collision data...
done (0) (11260 bytes)
Placing detail props : 0...1...2...3...4...5...6...7...8...9...10
Compacting texture/material tables...
Reduced 18 texinfos to 14
Reduced 6 texdatas to 6 (187 bytes to 187)
Writing D:\Desktop\computing\Counter Strike\maps\random maps\jared_name.bsp
MSG_FILEWRITE - Filesystem was asked to write to 'd:\desktop\computing\counter strike\maps\random maps\jared_name.bsp', but we don't own that location. Allowing.
0 seconds elapsed



4 threads
reading d:\desktop\computing\counter strike\maps\random maps\jared_name.bsp
reading d:\desktop\computing\counter strike\maps\random maps\jared_name.prt
  42 portalclusters
 105 numportals
0...1...2...3...4...5...6...7...8...9...10Optimized: 0 visible clusters (0.00%)
Total clusters visible: 1138
Average clusters visible: 27
Building PAS...
Average clusters audible: 42
visdatasize:861  compressed from 672
writing d:\desktop\computing\counter strike\maps\random maps\jared_name.bsp
MSG_FILEWRITE - Filesystem was asked to write to 'd:\desktop\computing\counter strike\maps\random maps\jared_name.bsp', but we don't own that location. Allowing.
0 seconds elapsed



[Reading texlights from 'lights.rad']
[17 texlights parsed from 'lights.rad']

Loading d:\desktop\computing\counter strike\maps\random maps\jared_name.bsp
184 faces
56845 square feet [8185681.00 square inches]
0 Displacements
0 Square Feet [0.00 Square Inches]
184 patches before subdivision
2058 patches after subdivision
5 direct lights
0...1...2...3...4...5...6...7...8...9...100...1...2...3...4...5...6...7...8...9...10transfers 34704, max 162
transfer lists:   0.3 megs
0...1...2...3...4...5...6...7...8...9...10	Bounce #1 added RGB(10043, 9609, 9545)
0...1...2...3...4...5...6...7...8...9...10	Bounce #2 added RGB(1575, 1489, 1514)
0...1...2...3...4...5...6...7...8...9...10	Bounce #3 added RGB(216, 199, 204)
0...1...2...3...4...5...6...7...8...9...10	Bounce #4 added RGB(43, 39, 41)
0...1...2...3...4...5...6...7...8...9...10	Bounce #5 added RGB(8, 7, 7)
0...1...2...3...4...5...6...7...8...9...10	Bounce #6 added RGB(2, 1, 2)
0...1...2...3...4...5...6...7...8...9...10	Bounce #7 added RGB(0, 0, 0)
Build Patch/Sample Hash Table(s).....Done<0.0004 sec>
0...1...2...3...4...5...6...7...8...9...10FinalLightFace Done
0 of 0 (0% of) surface lights went in leaf ambient cubes.
0...1...2...3...4...5...6...7...8...9...10Writing leaf ambient...done
Ready to Finish

Object names       Objects/Maxobjs  Memory / Maxmem  Fullness 
------------       ---------------  ---------------  -------- 
models                   1/1024           48/49152    ( 0.1%) 
brushes                 30/8192          360/98304    ( 0.4%) 
brushsides             180/81920        1440/655360   ( 0.2%) 
planes                 108/65536        2160/1310720  ( 0.2%) 
vertexes               250/65536        3000/786432   ( 0.4%) 
nodes                  112/65536        3584/2097152  ( 0.2%) 
texinfos                14/12288        1008/884736   ( 0.1%) 
texdata                  6/4096          192/131072   ( 0.1%) 
dispinfos                0/0               0/0        ( 0.0%) 
disp_verts               0/0               0/0        ( 0.0%) 
disp_tris                0/0               0/0        ( 0.0%) 
disp_multiblend          0/0               0/0        ( 0.0%) 
disp_lmsamples           0/0               0/0        ( 0.0%) 
faces                  184/65536       10304/3670016  ( 0.3%) 
hdr faces                0/65536           0/3670016  ( 0.0%) 
origfaces              120/65536        6720/3670016  ( 0.2%) 
facebrushes             10/0              20/0        ( 0.0%) 
facebrushlists         184/0             736/0        ( 0.0%) 
leaves                 114/65536        3648/2097152  ( 0.2%) 
leaffaces              201/65536         402/131072   ( 0.3%) 
leafbrushes             66/65536         132/131072   ( 0.1%) 
areas                    2/1024           16/8192     ( 0.2%) 
surfedges             1310/512000       5240/2048000  ( 0.3%) 
edges                  710/256000       2840/1024000  ( 0.3%) 
LDR worldlights          5/8192          500/819200   ( 0.1%) 
HDR worldlights          0/8192            0/819200   ( 0.0%) 
leafwaterdata            0/32768           0/393216   ( 0.0%) 
waterstrips              4/32768          40/327680   ( 0.0%) 
waterverts               0/65536           0/786432   ( 0.0%) 
waterindices            48/65536          96/131072   ( 0.1%) 
cubemapsamples           0/1024            0/16384    ( 0.0%) 
overlays                 0/1024            0/360448   ( 0.0%) 
LDR lightdata         [variable]       97628/0        ( 0.0%) 
HDR lightdata         [variable]           0/0        ( 0.0%) 
visdata               [variable]         861/16777216 ( 0.0%) 
entdata               [variable]        1732/393216   ( 0.4%) 
LDR ambient table      114/65536         456/262144   ( 0.2%) 
HDR ambient table      114/65536         456/262144   ( 0.2%) 
LDR leaf ambient       384/65536       10752/1835008  ( 0.6%) 
HDR leaf ambient       114/65536        3192/1835008  ( 0.2%) 
occluders                0/0               0/0        ( 0.0%) 
occluder polygons        0/0               0/0        ( 0.0%) 
occluder vert ind        0/0               0/0        ( 0.0%) 
detail props          [variable]           1/12       ( 8.3%) 
static props          [variable]           1/896      ( 0.1%) 
pakfile               [variable]       74438/0        ( 0.0%) 
physics               [variable]       11260/4194304  ( 0.3%) 
physics terrain       [variable]           2/1048576  ( 0.0%) 

Level flags = 7c

Total triangle count: 462
Writing d:\desktop\computing\counter strike\maps\random maps\jared_name.bsp
MSG_FILEWRITE - Filesystem was asked to write to 'd:\desktop\computing\counter strike\maps\random maps\jared_name.bsp', but we don't own that location. Allowing.
0 seconds elapsed
