PRT1
162
530
4 2 14 (-270.841003 576 128 ) (-270.841003 959 128 ) (-179 959 128 ) (-179 576 128 ) 
4 2 12 (-179 959 128 ) (-108 959 128 ) (-108 576 128 ) (-179 576 128 ) 
4 2 9 (-104 936 128 ) (-104 600 128 ) (-108 600 128 ) (-108 936 128 ) 
4 2 8 (-108 959 128 ) (-104 959 128 ) (-104 936 128 ) (-108 936 128 ) 
4 2 11 (-104 600 128 ) (-104 576 128 ) (-108 576 128 ) (-108 600 128 ) 
4 2 7 (-270.841003 655.661987 128 ) (-270.841003 576 128 ) (-270.841003 576 156.720459 ) (-270.841003 655.661987 201.573151 ) 
4 2 6 (-270.841003 716.414978 128 ) (-270.841003 655.661987 128 ) (-270.841003 655.661987 201.573151 ) (-270.841003 716.414978 235.779358 ) 
5 2 5 (-270.841003 813.619995 128 ) (-270.841003 716.414978 128 ) (-270.841003 716.414978 235.779358 ) (-270.841003 765.016479 263.143829 ) (-270.841003 813.619995 235.778671 ) 
4 2 4 (-270.841003 874.374023 128 ) (-270.841003 813.619995 128 ) (-270.841003 813.619995 235.778671 ) (-270.841003 874.374023 201.572418 ) 
4 2 3 (-270.841003 959 128 ) (-270.841003 874.374023 128 ) (-270.841003 874.374023 201.572418 ) (-270.841003 959 153.925568 ) 
4 3 17 (-322.550995 959 128 ) (-322.550995 874.374023 128 ) (-322.550995 874.374023 201.573975 ) (-322.550995 959 153.925171 ) 
4 3 14 (-301 959 128 ) (-270.841003 959 128 ) (-270.841003 874.374023 128 ) (-301 874.374023 128 ) 
4 3 15 (-322.550995 874.374023 128 ) (-322.550995 959 128 ) (-301 959 128 ) (-301 874.374023 128 ) 
4 3 4 (-322.550995 874.374023 201.573975 ) (-322.550995 874.374023 128 ) (-270.841003 874.374023 128 ) (-270.841003 874.374023 201.574005 ) 
4 4 17 (-322.550995 874.374023 128 ) (-322.550995 813.619995 128 ) (-322.550995 813.619995 235.778687 ) (-322.550995 874.374023 201.572403 ) 
4 4 14 (-301 874.374023 128 ) (-270.841003 874.374023 128 ) (-270.841003 813.619995 128 ) (-301 813.619995 128 ) 
4 4 15 (-322.550995 813.619995 128 ) (-322.550995 874.374023 128 ) (-301 874.374023 128 ) (-301 813.619995 128 ) 
4 4 5 (-322.550995 813.619995 235.778687 ) (-322.550995 813.619995 128 ) (-270.841003 813.619995 128 ) (-270.841003 813.619995 235.778687 ) 
5 5 17 (-322.550995 813.619995 128 ) (-322.550995 716.414978 128 ) (-322.550995 716.414978 235.779327 ) (-322.550995 765.016479 263.143799 ) (-322.550995 813.619995 235.778687 ) 
4 5 14 (-301 813.619995 128 ) (-270.841003 813.619995 128 ) (-270.841003 716.414978 128 ) (-301 716.414978 128 ) 
4 5 15 (-322.550995 716.414978 128 ) (-322.550995 813.619995 128 ) (-301 813.619995 128 ) (-301 716.414978 128 ) 
4 5 6 (-322.550995 716.414978 128 ) (-270.841003 716.414978 128 ) (-270.841003 716.414978 235.779343 ) (-322.550995 716.414978 235.779343 ) 
4 6 17 (-322.550995 716.414978 128 ) (-322.550995 655.661987 128 ) (-322.550995 655.661987 201.573120 ) (-322.550995 716.414978 235.779343 ) 
4 6 14 (-301 716.414978 128 ) (-270.841003 716.414978 128 ) (-270.841003 655.661987 128 ) (-301 655.661987 128 ) 
4 6 15 (-322.550995 655.661987 128 ) (-322.550995 716.414978 128 ) (-301 716.414978 128 ) (-301 655.661987 128 ) 
4 6 7 (-322.550995 655.661987 201.573120 ) (-322.550995 655.661987 128 ) (-270.841003 655.661987 128 ) (-270.841003 655.661987 201.573120 ) 
4 7 17 (-322.550995 655.661987 128 ) (-322.550995 576 128 ) (-322.550995 576 156.720459 ) (-322.550995 655.661987 201.573120 ) 
4 7 14 (-301 655.661987 128 ) (-270.841003 655.661987 128 ) (-270.841003 576 128 ) (-301 576 128 ) 
4 7 15 (-322.550995 576 128 ) (-322.550995 655.661987 128 ) (-301 655.661987 128 ) (-301 576 128 ) 
4 8 16 (-108 976 4 ) (-104 976 4 ) (-104 936 4 ) (-108 936 4 ) 
4 8 12 (-108 976 4 ) (-108 936 4 ) (-108 936 128 ) (-108 976 128 ) 
4 8 9 (-108 936 128 ) (-108 936 120 ) (-104 936 120 ) (-104 936 128 ) 
4 8 10 (-108 936 16 ) (-108 936 4 ) (-104 936 4 ) (-104 936 16 ) 
4 9 12 (-108 600 120 ) (-108 600 128 ) (-108 936 128 ) (-108 936 120 ) 
4 9 11 (-108 600 128 ) (-108 600 120 ) (-104 600 120 ) (-104 600 128 ) 
4 10 16 (-104 936 4 ) (-104 600 4 ) (-108 600 4 ) (-108 936 4 ) 
4 10 12 (-108 936 4 ) (-108 600 4 ) (-108 600 16 ) (-108 936 16 ) 
4 10 11 (-108 600 16 ) (-108 600 4 ) (-104 600 4 ) (-104 600 16 ) 
4 11 46 (-104 544 4 ) (-104 544 128 ) (-108 544 128 ) (-108 544 4 ) 
4 11 16 (-104 600 4 ) (-104 544 4 ) (-108 544 4 ) (-108 600 4 ) 
4 11 12 (-108 600 4 ) (-108 544 4 ) (-108 544 128 ) (-108 600 128 ) 
4 12 46 (-108 544 128 ) (-179 544 128 ) (-179 544 4 ) (-108 544 4 ) 
4 12 16 (-179 976 4 ) (-108 976 4 ) (-108 544 4 ) (-179 544 4 ) 
4 12 13 (-179 972 92 ) (-179 972 128 ) (-179 976 128 ) (-179 976 92 ) 
4 12 14 (-179 972 4 ) (-179 544 4 ) (-179 544 128 ) (-179 972 128 ) 
4 13 14 (-301 972 128 ) (-301 972 92 ) (-179 972 92 ) (-179 972 128 ) 
4 13 15 (-301 972 92 ) (-301 972 128 ) (-301 976 128 ) (-301 976 92 ) 
4 14 46 (-179 544 128 ) (-301 544 128 ) (-301 544 4 ) (-179 544 4 ) 
4 14 16 (-179 972 4 ) (-179 544 4 ) (-301 544 4 ) (-301 972 4 ) 
4 14 15 (-301 972 4 ) (-301 544 4 ) (-301 544 128 ) (-301 972 128 ) 
4 15 46 (-301 544 128 ) (-322.550995 544 128 ) (-322.550995 544 4 ) (-301 544 4 ) 
4 15 24 (-322.550995 976 128 ) (-322.550995 976 4 ) (-322.550995 544 4 ) (-322.550995 544 128 ) 
4 15 16 (-322.550995 544 4 ) (-322.550995 976 4 ) (-301 976 4 ) (-301 544 4 ) 
4 16 46 (-104 544 -18 ) (-104 544 4 ) (-322.550995 544 4 ) (-322.550995 544 -18 ) 
4 16 28 (-322.550995 976 -16 ) (-322.550995 976 -32 ) (-322.550995 544 -32 ) (-322.550995 544 -16 ) 
4 16 24 (-322.550995 976 4 ) (-322.550995 976 -16 ) (-322.550995 544 -16 ) (-322.550995 544 4 ) 
4 17 26 (-416 576 128 ) (-490.609009 576 128 ) (-490.609009 959 128 ) (-416 959 128 ) 
4 17 24 (-322.550995 959 128 ) (-322.550995 576 128 ) (-416 576 128 ) (-416 959 128 ) 
4 17 22 (-490.609009 655.661987 128 ) (-490.609009 576 128 ) (-490.609009 576 156.720459 ) (-490.609009 655.661987 201.573151 ) 
4 17 21 (-490.609009 716.414978 128 ) (-490.609009 655.661987 128 ) (-490.609009 655.661987 201.573151 ) (-490.609009 716.414978 235.779358 ) 
5 17 20 (-490.609009 813.619995 128 ) (-490.609009 716.414978 128 ) (-490.609009 716.414978 235.779358 ) (-490.609009 765.016479 263.143829 ) (-490.609009 813.619995 235.778656 ) 
4 17 19 (-490.609009 874.374023 128 ) (-490.609009 813.619995 128 ) (-490.609009 813.619995 235.778656 ) (-490.609009 874.374023 201.572388 ) 
4 17 18 (-490.609009 959 128 ) (-490.609009 874.374023 128 ) (-490.609009 874.374023 201.572388 ) (-490.609009 959 153.925522 ) 
4 18 26 (-490.609009 959 128 ) (-490.609009 874.374023 128 ) (-542.318970 874.374023 128 ) (-542.318970 959 128 ) 
4 18 23 (-542.318970 959 128 ) (-542.318970 874.374023 128 ) (-542.318970 874.374023 201.573990 ) (-542.318970 959 153.925171 ) 
4 18 19 (-542.318970 874.374023 201.573990 ) (-542.318970 874.374023 128 ) (-490.609009 874.374023 128 ) (-490.609009 874.374023 201.573990 ) 
4 19 26 (-490.609009 874.374023 128 ) (-490.609009 813.619995 128 ) (-542.318970 813.619995 128 ) (-542.318970 874.374023 128 ) 
4 19 23 (-542.318970 874.374023 128 ) (-542.318970 813.619995 128 ) (-542.318970 813.619995 235.781586 ) (-542.318970 874.374023 201.573990 ) 
4 19 20 (-542.318970 813.619995 235.777023 ) (-542.318970 813.619995 128 ) (-490.609009 813.619995 128 ) (-490.609009 813.619995 235.777039 ) 
4 20 26 (-490.609009 813.619995 128 ) (-490.609009 716.414978 128 ) (-542.318970 716.414978 128 ) (-542.318970 813.619995 128 ) 
5 20 23 (-542.318970 813.619995 128 ) (-542.318970 716.414978 128 ) (-542.318970 716.414978 235.779343 ) (-542.318970 765.017517 263.144379 ) (-542.318970 813.619995 235.777023 ) 
4 20 21 (-490.609009 716.414978 128 ) (-490.609009 716.414978 235.779343 ) (-542.318970 716.414978 235.779343 ) (-542.318970 716.414978 128 ) 
4 21 26 (-490.609009 716.414978 128 ) (-490.609009 655.661987 128 ) (-542.318970 655.661987 128 ) (-542.318970 716.414978 128 ) 
4 21 23 (-542.318970 716.414978 128 ) (-542.318970 655.661987 128 ) (-542.318970 655.661987 201.573120 ) (-542.318970 716.414978 235.779343 ) 
4 21 22 (-542.318970 655.661987 201.573120 ) (-542.318970 655.661987 128 ) (-490.609009 655.661987 128 ) (-490.609009 655.661987 201.573120 ) 
4 22 26 (-490.609009 655.661987 128 ) (-490.609009 576 128 ) (-542.318970 576 128 ) (-542.318970 655.661987 128 ) 
4 22 23 (-542.318970 655.661987 128 ) (-542.318970 576 128 ) (-542.318970 576 156.720459 ) (-542.318970 655.661987 201.573120 ) 
4 23 37 (-697.448975 655.661987 128 ) (-697.448975 576 128 ) (-697.448975 576 156.720459 ) (-697.448975 655.661987 201.573151 ) 
4 23 36 (-697.448975 716.414978 128 ) (-697.448975 655.661987 128 ) (-697.448975 655.661987 201.573151 ) (-697.448975 716.414978 235.779358 ) 
5 23 35 (-697.448975 813.619995 128 ) (-697.448975 716.414978 128 ) (-697.448975 716.414978 235.779358 ) (-697.448975 765.020081 263.145844 ) (-697.448975 813.619995 235.781586 ) 
4 23 34 (-697.448975 874.374023 128 ) (-697.448975 813.619995 128 ) (-697.448975 813.619995 235.781586 ) (-697.448975 874.374023 201.573944 ) 
4 23 33 (-697.448975 959 128 ) (-697.448975 874.374023 128 ) (-697.448975 874.374023 201.573944 ) (-697.448975 959 153.925171 ) 
4 23 26 (-608 959 128 ) (-542.318970 959 128 ) (-542.318970 576 128 ) (-608 576 128 ) 
4 23 27 (-697.448975 576 128 ) (-697.448975 959 128 ) (-608 959 128 ) (-608 576 128 ) 
4 24 46 (-322.550995 544 -16 ) (-322.550995 544 128 ) (-416 544 128 ) (-416 544 -16 ) 
4 24 28 (-416 976 -16 ) (-322.550995 976 -16 ) (-322.550995 544 -16 ) (-416 544 -16 ) 
4 24 25 (-416 972 112 ) (-416 972 128 ) (-416 976 128 ) (-416 976 112 ) 
4 24 26 (-416 972 -16 ) (-416 544 -16 ) (-416 544 128 ) (-416 972 128 ) 
4 25 26 (-608 972 128 ) (-608 972 112 ) (-416 972 112 ) (-416 972 128 ) 
4 25 27 (-608 972 112 ) (-608 972 128 ) (-608 976 128 ) (-608 976 112 ) 
4 26 46 (-416 544 128 ) (-608 544 128 ) (-608 544 -16 ) (-416 544 -16 ) 
4 26 28 (-416 972 -16 ) (-416 544 -16 ) (-608 544 -16 ) (-608 972 -16 ) 
4 26 27 (-608 972 -16 ) (-608 544 -16 ) (-608 544 128 ) (-608 972 128 ) 
4 27 46 (-608 544 128 ) (-697.448975 544 128 ) (-697.448975 544 -16 ) (-608 544 -16 ) 
4 27 45 (-697.448975 976 -12 ) (-697.448975 976 -16 ) (-697.448975 544 -16 ) (-697.448975 544 -12 ) 
4 27 38 (-697.448975 972 -12 ) (-697.448975 544 -12 ) (-697.448975 544 128 ) (-697.448975 972 128 ) 
4 27 29 (-697.448975 976 128 ) (-697.448975 976 -12 ) (-697.448975 972 -12 ) (-697.448975 972 128 ) 
4 27 28 (-697.448975 544 -16 ) (-697.448975 976 -16 ) (-608 976 -16 ) (-608 544 -16 ) 
4 28 46 (-322.550995 544 -18 ) (-322.550995 544 -16 ) (-697.448975 544 -16 ) (-697.448975 544 -18 ) 
4 28 45 (-697.448975 976 -16 ) (-697.448975 976 -32 ) (-697.448975 544 -32 ) (-697.448975 544 -16 ) 
4 29 45 (-728 976 -12 ) (-697.448975 976 -12 ) (-697.448975 972 -12 ) (-728 972 -12 ) 
4 29 38 (-728 972 -12 ) (-697.448975 972 -12 ) (-697.448975 972 128 ) (-728 972 128 ) 
4 29 30 (-728 972 92 ) (-728 972 128 ) (-728 976 128 ) (-728 976 92 ) 
4 29 31 (-728 976 -12 ) (-728 972 -12 ) (-728 972 4 ) (-728 976 4 ) 
4 30 40 (-749.159058 972 128 ) (-850 972 128 ) (-850 972 92 ) (-749.159058 972 92 ) 
4 30 38 (-728 972 92 ) (-728 972 128 ) (-749.159058 972 128 ) (-749.159058 972 92 ) 
4 30 32 (-850 972 92 ) (-850 972 128 ) (-850 976 128 ) (-850 976 92 ) 
4 31 45 (-850 976 -12 ) (-728 976 -12 ) (-728 972 -12 ) (-850 972 -12 ) 
4 31 40 (-850 972 -12 ) (-749.159058 972 -12 ) (-749.159058 972 4 ) (-850 972 4 ) 
4 31 38 (-749.159058 972 -12 ) (-728 972 -12 ) (-728 972 4 ) (-749.159058 972 4 ) 
4 31 32 (-850 976 -12 ) (-850 972 -12 ) (-850 972 4 ) (-850 976 4 ) 
4 32 45 (-920 976 -12 ) (-850 976 -12 ) (-850 972 -12 ) (-920 972 -12 ) 
4 32 40 (-920 972 -12 ) (-850 972 -12 ) (-850 972 128 ) (-920 972 128 ) 
4 33 42 (-749.159058 948 128 ) (-749.159058 874.374023 128 ) (-749.159058 874.374023 144 ) (-749.159058 948 144 ) 
4 33 41 (-749.159058 874.374023 144 ) (-749.159058 874.374023 201.573990 ) (-749.159058 948 160.118729 ) (-749.159058 948 144 ) 
4 33 39 (-749.159058 959 128 ) (-749.159058 948 128 ) (-749.159058 948 160.118729 ) (-749.159058 959 153.925156 ) 
4 33 34 (-749.159058 874.374023 201.573975 ) (-749.159058 874.374023 128 ) (-697.448975 874.374023 128 ) (-697.448975 874.374023 201.573975 ) 
4 33 38 (-749.159058 874.374023 128 ) (-749.159058 959 128 ) (-697.448975 959 128 ) (-697.448975 874.374023 128 ) 
4 34 42 (-749.159058 874.374023 128 ) (-749.159058 813.619995 128 ) (-749.159058 813.619995 144 ) (-749.159058 874.374023 144 ) 
4 34 41 (-749.159058 813.619995 144 ) (-749.159058 813.619995 235.778641 ) (-749.159058 874.374023 201.572403 ) (-749.159058 874.374023 144 ) 
4 34 35 (-749.159058 813.619995 235.777039 ) (-749.159058 813.619995 128 ) (-697.448975 813.619995 128 ) (-697.448975 813.619995 235.777023 ) 
4 34 38 (-749.159058 813.619995 128 ) (-749.159058 874.374023 128 ) (-697.448975 874.374023 128 ) (-697.448975 813.619995 128 ) 
4 35 42 (-749.159058 813.619995 128 ) (-749.159058 716.414978 128 ) (-749.159058 716.414978 144 ) (-749.159058 813.619995 144 ) 
5 35 41 (-749.159058 716.414978 144 ) (-749.159058 716.414978 235.779358 ) (-749.159058 765.017517 263.144379 ) (-749.159058 813.619995 235.777039 ) (-749.159058 813.619995 144 ) 
4 35 36 (-749.159058 716.414978 128 ) (-697.448975 716.414978 128 ) (-697.448975 716.414978 235.779327 ) (-749.159058 716.414978 235.779343 ) 
4 35 38 (-749.159058 716.414978 128 ) (-749.159058 813.619995 128 ) (-697.448975 813.619995 128 ) (-697.448975 716.414978 128 ) 
4 36 42 (-749.159058 716.414978 128 ) (-749.159058 655.661987 128 ) (-749.159058 655.661987 144 ) (-749.159058 716.414978 144 ) 
4 36 41 (-749.159058 655.661987 144 ) (-749.159058 655.661987 201.573120 ) (-749.159058 716.414978 235.779343 ) (-749.159058 716.414978 144 ) 
4 36 37 (-749.159058 655.661987 201.573120 ) (-749.159058 655.661987 128 ) (-697.448975 655.661987 128 ) (-697.448975 655.661987 201.573120 ) 
4 36 38 (-749.159058 655.661987 128 ) (-749.159058 716.414978 128 ) (-697.448975 716.414978 128 ) (-697.448975 655.661987 128 ) 
4 37 43 (-749.159058 592 128 ) (-749.159058 576 128 ) (-749.159058 576 156.720474 ) (-749.159058 592 165.729065 ) 
4 37 42 (-749.159058 655.661987 128 ) (-749.159058 592 128 ) (-749.159058 592 144 ) (-749.159058 655.661987 144 ) 
4 37 41 (-749.159058 592 144 ) (-749.159058 592 165.729065 ) (-749.159058 655.661987 201.573120 ) (-749.159058 655.661987 144 ) 
4 37 38 (-749.159058 576 128 ) (-749.159058 655.661987 128 ) (-697.448975 655.661987 128 ) (-697.448975 576 128 ) 
4 38 46 (-697.448975 544 -12 ) (-697.448975 544 128 ) (-749.159058 544 128 ) (-749.159058 544 -12 ) 
4 38 45 (-697.448975 972 -12 ) (-697.448975 544 -12 ) (-749.159058 544 -12 ) (-749.159058 972 -12 ) 
4 38 44 (-749.159058 592 -12 ) (-749.159058 544 -12 ) (-749.159058 544 128 ) (-749.159058 592 128 ) 
4 38 42 (-749.159058 948 -12 ) (-749.159058 592 -12 ) (-749.159058 592 128 ) (-749.159058 948 128 ) 
4 38 40 (-749.159058 972 128 ) (-749.159058 972 -12 ) (-749.159058 948 -12 ) (-749.159058 948 128 ) 
4 39 42 (-916 948 128 ) (-749.159058 948 128 ) (-749.159058 948 144 ) (-916 948 144 ) 
4 39 41 (-920 948 160.118851 ) (-920 948 144 ) (-749.159058 948 144 ) (-749.159058 948 160.118851 ) 
4 39 40 (-749.159058 948 128 ) (-920 948 128 ) (-920 959 128 ) (-749.159058 959 128 ) 
4 40 45 (-920 972 -12 ) (-749.159058 972 -12 ) (-749.159058 948 -12 ) (-920 948 -12 ) 
4 40 42 (-916 948 -12 ) (-749.159058 948 -12 ) (-749.159058 948 128 ) (-916 948 128 ) 
4 41 43 (-749.159058 592 144 ) (-749.159058 592 165.729050 ) (-920 592 165.729050 ) (-920 592 144 ) 
4 41 42 (-749.159058 592 144 ) (-916 592 144 ) (-916 948 144 ) (-749.159058 948 144 ) 
4 42 45 (-749.159058 948 -12 ) (-749.159058 592 -12 ) (-916 592 -12 ) (-916 948 -12 ) 
4 42 44 (-916 592 -12 ) (-749.159058 592 -12 ) (-749.159058 592 128 ) (-916 592 128 ) 
4 42 43 (-749.159058 592 128 ) (-749.159058 592 144 ) (-916 592 144 ) (-916 592 128 ) 
4 43 44 (-920 592 128 ) (-749.159058 592 128 ) (-749.159058 576 128 ) (-920 576 128 ) 
4 44 46 (-920 544 -12 ) (-749.159058 544 -12 ) (-749.159058 544 128 ) (-920 544 128 ) 
4 44 45 (-749.159058 544 -12 ) (-920 544 -12 ) (-920 592 -12 ) (-749.159058 592 -12 ) 
4 45 46 (-697.448975 544 -18 ) (-697.448975 544 -12 ) (-920 544 -12 ) (-920 544 -18 ) 
4 46 48 (-920 512 -18 ) (-104 512 -18 ) (-104 512 128 ) (-920 512 128 ) 
4 47 50 (0 504 160 ) (0 504 165.952774 ) (-104 504 165.952835 ) (-104 504 160 ) 
3 47 48 (-104 512 160 ) (-104 504 160 ) (-104 504 165.952850 ) 
4 48 52 (-920 512 -18 ) (-104 512 -18 ) (-104 504 -18 ) (-920 504 -18 ) 
4 48 50 (-920 504 -18 ) (-104 504 -18 ) (-104 504 165.952805 ) (-920 504 165.953415 ) 
3 48 49 (-920 512 160 ) (-920 504 160 ) (-920 504 165.953400 ) 
4 49 50 (-920 504 160 ) (-920 504 165.953384 ) (-1024 504 165.953461 ) (-1024 504 160 ) 
4 50 117 (-1024 400 160 ) (-1024 400 -18 ) (-1020 400 -18 ) (-1020 400 160 ) 
4 50 116 (-1020 400 -18 ) (-816 400 -18 ) (-816 400 160 ) (-1020 400 160 ) 
4 50 115 (-1024 400 243.348816 ) (-1024 400 160 ) (-816 400 160 ) (-816 400 243.348663 ) 
4 50 105 (-816 400 -18 ) (-808 400 -18 ) (-808 400 241.524017 ) (-816 400 241.524002 ) 
4 50 100 (-808 400 -18 ) (-760 400 -18 ) (-760 400 241.523010 ) (-808 400 241.523010 ) 
4 50 99 (-760 400 -18 ) (-752 400 -18 ) (-752 400 241.524048 ) (-760 400 241.524033 ) 
4 50 97 (-752 400 -18 ) (-560 400 -18 ) (-560 400 243.348480 ) (-752 400 243.348618 ) 
4 50 85 (-560 400 -18 ) (-552 400 -18 ) (-552 400 241.524017 ) (-560 400 241.524017 ) 
4 50 81 (-552 400 -18 ) (-504 400 -18 ) (-504 400 241.511566 ) (-552 400 241.511520 ) 
4 50 80 (-504 400 -18 ) (-496 400 -18 ) (-496 400 241.524017 ) (-504 400 241.524002 ) 
4 50 79 (-496 400 -18 ) (-288 400 -18 ) (-288 400 243.348297 ) (-496 400 243.348434 ) 
4 50 69 (-288 400 -18 ) (-280 400 -18 ) (-280 400 241.524017 ) (-288 400 241.524017 ) 
4 50 65 (-280 400 -18 ) (-232 400 -18 ) (-232 400 241.511536 ) (-280 400 241.511566 ) 
4 50 64 (-232 400 -18 ) (-224 400 -18 ) (-224 400 241.524017 ) (-232 400 241.524017 ) 
4 50 56 (-4 400 -18 ) (0 400 -18 ) (0 400 243.348083 ) (-4 400 243.348083 ) 
4 50 59 (-224 400 -18 ) (-4 400 -18 ) (-4 400 243.348083 ) (-224 400 243.348251 ) 
4 50 54 (-928 400 -18 ) (-1024 400 -18 ) (-1024 504 -18 ) (-928 504 -18 ) 
4 50 52 (-928 416 -18 ) (-928 504 -18 ) (-96 504 -18 ) (-96 416 -18 ) 
4 50 53 (-96 400 -18 ) (-928 400 -18 ) (-928 416 -18 ) (-96 416 -18 ) 
4 50 51 (0 400 -18 ) (-96 400 -18 ) (-96 504 -18 ) (0 504 -18 ) 
4 51 56 (0 400 -18.285702 ) (0 400 -18 ) (-4 400 -18 ) (-4 400 -18.285702 ) 
4 51 59 (-4 400 -18 ) (-96 400 -18 ) (-96 400 -18.285702 ) (-4 400 -18.285702 ) 
4 51 52 (-96 416 -18 ) (-96 512 -18 ) (-96 512 -18.285702 ) (-96 416 -18.285702 ) 
4 51 53 (-96 400 -18.285702 ) (-96 400 -18 ) (-96 416 -18 ) (-96 416 -18.285702 ) 
4 52 54 (-928 416 -18.285702 ) (-928 416 -18 ) (-928 512 -18 ) (-928 512 -18.285702 ) 
4 52 53 (-928 416 -18 ) (-928 416 -18.285702 ) (-96 416 -18.285702 ) (-96 416 -18 ) 
4 53 122 (-928 400 -32 ) (-816 400 -32 ) (-816 400 -18.285702 ) (-928 400 -18.285702 ) 
4 53 116 (-816 400 -18.285702 ) (-816 400 -18 ) (-928 400 -18 ) (-928 400 -18.285702 ) 
4 53 105 (-816 400 -32 ) (-808 400 -32 ) (-808 400 -18 ) (-816 400 -18 ) 
4 53 100 (-808 400 -32 ) (-760 400 -32 ) (-760 400 -18 ) (-808 400 -18 ) 
4 53 99 (-760 400 -32 ) (-752 400 -32 ) (-752 400 -18 ) (-760 400 -18 ) 
4 53 97 (-752 400 -32 ) (-560 400 -32 ) (-560 400 -18 ) (-752 400 -18 ) 
4 53 85 (-560 400 -32 ) (-552 400 -32 ) (-552 400 -18 ) (-560 400 -18 ) 
4 53 81 (-552 400 -32 ) (-504 400 -32 ) (-504 400 -18 ) (-552 400 -18 ) 
4 53 80 (-504 400 -32 ) (-496 400 -32 ) (-496 400 -18 ) (-504 400 -18 ) 
4 53 79 (-496 400 -32 ) (-288 400 -32 ) (-288 400 -18 ) (-496 400 -18 ) 
4 53 69 (-288 400 -32 ) (-280 400 -32 ) (-280 400 -18 ) (-288 400 -18 ) 
4 53 65 (-280 400 -32 ) (-232 400 -32 ) (-232 400 -18 ) (-280 400 -18 ) 
4 53 64 (-232 400 -32 ) (-224 400 -32 ) (-224 400 -18 ) (-232 400 -18 ) 
4 53 63 (-224 400 -32 ) (-96 400 -32 ) (-96 400 -18.285702 ) (-224 400 -18.285702 ) 
4 53 59 (-96 400 -18.285702 ) (-96 400 -18 ) (-224 400 -18 ) (-224 400 -18.285702 ) 
4 53 55 (-96 400 -32 ) (-928 400 -32 ) (-928 416 -32 ) (-96 416 -32 ) 
4 53 54 (-928 400 -18.285702 ) (-928 400 -18 ) (-928 416 -18 ) (-928 416 -18.285702 ) 
4 54 117 (-1024 400 -18 ) (-1024 400 -18.285702 ) (-1020 400 -18.285702 ) (-1020 400 -18 ) 
4 54 116 (-1020 400 -18.285702 ) (-928 400 -18.285702 ) (-928 400 -18 ) (-1020 400 -18 ) 
4 55 123 (-96 416 -40 ) (-96 400 -40 ) (-928 400 -40 ) (-928 416 -40 ) 
4 55 122 (-928 400 -40 ) (-816 400 -40 ) (-816 400 -32 ) (-928 400 -32 ) 
4 55 105 (-816 400 -40 ) (-808 400 -40 ) (-808 400 -32 ) (-816 400 -32 ) 
4 55 100 (-808 400 -40 ) (-760 400 -40 ) (-760 400 -32 ) (-808 400 -32 ) 
4 55 99 (-760 400 -40 ) (-752 400 -40 ) (-752 400 -32 ) (-760 400 -32 ) 
4 55 97 (-752 400 -40 ) (-560 400 -40 ) (-560 400 -32 ) (-752 400 -32 ) 
4 55 85 (-560 400 -40 ) (-552 400 -40 ) (-552 400 -32 ) (-560 400 -32 ) 
4 55 81 (-552 400 -40 ) (-504 400 -40 ) (-504 400 -32 ) (-552 400 -32 ) 
4 55 80 (-504 400 -40 ) (-496 400 -40 ) (-496 400 -32 ) (-504 400 -32 ) 
4 55 79 (-496 400 -40 ) (-288 400 -40 ) (-288 400 -32 ) (-496 400 -32 ) 
4 55 69 (-288 400 -40 ) (-280 400 -40 ) (-280 400 -32 ) (-288 400 -32 ) 
4 55 65 (-280 400 -40 ) (-232 400 -40 ) (-232 400 -32 ) (-280 400 -32 ) 
4 55 64 (-232 400 -40 ) (-224 400 -40 ) (-224 400 -32 ) (-232 400 -32 ) 
4 55 63 (-224 400 -40 ) (-96 400 -40 ) (-96 400 -32 ) (-224 400 -32 ) 
4 56 57 (-4 352 279.069031 ) (-4 352 116 ) (0 352 116 ) (0 352 279.069031 ) 
4 56 58 (-4 352 8 ) (-4 352 -18.285702 ) (0 352 -18.285702 ) (0 352 8 ) 
4 56 59 (-4 352 279.068970 ) (-4 400 243.348022 ) (-4 400 -18.285702 ) (-4 352 -18.285702 ) 
4 57 60 (0 164 116 ) (0 164 282.044922 ) (-4 164 282.044922 ) (-4 164 116 ) 
5 57 59 (-4 164 116 ) (-4 164 282.046875 ) (-4 256 350.511414 ) (-4 352 279.068970 ) (-4 352 116 ) 
4 58 60 (-4 164 -18.285702 ) (0 164 -18.285702 ) (0 164 8 ) (-4 164 8 ) 
4 58 59 (-4 164 -18.285702 ) (-4 164 8 ) (-4 352 8 ) (-4 352 -18.285702 ) 
4 59 71 (-224 192 -18.285702 ) (-224 164 -18.285702 ) (-224 164 282.046509 ) (-224 192 302.883728 ) 
5 59 70 (-224 320 -18.285702 ) (-224 192 -18.285702 ) (-224 192 302.883728 ) (-224 256 350.511353 ) (-224 320 302.883179 ) 
4 59 64 (-224 400 241.523987 ) (-224 400 -18.285702 ) (-224 320 -18.285702 ) (-224 320 302.476990 ) 
4 59 63 (-224 164 -18.285702 ) (-224 400 -18.285702 ) (-96 400 -18.285702 ) (-96 164 -18.285702 ) 
4 59 60 (-104 164 -18.285702 ) (-4 164 -18.285702 ) (-4 164 282.044922 ) (-104 164 282.044922 ) 
4 59 62 (-224 164 -18.285702 ) (-104 164 -18.285702 ) (-104 164 282.044922 ) (-224 164 282.044922 ) 
4 60 63 (-104 96 -18.285702 ) (-104 164 -18.285702 ) (-96 164 -18.285702 ) (-96 96 -18.285702 ) 
4 60 61 (-104 8 165.953125 ) (-104 8 160 ) (0 8 160 ) (0 8 165.953125 ) 
4 60 62 (-104 164 282.042969 ) (-104 164 -18.285702 ) (-104 8 -18.285702 ) (-104 8 165.949875 ) 
3 61 62 (-104 0.004859 160 ) (-104 8 165.949875 ) (-104 8 160 ) 
4 62 140 (-224 0 128 ) (-224 0 -18.285702 ) (-104 0 -18.285702 ) (-104 0 128 ) 
4 62 77 (-224 112 -18.285702 ) (-224 0 -18.285702 ) (-224 0 160 ) (-224 112 243.348831 ) 
5 62 71 (-224 164 -18.285702 ) (-224 112 -18.285702 ) (-224 112 243.048004 ) (-224 128.982101 255.986679 ) (-224 164 282.046509 ) 
4 62 63 (-224 96 -18.285702 ) (-224 164 -18.285702 ) (-104 164 -18.285702 ) (-104 96 -18.285702 ) 
4 63 123 (-224 96 -40 ) (-224 400 -40 ) (-96 400 -40 ) (-96 96 -40 ) 
4 63 78 (-224 112 -40 ) (-224 96 -40 ) (-224 96 -18.285702 ) (-224 112 -18.285702 ) 
4 63 71 (-224 192 -40 ) (-224 112 -40 ) (-224 112 -18.285702 ) (-224 192 -18.285702 ) 
4 63 70 (-224 320 -40 ) (-224 192 -40 ) (-224 192 -18.285702 ) (-224 320 -18.285702 ) 
4 63 64 (-224 400 -18.285702 ) (-224 400 -40 ) (-224 320 -40 ) (-224 320 -18.285702 ) 
4 64 123 (-232 400 -40 ) (-224 400 -40 ) (-224 320 -40 ) (-232 320 -40 ) 
4 64 70 (-232 320 -40 ) (-224 320 -40 ) (-224 320 302.476990 ) (-232 320 302.476990 ) 
4 64 65 (-232 400 241.524048 ) (-232 400 -40 ) (-232 320 -40 ) (-232 320 302.476990 ) 
4 65 123 (-280 400 -40 ) (-232 400 -40 ) (-232 320 -40 ) (-280 320 -40 ) 
4 65 70 (-280 320 -40 ) (-232 320 -40 ) (-232 320 302.476990 ) (-280 320 302.476990 ) 
4 65 69 (-280 400 241.511551 ) (-280 400 -40 ) (-280 320 -40 ) (-280 320 302.476990 ) 
4 65 67 (-280 396 244.559967 ) (-280 323.667542 299.681671 ) (-232 323.667542 299.681641 ) (-232 396 244.559372 ) 
4 65 66 (-280 323.667542 299.681671 ) (-280 323.188843 300.046478 ) (-232 323.188843 300.046448 ) (-232 323.667542 299.681641 ) 
4 66 68 (-280 324 301.430878 ) (-280 324.462921 303.865997 ) (-232 324.462921 303.865997 ) (-232 324 301.430878 ) 
4 66 67 (-232 323.667633 299.680969 ) (-280 323.667633 299.680969 ) (-280 324 301.430878 ) (-232 324 301.430878 ) 
4 67 68 (-232 396 246.445740 ) (-280 396 246.445740 ) (-280 324.001953 301.431641 ) (-232 324.001953 301.431641 ) 
4 69 123 (-288 320 -40 ) (-288 400 -40 ) (-280 400 -40 ) (-280 320 -40 ) 
4 69 79 (-288 400 241.524017 ) (-288 400 -40 ) (-288 320 -40 ) (-288 320 302.476990 ) 
4 69 70 (-288 320 302.476990 ) (-288 320 -40 ) (-280 320 -40 ) (-280 320 302.476990 ) 
4 70 123 (-288 192 -40 ) (-288 320 -40 ) (-224 320 -40 ) (-224 192 -40 ) 
5 70 79 (-288 320 -40 ) (-288 192 -40 ) (-288 192 302.881989 ) (-288 256 350.511597 ) (-288 320 302.884979 ) 
4 70 76 (-288 192 302.881958 ) (-288 192 -40 ) (-280 192 -40 ) (-280 192 302.881958 ) 
4 70 72 (-280 192 -40 ) (-232 192 -40 ) (-232 192 302.881989 ) (-280 192 302.881958 ) 
4 70 71 (-232 192 -40 ) (-224 192 -40 ) (-224 192 302.881989 ) (-232 192 302.881989 ) 
4 71 123 (-232 192 -40 ) (-224 192 -40 ) (-224 112 -40 ) (-232 112 -40 ) 
4 71 78 (-232 112 -40 ) (-224 112 -40 ) (-224 112 -18.285702 ) (-232 112 -18.285702 ) 
4 71 77 (-224 112 -18.285702 ) (-224 112 243.047974 ) (-232 112 243.047989 ) (-232 112 -18.285702 ) 
4 71 72 (-232 192 304 ) (-232 192 -40 ) (-232 112 -40 ) (-232 112 243.047974 ) 
4 72 123 (-280 192 -40 ) (-232 192 -40 ) (-232 112 -40 ) (-280 112 -40 ) 
4 72 78 (-280 112 -40 ) (-232 112 -40 ) (-232 112 -18.285702 ) (-280 112 -18.285702 ) 
4 72 77 (-232 112 -18.285702 ) (-232 112 243.047974 ) (-280 112 243.047989 ) (-280 112 -18.285702 ) 
4 72 76 (-280 192 304 ) (-280 192 -40 ) (-280 112 -40 ) (-280 112 243.047974 ) 
4 72 74 (-280 188.332504 301.205658 ) (-280 116 246.094528 ) (-232 116 246.094482 ) (-232 188.332672 301.204712 ) 
4 72 73 (-280 188.810135 301.569580 ) (-280 188.332504 301.205658 ) (-232 188.332672 301.204712 ) (-232 188.810425 301.568726 ) 
4 73 75 (-232 188 302.955017 ) (-232 187.537140 305.390045 ) (-280 187.537140 305.390045 ) (-280 188 302.955017 ) 
4 73 74 (-280 188.332794 301.204468 ) (-232 188.332794 301.204468 ) (-232 188 302.955017 ) (-280 188 302.955017 ) 
4 74 75 (-232 188 302.953125 ) (-280 188 302.953125 ) (-280 116 247.965286 ) (-232 116 247.965286 ) 
4 76 123 (-288 112 -40 ) (-288 192 -40 ) (-280 192 -40 ) (-280 112 -40 ) 
5 76 87 (-288 192 -40 ) (-288 112 -40 ) (-288 112 243.048004 ) (-288 128.982712 255.987137 ) (-288 192 302.883728 ) 
4 76 78 (-288 112 -18.285702 ) (-288 112 -40 ) (-280 112 -40 ) (-280 112 -18.285702 ) 
4 76 77 (-288 112 243.048004 ) (-288 112 -18.285702 ) (-280 112 -18.285702 ) (-280 112 243.048004 ) 
4 77 140 (-288 0 128 ) (-288 0 -18.285702 ) (-224 0 -18.285702 ) (-224 0 128 ) 
4 77 94 (-288 0 -18.285702 ) (-288 0 160.001160 ) (-288 112 243.346985 ) (-288 112 -18.285702 ) 
4 77 78 (-288 96 -18.285702 ) (-288 112 -18.285702 ) (-224 112 -18.285702 ) (-224 96 -18.285702 ) 
4 78 123 (-288 96 -40 ) (-288 112 -40 ) (-224 112 -40 ) (-224 96 -40 ) 
4 78 96 (-288 112 -40 ) (-288 96 -40 ) (-288 96 -18.285702 ) (-288 112 -18.285702 ) 
4 79 123 (-496 400 -40 ) (-288 400 -40 ) (-288 192 -40 ) (-496 192 -40 ) 
4 79 87 (-496 192 -40 ) (-288 192 -40 ) (-288 192 302.883698 ) (-496 192 302.883728 ) 
5 79 86 (-496 320 -40 ) (-496 192 -40 ) (-496 192 302.883698 ) (-496 256 350.511414 ) (-496 320 302.883331 ) 
4 79 80 (-496 400 241.524002 ) (-496 400 -40 ) (-496 320 -40 ) (-496 320 302.476990 ) 
4 80 123 (-504 400 -40 ) (-496 400 -40 ) (-496 320 -40 ) (-504 320 -40 ) 
4 80 86 (-504 320 -40 ) (-496 320 -40 ) (-496 320 302.476990 ) (-504 320 302.476990 ) 
4 80 81 (-504 400 241.524048 ) (-504 400 -40 ) (-504 320 -40 ) (-504 320 302.476990 ) 
4 81 123 (-552 400 -40 ) (-504 400 -40 ) (-504 320 -40 ) (-552 320 -40 ) 
4 81 86 (-552 320 -40 ) (-504 320 -40 ) (-504 320 302.476990 ) (-552 320 302.476990 ) 
4 81 85 (-552 400 241.511551 ) (-552 400 -40 ) (-552 320 -40 ) (-552 320 302.476990 ) 
4 81 83 (-552 396 244.559967 ) (-552 323.667542 299.681671 ) (-504 323.667542 299.681641 ) (-504 396 244.559372 ) 
4 81 82 (-552 323.667542 299.681671 ) (-552 323.188843 300.046478 ) (-504 323.188843 300.046448 ) (-504 323.667542 299.681641 ) 
4 82 84 (-552 324 301.430878 ) (-552 324.462921 303.865967 ) (-504 324.462921 303.865967 ) (-504 324 301.430878 ) 
4 82 83 (-504 323.667633 299.680969 ) (-552 323.667633 299.680969 ) (-552 324 301.430878 ) (-504 324 301.430878 ) 
4 83 84 (-504 396 246.445740 ) (-552 396 246.445740 ) (-552 324.001953 301.431641 ) (-504 324.001953 301.431641 ) 
4 85 123 (-560 320 -40 ) (-560 400 -40 ) (-552 400 -40 ) (-552 320 -40 ) 
4 85 97 (-560 400 241.524017 ) (-560 400 -40 ) (-560 320 -40 ) (-560 320 302.476990 ) 
4 85 86 (-560 320 302.476990 ) (-560 320 -40 ) (-552 320 -40 ) (-552 320 302.476990 ) 
4 86 123 (-560 192 -40 ) (-560 320 -40 ) (-496 320 -40 ) (-496 192 -40 ) 
5 86 97 (-560 320 -40 ) (-560 192 -40 ) (-560 192 302.881989 ) (-560 256 350.511414 ) (-560 320 302.883362 ) 
4 86 93 (-560 192 302.881958 ) (-560 192 -40 ) (-552 192 -40 ) (-552 192 302.881958 ) 
4 86 89 (-552 192 -40 ) (-504 192 -40 ) (-504 192 302.881989 ) (-552 192 302.881958 ) 
4 86 88 (-504 192 -40 ) (-496 192 -40 ) (-496 192 302.881989 ) (-504 192 302.881989 ) 
4 87 123 (-496 192 -40 ) (-288 192 -40 ) (-288 112 -40 ) (-496 112 -40 ) 
4 87 96 (-496 112 -40 ) (-288 112 -40 ) (-288 112 -18.285702 ) (-496 112 -18.285702 ) 
4 87 94 (-288 112 -18.285702 ) (-288 112 243.348816 ) (-496 112 243.348831 ) (-496 112 -18.285702 ) 
5 87 88 (-496 192 302.883728 ) (-496 192 -40 ) (-496 112 -40 ) (-496 112 243.048004 ) (-496 128.982239 255.986755 ) 
4 88 123 (-504 192 -40 ) (-496 192 -40 ) (-496 112 -40 ) (-504 112 -40 ) 
4 88 96 (-504 112 -40 ) (-496 112 -40 ) (-496 112 -18.285702 ) (-504 112 -18.285702 ) 
4 88 95 (-496 112 -18.285702 ) (-496 112 243.048004 ) (-504 112 243.048004 ) (-504 112 -18.285702 ) 
4 88 89 (-504 192 304 ) (-504 192 -40 ) (-504 112 -40 ) (-504 112 243.048004 ) 
4 89 123 (-552 192 -40 ) (-504 192 -40 ) (-504 112 -40 ) (-552 112 -40 ) 
4 89 96 (-552 112 -40 ) (-504 112 -40 ) (-504 112 -18.285702 ) (-552 112 -18.285702 ) 
4 89 95 (-504 112 -18.285702 ) (-504 112 243.059753 ) (-552 112 243.059769 ) (-552 112 -18.285702 ) 
4 89 93 (-552 192 304 ) (-552 192 -40 ) (-552 112 -40 ) (-552 112 243.059753 ) 
4 89 91 (-552 188.333038 301.202881 ) (-552 116 246.105469 ) (-504 116 246.105606 ) (-504 188.332581 301.205170 ) 
4 89 90 (-552 188.811020 301.566986 ) (-552 188.333038 301.202881 ) (-504 188.332581 301.205170 ) (-504 188.810303 301.569061 ) 
4 90 92 (-504 188 302.955292 ) (-504 187.538574 305.384796 ) (-552 187.538574 305.384796 ) (-552 188 302.955292 ) 
4 90 91 (-552 188.332825 301.206696 ) (-504 188.332825 301.206696 ) (-504 188 302.955292 ) (-552 188 302.955292 ) 
4 91 92 (-504 188 302.953125 ) (-552 188 302.953125 ) (-552 116 247.965286 ) (-504 116 247.965286 ) 
4 93 123 (-560 112 -40 ) (-560 192 -40 ) (-552 192 -40 ) (-552 112 -40 ) 
5 93 97 (-560 192 -40 ) (-560 112 -40 ) (-560 112 243.048004 ) (-560 128.982712 255.987137 ) (-560 192 302.883728 ) 
4 93 96 (-560 112 -18.285702 ) (-560 112 -40 ) (-552 112 -40 ) (-552 112 -18.285702 ) 
4 93 95 (-560 112 243.048004 ) (-560 112 -18.285702 ) (-552 112 -18.285702 ) (-552 112 243.048004 ) 
4 94 140 (-496 0 128 ) (-496 0 -18.285702 ) (-288 0 -18.285702 ) (-288 0 128 ) 
4 94 96 (-496 112 -18.285702 ) (-288 112 -18.285702 ) (-288 96 -18.285702 ) (-496 96 -18.285702 ) 
4 94 95 (-496 112 243.348816 ) (-496 112 -18.285702 ) (-496 0 -18.285702 ) (-496 0 160 ) 
4 95 140 (-560 0 128 ) (-560 0 -18.285702 ) (-496 0 -18.285702 ) (-496 0 128 ) 
4 95 98 (-560 0 -18.285702 ) (-560 0 160.001160 ) (-560 96 231.440430 ) (-560 96 -18.285702 ) 
4 95 97 (-560 96 231.440430 ) (-560 112 243.346985 ) (-560 112 -18.285702 ) (-560 96 -18.285702 ) 
4 95 96 (-560 96 -18.285702 ) (-560 112 -18.285702 ) (-496 112 -18.285702 ) (-496 96 -18.285702 ) 
4 96 123 (-560 96 -40 ) (-560 112 -40 ) (-288 112 -40 ) (-288 96 -40 ) 
4 96 97 (-560 112 -40 ) (-560 96 -40 ) (-560 96 -18.285702 ) (-560 112 -18.285702 ) 
4 97 123 (-752 96 -40 ) (-752 400 -40 ) (-560 400 -40 ) (-560 96 -40 ) 
4 97 114 (-752 112 -40 ) (-752 96 -40 ) (-752 96 -18.285702 ) (-752 112 -18.285702 ) 
4 97 113 (-752 96 -18.285702 ) (-752 96 231.441833 ) (-752 112 243.348816 ) (-752 112 -18.285702 ) 
5 97 107 (-752 192 -40 ) (-752 112 -40 ) (-752 112 243.048004 ) (-752 128.981781 255.986420 ) (-752 192 302.883698 ) 
5 97 106 (-752 320 -40 ) (-752 192 -40 ) (-752 192 302.883698 ) (-752 256 350.511505 ) (-752 320 302.883484 ) 
4 97 99 (-752 400 241.524017 ) (-752 400 -40 ) (-752 320 -40 ) (-752 320 302.476990 ) 
4 97 98 (-752 96 231.441818 ) (-752 96 -18.285702 ) (-560 96 -18.285702 ) (-560 96 231.441833 ) 
4 98 140 (-752 0 128 ) (-752 0 -18.285702 ) (-560 0 -18.285702 ) (-560 0 128 ) 
4 98 113 (-752 0 -18.285702 ) (-752 0 160 ) (-752 96 231.441818 ) (-752 96 -18.285702 ) 
4 99 123 (-760 400 -40 ) (-752 400 -40 ) (-752 320 -40 ) (-760 320 -40 ) 
4 99 106 (-760 320 -40 ) (-752 320 -40 ) (-752 320 302.476990 ) (-760 320 302.476990 ) 
4 99 101 (-760 320 -40 ) (-760 320 302.476990 ) (-760 396 244.571671 ) (-760 396 -40 ) 
4 99 100 (-760 396 244.571671 ) (-760 400 241.524017 ) (-760 400 -40 ) (-760 396 -40 ) 
4 100 123 (-808 400 -40 ) (-760 400 -40 ) (-760 396 -40 ) (-808 396 -40 ) 
4 100 105 (-808 400 241.522980 ) (-808 400 -40 ) (-808 396 -40 ) (-808 396 244.570984 ) 
4 100 101 (-808 396 244.571014 ) (-808 396 -40 ) (-760 396 -40 ) (-760 396 244.571014 ) 
4 101 123 (-760 396 -40 ) (-760 320 -40 ) (-808 320 -40 ) (-808 396 -40 ) 
4 101 106 (-808 320 -40 ) (-760 320 -40 ) (-760 320 302.476990 ) (-808 320 302.476990 ) 
4 101 105 (-808 320 -40 ) (-808 320 302.476990 ) (-808 396 244.559830 ) (-808 396 -40 ) 
4 101 103 (-760 396 244.560577 ) (-808 396 244.560577 ) (-808 323.667725 299.682709 ) (-760 323.667725 299.682709 ) 
4 101 102 (-808 323.667725 299.682709 ) (-808 323.189148 300.047424 ) (-760 323.189148 300.047424 ) (-760 323.667725 299.682709 ) 
4 102 104 (-808 324 301.430817 ) (-808 324.462891 303.865204 ) (-760 324.462891 303.865204 ) (-760 324 301.430817 ) 
4 102 103 (-760 323.667725 299.680908 ) (-808 323.667725 299.680908 ) (-808 324 301.430817 ) (-760 324 301.430817 ) 
4 103 104 (-760 396 246.446671 ) (-808 396 246.446671 ) (-808 324.001923 301.431671 ) (-760 324.001923 301.431671 ) 
4 105 123 (-816 320 -40 ) (-816 400 -40 ) (-808 400 -40 ) (-808 320 -40 ) 
4 105 122 (-816 400 -18.285702 ) (-816 400 -40 ) (-816 320 -40 ) (-816 320 -18.285702 ) 
4 105 116 (-816 400 160 ) (-816 400 -18.285702 ) (-816 320 -18.285702 ) (-816 320 160 ) 
4 105 115 (-816 400 241.524017 ) (-816 400 160 ) (-816 320 160 ) (-816 320 302.476990 ) 
4 105 106 (-816 320 302.476990 ) (-816 320 -40 ) (-808 320 -40 ) (-808 320 302.476990 ) 
4 106 123 (-816 192 -40 ) (-816 320 -40 ) (-752 320 -40 ) (-752 192 -40 ) 
4 106 122 (-816 320 -40 ) (-816 192 -40 ) (-816 192 -18.285702 ) (-816 320 -18.285702 ) 
4 106 116 (-816 192 -18.285702 ) (-816 192 160 ) (-816 320 160 ) (-816 320 -18.285702 ) 
5 106 115 (-816 192 160 ) (-816 192 302.881989 ) (-816 256 350.511505 ) (-816 320 302.883545 ) (-816 320 160 ) 
4 106 112 (-816 192 302.881958 ) (-816 192 -40 ) (-808 192 -40 ) (-808 192 302.881958 ) 
4 106 108 (-808 192 -40 ) (-760 192 -40 ) (-760 192 302.881989 ) (-808 192 302.881958 ) 
4 106 107 (-760 192 -40 ) (-752 192 -40 ) (-752 192 302.881989 ) (-760 192 302.881989 ) 
4 107 123 (-760 192 -40 ) (-752 192 -40 ) (-752 112 -40 ) (-760 112 -40 ) 
4 107 114 (-760 112 -40 ) (-752 112 -40 ) (-752 112 -18.285702 ) (-760 112 -18.285702 ) 
4 107 113 (-752 112 -18.285702 ) (-752 112 243.047974 ) (-760 112 243.047989 ) (-760 112 -18.285702 ) 
4 107 108 (-760 192 304 ) (-760 192 -40 ) (-760 112 -40 ) (-760 112 243.047974 ) 
4 108 123 (-808 192 -40 ) (-760 192 -40 ) (-760 112 -40 ) (-808 112 -40 ) 
4 108 114 (-808 112 -40 ) (-760 112 -40 ) (-760 112 -18.285702 ) (-808 112 -18.285702 ) 
4 108 113 (-760 112 -18.285702 ) (-760 112 243.059753 ) (-808 112 243.059769 ) (-808 112 -18.285702 ) 
4 108 112 (-808 192 304 ) (-808 192 -40 ) (-808 112 -40 ) (-808 112 243.059753 ) 
4 108 110 (-808 188.333038 301.202881 ) (-808 116 246.105469 ) (-760 116 246.105606 ) (-760 188.332581 301.205170 ) 
4 108 109 (-808 188.811020 301.566986 ) (-808 188.333038 301.202881 ) (-760 188.332581 301.205170 ) (-760 188.810303 301.569061 ) 
4 109 111 (-760 188 302.955292 ) (-760 187.538574 305.384796 ) (-808 187.538574 305.384796 ) (-808 188 302.955292 ) 
4 109 110 (-808 188.332825 301.206696 ) (-760 188.332825 301.206696 ) (-760 188 302.955292 ) (-808 188 302.955292 ) 
4 110 111 (-760 188 302.953125 ) (-808 188 302.953125 ) (-808 116 247.965286 ) (-760 116 247.965286 ) 
4 112 123 (-816 112 -40 ) (-816 192 -40 ) (-808 192 -40 ) (-808 112 -40 ) 
4 112 122 (-816 192 -40 ) (-816 112 -40 ) (-816 112 -18.285702 ) (-816 192 -18.285702 ) 
4 112 116 (-816 112 -18.285702 ) (-816 112 160 ) (-816 192 160 ) (-816 192 -18.285702 ) 
5 112 115 (-816 112 160 ) (-816 112 243.048004 ) (-816 128.982712 255.987137 ) (-816 192 302.883728 ) (-816 192 160 ) 
4 112 114 (-816 112 -18.285702 ) (-816 112 -40 ) (-808 112 -40 ) (-808 112 -18.285702 ) 
4 112 113 (-816 112 243.048004 ) (-816 112 -18.285702 ) (-808 112 -18.285702 ) (-808 112 243.048004 ) 
4 113 140 (-816 0 128 ) (-816 0 -18.285702 ) (-752 0 -18.285702 ) (-752 0 128 ) 
4 113 121 (-816 0 -18.285702 ) (-816 0 160 ) (-816 8 160 ) (-816 8 -18.285702 ) 
4 113 116 (-816 8 160 ) (-816 112 160 ) (-816 112 -18.285702 ) (-816 8 -18.285702 ) 
4 113 115 (-816 0 160 ) (-816 0 160.001144 ) (-816 112 243.347000 ) (-816 112 160 ) 
4 113 114 (-816 96 -18.285702 ) (-816 112 -18.285702 ) (-752 112 -18.285702 ) (-752 96 -18.285702 ) 
4 114 123 (-816 96 -40 ) (-816 112 -40 ) (-752 112 -40 ) (-752 96 -40 ) 
4 114 122 (-816 112 -40 ) (-816 96 -40 ) (-816 96 -18.285702 ) (-816 112 -18.285702 ) 
4 115 121 (-816 0 160 ) (-920 0 160 ) (-920 8 160 ) (-816 8 160 ) 
4 115 118 (-1024 164 160 ) (-1024 352 160 ) (-1020 352 160 ) (-1020 164 160 ) 
4 115 117 (-1024 352 160 ) (-1024 400 160 ) (-1020 400 160 ) (-1020 352 160 ) 
4 115 120 (-1024 8 160 ) (-1024 164 160 ) (-1020 164 160 ) (-1020 8 160 ) 
4 115 116 (-1020 400 160 ) (-816 400 160 ) (-816 8 160 ) (-1020 8 160 ) 
4 116 122 (-928 400 -18.285702 ) (-816 400 -18.285702 ) (-816 96 -18.285702 ) (-928 96 -18.285702 ) 
4 116 121 (-920 8 -18.285702 ) (-816 8 -18.285702 ) (-816 8 160 ) (-920 8 160 ) 
4 116 118 (-1020 164 104 ) (-1020 164 160 ) (-1020 352 160 ) (-1020 352 104 ) 
4 116 119 (-1020 352 -18.285702 ) (-1020 164 -18.285702 ) (-1020 164 24 ) (-1020 352 24 ) 
4 116 117 (-1020 400 -18.285702 ) (-1020 352 -18.285702 ) (-1020 352 160 ) (-1020 400 160 ) 
4 116 120 (-1020 164 -18.285702 ) (-1020 8 -18.285702 ) (-1020 8 160 ) (-1020 164 160 ) 
4 117 118 (-1020 352 104 ) (-1020 352 160 ) (-1024 352 160 ) (-1024 352 104 ) 
4 117 119 (-1024 352 -18.285702 ) (-1020 352 -18.285702 ) (-1020 352 24 ) (-1024 352 24 ) 
4 118 120 (-1020 164 104 ) (-1020 164 160 ) (-1024 164 160 ) (-1024 164 104 ) 
4 119 120 (-1024 164 -18.285702 ) (-1020 164 -18.285702 ) (-1020 164 24 ) (-1024 164 24 ) 
4 121 140 (-920 0 -18.285702 ) (-816 0 -18.285702 ) (-816 0 128 ) (-920 0 128 ) 
4 122 123 (-928 96 -40 ) (-928 400 -40 ) (-816 400 -40 ) (-816 96 -40 ) 
4 124 149 (-104 -436 160 ) (-104 -436.211060 160 ) (-270.841003 -436.211426 160 ) (-270.841003 -436 160 ) 
4 124 144 (-104 -88 160 ) (-104 -424 160 ) (-108 -424 160 ) (-108 -88 160 ) 
4 124 143 (-104 -80 160 ) (-104 -88 160 ) (-108 -88 160 ) (-108 -80 160 ) 
4 124 146 (-104 -424 160 ) (-104 -436 160 ) (-108 -436 160 ) (-108 -424 160 ) 
4 124 147 (-108 -436 160 ) (-270.841003 -436 160 ) (-270.841003 -80 160 ) (-108 -80 160 ) 
4 124 141 (-270.841003 -69.823463 160 ) (-104 -69.823456 160 ) (-104 -80 160 ) (-270.841003 -80 160 ) 
3 124 127 (-270.841003 -362.373993 160 ) (-270.841003 -436.211426 160 ) (-270.841003 -362.373993 201.568604 ) 
4 124 126 (-270.841003 -301.619995 160 ) (-270.841003 -362.373993 160 ) (-270.841003 -362.373993 201.568604 ) (-270.841003 -301.619995 235.771561 ) 
4 124 125 (-270.841003 -253.009323 263.138123 ) (-270.841003 -69.824219 160 ) (-270.841003 -301.619995 160 ) (-270.841003 -301.619995 235.771561 ) 
4 125 147 (-270.841003 -80 160 ) (-270.841003 -301.619995 160 ) (-322.550995 -301.619995 160 ) (-322.550995 -80 160 ) 
4 125 141 (-322.550995 -69.823463 160 ) (-270.841003 -69.823463 160 ) (-270.841003 -80 160 ) (-322.550995 -80 160 ) 
4 125 137 (-322.550995 -143.662018 201.573715 ) (-322.550995 -204.415009 235.779236 ) (-270.841003 -204.415009 235.779251 ) (-270.841003 -143.662018 201.573715 ) 
4 125 128 (-322.550995 -253.018448 263.144012 ) (-322.550995 -69.824219 160 ) (-322.550995 -301.619995 160 ) (-322.550995 -301.619995 235.781006 ) 
4 125 126 (-322.550995 -301.619995 235.781021 ) (-322.550995 -301.619995 160 ) (-270.841003 -301.619995 160 ) (-270.841003 -301.619995 235.781021 ) 
4 126 147 (-270.841003 -301.619995 160 ) (-270.841003 -362.373993 160 ) (-322.550995 -362.373993 160 ) (-322.550995 -301.619995 160 ) 
4 126 128 (-322.550995 -301.619995 235.771606 ) (-322.550995 -301.619995 160 ) (-322.550995 -362.373993 160 ) (-322.550995 -362.373993 201.568665 ) 
4 126 127 (-322.550995 -362.373993 201.568680 ) (-322.550995 -362.373993 160 ) (-270.841003 -362.373993 160 ) (-270.841003 -362.373993 201.568619 ) 
4 127 149 (-270.841003 -436 160 ) (-270.841003 -436.211426 160 ) (-322.550995 -436.211487 160 ) (-322.550995 -436 160 ) 
4 127 147 (-270.841003 -362.373993 160 ) (-270.841003 -436 160 ) (-322.550995 -436 160 ) (-322.550995 -362.373993 160 ) 
3 127 128 (-322.550995 -362.373993 201.568680 ) (-322.550995 -362.373993 160 ) (-322.550995 -436.211487 160 ) 
4 128 149 (-322.550995 -436 160 ) (-322.550995 -436.211487 160 ) (-490.609009 -436.211823 160 ) (-490.609009 -436 160 ) 
4 128 147 (-322.550995 -80 160 ) (-322.550995 -436 160 ) (-490.609009 -436 160 ) (-490.609009 -80 160 ) 
4 128 141 (-490.609009 -69.823471 160 ) (-322.550995 -69.823463 160 ) (-322.550995 -80 160 ) (-490.609009 -80 160 ) 
3 128 131 (-490.609009 -362.373993 160 ) (-490.609009 -436.211792 160 ) (-490.609009 -362.373993 201.568832 ) 
4 128 129 (-490.609009 -253.009995 263.138031 ) (-490.609009 -69.824707 160 ) (-490.609009 -362.373993 160 ) (-490.609009 -362.373993 201.568832 ) 
4 129 147 (-490.609009 -80 160 ) (-490.609009 -362.373993 160 ) (-542.318970 -362.373993 160 ) (-542.318970 -80 160 ) 
4 129 141 (-542.318970 -69.823471 160 ) (-490.609009 -69.823471 160 ) (-490.609009 -80 160 ) (-542.318970 -80 160 ) 
4 129 138 (-542.318970 -143.662018 201.573730 ) (-542.318970 -204.415009 235.779266 ) (-490.609009 -204.415009 235.779236 ) (-490.609009 -143.662018 201.573715 ) 
4 129 132 (-542.318970 -253.010025 263.138031 ) (-542.318970 -69.824707 160 ) (-542.318970 -362.373993 160 ) (-542.318970 -362.373993 201.568909 ) 
4 129 131 (-542.318970 -362.373993 201.568909 ) (-542.318970 -362.373993 160 ) (-490.609009 -362.373993 160 ) (-490.609009 -362.373993 201.568832 ) 
4 129 130 (-542.318970 -301.619995 235.771683 ) (-542.318970 -362.373993 201.568970 ) (-490.609009 -362.373993 201.568909 ) (-490.609009 -301.619995 235.771881 ) 
4 131 149 (-490.609009 -436 160 ) (-490.609009 -436.211823 160 ) (-542.318970 -436.211945 160 ) (-542.318970 -436 160 ) 
4 131 147 (-490.609009 -362.373993 160 ) (-490.609009 -436 160 ) (-542.318970 -436 160 ) (-542.318970 -362.373993 160 ) 
3 131 132 (-542.318970 -362.373993 201.568893 ) (-542.318970 -362.373993 160 ) (-542.318970 -436.211945 160 ) 
4 132 149 (-542.318970 -436 160 ) (-542.318970 -436.211914 160 ) (-697.448975 -436.212311 160 ) (-697.448975 -436 160 ) 
4 132 147 (-542.318970 -80 160 ) (-542.318970 -436 160 ) (-697.448975 -436 160 ) (-697.448975 -80 160 ) 
4 132 141 (-697.448975 -69.823479 160 ) (-542.318970 -69.823471 160 ) (-542.318970 -80 160 ) (-697.448975 -80 160 ) 
3 132 135 (-697.448975 -362.373993 160 ) (-697.448975 -436.212311 160 ) (-697.448975 -362.373993 201.569107 ) 
4 132 134 (-697.448975 -301.619995 160 ) (-697.448975 -362.373993 160 ) (-697.448975 -362.373993 201.569107 ) (-697.448975 -301.619995 235.772064 ) 
4 132 133 (-697.448975 -253.009750 263.138397 ) (-697.448975 -69.824219 160 ) (-697.448975 -301.619995 160 ) (-697.448975 -301.619995 235.772064 ) 
4 133 147 (-697.448975 -80 160 ) (-697.448975 -301.619995 160 ) (-749.159058 -301.619995 160 ) (-749.159058 -80 160 ) 
4 133 141 (-749.159058 -69.823479 160 ) (-697.448975 -69.823479 160 ) (-697.448975 -80 160 ) (-749.159058 -80 160 ) 
4 133 139 (-749.159058 -143.662018 201.573746 ) (-749.159058 -204.415009 235.779282 ) (-697.448975 -204.415009 235.779282 ) (-697.448975 -143.662018 201.573746 ) 
4 133 136 (-749.159058 -253.018784 263.144196 ) (-749.159058 -69.824219 160 ) (-749.159058 -301.619995 160 ) (-749.159058 -301.619995 235.776947 ) 
4 133 134 (-749.159058 -301.619995 235.776962 ) (-749.159058 -301.619995 160 ) (-697.448975 -301.619995 160 ) (-697.448975 -301.619995 235.776947 ) 
4 134 147 (-697.448975 -301.619995 160 ) (-697.448975 -362.373993 160 ) (-749.159058 -362.373993 160 ) (-749.159058 -301.619995 160 ) 
4 134 136 (-749.159058 -301.619995 235.772095 ) (-749.159058 -301.619995 160 ) (-749.159058 -362.373993 160 ) (-749.159058 -362.373993 201.569153 ) 
4 134 135 (-749.159058 -362.373993 201.569153 ) (-749.159058 -362.373993 160 ) (-697.448975 -362.373993 160 ) (-697.448975 -362.373993 201.569092 ) 
4 135 149 (-697.448975 -436 160 ) (-697.448975 -436.212311 160 ) (-749.159058 -436.212372 160 ) (-749.159058 -436 160 ) 
4 135 147 (-697.448975 -362.373993 160 ) (-697.448975 -436 160 ) (-749.159058 -436 160 ) (-749.159058 -362.373993 160 ) 
3 135 136 (-749.159058 -362.373993 201.569153 ) (-749.159058 -362.373993 160 ) (-749.159058 -436.212372 160 ) 
4 136 149 (-749.159058 -436 160 ) (-749.159058 -436.212372 160 ) (-920 -436.212677 160 ) (-920 -436 160 ) 
4 136 148 (-916 -436 160 ) (-920 -436 160 ) (-920 -80 160 ) (-916 -80 160 ) 
4 136 147 (-749.159058 -80 160 ) (-749.159058 -436 160 ) (-916 -436 160 ) (-916 -80 160 ) 
4 136 141 (-920 -69.823486 160 ) (-749.159058 -69.823479 160 ) (-749.159058 -80 160 ) (-920 -80 160 ) 
4 140 151 (-920 -32 -12 ) (-920 -32 -18.285702 ) (-104 -32 -18.285702 ) (-104 -32 -12 ) 
4 140 142 (-920 -32 128 ) (-920 -32 -12 ) (-104 -32 -12 ) (-104 -32 128 ) 
4 141 148 (-920 -80 160 ) (-920 -80 144 ) (-916 -80 144 ) (-916 -80 160 ) 
4 141 143 (-108 -80 128 ) (-104 -80 128 ) (-104 -80 160 ) (-108 -80 160 ) 
4 141 147 (-916 -80 128 ) (-108 -80 128 ) (-108 -80 160 ) (-916 -80 160 ) 
4 141 142 (-104 -80 128 ) (-920 -80 128 ) (-920 -64 128 ) (-104 -64 128 ) 
4 142 151 (-920 -32 -12 ) (-104 -32 -12 ) (-104 -80 -12 ) (-920 -80 -12 ) 
4 142 143 (-108 -80 -12 ) (-104 -80 -12 ) (-104 -80 128 ) (-108 -80 128 ) 
4 142 147 (-916 -80 -12 ) (-108 -80 -12 ) (-108 -80 128 ) (-916 -80 128 ) 
4 143 151 (-104 -80 -12 ) (-104 -88 -12 ) (-108 -88 -12 ) (-108 -80 -12 ) 
4 143 144 (-108 -88 160 ) (-108 -88 120 ) (-104 -88 120 ) (-104 -88 160 ) 
4 143 145 (-108 -88 16 ) (-108 -88 -12 ) (-104 -88 -12 ) (-104 -88 16 ) 
4 143 147 (-108 -80 160 ) (-108 -80 -12 ) (-108 -88 -12 ) (-108 -88 160 ) 
4 144 146 (-108 -424 160 ) (-108 -424 120 ) (-104 -424 120 ) (-104 -424 160 ) 
4 144 147 (-108 -424 120 ) (-108 -424 160 ) (-108 -88 160 ) (-108 -88 120 ) 
4 145 151 (-104 -88 -12 ) (-104 -424 -12 ) (-108 -424 -12 ) (-108 -88 -12 ) 
4 145 147 (-108 -88 -12 ) (-108 -424 -12 ) (-108 -424 16 ) (-108 -88 16 ) 
4 145 146 (-108 -424 16 ) (-108 -424 -12 ) (-104 -424 -12 ) (-104 -424 16 ) 
4 146 151 (-104 -424 -12 ) (-104 -436 -12 ) (-108 -436 -12 ) (-108 -424 -12 ) 
4 146 150 (-108 -436 -12 ) (-104 -436 -12 ) (-104 -436 128 ) (-108 -436 128 ) 
4 146 149 (-104 -436 128 ) (-104 -436 160 ) (-108 -436 160 ) (-108 -436 128 ) 
4 146 147 (-108 -424 -12 ) (-108 -436 -12 ) (-108 -436 160 ) (-108 -424 160 ) 
4 147 151 (-108 -436 -12 ) (-916 -436 -12 ) (-916 -80 -12 ) (-108 -80 -12 ) 
4 147 150 (-916 -436 -12 ) (-108 -436 -12 ) (-108 -436 128 ) (-916 -436 128 ) 
4 147 149 (-108 -436 128 ) (-108 -436 160 ) (-916 -436 160 ) (-916 -436 128 ) 
4 147 148 (-916 -80 160 ) (-916 -80 144 ) (-916 -436 144 ) (-916 -436 160 ) 
4 148 149 (-916 -436 144 ) (-916 -436 160 ) (-920 -436 160 ) (-920 -436 144 ) 
4 149 150 (-920 -447 128 ) (-920 -436 128 ) (-104 -436 128 ) (-104 -447 128 ) 
4 150 159 (-728 -460 128 ) (-850 -460 128 ) (-850 -460 92 ) (-728 -460 92 ) 
4 150 160 (-850 -460 4 ) (-850 -460 -12 ) (-728 -460 -12 ) (-728 -460 4 ) 
4 150 158 (-608 -460 128 ) (-728 -460 128 ) (-728 -460 -12 ) (-608 -460 -12 ) 
4 150 161 (-850 -460 128 ) (-920 -460 128 ) (-920 -460 -12 ) (-850 -460 -12 ) 
4 150 156 (-416 -460 128 ) (-608 -460 128 ) (-608 -460 112 ) (-416 -460 112 ) 
4 150 155 (-301 -460 128 ) (-416 -460 128 ) (-416 -460 -12 ) (-301 -460 -12 ) 
4 150 153 (-179 -460 128 ) (-301 -460 128 ) (-301 -460 92 ) (-179 -460 92 ) 
4 150 154 (-301 -460 4 ) (-301 -460 -12 ) (-179 -460 -12 ) (-179 -460 4 ) 
4 150 152 (-104 -460 128 ) (-179 -460 128 ) (-179 -460 -12 ) (-104 -460 -12 ) 
4 150 151 (-104 -460 -12 ) (-920 -460 -12 ) (-920 -436 -12 ) (-104 -436 -12 ) 
4 151 160 (-850 -460 -32 ) (-728 -460 -32 ) (-728 -460 -12 ) (-850 -460 -12 ) 
4 151 158 (-728 -460 -32 ) (-608 -460 -32 ) (-608 -460 -12 ) (-728 -460 -12 ) 
4 151 161 (-920 -460 -32 ) (-850 -460 -32 ) (-850 -460 -12 ) (-920 -460 -12 ) 
4 151 157 (-608 -460 -32 ) (-416 -460 -32 ) (-416 -460 -16 ) (-608 -460 -16 ) 
4 151 155 (-416 -460 -32 ) (-301 -460 -32 ) (-301 -460 -12 ) (-416 -460 -12 ) 
4 151 154 (-301 -460 -32 ) (-179 -460 -32 ) (-179 -460 -12 ) (-301 -460 -12 ) 
4 151 152 (-179 -460 -32 ) (-104 -460 -32 ) (-104 -460 -12 ) (-179 -460 -12 ) 
4 152 153 (-179 -464 128 ) (-179 -460 128 ) (-179 -460 92 ) (-179 -464 92 ) 
4 152 154 (-179 -460 4 ) (-179 -460 -32 ) (-179 -464 -32 ) (-179 -464 4 ) 
4 153 155 (-301 -464 128 ) (-301 -460 128 ) (-301 -460 92 ) (-301 -464 92 ) 
4 154 155 (-301 -460 4 ) (-301 -460 -32 ) (-301 -464 -32 ) (-301 -464 4 ) 
4 155 156 (-416 -464 128 ) (-416 -460 128 ) (-416 -460 112 ) (-416 -464 112 ) 
4 155 157 (-416 -460 -16 ) (-416 -460 -32 ) (-416 -464 -32 ) (-416 -464 -16 ) 
4 156 158 (-608 -464 128 ) (-608 -460 128 ) (-608 -460 112 ) (-608 -464 112 ) 
4 157 158 (-608 -460 -16 ) (-608 -460 -32 ) (-608 -464 -32 ) (-608 -464 -16 ) 
4 158 159 (-728 -464 128 ) (-728 -460 128 ) (-728 -460 92 ) (-728 -464 92 ) 
4 158 160 (-728 -460 4 ) (-728 -460 -32 ) (-728 -464 -32 ) (-728 -464 4 ) 
4 159 161 (-850 -464 128 ) (-850 -460 128 ) (-850 -460 92 ) (-850 -464 92 ) 
4 160 161 (-850 -460 4 ) (-850 -460 -32 ) (-850 -464 -32 ) (-850 -464 4 ) 
