


materialPath: D:\Steam\steamapps\common\Counter-Strike Global Offensive\csgo\materials
Loading D:\Desktop\csgo\hammer maps\War of Attrition\achievement_war_of_attrition.vmf
Map revision 5
fixing up env_cubemap materials on brush sides...
0...1...2...3...4...5...6...7...8...9...100...1...2...3...4...5...6...7...8...9...10Processing areas...done (0)
Building Faces...done (0)
Chop Details...done (0)
Find Visible Detail Sides...done (0)
Merging details...done (0)
FixTjuncs...
PruneNodes...
WriteBSP...
done (0)
writing D:\Desktop\csgo\hammer maps\War of Attrition\achievement_war_of_attrition.prt...Building visibility clusters...
AutoVisClustering (threshold=-1) matched 0 leafs.
done (0)
Finding displacement neighbors...
Finding lightmap sample positions...
Displacement Alpha : 0...1...2...3...4...5...6...7...8...9...10
Building Physics collision data...
done (0) (4297 bytes)
Placing detail props : 0...1...2...3...4...5...6...7...8...9...10
Compacting texture/material tables...
Reduced 15 texinfos to 8
Reduced 4 texdatas to 4 (78 bytes to 78)
Writing D:\Desktop\csgo\hammer maps\War of Attrition\achievement_war_of_attrition.bsp
MSG_FILEWRITE - Filesystem was asked to write to 'd:\desktop\csgo\hammer maps\war of attrition\achievement_war_of_attrition.bsp', but we don't own that location. Allowing...
0 seconds elapsed



4 threads
reading d:\desktop\csgo\hammer maps\war of attrition\achievement_war_of_attrition.bsp
reading d:\desktop\csgo\hammer maps\war of attrition\achievement_war_of_attrition.prt
   2 portalclusters
   0 numportals
0...1...2...3...4...5...6...7...8...9...100...1...2...3...4...5...6...7...8...9...10Optimized: 0 visible clusters (0.00%)
Total clusters visible: 2
Average clusters visible: 1
Building PAS...
Average clusters audible: 1
visdatasize:24  compressed from 32
writing d:\desktop\csgo\hammer maps\war of attrition\achievement_war_of_attrition.bsp
MSG_FILEWRITE - Filesystem was asked to write to 'd:\desktop\csgo\hammer maps\war of attrition\achievement_war_of_attrition.bsp', but we don't own that location. Allowing...
0 seconds elapsed



[Reading texlights from 'lights.rad']
[17 texlights parsed from 'lights.rad']

Loading d:\desktop\csgo\hammer maps\war of attrition\achievement_war_of_attrition.bsp
18 faces
13233 square feet [1905664.00 square inches]
0 Displacements
0 Square Feet [0.00 Square Inches]
18 patches before subdivision
766 patches after subdivision
2 direct lights
0...1...2...3...4...5...6...7...8...9...100...1...2...3...4...5...6...7...8...9...10transfers 36032, max 180
transfer lists:   0.3 megs
0...1...2...3...4...5...6...7...8...9...10	Bounce #1 added RGB(1220, 343, 3)
0...1...2...3...4...5...6...7...8...9...10	Bounce #2 added RGB(638, 50, 0)
0...1...2...3...4...5...6...7...8...9...10	Bounce #3 added RGB(333, 7, 0)
0...1...2...3...4...5...6...7...8...9...10	Bounce #4 added RGB(176, 1, 0)
0...1...2...3...4...5...6...7...8...9...10	Bounce #5 added RGB(93, 0, 0)
0...1...2...3...4...5...6...7...8...9...10	Bounce #6 added RGB(49, 0, 0)
0...1...2...3...4...5...6...7...8...9...10	Bounce #7 added RGB(26, 0, 0)
0...1...2...3...4...5...6...7...8...9...10	Bounce #8 added RGB(14, 0, 0)
0...1...2...3...4...5...6...7...8...9...10	Bounce #9 added RGB(7, 0, 0)
0...1...2...3...4...5...6...7...8...9...10	Bounce #10 added RGB(4, 0, 0)
0...1...2...3...4...5...6...7...8...9...10	Bounce #11 added RGB(2, 0, 0)
0...1...2...3...4...5...6...7...8...9...10	Bounce #12 added RGB(1, 0, 0)
0...1...2...3...4...5...6...7...8...9...10	Bounce #13 added RGB(1, 0, 0)
Build Patch/Sample Hash Table(s).....Done<0.0002 sec>
0...1...2...3...4...5...6...7...8...9...10FinalLightFace Done
0 of 0 (0% of) surface lights went in leaf ambient cubes.
0...1...2...3...4...5...6...7...8...9...10Writing leaf ambient...done
Ready to Finish

Object names       Objects/Maxobjs  Memory / Maxmem  Fullness 
------------       ---------------  ---------------  -------- 
models                   2/1024           96/49152    ( 0.2%) 
brushes                  9/8192          108/98304    ( 0.1%) 
brushsides              54/81920         432/655360   ( 0.1%) 
planes                  64/65536        1280/1310720  ( 0.1%) 
vertexes                49/65536         588/786432   ( 0.1%) 
nodes                   18/65536         576/2097152  ( 0.0%) 
texinfos                 8/12288         576/884736   ( 0.1%) 
texdata                  4/4096          128/131072   ( 0.1%) 
dispinfos                0/0               0/0        ( 0.0%) 
disp_verts               0/0               0/0        ( 0.0%) 
disp_tris                0/0               0/0        ( 0.0%) 
disp_multiblend          0/0               0/0        ( 0.0%) 
disp_lmsamples           0/0               0/0        ( 0.0%) 
faces                   18/65536        1008/3670016  ( 0.0%) 
hdr faces                0/65536           0/3670016  ( 0.0%) 
origfaces               14/65536         784/3670016  ( 0.0%) 
facebrushes              0/0               0/0        ( 0.0%) 
facebrushlists          18/0              72/0        ( 0.0%) 
leaves                  21/65536         672/2097152  ( 0.0%) 
leaffaces               18/65536          36/131072   ( 0.0%) 
leafbrushes              9/65536          18/131072   ( 0.0%) 
areas                    3/1024           24/8192     ( 0.3%) 
surfedges              128/512000        512/2048000  ( 0.0%) 
edges                   81/256000        324/1024000  ( 0.0%) 
LDR worldlights          2/8192          200/819200   ( 0.0%) 
HDR worldlights          0/8192            0/819200   ( 0.0%) 
leafwaterdata            0/32768           0/393216   ( 0.0%) 
waterstrips              0/32768           0/327680   ( 0.0%) 
waterverts               0/65536           0/786432   ( 0.0%) 
waterindices             0/65536           0/131072   ( 0.0%) 
cubemapsamples           0/1024            0/16384    ( 0.0%) 
overlays                 0/1024            0/360448   ( 0.0%) 
LDR lightdata         [variable]       41336/0        ( 0.0%) 
HDR lightdata         [variable]           0/0        ( 0.0%) 
visdata               [variable]          24/16777216 ( 0.0%) 
entdata               [variable]        1838/393216   ( 0.5%) 
LDR ambient table       21/65536          84/262144   ( 0.0%) 
HDR ambient table       21/65536          84/262144   ( 0.0%) 
LDR leaf ambient        92/65536        2576/1835008  ( 0.1%) 
HDR leaf ambient        21/65536         588/1835008  ( 0.0%) 
occluders                0/0               0/0        ( 0.0%) 
occluder polygons        0/0               0/0        ( 0.0%) 
occluder vert ind        0/0               0/0        ( 0.0%) 
detail props          [variable]           1/12       ( 8.3%) 
static props          [variable]           1/12       ( 8.3%) 
pakfile               [variable]       74510/0        ( 0.0%) 
physics               [variable]        4297/4194304  ( 0.1%) 
physics terrain       [variable]           2/1048576  ( 0.0%) 

Level flags = 7c

Total triangle count: 36
Writing d:\desktop\csgo\hammer maps\war of attrition\achievement_war_of_attrition.bsp
MSG_FILEWRITE - Filesystem was asked to write to 'd:\desktop\csgo\hammer maps\war of attrition\achievement_war_of_attrition.bsp', but we don't own that location. Allowing...
0 seconds elapsed



materialPath: D:\Steam\steamapps\common\Counter-Strike Global Offensive\csgo\materials
Loading D:\Desktop\csgo\hammer maps\War of Attrition\achievement_war_of_attrition.vmf
Map revision 9
fixing up env_cubemap materials on brush sides...
0...1...2...3...4...5...6...7...8...9...100...1...2...3...4...5...6...7...8...9...10Processing areas...done (0)
Building Faces...done (0)
Chop Details...done (0)
Find Visible Detail Sides...done (0)
Merging details...done (0)
FixTjuncs...
PruneNodes...
WriteBSP...
done (0)
writing D:\Desktop\csgo\hammer maps\War of Attrition\achievement_war_of_attrition.prt...Building visibility clusters...
AutoVisClustering (threshold=-1) matched 0 leafs.
done (0)
Finding displacement neighbors...
Finding lightmap sample positions...
Displacement Alpha : 0...1...2...3...4...5...6...7...8...9...10
Building Physics collision data...
done (0) (4853 bytes)
Placing detail props : 0...1...2...3...4...5...6...7...8...9...10
Compacting texture/material tables...
Reduced 17 texinfos to 10
Reduced 4 texdatas to 4 (78 bytes to 78)
Writing D:\Desktop\csgo\hammer maps\War of Attrition\achievement_war_of_attrition.bsp
MSG_FILEWRITE - Filesystem was asked to write to 'd:\desktop\csgo\hammer maps\war of attrition\achievement_war_of_attrition.bsp', but we don't own that location. Allowing...
0 seconds elapsed



4 threads
reading d:\desktop\csgo\hammer maps\war of attrition\achievement_war_of_attrition.bsp
reading d:\desktop\csgo\hammer maps\war of attrition\achievement_war_of_attrition.prt
   2 portalclusters
   0 numportals
0...1...2...3...4...5...6...7...8...9...100...1...2...3...4...5...6...7...8...9...10Optimized: 0 visible clusters (0.00%)
Total clusters visible: 2
Average clusters visible: 1
Building PAS...
Average clusters audible: 1
visdatasize:24  compressed from 32
writing d:\desktop\csgo\hammer maps\war of attrition\achievement_war_of_attrition.bsp
MSG_FILEWRITE - Filesystem was asked to write to 'd:\desktop\csgo\hammer maps\war of attrition\achievement_war_of_attrition.bsp', but we don't own that location. Allowing...
0 seconds elapsed



[Reading texlights from 'lights.rad']
[17 texlights parsed from 'lights.rad']

Loading d:\desktop\csgo\hammer maps\war of attrition\achievement_war_of_attrition.bsp
24 faces
15246 square feet [2195456.00 square inches]
0 Displacements
0 Square Feet [0.00 Square Inches]
24 patches before subdivision
772 patches after subdivision
2 direct lights
0...1...2...3...4...5...6...7...8...9...100...1...2...3...4...5...6...7...8...9...10transfers 36144, max 180
transfer lists:   0.3 megs
0...1...2...3...4...5...6...7...8...9...10	Bounce #1 added RGB(1219, 343, 3)
0...1...2...3...4...5...6...7...8...9...10	Bounce #2 added RGB(639, 51, 0)
0...1...2...3...4...5...6...7...8...9...10	Bounce #3 added RGB(333, 7, 0)
0...1...2...3...4...5...6...7...8...9...10	Bounce #4 added RGB(176, 1, 0)
0...1...2...3...4...5...6...7...8...9...10	Bounce #5 added RGB(93, 0, 0)
0...1...2...3...4...5...6...7...8...9...10	Bounce #6 added RGB(49, 0, 0)
0...1...2...3...4...5...6...7...8...9...10	Bounce #7 added RGB(26, 0, 0)
0...1...2...3...4...5...6...7...8...9...10	Bounce #8 added RGB(14, 0, 0)
0...1...2...3...4...5...6...7...8...9...10	Bounce #9 added RGB(7, 0, 0)
0...1...2...3...4...5...6...7...8...9...10	Bounce #10 added RGB(4, 0, 0)
0...1...2...3...4...5...6...7...8...9...10	Bounce #11 added RGB(2, 0, 0)
0...1...2...3...4...5...6...7...8...9...10	Bounce #12 added RGB(1, 0, 0)
0...1...2...3...4...5...6...7...8...9...10	Bounce #13 added RGB(1, 0, 0)
Build Patch/Sample Hash Table(s).....Done<0.0002 sec>
0...1...2...3...4...5...6...7...8...9...10FinalLightFace Done
0 of 0 (0% of) surface lights went in leaf ambient cubes.
0...1...2...3...4...5...6...7...8...9...10Writing leaf ambient...done
Ready to Finish

Object names       Objects/Maxobjs  Memory / Maxmem  Fullness 
------------       ---------------  ---------------  -------- 
models                   3/1024          144/49152    ( 0.3%) 
brushes                 10/8192          120/98304    ( 0.1%) 
brushsides              60/81920         480/655360   ( 0.1%) 
planes                  66/65536        1320/1310720  ( 0.1%) 
vertexes                57/65536         684/786432   ( 0.1%) 
nodes                   24/65536         768/2097152  ( 0.0%) 
texinfos                10/12288         720/884736   ( 0.1%) 
texdata                  4/4096          128/131072   ( 0.1%) 
dispinfos                0/0               0/0        ( 0.0%) 
disp_verts               0/0               0/0        ( 0.0%) 
disp_tris                0/0               0/0        ( 0.0%) 
disp_multiblend          0/0               0/0        ( 0.0%) 
disp_lmsamples           0/0               0/0        ( 0.0%) 
faces                   24/65536        1344/3670016  ( 0.0%) 
hdr faces                0/65536           0/3670016  ( 0.0%) 
origfaces               20/65536        1120/3670016  ( 0.0%) 
facebrushes              0/0               0/0        ( 0.0%) 
facebrushlists          24/0              96/0        ( 0.0%) 
leaves                  28/65536         896/2097152  ( 0.0%) 
leaffaces               24/65536          48/131072   ( 0.0%) 
leafbrushes             10/65536          20/131072   ( 0.0%) 
areas                    3/1024           24/8192     ( 0.3%) 
surfedges              176/512000        704/2048000  ( 0.0%) 
edges                  105/256000        420/1024000  ( 0.0%) 
LDR worldlights          2/8192          200/819200   ( 0.0%) 
HDR worldlights          0/8192            0/819200   ( 0.0%) 
leafwaterdata            0/32768           0/393216   ( 0.0%) 
waterstrips              0/32768           0/327680   ( 0.0%) 
waterverts               0/65536           0/786432   ( 0.0%) 
waterindices             0/65536           0/131072   ( 0.0%) 
cubemapsamples           0/1024            0/16384    ( 0.0%) 
overlays                 0/1024            0/360448   ( 0.0%) 
LDR lightdata         [variable]       41336/0        ( 0.0%) 
HDR lightdata         [variable]           0/0        ( 0.0%) 
visdata               [variable]          24/16777216 ( 0.0%) 
entdata               [variable]        2183/393216   ( 0.6%) 
LDR ambient table       28/65536         112/262144   ( 0.0%) 
HDR ambient table       28/65536         112/262144   ( 0.0%) 
LDR leaf ambient       154/65536        4312/1835008  ( 0.2%) 
HDR leaf ambient        28/65536         784/1835008  ( 0.0%) 
occluders                0/0               0/0        ( 0.0%) 
occluder polygons        0/0               0/0        ( 0.0%) 
occluder vert ind        0/0               0/0        ( 0.0%) 
detail props          [variable]           1/12       ( 8.3%) 
static props          [variable]           1/12       ( 8.3%) 
pakfile               [variable]       74510/0        ( 0.0%) 
physics               [variable]        4853/4194304  ( 0.1%) 
physics terrain       [variable]           2/1048576  ( 0.0%) 

Level flags = 7c

Total triangle count: 48
Writing d:\desktop\csgo\hammer maps\war of attrition\achievement_war_of_attrition.bsp
MSG_FILEWRITE - Filesystem was asked to write to 'd:\desktop\csgo\hammer maps\war of attrition\achievement_war_of_attrition.bsp', but we don't own that location. Allowing...
0 seconds elapsed



materialPath: D:\Steam\steamapps\common\Counter-Strike Global Offensive\csgo\materials
Loading D:\Desktop\csgo\hammer maps\War of Attrition\achievement_war_of_attrition.vmf
Map revision 11
fixing up env_cubemap materials on brush sides...
0...1...2...3...4...5...6...7...8...9...100...1...2...3...4...5...6...7...8...9...10Processing areas...done (0)
Building Faces...done (0)
Chop Details...done (0)
Find Visible Detail Sides...done (0)
Merging details...done (0)
FixTjuncs...
PruneNodes...
WriteBSP...
done (0)
writing D:\Desktop\csgo\hammer maps\War of Attrition\achievement_war_of_attrition.prt...Building visibility clusters...
AutoVisClustering (threshold=-1) matched 0 leafs.
done (0)
Finding displacement neighbors...
Finding lightmap sample positions...
Displacement Alpha : 0...1...2...3...4...5...6...7...8...9...10
Building Physics collision data...
done (0) (4297 bytes)
Placing detail props : 0...1...2...3...4...5...6...7...8...9...10
Compacting texture/material tables...
Reduced 15 texinfos to 8
Reduced 4 texdatas to 4 (78 bytes to 78)
Writing D:\Desktop\csgo\hammer maps\War of Attrition\achievement_war_of_attrition.bsp
MSG_FILEWRITE - Filesystem was asked to write to 'd:\desktop\csgo\hammer maps\war of attrition\achievement_war_of_attrition.bsp', but we don't own that location. Allowing...
0 seconds elapsed



4 threads
reading d:\desktop\csgo\hammer maps\war of attrition\achievement_war_of_attrition.bsp
reading d:\desktop\csgo\hammer maps\war of attrition\achievement_war_of_attrition.prt
   2 portalclusters
   0 numportals
0...1...2...3...4...5...6...7...8...9...100...1...2...3...4...5...6...7...8...9...10Optimized: 0 visible clusters (0.00%)
Total clusters visible: 2
Average clusters visible: 1
Building PAS...
Average clusters audible: 1
visdatasize:24  compressed from 32
writing d:\desktop\csgo\hammer maps\war of attrition\achievement_war_of_attrition.bsp
MSG_FILEWRITE - Filesystem was asked to write to 'd:\desktop\csgo\hammer maps\war of attrition\achievement_war_of_attrition.bsp', but we don't own that location. Allowing...
0 seconds elapsed



[Reading texlights from 'lights.rad']
[17 texlights parsed from 'lights.rad']

Loading d:\desktop\csgo\hammer maps\war of attrition\achievement_war_of_attrition.bsp
18 faces
12629 square feet [1818624.00 square inches]
0 Displacements
0 Square Feet [0.00 Square Inches]
18 patches before subdivision
766 patches after subdivision
2 direct lights
0...1...2...3...4...5...6...7...8...9...100...1...2...3...4...5...6...7...8...9...10transfers 35998, max 180
transfer lists:   0.3 megs
0...1...2...3...4...5...6...7...8...9...10	Bounce #1 added RGB(1212, 341, 3)
0...1...2...3...4...5...6...7...8...9...10	Bounce #2 added RGB(637, 50, 0)
0...1...2...3...4...5...6...7...8...9...10	Bounce #3 added RGB(332, 7, 0)
0...1...2...3...4...5...6...7...8...9...10	Bounce #4 added RGB(175, 1, 0)
0...1...2...3...4...5...6...7...8...9...10	Bounce #5 added RGB(93, 0, 0)
0...1...2...3...4...5...6...7...8...9...10	Bounce #6 added RGB(49, 0, 0)
0...1...2...3...4...5...6...7...8...9...10	Bounce #7 added RGB(26, 0, 0)
0...1...2...3...4...5...6...7...8...9...10	Bounce #8 added RGB(14, 0, 0)
0...1...2...3...4...5...6...7...8...9...10	Bounce #9 added RGB(7, 0, 0)
0...1...2...3...4...5...6...7...8...9...10	Bounce #10 added RGB(4, 0, 0)
0...1...2...3...4...5...6...7...8...9...10	Bounce #11 added RGB(2, 0, 0)
0...1...2...3...4...5...6...7...8...9...10	Bounce #12 added RGB(1, 0, 0)
0...1...2...3...4...5...6...7...8...9...10	Bounce #13 added RGB(1, 0, 0)
Build Patch/Sample Hash Table(s).....Done<0.0002 sec>
0...1...2...3...4...5...6...7...8...9...10FinalLightFace Done
0 of 0 (0% of) surface lights went in leaf ambient cubes.
0...1...2...3...4...5...6...7...8...9...10Writing leaf ambient...done
Ready to Finish

Object names       Objects/Maxobjs  Memory / Maxmem  Fullness 
------------       ---------------  ---------------  -------- 
models                   2/1024           96/49152    ( 0.2%) 
brushes                  9/8192          108/98304    ( 0.1%) 
brushsides              54/81920         432/655360   ( 0.1%) 
planes                  62/65536        1240/1310720  ( 0.1%) 
vertexes                49/65536         588/786432   ( 0.1%) 
nodes                   18/65536         576/2097152  ( 0.0%) 
texinfos                 8/12288         576/884736   ( 0.1%) 
texdata                  4/4096          128/131072   ( 0.1%) 
dispinfos                0/0               0/0        ( 0.0%) 
disp_verts               0/0               0/0        ( 0.0%) 
disp_tris                0/0               0/0        ( 0.0%) 
disp_multiblend          0/0               0/0        ( 0.0%) 
disp_lmsamples           0/0               0/0        ( 0.0%) 
faces                   18/65536        1008/3670016  ( 0.0%) 
hdr faces                0/65536           0/3670016  ( 0.0%) 
origfaces               14/65536         784/3670016  ( 0.0%) 
facebrushes              0/0               0/0        ( 0.0%) 
facebrushlists          18/0              72/0        ( 0.0%) 
leaves                  21/65536         672/2097152  ( 0.0%) 
leaffaces               18/65536          36/131072   ( 0.0%) 
leafbrushes              9/65536          18/131072   ( 0.0%) 
areas                    3/1024           24/8192     ( 0.3%) 
surfedges              128/512000        512/2048000  ( 0.0%) 
edges                   81/256000        324/1024000  ( 0.0%) 
LDR worldlights          2/8192          200/819200   ( 0.0%) 
HDR worldlights          0/8192            0/819200   ( 0.0%) 
leafwaterdata            0/32768           0/393216   ( 0.0%) 
waterstrips              0/32768           0/327680   ( 0.0%) 
waterverts               0/65536           0/786432   ( 0.0%) 
waterindices             0/65536           0/131072   ( 0.0%) 
cubemapsamples           0/1024            0/16384    ( 0.0%) 
overlays                 0/1024            0/360448   ( 0.0%) 
LDR lightdata         [variable]       41336/0        ( 0.0%) 
HDR lightdata         [variable]           0/0        ( 0.0%) 
visdata               [variable]          24/16777216 ( 0.0%) 
entdata               [variable]        1934/393216   ( 0.5%) 
LDR ambient table       21/65536          84/262144   ( 0.0%) 
HDR ambient table       21/65536          84/262144   ( 0.0%) 
LDR leaf ambient        88/65536        2464/1835008  ( 0.1%) 
HDR leaf ambient        21/65536         588/1835008  ( 0.0%) 
occluders                0/0               0/0        ( 0.0%) 
occluder polygons        0/0               0/0        ( 0.0%) 
occluder vert ind        0/0               0/0        ( 0.0%) 
detail props          [variable]           1/12       ( 8.3%) 
static props          [variable]           1/12       ( 8.3%) 
pakfile               [variable]       74510/0        ( 0.0%) 
physics               [variable]        4297/4194304  ( 0.1%) 
physics terrain       [variable]           2/1048576  ( 0.0%) 

Level flags = 7c

Total triangle count: 36
Writing d:\desktop\csgo\hammer maps\war of attrition\achievement_war_of_attrition.bsp
MSG_FILEWRITE - Filesystem was asked to write to 'd:\desktop\csgo\hammer maps\war of attrition\achievement_war_of_attrition.bsp', but we don't own that location. Allowing...
0 seconds elapsed



materialPath: D:\Steam\steamapps\common\Counter-Strike Global Offensive\csgo\materials
Loading D:\Desktop\csgo\hammer maps\War of Attrition\achievement_war_of_attrition.vmf
Map revision 13
fixing up env_cubemap materials on brush sides...
0...1...2...3...4...5...6...7...8...9...100...1...2...3...4...5...6...7...8...9...10Processing areas...done (0)
Building Faces...done (0)
Chop Details...done (0)
Find Visible Detail Sides...done (0)
Merging details...done (0)
FixTjuncs...
PruneNodes...
WriteBSP...
done (0)
writing D:\Desktop\csgo\hammer maps\War of Attrition\achievement_war_of_attrition.prt...Building visibility clusters...
AutoVisClustering (threshold=-1) matched 0 leafs.
done (0)
Finding displacement neighbors...
Finding lightmap sample positions...
Displacement Alpha : 0...1...2...3...4...5...6...7...8...9...10
Building Physics collision data...
done (0) (5409 bytes)
Placing detail props : 0...1...2...3...4...5...6...7...8...9...10
Compacting texture/material tables...
Reduced 20 texinfos to 13
Reduced 4 texdatas to 4 (78 bytes to 78)
Writing D:\Desktop\csgo\hammer maps\War of Attrition\achievement_war_of_attrition.bsp
MSG_FILEWRITE - Filesystem was asked to write to 'd:\desktop\csgo\hammer maps\war of attrition\achievement_war_of_attrition.bsp', but we don't own that location. Allowing...
0 seconds elapsed



4 threads
reading d:\desktop\csgo\hammer maps\war of attrition\achievement_war_of_attrition.bsp
reading d:\desktop\csgo\hammer maps\war of attrition\achievement_war_of_attrition.prt
   2 portalclusters
   0 numportals
0...1...2...3...4...5...6...7...8...9...100...1...2...3...4...5...6...7...8...9...10Optimized: 0 visible clusters (0.00%)
Total clusters visible: 2
Average clusters visible: 1
Building PAS...
Average clusters audible: 1
visdatasize:24  compressed from 32
writing d:\desktop\csgo\hammer maps\war of attrition\achievement_war_of_attrition.bsp
MSG_FILEWRITE - Filesystem was asked to write to 'd:\desktop\csgo\hammer maps\war of attrition\achievement_war_of_attrition.bsp', but we don't own that location. Allowing...
0 seconds elapsed



[Reading texlights from 'lights.rad']
[17 texlights parsed from 'lights.rad']

Loading d:\desktop\csgo\hammer maps\war of attrition\achievement_war_of_attrition.bsp
30 faces
19996 square feet [2879488.00 square inches]
0 Displacements
0 Square Feet [0.00 Square Inches]
30 patches before subdivision
778 patches after subdivision
2 direct lights
0...1...2...3...4...5...6...7...8...9...100...1...2...3...4...5...6...7...8...9...10transfers 36318, max 180
transfer lists:   0.3 megs
0...1...2...3...4...5...6...7...8...9...10	Bounce #1 added RGB(1233, 347, 3)
0...1...2...3...4...5...6...7...8...9...10	Bounce #2 added RGB(641, 51, 0)
0...1...2...3...4...5...6...7...8...9...10	Bounce #3 added RGB(334, 7, 0)
0...1...2...3...4...5...6...7...8...9...10	Bounce #4 added RGB(177, 1, 0)
0...1...2...3...4...5...6...7...8...9...10	Bounce #5 added RGB(93, 0, 0)
0...1...2...3...4...5...6...7...8...9...10	Bounce #6 added RGB(49, 0, 0)
0...1...2...3...4...5...6...7...8...9...10	Bounce #7 added RGB(26, 0, 0)
0...1...2...3...4...5...6...7...8...9...10	Bounce #8 added RGB(14, 0, 0)
0...1...2...3...4...5...6...7...8...9...10	Bounce #9 added RGB(7, 0, 0)
0...1...2...3...4...5...6...7...8...9...10	Bounce #10 added RGB(4, 0, 0)
0...1...2...3...4...5...6...7...8...9...10	Bounce #11 added RGB(2, 0, 0)
0...1...2...3...4...5...6...7...8...9...10	Bounce #12 added RGB(1, 0, 0)
0...1...2...3...4...5...6...7...8...9...10	Bounce #13 added RGB(1, 0, 0)
Build Patch/Sample Hash Table(s).....Done<0.0002 sec>
0...1...2...3...4...5...6...7...8...9...10FinalLightFace Done
0 of 0 (0% of) surface lights went in leaf ambient cubes.
0...1...2...3...4...5...6...7...8...9...10Writing leaf ambient...done
Ready to Finish

Object names       Objects/Maxobjs  Memory / Maxmem  Fullness 
------------       ---------------  ---------------  -------- 
models                   4/1024          192/49152    ( 0.4%) 
brushes                 11/8192          132/98304    ( 0.1%) 
brushsides              66/81920         528/655360   ( 0.1%) 
planes                  70/65536        1400/1310720  ( 0.1%) 
vertexes                65/65536         780/786432   ( 0.1%) 
nodes                   30/65536         960/2097152  ( 0.0%) 
texinfos                13/12288         936/884736   ( 0.1%) 
texdata                  4/4096          128/131072   ( 0.1%) 
dispinfos                0/0               0/0        ( 0.0%) 
disp_verts               0/0               0/0        ( 0.0%) 
disp_tris                0/0               0/0        ( 0.0%) 
disp_multiblend          0/0               0/0        ( 0.0%) 
disp_lmsamples           0/0               0/0        ( 0.0%) 
faces                   30/65536        1680/3670016  ( 0.0%) 
hdr faces                0/65536           0/3670016  ( 0.0%) 
origfaces               26/65536        1456/3670016  ( 0.0%) 
facebrushes              0/0               0/0        ( 0.0%) 
facebrushlists          30/0             120/0        ( 0.0%) 
leaves                  35/65536        1120/2097152  ( 0.1%) 
leaffaces               30/65536          60/131072   ( 0.0%) 
leafbrushes             11/65536          22/131072   ( 0.0%) 
areas                    3/1024           24/8192     ( 0.3%) 
surfedges              224/512000        896/2048000  ( 0.0%) 
edges                  129/256000        516/1024000  ( 0.1%) 
LDR worldlights          2/8192          200/819200   ( 0.0%) 
HDR worldlights          0/8192            0/819200   ( 0.0%) 
leafwaterdata            0/32768           0/393216   ( 0.0%) 
waterstrips              0/32768           0/327680   ( 0.0%) 
waterverts               0/65536           0/786432   ( 0.0%) 
waterindices             0/65536           0/131072   ( 0.0%) 
cubemapsamples           0/1024            0/16384    ( 0.0%) 
overlays                 0/1024            0/360448   ( 0.0%) 
LDR lightdata         [variable]       41336/0        ( 0.0%) 
HDR lightdata         [variable]           0/0        ( 0.0%) 
visdata               [variable]          24/16777216 ( 0.0%) 
entdata               [variable]        2348/393216   ( 0.6%) 
LDR ambient table       35/65536         140/262144   ( 0.1%) 
HDR ambient table       35/65536         140/262144   ( 0.1%) 
LDR leaf ambient       208/65536        5824/1835008  ( 0.3%) 
HDR leaf ambient        35/65536         980/1835008  ( 0.1%) 
occluders                0/0               0/0        ( 0.0%) 
occluder polygons        0/0               0/0        ( 0.0%) 
occluder vert ind        0/0               0/0        ( 0.0%) 
detail props          [variable]           1/12       ( 8.3%) 
static props          [variable]           1/12       ( 8.3%) 
pakfile               [variable]       74510/0        ( 0.0%) 
physics               [variable]        5409/4194304  ( 0.1%) 
physics terrain       [variable]           2/1048576  ( 0.0%) 

Level flags = 7c

Total triangle count: 60
Writing d:\desktop\csgo\hammer maps\war of attrition\achievement_war_of_attrition.bsp
MSG_FILEWRITE - Filesystem was asked to write to 'd:\desktop\csgo\hammer maps\war of attrition\achievement_war_of_attrition.bsp', but we don't own that location. Allowing...
0 seconds elapsed



materialPath: D:\Steam\steamapps\common\Counter-Strike Global Offensive\csgo\materials
Loading D:\Desktop\csgo\hammer maps\War of Attrition\achievement_war_of_attrition.vmf
Map revision 15
fixing up env_cubemap materials on brush sides...
0...1...2...3...4...5...6...7...8...9...100...1...2...3...4...5...6...7...8...9...10Processing areas...done (0)
Building Faces...done (0)
Chop Details...done (0)
Find Visible Detail Sides...done (0)
Merging details...done (0)
FixTjuncs...
PruneNodes...
WriteBSP...
done (0)
writing D:\Desktop\csgo\hammer maps\War of Attrition\achievement_war_of_attrition.prt...Building visibility clusters...
AutoVisClustering (threshold=-1) matched 0 leafs.
done (0)
Finding displacement neighbors...
Finding lightmap sample positions...
Displacement Alpha : 0...1...2...3...4...5...6...7...8...9...10
Building Physics collision data...
done (0) (5409 bytes)
Placing detail props : 0...1...2...3...4...5...6...7...8...9...10
Compacting texture/material tables...
Reduced 21 texinfos to 14
Reduced 4 texdatas to 4 (78 bytes to 78)
Writing D:\Desktop\csgo\hammer maps\War of Attrition\achievement_war_of_attrition.bsp
MSG_FILEWRITE - Filesystem was asked to write to 'd:\desktop\csgo\hammer maps\war of attrition\achievement_war_of_attrition.bsp', but we don't own that location. Allowing...
0 seconds elapsed



4 threads
reading d:\desktop\csgo\hammer maps\war of attrition\achievement_war_of_attrition.bsp
reading d:\desktop\csgo\hammer maps\war of attrition\achievement_war_of_attrition.prt
   2 portalclusters
   0 numportals
0...1...2...3...4...5...6...7...8...9...100...1...2...3...4...5...6...7...8...9...10Optimized: 0 visible clusters (0.00%)
Total clusters visible: 2
Average clusters visible: 1
Building PAS...
Average clusters audible: 1
visdatasize:24  compressed from 32
writing d:\desktop\csgo\hammer maps\war of attrition\achievement_war_of_attrition.bsp
MSG_FILEWRITE - Filesystem was asked to write to 'd:\desktop\csgo\hammer maps\war of attrition\achievement_war_of_attrition.bsp', but we don't own that location. Allowing...
0 seconds elapsed



[Reading texlights from 'lights.rad']
[17 texlights parsed from 'lights.rad']

Loading d:\desktop\csgo\hammer maps\war of attrition\achievement_war_of_attrition.bsp
30 faces
20394 square feet [2936832.00 square inches]
0 Displacements
0 Square Feet [0.00 Square Inches]
30 patches before subdivision
778 patches after subdivision
2 direct lights
0...1...2...3...4...5...6...7...8...9...100...1...2...3...4...5...6...7...8...9...10transfers 36222, max 180
transfer lists:   0.3 megs
0...1...2...3...4...5...6...7...8...9...10	Bounce #1 added RGB(1224, 344, 3)
0...1...2...3...4...5...6...7...8...9...10	Bounce #2 added RGB(640, 51, 0)
0...1...2...3...4...5...6...7...8...9...10	Bounce #3 added RGB(333, 7, 0)
0...1...2...3...4...5...6...7...8...9...10	Bounce #4 added RGB(176, 1, 0)
0...1...2...3...4...5...6...7...8...9...10	Bounce #5 added RGB(93, 0, 0)
0...1...2...3...4...5...6...7...8...9...10	Bounce #6 added RGB(49, 0, 0)
0...1...2...3...4...5...6...7...8...9...10	Bounce #7 added RGB(26, 0, 0)
0...1...2...3...4...5...6...7...8...9...10	Bounce #8 added RGB(14, 0, 0)
0...1...2...3...4...5...6...7...8...9...10	Bounce #9 added RGB(7, 0, 0)
0...1...2...3...4...5...6...7...8...9...10	Bounce #10 added RGB(4, 0, 0)
0...1...2...3...4...5...6...7...8...9...10	Bounce #11 added RGB(2, 0, 0)
0...1...2...3...4...5...6...7...8...9...10	Bounce #12 added RGB(1, 0, 0)
0...1...2...3...4...5...6...7...8...9...10	Bounce #13 added RGB(1, 0, 0)
Build Patch/Sample Hash Table(s).....Done<0.0002 sec>
0...1...2...3...4...5...6...7...8...9...10FinalLightFace Done
0 of 0 (0% of) surface lights went in leaf ambient cubes.
0...1...2...3...4...5...6...7...8...9...10Writing leaf ambient...done
Ready to Finish

Object names       Objects/Maxobjs  Memory / Maxmem  Fullness 
------------       ---------------  ---------------  -------- 
models                   4/1024          192/49152    ( 0.4%) 
brushes                 11/8192          132/98304    ( 0.1%) 
brushsides              66/81920         528/655360   ( 0.1%) 
planes                  74/65536        1480/1310720  ( 0.1%) 
vertexes                65/65536         780/786432   ( 0.1%) 
nodes                   30/65536         960/2097152  ( 0.0%) 
texinfos                14/12288        1008/884736   ( 0.1%) 
texdata                  4/4096          128/131072   ( 0.1%) 
dispinfos                0/0               0/0        ( 0.0%) 
disp_verts               0/0               0/0        ( 0.0%) 
disp_tris                0/0               0/0        ( 0.0%) 
disp_multiblend          0/0               0/0        ( 0.0%) 
disp_lmsamples           0/0               0/0        ( 0.0%) 
faces                   30/65536        1680/3670016  ( 0.0%) 
hdr faces                0/65536           0/3670016  ( 0.0%) 
origfaces               26/65536        1456/3670016  ( 0.0%) 
facebrushes              0/0               0/0        ( 0.0%) 
facebrushlists          30/0             120/0        ( 0.0%) 
leaves                  35/65536        1120/2097152  ( 0.1%) 
leaffaces               30/65536          60/131072   ( 0.0%) 
leafbrushes             11/65536          22/131072   ( 0.0%) 
areas                    3/1024           24/8192     ( 0.3%) 
surfedges              224/512000        896/2048000  ( 0.0%) 
edges                  129/256000        516/1024000  ( 0.1%) 
LDR worldlights          2/8192          200/819200   ( 0.0%) 
HDR worldlights          0/8192            0/819200   ( 0.0%) 
leafwaterdata            0/32768           0/393216   ( 0.0%) 
waterstrips              0/32768           0/327680   ( 0.0%) 
waterverts               0/65536           0/786432   ( 0.0%) 
waterindices             0/65536           0/131072   ( 0.0%) 
cubemapsamples           0/1024            0/16384    ( 0.0%) 
overlays                 0/1024            0/360448   ( 0.0%) 
LDR lightdata         [variable]       41336/0        ( 0.0%) 
HDR lightdata         [variable]           0/0        ( 0.0%) 
visdata               [variable]          24/16777216 ( 0.0%) 
entdata               [variable]        3452/393216   ( 0.9%) 
LDR ambient table       35/65536         140/262144   ( 0.1%) 
HDR ambient table       35/65536         140/262144   ( 0.1%) 
LDR leaf ambient       207/65536        5796/1835008  ( 0.3%) 
HDR leaf ambient        35/65536         980/1835008  ( 0.1%) 
occluders                0/0               0/0        ( 0.0%) 
occluder polygons        0/0               0/0        ( 0.0%) 
occluder vert ind        0/0               0/0        ( 0.0%) 
detail props          [variable]           1/12       ( 8.3%) 
static props          [variable]           1/12       ( 8.3%) 
pakfile               [variable]       74510/0        ( 0.0%) 
physics               [variable]        5409/4194304  ( 0.1%) 
physics terrain       [variable]           2/1048576  ( 0.0%) 

Level flags = 7c

Total triangle count: 60
Writing d:\desktop\csgo\hammer maps\war of attrition\achievement_war_of_attrition.bsp
MSG_FILEWRITE - Filesystem was asked to write to 'd:\desktop\csgo\hammer maps\war of attrition\achievement_war_of_attrition.bsp', but we don't own that location. Allowing...
0 seconds elapsed



materialPath: D:\Steam\steamapps\common\Counter-Strike Global Offensive\csgo\materials
Loading D:\Desktop\csgo\hammer maps\War of Attrition\achievement_war_of_attrition.vmf
Map revision 17
fixing up env_cubemap materials on brush sides...
0...1...2...3...4...5...6...7...8...9...100...1...2...3...4...5...6...7...8...9...10Processing areas...done (0)
Building Faces...done (0)
Chop Details...done (0)
Find Visible Detail Sides...done (0)
Merging details...done (0)
FixTjuncs...
PruneNodes...
WriteBSP...
done (0)
writing D:\Desktop\csgo\hammer maps\War of Attrition\achievement_war_of_attrition.prt...Building visibility clusters...
AutoVisClustering (threshold=-1) matched 0 leafs.
done (0)
Finding displacement neighbors...
Finding lightmap sample positions...
Displacement Alpha : 0...1...2...3...4...5...6...7...8...9...10
Building Physics collision data...
done (0) (5408 bytes)
Placing detail props : 0...1...2...3...4...5...6...7...8...9...10
Compacting texture/material tables...
Reduced 20 texinfos to 13
Reduced 4 texdatas to 4 (78 bytes to 78)
Writing D:\Desktop\csgo\hammer maps\War of Attrition\achievement_war_of_attrition.bsp
MSG_FILEWRITE - Filesystem was asked to write to 'd:\desktop\csgo\hammer maps\war of attrition\achievement_war_of_attrition.bsp', but we don't own that location. Allowing...
0 seconds elapsed



4 threads
reading d:\desktop\csgo\hammer maps\war of attrition\achievement_war_of_attrition.bsp
reading d:\desktop\csgo\hammer maps\war of attrition\achievement_war_of_attrition.prt
   2 portalclusters
   0 numportals
0...1...2...3...4...5...6...7...8...9...100...1...2...3...4...5...6...7...8...9...10Optimized: 0 visible clusters (0.00%)
Total clusters visible: 2
Average clusters visible: 1
Building PAS...
Average clusters audible: 1
visdatasize:24  compressed from 32
writing d:\desktop\csgo\hammer maps\war of attrition\achievement_war_of_attrition.bsp
MSG_FILEWRITE - Filesystem was asked to write to 'd:\desktop\csgo\hammer maps\war of attrition\achievement_war_of_attrition.bsp', but we don't own that location. Allowing...
0 seconds elapsed



[Reading texlights from 'lights.rad']
[17 texlights parsed from 'lights.rad']

Loading d:\desktop\csgo\hammer maps\war of attrition\achievement_war_of_attrition.bsp
30 faces
17792 square feet [2562048.00 square inches]
0 Displacements
0 Square Feet [0.00 Square Inches]
30 patches before subdivision
778 patches after subdivision
2 direct lights
0...1...2...3...4...5...6...7...8...9...100...1...2...3...4...5...6...7...8...9...10transfers 36340, max 180
transfer lists:   0.3 megs
0...1...2...3...4...5...6...7...8...9...10	Bounce #1 added RGB(1228, 345, 3)
0...1...2...3...4...5...6...7...8...9...10	Bounce #2 added RGB(642, 51, 0)
0...1...2...3...4...5...6...7...8...9...10	Bounce #3 added RGB(334, 7, 0)
0...1...2...3...4...5...6...7...8...9...10	Bounce #4 added RGB(177, 1, 0)
0...1...2...3...4...5...6...7...8...9...10	Bounce #5 added RGB(93, 0, 0)
0...1...2...3...4...5...6...7...8...9...10	Bounce #6 added RGB(49, 0, 0)
0...1...2...3...4...5...6...7...8...9...10	Bounce #7 added RGB(26, 0, 0)
0...1...2...3...4...5...6...7...8...9...10	Bounce #8 added RGB(14, 0, 0)
0...1...2...3...4...5...6...7...8...9...10	Bounce #9 added RGB(7, 0, 0)
0...1...2...3...4...5...6...7...8...9...10	Bounce #10 added RGB(4, 0, 0)
0...1...2...3...4...5...6...7...8...9...10	Bounce #11 added RGB(2, 0, 0)
0...1...2...3...4...5...6...7...8...9...10	Bounce #12 added RGB(1, 0, 0)
0...1...2...3...4...5...6...7...8...9...10	Bounce #13 added RGB(1, 0, 0)
Build Patch/Sample Hash Table(s).....Done<0.0002 sec>
0...1...2...3...4...5...6...7...8...9...10FinalLightFace Done
0 of 0 (0% of) surface lights went in leaf ambient cubes.
0...1...2...3...4...5...6...7...8...9...10Writing leaf ambient...done
Ready to Finish

Object names       Objects/Maxobjs  Memory / Maxmem  Fullness 
------------       ---------------  ---------------  -------- 
models                   4/1024          192/49152    ( 0.4%) 
brushes                 11/8192          132/98304    ( 0.1%) 
brushsides              66/81920         528/655360   ( 0.1%) 
planes                  70/65536        1400/1310720  ( 0.1%) 
vertexes                65/65536         780/786432   ( 0.1%) 
nodes                   30/65536         960/2097152  ( 0.0%) 
texinfos                13/12288         936/884736   ( 0.1%) 
texdata                  4/4096          128/131072   ( 0.1%) 
dispinfos                0/0               0/0        ( 0.0%) 
disp_verts               0/0               0/0        ( 0.0%) 
disp_tris                0/0               0/0        ( 0.0%) 
disp_multiblend          0/0               0/0        ( 0.0%) 
disp_lmsamples           0/0               0/0        ( 0.0%) 
faces                   30/65536        1680/3670016  ( 0.0%) 
hdr faces                0/65536           0/3670016  ( 0.0%) 
origfaces               26/65536        1456/3670016  ( 0.0%) 
facebrushes              0/0               0/0        ( 0.0%) 
facebrushlists          30/0             120/0        ( 0.0%) 
leaves                  35/65536        1120/2097152  ( 0.1%) 
leaffaces               30/65536          60/131072   ( 0.0%) 
leafbrushes             11/65536          22/131072   ( 0.0%) 
areas                    3/1024           24/8192     ( 0.3%) 
surfedges              224/512000        896/2048000  ( 0.0%) 
edges                  129/256000        516/1024000  ( 0.1%) 
LDR worldlights          2/8192          200/819200   ( 0.0%) 
HDR worldlights          0/8192            0/819200   ( 0.0%) 
leafwaterdata            0/32768           0/393216   ( 0.0%) 
waterstrips              0/32768           0/327680   ( 0.0%) 
waterverts               0/65536           0/786432   ( 0.0%) 
waterindices             0/65536           0/131072   ( 0.0%) 
cubemapsamples           0/1024            0/16384    ( 0.0%) 
overlays                 0/1024            0/360448   ( 0.0%) 
LDR lightdata         [variable]       41336/0        ( 0.0%) 
HDR lightdata         [variable]           0/0        ( 0.0%) 
visdata               [variable]          24/16777216 ( 0.0%) 
entdata               [variable]        3451/393216   ( 0.9%) 
LDR ambient table       35/65536         140/262144   ( 0.1%) 
HDR ambient table       35/65536         140/262144   ( 0.1%) 
LDR leaf ambient       204/65536        5712/1835008  ( 0.3%) 
HDR leaf ambient        35/65536         980/1835008  ( 0.1%) 
occluders                0/0               0/0        ( 0.0%) 
occluder polygons        0/0               0/0        ( 0.0%) 
occluder vert ind        0/0               0/0        ( 0.0%) 
detail props          [variable]           1/12       ( 8.3%) 
static props          [variable]           1/12       ( 8.3%) 
pakfile               [variable]       74510/0        ( 0.0%) 
physics               [variable]        5408/4194304  ( 0.1%) 
physics terrain       [variable]           2/1048576  ( 0.0%) 

Level flags = 7c

Total triangle count: 60
Writing d:\desktop\csgo\hammer maps\war of attrition\achievement_war_of_attrition.bsp
MSG_FILEWRITE - Filesystem was asked to write to 'd:\desktop\csgo\hammer maps\war of attrition\achievement_war_of_attrition.bsp', but we don't own that location. Allowing...
0 seconds elapsed



materialPath: D:\Steam\steamapps\common\Counter-Strike Global Offensive\csgo\materials
Loading D:\Desktop\csgo\hammer maps\War of Attrition\achievement_war_of_attrition.vmf
Map revision 18
fixing up env_cubemap materials on brush sides...
0...1...2...3...4...5...6...7...8...9...100...1...2...3...4...5...6...7...8...9...10Processing areas...done (0)
Building Faces...done (0)
Chop Details...done (0)
Find Visible Detail Sides...done (0)
Merging details...done (0)
FixTjuncs...
PruneNodes...
WriteBSP...
done (0)
writing D:\Desktop\csgo\hammer maps\War of Attrition\achievement_war_of_attrition.prt...Building visibility clusters...
AutoVisClustering (threshold=-1) matched 0 leafs.
done (0)
Finding displacement neighbors...
Finding lightmap sample positions...
Displacement Alpha : 0...1...2...3...4...5...6...7...8...9...10
Building Physics collision data...
done (0) (5408 bytes)
Placing detail props : 0...1...2...3...4...5...6...7...8...9...10
Compacting texture/material tables...
Reduced 20 texinfos to 13
Reduced 4 texdatas to 4 (78 bytes to 78)
Writing D:\Desktop\csgo\hammer maps\War of Attrition\achievement_war_of_attrition.bsp
MSG_FILEWRITE - Filesystem was asked to write to 'd:\desktop\csgo\hammer maps\war of attrition\achievement_war_of_attrition.bsp', but we don't own that location. Allowing...
0 seconds elapsed



4 threads
reading d:\desktop\csgo\hammer maps\war of attrition\achievement_war_of_attrition.bsp
reading d:\desktop\csgo\hammer maps\war of attrition\achievement_war_of_attrition.prt
   2 portalclusters
   0 numportals
0...1...2...3...4...5...6...7...8...9...100...1...2...3...4...5...6...7...8...9...10Optimized: 0 visible clusters (0.00%)
Total clusters visible: 2
Average clusters visible: 1
Building PAS...
Average clusters audible: 1
visdatasize:24  compressed from 32
writing d:\desktop\csgo\hammer maps\war of attrition\achievement_war_of_attrition.bsp
MSG_FILEWRITE - Filesystem was asked to write to 'd:\desktop\csgo\hammer maps\war of attrition\achievement_war_of_attrition.bsp', but we don't own that location. Allowing...
0 seconds elapsed



[Reading texlights from 'lights.rad']
[17 texlights parsed from 'lights.rad']

Loading d:\desktop\csgo\hammer maps\war of attrition\achievement_war_of_attrition.bsp
30 faces
17792 square feet [2562048.00 square inches]
0 Displacements
0 Square Feet [0.00 Square Inches]
30 patches before subdivision
778 patches after subdivision
2 direct lights
0...1...2...3...4...5...6...7...8...9...100...1...2...3...4...5...6...7...8...9...10transfers 36340, max 180
transfer lists:   0.3 megs
0...1...2...3...4...5...6...7...8...9...10	Bounce #1 added RGB(1228, 345, 3)
0...1...2...3...4...5...6...7...8...9...10	Bounce #2 added RGB(642, 51, 0)
0...1...2...3...4...5...6...7...8...9...10	Bounce #3 added RGB(334, 7, 0)
0...1...2...3...4...5...6...7...8...9...10	Bounce #4 added RGB(177, 1, 0)
0...1...2...3...4...5...6...7...8...9...10	Bounce #5 added RGB(93, 0, 0)
0...1...2...3...4...5...6...7...8...9...10	Bounce #6 added RGB(49, 0, 0)
0...1...2...3...4...5...6...7...8...9...10	Bounce #7 added RGB(26, 0, 0)
0...1...2...3...4...5...6...7...8...9...10	Bounce #8 added RGB(14, 0, 0)
0...1...2...3...4...5...6...7...8...9...10	Bounce #9 added RGB(7, 0, 0)
0...1...2...3...4...5...6...7...8...9...10	Bounce #10 added RGB(4, 0, 0)
0...1...2...3...4...5...6...7...8...9...10	Bounce #11 added RGB(2, 0, 0)
0...1...2...3...4...5...6...7...8...9...10	Bounce #12 added RGB(1, 0, 0)
0...1...2...3...4...5...6...7...8...9...10	Bounce #13 added RGB(1, 0, 0)
Build Patch/Sample Hash Table(s).....Done<0.0002 sec>
0...1...2...3...4...5...6...7...8...9...10FinalLightFace Done
0 of 0 (0% of) surface lights went in leaf ambient cubes.
0...1...2...3...4...5...6...7...8...9...10Writing leaf ambient...done
Ready to Finish

Object names       Objects/Maxobjs  Memory / Maxmem  Fullness 
------------       ---------------  ---------------  -------- 
models                   4/1024          192/49152    ( 0.4%) 
brushes                 11/8192          132/98304    ( 0.1%) 
brushsides              66/81920         528/655360   ( 0.1%) 
planes                  70/65536        1400/1310720  ( 0.1%) 
vertexes                65/65536         780/786432   ( 0.1%) 
nodes                   30/65536         960/2097152  ( 0.0%) 
texinfos                13/12288         936/884736   ( 0.1%) 
texdata                  4/4096          128/131072   ( 0.1%) 
dispinfos                0/0               0/0        ( 0.0%) 
disp_verts               0/0               0/0        ( 0.0%) 
disp_tris                0/0               0/0        ( 0.0%) 
disp_multiblend          0/0               0/0        ( 0.0%) 
disp_lmsamples           0/0               0/0        ( 0.0%) 
faces                   30/65536        1680/3670016  ( 0.0%) 
hdr faces                0/65536           0/3670016  ( 0.0%) 
origfaces               26/65536        1456/3670016  ( 0.0%) 
facebrushes              0/0               0/0        ( 0.0%) 
facebrushlists          30/0             120/0        ( 0.0%) 
leaves                  35/65536        1120/2097152  ( 0.1%) 
leaffaces               30/65536          60/131072   ( 0.0%) 
leafbrushes             11/65536          22/131072   ( 0.0%) 
areas                    3/1024           24/8192     ( 0.3%) 
surfedges              224/512000        896/2048000  ( 0.0%) 
edges                  129/256000        516/1024000  ( 0.1%) 
LDR worldlights          2/8192          200/819200   ( 0.0%) 
HDR worldlights          0/8192            0/819200   ( 0.0%) 
leafwaterdata            0/32768           0/393216   ( 0.0%) 
waterstrips              0/32768           0/327680   ( 0.0%) 
waterverts               0/65536           0/786432   ( 0.0%) 
waterindices             0/65536           0/131072   ( 0.0%) 
cubemapsamples           0/1024            0/16384    ( 0.0%) 
overlays                 0/1024            0/360448   ( 0.0%) 
LDR lightdata         [variable]       41336/0        ( 0.0%) 
HDR lightdata         [variable]           0/0        ( 0.0%) 
visdata               [variable]          24/16777216 ( 0.0%) 
entdata               [variable]        3771/393216   ( 1.0%) 
LDR ambient table       35/65536         140/262144   ( 0.1%) 
HDR ambient table       35/65536         140/262144   ( 0.1%) 
LDR leaf ambient       204/65536        5712/1835008  ( 0.3%) 
HDR leaf ambient        35/65536         980/1835008  ( 0.1%) 
occluders                0/0               0/0        ( 0.0%) 
occluder polygons        0/0               0/0        ( 0.0%) 
occluder vert ind        0/0               0/0        ( 0.0%) 
detail props          [variable]           1/12       ( 8.3%) 
static props          [variable]           1/12       ( 8.3%) 
pakfile               [variable]       74510/0        ( 0.0%) 
physics               [variable]        5408/4194304  ( 0.1%) 
physics terrain       [variable]           2/1048576  ( 0.0%) 

Level flags = 7c

Total triangle count: 60
Writing d:\desktop\csgo\hammer maps\war of attrition\achievement_war_of_attrition.bsp
MSG_FILEWRITE - Filesystem was asked to write to 'd:\desktop\csgo\hammer maps\war of attrition\achievement_war_of_attrition.bsp', but we don't own that location. Allowing...
0 seconds elapsed



materialPath: D:\Steam\steamapps\common\Counter-Strike Global Offensive\csgo\materials
Loading D:\Desktop\csgo\hammer maps\War of Attrition\achievement_war_of_attrition.vmf
Map revision 20
fixing up env_cubemap materials on brush sides...
0...1...2...3...4...5...6...7...8...9...100...1...2...3...4...5...6...7...8...9...10Processing areas...done (0)
Building Faces...done (0)
Chop Details...done (0)
Find Visible Detail Sides...done (0)
Merging details...done (0)
FixTjuncs...
PruneNodes...
WriteBSP...
done (0)
writing D:\Desktop\csgo\hammer maps\War of Attrition\achievement_war_of_attrition.prt...Building visibility clusters...
AutoVisClustering (threshold=-1) matched 0 leafs.
done (0)
Finding displacement neighbors...
Finding lightmap sample positions...
Displacement Alpha : 0...1...2...3...4...5...6...7...8...9...10
Building Physics collision data...
done (0) (5408 bytes)
Placing detail props : 0...1...2...3...4...5...6...7...8...9...10
Compacting texture/material tables...
Reduced 20 texinfos to 13
Reduced 4 texdatas to 4 (78 bytes to 78)
Writing D:\Desktop\csgo\hammer maps\War of Attrition\achievement_war_of_attrition.bsp
MSG_FILEWRITE - Filesystem was asked to write to 'd:\desktop\csgo\hammer maps\war of attrition\achievement_war_of_attrition.bsp', but we don't own that location. Allowing...
0 seconds elapsed



4 threads
reading d:\desktop\csgo\hammer maps\war of attrition\achievement_war_of_attrition.bsp
reading d:\desktop\csgo\hammer maps\war of attrition\achievement_war_of_attrition.prt
   2 portalclusters
   0 numportals
0...1...2...3...4...5...6...7...8...9...100...1...2...3...4...5...6...7...8...9...10Optimized: 0 visible clusters (0.00%)
Total clusters visible: 2
Average clusters visible: 1
Building PAS...
Average clusters audible: 1
visdatasize:24  compressed from 32
writing d:\desktop\csgo\hammer maps\war of attrition\achievement_war_of_attrition.bsp
MSG_FILEWRITE - Filesystem was asked to write to 'd:\desktop\csgo\hammer maps\war of attrition\achievement_war_of_attrition.bsp', but we don't own that location. Allowing...
0 seconds elapsed



[Reading texlights from 'lights.rad']
[17 texlights parsed from 'lights.rad']

Loading d:\desktop\csgo\hammer maps\war of attrition\achievement_war_of_attrition.bsp
30 faces
17792 square feet [2562048.00 square inches]
0 Displacements
0 Square Feet [0.00 Square Inches]
30 patches before subdivision
778 patches after subdivision
2 direct lights
0...1...2...3...4...5...6...7...8...9...100...1...2...3...4...5...6...7...8...9...10transfers 36340, max 180
transfer lists:   0.3 megs
0...1...2...3...4...5...6...7...8...9...10	Bounce #1 added RGB(1228, 345, 3)
0...1...2...3...4...5...6...7...8...9...10	Bounce #2 added RGB(642, 51, 0)
0...1...2...3...4...5...6...7...8...9...10	Bounce #3 added RGB(334, 7, 0)
0...1...2...3...4...5...6...7...8...9...10	Bounce #4 added RGB(177, 1, 0)
0...1...2...3...4...5...6...7...8...9...10	Bounce #5 added RGB(93, 0, 0)
0...1...2...3...4...5...6...7...8...9...10	Bounce #6 added RGB(49, 0, 0)
0...1...2...3...4...5...6...7...8...9...10	Bounce #7 added RGB(26, 0, 0)
0...1...2...3...4...5...6...7...8...9...10	Bounce #8 added RGB(14, 0, 0)
0...1...2...3...4...5...6...7...8...9...10	Bounce #9 added RGB(7, 0, 0)
0...1...2...3...4...5...6...7...8...9...10	Bounce #10 added RGB(4, 0, 0)
0...1...2...3...4...5...6...7...8...9...10	Bounce #11 added RGB(2, 0, 0)
0...1...2...3...4...5...6...7...8...9...10	Bounce #12 added RGB(1, 0, 0)
0...1...2...3...4...5...6...7...8...9...10	Bounce #13 added RGB(1, 0, 0)
Build Patch/Sample Hash Table(s).....Done<0.0002 sec>
0...1...2...3...4...5...6...7...8...9...10FinalLightFace Done
0 of 0 (0% of) surface lights went in leaf ambient cubes.
0...1...2...3...4...5...6...7...8...9...10Writing leaf ambient...done
Ready to Finish

Object names       Objects/Maxobjs  Memory / Maxmem  Fullness 
------------       ---------------  ---------------  -------- 
models                   4/1024          192/49152    ( 0.4%) 
brushes                 11/8192          132/98304    ( 0.1%) 
brushsides              66/81920         528/655360   ( 0.1%) 
planes                  70/65536        1400/1310720  ( 0.1%) 
vertexes                65/65536         780/786432   ( 0.1%) 
nodes                   30/65536         960/2097152  ( 0.0%) 
texinfos                13/12288         936/884736   ( 0.1%) 
texdata                  4/4096          128/131072   ( 0.1%) 
dispinfos                0/0               0/0        ( 0.0%) 
disp_verts               0/0               0/0        ( 0.0%) 
disp_tris                0/0               0/0        ( 0.0%) 
disp_multiblend          0/0               0/0        ( 0.0%) 
disp_lmsamples           0/0               0/0        ( 0.0%) 
faces                   30/65536        1680/3670016  ( 0.0%) 
hdr faces                0/65536           0/3670016  ( 0.0%) 
origfaces               26/65536        1456/3670016  ( 0.0%) 
facebrushes              0/0               0/0        ( 0.0%) 
facebrushlists          30/0             120/0        ( 0.0%) 
leaves                  35/65536        1120/2097152  ( 0.1%) 
leaffaces               30/65536          60/131072   ( 0.0%) 
leafbrushes             11/65536          22/131072   ( 0.0%) 
areas                    3/1024           24/8192     ( 0.3%) 
surfedges              224/512000        896/2048000  ( 0.0%) 
edges                  129/256000        516/1024000  ( 0.1%) 
LDR worldlights          2/8192          200/819200   ( 0.0%) 
HDR worldlights          0/8192            0/819200   ( 0.0%) 
leafwaterdata            0/32768           0/393216   ( 0.0%) 
waterstrips              0/32768           0/327680   ( 0.0%) 
waterverts               0/65536           0/786432   ( 0.0%) 
waterindices             0/65536           0/131072   ( 0.0%) 
cubemapsamples           0/1024            0/16384    ( 0.0%) 
overlays                 0/1024            0/360448   ( 0.0%) 
LDR lightdata         [variable]       41336/0        ( 0.0%) 
HDR lightdata         [variable]           0/0        ( 0.0%) 
visdata               [variable]          24/16777216 ( 0.0%) 
entdata               [variable]        3756/393216   ( 1.0%) 
LDR ambient table       35/65536         140/262144   ( 0.1%) 
HDR ambient table       35/65536         140/262144   ( 0.1%) 
LDR leaf ambient       204/65536        5712/1835008  ( 0.3%) 
HDR leaf ambient        35/65536         980/1835008  ( 0.1%) 
occluders                0/0               0/0        ( 0.0%) 
occluder polygons        0/0               0/0        ( 0.0%) 
occluder vert ind        0/0               0/0        ( 0.0%) 
detail props          [variable]           1/12       ( 8.3%) 
static props          [variable]           1/12       ( 8.3%) 
pakfile               [variable]       74510/0        ( 0.0%) 
physics               [variable]        5408/4194304  ( 0.1%) 
physics terrain       [variable]           2/1048576  ( 0.0%) 

Level flags = 7c

Total triangle count: 60
Writing d:\desktop\csgo\hammer maps\war of attrition\achievement_war_of_attrition.bsp
MSG_FILEWRITE - Filesystem was asked to write to 'd:\desktop\csgo\hammer maps\war of attrition\achievement_war_of_attrition.bsp', but we don't own that location. Allowing...
0 seconds elapsed



materialPath: D:\Steam\steamapps\common\Counter-Strike Global Offensive\csgo\materials
Loading D:\Desktop\csgo\hammer maps\War of Attrition\achievement_war_of_attrition.vmf
Map revision 25
fixing up env_cubemap materials on brush sides...
0...1...2...3...4...5...6...7...8...9...100...1...2...3...4...5...6...7...8...9...10Processing areas...done (0)
Building Faces...done (0)
FixTjuncs...
PruneNodes...
WriteBSP...
done (0)
writing D:\Desktop\csgo\hammer maps\War of Attrition\achievement_war_of_attrition.prt...Building visibility clusters...
AutoVisClustering (threshold=-1) matched 0 leafs.
done (0)
Finding displacement neighbors...
Finding lightmap sample positions...
Displacement Alpha : 0...1...2...3...4...5...6...7...8...9...10
Building Physics collision data...
done (0) (2970 bytes)
Placing detail props : 0...1...2...3...4...5...6...7...8...9...10
Compacting texture/material tables...
Reduced 12 texinfos to 7
Reduced 3 texdatas to 3 (62 bytes to 62)
Writing D:\Desktop\csgo\hammer maps\War of Attrition\achievement_war_of_attrition.bsp
MSG_FILEWRITE - Filesystem was asked to write to 'd:\desktop\csgo\hammer maps\war of attrition\achievement_war_of_attrition.bsp', but we don't own that location. Allowing...
0 seconds elapsed



4 threads
reading d:\desktop\csgo\hammer maps\war of attrition\achievement_war_of_attrition.bsp
reading d:\desktop\csgo\hammer maps\war of attrition\achievement_war_of_attrition.prt
   1 portalclusters
   0 numportals
0...1...2...3...4...5...6...7...8...9...100...1...2...3...4...5...6...7...8...9...10Optimized: 0 visible clusters (0.00%)
Total clusters visible: 1
Average clusters visible: 1
Building PAS...
Average clusters audible: 1
visdatasize:14  compressed from 16
writing d:\desktop\csgo\hammer maps\war of attrition\achievement_war_of_attrition.bsp
MSG_FILEWRITE - Filesystem was asked to write to 'd:\desktop\csgo\hammer maps\war of attrition\achievement_war_of_attrition.bsp', but we don't own that location. Allowing...
0 seconds elapsed



[Reading texlights from 'lights.rad']
[17 texlights parsed from 'lights.rad']

Loading d:\desktop\csgo\hammer maps\war of attrition\achievement_war_of_attrition.bsp
12 faces
8485 square feet [1221904.00 square inches]
0 Displacements
0 Square Feet [0.00 Square Inches]
12 patches before subdivision
386 patches after subdivision
2 direct lights
0...1...2...3...4...5...6...7...8...9...100...1...2...3...4...5...6...7...8...9...10transfers 18348, max 180
transfer lists:   0.1 megs
0...1...2...3...4...5...6...7...8...9...10	Bounce #1 added RGB(602, 169, 2)
0...1...2...3...4...5...6...7...8...9...10	Bounce #2 added RGB(320, 25, 0)
0...1...2...3...4...5...6...7...8...9...10	Bounce #3 added RGB(167, 4, 0)
0...1...2...3...4...5...6...7...8...9...10	Bounce #4 added RGB(88, 1, 0)
0...1...2...3...4...5...6...7...8...9...10	Bounce #5 added RGB(47, 0, 0)
0...1...2...3...4...5...6...7...8...9...10	Bounce #6 added RGB(25, 0, 0)
0...1...2...3...4...5...6...7...8...9...10	Bounce #7 added RGB(13, 0, 0)
0...1...2...3...4...5...6...7...8...9...10	Bounce #8 added RGB(7, 0, 0)
0...1...2...3...4...5...6...7...8...9...10	Bounce #9 added RGB(4, 0, 0)
0...1...2...3...4...5...6...7...8...9...10	Bounce #10 added RGB(2, 0, 0)
0...1...2...3...4...5...6...7...8...9...10	Bounce #11 added RGB(1, 0, 0)
0...1...2...3...4...5...6...7...8...9...10	Bounce #12 added RGB(1, 0, 0)
Build Patch/Sample Hash Table(s).....Done<0.0001 sec>
0...1...2...3...4...5...6...7...8...9...10FinalLightFace Done
0 of 0 (0% of) surface lights went in leaf ambient cubes.
0...1...2...3...4...5...6...7...8...9...10Writing leaf ambient...done
Ready to Finish

Object names       Objects/Maxobjs  Memory / Maxmem  Fullness 
------------       ---------------  ---------------  -------- 
models                   2/1024           96/49152    ( 0.2%) 
brushes                  7/8192           84/98304    ( 0.1%) 
brushsides              42/81920         336/655360   ( 0.1%) 
planes                  60/65536        1200/1310720  ( 0.1%) 
vertexes                37/65536         444/786432   ( 0.1%) 
nodes                   16/65536         512/2097152  ( 0.0%) 
texinfos                 7/12288         504/884736   ( 0.1%) 
texdata                  3/4096           96/131072   ( 0.1%) 
dispinfos                0/0               0/0        ( 0.0%) 
disp_verts               0/0               0/0        ( 0.0%) 
disp_tris                0/0               0/0        ( 0.0%) 
disp_multiblend          0/0               0/0        ( 0.0%) 
disp_lmsamples           0/0               0/0        ( 0.0%) 
faces                   12/65536         672/3670016  ( 0.0%) 
hdr faces                0/65536           0/3670016  ( 0.0%) 
origfaces               12/65536         672/3670016  ( 0.0%) 
facebrushes              0/0               0/0        ( 0.0%) 
facebrushlists          12/0              48/0        ( 0.0%) 
leaves                  19/65536         608/2097152  ( 0.0%) 
leaffaces               12/65536          24/131072   ( 0.0%) 
leafbrushes              7/65536          14/131072   ( 0.0%) 
areas                    2/1024           16/8192     ( 0.2%) 
surfedges               96/512000        384/2048000  ( 0.0%) 
edges                   61/256000        244/1024000  ( 0.0%) 
LDR worldlights          2/8192          200/819200   ( 0.0%) 
HDR worldlights          0/8192            0/819200   ( 0.0%) 
leafwaterdata            0/32768           0/393216   ( 0.0%) 
waterstrips              0/32768           0/327680   ( 0.0%) 
waterverts               0/65536           0/786432   ( 0.0%) 
waterindices             0/65536           0/131072   ( 0.0%) 
cubemapsamples           0/1024            0/16384    ( 0.0%) 
overlays                 0/1024            0/360448   ( 0.0%) 
LDR lightdata         [variable]       20196/0        ( 0.0%) 
HDR lightdata         [variable]           0/0        ( 0.0%) 
visdata               [variable]          14/16777216 ( 0.0%) 
entdata               [variable]        3147/393216   ( 0.8%) 
LDR ambient table       19/65536          76/262144   ( 0.0%) 
HDR ambient table       19/65536          76/262144   ( 0.0%) 
LDR leaf ambient        76/65536        2128/1835008  ( 0.1%) 
HDR leaf ambient        19/65536         532/1835008  ( 0.0%) 
occluders                0/0               0/0        ( 0.0%) 
occluder polygons        0/0               0/0        ( 0.0%) 
occluder vert ind        0/0               0/0        ( 0.0%) 
detail props          [variable]           1/12       ( 8.3%) 
static props          [variable]           1/12       ( 8.3%) 
pakfile               [variable]       74510/0        ( 0.0%) 
physics               [variable]        2970/4194304  ( 0.1%) 
physics terrain       [variable]           2/1048576  ( 0.0%) 

Level flags = 7c

Total triangle count: 24
Writing d:\desktop\csgo\hammer maps\war of attrition\achievement_war_of_attrition.bsp
MSG_FILEWRITE - Filesystem was asked to write to 'd:\desktop\csgo\hammer maps\war of attrition\achievement_war_of_attrition.bsp', but we don't own that location. Allowing...
0 seconds elapsed
