


materialPath: D:\Steam\steamapps\common\Counter-Strike Global Offensive\csgo\materials
Loading D:\OneDrive\Desktop\csgo\maps\kill achievements T\updated\kill_achievements_t.vmf
Map revision 141
fixing up env_cubemap materials on brush sides...
0...1...2...3...4...5...6...7...8...9...100...1...2...3...4...5...6...7...8...9...10Processing areas...done (0)
Building Faces...done (0)
Chop Details...done (0)
Find Visible Detail Sides...done (0)
Merging details...done (0)
FixTjuncs...
PruneNodes...
WriteBSP...
done (0)
writing D:\OneDrive\Desktop\csgo\maps\kill achievements T\updated\kill_achievements_t.prt...Building visibility clusters...
AutoVisClustering (threshold=-1) matched 0 leafs.
done (0)
Finding displacement neighbors...
Finding lightmap sample positions...
Displacement Alpha : 0...1...2...3...4...5...6...7...8...9...10
Building Physics collision data...
done (0) (10180 bytes)
Placing detail props : 0...1...2...3...4...5...6...7...8...9...10
Compacting texture/material tables...
Reduced 24 texinfos to 18
Reduced 5 texdatas to 5 (100 bytes to 100)
Writing D:\OneDrive\Desktop\csgo\maps\kill achievements T\updated\kill_achievements_t.bsp
MSG_FILEWRITE - Filesystem was asked to write to 'd:\onedrive\desktop\csgo\maps\kill achievements t\updated\kill_achievements_t.bsp', but we don't own that location. Allowing...
0 seconds elapsed



16 threads
reading d:\onedrive\desktop\csgo\maps\kill achievements t\updated\kill_achievements_t.bsp
reading d:\onedrive\desktop\csgo\maps\kill achievements t\updated\kill_achievements_t.prt
  10 portalclusters
  14 numportals
0...1...2...3...4...5...6...7...8...9...10Optimized: 0 visible clusters (0.00%)
Total clusters visible: 58
Average clusters visible: 5
Building PAS...
Average clusters audible: 5
visdatasize:124  compressed from 160
writing d:\onedrive\desktop\csgo\maps\kill achievements t\updated\kill_achievements_t.bsp
MSG_FILEWRITE - Filesystem was asked to write to 'd:\onedrive\desktop\csgo\maps\kill achievements t\updated\kill_achievements_t.bsp', but we don't own that location. Allowing...
0 seconds elapsed



[Reading texlights from 'lights.rad']
[17 texlights parsed from 'lights.rad']

Loading d:\onedrive\desktop\csgo\maps\kill achievements t\updated\kill_achievements_t.bsp
59 faces
5266 square feet [758322.25 square inches]
0 Displacements
0 Square Feet [0.00 Square Inches]
59 patches before subdivision
379 patches after subdivision
4 direct lights
0...1...2...3...4...5...6...7...8...9...100...1...2...3...4...5...6...7...8...9...10transfers 11236, max 96
transfer lists:   0.1 megs
0...1...2...3...4...5...6...7...8...9...10	Bounce #1 added RGB(16783, 4718, 47)
0...1...2...3...4...5...6...7...8...9...10	Bounce #2 added RGB(11719, 926, 0)
0...1...2...3...4...5...6...7...8...9...10	Bounce #3 added RGB(7998, 178, 0)
0...1...2...3...4...5...6...7...8...9...10	Bounce #4 added RGB(5444, 34, 0)
0...1...2...3...4...5...6...7...8...9...10	Bounce #5 added RGB(3694, 6, 0)
0...1...2...3...4...5...6...7...8...9...10	Bounce #6 added RGB(2504, 1, 0)
0...1...2...3...4...5...6...7...8...9...10	Bounce #7 added RGB(1697, 0, 0)
0...1...2...3...4...5...6...7...8...9...10	Bounce #8 added RGB(1150, 0, 0)
0...1...2...3...4...5...6...7...8...9...10	Bounce #9 added RGB(779, 0, 0)
0...1...2...3...4...5...6...7...8...9...10	Bounce #10 added RGB(528, 0, 0)
0...1...2...3...4...5...6...7...8...9...10	Bounce #11 added RGB(358, 0, 0)
0...1...2...3...4...5...6...7...8...9...10	Bounce #12 added RGB(243, 0, 0)
0...1...2...3...4...5...6...7...8...9...10	Bounce #13 added RGB(165, 0, 0)
0...1...2...3...4...5...6...7...8...9...10	Bounce #14 added RGB(112, 0, 0)
0...1...2...3...4...5...6...7...8...9...10	Bounce #15 added RGB(76, 0, 0)
0...1...2...3...4...5...6...7...8...9...10	Bounce #16 added RGB(52, 0, 0)
0...1...2...3...4...5...6...7...8...9...10	Bounce #17 added RGB(35, 0, 0)
0...1...2...3...4...5...6...7...8...9...10	Bounce #18 added RGB(24, 0, 0)
0...1...2...3...4...5...6...7...8...9...10	Bounce #19 added RGB(16, 0, 0)
0...1...2...3...4...5...6...7...8...9...10	Bounce #20 added RGB(11, 0, 0)
0...1...2...3...4...5...6...7...8...9...10	Bounce #21 added RGB(8, 0, 0)
0...1...2...3...4...5...6...7...8...9...10	Bounce #22 added RGB(5, 0, 0)
0...1...2...3...4...5...6...7...8...9...10	Bounce #23 added RGB(3, 0, 0)
0...1...2...3...4...5...6...7...8...9...10	Bounce #24 added RGB(2, 0, 0)
0...1...2...3...4...5...6...7...8...9...10	Bounce #25 added RGB(2, 0, 0)
0...1...2...3...4...5...6...7...8...9...10	Bounce #26 added RGB(1, 0, 0)
0...1...2...3...4...5...6...7...8...9...10	Bounce #27 added RGB(1, 0, 0)
Build Patch/Sample Hash Table(s).....Done<0.0001 sec>
0...1...2...3...4...5...6...7...8...9...10FinalLightFace Done
0 of 0 (0% of) surface lights went in leaf ambient cubes.
0...1...2...3...4...5...6...7...8...9...10Writing leaf ambient...done
Ready to Finish

Object names       Objects/Maxobjs  Memory / Maxmem  Fullness 
------------       ---------------  ---------------  -------- 
models                   5/1024          240/49152    ( 0.5%) 
brushes                 24/8192          288/98304    ( 0.3%) 
brushsides             144/81920        1152/655360   ( 0.2%) 
planes                 132/65536        2640/1310720  ( 0.2%) 
vertexes               141/65536        1692/786432   ( 0.2%) 
nodes                   64/65536        2048/2097152  ( 0.1%) 
texinfos                18/12288        1296/884736   ( 0.1%) 
texdata                  5/4096          160/131072   ( 0.1%) 
dispinfos                0/0               0/0        ( 0.0%) 
disp_verts               0/0               0/0        ( 0.0%) 
disp_tris                0/0               0/0        ( 0.0%) 
disp_multiblend          0/0               0/0        ( 0.0%) 
disp_lmsamples           0/0               0/0        ( 0.0%) 
faces                   59/65536        3304/3670016  ( 0.1%) 
hdr faces                0/65536           0/3670016  ( 0.0%) 
origfaces               44/65536        2464/3670016  ( 0.1%) 
facebrushes             10/0              20/0        ( 0.0%) 
facebrushlists          59/0             236/0        ( 0.0%) 
leaves                  70/65536        2240/2097152  ( 0.1%) 
leaffaces               65/65536         130/131072   ( 0.1%) 
leafbrushes             55/65536         110/131072   ( 0.1%) 
areas                    3/1024           24/8192     ( 0.3%) 
surfedges              430/512000       1720/2048000  ( 0.1%) 
edges                  253/256000       1012/1024000  ( 0.1%) 
LDR worldlights          4/8192          400/819200   ( 0.0%) 
HDR worldlights          0/8192            0/819200   ( 0.0%) 
leafwaterdata            0/32768           0/393216   ( 0.0%) 
waterstrips              2/32768          20/327680   ( 0.0%) 
waterverts               0/65536           0/786432   ( 0.0%) 
waterindices            24/65536          48/131072   ( 0.0%) 
cubemapsamples           0/1024            0/16384    ( 0.0%) 
overlays                 0/1024            0/360448   ( 0.0%) 
LDR lightdata         [variable]       17240/0        ( 0.0%) 
HDR lightdata         [variable]           0/0        ( 0.0%) 
visdata               [variable]         124/16777216 ( 0.0%) 
entdata               [variable]        5951/393216   ( 1.5%) 
LDR ambient table       70/65536         280/262144   ( 0.1%) 
HDR ambient table       70/65536         280/262144   ( 0.1%) 
LDR leaf ambient        82/65536        2296/1835008  ( 0.1%) 
HDR leaf ambient        70/65536        1960/1835008  ( 0.1%) 
occluders                0/0               0/0        ( 0.0%) 
occluder polygons        0/0               0/0        ( 0.0%) 
occluder vert ind        0/0               0/0        ( 0.0%) 
detail props          [variable]           1/12       ( 8.3%) 
static props          [variable]           1/12       ( 8.3%) 
pakfile               [variable]       74474/0        ( 0.0%) 
physics               [variable]       10180/4194304  ( 0.2%) 
physics terrain       [variable]           2/1048576  ( 0.0%) 

Level flags = 7c

Total triangle count: 136
Writing d:\onedrive\desktop\csgo\maps\kill achievements t\updated\kill_achievements_t.bsp
MSG_FILEWRITE - Filesystem was asked to write to 'd:\onedrive\desktop\csgo\maps\kill achievements t\updated\kill_achievements_t.bsp', but we don't own that location. Allowing...
0 seconds elapsed



materialPath: D:\Steam\steamapps\common\Counter-Strike Global Offensive\csgo\materials
Loading D:\OneDrive\Desktop\csgo\maps\kill achievements T\updated\kill_achievements_t.vmf
Map revision 145
fixing up env_cubemap materials on brush sides...
0...1...2...3...4...5...6...7...8...9...100...1...2...3...4...5...6...7...8...9...10Processing areas...done (0)
Building Faces...done (0)
Chop Details...done (0)
Find Visible Detail Sides...done (0)
Merging details...done (0)
FixTjuncs...
PruneNodes...
WriteBSP...
done (0)
writing D:\OneDrive\Desktop\csgo\maps\kill achievements T\updated\kill_achievements_t.prt...Building visibility clusters...
AutoVisClustering (threshold=-1) matched 0 leafs.
done (0)
Finding displacement neighbors...
Finding lightmap sample positions...
Displacement Alpha : 0...1...2...3...4...5...6...7...8...9...10
Building Physics collision data...
done (0) (9296 bytes)
Placing detail props : 0...1...2...3...4...5...6...7...8...9...10
Compacting texture/material tables...
Reduced 21 texinfos to 17
Reduced 4 texdatas to 4 (84 bytes to 84)
Writing D:\OneDrive\Desktop\csgo\maps\kill achievements T\updated\kill_achievements_t.bsp
MSG_FILEWRITE - Filesystem was asked to write to 'd:\onedrive\desktop\csgo\maps\kill achievements t\updated\kill_achievements_t.bsp', but we don't own that location. Allowing...
0 seconds elapsed



16 threads
reading d:\onedrive\desktop\csgo\maps\kill achievements t\updated\kill_achievements_t.bsp
reading d:\onedrive\desktop\csgo\maps\kill achievements t\updated\kill_achievements_t.prt
  10 portalclusters
  14 numportals
0...1...2...3...4...5...6...7...8...9...10Optimized: 0 visible clusters (0.00%)
Total clusters visible: 58
Average clusters visible: 5
Building PAS...
Average clusters audible: 5
visdatasize:124  compressed from 160
writing d:\onedrive\desktop\csgo\maps\kill achievements t\updated\kill_achievements_t.bsp
MSG_FILEWRITE - Filesystem was asked to write to 'd:\onedrive\desktop\csgo\maps\kill achievements t\updated\kill_achievements_t.bsp', but we don't own that location. Allowing...
0 seconds elapsed



[Reading texlights from 'lights.rad']
[17 texlights parsed from 'lights.rad']

Loading d:\onedrive\desktop\csgo\maps\kill achievements t\updated\kill_achievements_t.bsp
59 faces
5266 square feet [758322.25 square inches]
0 Displacements
0 Square Feet [0.00 Square Inches]
59 patches before subdivision
379 patches after subdivision
5 direct lights
0...1...2...3...4...5...6...7...8...9...100...1...2...3...4...5...6...7...8...9...10transfers 11236, max 96
transfer lists:   0.1 megs
0...1...2...3...4...5...6...7...8...9...10	Bounce #1 added RGB(22863, 6427, 64)
0...1...2...3...4...5...6...7...8...9...10	Bounce #2 added RGB(16299, 1288, 0)
0...1...2...3...4...5...6...7...8...9...10	Bounce #3 added RGB(11174, 248, 0)
0...1...2...3...4...5...6...7...8...9...10	Bounce #4 added RGB(7680, 48, 0)
0...1...2...3...4...5...6...7...8...9...10	Bounce #5 added RGB(5222, 9, 0)
0...1...2...3...4...5...6...7...8...9...10	Bounce #6 added RGB(3563, 2, 0)
0...1...2...3...4...5...6...7...8...9...10	Bounce #7 added RGB(2418, 0, 0)
0...1...2...3...4...5...6...7...8...9...10	Bounce #8 added RGB(1646, 0, 0)
0...1...2...3...4...5...6...7...8...9...10	Bounce #9 added RGB(1117, 0, 0)
0...1...2...3...4...5...6...7...8...9...10	Bounce #10 added RGB(760, 0, 0)
0...1...2...3...4...5...6...7...8...9...10	Bounce #11 added RGB(516, 0, 0)
0...1...2...3...4...5...6...7...8...9...10	Bounce #12 added RGB(351, 0, 0)
0...1...2...3...4...5...6...7...8...9...10	Bounce #13 added RGB(239, 0, 0)
0...1...2...3...4...5...6...7...8...9...10	Bounce #14 added RGB(162, 0, 0)
0...1...2...3...4...5...6...7...8...9...10	Bounce #15 added RGB(110, 0, 0)
0...1...2...3...4...5...6...7...8...9...10	Bounce #16 added RGB(75, 0, 0)
0...1...2...3...4...5...6...7...8...9...10	Bounce #17 added RGB(51, 0, 0)
0...1...2...3...4...5...6...7...8...9...10	Bounce #18 added RGB(35, 0, 0)
0...1...2...3...4...5...6...7...8...9...10	Bounce #19 added RGB(24, 0, 0)
0...1...2...3...4...5...6...7...8...9...10	Bounce #20 added RGB(16, 0, 0)
0...1...2...3...4...5...6...7...8...9...10	Bounce #21 added RGB(11, 0, 0)
0...1...2...3...4...5...6...7...8...9...10	Bounce #22 added RGB(7, 0, 0)
0...1...2...3...4...5...6...7...8...9...10	Bounce #23 added RGB(5, 0, 0)
0...1...2...3...4...5...6...7...8...9...10	Bounce #24 added RGB(3, 0, 0)
0...1...2...3...4...5...6...7...8...9...10	Bounce #25 added RGB(2, 0, 0)
0...1...2...3...4...5...6...7...8...9...10	Bounce #26 added RGB(2, 0, 0)
0...1...2...3...4...5...6...7...8...9...10	Bounce #27 added RGB(1, 0, 0)
0...1...2...3...4...5...6...7...8...9...10	Bounce #28 added RGB(1, 0, 0)
Build Patch/Sample Hash Table(s).....Done<0.0001 sec>
0...1...2...3...4...5...6...7...8...9...10FinalLightFace Done
0 of 0 (0% of) surface lights went in leaf ambient cubes.
0...1...2...3...4...5...6...7...8...9...10Writing leaf ambient...done
Ready to Finish

Object names       Objects/Maxobjs  Memory / Maxmem  Fullness 
------------       ---------------  ---------------  -------- 
models                   5/1024          240/49152    ( 0.5%) 
brushes                 23/8192          276/98304    ( 0.3%) 
brushsides             138/81920        1104/655360   ( 0.2%) 
planes                 132/65536        2640/1310720  ( 0.2%) 
vertexes               141/65536        1692/786432   ( 0.2%) 
nodes                   64/65536        2048/2097152  ( 0.1%) 
texinfos                17/12288        1224/884736   ( 0.1%) 
texdata                  4/4096          128/131072   ( 0.1%) 
dispinfos                0/0               0/0        ( 0.0%) 
disp_verts               0/0               0/0        ( 0.0%) 
disp_tris                0/0               0/0        ( 0.0%) 
disp_multiblend          0/0               0/0        ( 0.0%) 
disp_lmsamples           0/0               0/0        ( 0.0%) 
faces                   59/65536        3304/3670016  ( 0.1%) 
hdr faces                0/65536           0/3670016  ( 0.0%) 
origfaces               44/65536        2464/3670016  ( 0.1%) 
facebrushes             10/0              20/0        ( 0.0%) 
facebrushlists          59/0             236/0        ( 0.0%) 
leaves                  70/65536        2240/2097152  ( 0.1%) 
leaffaces               65/65536         130/131072   ( 0.1%) 
leafbrushes             54/65536         108/131072   ( 0.1%) 
areas                    3/1024           24/8192     ( 0.3%) 
surfedges              430/512000       1720/2048000  ( 0.1%) 
edges                  253/256000       1012/1024000  ( 0.1%) 
LDR worldlights          5/8192          500/819200   ( 0.1%) 
HDR worldlights          0/8192            0/819200   ( 0.0%) 
leafwaterdata            0/32768           0/393216   ( 0.0%) 
waterstrips              2/32768          20/327680   ( 0.0%) 
waterverts               0/65536           0/786432   ( 0.0%) 
waterindices            24/65536          48/131072   ( 0.0%) 
cubemapsamples           0/1024            0/16384    ( 0.0%) 
overlays                 0/1024            0/360448   ( 0.0%) 
LDR lightdata         [variable]       17240/0        ( 0.0%) 
HDR lightdata         [variable]           0/0        ( 0.0%) 
visdata               [variable]         124/16777216 ( 0.0%) 
entdata               [variable]        6482/393216   ( 1.6%) 
LDR ambient table       70/65536         280/262144   ( 0.1%) 
HDR ambient table       70/65536         280/262144   ( 0.1%) 
LDR leaf ambient        91/65536        2548/1835008  ( 0.1%) 
HDR leaf ambient        70/65536        1960/1835008  ( 0.1%) 
occluders                0/0               0/0        ( 0.0%) 
occluder polygons        0/0               0/0        ( 0.0%) 
occluder vert ind        0/0               0/0        ( 0.0%) 
detail props          [variable]           1/12       ( 8.3%) 
static props          [variable]           1/12       ( 8.3%) 
pakfile               [variable]       74474/0        ( 0.0%) 
physics               [variable]        9296/4194304  ( 0.2%) 
physics terrain       [variable]           2/1048576  ( 0.0%) 

Level flags = 7c

Total triangle count: 136
Writing d:\onedrive\desktop\csgo\maps\kill achievements t\updated\kill_achievements_t.bsp
MSG_FILEWRITE - Filesystem was asked to write to 'd:\onedrive\desktop\csgo\maps\kill achievements t\updated\kill_achievements_t.bsp', but we don't own that location. Allowing...
0 seconds elapsed



materialPath: D:\Steam\steamapps\common\Counter-Strike Global Offensive\csgo\materials
Loading D:\OneDrive\Desktop\csgo\maps\kill achievements T\updated\kill_achievements_t.vmf
Map revision 146
fixing up env_cubemap materials on brush sides...
0...1...2...3...4...5...6...7...8...9...100...1...2...3...4...5...6...7...8...9...10Processing areas...done (0)
Building Faces...done (0)
Chop Details...done (0)
Find Visible Detail Sides...done (0)
Merging details...done (0)
FixTjuncs...
PruneNodes...
WriteBSP...
done (0)
writing D:\OneDrive\Desktop\csgo\maps\kill achievements T\updated\kill_achievements_t.prt...Building visibility clusters...
AutoVisClustering (threshold=-1) matched 0 leafs.
done (0)
Finding displacement neighbors...
Finding lightmap sample positions...
Displacement Alpha : 0...1...2...3...4...5...6...7...8...9...10
Building Physics collision data...
done (0) (9848 bytes)
Placing detail props : 0...1...2...3...4...5...6...7...8...9...10
Compacting texture/material tables...
Reduced 24 texinfos to 20
Reduced 4 texdatas to 4 (84 bytes to 84)
Writing D:\OneDrive\Desktop\csgo\maps\kill achievements T\updated\kill_achievements_t.bsp
MSG_FILEWRITE - Filesystem was asked to write to 'd:\onedrive\desktop\csgo\maps\kill achievements t\updated\kill_achievements_t.bsp', but we don't own that location. Allowing...
0 seconds elapsed



16 threads
reading d:\onedrive\desktop\csgo\maps\kill achievements t\updated\kill_achievements_t.bsp
reading d:\onedrive\desktop\csgo\maps\kill achievements t\updated\kill_achievements_t.prt
  10 portalclusters
  14 numportals
0...1...2...3...4...5...6...7...8...9...10Optimized: 0 visible clusters (0.00%)
Total clusters visible: 58
Average clusters visible: 5
Building PAS...
Average clusters audible: 5
visdatasize:124  compressed from 160
writing d:\onedrive\desktop\csgo\maps\kill achievements t\updated\kill_achievements_t.bsp
MSG_FILEWRITE - Filesystem was asked to write to 'd:\onedrive\desktop\csgo\maps\kill achievements t\updated\kill_achievements_t.bsp', but we don't own that location. Allowing...
0 seconds elapsed



[Reading texlights from 'lights.rad']
[17 texlights parsed from 'lights.rad']

Loading d:\onedrive\desktop\csgo\maps\kill achievements t\updated\kill_achievements_t.bsp
65 faces
5396 square feet [777106.25 square inches]
0 Displacements
0 Square Feet [0.00 Square Inches]
65 patches before subdivision
409 patches after subdivision
5 direct lights
0...1...2...3...4...5...6...7...8...9...100...1...2...3...4...5...6...7...8...9...10transfers 11425, max 96
transfer lists:   0.1 megs
0...1...2...3...4...5...6...7...8...9...10	Bounce #1 added RGB(23782, 6685, 66)
0...1...2...3...4...5...6...7...8...9...10	Bounce #2 added RGB(16875, 1333, 0)
0...1...2...3...4...5...6...7...8...9...10	Bounce #3 added RGB(11573, 257, 0)
0...1...2...3...4...5...6...7...8...9...10	Bounce #4 added RGB(7956, 50, 0)
0...1...2...3...4...5...6...7...8...9...10	Bounce #5 added RGB(5414, 10, 0)
0...1...2...3...4...5...6...7...8...9...10	Bounce #6 added RGB(3698, 2, 0)
0...1...2...3...4...5...6...7...8...9...10	Bounce #7 added RGB(2513, 0, 0)
0...1...2...3...4...5...6...7...8...9...10	Bounce #8 added RGB(1713, 0, 0)
0...1...2...3...4...5...6...7...8...9...10	Bounce #9 added RGB(1164, 0, 0)
0...1...2...3...4...5...6...7...8...9...10	Bounce #10 added RGB(793, 0, 0)
0...1...2...3...4...5...6...7...8...9...10	Bounce #11 added RGB(539, 0, 0)
0...1...2...3...4...5...6...7...8...9...10	Bounce #12 added RGB(367, 0, 0)
0...1...2...3...4...5...6...7...8...9...10	Bounce #13 added RGB(250, 0, 0)
0...1...2...3...4...5...6...7...8...9...10	Bounce #14 added RGB(170, 0, 0)
0...1...2...3...4...5...6...7...8...9...10	Bounce #15 added RGB(116, 0, 0)
0...1...2...3...4...5...6...7...8...9...10	Bounce #16 added RGB(79, 0, 0)
0...1...2...3...4...5...6...7...8...9...10	Bounce #17 added RGB(54, 0, 0)
0...1...2...3...4...5...6...7...8...9...10	Bounce #18 added RGB(36, 0, 0)
0...1...2...3...4...5...6...7...8...9...10	Bounce #19 added RGB(25, 0, 0)
0...1...2...3...4...5...6...7...8...9...10	Bounce #20 added RGB(17, 0, 0)
0...1...2...3...4...5...6...7...8...9...10	Bounce #21 added RGB(12, 0, 0)
0...1...2...3...4...5...6...7...8...9...10	Bounce #22 added RGB(8, 0, 0)
0...1...2...3...4...5...6...7...8...9...10	Bounce #23 added RGB(5, 0, 0)
0...1...2...3...4...5...6...7...8...9...10	Bounce #24 added RGB(4, 0, 0)
0...1...2...3...4...5...6...7...8...9...10	Bounce #25 added RGB(2, 0, 0)
0...1...2...3...4...5...6...7...8...9...10	Bounce #26 added RGB(2, 0, 0)
0...1...2...3...4...5...6...7...8...9...10	Bounce #27 added RGB(1, 0, 0)
0...1...2...3...4...5...6...7...8...9...10	Bounce #28 added RGB(1, 0, 0)
Build Patch/Sample Hash Table(s).....Done<0.0001 sec>
0...1...2...3...4...5...6...7...8...9...10FinalLightFace Done
0 of 0 (0% of) surface lights went in leaf ambient cubes.
0...1...2...3...4...5...6...7...8...9...10Writing leaf ambient...done
Ready to Finish

Object names       Objects/Maxobjs  Memory / Maxmem  Fullness 
------------       ---------------  ---------------  -------- 
models                   6/1024          288/49152    ( 0.6%) 
brushes                 24/8192          288/98304    ( 0.3%) 
brushsides             144/81920        1152/655360   ( 0.2%) 
planes                 142/65536        2840/1310720  ( 0.2%) 
vertexes               149/65536        1788/786432   ( 0.2%) 
nodes                   70/65536        2240/2097152  ( 0.1%) 
texinfos                20/12288        1440/884736   ( 0.2%) 
texdata                  4/4096          128/131072   ( 0.1%) 
dispinfos                0/0               0/0        ( 0.0%) 
disp_verts               0/0               0/0        ( 0.0%) 
disp_tris                0/0               0/0        ( 0.0%) 
disp_multiblend          0/0               0/0        ( 0.0%) 
disp_lmsamples           0/0               0/0        ( 0.0%) 
faces                   65/65536        3640/3670016  ( 0.1%) 
hdr faces                0/65536           0/3670016  ( 0.0%) 
origfaces               50/65536        2800/3670016  ( 0.1%) 
facebrushes             10/0              20/0        ( 0.0%) 
facebrushlists          65/0             260/0        ( 0.0%) 
leaves                  77/65536        2464/2097152  ( 0.1%) 
leaffaces               71/65536         142/131072   ( 0.1%) 
leafbrushes             55/65536         110/131072   ( 0.1%) 
areas                    3/1024           24/8192     ( 0.3%) 
surfedges              478/512000       1912/2048000  ( 0.1%) 
edges                  277/256000       1108/1024000  ( 0.1%) 
LDR worldlights          5/8192          500/819200   ( 0.1%) 
HDR worldlights          0/8192            0/819200   ( 0.0%) 
leafwaterdata            0/32768           0/393216   ( 0.0%) 
waterstrips              2/32768          20/327680   ( 0.0%) 
waterverts               0/65536           0/786432   ( 0.0%) 
waterindices            24/65536          48/131072   ( 0.0%) 
cubemapsamples           0/1024            0/16384    ( 0.0%) 
overlays                 0/1024            0/360448   ( 0.0%) 
LDR lightdata         [variable]       18992/0        ( 0.0%) 
HDR lightdata         [variable]           0/0        ( 0.0%) 
visdata               [variable]         124/16777216 ( 0.0%) 
entdata               [variable]        7025/393216   ( 1.8%) 
LDR ambient table       77/65536         308/262144   ( 0.1%) 
HDR ambient table       77/65536         308/262144   ( 0.1%) 
LDR leaf ambient        97/65536        2716/1835008  ( 0.1%) 
HDR leaf ambient        77/65536        2156/1835008  ( 0.1%) 
occluders                0/0               0/0        ( 0.0%) 
occluder polygons        0/0               0/0        ( 0.0%) 
occluder vert ind        0/0               0/0        ( 0.0%) 
detail props          [variable]           1/12       ( 8.3%) 
static props          [variable]           1/12       ( 8.3%) 
pakfile               [variable]       74474/0        ( 0.0%) 
physics               [variable]        9848/4194304  ( 0.2%) 
physics terrain       [variable]           2/1048576  ( 0.0%) 

Level flags = 7c

Total triangle count: 148
Writing d:\onedrive\desktop\csgo\maps\kill achievements t\updated\kill_achievements_t.bsp
MSG_FILEWRITE - Filesystem was asked to write to 'd:\onedrive\desktop\csgo\maps\kill achievements t\updated\kill_achievements_t.bsp', but we don't own that location. Allowing...
0 seconds elapsed



materialPath: D:\Steam\steamapps\common\Counter-Strike Global Offensive\csgo\materials
Loading D:\OneDrive\Desktop\csgo\maps\kill achievements T\updated\kill_achievements_t.vmf
Map revision 148
fixing up env_cubemap materials on brush sides...
0...1...2...3...4...5...6...7...8...9...10**** leaked ****
Entity info_player_counterterrorist (-720.00 -144.00 -32.00) leaked!
Processing areas...done (0)
Building Faces...done (0)
Chop Details...done (0)
Find Visible Detail Sides...done (0)
Merging details...done (0)
FixTjuncs...
PruneNodes...
WriteBSP...
done (0)
Finding displacement neighbors...
Finding lightmap sample positions...
Displacement Alpha : 0...1...2...3...4...5...6...7...8...9...10
Building Physics collision data...
done (0) (9912 bytes)
Placing detail props : 0...1...2...3...4...5...6...7...8...9...10
Compacting texture/material tables...
Reduced 24 texinfos to 20
Reduced 4 texdatas to 4 (84 bytes to 84)
Writing D:\OneDrive\Desktop\csgo\maps\kill achievements T\updated\kill_achievements_t.bsp
MSG_FILEWRITE - Filesystem was asked to write to 'd:\onedrive\desktop\csgo\maps\kill achievements t\updated\kill_achievements_t.bsp', but we don't own that location. Allowing...
0 seconds elapsed



16 threads
reading d:\onedrive\desktop\csgo\maps\kill achievements t\updated\kill_achievements_t.bsp
reading d:\onedrive\desktop\csgo\maps\kill achievements t\updated\kill_achievements_t.prt
LoadPortals: couldn't read d:\onedrive\desktop\csgo\maps\kill achievements t\updated\kill_achievements_t.prt



materialPath: D:\Steam\steamapps\common\Counter-Strike Global Offensive\csgo\materials
Loading D:\OneDrive\Desktop\csgo\maps\kill achievements T\updated\kill_achievements_t.vmf
Map revision 148
fixing up env_cubemap materials on brush sides...
0...1...2...3...4...5...6...7...8...9...10**** leaked ****
Entity info_player_counterterrorist (-720.00 -144.00 -32.00) leaked!
Processing areas...done (0)
Building Faces...done (0)
Chop Details...done (0)
Find Visible Detail Sides...done (0)
Merging details...done (0)
FixTjuncs...
PruneNodes...
WriteBSP...
done (0)
Finding displacement neighbors...
Finding lightmap sample positions...
Displacement Alpha : 0...1...2...3...4...5...6...7...8...9...10
Building Physics collision data...
done (0) (9912 bytes)
Placing detail props : 0...1...2...3...4...5...6...7...8...9...10
Compacting texture/material tables...
Reduced 24 texinfos to 20
Reduced 4 texdatas to 4 (84 bytes to 84)
Writing D:\OneDrive\Desktop\csgo\maps\kill achievements T\updated\kill_achievements_t.bsp
MSG_FILEWRITE - Filesystem was asked to write to 'd:\onedrive\desktop\csgo\maps\kill achievements t\updated\kill_achievements_t.bsp', but we don't own that location. Allowing...
0 seconds elapsed



16 threads
reading d:\onedrive\desktop\csgo\maps\kill achievements t\updated\kill_achievements_t.bsp
reading d:\onedrive\desktop\csgo\maps\kill achievements t\updated\kill_achievements_t.prt
LoadPortals: couldn't read d:\onedrive\desktop\csgo\maps\kill achievements t\updated\kill_achievements_t.prt



materialPath: D:\Steam\steamapps\common\Counter-Strike Global Offensive\csgo\materials
Loading D:\OneDrive\Desktop\csgo\maps\kill achievements T\updated\kill_achievements_t.vmf
Map revision 149
fixing up env_cubemap materials on brush sides...
0...1...2...3...4...5...6...7...8...9...100...1...2...3...4...5...6...7...8...9...10Processing areas...done (0)
Building Faces...done (0)
Chop Details...done (0)
Find Visible Detail Sides...done (0)
Merging details...done (0)
FixTjuncs...
PruneNodes...
WriteBSP...
done (0)
writing D:\OneDrive\Desktop\csgo\maps\kill achievements T\updated\kill_achievements_t.prt...Building visibility clusters...
AutoVisClustering (threshold=-1) matched 0 leafs.
done (0)
Finding displacement neighbors...
Finding lightmap sample positions...
Displacement Alpha : 0...1...2...3...4...5...6...7...8...9...10
Building Physics collision data...
done (0) (9880 bytes)
Placing detail props : 0...1...2...3...4...5...6...7...8...9...10
Compacting texture/material tables...
Reduced 24 texinfos to 20
Reduced 4 texdatas to 4 (84 bytes to 84)
Writing D:\OneDrive\Desktop\csgo\maps\kill achievements T\updated\kill_achievements_t.bsp
MSG_FILEWRITE - Filesystem was asked to write to 'd:\onedrive\desktop\csgo\maps\kill achievements t\updated\kill_achievements_t.bsp', but we don't own that location. Allowing...
0 seconds elapsed



16 threads
reading d:\onedrive\desktop\csgo\maps\kill achievements t\updated\kill_achievements_t.bsp
reading d:\onedrive\desktop\csgo\maps\kill achievements t\updated\kill_achievements_t.prt
  10 portalclusters
  15 numportals
0...1...2...3...4...5...6...7...8...9...10Optimized: 0 visible clusters (0.00%)
Total clusters visible: 58
Average clusters visible: 5
Building PAS...
Average clusters audible: 5
visdatasize:124  compressed from 160
writing d:\onedrive\desktop\csgo\maps\kill achievements t\updated\kill_achievements_t.bsp
MSG_FILEWRITE - Filesystem was asked to write to 'd:\onedrive\desktop\csgo\maps\kill achievements t\updated\kill_achievements_t.bsp', but we don't own that location. Allowing...
0 seconds elapsed



[Reading texlights from 'lights.rad']
[17 texlights parsed from 'lights.rad']

Loading d:\onedrive\desktop\csgo\maps\kill achievements t\updated\kill_achievements_t.bsp
68 faces
5741 square feet [826834.25 square inches]
0 Displacements
0 Square Feet [0.00 Square Inches]
68 patches before subdivision
470 patches after subdivision
5 direct lights
0...1...2...3...4...5...6...7...8...9...100...1...2...3...4...5...6...7...8...9...10transfers 14758, max 124
transfer lists:   0.1 megs
0...1...2...3...4...5...6...7...8...9...10	Bounce #1 added RGB(24042, 6758, 67)
0...1...2...3...4...5...6...7...8...9...10	Bounce #2 added RGB(16773, 1325, 0)
0...1...2...3...4...5...6...7...8...9...10	Bounce #3 added RGB(11413, 254, 0)
0...1...2...3...4...5...6...7...8...9...10	Bounce #4 added RGB(7807, 49, 0)
0...1...2...3...4...5...6...7...8...9...10	Bounce #5 added RGB(5329, 9, 0)
0...1...2...3...4...5...6...7...8...9...10	Bounce #6 added RGB(3643, 2, 0)
0...1...2...3...4...5...6...7...8...9...10	Bounce #7 added RGB(2492, 0, 0)
0...1...2...3...4...5...6...7...8...9...10	Bounce #8 added RGB(1706, 0, 0)
0...1...2...3...4...5...6...7...8...9...10	Bounce #9 added RGB(1169, 0, 0)
0...1...2...3...4...5...6...7...8...9...10	Bounce #10 added RGB(802, 0, 0)
0...1...2...3...4...5...6...7...8...9...10	Bounce #11 added RGB(550, 0, 0)
0...1...2...3...4...5...6...7...8...9...10	Bounce #12 added RGB(378, 0, 0)
0...1...2...3...4...5...6...7...8...9...10	Bounce #13 added RGB(260, 0, 0)
0...1...2...3...4...5...6...7...8...9...10	Bounce #14 added RGB(178, 0, 0)
0...1...2...3...4...5...6...7...8...9...10	Bounce #15 added RGB(123, 0, 0)
0...1...2...3...4...5...6...7...8...9...10	Bounce #16 added RGB(84, 0, 0)
0...1...2...3...4...5...6...7...8...9...10	Bounce #17 added RGB(58, 0, 0)
0...1...2...3...4...5...6...7...8...9...10	Bounce #18 added RGB(40, 0, 0)
0...1...2...3...4...5...6...7...8...9...10	Bounce #19 added RGB(28, 0, 0)
0...1...2...3...4...5...6...7...8...9...10	Bounce #20 added RGB(19, 0, 0)
0...1...2...3...4...5...6...7...8...9...10	Bounce #21 added RGB(13, 0, 0)
0...1...2...3...4...5...6...7...8...9...10	Bounce #22 added RGB(9, 0, 0)
0...1...2...3...4...5...6...7...8...9...10	Bounce #23 added RGB(6, 0, 0)
0...1...2...3...4...5...6...7...8...9...10	Bounce #24 added RGB(4, 0, 0)
0...1...2...3...4...5...6...7...8...9...10	Bounce #25 added RGB(3, 0, 0)
0...1...2...3...4...5...6...7...8...9...10	Bounce #26 added RGB(2, 0, 0)
0...1...2...3...4...5...6...7...8...9...10	Bounce #27 added RGB(1, 0, 0)
0...1...2...3...4...5...6...7...8...9...10	Bounce #28 added RGB(1, 0, 0)
Build Patch/Sample Hash Table(s).....Done<0.0001 sec>
0...1...2...3...4...5...6...7...8...9...10FinalLightFace Done
0 of 0 (0% of) surface lights went in leaf ambient cubes.
0...1...2...3...4...5...6...7...8...9...10Writing leaf ambient...done
Ready to Finish

Object names       Objects/Maxobjs  Memory / Maxmem  Fullness 
------------       ---------------  ---------------  -------- 
models                   6/1024          288/49152    ( 0.6%) 
brushes                 24/8192          288/98304    ( 0.3%) 
brushsides             144/81920        1152/655360   ( 0.2%) 
planes                 144/65536        2880/1310720  ( 0.2%) 
vertexes               148/65536        1776/786432   ( 0.2%) 
nodes                   71/65536        2272/2097152  ( 0.1%) 
texinfos                20/12288        1440/884736   ( 0.2%) 
texdata                  4/4096          128/131072   ( 0.1%) 
dispinfos                0/0               0/0        ( 0.0%) 
disp_verts               0/0               0/0        ( 0.0%) 
disp_tris                0/0               0/0        ( 0.0%) 
disp_multiblend          0/0               0/0        ( 0.0%) 
disp_lmsamples           0/0               0/0        ( 0.0%) 
faces                   68/65536        3808/3670016  ( 0.1%) 
hdr faces                0/65536           0/3670016  ( 0.0%) 
origfaces               50/65536        2800/3670016  ( 0.1%) 
facebrushes              6/0              12/0        ( 0.0%) 
facebrushlists          68/0             272/0        ( 0.0%) 
leaves                  78/65536        2496/2097152  ( 0.1%) 
leaffaces               71/65536         142/131072   ( 0.1%) 
leafbrushes             47/65536          94/131072   ( 0.1%) 
areas                    3/1024           24/8192     ( 0.3%) 
surfedges              492/512000       1968/2048000  ( 0.1%) 
edges                  283/256000       1132/1024000  ( 0.1%) 
LDR worldlights          5/8192          500/819200   ( 0.1%) 
HDR worldlights          0/8192            0/819200   ( 0.0%) 
leafwaterdata            0/32768           0/393216   ( 0.0%) 
waterstrips              2/32768          20/327680   ( 0.0%) 
waterverts               0/65536           0/786432   ( 0.0%) 
waterindices            33/65536          66/131072   ( 0.1%) 
cubemapsamples           0/1024            0/16384    ( 0.0%) 
overlays                 0/1024            0/360448   ( 0.0%) 
LDR lightdata         [variable]       20132/0        ( 0.0%) 
HDR lightdata         [variable]           0/0        ( 0.0%) 
visdata               [variable]         124/16777216 ( 0.0%) 
entdata               [variable]        8024/393216   ( 2.0%) 
LDR ambient table       78/65536         312/262144   ( 0.1%) 
HDR ambient table       78/65536         312/262144   ( 0.1%) 
LDR leaf ambient        66/65536        1848/1835008  ( 0.1%) 
HDR leaf ambient        78/65536        2184/1835008  ( 0.1%) 
occluders                0/0               0/0        ( 0.0%) 
occluder polygons        0/0               0/0        ( 0.0%) 
occluder vert ind        0/0               0/0        ( 0.0%) 
detail props          [variable]           1/12       ( 8.3%) 
static props          [variable]           1/12       ( 8.3%) 
pakfile               [variable]       74474/0        ( 0.0%) 
physics               [variable]        9880/4194304  ( 0.2%) 
physics terrain       [variable]           2/1048576  ( 0.0%) 

Level flags = 7c

Total triangle count: 156
Writing d:\onedrive\desktop\csgo\maps\kill achievements t\updated\kill_achievements_t.bsp
MSG_FILEWRITE - Filesystem was asked to write to 'd:\onedrive\desktop\csgo\maps\kill achievements t\updated\kill_achievements_t.bsp', but we don't own that location. Allowing...
0 seconds elapsed



materialPath: D:\Steam\steamapps\common\Counter-Strike Global Offensive\csgo\materials
Loading D:\OneDrive\Desktop\csgo\maps\kill achievements T\updated\kill_achievements_t.vmf
Map revision 150
fixing up env_cubemap materials on brush sides...
0...1...2...3...4...5...6...7...8...9...100...1...2...3...4...5...6...7...8...9...10Processing areas...done (0)
Building Faces...done (0)
Chop Details...done (0)
Find Visible Detail Sides...done (0)
Merging details...done (0)
FixTjuncs...
PruneNodes...
WriteBSP...
done (0)
writing D:\OneDrive\Desktop\csgo\maps\kill achievements T\updated\kill_achievements_t.prt...Building visibility clusters...
AutoVisClustering (threshold=-1) matched 0 leafs.
done (0)
Finding displacement neighbors...
Finding lightmap sample positions...
Displacement Alpha : 0...1...2...3...4...5...6...7...8...9...10
Building Physics collision data...
done (0) (9880 bytes)
Placing detail props : 0...1...2...3...4...5...6...7...8...9...10
Compacting texture/material tables...
Reduced 24 texinfos to 20
Reduced 4 texdatas to 4 (84 bytes to 84)
Writing D:\OneDrive\Desktop\csgo\maps\kill achievements T\updated\kill_achievements_t.bsp
MSG_FILEWRITE - Filesystem was asked to write to 'd:\onedrive\desktop\csgo\maps\kill achievements t\updated\kill_achievements_t.bsp', but we don't own that location. Allowing...
0 seconds elapsed



16 threads
reading d:\onedrive\desktop\csgo\maps\kill achievements t\updated\kill_achievements_t.bsp
reading d:\onedrive\desktop\csgo\maps\kill achievements t\updated\kill_achievements_t.prt
  10 portalclusters
  15 numportals
0...1...2...3...4...5...6...7...8...9...10Optimized: 0 visible clusters (0.00%)
Total clusters visible: 58
Average clusters visible: 5
Building PAS...
Average clusters audible: 5
visdatasize:124  compressed from 160
writing d:\onedrive\desktop\csgo\maps\kill achievements t\updated\kill_achievements_t.bsp
MSG_FILEWRITE - Filesystem was asked to write to 'd:\onedrive\desktop\csgo\maps\kill achievements t\updated\kill_achievements_t.bsp', but we don't own that location. Allowing...
0 seconds elapsed



[Reading texlights from 'lights.rad']
[17 texlights parsed from 'lights.rad']

Loading d:\onedrive\desktop\csgo\maps\kill achievements t\updated\kill_achievements_t.bsp
68 faces
5741 square feet [826834.25 square inches]
0 Displacements
0 Square Feet [0.00 Square Inches]
68 patches before subdivision
470 patches after subdivision
5 direct lights
0...1...2...3...4...5...6...7...8...9...100...1...2...3...4...5...6...7...8...9...10transfers 14758, max 124
transfer lists:   0.1 megs
0...1...2...3...4...5...6...7...8...9...10	Bounce #1 added RGB(24042, 6758, 67)
0...1...2...3...4...5...6...7...8...9...10	Bounce #2 added RGB(16773, 1325, 0)
0...1...2...3...4...5...6...7...8...9...10	Bounce #3 added RGB(11413, 254, 0)
0...1...2...3...4...5...6...7...8...9...10	Bounce #4 added RGB(7807, 49, 0)
0...1...2...3...4...5...6...7...8...9...10	Bounce #5 added RGB(5329, 9, 0)
0...1...2...3...4...5...6...7...8...9...10	Bounce #6 added RGB(3643, 2, 0)
0...1...2...3...4...5...6...7...8...9...10	Bounce #7 added RGB(2492, 0, 0)
0...1...2...3...4...5...6...7...8...9...10	Bounce #8 added RGB(1706, 0, 0)
0...1...2...3...4...5...6...7...8...9...10	Bounce #9 added RGB(1169, 0, 0)
0...1...2...3...4...5...6...7...8...9...10	Bounce #10 added RGB(802, 0, 0)
0...1...2...3...4...5...6...7...8...9...10	Bounce #11 added RGB(550, 0, 0)
0...1...2...3...4...5...6...7...8...9...10	Bounce #12 added RGB(378, 0, 0)
0...1...2...3...4...5...6...7...8...9...10	Bounce #13 added RGB(260, 0, 0)
0...1...2...3...4...5...6...7...8...9...10	Bounce #14 added RGB(178, 0, 0)
0...1...2...3...4...5...6...7...8...9...10	Bounce #15 added RGB(123, 0, 0)
0...1...2...3...4...5...6...7...8...9...10	Bounce #16 added RGB(84, 0, 0)
0...1...2...3...4...5...6...7...8...9...10	Bounce #17 added RGB(58, 0, 0)
0...1...2...3...4...5...6...7...8...9...10	Bounce #18 added RGB(40, 0, 0)
0...1...2...3...4...5...6...7...8...9...10	Bounce #19 added RGB(28, 0, 0)
0...1...2...3...4...5...6...7...8...9...10	Bounce #20 added RGB(19, 0, 0)
0...1...2...3...4...5...6...7...8...9...10	Bounce #21 added RGB(13, 0, 0)
0...1...2...3...4...5...6...7...8...9...10	Bounce #22 added RGB(9, 0, 0)
0...1...2...3...4...5...6...7...8...9...10	Bounce #23 added RGB(6, 0, 0)
0...1...2...3...4...5...6...7...8...9...10	Bounce #24 added RGB(4, 0, 0)
0...1...2...3...4...5...6...7...8...9...10	Bounce #25 added RGB(3, 0, 0)
0...1...2...3...4...5...6...7...8...9...10	Bounce #26 added RGB(2, 0, 0)
0...1...2...3...4...5...6...7...8...9...10	Bounce #27 added RGB(1, 0, 0)
0...1...2...3...4...5...6...7...8...9...10	Bounce #28 added RGB(1, 0, 0)
Build Patch/Sample Hash Table(s).....Done<0.0001 sec>
0...1...2...3...4...5...6...7...8...9...10FinalLightFace Done
0 of 0 (0% of) surface lights went in leaf ambient cubes.
0...1...2...3...4...5...6...7...8...9...10Writing leaf ambient...done
Ready to Finish

Object names       Objects/Maxobjs  Memory / Maxmem  Fullness 
------------       ---------------  ---------------  -------- 
models                   6/1024          288/49152    ( 0.6%) 
brushes                 24/8192          288/98304    ( 0.3%) 
brushsides             144/81920        1152/655360   ( 0.2%) 
planes                 144/65536        2880/1310720  ( 0.2%) 
vertexes               148/65536        1776/786432   ( 0.2%) 
nodes                   71/65536        2272/2097152  ( 0.1%) 
texinfos                20/12288        1440/884736   ( 0.2%) 
texdata                  4/4096          128/131072   ( 0.1%) 
dispinfos                0/0               0/0        ( 0.0%) 
disp_verts               0/0               0/0        ( 0.0%) 
disp_tris                0/0               0/0        ( 0.0%) 
disp_multiblend          0/0               0/0        ( 0.0%) 
disp_lmsamples           0/0               0/0        ( 0.0%) 
faces                   68/65536        3808/3670016  ( 0.1%) 
hdr faces                0/65536           0/3670016  ( 0.0%) 
origfaces               50/65536        2800/3670016  ( 0.1%) 
facebrushes              6/0              12/0        ( 0.0%) 
facebrushlists          68/0             272/0        ( 0.0%) 
leaves                  78/65536        2496/2097152  ( 0.1%) 
leaffaces               71/65536         142/131072   ( 0.1%) 
leafbrushes             47/65536          94/131072   ( 0.1%) 
areas                    3/1024           24/8192     ( 0.3%) 
surfedges              492/512000       1968/2048000  ( 0.1%) 
edges                  283/256000       1132/1024000  ( 0.1%) 
LDR worldlights          5/8192          500/819200   ( 0.1%) 
HDR worldlights          0/8192            0/819200   ( 0.0%) 
leafwaterdata            0/32768           0/393216   ( 0.0%) 
waterstrips              2/32768          20/327680   ( 0.0%) 
waterverts               0/65536           0/786432   ( 0.0%) 
waterindices            33/65536          66/131072   ( 0.1%) 
cubemapsamples           0/1024            0/16384    ( 0.0%) 
overlays                 0/1024            0/360448   ( 0.0%) 
LDR lightdata         [variable]       20132/0        ( 0.0%) 
HDR lightdata         [variable]           0/0        ( 0.0%) 
visdata               [variable]         124/16777216 ( 0.0%) 
entdata               [variable]        8076/393216   ( 2.1%) 
LDR ambient table       78/65536         312/262144   ( 0.1%) 
HDR ambient table       78/65536         312/262144   ( 0.1%) 
LDR leaf ambient        66/65536        1848/1835008  ( 0.1%) 
HDR leaf ambient        78/65536        2184/1835008  ( 0.1%) 
occluders                0/0               0/0        ( 0.0%) 
occluder polygons        0/0               0/0        ( 0.0%) 
occluder vert ind        0/0               0/0        ( 0.0%) 
detail props          [variable]           1/12       ( 8.3%) 
static props          [variable]           1/12       ( 8.3%) 
pakfile               [variable]       74474/0        ( 0.0%) 
physics               [variable]        9880/4194304  ( 0.2%) 
physics terrain       [variable]           2/1048576  ( 0.0%) 

Level flags = 7c

Total triangle count: 156
Writing d:\onedrive\desktop\csgo\maps\kill achievements t\updated\kill_achievements_t.bsp
MSG_FILEWRITE - Filesystem was asked to write to 'd:\onedrive\desktop\csgo\maps\kill achievements t\updated\kill_achievements_t.bsp', but we don't own that location. Allowing...
0 seconds elapsed
