


materialPath: D:\Steam\steamapps\common\Counter-Strike Global Offensive\csgo\materials
Loading D:\Desktop\csgo\hammer maps\perfect sens\perfect_sens.vmf
Map revision 3
fixing up env_cubemap materials on brush sides...
0...1...2...3...4...5...6...7...8...9...100...1...2...3...4...5...6...7...8...9...10Processing areas...done (0)
Building Faces...done (0)
FixTjuncs...
PruneNodes...
WriteBSP...
done (0)
writing D:\Desktop\csgo\hammer maps\perfect sens\perfect_sens.prt...Building visibility clusters...
AutoVisClustering (threshold=-1) matched 0 leafs.
done (0)
Finding displacement neighbors...
Finding lightmap sample positions...
Displacement Alpha : 0...1...2...3...4...5...6...7...8...9...10
Building Physics collision data...
done (0) (2835 bytes)
Placing detail props : 0...1...2...3...4...5...6...7...8...9...10
Compacting texture/material tables...
Reduced 9 texinfos to 6
Reduced 2 texdatas to 2 (28 bytes to 28)
Writing D:\Desktop\csgo\hammer maps\perfect sens\perfect_sens.bsp
MSG_FILEWRITE - Filesystem was asked to write to 'd:\desktop\csgo\hammer maps\perfect sens\perfect_sens.bsp', but we don't own that location. Allowing...
0 seconds elapsed



4 threads
reading d:\desktop\csgo\hammer maps\perfect sens\perfect_sens.bsp
reading d:\desktop\csgo\hammer maps\perfect sens\perfect_sens.prt
   4 portalclusters
   4 numportals
0...1...2...3...4...5...6...7...8...9...100...1...2...3...4...5...6...7...8...9...10Optimized: 0 visible clusters (0.00%)
Total clusters visible: 16
Average clusters visible: 4
Building PAS...
Average clusters audible: 4
visdatasize:44  compressed from 64
writing d:\desktop\csgo\hammer maps\perfect sens\perfect_sens.bsp
MSG_FILEWRITE - Filesystem was asked to write to 'd:\desktop\csgo\hammer maps\perfect sens\perfect_sens.bsp', but we don't own that location. Allowing...
0 seconds elapsed



[Reading texlights from 'lights.rad']
[17 texlights parsed from 'lights.rad']

Loading d:\desktop\csgo\hammer maps\perfect sens\perfect_sens.bsp
28 faces
22968 square feet [3307520.00 square inches]
0 Displacements
0 Square Feet [0.00 Square Inches]
28 patches before subdivision
2460 patches after subdivision
0 direct lights
0...1...2...3...4...5...6...7...8...9...100...1...2...3...4...5...6...7...8...9...10transfers 249972, max 235
transfer lists:   1.9 megs
0...1...2...3...4...5...6...7...8...9...10	Bounce #1 added RGB(0, 0, 0)
Build Patch/Sample Hash Table(s).....Done<0.0006 sec>
0...1...2...3...4...5...6...7...8...9...10FinalLightFace Done
0 of 0 (0% of) surface lights went in leaf ambient cubes.
0...1...2...3...4...5...6...7...8...9...10Writing leaf ambient...done
Ready to Finish

Object names       Objects/Maxobjs  Memory / Maxmem  Fullness 
------------       ---------------  ---------------  -------- 
models                   2/1024           96/49152    ( 0.2%) 
brushes                  7/8192           84/98304    ( 0.1%) 
brushsides              42/81920         336/655360   ( 0.1%) 
planes                  70/65536        1400/1310720  ( 0.1%) 
vertexes                49/65536         588/786432   ( 0.1%) 
nodes                   33/65536        1056/2097152  ( 0.1%) 
texinfos                 6/12288         432/884736   ( 0.0%) 
texdata                  2/4096           64/131072   ( 0.0%) 
dispinfos                0/0               0/0        ( 0.0%) 
disp_verts               0/0               0/0        ( 0.0%) 
disp_tris                0/0               0/0        ( 0.0%) 
disp_multiblend          0/0               0/0        ( 0.0%) 
disp_lmsamples           0/0               0/0        ( 0.0%) 
faces                   28/65536        1568/3670016  ( 0.0%) 
hdr faces                0/65536           0/3670016  ( 0.0%) 
origfaces               12/65536         672/3670016  ( 0.0%) 
facebrushes              0/0               0/0        ( 0.0%) 
facebrushlists          28/0             112/0        ( 0.0%) 
leaves                  36/65536        1152/2097152  ( 0.1%) 
leaffaces               28/65536          56/131072   ( 0.0%) 
leafbrushes             17/65536          34/131072   ( 0.0%) 
areas                    2/1024           16/8192     ( 0.2%) 
surfedges              160/512000        640/2048000  ( 0.0%) 
edges                   93/256000        372/1024000  ( 0.0%) 
LDR worldlights          0/8192            0/819200   ( 0.0%) 
HDR worldlights          0/8192            0/819200   ( 0.0%) 
leafwaterdata            0/32768           0/393216   ( 0.0%) 
waterstrips              0/32768           0/327680   ( 0.0%) 
waterverts               0/65536           0/786432   ( 0.0%) 
waterindices             0/65536           0/131072   ( 0.0%) 
cubemapsamples           0/1024            0/16384    ( 0.0%) 
overlays                 0/1024            0/360448   ( 0.0%) 
LDR lightdata         [variable]      114048/0        ( 0.0%) 
HDR lightdata         [variable]           0/0        ( 0.0%) 
visdata               [variable]          44/16777216 ( 0.0%) 
entdata               [variable]         875/393216   ( 0.2%) 
LDR ambient table       36/65536         144/262144   ( 0.1%) 
HDR ambient table       36/65536         144/262144   ( 0.1%) 
LDR leaf ambient        10/65536         280/1835008  ( 0.0%) 
HDR leaf ambient        36/65536        1008/1835008  ( 0.1%) 
occluders                0/0               0/0        ( 0.0%) 
occluder polygons        0/0               0/0        ( 0.0%) 
occluder vert ind        0/0               0/0        ( 0.0%) 
detail props          [variable]           1/12       ( 8.3%) 
static props          [variable]           1/12       ( 8.3%) 
pakfile               [variable]       74446/0        ( 0.0%) 
physics               [variable]        2835/4194304  ( 0.1%) 
physics terrain       [variable]           2/1048576  ( 0.0%) 

Level flags = 7c

Total triangle count: 56
Writing d:\desktop\csgo\hammer maps\perfect sens\perfect_sens.bsp
MSG_FILEWRITE - Filesystem was asked to write to 'd:\desktop\csgo\hammer maps\perfect sens\perfect_sens.bsp', but we don't own that location. Allowing...
0 seconds elapsed



materialPath: D:\Steam\steamapps\common\Counter-Strike Global Offensive\csgo\materials
Loading D:\Desktop\csgo\hammer maps\perfect sens\perfect_sens.vmf
Map revision 4
fixing up env_cubemap materials on brush sides...
0...1...2...3...4...5...6...7...8...9...100...1...2...3...4...5...6...7...8...9...10Processing areas...done (0)
Building Faces...done (0)
FixTjuncs...
PruneNodes...
WriteBSP...
done (0)
writing D:\Desktop\csgo\hammer maps\perfect sens\perfect_sens.prt...Building visibility clusters...
AutoVisClustering (threshold=-1) matched 0 leafs.
done (0)
Finding displacement neighbors...
Finding lightmap sample positions...
Displacement Alpha : 0...1...2...3...4...5...6...7...8...9...10
Building Physics collision data...
done (0) (2835 bytes)
Placing detail props : 0...1...2...3...4...5...6...7...8...9...10
Compacting texture/material tables...
Reduced 9 texinfos to 6
Reduced 2 texdatas to 2 (28 bytes to 28)
Writing D:\Desktop\csgo\hammer maps\perfect sens\perfect_sens.bsp
MSG_FILEWRITE - Filesystem was asked to write to 'd:\desktop\csgo\hammer maps\perfect sens\perfect_sens.bsp', but we don't own that location. Allowing...
0 seconds elapsed



4 threads
reading d:\desktop\csgo\hammer maps\perfect sens\perfect_sens.bsp
reading d:\desktop\csgo\hammer maps\perfect sens\perfect_sens.prt
   4 portalclusters
   4 numportals
0...1...2...3...4...5...6...7...8...9...100...1...2...3...4...5...6...7...8...9...10Optimized: 0 visible clusters (0.00%)
Total clusters visible: 16
Average clusters visible: 4
Building PAS...
Average clusters audible: 4
visdatasize:44  compressed from 64
writing d:\desktop\csgo\hammer maps\perfect sens\perfect_sens.bsp
MSG_FILEWRITE - Filesystem was asked to write to 'd:\desktop\csgo\hammer maps\perfect sens\perfect_sens.bsp', but we don't own that location. Allowing...
0 seconds elapsed



[Reading texlights from 'lights.rad']
[17 texlights parsed from 'lights.rad']

Loading d:\desktop\csgo\hammer maps\perfect sens\perfect_sens.bsp
28 faces
22968 square feet [3307520.00 square inches]
0 Displacements
0 Square Feet [0.00 Square Inches]
28 patches before subdivision
2460 patches after subdivision
0 direct lights
0...1...2...3...4...5...6...7...8...9...100...1...2...3...4...5...6...7...8...9...10transfers 249972, max 235
transfer lists:   1.9 megs
0...1...2...3...4...5...6...7...8...9...10	Bounce #1 added RGB(0, 0, 0)
Build Patch/Sample Hash Table(s).....Done<0.0006 sec>
0...1...2...3...4...5...6...7...8...9...10FinalLightFace Done
0 of 0 (0% of) surface lights went in leaf ambient cubes.
0...1...2...3...4...5...6...7...8...9...10Writing leaf ambient...done
Ready to Finish

Object names       Objects/Maxobjs  Memory / Maxmem  Fullness 
------------       ---------------  ---------------  -------- 
models                   2/1024           96/49152    ( 0.2%) 
brushes                  7/8192           84/98304    ( 0.1%) 
brushsides              42/81920         336/655360   ( 0.1%) 
planes                  70/65536        1400/1310720  ( 0.1%) 
vertexes                49/65536         588/786432   ( 0.1%) 
nodes                   33/65536        1056/2097152  ( 0.1%) 
texinfos                 6/12288         432/884736   ( 0.0%) 
texdata                  2/4096           64/131072   ( 0.0%) 
dispinfos                0/0               0/0        ( 0.0%) 
disp_verts               0/0               0/0        ( 0.0%) 
disp_tris                0/0               0/0        ( 0.0%) 
disp_multiblend          0/0               0/0        ( 0.0%) 
disp_lmsamples           0/0               0/0        ( 0.0%) 
faces                   28/65536        1568/3670016  ( 0.0%) 
hdr faces                0/65536           0/3670016  ( 0.0%) 
origfaces               12/65536         672/3670016  ( 0.0%) 
facebrushes              0/0               0/0        ( 0.0%) 
facebrushlists          28/0             112/0        ( 0.0%) 
leaves                  36/65536        1152/2097152  ( 0.1%) 
leaffaces               28/65536          56/131072   ( 0.0%) 
leafbrushes             17/65536          34/131072   ( 0.0%) 
areas                    2/1024           16/8192     ( 0.2%) 
surfedges              160/512000        640/2048000  ( 0.0%) 
edges                   93/256000        372/1024000  ( 0.0%) 
LDR worldlights          0/8192            0/819200   ( 0.0%) 
HDR worldlights          0/8192            0/819200   ( 0.0%) 
leafwaterdata            0/32768           0/393216   ( 0.0%) 
waterstrips              0/32768           0/327680   ( 0.0%) 
waterverts               0/65536           0/786432   ( 0.0%) 
waterindices             0/65536           0/131072   ( 0.0%) 
cubemapsamples           0/1024            0/16384    ( 0.0%) 
overlays                 0/1024            0/360448   ( 0.0%) 
LDR lightdata         [variable]      114048/0        ( 0.0%) 
HDR lightdata         [variable]           0/0        ( 0.0%) 
visdata               [variable]          44/16777216 ( 0.0%) 
entdata               [variable]         983/393216   ( 0.2%) 
LDR ambient table       36/65536         144/262144   ( 0.1%) 
HDR ambient table       36/65536         144/262144   ( 0.1%) 
LDR leaf ambient        10/65536         280/1835008  ( 0.0%) 
HDR leaf ambient        36/65536        1008/1835008  ( 0.1%) 
occluders                0/0               0/0        ( 0.0%) 
occluder polygons        0/0               0/0        ( 0.0%) 
occluder vert ind        0/0               0/0        ( 0.0%) 
detail props          [variable]           1/12       ( 8.3%) 
static props          [variable]           1/12       ( 8.3%) 
pakfile               [variable]       74446/0        ( 0.0%) 
physics               [variable]        2835/4194304  ( 0.1%) 
physics terrain       [variable]           2/1048576  ( 0.0%) 

Level flags = 7c

Total triangle count: 56
Writing d:\desktop\csgo\hammer maps\perfect sens\perfect_sens.bsp
MSG_FILEWRITE - Filesystem was asked to write to 'd:\desktop\csgo\hammer maps\perfect sens\perfect_sens.bsp', but we don't own that location. Allowing...
0 seconds elapsed



materialPath: D:\Steam\steamapps\common\Counter-Strike Global Offensive\csgo\materials
Loading D:\Desktop\csgo\hammer maps\perfect sens\perfect_sens.vmf
Map revision 4
fixing up env_cubemap materials on brush sides...
0...1...2...3...4...5...6...7...8...9...100...1...2...3...4...5...6...7...8...9...10Processing areas...done (0)
Building Faces...done (0)
FixTjuncs...
PruneNodes...
WriteBSP...
done (0)
writing D:\Desktop\csgo\hammer maps\perfect sens\perfect_sens.prt...Building visibility clusters...
AutoVisClustering (threshold=-1) matched 0 leafs.
done (0)
Finding displacement neighbors...
Finding lightmap sample positions...
Displacement Alpha : 0...1...2...3...4...5...6...7...8...9...10
Building Physics collision data...
done (0) (2835 bytes)
Placing detail props : 0...1...2...3...4...5...6...7...8...9...10
Compacting texture/material tables...
Reduced 9 texinfos to 6
Reduced 2 texdatas to 2 (28 bytes to 28)
Writing D:\Desktop\csgo\hammer maps\perfect sens\perfect_sens.bsp
MSG_FILEWRITE - Filesystem was asked to write to 'd:\desktop\csgo\hammer maps\perfect sens\perfect_sens.bsp', but we don't own that location. Allowing...
0 seconds elapsed



4 threads
reading d:\desktop\csgo\hammer maps\perfect sens\perfect_sens.bsp
reading d:\desktop\csgo\hammer maps\perfect sens\perfect_sens.prt
   4 portalclusters
   4 numportals
0...1...2...3...4...5...6...7...8...9...100...1...2...3...4...5...6...7...8...9...10Optimized: 0 visible clusters (0.00%)
Total clusters visible: 16
Average clusters visible: 4
Building PAS...
Average clusters audible: 4
visdatasize:44  compressed from 64
writing d:\desktop\csgo\hammer maps\perfect sens\perfect_sens.bsp
MSG_FILEWRITE - Filesystem was asked to write to 'd:\desktop\csgo\hammer maps\perfect sens\perfect_sens.bsp', but we don't own that location. Allowing...
0 seconds elapsed



[Reading texlights from 'lights.rad']
[17 texlights parsed from 'lights.rad']

Loading d:\desktop\csgo\hammer maps\perfect sens\perfect_sens.bsp
28 faces
22968 square feet [3307520.00 square inches]
0 Displacements
0 Square Feet [0.00 Square Inches]
28 patches before subdivision
2460 patches after subdivision
0 direct lights
0...1...2...3...4...5...6...7...8...9...100...1...2...3...4...5...6...7...8...9...10transfers 249972, max 235
transfer lists:   1.9 megs
0...1...2...3...4...5...6...7...8...9...10	Bounce #1 added RGB(0, 0, 0)
Build Patch/Sample Hash Table(s).....Done<0.0006 sec>
0...1...2...3...4...5...6...7...8...9...10FinalLightFace Done
0 of 0 (0% of) surface lights went in leaf ambient cubes.
0...1...2...3...4...5...6...7...8...9...10Writing leaf ambient...done
Ready to Finish

Object names       Objects/Maxobjs  Memory / Maxmem  Fullness 
------------       ---------------  ---------------  -------- 
models                   2/1024           96/49152    ( 0.2%) 
brushes                  7/8192           84/98304    ( 0.1%) 
brushsides              42/81920         336/655360   ( 0.1%) 
planes                  70/65536        1400/1310720  ( 0.1%) 
vertexes                49/65536         588/786432   ( 0.1%) 
nodes                   33/65536        1056/2097152  ( 0.1%) 
texinfos                 6/12288         432/884736   ( 0.0%) 
texdata                  2/4096           64/131072   ( 0.0%) 
dispinfos                0/0               0/0        ( 0.0%) 
disp_verts               0/0               0/0        ( 0.0%) 
disp_tris                0/0               0/0        ( 0.0%) 
disp_multiblend          0/0               0/0        ( 0.0%) 
disp_lmsamples           0/0               0/0        ( 0.0%) 
faces                   28/65536        1568/3670016  ( 0.0%) 
hdr faces                0/65536           0/3670016  ( 0.0%) 
origfaces               12/65536         672/3670016  ( 0.0%) 
facebrushes              0/0               0/0        ( 0.0%) 
facebrushlists          28/0             112/0        ( 0.0%) 
leaves                  36/65536        1152/2097152  ( 0.1%) 
leaffaces               28/65536          56/131072   ( 0.0%) 
leafbrushes             17/65536          34/131072   ( 0.0%) 
areas                    2/1024           16/8192     ( 0.2%) 
surfedges              160/512000        640/2048000  ( 0.0%) 
edges                   93/256000        372/1024000  ( 0.0%) 
LDR worldlights          0/8192            0/819200   ( 0.0%) 
HDR worldlights          0/8192            0/819200   ( 0.0%) 
leafwaterdata            0/32768           0/393216   ( 0.0%) 
waterstrips              0/32768           0/327680   ( 0.0%) 
waterverts               0/65536           0/786432   ( 0.0%) 
waterindices             0/65536           0/131072   ( 0.0%) 
cubemapsamples           0/1024            0/16384    ( 0.0%) 
overlays                 0/1024            0/360448   ( 0.0%) 
LDR lightdata         [variable]      114048/0        ( 0.0%) 
HDR lightdata         [variable]           0/0        ( 0.0%) 
visdata               [variable]          44/16777216 ( 0.0%) 
entdata               [variable]         983/393216   ( 0.2%) 
LDR ambient table       36/65536         144/262144   ( 0.1%) 
HDR ambient table       36/65536         144/262144   ( 0.1%) 
LDR leaf ambient        10/65536         280/1835008  ( 0.0%) 
HDR leaf ambient        36/65536        1008/1835008  ( 0.1%) 
occluders                0/0               0/0        ( 0.0%) 
occluder polygons        0/0               0/0        ( 0.0%) 
occluder vert ind        0/0               0/0        ( 0.0%) 
detail props          [variable]           1/12       ( 8.3%) 
static props          [variable]           1/12       ( 8.3%) 
pakfile               [variable]       74446/0        ( 0.0%) 
physics               [variable]        2835/4194304  ( 0.1%) 
physics terrain       [variable]           2/1048576  ( 0.0%) 

Level flags = 7c

Total triangle count: 56
Writing d:\desktop\csgo\hammer maps\perfect sens\perfect_sens.bsp
MSG_FILEWRITE - Filesystem was asked to write to 'd:\desktop\csgo\hammer maps\perfect sens\perfect_sens.bsp', but we don't own that location. Allowing...
0 seconds elapsed



materialPath: D:\Steam\steamapps\common\Counter-Strike Global Offensive\csgo\materials
Loading D:\Desktop\csgo\hammer maps\perfect sens\perfect_sens.vmf
Map revision 4
fixing up env_cubemap materials on brush sides...
0...1...2...3...4...5...6...7...8...9...100...1...2...3...4...5...6...7...8...9...10Processing areas...done (0)
Building Faces...done (0)
FixTjuncs...
PruneNodes...
WriteBSP...
done (0)
writing D:\Desktop\csgo\hammer maps\perfect sens\perfect_sens.prt...Building visibility clusters...
AutoVisClustering (threshold=-1) matched 0 leafs.
done (0)
Finding displacement neighbors...
Finding lightmap sample positions...
Displacement Alpha : 0...1...2...3...4...5...6...7...8...9...10
Building Physics collision data...
done (0) (2835 bytes)
Placing detail props : 0...1...2...3...4...5...6...7...8...9...10
Compacting texture/material tables...
Reduced 9 texinfos to 6
Reduced 2 texdatas to 2 (28 bytes to 28)
Writing D:\Desktop\csgo\hammer maps\perfect sens\perfect_sens.bsp
MSG_FILEWRITE - Filesystem was asked to write to 'd:\desktop\csgo\hammer maps\perfect sens\perfect_sens.bsp', but we don't own that location. Allowing...
0 seconds elapsed



4 threads
reading d:\desktop\csgo\hammer maps\perfect sens\perfect_sens.bsp
reading d:\desktop\csgo\hammer maps\perfect sens\perfect_sens.prt
   4 portalclusters
   4 numportals
0...1...2...3...4...5...6...7...8...9...100...1...2...3...4...5...6...7...8...9...10Optimized: 0 visible clusters (0.00%)
Total clusters visible: 16
Average clusters visible: 4
Building PAS...
Average clusters audible: 4
visdatasize:44  compressed from 64
writing d:\desktop\csgo\hammer maps\perfect sens\perfect_sens.bsp
MSG_FILEWRITE - Filesystem was asked to write to 'd:\desktop\csgo\hammer maps\perfect sens\perfect_sens.bsp', but we don't own that location. Allowing...
0 seconds elapsed



[Reading texlights from 'lights.rad']
[17 texlights parsed from 'lights.rad']

Loading d:\desktop\csgo\hammer maps\perfect sens\perfect_sens.bsp
28 faces
22968 square feet [3307520.00 square inches]
0 Displacements
0 Square Feet [0.00 Square Inches]
28 patches before subdivision
2460 patches after subdivision
0 direct lights
0...1...2...3...4...5...6...7...8...9...100...1...2...3...4...5...6...7...8...9...10transfers 249972, max 235
transfer lists:   1.9 megs
0...1...2...3...4...5...6...7...8...9...10	Bounce #1 added RGB(0, 0, 0)
Build Patch/Sample Hash Table(s).....Done<0.0006 sec>
0...1...2...3...4...5...6...7...8...9...10FinalLightFace Done
0 of 0 (0% of) surface lights went in leaf ambient cubes.
0...1...2...3...4...5...6...7...8...9...10Writing leaf ambient...done
Ready to Finish

Object names       Objects/Maxobjs  Memory / Maxmem  Fullness 
------------       ---------------  ---------------  -------- 
models                   2/1024           96/49152    ( 0.2%) 
brushes                  7/8192           84/98304    ( 0.1%) 
brushsides              42/81920         336/655360   ( 0.1%) 
planes                  70/65536        1400/1310720  ( 0.1%) 
vertexes                49/65536         588/786432   ( 0.1%) 
nodes                   33/65536        1056/2097152  ( 0.1%) 
texinfos                 6/12288         432/884736   ( 0.0%) 
texdata                  2/4096           64/131072   ( 0.0%) 
dispinfos                0/0               0/0        ( 0.0%) 
disp_verts               0/0               0/0        ( 0.0%) 
disp_tris                0/0               0/0        ( 0.0%) 
disp_multiblend          0/0               0/0        ( 0.0%) 
disp_lmsamples           0/0               0/0        ( 0.0%) 
faces                   28/65536        1568/3670016  ( 0.0%) 
hdr faces                0/65536           0/3670016  ( 0.0%) 
origfaces               12/65536         672/3670016  ( 0.0%) 
facebrushes              0/0               0/0        ( 0.0%) 
facebrushlists          28/0             112/0        ( 0.0%) 
leaves                  36/65536        1152/2097152  ( 0.1%) 
leaffaces               28/65536          56/131072   ( 0.0%) 
leafbrushes             17/65536          34/131072   ( 0.0%) 
areas                    2/1024           16/8192     ( 0.2%) 
surfedges              160/512000        640/2048000  ( 0.0%) 
edges                   93/256000        372/1024000  ( 0.0%) 
LDR worldlights          0/8192            0/819200   ( 0.0%) 
HDR worldlights          0/8192            0/819200   ( 0.0%) 
leafwaterdata            0/32768           0/393216   ( 0.0%) 
waterstrips              0/32768           0/327680   ( 0.0%) 
waterverts               0/65536           0/786432   ( 0.0%) 
waterindices             0/65536           0/131072   ( 0.0%) 
cubemapsamples           0/1024            0/16384    ( 0.0%) 
overlays                 0/1024            0/360448   ( 0.0%) 
LDR lightdata         [variable]      114048/0        ( 0.0%) 
HDR lightdata         [variable]           0/0        ( 0.0%) 
visdata               [variable]          44/16777216 ( 0.0%) 
entdata               [variable]         983/393216   ( 0.2%) 
LDR ambient table       36/65536         144/262144   ( 0.1%) 
HDR ambient table       36/65536         144/262144   ( 0.1%) 
LDR leaf ambient        10/65536         280/1835008  ( 0.0%) 
HDR leaf ambient        36/65536        1008/1835008  ( 0.1%) 
occluders                0/0               0/0        ( 0.0%) 
occluder polygons        0/0               0/0        ( 0.0%) 
occluder vert ind        0/0               0/0        ( 0.0%) 
detail props          [variable]           1/12       ( 8.3%) 
static props          [variable]           1/12       ( 8.3%) 
pakfile               [variable]       74446/0        ( 0.0%) 
physics               [variable]        2835/4194304  ( 0.1%) 
physics terrain       [variable]           2/1048576  ( 0.0%) 

Level flags = 7c

Total triangle count: 56
Writing d:\desktop\csgo\hammer maps\perfect sens\perfect_sens.bsp
MSG_FILEWRITE - Filesystem was asked to write to 'd:\desktop\csgo\hammer maps\perfect sens\perfect_sens.bsp', but we don't own that location. Allowing...
0 seconds elapsed



materialPath: D:\Steam\steamapps\common\Counter-Strike Global Offensive\csgo\materials
Loading D:\Desktop\csgo\hammer maps\perfect sens\perfect_sens.vmf
Map revision 5
fixing up env_cubemap materials on brush sides...
0...1...2...3...4...5...6...7...8...9...100...1...2...3...4...5...6...7...8...9...10Processing areas...done (0)
Building Faces...done (0)
FixTjuncs...
PruneNodes...
WriteBSP...
done (0)
writing D:\Desktop\csgo\hammer maps\perfect sens\perfect_sens.prt...Building visibility clusters...
AutoVisClustering (threshold=-1) matched 0 leafs.
done (0)
Finding displacement neighbors...
Finding lightmap sample positions...
Displacement Alpha : 0...1...2...3...4...5...6...7...8...9...10
Building Physics collision data...
done (0) (2835 bytes)
Placing detail props : 0...1...2...3...4...5...6...7...8...9...10
Compacting texture/material tables...
Reduced 9 texinfos to 6
Reduced 2 texdatas to 2 (28 bytes to 28)
Writing D:\Desktop\csgo\hammer maps\perfect sens\perfect_sens.bsp
MSG_FILEWRITE - Filesystem was asked to write to 'd:\desktop\csgo\hammer maps\perfect sens\perfect_sens.bsp', but we don't own that location. Allowing...
1 second elapsed



4 threads
reading d:\desktop\csgo\hammer maps\perfect sens\perfect_sens.bsp
reading d:\desktop\csgo\hammer maps\perfect sens\perfect_sens.prt
   4 portalclusters
   4 numportals
0...1...2...3...4...5...6...7...8...9...100...1...2...3...4...5...6...7...8...9...10Optimized: 0 visible clusters (0.00%)
Total clusters visible: 16
Average clusters visible: 4
Building PAS...
Average clusters audible: 4
visdatasize:44  compressed from 64
writing d:\desktop\csgo\hammer maps\perfect sens\perfect_sens.bsp
MSG_FILEWRITE - Filesystem was asked to write to 'd:\desktop\csgo\hammer maps\perfect sens\perfect_sens.bsp', but we don't own that location. Allowing...
0 seconds elapsed



[Reading texlights from 'lights.rad']
[17 texlights parsed from 'lights.rad']

Loading d:\desktop\csgo\hammer maps\perfect sens\perfect_sens.bsp
28 faces
22968 square feet [3307520.00 square inches]
0 Displacements
0 Square Feet [0.00 Square Inches]
28 patches before subdivision
2460 patches after subdivision
0 direct lights
0...1...2...3...4...5...6...7...8...9...100...1...2...3...4...5...6...7...8...9...10transfers 249972, max 235
transfer lists:   1.9 megs
0...1...2...3...4...5...6...7...8...9...10	Bounce #1 added RGB(0, 0, 0)
Build Patch/Sample Hash Table(s).....Done<0.0027 sec>
0...1...2...3...4...5...6...7...8...9...10FinalLightFace Done
0 of 0 (0% of) surface lights went in leaf ambient cubes.
0...1...2...3...4...5...6...7...8...9...10Writing leaf ambient...done
Ready to Finish

Object names       Objects/Maxobjs  Memory / Maxmem  Fullness 
------------       ---------------  ---------------  -------- 
models                   2/1024           96/49152    ( 0.2%) 
brushes                  7/8192           84/98304    ( 0.1%) 
brushsides              42/81920         336/655360   ( 0.1%) 
planes                  70/65536        1400/1310720  ( 0.1%) 
vertexes                49/65536         588/786432   ( 0.1%) 
nodes                   33/65536        1056/2097152  ( 0.1%) 
texinfos                 6/12288         432/884736   ( 0.0%) 
texdata                  2/4096           64/131072   ( 0.0%) 
dispinfos                0/0               0/0        ( 0.0%) 
disp_verts               0/0               0/0        ( 0.0%) 
disp_tris                0/0               0/0        ( 0.0%) 
disp_multiblend          0/0               0/0        ( 0.0%) 
disp_lmsamples           0/0               0/0        ( 0.0%) 
faces                   28/65536        1568/3670016  ( 0.0%) 
hdr faces                0/65536           0/3670016  ( 0.0%) 
origfaces               12/65536         672/3670016  ( 0.0%) 
facebrushes              0/0               0/0        ( 0.0%) 
facebrushlists          28/0             112/0        ( 0.0%) 
leaves                  36/65536        1152/2097152  ( 0.1%) 
leaffaces               28/65536          56/131072   ( 0.0%) 
leafbrushes             17/65536          34/131072   ( 0.0%) 
areas                    2/1024           16/8192     ( 0.2%) 
surfedges              160/512000        640/2048000  ( 0.0%) 
edges                   93/256000        372/1024000  ( 0.0%) 
LDR worldlights          0/8192            0/819200   ( 0.0%) 
HDR worldlights          0/8192            0/819200   ( 0.0%) 
leafwaterdata            0/32768           0/393216   ( 0.0%) 
waterstrips              0/32768           0/327680   ( 0.0%) 
waterverts               0/65536           0/786432   ( 0.0%) 
waterindices             0/65536           0/131072   ( 0.0%) 
cubemapsamples           0/1024            0/16384    ( 0.0%) 
overlays                 0/1024            0/360448   ( 0.0%) 
LDR lightdata         [variable]      114048/0        ( 0.0%) 
HDR lightdata         [variable]           0/0        ( 0.0%) 
visdata               [variable]          44/16777216 ( 0.0%) 
entdata               [variable]         983/393216   ( 0.2%) 
LDR ambient table       36/65536         144/262144   ( 0.1%) 
HDR ambient table       36/65536         144/262144   ( 0.1%) 
LDR leaf ambient        10/65536         280/1835008  ( 0.0%) 
HDR leaf ambient        36/65536        1008/1835008  ( 0.1%) 
occluders                0/0               0/0        ( 0.0%) 
occluder polygons        0/0               0/0        ( 0.0%) 
occluder vert ind        0/0               0/0        ( 0.0%) 
detail props          [variable]           1/12       ( 8.3%) 
static props          [variable]           1/12       ( 8.3%) 
pakfile               [variable]       74446/0        ( 0.0%) 
physics               [variable]        2835/4194304  ( 0.1%) 
physics terrain       [variable]           2/1048576  ( 0.0%) 

Level flags = 7c

Total triangle count: 56
Writing d:\desktop\csgo\hammer maps\perfect sens\perfect_sens.bsp
MSG_FILEWRITE - Filesystem was asked to write to 'd:\desktop\csgo\hammer maps\perfect sens\perfect_sens.bsp', but we don't own that location. Allowing...
0 seconds elapsed
