


materialPath: D:\Steam\steamapps\common\Counter-Strike Global Offensive\csgo\materials
Loading D:\Desktop\csgo\hammer maps\Still Alive\achievement_still alive.vmf
Map revision 8
fixing up env_cubemap materials on brush sides...
0...1...2...3...4...5...6...7...8...9...100...1...2...3...4...5...6...7...8...9...10Processing areas...done (0)
Building Faces...done (0)
FixTjuncs...
PruneNodes...
WriteBSP...
done (0)
writing D:\Desktop\csgo\hammer maps\Still Alive\achievement_still alive.prt...Building visibility clusters...
AutoVisClustering (threshold=-1) matched 0 leafs.
done (0)
Finding displacement neighbors...
Finding lightmap sample positions...
Displacement Alpha : 0...1...2...3...4...5...6...7...8...9...10
Building Physics collision data...
done (0) (2970 bytes)
Placing detail props : 0...1...2...3...4...5...6...7...8...9...10
Compacting texture/material tables...
Reduced 12 texinfos to 7
Reduced 3 texdatas to 3 (62 bytes to 62)
Writing D:\Desktop\csgo\hammer maps\Still Alive\achievement_still alive.bsp
MSG_FILEWRITE - Filesystem was asked to write to 'd:\desktop\csgo\hammer maps\still alive\achievement_still alive.bsp', but we don't own that location. Allowing...
0 seconds elapsed



4 threads
reading d:\desktop\csgo\hammer maps\still alive\achievement_still alive.bsp
reading d:\desktop\csgo\hammer maps\still alive\achievement_still alive.prt
   1 portalclusters
   0 numportals
0...1...2...3...4...5...6...7...8...9...100...1...2...3...4...5...6...7...8...9...10Optimized: 0 visible clusters (0.00%)
Total clusters visible: 1
Average clusters visible: 1
Building PAS...
Average clusters audible: 1
visdatasize:14  compressed from 16
writing d:\desktop\csgo\hammer maps\still alive\achievement_still alive.bsp
MSG_FILEWRITE - Filesystem was asked to write to 'd:\desktop\csgo\hammer maps\still alive\achievement_still alive.bsp', but we don't own that location. Allowing...
0 seconds elapsed



[Reading texlights from 'lights.rad']
[17 texlights parsed from 'lights.rad']

Loading d:\desktop\csgo\hammer maps\still alive\achievement_still alive.bsp
12 faces
3241 square feet [466823.19 square inches]
0 Displacements
0 Square Feet [0.00 Square Inches]
12 patches before subdivision
290 patches after subdivision
12 direct lights
0...1...2...3...4...5...6...7...8...9...100...1...2...3...4...5...6...7...8...9...10transfers 14320, max 120
transfer lists:   0.1 megs
0...1...2...3...4...5...6...7...8...9...10	Bounce #1 added RGB(5578, 1568, 15)
0...1...2...3...4...5...6...7...8...9...10	Bounce #2 added RGB(3750, 296, 0)
0...1...2...3...4...5...6...7...8...9...10	Bounce #3 added RGB(2517, 56, 0)
0...1...2...3...4...5...6...7...8...9...10	Bounce #4 added RGB(1687, 11, 0)
0...1...2...3...4...5...6...7...8...9...10	Bounce #5 added RGB(1129, 2, 0)
0...1...2...3...4...5...6...7...8...9...10	Bounce #6 added RGB(756, 0, 0)
0...1...2...3...4...5...6...7...8...9...10	Bounce #7 added RGB(506, 0, 0)
0...1...2...3...4...5...6...7...8...9...10	Bounce #8 added RGB(339, 0, 0)
0...1...2...3...4...5...6...7...8...9...10	Bounce #9 added RGB(227, 0, 0)
0...1...2...3...4...5...6...7...8...9...10	Bounce #10 added RGB(152, 0, 0)
0...1...2...3...4...5...6...7...8...9...10	Bounce #11 added RGB(101, 0, 0)
0...1...2...3...4...5...6...7...8...9...10	Bounce #12 added RGB(68, 0, 0)
0...1...2...3...4...5...6...7...8...9...10	Bounce #13 added RGB(45, 0, 0)
0...1...2...3...4...5...6...7...8...9...10	Bounce #14 added RGB(30, 0, 0)
0...1...2...3...4...5...6...7...8...9...10	Bounce #15 added RGB(20, 0, 0)
0...1...2...3...4...5...6...7...8...9...10	Bounce #16 added RGB(14, 0, 0)
0...1...2...3...4...5...6...7...8...9...10	Bounce #17 added RGB(9, 0, 0)
0...1...2...3...4...5...6...7...8...9...10	Bounce #18 added RGB(6, 0, 0)
0...1...2...3...4...5...6...7...8...9...10	Bounce #19 added RGB(4, 0, 0)
0...1...2...3...4...5...6...7...8...9...10	Bounce #20 added RGB(3, 0, 0)
0...1...2...3...4...5...6...7...8...9...10	Bounce #21 added RGB(2, 0, 0)
0...1...2...3...4...5...6...7...8...9...10	Bounce #22 added RGB(1, 0, 0)
0...1...2...3...4...5...6...7...8...9...10	Bounce #23 added RGB(1, 0, 0)
Build Patch/Sample Hash Table(s).....Done<0.0001 sec>
0...1...2...3...4...5...6...7...8...9...10FinalLightFace Done
0 of 0 (0% of) surface lights went in leaf ambient cubes.
0...1...2...3...4...5...6...7...8...9...10Writing leaf ambient...done
Ready to Finish

Object names       Objects/Maxobjs  Memory / Maxmem  Fullness 
------------       ---------------  ---------------  -------- 
models                   2/1024           96/49152    ( 0.2%) 
brushes                  7/8192           84/98304    ( 0.1%) 
brushsides              42/81920         336/655360   ( 0.1%) 
planes                  58/65536        1160/1310720  ( 0.1%) 
vertexes                37/65536         444/786432   ( 0.1%) 
nodes                   16/65536         512/2097152  ( 0.0%) 
texinfos                 7/12288         504/884736   ( 0.1%) 
texdata                  3/4096           96/131072   ( 0.1%) 
dispinfos                0/0               0/0        ( 0.0%) 
disp_verts               0/0               0/0        ( 0.0%) 
disp_tris                0/0               0/0        ( 0.0%) 
disp_multiblend          0/0               0/0        ( 0.0%) 
disp_lmsamples           0/0               0/0        ( 0.0%) 
faces                   12/65536         672/3670016  ( 0.0%) 
hdr faces                0/65536           0/3670016  ( 0.0%) 
origfaces               12/65536         672/3670016  ( 0.0%) 
facebrushes              0/0               0/0        ( 0.0%) 
facebrushlists          12/0              48/0        ( 0.0%) 
leaves                  19/65536         608/2097152  ( 0.0%) 
leaffaces               12/65536          24/131072   ( 0.0%) 
leafbrushes              7/65536          14/131072   ( 0.0%) 
areas                    2/1024           16/8192     ( 0.2%) 
surfedges               96/512000        384/2048000  ( 0.0%) 
edges                   61/256000        244/1024000  ( 0.0%) 
LDR worldlights         12/8192         1200/819200   ( 0.1%) 
HDR worldlights          0/8192            0/819200   ( 0.0%) 
leafwaterdata            0/32768           0/393216   ( 0.0%) 
waterstrips              0/32768           0/327680   ( 0.0%) 
waterverts               0/65536           0/786432   ( 0.0%) 
waterindices             0/65536           0/131072   ( 0.0%) 
cubemapsamples           0/1024            0/16384    ( 0.0%) 
overlays                 0/1024            0/360448   ( 0.0%) 
LDR lightdata         [variable]       11428/0        ( 0.0%) 
HDR lightdata         [variable]           0/0        ( 0.0%) 
visdata               [variable]          14/16777216 ( 0.0%) 
entdata               [variable]        5634/393216   ( 1.4%) 
LDR ambient table       19/65536          76/262144   ( 0.0%) 
HDR ambient table       19/65536          76/262144   ( 0.0%) 
LDR leaf ambient        44/65536        1232/1835008  ( 0.1%) 
HDR leaf ambient        19/65536         532/1835008  ( 0.0%) 
occluders                0/0               0/0        ( 0.0%) 
occluder polygons        0/0               0/0        ( 0.0%) 
occluder vert ind        0/0               0/0        ( 0.0%) 
detail props          [variable]           1/12       ( 8.3%) 
static props          [variable]           1/12       ( 8.3%) 
pakfile               [variable]       74490/0        ( 0.0%) 
physics               [variable]        2970/4194304  ( 0.1%) 
physics terrain       [variable]           2/1048576  ( 0.0%) 

Level flags = 7c

Total triangle count: 24
Writing d:\desktop\csgo\hammer maps\still alive\achievement_still alive.bsp
MSG_FILEWRITE - Filesystem was asked to write to 'd:\desktop\csgo\hammer maps\still alive\achievement_still alive.bsp', but we don't own that location. Allowing...
0 seconds elapsed



materialPath: D:\Steam\steamapps\common\Counter-Strike Global Offensive\csgo\materials
Loading D:\Desktop\csgo\hammer maps\Still Alive\achievement_still alive.vmf
Map revision 9
fixing up env_cubemap materials on brush sides...
0...1...2...3...4...5...6...7...8...9...100...1...2...3...4...5...6...7...8...9...10Processing areas...done (0)
Building Faces...done (0)
FixTjuncs...
PruneNodes...
WriteBSP...
done (0)
writing D:\Desktop\csgo\hammer maps\Still Alive\achievement_still alive.prt...Building visibility clusters...
AutoVisClustering (threshold=-1) matched 0 leafs.
done (0)
Finding displacement neighbors...
Finding lightmap sample positions...
Displacement Alpha : 0...1...2...3...4...5...6...7...8...9...10
Building Physics collision data...
done (0) (2970 bytes)
Placing detail props : 0...1...2...3...4...5...6...7...8...9...10
Compacting texture/material tables...
Reduced 12 texinfos to 7
Reduced 3 texdatas to 3 (62 bytes to 62)
Writing D:\Desktop\csgo\hammer maps\Still Alive\achievement_still alive.bsp
MSG_FILEWRITE - Filesystem was asked to write to 'd:\desktop\csgo\hammer maps\still alive\achievement_still alive.bsp', but we don't own that location. Allowing...
0 seconds elapsed



4 threads
reading d:\desktop\csgo\hammer maps\still alive\achievement_still alive.bsp
reading d:\desktop\csgo\hammer maps\still alive\achievement_still alive.prt
   1 portalclusters
   0 numportals
0...1...2...3...4...5...6...7...8...9...100...1...2...3...4...5...6...7...8...9...10Optimized: 0 visible clusters (0.00%)
Total clusters visible: 1
Average clusters visible: 1
Building PAS...
Average clusters audible: 1
visdatasize:14  compressed from 16
writing d:\desktop\csgo\hammer maps\still alive\achievement_still alive.bsp
MSG_FILEWRITE - Filesystem was asked to write to 'd:\desktop\csgo\hammer maps\still alive\achievement_still alive.bsp', but we don't own that location. Allowing...
0 seconds elapsed



[Reading texlights from 'lights.rad']
[17 texlights parsed from 'lights.rad']

Loading d:\desktop\csgo\hammer maps\still alive\achievement_still alive.bsp
12 faces
3241 square feet [466823.19 square inches]
0 Displacements
0 Square Feet [0.00 Square Inches]
12 patches before subdivision
290 patches after subdivision
12 direct lights
0...1...2...3...4...5...6...7...8...9...100...1...2...3...4...5...6...7...8...9...10transfers 14320, max 120
transfer lists:   0.1 megs
0...1...2...3...4...5...6...7...8...9...10	Bounce #1 added RGB(5578, 1568, 15)
0...1...2...3...4...5...6...7...8...9...10	Bounce #2 added RGB(3750, 296, 0)
0...1...2...3...4...5...6...7...8...9...10	Bounce #3 added RGB(2517, 56, 0)
0...1...2...3...4...5...6...7...8...9...10	Bounce #4 added RGB(1687, 11, 0)
0...1...2...3...4...5...6...7...8...9...10	Bounce #5 added RGB(1129, 2, 0)
0...1...2...3...4...5...6...7...8...9...10	Bounce #6 added RGB(756, 0, 0)
0...1...2...3...4...5...6...7...8...9...10	Bounce #7 added RGB(506, 0, 0)
0...1...2...3...4...5...6...7...8...9...10	Bounce #8 added RGB(339, 0, 0)
0...1...2...3...4...5...6...7...8...9...10	Bounce #9 added RGB(227, 0, 0)
0...1...2...3...4...5...6...7...8...9...10	Bounce #10 added RGB(152, 0, 0)
0...1...2...3...4...5...6...7...8...9...10	Bounce #11 added RGB(101, 0, 0)
0...1...2...3...4...5...6...7...8...9...10	Bounce #12 added RGB(68, 0, 0)
0...1...2...3...4...5...6...7...8...9...10	Bounce #13 added RGB(45, 0, 0)
0...1...2...3...4...5...6...7...8...9...10	Bounce #14 added RGB(30, 0, 0)
0...1...2...3...4...5...6...7...8...9...10	Bounce #15 added RGB(20, 0, 0)
0...1...2...3...4...5...6...7...8...9...10	Bounce #16 added RGB(14, 0, 0)
0...1...2...3...4...5...6...7...8...9...10	Bounce #17 added RGB(9, 0, 0)
0...1...2...3...4...5...6...7...8...9...10	Bounce #18 added RGB(6, 0, 0)
0...1...2...3...4...5...6...7...8...9...10	Bounce #19 added RGB(4, 0, 0)
0...1...2...3...4...5...6...7...8...9...10	Bounce #20 added RGB(3, 0, 0)
0...1...2...3...4...5...6...7...8...9...10	Bounce #21 added RGB(2, 0, 0)
0...1...2...3...4...5...6...7...8...9...10	Bounce #22 added RGB(1, 0, 0)
0...1...2...3...4...5...6...7...8...9...10	Bounce #23 added RGB(1, 0, 0)
Build Patch/Sample Hash Table(s).....Done<0.0001 sec>
0...1...2...3...4...5...6...7...8...9...10FinalLightFace Done
0 of 0 (0% of) surface lights went in leaf ambient cubes.
0...1...2...3...4...5...6...7...8...9...10Writing leaf ambient...done
Ready to Finish

Object names       Objects/Maxobjs  Memory / Maxmem  Fullness 
------------       ---------------  ---------------  -------- 
models                   2/1024           96/49152    ( 0.2%) 
brushes                  7/8192           84/98304    ( 0.1%) 
brushsides              42/81920         336/655360   ( 0.1%) 
planes                  58/65536        1160/1310720  ( 0.1%) 
vertexes                37/65536         444/786432   ( 0.1%) 
nodes                   16/65536         512/2097152  ( 0.0%) 
texinfos                 7/12288         504/884736   ( 0.1%) 
texdata                  3/4096           96/131072   ( 0.1%) 
dispinfos                0/0               0/0        ( 0.0%) 
disp_verts               0/0               0/0        ( 0.0%) 
disp_tris                0/0               0/0        ( 0.0%) 
disp_multiblend          0/0               0/0        ( 0.0%) 
disp_lmsamples           0/0               0/0        ( 0.0%) 
faces                   12/65536         672/3670016  ( 0.0%) 
hdr faces                0/65536           0/3670016  ( 0.0%) 
origfaces               12/65536         672/3670016  ( 0.0%) 
facebrushes              0/0               0/0        ( 0.0%) 
facebrushlists          12/0              48/0        ( 0.0%) 
leaves                  19/65536         608/2097152  ( 0.0%) 
leaffaces               12/65536          24/131072   ( 0.0%) 
leafbrushes              7/65536          14/131072   ( 0.0%) 
areas                    2/1024           16/8192     ( 0.2%) 
surfedges               96/512000        384/2048000  ( 0.0%) 
edges                   61/256000        244/1024000  ( 0.0%) 
LDR worldlights         12/8192         1200/819200   ( 0.1%) 
HDR worldlights          0/8192            0/819200   ( 0.0%) 
leafwaterdata            0/32768           0/393216   ( 0.0%) 
waterstrips              0/32768           0/327680   ( 0.0%) 
waterverts               0/65536           0/786432   ( 0.0%) 
waterindices             0/65536           0/131072   ( 0.0%) 
cubemapsamples           0/1024            0/16384    ( 0.0%) 
overlays                 0/1024            0/360448   ( 0.0%) 
LDR lightdata         [variable]       11428/0        ( 0.0%) 
HDR lightdata         [variable]           0/0        ( 0.0%) 
visdata               [variable]          14/16777216 ( 0.0%) 
entdata               [variable]        6228/393216   ( 1.6%) 
LDR ambient table       19/65536          76/262144   ( 0.0%) 
HDR ambient table       19/65536          76/262144   ( 0.0%) 
LDR leaf ambient        44/65536        1232/1835008  ( 0.1%) 
HDR leaf ambient        19/65536         532/1835008  ( 0.0%) 
occluders                0/0               0/0        ( 0.0%) 
occluder polygons        0/0               0/0        ( 0.0%) 
occluder vert ind        0/0               0/0        ( 0.0%) 
detail props          [variable]           1/12       ( 8.3%) 
static props          [variable]           1/12       ( 8.3%) 
pakfile               [variable]       74490/0        ( 0.0%) 
physics               [variable]        2970/4194304  ( 0.1%) 
physics terrain       [variable]           2/1048576  ( 0.0%) 

Level flags = 7c

Total triangle count: 24
Writing d:\desktop\csgo\hammer maps\still alive\achievement_still alive.bsp
MSG_FILEWRITE - Filesystem was asked to write to 'd:\desktop\csgo\hammer maps\still alive\achievement_still alive.bsp', but we don't own that location. Allowing...
0 seconds elapsed



materialPath: D:\Steam\steamapps\common\Counter-Strike Global Offensive\csgo\materials
Loading D:\Desktop\csgo\hammer maps\Still Alive\achievement_still alive.vmf
Map revision 10
fixing up env_cubemap materials on brush sides...
0...1...2...3...4...5...6...7...8...9...100...1...2...3...4...5...6...7...8...9...10Processing areas...done (0)
Building Faces...done (0)
FixTjuncs...
PruneNodes...
WriteBSP...
done (0)
writing D:\Desktop\csgo\hammer maps\Still Alive\achievement_still alive.prt...Building visibility clusters...
AutoVisClustering (threshold=-1) matched 0 leafs.
done (0)
Finding displacement neighbors...
Finding lightmap sample positions...
Displacement Alpha : 0...1...2...3...4...5...6...7...8...9...10
Building Physics collision data...
done (0) (2970 bytes)
Placing detail props : 0...1...2...3...4...5...6...7...8...9...10
Compacting texture/material tables...
Reduced 12 texinfos to 7
Reduced 3 texdatas to 3 (62 bytes to 62)
Writing D:\Desktop\csgo\hammer maps\Still Alive\achievement_still alive.bsp
MSG_FILEWRITE - Filesystem was asked to write to 'd:\desktop\csgo\hammer maps\still alive\achievement_still alive.bsp', but we don't own that location. Allowing...
0 seconds elapsed



4 threads
reading d:\desktop\csgo\hammer maps\still alive\achievement_still alive.bsp
reading d:\desktop\csgo\hammer maps\still alive\achievement_still alive.prt
   1 portalclusters
   0 numportals
0...1...2...3...4...5...6...7...8...9...100...1...2...3...4...5...6...7...8...9...10Optimized: 0 visible clusters (0.00%)
Total clusters visible: 1
Average clusters visible: 1
Building PAS...
Average clusters audible: 1
visdatasize:14  compressed from 16
writing d:\desktop\csgo\hammer maps\still alive\achievement_still alive.bsp
MSG_FILEWRITE - Filesystem was asked to write to 'd:\desktop\csgo\hammer maps\still alive\achievement_still alive.bsp', but we don't own that location. Allowing...
0 seconds elapsed



[Reading texlights from 'lights.rad']
[17 texlights parsed from 'lights.rad']

Loading d:\desktop\csgo\hammer maps\still alive\achievement_still alive.bsp
12 faces
3241 square feet [466823.19 square inches]
0 Displacements
0 Square Feet [0.00 Square Inches]
12 patches before subdivision
290 patches after subdivision
12 direct lights
0...1...2...3...4...5...6...7...8...9...100...1...2...3...4...5...6...7...8...9...10transfers 14320, max 120
transfer lists:   0.1 megs
0...1...2...3...4...5...6...7...8...9...10	Bounce #1 added RGB(5578, 1568, 15)
0...1...2...3...4...5...6...7...8...9...10	Bounce #2 added RGB(3750, 296, 0)
0...1...2...3...4...5...6...7...8...9...10	Bounce #3 added RGB(2517, 56, 0)
0...1...2...3...4...5...6...7...8...9...10	Bounce #4 added RGB(1687, 11, 0)
0...1...2...3...4...5...6...7...8...9...10	Bounce #5 added RGB(1129, 2, 0)
0...1...2...3...4...5...6...7...8...9...10	Bounce #6 added RGB(756, 0, 0)
0...1...2...3...4...5...6...7...8...9...10	Bounce #7 added RGB(506, 0, 0)
0...1...2...3...4...5...6...7...8...9...10	Bounce #8 added RGB(339, 0, 0)
0...1...2...3...4...5...6...7...8...9...10	Bounce #9 added RGB(227, 0, 0)
0...1...2...3...4...5...6...7...8...9...10	Bounce #10 added RGB(152, 0, 0)
0...1...2...3...4...5...6...7...8...9...10	Bounce #11 added RGB(101, 0, 0)
0...1...2...3...4...5...6...7...8...9...10	Bounce #12 added RGB(68, 0, 0)
0...1...2...3...4...5...6...7...8...9...10	Bounce #13 added RGB(45, 0, 0)
0...1...2...3...4...5...6...7...8...9...10	Bounce #14 added RGB(30, 0, 0)
0...1...2...3...4...5...6...7...8...9...10	Bounce #15 added RGB(20, 0, 0)
0...1...2...3...4...5...6...7...8...9...10	Bounce #16 added RGB(14, 0, 0)
0...1...2...3...4...5...6...7...8...9...10	Bounce #17 added RGB(9, 0, 0)
0...1...2...3...4...5...6...7...8...9...10	Bounce #18 added RGB(6, 0, 0)
0...1...2...3...4...5...6...7...8...9...10	Bounce #19 added RGB(4, 0, 0)
0...1...2...3...4...5...6...7...8...9...10	Bounce #20 added RGB(3, 0, 0)
0...1...2...3...4...5...6...7...8...9...10	Bounce #21 added RGB(2, 0, 0)
0...1...2...3...4...5...6...7...8...9...10	Bounce #22 added RGB(1, 0, 0)
0...1...2...3...4...5...6...7...8...9...10	Bounce #23 added RGB(1, 0, 0)
Build Patch/Sample Hash Table(s).....Done<0.0001 sec>
0...1...2...3...4...5...6...7...8...9...10FinalLightFace Done
0 of 0 (0% of) surface lights went in leaf ambient cubes.
0...1...2...3...4...5...6...7...8...9...10Writing leaf ambient...done
Ready to Finish

Object names       Objects/Maxobjs  Memory / Maxmem  Fullness 
------------       ---------------  ---------------  -------- 
models                   2/1024           96/49152    ( 0.2%) 
brushes                  7/8192           84/98304    ( 0.1%) 
brushsides              42/81920         336/655360   ( 0.1%) 
planes                  58/65536        1160/1310720  ( 0.1%) 
vertexes                37/65536         444/786432   ( 0.1%) 
nodes                   16/65536         512/2097152  ( 0.0%) 
texinfos                 7/12288         504/884736   ( 0.1%) 
texdata                  3/4096           96/131072   ( 0.1%) 
dispinfos                0/0               0/0        ( 0.0%) 
disp_verts               0/0               0/0        ( 0.0%) 
disp_tris                0/0               0/0        ( 0.0%) 
disp_multiblend          0/0               0/0        ( 0.0%) 
disp_lmsamples           0/0               0/0        ( 0.0%) 
faces                   12/65536         672/3670016  ( 0.0%) 
hdr faces                0/65536           0/3670016  ( 0.0%) 
origfaces               12/65536         672/3670016  ( 0.0%) 
facebrushes              0/0               0/0        ( 0.0%) 
facebrushlists          12/0              48/0        ( 0.0%) 
leaves                  19/65536         608/2097152  ( 0.0%) 
leaffaces               12/65536          24/131072   ( 0.0%) 
leafbrushes              7/65536          14/131072   ( 0.0%) 
areas                    2/1024           16/8192     ( 0.2%) 
surfedges               96/512000        384/2048000  ( 0.0%) 
edges                   61/256000        244/1024000  ( 0.0%) 
LDR worldlights         12/8192         1200/819200   ( 0.1%) 
HDR worldlights          0/8192            0/819200   ( 0.0%) 
leafwaterdata            0/32768           0/393216   ( 0.0%) 
waterstrips              0/32768           0/327680   ( 0.0%) 
waterverts               0/65536           0/786432   ( 0.0%) 
waterindices             0/65536           0/131072   ( 0.0%) 
cubemapsamples           0/1024            0/16384    ( 0.0%) 
overlays                 0/1024            0/360448   ( 0.0%) 
LDR lightdata         [variable]       11428/0        ( 0.0%) 
HDR lightdata         [variable]           0/0        ( 0.0%) 
visdata               [variable]          14/16777216 ( 0.0%) 
entdata               [variable]        6328/393216   ( 1.6%) 
LDR ambient table       19/65536          76/262144   ( 0.0%) 
HDR ambient table       19/65536          76/262144   ( 0.0%) 
LDR leaf ambient        44/65536        1232/1835008  ( 0.1%) 
HDR leaf ambient        19/65536         532/1835008  ( 0.0%) 
occluders                0/0               0/0        ( 0.0%) 
occluder polygons        0/0               0/0        ( 0.0%) 
occluder vert ind        0/0               0/0        ( 0.0%) 
detail props          [variable]           1/12       ( 8.3%) 
static props          [variable]           1/12       ( 8.3%) 
pakfile               [variable]       74490/0        ( 0.0%) 
physics               [variable]        2970/4194304  ( 0.1%) 
physics terrain       [variable]           2/1048576  ( 0.0%) 

Level flags = 7c

Total triangle count: 24
Writing d:\desktop\csgo\hammer maps\still alive\achievement_still alive.bsp
MSG_FILEWRITE - Filesystem was asked to write to 'd:\desktop\csgo\hammer maps\still alive\achievement_still alive.bsp', but we don't own that location. Allowing...
0 seconds elapsed



materialPath: D:\Steam\steamapps\common\Counter-Strike Global Offensive\csgo\materials
Loading D:\Desktop\csgo\hammer maps\Still Alive\achievement_still alive.vmf
Map revision 11
fixing up env_cubemap materials on brush sides...
0...1...2...3...4...5...6...7...8...9...100...1...2...3...4...5...6...7...8...9...10Processing areas...done (0)
Building Faces...done (0)
FixTjuncs...
PruneNodes...
WriteBSP...
done (0)
writing D:\Desktop\csgo\hammer maps\Still Alive\achievement_still alive.prt...Building visibility clusters...
AutoVisClustering (threshold=-1) matched 0 leafs.
done (0)
Finding displacement neighbors...
Finding lightmap sample positions...
Displacement Alpha : 0...1...2...3...4...5...6...7...8...9...10
Building Physics collision data...
done (0) (2970 bytes)
Placing detail props : 0...1...2...3...4...5...6...7...8...9...10
Compacting texture/material tables...
Reduced 12 texinfos to 7
Reduced 3 texdatas to 3 (62 bytes to 62)
Writing D:\Desktop\csgo\hammer maps\Still Alive\achievement_still alive.bsp
MSG_FILEWRITE - Filesystem was asked to write to 'd:\desktop\csgo\hammer maps\still alive\achievement_still alive.bsp', but we don't own that location. Allowing...
0 seconds elapsed



4 threads
reading d:\desktop\csgo\hammer maps\still alive\achievement_still alive.bsp
reading d:\desktop\csgo\hammer maps\still alive\achievement_still alive.prt
   1 portalclusters
   0 numportals
0...1...2...3...4...5...6...7...8...9...100...1...2...3...4...5...6...7...8...9...10Optimized: 0 visible clusters (0.00%)
Total clusters visible: 1
Average clusters visible: 1
Building PAS...
Average clusters audible: 1
visdatasize:14  compressed from 16
writing d:\desktop\csgo\hammer maps\still alive\achievement_still alive.bsp
MSG_FILEWRITE - Filesystem was asked to write to 'd:\desktop\csgo\hammer maps\still alive\achievement_still alive.bsp', but we don't own that location. Allowing...
0 seconds elapsed



[Reading texlights from 'lights.rad']
[17 texlights parsed from 'lights.rad']

Loading d:\desktop\csgo\hammer maps\still alive\achievement_still alive.bsp
12 faces
3241 square feet [466823.19 square inches]
0 Displacements
0 Square Feet [0.00 Square Inches]
12 patches before subdivision
290 patches after subdivision
12 direct lights
0...1...2...3...4...5...6...7...8...9...100...1...2...3...4...5...6...7...8...9...10transfers 14320, max 120
transfer lists:   0.1 megs
0...1...2...3...4...5...6...7...8...9...10	Bounce #1 added RGB(5578, 1568, 15)
0...1...2...3...4...5...6...7...8...9...10	Bounce #2 added RGB(3750, 296, 0)
0...1...2...3...4...5...6...7...8...9...10	Bounce #3 added RGB(2517, 56, 0)
0...1...2...3...4...5...6...7...8...9...10	Bounce #4 added RGB(1687, 11, 0)
0...1...2...3...4...5...6...7...8...9...10	Bounce #5 added RGB(1129, 2, 0)
0...1...2...3...4...5...6...7...8...9...10	Bounce #6 added RGB(756, 0, 0)
0...1...2...3...4...5...6...7...8...9...10	Bounce #7 added RGB(506, 0, 0)
0...1...2...3...4...5...6...7...8...9...10	Bounce #8 added RGB(339, 0, 0)
0...1...2...3...4...5...6...7...8...9...10	Bounce #9 added RGB(227, 0, 0)
0...1...2...3...4...5...6...7...8...9...10	Bounce #10 added RGB(152, 0, 0)
0...1...2...3...4...5...6...7...8...9...10	Bounce #11 added RGB(101, 0, 0)
0...1...2...3...4...5...6...7...8...9...10	Bounce #12 added RGB(68, 0, 0)
0...1...2...3...4...5...6...7...8...9...10	Bounce #13 added RGB(45, 0, 0)
0...1...2...3...4...5...6...7...8...9...10	Bounce #14 added RGB(30, 0, 0)
0...1...2...3...4...5...6...7...8...9...10	Bounce #15 added RGB(20, 0, 0)
0...1...2...3...4...5...6...7...8...9...10	Bounce #16 added RGB(14, 0, 0)
0...1...2...3...4...5...6...7...8...9...10	Bounce #17 added RGB(9, 0, 0)
0...1...2...3...4...5...6...7...8...9...10	Bounce #18 added RGB(6, 0, 0)
0...1...2...3...4...5...6...7...8...9...10	Bounce #19 added RGB(4, 0, 0)
0...1...2...3...4...5...6...7...8...9...10	Bounce #20 added RGB(3, 0, 0)
0...1...2...3...4...5...6...7...8...9...10	Bounce #21 added RGB(2, 0, 0)
0...1...2...3...4...5...6...7...8...9...10	Bounce #22 added RGB(1, 0, 0)
0...1...2...3...4...5...6...7...8...9...10	Bounce #23 added RGB(1, 0, 0)
Build Patch/Sample Hash Table(s).....Done<0.0001 sec>
0...1...2...3...4...5...6...7...8...9...10FinalLightFace Done
0 of 0 (0% of) surface lights went in leaf ambient cubes.
0...1...2...3...4...5...6...7...8...9...10Writing leaf ambient...done
Ready to Finish

Object names       Objects/Maxobjs  Memory / Maxmem  Fullness 
------------       ---------------  ---------------  -------- 
models                   2/1024           96/49152    ( 0.2%) 
brushes                  7/8192           84/98304    ( 0.1%) 
brushsides              42/81920         336/655360   ( 0.1%) 
planes                  58/65536        1160/1310720  ( 0.1%) 
vertexes                37/65536         444/786432   ( 0.1%) 
nodes                   16/65536         512/2097152  ( 0.0%) 
texinfos                 7/12288         504/884736   ( 0.1%) 
texdata                  3/4096           96/131072   ( 0.1%) 
dispinfos                0/0               0/0        ( 0.0%) 
disp_verts               0/0               0/0        ( 0.0%) 
disp_tris                0/0               0/0        ( 0.0%) 
disp_multiblend          0/0               0/0        ( 0.0%) 
disp_lmsamples           0/0               0/0        ( 0.0%) 
faces                   12/65536         672/3670016  ( 0.0%) 
hdr faces                0/65536           0/3670016  ( 0.0%) 
origfaces               12/65536         672/3670016  ( 0.0%) 
facebrushes              0/0               0/0        ( 0.0%) 
facebrushlists          12/0              48/0        ( 0.0%) 
leaves                  19/65536         608/2097152  ( 0.0%) 
leaffaces               12/65536          24/131072   ( 0.0%) 
leafbrushes              7/65536          14/131072   ( 0.0%) 
areas                    2/1024           16/8192     ( 0.2%) 
surfedges               96/512000        384/2048000  ( 0.0%) 
edges                   61/256000        244/1024000  ( 0.0%) 
LDR worldlights         12/8192         1200/819200   ( 0.1%) 
HDR worldlights          0/8192            0/819200   ( 0.0%) 
leafwaterdata            0/32768           0/393216   ( 0.0%) 
waterstrips              0/32768           0/327680   ( 0.0%) 
waterverts               0/65536           0/786432   ( 0.0%) 
waterindices             0/65536           0/131072   ( 0.0%) 
cubemapsamples           0/1024            0/16384    ( 0.0%) 
overlays                 0/1024            0/360448   ( 0.0%) 
LDR lightdata         [variable]       11428/0        ( 0.0%) 
HDR lightdata         [variable]           0/0        ( 0.0%) 
visdata               [variable]          14/16777216 ( 0.0%) 
entdata               [variable]        6648/393216   ( 1.7%) 
LDR ambient table       19/65536          76/262144   ( 0.0%) 
HDR ambient table       19/65536          76/262144   ( 0.0%) 
LDR leaf ambient        44/65536        1232/1835008  ( 0.1%) 
HDR leaf ambient        19/65536         532/1835008  ( 0.0%) 
occluders                0/0               0/0        ( 0.0%) 
occluder polygons        0/0               0/0        ( 0.0%) 
occluder vert ind        0/0               0/0        ( 0.0%) 
detail props          [variable]           1/12       ( 8.3%) 
static props          [variable]           1/12       ( 8.3%) 
pakfile               [variable]       74490/0        ( 0.0%) 
physics               [variable]        2970/4194304  ( 0.1%) 
physics terrain       [variable]           2/1048576  ( 0.0%) 

Level flags = 7c

Total triangle count: 24
Writing d:\desktop\csgo\hammer maps\still alive\achievement_still alive.bsp
MSG_FILEWRITE - Filesystem was asked to write to 'd:\desktop\csgo\hammer maps\still alive\achievement_still alive.bsp', but we don't own that location. Allowing...
0 seconds elapsed



materialPath: D:\Steam\steamapps\common\Counter-Strike Global Offensive\csgo\materials
Loading D:\Desktop\csgo\hammer maps\Still Alive\achievement_still alive.vmf
Map revision 12
fixing up env_cubemap materials on brush sides...
0...1...2...3...4...5...6...7...8...9...100...1...2...3...4...5...6...7...8...9...10Processing areas...done (0)
Building Faces...done (0)
FixTjuncs...
PruneNodes...
WriteBSP...
done (0)
writing D:\Desktop\csgo\hammer maps\Still Alive\achievement_still alive.prt...Building visibility clusters...
AutoVisClustering (threshold=-1) matched 0 leafs.
done (0)
Finding displacement neighbors...
Finding lightmap sample positions...
Displacement Alpha : 0...1...2...3...4...5...6...7...8...9...10
Building Physics collision data...
done (0) (2970 bytes)
Placing detail props : 0...1...2...3...4...5...6...7...8...9...10
Compacting texture/material tables...
Reduced 12 texinfos to 7
Reduced 3 texdatas to 3 (62 bytes to 62)
Writing D:\Desktop\csgo\hammer maps\Still Alive\achievement_still alive.bsp
MSG_FILEWRITE - Filesystem was asked to write to 'd:\desktop\csgo\hammer maps\still alive\achievement_still alive.bsp', but we don't own that location. Allowing...
0 seconds elapsed



4 threads
reading d:\desktop\csgo\hammer maps\still alive\achievement_still alive.bsp
reading d:\desktop\csgo\hammer maps\still alive\achievement_still alive.prt
   1 portalclusters
   0 numportals
0...1...2...3...4...5...6...7...8...9...100...1...2...3...4...5...6...7...8...9...10Optimized: 0 visible clusters (0.00%)
Total clusters visible: 1
Average clusters visible: 1
Building PAS...
Average clusters audible: 1
visdatasize:14  compressed from 16
writing d:\desktop\csgo\hammer maps\still alive\achievement_still alive.bsp
MSG_FILEWRITE - Filesystem was asked to write to 'd:\desktop\csgo\hammer maps\still alive\achievement_still alive.bsp', but we don't own that location. Allowing...
0 seconds elapsed



[Reading texlights from 'lights.rad']
[17 texlights parsed from 'lights.rad']

Loading d:\desktop\csgo\hammer maps\still alive\achievement_still alive.bsp
12 faces
3241 square feet [466823.19 square inches]
0 Displacements
0 Square Feet [0.00 Square Inches]
12 patches before subdivision
290 patches after subdivision
12 direct lights
0...1...2...3...4...5...6...7...8...9...100...1...2...3...4...5...6...7...8...9...10transfers 14320, max 120
transfer lists:   0.1 megs
0...1...2...3...4...5...6...7...8...9...10	Bounce #1 added RGB(5578, 1568, 15)
0...1...2...3...4...5...6...7...8...9...10	Bounce #2 added RGB(3750, 296, 0)
0...1...2...3...4...5...6...7...8...9...10	Bounce #3 added RGB(2517, 56, 0)
0...1...2...3...4...5...6...7...8...9...10	Bounce #4 added RGB(1687, 11, 0)
0...1...2...3...4...5...6...7...8...9...10	Bounce #5 added RGB(1129, 2, 0)
0...1...2...3...4...5...6...7...8...9...10	Bounce #6 added RGB(756, 0, 0)
0...1...2...3...4...5...6...7...8...9...10	Bounce #7 added RGB(506, 0, 0)
0...1...2...3...4...5...6...7...8...9...10	Bounce #8 added RGB(339, 0, 0)
0...1...2...3...4...5...6...7...8...9...10	Bounce #9 added RGB(227, 0, 0)
0...1...2...3...4...5...6...7...8...9...10	Bounce #10 added RGB(152, 0, 0)
0...1...2...3...4...5...6...7...8...9...10	Bounce #11 added RGB(101, 0, 0)
0...1...2...3...4...5...6...7...8...9...10	Bounce #12 added RGB(68, 0, 0)
0...1...2...3...4...5...6...7...8...9...10	Bounce #13 added RGB(45, 0, 0)
0...1...2...3...4...5...6...7...8...9...10	Bounce #14 added RGB(30, 0, 0)
0...1...2...3...4...5...6...7...8...9...10	Bounce #15 added RGB(20, 0, 0)
0...1...2...3...4...5...6...7...8...9...10	Bounce #16 added RGB(14, 0, 0)
0...1...2...3...4...5...6...7...8...9...10	Bounce #17 added RGB(9, 0, 0)
0...1...2...3...4...5...6...7...8...9...10	Bounce #18 added RGB(6, 0, 0)
0...1...2...3...4...5...6...7...8...9...10	Bounce #19 added RGB(4, 0, 0)
0...1...2...3...4...5...6...7...8...9...10	Bounce #20 added RGB(3, 0, 0)
0...1...2...3...4...5...6...7...8...9...10	Bounce #21 added RGB(2, 0, 0)
0...1...2...3...4...5...6...7...8...9...10	Bounce #22 added RGB(1, 0, 0)
0...1...2...3...4...5...6...7...8...9...10	Bounce #23 added RGB(1, 0, 0)
Build Patch/Sample Hash Table(s).....Done<0.0001 sec>
0...1...2...3...4...5...6...7...8...9...10FinalLightFace Done
0 of 0 (0% of) surface lights went in leaf ambient cubes.
0...1...2...3...4...5...6...7...8...9...10Writing leaf ambient...done
Ready to Finish

Object names       Objects/Maxobjs  Memory / Maxmem  Fullness 
------------       ---------------  ---------------  -------- 
models                   2/1024           96/49152    ( 0.2%) 
brushes                  7/8192           84/98304    ( 0.1%) 
brushsides              42/81920         336/655360   ( 0.1%) 
planes                  58/65536        1160/1310720  ( 0.1%) 
vertexes                37/65536         444/786432   ( 0.1%) 
nodes                   16/65536         512/2097152  ( 0.0%) 
texinfos                 7/12288         504/884736   ( 0.1%) 
texdata                  3/4096           96/131072   ( 0.1%) 
dispinfos                0/0               0/0        ( 0.0%) 
disp_verts               0/0               0/0        ( 0.0%) 
disp_tris                0/0               0/0        ( 0.0%) 
disp_multiblend          0/0               0/0        ( 0.0%) 
disp_lmsamples           0/0               0/0        ( 0.0%) 
faces                   12/65536         672/3670016  ( 0.0%) 
hdr faces                0/65536           0/3670016  ( 0.0%) 
origfaces               12/65536         672/3670016  ( 0.0%) 
facebrushes              0/0               0/0        ( 0.0%) 
facebrushlists          12/0              48/0        ( 0.0%) 
leaves                  19/65536         608/2097152  ( 0.0%) 
leaffaces               12/65536          24/131072   ( 0.0%) 
leafbrushes              7/65536          14/131072   ( 0.0%) 
areas                    2/1024           16/8192     ( 0.2%) 
surfedges               96/512000        384/2048000  ( 0.0%) 
edges                   61/256000        244/1024000  ( 0.0%) 
LDR worldlights         12/8192         1200/819200   ( 0.1%) 
HDR worldlights          0/8192            0/819200   ( 0.0%) 
leafwaterdata            0/32768           0/393216   ( 0.0%) 
waterstrips              0/32768           0/327680   ( 0.0%) 
waterverts               0/65536           0/786432   ( 0.0%) 
waterindices             0/65536           0/131072   ( 0.0%) 
cubemapsamples           0/1024            0/16384    ( 0.0%) 
overlays                 0/1024            0/360448   ( 0.0%) 
LDR lightdata         [variable]       11428/0        ( 0.0%) 
HDR lightdata         [variable]           0/0        ( 0.0%) 
visdata               [variable]          14/16777216 ( 0.0%) 
entdata               [variable]        6648/393216   ( 1.7%) 
LDR ambient table       19/65536          76/262144   ( 0.0%) 
HDR ambient table       19/65536          76/262144   ( 0.0%) 
LDR leaf ambient        44/65536        1232/1835008  ( 0.1%) 
HDR leaf ambient        19/65536         532/1835008  ( 0.0%) 
occluders                0/0               0/0        ( 0.0%) 
occluder polygons        0/0               0/0        ( 0.0%) 
occluder vert ind        0/0               0/0        ( 0.0%) 
detail props          [variable]           1/12       ( 8.3%) 
static props          [variable]           1/12       ( 8.3%) 
pakfile               [variable]       74490/0        ( 0.0%) 
physics               [variable]        2970/4194304  ( 0.1%) 
physics terrain       [variable]           2/1048576  ( 0.0%) 

Level flags = 7c

Total triangle count: 24
Writing d:\desktop\csgo\hammer maps\still alive\achievement_still alive.bsp
MSG_FILEWRITE - Filesystem was asked to write to 'd:\desktop\csgo\hammer maps\still alive\achievement_still alive.bsp', but we don't own that location. Allowing...
0 seconds elapsed



materialPath: D:\Steam\steamapps\common\Counter-Strike Global Offensive\csgo\materials
Loading D:\Desktop\csgo\hammer maps\Still Alive\achievement_still alive.vmf
Map revision 12
fixing up env_cubemap materials on brush sides...
0...1...2...3...4...5...6...7...8...9...100...1...2...3...4...5...6...7...8...9...10Processing areas...done (0)
Building Faces...done (0)
FixTjuncs...
PruneNodes...
WriteBSP...
done (0)
writing D:\Desktop\csgo\hammer maps\Still Alive\achievement_still alive.prt...Building visibility clusters...
AutoVisClustering (threshold=-1) matched 0 leafs.
done (0)
Finding displacement neighbors...
Finding lightmap sample positions...
Displacement Alpha : 0...1...2...3...4...5...6...7...8...9...10
Building Physics collision data...
done (0) (2970 bytes)
Placing detail props : 0...1...2...3...4...5...6...7...8...9...10
Compacting texture/material tables...
Reduced 12 texinfos to 7
Reduced 3 texdatas to 3 (62 bytes to 62)
Writing D:\Desktop\csgo\hammer maps\Still Alive\achievement_still alive.bsp
MSG_FILEWRITE - Filesystem was asked to write to 'd:\desktop\csgo\hammer maps\still alive\achievement_still alive.bsp', but we don't own that location. Allowing...
0 seconds elapsed



4 threads
reading d:\desktop\csgo\hammer maps\still alive\achievement_still alive.bsp
reading d:\desktop\csgo\hammer maps\still alive\achievement_still alive.prt
   1 portalclusters
   0 numportals
0...1...2...3...4...5...6...7...8...9...100...1...2...3...4...5...6...7...8...9...10Optimized: 0 visible clusters (0.00%)
Total clusters visible: 1
Average clusters visible: 1
Building PAS...
Average clusters audible: 1
visdatasize:14  compressed from 16
writing d:\desktop\csgo\hammer maps\still alive\achievement_still alive.bsp
MSG_FILEWRITE - Filesystem was asked to write to 'd:\desktop\csgo\hammer maps\still alive\achievement_still alive.bsp', but we don't own that location. Allowing...
0 seconds elapsed



[Reading texlights from 'lights.rad']
[17 texlights parsed from 'lights.rad']

Loading d:\desktop\csgo\hammer maps\still alive\achievement_still alive.bsp
12 faces
3241 square feet [466823.19 square inches]
0 Displacements
0 Square Feet [0.00 Square Inches]
12 patches before subdivision
290 patches after subdivision
12 direct lights
0...1...2...3...4...5...6...7...8...9...100...1...2...3...4...5...6...7...8...9...10transfers 14320, max 120
transfer lists:   0.1 megs
0...1...2...3...4...5...6...7...8...9...10	Bounce #1 added RGB(5578, 1568, 15)
0...1...2...3...4...5...6...7...8...9...10	Bounce #2 added RGB(3750, 296, 0)
0...1...2...3...4...5...6...7...8...9...10	Bounce #3 added RGB(2517, 56, 0)
0...1...2...3...4...5...6...7...8...9...10	Bounce #4 added RGB(1687, 11, 0)
0...1...2...3...4...5...6...7...8...9...10	Bounce #5 added RGB(1129, 2, 0)
0...1...2...3...4...5...6...7...8...9...10	Bounce #6 added RGB(756, 0, 0)
0...1...2...3...4...5...6...7...8...9...10	Bounce #7 added RGB(506, 0, 0)
0...1...2...3...4...5...6...7...8...9...10	Bounce #8 added RGB(339, 0, 0)
0...1...2...3...4...5...6...7...8...9...10	Bounce #9 added RGB(227, 0, 0)
0...1...2...3...4...5...6...7...8...9...10	Bounce #10 added RGB(152, 0, 0)
0...1...2...3...4...5...6...7...8...9...10	Bounce #11 added RGB(101, 0, 0)
0...1...2...3...4...5...6...7...8...9...10	Bounce #12 added RGB(68, 0, 0)
0...1...2...3...4...5...6...7...8...9...10	Bounce #13 added RGB(45, 0, 0)
0...1...2...3...4...5...6...7...8...9...10	Bounce #14 added RGB(30, 0, 0)
0...1...2...3...4...5...6...7...8...9...10	Bounce #15 added RGB(20, 0, 0)
0...1...2...3...4...5...6...7...8...9...10	Bounce #16 added RGB(14, 0, 0)
0...1...2...3...4...5...6...7...8...9...10	Bounce #17 added RGB(9, 0, 0)
0...1...2...3...4...5...6...7...8...9...10	Bounce #18 added RGB(6, 0, 0)
0...1...2...3...4...5...6...7...8...9...10	Bounce #19 added RGB(4, 0, 0)
0...1...2...3...4...5...6...7...8...9...10	Bounce #20 added RGB(3, 0, 0)
0...1...2...3...4...5...6...7...8...9...10	Bounce #21 added RGB(2, 0, 0)
0...1...2...3...4...5...6...7...8...9...10	Bounce #22 added RGB(1, 0, 0)
0...1...2...3...4...5...6...7...8...9...10	Bounce #23 added RGB(1, 0, 0)
Build Patch/Sample Hash Table(s).....Done<0.0001 sec>
0...1...2...3...4...5...6...7...8...9...10FinalLightFace Done
0 of 0 (0% of) surface lights went in leaf ambient cubes.
0...1...2...3...4...5...6...7...8...9...10Writing leaf ambient...done
Ready to Finish

Object names       Objects/Maxobjs  Memory / Maxmem  Fullness 
------------       ---------------  ---------------  -------- 
models                   2/1024           96/49152    ( 0.2%) 
brushes                  7/8192           84/98304    ( 0.1%) 
brushsides              42/81920         336/655360   ( 0.1%) 
planes                  58/65536        1160/1310720  ( 0.1%) 
vertexes                37/65536         444/786432   ( 0.1%) 
nodes                   16/65536         512/2097152  ( 0.0%) 
texinfos                 7/12288         504/884736   ( 0.1%) 
texdata                  3/4096           96/131072   ( 0.1%) 
dispinfos                0/0               0/0        ( 0.0%) 
disp_verts               0/0               0/0        ( 0.0%) 
disp_tris                0/0               0/0        ( 0.0%) 
disp_multiblend          0/0               0/0        ( 0.0%) 
disp_lmsamples           0/0               0/0        ( 0.0%) 
faces                   12/65536         672/3670016  ( 0.0%) 
hdr faces                0/65536           0/3670016  ( 0.0%) 
origfaces               12/65536         672/3670016  ( 0.0%) 
facebrushes              0/0               0/0        ( 0.0%) 
facebrushlists          12/0              48/0        ( 0.0%) 
leaves                  19/65536         608/2097152  ( 0.0%) 
leaffaces               12/65536          24/131072   ( 0.0%) 
leafbrushes              7/65536          14/131072   ( 0.0%) 
areas                    2/1024           16/8192     ( 0.2%) 
surfedges               96/512000        384/2048000  ( 0.0%) 
edges                   61/256000        244/1024000  ( 0.0%) 
LDR worldlights         12/8192         1200/819200   ( 0.1%) 
HDR worldlights          0/8192            0/819200   ( 0.0%) 
leafwaterdata            0/32768           0/393216   ( 0.0%) 
waterstrips              0/32768           0/327680   ( 0.0%) 
waterverts               0/65536           0/786432   ( 0.0%) 
waterindices             0/65536           0/131072   ( 0.0%) 
cubemapsamples           0/1024            0/16384    ( 0.0%) 
overlays                 0/1024            0/360448   ( 0.0%) 
LDR lightdata         [variable]       11428/0        ( 0.0%) 
HDR lightdata         [variable]           0/0        ( 0.0%) 
visdata               [variable]          14/16777216 ( 0.0%) 
entdata               [variable]        6648/393216   ( 1.7%) 
LDR ambient table       19/65536          76/262144   ( 0.0%) 
HDR ambient table       19/65536          76/262144   ( 0.0%) 
LDR leaf ambient        44/65536        1232/1835008  ( 0.1%) 
HDR leaf ambient        19/65536         532/1835008  ( 0.0%) 
occluders                0/0               0/0        ( 0.0%) 
occluder polygons        0/0               0/0        ( 0.0%) 
occluder vert ind        0/0               0/0        ( 0.0%) 
detail props          [variable]           1/12       ( 8.3%) 
static props          [variable]           1/12       ( 8.3%) 
pakfile               [variable]       74490/0        ( 0.0%) 
physics               [variable]        2970/4194304  ( 0.1%) 
physics terrain       [variable]           2/1048576  ( 0.0%) 

Level flags = 7c

Total triangle count: 24
Writing d:\desktop\csgo\hammer maps\still alive\achievement_still alive.bsp
MSG_FILEWRITE - Filesystem was asked to write to 'd:\desktop\csgo\hammer maps\still alive\achievement_still alive.bsp', but we don't own that location. Allowing...
0 seconds elapsed



materialPath: D:\Steam\steamapps\common\Counter-Strike Global Offensive\csgo\materials
Loading D:\Desktop\csgo\hammer maps\Still Alive\achievement_still alive.vmf
Map revision 12
fixing up env_cubemap materials on brush sides...
0...1...2...3...4...5...6...7...8...9...100...1...2...3...4...5...6...7...8...9...10Processing areas...done (0)
Building Faces...done (0)
FixTjuncs...
PruneNodes...
WriteBSP...
done (0)
writing D:\Desktop\csgo\hammer maps\Still Alive\achievement_still alive.prt...Building visibility clusters...
AutoVisClustering (threshold=-1) matched 0 leafs.
done (0)
Finding displacement neighbors...
Finding lightmap sample positions...
Displacement Alpha : 0...1...2...3...4...5...6...7...8...9...10
Building Physics collision data...
done (0) (2970 bytes)
Placing detail props : 0...1...2...3...4...5...6...7...8...9...10
Compacting texture/material tables...
Reduced 12 texinfos to 7
Reduced 3 texdatas to 3 (62 bytes to 62)
Writing D:\Desktop\csgo\hammer maps\Still Alive\achievement_still alive.bsp
MSG_FILEWRITE - Filesystem was asked to write to 'd:\desktop\csgo\hammer maps\still alive\achievement_still alive.bsp', but we don't own that location. Allowing...
0 seconds elapsed



4 threads
reading d:\desktop\csgo\hammer maps\still alive\achievement_still alive.bsp
reading d:\desktop\csgo\hammer maps\still alive\achievement_still alive.prt
   1 portalclusters
   0 numportals
0...1...2...3...4...5...6...7...8...9...100...1...2...3...4...5...6...7...8...9...10Optimized: 0 visible clusters (0.00%)
Total clusters visible: 1
Average clusters visible: 1
Building PAS...
Average clusters audible: 1
visdatasize:14  compressed from 16
writing d:\desktop\csgo\hammer maps\still alive\achievement_still alive.bsp
MSG_FILEWRITE - Filesystem was asked to write to 'd:\desktop\csgo\hammer maps\still alive\achievement_still alive.bsp', but we don't own that location. Allowing...
0 seconds elapsed



[Reading texlights from 'lights.rad']
[17 texlights parsed from 'lights.rad']

Loading d:\desktop\csgo\hammer maps\still alive\achievement_still alive.bsp
12 faces
3241 square feet [466823.19 square inches]
0 Displacements
0 Square Feet [0.00 Square Inches]
12 patches before subdivision
290 patches after subdivision
12 direct lights
0...1...2...3...4...5...6...7...8...9...100...1...2...3...4...5...6...7...8...9...10transfers 14320, max 120
transfer lists:   0.1 megs
0...1...2...3...4...5...6...7...8...9...10	Bounce #1 added RGB(5578, 1568, 15)
0...1...2...3...4...5...6...7...8...9...10	Bounce #2 added RGB(3750, 296, 0)
0...1...2...3...4...5...6...7...8...9...10	Bounce #3 added RGB(2517, 56, 0)
0...1...2...3...4...5...6...7...8...9...10	Bounce #4 added RGB(1687, 11, 0)
0...1...2...3...4...5...6...7...8...9...10	Bounce #5 added RGB(1129, 2, 0)
0...1...2...3...4...5...6...7...8...9...10	Bounce #6 added RGB(756, 0, 0)
0...1...2...3...4...5...6...7...8...9...10	Bounce #7 added RGB(506, 0, 0)
0...1...2...3...4...5...6...7...8...9...10	Bounce #8 added RGB(339, 0, 0)
0...1...2...3...4...5...6...7...8...9...10	Bounce #9 added RGB(227, 0, 0)
0...1...2...3...4...5...6...7...8...9...10	Bounce #10 added RGB(152, 0, 0)
0...1...2...3...4...5...6...7...8...9...10	Bounce #11 added RGB(101, 0, 0)
0...1...2...3...4...5...6...7...8...9...10	Bounce #12 added RGB(68, 0, 0)
0...1...2...3...4...5...6...7...8...9...10	Bounce #13 added RGB(45, 0, 0)
0...1...2...3...4...5...6...7...8...9...10	Bounce #14 added RGB(30, 0, 0)
0...1...2...3...4...5...6...7...8...9...10	Bounce #15 added RGB(20, 0, 0)
0...1...2...3...4...5...6...7...8...9...10	Bounce #16 added RGB(14, 0, 0)
0...1...2...3...4...5...6...7...8...9...10	Bounce #17 added RGB(9, 0, 0)
0...1...2...3...4...5...6...7...8...9...10	Bounce #18 added RGB(6, 0, 0)
0...1...2...3...4...5...6...7...8...9...10	Bounce #19 added RGB(4, 0, 0)
0...1...2...3...4...5...6...7...8...9...10	Bounce #20 added RGB(3, 0, 0)
0...1...2...3...4...5...6...7...8...9...10	Bounce #21 added RGB(2, 0, 0)
0...1...2...3...4...5...6...7...8...9...10	Bounce #22 added RGB(1, 0, 0)
0...1...2...3...4...5...6...7...8...9...10	Bounce #23 added RGB(1, 0, 0)
Build Patch/Sample Hash Table(s).....Done<0.0001 sec>
0...1...2...3...4...5...6...7...8...9...10FinalLightFace Done
0 of 0 (0% of) surface lights went in leaf ambient cubes.
0...1...2...3...4...5...6...7...8...9...10Writing leaf ambient...done
Ready to Finish

Object names       Objects/Maxobjs  Memory / Maxmem  Fullness 
------------       ---------------  ---------------  -------- 
models                   2/1024           96/49152    ( 0.2%) 
brushes                  7/8192           84/98304    ( 0.1%) 
brushsides              42/81920         336/655360   ( 0.1%) 
planes                  58/65536        1160/1310720  ( 0.1%) 
vertexes                37/65536         444/786432   ( 0.1%) 
nodes                   16/65536         512/2097152  ( 0.0%) 
texinfos                 7/12288         504/884736   ( 0.1%) 
texdata                  3/4096           96/131072   ( 0.1%) 
dispinfos                0/0               0/0        ( 0.0%) 
disp_verts               0/0               0/0        ( 0.0%) 
disp_tris                0/0               0/0        ( 0.0%) 
disp_multiblend          0/0               0/0        ( 0.0%) 
disp_lmsamples           0/0               0/0        ( 0.0%) 
faces                   12/65536         672/3670016  ( 0.0%) 
hdr faces                0/65536           0/3670016  ( 0.0%) 
origfaces               12/65536         672/3670016  ( 0.0%) 
facebrushes              0/0               0/0        ( 0.0%) 
facebrushlists          12/0              48/0        ( 0.0%) 
leaves                  19/65536         608/2097152  ( 0.0%) 
leaffaces               12/65536          24/131072   ( 0.0%) 
leafbrushes              7/65536          14/131072   ( 0.0%) 
areas                    2/1024           16/8192     ( 0.2%) 
surfedges               96/512000        384/2048000  ( 0.0%) 
edges                   61/256000        244/1024000  ( 0.0%) 
LDR worldlights         12/8192         1200/819200   ( 0.1%) 
HDR worldlights          0/8192            0/819200   ( 0.0%) 
leafwaterdata            0/32768           0/393216   ( 0.0%) 
waterstrips              0/32768           0/327680   ( 0.0%) 
waterverts               0/65536           0/786432   ( 0.0%) 
waterindices             0/65536           0/131072   ( 0.0%) 
cubemapsamples           0/1024            0/16384    ( 0.0%) 
overlays                 0/1024            0/360448   ( 0.0%) 
LDR lightdata         [variable]       11428/0        ( 0.0%) 
HDR lightdata         [variable]           0/0        ( 0.0%) 
visdata               [variable]          14/16777216 ( 0.0%) 
entdata               [variable]        6648/393216   ( 1.7%) 
LDR ambient table       19/65536          76/262144   ( 0.0%) 
HDR ambient table       19/65536          76/262144   ( 0.0%) 
LDR leaf ambient        44/65536        1232/1835008  ( 0.1%) 
HDR leaf ambient        19/65536         532/1835008  ( 0.0%) 
occluders                0/0               0/0        ( 0.0%) 
occluder polygons        0/0               0/0        ( 0.0%) 
occluder vert ind        0/0               0/0        ( 0.0%) 
detail props          [variable]           1/12       ( 8.3%) 
static props          [variable]           1/12       ( 8.3%) 
pakfile               [variable]       74490/0        ( 0.0%) 
physics               [variable]        2970/4194304  ( 0.1%) 
physics terrain       [variable]           2/1048576  ( 0.0%) 

Level flags = 7c

Total triangle count: 24
Writing d:\desktop\csgo\hammer maps\still alive\achievement_still alive.bsp
MSG_FILEWRITE - Filesystem was asked to write to 'd:\desktop\csgo\hammer maps\still alive\achievement_still alive.bsp', but we don't own that location. Allowing...
0 seconds elapsed
