


materialPath: D:\Steam\steamapps\common\Counter-Strike Global Offensive\csgo\materials
Loading D:\Desktop\computing\Counter Strike\maps\Rescue 500 hostages\achiv_rescue_500_hostages.vmf
Map revision 1
fixing up env_cubemap materials on brush sides...
0...1...2...3...4...5...6...7...8...9...100...1...2...3...4...5...6...7...8...9...10Processing areas...done (0)
Building Faces...done (0)
FixTjuncs...
PruneNodes...
WriteBSP...
done (0)
writing D:\Desktop\computing\Counter Strike\maps\Rescue 500 hostages\achiv_rescue_500_hostages.prt...Building visibility clusters...
done (0)
Finding displacement neighbors...
Finding lightmap sample positions...
Displacement Alpha : 0...1...2...3...4...5...6...7...8...9...10
Building Physics collision data...
done (0) (2834 bytes)
Placing detail props : 0...1...2...3...4...5...6...7...8...9...10
Compacting texture/material tables...
Reduced 9 texinfos to 6
Reduced 2 texdatas to 2 (28 bytes to 28)
Writing D:\Desktop\computing\Counter Strike\maps\Rescue 500 hostages\achiv_rescue_500_hostages.bsp
MSG_FILEWRITE - Filesystem was asked to write to 'd:\desktop\computing\counter strike\maps\rescue 500 hostages\achiv_rescue_500_hostages.bsp', but we don't own that location. Allowing.
0 seconds elapsed



4 threads
reading d:\desktop\computing\counter strike\maps\rescue 500 hostages\achiv_rescue_500_hostages.bsp
reading d:\desktop\computing\counter strike\maps\rescue 500 hostages\achiv_rescue_500_hostages.prt
   1 portalclusters
   0 numportals
0...1...2...3...4...5...6...7...8...9...10Optimized: 0 visible clusters (0.00%)
Total clusters visible: 1
Average clusters visible: 1
Building PAS...
Average clusters audible: 1
visdatasize:14  compressed from 16
writing d:\desktop\computing\counter strike\maps\rescue 500 hostages\achiv_rescue_500_hostages.bsp
MSG_FILEWRITE - Filesystem was asked to write to 'd:\desktop\computing\counter strike\maps\rescue 500 hostages\achiv_rescue_500_hostages.bsp', but we don't own that location. Allowing.
0 seconds elapsed



[Reading texlights from 'lights.rad']
[17 texlights parsed from 'lights.rad']

Loading d:\desktop\computing\counter strike\maps\rescue 500 hostages\achiv_rescue_500_hostages.bsp
12 faces
3825 square feet [550912.00 square inches]
0 Displacements
0 Square Feet [0.00 Square Inches]
12 patches before subdivision
320 patches after subdivision
0 direct lights
0...1...2...3...4...5...6...7...8...9...100...1...2...3...4...5...6...7...8...9...10transfers 18088, max 124
transfer lists:   0.1 megs
0...1...2...3...4...5...6...7...8...9...10	Bounce #1 added RGB(0, 0, 0)
Build Patch/Sample Hash Table(s).....Done<0.0001 sec>
0...1...2...3...4...5...6...7...8...9...10FinalLightFace Done
0 of 0 (0% of) surface lights went in leaf ambient cubes.
0...1...2...3...4...5...6...7...8...9...10Writing leaf ambient...done
Ready to Finish

Object names       Objects/Maxobjs  Memory / Maxmem  Fullness 
------------       ---------------  ---------------  -------- 
models                   2/1024           96/49152    ( 0.2%) 
brushes                  7/8192           84/98304    ( 0.1%) 
brushsides              42/81920         336/655360   ( 0.1%) 
planes                  54/65536        1080/1310720  ( 0.1%) 
vertexes                33/65536         396/786432   ( 0.1%) 
nodes                   16/65536         512/2097152  ( 0.0%) 
texinfos                 6/12288         432/884736   ( 0.0%) 
texdata                  2/4096           64/131072   ( 0.0%) 
dispinfos                0/0               0/0        ( 0.0%) 
disp_verts               0/0               0/0        ( 0.0%) 
disp_tris                0/0               0/0        ( 0.0%) 
disp_multiblend          0/0               0/0        ( 0.0%) 
disp_lmsamples           0/0               0/0        ( 0.0%) 
faces                   12/65536         672/3670016  ( 0.0%) 
hdr faces                0/65536           0/3670016  ( 0.0%) 
origfaces               12/65536         672/3670016  ( 0.0%) 
facebrushes              0/0               0/0        ( 0.0%) 
facebrushlists          12/0              48/0        ( 0.0%) 
leaves                  19/65536         608/2097152  ( 0.0%) 
leaffaces               12/65536          24/131072   ( 0.0%) 
leafbrushes              7/65536          14/131072   ( 0.0%) 
areas                    2/1024           16/8192     ( 0.2%) 
surfedges               96/512000        384/2048000  ( 0.0%) 
edges                   61/256000        244/1024000  ( 0.0%) 
LDR worldlights          0/8192            0/819200   ( 0.0%) 
HDR worldlights          0/8192            0/819200   ( 0.0%) 
leafwaterdata            0/32768           0/393216   ( 0.0%) 
waterstrips              0/32768           0/327680   ( 0.0%) 
waterverts               0/65536           0/786432   ( 0.0%) 
waterindices             0/65536           0/131072   ( 0.0%) 
cubemapsamples           0/1024            0/16384    ( 0.0%) 
overlays                 0/1024            0/360448   ( 0.0%) 
LDR lightdata         [variable]       10632/0        ( 0.0%) 
HDR lightdata         [variable]           0/0        ( 0.0%) 
visdata               [variable]          14/16777216 ( 0.0%) 
entdata               [variable]        1660/393216   ( 0.4%) 
LDR ambient table       19/65536          76/262144   ( 0.0%) 
HDR ambient table       19/65536          76/262144   ( 0.0%) 
LDR leaf ambient         7/65536         196/1835008  ( 0.0%) 
HDR leaf ambient        19/65536         532/1835008  ( 0.0%) 
occluders                0/0               0/0        ( 0.0%) 
occluder polygons        0/0               0/0        ( 0.0%) 
occluder vert ind        0/0               0/0        ( 0.0%) 
detail props          [variable]           1/12       ( 8.3%) 
static props          [variable]           1/12       ( 8.3%) 
pakfile               [variable]       74498/0        ( 0.0%) 
physics               [variable]        2834/4194304  ( 0.1%) 
physics terrain       [variable]           2/1048576  ( 0.0%) 

Level flags = 7c

Total triangle count: 24
Writing d:\desktop\computing\counter strike\maps\rescue 500 hostages\achiv_rescue_500_hostages.bsp
MSG_FILEWRITE - Filesystem was asked to write to 'd:\desktop\computing\counter strike\maps\rescue 500 hostages\achiv_rescue_500_hostages.bsp', but we don't own that location. Allowing.
0 seconds elapsed



materialPath: D:\Steam\steamapps\common\Counter-Strike Global Offensive\csgo\materials
Loading D:\Desktop\computing\Counter Strike\maps\Rescue 500 hostages\achiv_rescue_500_hostages.vmf
Map revision 3
fixing up env_cubemap materials on brush sides...
0...1...2...3...4...5...6...7...8...9...100...1...2...3...4...5...6...7...8...9...10Processing areas...done (0)
Building Faces...done (0)
FixTjuncs...
PruneNodes...
WriteBSP...
done (0)
writing D:\Desktop\computing\Counter Strike\maps\Rescue 500 hostages\achiv_rescue_500_hostages.prt...Building visibility clusters...
done (0)
Finding displacement neighbors...
Finding lightmap sample positions...
Displacement Alpha : 0...1...2...3...4...5...6...7...8...9...10
Building Physics collision data...
done (0) (2834 bytes)
Placing detail props : 0...1...2...3...4...5...6...7...8...9...10
Compacting texture/material tables...
Reduced 9 texinfos to 6
Reduced 2 texdatas to 2 (28 bytes to 28)
Writing D:\Desktop\computing\Counter Strike\maps\Rescue 500 hostages\achiv_rescue_500_hostages.bsp
MSG_FILEWRITE - Filesystem was asked to write to 'd:\desktop\computing\counter strike\maps\rescue 500 hostages\achiv_rescue_500_hostages.bsp', but we don't own that location. Allowing.
0 seconds elapsed



4 threads
reading d:\desktop\computing\counter strike\maps\rescue 500 hostages\achiv_rescue_500_hostages.bsp
reading d:\desktop\computing\counter strike\maps\rescue 500 hostages\achiv_rescue_500_hostages.prt
   1 portalclusters
   0 numportals
0...1...2...3...4...5...6...7...8...9...10Optimized: 0 visible clusters (0.00%)
Total clusters visible: 1
Average clusters visible: 1
Building PAS...
Average clusters audible: 1
visdatasize:14  compressed from 16
writing d:\desktop\computing\counter strike\maps\rescue 500 hostages\achiv_rescue_500_hostages.bsp
MSG_FILEWRITE - Filesystem was asked to write to 'd:\desktop\computing\counter strike\maps\rescue 500 hostages\achiv_rescue_500_hostages.bsp', but we don't own that location. Allowing.
0 seconds elapsed



[Reading texlights from 'lights.rad']
[17 texlights parsed from 'lights.rad']

Loading d:\desktop\computing\counter strike\maps\rescue 500 hostages\achiv_rescue_500_hostages.bsp
12 faces
3825 square feet [550912.00 square inches]
0 Displacements
0 Square Feet [0.00 Square Inches]
12 patches before subdivision
320 patches after subdivision
0 direct lights
0...1...2...3...4...5...6...7...8...9...100...1...2...3...4...5...6...7...8...9...10transfers 18088, max 124
transfer lists:   0.1 megs
0...1...2...3...4...5...6...7...8...9...10	Bounce #1 added RGB(0, 0, 0)
Build Patch/Sample Hash Table(s).....Done<0.0001 sec>
0...1...2...3...4...5...6...7...8...9...10FinalLightFace Done
0 of 0 (0% of) surface lights went in leaf ambient cubes.
0...1...2...3...4...5...6...7...8...9...10Writing leaf ambient...done
Ready to Finish

Object names       Objects/Maxobjs  Memory / Maxmem  Fullness 
------------       ---------------  ---------------  -------- 
models                   2/1024           96/49152    ( 0.2%) 
brushes                  7/8192           84/98304    ( 0.1%) 
brushsides              42/81920         336/655360   ( 0.1%) 
planes                  54/65536        1080/1310720  ( 0.1%) 
vertexes                33/65536         396/786432   ( 0.1%) 
nodes                   16/65536         512/2097152  ( 0.0%) 
texinfos                 6/12288         432/884736   ( 0.0%) 
texdata                  2/4096           64/131072   ( 0.0%) 
dispinfos                0/0               0/0        ( 0.0%) 
disp_verts               0/0               0/0        ( 0.0%) 
disp_tris                0/0               0/0        ( 0.0%) 
disp_multiblend          0/0               0/0        ( 0.0%) 
disp_lmsamples           0/0               0/0        ( 0.0%) 
faces                   12/65536         672/3670016  ( 0.0%) 
hdr faces                0/65536           0/3670016  ( 0.0%) 
origfaces               12/65536         672/3670016  ( 0.0%) 
facebrushes              0/0               0/0        ( 0.0%) 
facebrushlists          12/0              48/0        ( 0.0%) 
leaves                  19/65536         608/2097152  ( 0.0%) 
leaffaces               12/65536          24/131072   ( 0.0%) 
leafbrushes              7/65536          14/131072   ( 0.0%) 
areas                    2/1024           16/8192     ( 0.2%) 
surfedges               96/512000        384/2048000  ( 0.0%) 
edges                   61/256000        244/1024000  ( 0.0%) 
LDR worldlights          0/8192            0/819200   ( 0.0%) 
HDR worldlights          0/8192            0/819200   ( 0.0%) 
leafwaterdata            0/32768           0/393216   ( 0.0%) 
waterstrips              0/32768           0/327680   ( 0.0%) 
waterverts               0/65536           0/786432   ( 0.0%) 
waterindices             0/65536           0/131072   ( 0.0%) 
cubemapsamples           0/1024            0/16384    ( 0.0%) 
overlays                 0/1024            0/360448   ( 0.0%) 
LDR lightdata         [variable]       10632/0        ( 0.0%) 
HDR lightdata         [variable]           0/0        ( 0.0%) 
visdata               [variable]          14/16777216 ( 0.0%) 
entdata               [variable]        2906/393216   ( 0.7%) 
LDR ambient table       19/65536          76/262144   ( 0.0%) 
HDR ambient table       19/65536          76/262144   ( 0.0%) 
LDR leaf ambient         7/65536         196/1835008  ( 0.0%) 
HDR leaf ambient        19/65536         532/1835008  ( 0.0%) 
occluders                0/0               0/0        ( 0.0%) 
occluder polygons        0/0               0/0        ( 0.0%) 
occluder vert ind        0/0               0/0        ( 0.0%) 
detail props          [variable]           1/12       ( 8.3%) 
static props          [variable]           1/12       ( 8.3%) 
pakfile               [variable]       74498/0        ( 0.0%) 
physics               [variable]        2834/4194304  ( 0.1%) 
physics terrain       [variable]           2/1048576  ( 0.0%) 

Level flags = 7c

Total triangle count: 24
Writing d:\desktop\computing\counter strike\maps\rescue 500 hostages\achiv_rescue_500_hostages.bsp
MSG_FILEWRITE - Filesystem was asked to write to 'd:\desktop\computing\counter strike\maps\rescue 500 hostages\achiv_rescue_500_hostages.bsp', but we don't own that location. Allowing.
0 seconds elapsed



materialPath: D:\Steam\steamapps\common\Counter-Strike Global Offensive\csgo\materials
Loading D:\Desktop\computing\Counter Strike\maps\Rescue 500 hostages\achiv_rescue_500_hostages.vmf
Map revision 6
fixing up env_cubemap materials on brush sides...
0...1...2...3...4...5...6...7...8...9...100...1...2...3...4...5...6...7...8...9...10Processing areas...done (0)
Building Faces...done (0)
FixTjuncs...
PruneNodes...
WriteBSP...
done (0)
writing D:\Desktop\computing\Counter Strike\maps\Rescue 500 hostages\achiv_rescue_500_hostages.prt...Building visibility clusters...
done (0)
Finding displacement neighbors...
Finding lightmap sample positions...
Displacement Alpha : 0...1...2...3...4...5...6...7...8...9...10
Building Physics collision data...
done (0) (2857 bytes)
Placing detail props : 0...1...2...3...4...5...6...7...8...9...10
Compacting texture/material tables...
Reduced 12 texinfos to 7
Reduced 3 texdatas to 3 (73 bytes to 73)
Writing D:\Desktop\computing\Counter Strike\maps\Rescue 500 hostages\achiv_rescue_500_hostages.bsp
MSG_FILEWRITE - Filesystem was asked to write to 'd:\desktop\computing\counter strike\maps\rescue 500 hostages\achiv_rescue_500_hostages.bsp', but we don't own that location. Allowing.
0 seconds elapsed



4 threads
reading d:\desktop\computing\counter strike\maps\rescue 500 hostages\achiv_rescue_500_hostages.bsp
reading d:\desktop\computing\counter strike\maps\rescue 500 hostages\achiv_rescue_500_hostages.prt
   1 portalclusters
   0 numportals
0...1...2...3...4...5...6...7...8...9...10Optimized: 0 visible clusters (0.00%)
Total clusters visible: 1
Average clusters visible: 1
Building PAS...
Average clusters audible: 1
visdatasize:14  compressed from 16
writing d:\desktop\computing\counter strike\maps\rescue 500 hostages\achiv_rescue_500_hostages.bsp
MSG_FILEWRITE - Filesystem was asked to write to 'd:\desktop\computing\counter strike\maps\rescue 500 hostages\achiv_rescue_500_hostages.bsp', but we don't own that location. Allowing.
0 seconds elapsed



[Reading texlights from 'lights.rad']
[17 texlights parsed from 'lights.rad']

Loading d:\desktop\computing\counter strike\maps\rescue 500 hostages\achiv_rescue_500_hostages.bsp
12 faces
2944 square feet [423936.00 square inches]
0 Displacements
0 Square Feet [0.00 Square Inches]
12 patches before subdivision
162 patches after subdivision
2 direct lights
0...1...2...3...4...5...6...7...8...9...100...1...2...3...4...5...6...7...8...9...10transfers 5196, max 80
transfer lists:   0.0 megs
0...1...2...3...4...5...6...7...8...9...10	Bounce #1 added RGB(904, 872, 847)
0...1...2...3...4...5...6...7...8...9...10	Bounce #2 added RGB(408, 380, 358)
0...1...2...3...4...5...6...7...8...9...10	Bounce #3 added RGB(185, 166, 153)
0...1...2...3...4...5...6...7...8...9...10	Bounce #4 added RGB(84, 73, 65)
0...1...2...3...4...5...6...7...8...9...10	Bounce #5 added RGB(38, 32, 28)
0...1...2...3...4...5...6...7...8...9...10	Bounce #6 added RGB(18, 14, 12)
0...1...2...3...4...5...6...7...8...9...10	Bounce #7 added RGB(8, 6, 5)
0...1...2...3...4...5...6...7...8...9...10	Bounce #8 added RGB(4, 3, 2)
0...1...2...3...4...5...6...7...8...9...10	Bounce #9 added RGB(2, 1, 1)
0...1...2...3...4...5...6...7...8...9...10	Bounce #10 added RGB(1, 1, 0)
Build Patch/Sample Hash Table(s).....Done<0.0000 sec>
0...1...2...3...4...5...6...7...8...9...10FinalLightFace Done
0 of 0 (0% of) surface lights went in leaf ambient cubes.
0...1...2...3...4...5...6...7...8...9...10Writing leaf ambient...done
Ready to Finish

Object names       Objects/Maxobjs  Memory / Maxmem  Fullness 
------------       ---------------  ---------------  -------- 
models                   2/1024           96/49152    ( 0.2%) 
brushes                  7/8192           84/98304    ( 0.1%) 
brushsides              42/81920         336/655360   ( 0.1%) 
planes                  58/65536        1160/1310720  ( 0.1%) 
vertexes                33/65536         396/786432   ( 0.1%) 
nodes                   16/65536         512/2097152  ( 0.0%) 
texinfos                 7/12288         504/884736   ( 0.1%) 
texdata                  3/4096           96/131072   ( 0.1%) 
dispinfos                0/0               0/0        ( 0.0%) 
disp_verts               0/0               0/0        ( 0.0%) 
disp_tris                0/0               0/0        ( 0.0%) 
disp_multiblend          0/0               0/0        ( 0.0%) 
disp_lmsamples           0/0               0/0        ( 0.0%) 
faces                   12/65536         672/3670016  ( 0.0%) 
hdr faces                0/65536           0/3670016  ( 0.0%) 
origfaces               12/65536         672/3670016  ( 0.0%) 
facebrushes              0/0               0/0        ( 0.0%) 
facebrushlists          12/0              48/0        ( 0.0%) 
leaves                  19/65536         608/2097152  ( 0.0%) 
leaffaces               12/65536          24/131072   ( 0.0%) 
leafbrushes              7/65536          14/131072   ( 0.0%) 
areas                    2/1024           16/8192     ( 0.2%) 
surfedges               96/512000        384/2048000  ( 0.0%) 
edges                   61/256000        244/1024000  ( 0.0%) 
LDR worldlights          2/8192          200/819200   ( 0.0%) 
HDR worldlights          0/8192            0/819200   ( 0.0%) 
leafwaterdata            0/32768           0/393216   ( 0.0%) 
waterstrips              0/32768           0/327680   ( 0.0%) 
waterverts               0/65536           0/786432   ( 0.0%) 
waterindices             0/65536           0/131072   ( 0.0%) 
cubemapsamples           0/1024            0/16384    ( 0.0%) 
overlays                 0/1024            0/360448   ( 0.0%) 
LDR lightdata         [variable]        7404/0        ( 0.0%) 
HDR lightdata         [variable]           0/0        ( 0.0%) 
visdata               [variable]          14/16777216 ( 0.0%) 
entdata               [variable]        3189/393216   ( 0.8%) 
LDR ambient table       19/65536          76/262144   ( 0.0%) 
HDR ambient table       19/65536          76/262144   ( 0.0%) 
LDR leaf ambient        35/65536         980/1835008  ( 0.1%) 
HDR leaf ambient        19/65536         532/1835008  ( 0.0%) 
occluders                0/0               0/0        ( 0.0%) 
occluder polygons        0/0               0/0        ( 0.0%) 
occluder vert ind        0/0               0/0        ( 0.0%) 
detail props          [variable]           1/12       ( 8.3%) 
static props          [variable]           1/12       ( 8.3%) 
pakfile               [variable]       74498/0        ( 0.0%) 
physics               [variable]        2857/4194304  ( 0.1%) 
physics terrain       [variable]           2/1048576  ( 0.0%) 

Level flags = 7c

Total triangle count: 24
Writing d:\desktop\computing\counter strike\maps\rescue 500 hostages\achiv_rescue_500_hostages.bsp
MSG_FILEWRITE - Filesystem was asked to write to 'd:\desktop\computing\counter strike\maps\rescue 500 hostages\achiv_rescue_500_hostages.bsp', but we don't own that location. Allowing.
0 seconds elapsed



materialPath: D:\Steam\steamapps\common\Counter-Strike Global Offensive\csgo\materials
Loading D:\Desktop\computing\Counter Strike\maps\Rescue 500 hostages\achiv_rescue_500_hostages.vmf
Map revision 7
fixing up env_cubemap materials on brush sides...
0...1...2...3...4...5...6...7...8...9...100...1...2...3...4...5...6...7...8...9...10Processing areas...done (0)
Building Faces...done (0)
FixTjuncs...
PruneNodes...
WriteBSP...
done (0)
writing D:\Desktop\computing\Counter Strike\maps\Rescue 500 hostages\achiv_rescue_500_hostages.prt...Building visibility clusters...
done (0)
Finding displacement neighbors...
Finding lightmap sample positions...
Displacement Alpha : 0...1...2...3...4...5...6...7...8...9...10
Building Physics collision data...
done (0) (2857 bytes)
Placing detail props : 0...1...2...3...4...5...6...7...8...9...10
Compacting texture/material tables...
Reduced 12 texinfos to 7
Reduced 3 texdatas to 3 (73 bytes to 73)
Writing D:\Desktop\computing\Counter Strike\maps\Rescue 500 hostages\achiv_rescue_500_hostages.bsp
MSG_FILEWRITE - Filesystem was asked to write to 'd:\desktop\computing\counter strike\maps\rescue 500 hostages\achiv_rescue_500_hostages.bsp', but we don't own that location. Allowing.
0 seconds elapsed



4 threads
reading d:\desktop\computing\counter strike\maps\rescue 500 hostages\achiv_rescue_500_hostages.bsp
reading d:\desktop\computing\counter strike\maps\rescue 500 hostages\achiv_rescue_500_hostages.prt
   1 portalclusters
   0 numportals
0...1...2...3...4...5...6...7...8...9...10Optimized: 0 visible clusters (0.00%)
Total clusters visible: 1
Average clusters visible: 1
Building PAS...
Average clusters audible: 1
visdatasize:14  compressed from 16
writing d:\desktop\computing\counter strike\maps\rescue 500 hostages\achiv_rescue_500_hostages.bsp
MSG_FILEWRITE - Filesystem was asked to write to 'd:\desktop\computing\counter strike\maps\rescue 500 hostages\achiv_rescue_500_hostages.bsp', but we don't own that location. Allowing.
0 seconds elapsed



[Reading texlights from 'lights.rad']
[17 texlights parsed from 'lights.rad']

Loading d:\desktop\computing\counter strike\maps\rescue 500 hostages\achiv_rescue_500_hostages.bsp
12 faces
2944 square feet [423936.00 square inches]
0 Displacements
0 Square Feet [0.00 Square Inches]
12 patches before subdivision
162 patches after subdivision
2 direct lights
0...1...2...3...4...5...6...7...8...9...100...1...2...3...4...5...6...7...8...9...10transfers 5196, max 80
transfer lists:   0.0 megs
0...1...2...3...4...5...6...7...8...9...10	Bounce #1 added RGB(904, 872, 847)
0...1...2...3...4...5...6...7...8...9...10	Bounce #2 added RGB(408, 380, 358)
0...1...2...3...4...5...6...7...8...9...10	Bounce #3 added RGB(185, 166, 153)
0...1...2...3...4...5...6...7...8...9...10	Bounce #4 added RGB(84, 73, 65)
0...1...2...3...4...5...6...7...8...9...10	Bounce #5 added RGB(38, 32, 28)
0...1...2...3...4...5...6...7...8...9...10	Bounce #6 added RGB(18, 14, 12)
0...1...2...3...4...5...6...7...8...9...10	Bounce #7 added RGB(8, 6, 5)
0...1...2...3...4...5...6...7...8...9...10	Bounce #8 added RGB(4, 3, 2)
0...1...2...3...4...5...6...7...8...9...10	Bounce #9 added RGB(2, 1, 1)
0...1...2...3...4...5...6...7...8...9...10	Bounce #10 added RGB(1, 1, 0)
Build Patch/Sample Hash Table(s).....Done<0.0000 sec>
0...1...2...3...4...5...6...7...8...9...10FinalLightFace Done
0 of 0 (0% of) surface lights went in leaf ambient cubes.
0...1...2...3...4...5...6...7...8...9...10Writing leaf ambient...done
Ready to Finish

Object names       Objects/Maxobjs  Memory / Maxmem  Fullness 
------------       ---------------  ---------------  -------- 
models                   2/1024           96/49152    ( 0.2%) 
brushes                  7/8192           84/98304    ( 0.1%) 
brushsides              42/81920         336/655360   ( 0.1%) 
planes                  58/65536        1160/1310720  ( 0.1%) 
vertexes                33/65536         396/786432   ( 0.1%) 
nodes                   16/65536         512/2097152  ( 0.0%) 
texinfos                 7/12288         504/884736   ( 0.1%) 
texdata                  3/4096           96/131072   ( 0.1%) 
dispinfos                0/0               0/0        ( 0.0%) 
disp_verts               0/0               0/0        ( 0.0%) 
disp_tris                0/0               0/0        ( 0.0%) 
disp_multiblend          0/0               0/0        ( 0.0%) 
disp_lmsamples           0/0               0/0        ( 0.0%) 
faces                   12/65536         672/3670016  ( 0.0%) 
hdr faces                0/65536           0/3670016  ( 0.0%) 
origfaces               12/65536         672/3670016  ( 0.0%) 
facebrushes              0/0               0/0        ( 0.0%) 
facebrushlists          12/0              48/0        ( 0.0%) 
leaves                  19/65536         608/2097152  ( 0.0%) 
leaffaces               12/65536          24/131072   ( 0.0%) 
leafbrushes              7/65536          14/131072   ( 0.0%) 
areas                    2/1024           16/8192     ( 0.2%) 
surfedges               96/512000        384/2048000  ( 0.0%) 
edges                   61/256000        244/1024000  ( 0.0%) 
LDR worldlights          2/8192          200/819200   ( 0.0%) 
HDR worldlights          0/8192            0/819200   ( 0.0%) 
leafwaterdata            0/32768           0/393216   ( 0.0%) 
waterstrips              0/32768           0/327680   ( 0.0%) 
waterverts               0/65536           0/786432   ( 0.0%) 
waterindices             0/65536           0/131072   ( 0.0%) 
cubemapsamples           0/1024            0/16384    ( 0.0%) 
overlays                 0/1024            0/360448   ( 0.0%) 
LDR lightdata         [variable]        7404/0        ( 0.0%) 
HDR lightdata         [variable]           0/0        ( 0.0%) 
visdata               [variable]          14/16777216 ( 0.0%) 
entdata               [variable]        3288/393216   ( 0.8%) 
LDR ambient table       19/65536          76/262144   ( 0.0%) 
HDR ambient table       19/65536          76/262144   ( 0.0%) 
LDR leaf ambient        35/65536         980/1835008  ( 0.1%) 
HDR leaf ambient        19/65536         532/1835008  ( 0.0%) 
occluders                0/0               0/0        ( 0.0%) 
occluder polygons        0/0               0/0        ( 0.0%) 
occluder vert ind        0/0               0/0        ( 0.0%) 
detail props          [variable]           1/12       ( 8.3%) 
static props          [variable]           1/12       ( 8.3%) 
pakfile               [variable]       74498/0        ( 0.0%) 
physics               [variable]        2857/4194304  ( 0.1%) 
physics terrain       [variable]           2/1048576  ( 0.0%) 

Level flags = 7c

Total triangle count: 24
Writing d:\desktop\computing\counter strike\maps\rescue 500 hostages\achiv_rescue_500_hostages.bsp
MSG_FILEWRITE - Filesystem was asked to write to 'd:\desktop\computing\counter strike\maps\rescue 500 hostages\achiv_rescue_500_hostages.bsp', but we don't own that location. Allowing.
0 seconds elapsed



materialPath: D:\Steam\steamapps\common\Counter-Strike Global Offensive\csgo\materials
Loading D:\Desktop\computing\Counter Strike\maps\Rescue 500 hostages\achiv_rescue_500_hostages.vmf
Map revision 8
fixing up env_cubemap materials on brush sides...
0...1...2...3...4...5...6...7...8...9...100...1...2...3...4...5...6...7...8...9...10Processing areas...done (0)
Building Faces...done (0)
FixTjuncs...
PruneNodes...
WriteBSP...
done (0)
writing D:\Desktop\computing\Counter Strike\maps\Rescue 500 hostages\achiv_rescue_500_hostages.prt...Building visibility clusters...
done (0)
Finding displacement neighbors...
Finding lightmap sample positions...
Displacement Alpha : 0...1...2...3...4...5...6...7...8...9...10
Building Physics collision data...
done (0) (2857 bytes)
Placing detail props : 0...1...2...3...4...5...6...7...8...9...10
Compacting texture/material tables...
Reduced 12 texinfos to 7
Reduced 3 texdatas to 3 (73 bytes to 73)
Writing D:\Desktop\computing\Counter Strike\maps\Rescue 500 hostages\achiv_rescue_500_hostages.bsp
MSG_FILEWRITE - Filesystem was asked to write to 'd:\desktop\computing\counter strike\maps\rescue 500 hostages\achiv_rescue_500_hostages.bsp', but we don't own that location. Allowing.
0 seconds elapsed



4 threads
reading d:\desktop\computing\counter strike\maps\rescue 500 hostages\achiv_rescue_500_hostages.bsp
reading d:\desktop\computing\counter strike\maps\rescue 500 hostages\achiv_rescue_500_hostages.prt
   1 portalclusters
   0 numportals
0...1...2...3...4...5...6...7...8...9...10Optimized: 0 visible clusters (0.00%)
Total clusters visible: 1
Average clusters visible: 1
Building PAS...
Average clusters audible: 1
visdatasize:14  compressed from 16
writing d:\desktop\computing\counter strike\maps\rescue 500 hostages\achiv_rescue_500_hostages.bsp
MSG_FILEWRITE - Filesystem was asked to write to 'd:\desktop\computing\counter strike\maps\rescue 500 hostages\achiv_rescue_500_hostages.bsp', but we don't own that location. Allowing.
0 seconds elapsed



[Reading texlights from 'lights.rad']
[17 texlights parsed from 'lights.rad']

Loading d:\desktop\computing\counter strike\maps\rescue 500 hostages\achiv_rescue_500_hostages.bsp
12 faces
2944 square feet [423936.00 square inches]
0 Displacements
0 Square Feet [0.00 Square Inches]
12 patches before subdivision
162 patches after subdivision
2 direct lights
0...1...2...3...4...5...6...7...8...9...100...1...2...3...4...5...6...7...8...9...10transfers 5196, max 80
transfer lists:   0.0 megs
0...1...2...3...4...5...6...7...8...9...10	Bounce #1 added RGB(904, 872, 847)
0...1...2...3...4...5...6...7...8...9...10	Bounce #2 added RGB(408, 380, 358)
0...1...2...3...4...5...6...7...8...9...10	Bounce #3 added RGB(185, 166, 153)
0...1...2...3...4...5...6...7...8...9...10	Bounce #4 added RGB(84, 73, 65)
0...1...2...3...4...5...6...7...8...9...10	Bounce #5 added RGB(38, 32, 28)
0...1...2...3...4...5...6...7...8...9...10	Bounce #6 added RGB(18, 14, 12)
0...1...2...3...4...5...6...7...8...9...10	Bounce #7 added RGB(8, 6, 5)
0...1...2...3...4...5...6...7...8...9...10	Bounce #8 added RGB(4, 3, 2)
0...1...2...3...4...5...6...7...8...9...10	Bounce #9 added RGB(2, 1, 1)
0...1...2...3...4...5...6...7...8...9...10	Bounce #10 added RGB(1, 1, 0)
Build Patch/Sample Hash Table(s).....Done<0.0000 sec>
0...1...2...3...4...5...6...7...8...9...10FinalLightFace Done
0 of 0 (0% of) surface lights went in leaf ambient cubes.
0...1...2...3...4...5...6...7...8...9...10Writing leaf ambient...done
Ready to Finish

Object names       Objects/Maxobjs  Memory / Maxmem  Fullness 
------------       ---------------  ---------------  -------- 
models                   2/1024           96/49152    ( 0.2%) 
brushes                  7/8192           84/98304    ( 0.1%) 
brushsides              42/81920         336/655360   ( 0.1%) 
planes                  58/65536        1160/1310720  ( 0.1%) 
vertexes                33/65536         396/786432   ( 0.1%) 
nodes                   16/65536         512/2097152  ( 0.0%) 
texinfos                 7/12288         504/884736   ( 0.1%) 
texdata                  3/4096           96/131072   ( 0.1%) 
dispinfos                0/0               0/0        ( 0.0%) 
disp_verts               0/0               0/0        ( 0.0%) 
disp_tris                0/0               0/0        ( 0.0%) 
disp_multiblend          0/0               0/0        ( 0.0%) 
disp_lmsamples           0/0               0/0        ( 0.0%) 
faces                   12/65536         672/3670016  ( 0.0%) 
hdr faces                0/65536           0/3670016  ( 0.0%) 
origfaces               12/65536         672/3670016  ( 0.0%) 
facebrushes              0/0               0/0        ( 0.0%) 
facebrushlists          12/0              48/0        ( 0.0%) 
leaves                  19/65536         608/2097152  ( 0.0%) 
leaffaces               12/65536          24/131072   ( 0.0%) 
leafbrushes              7/65536          14/131072   ( 0.0%) 
areas                    2/1024           16/8192     ( 0.2%) 
surfedges               96/512000        384/2048000  ( 0.0%) 
edges                   61/256000        244/1024000  ( 0.0%) 
LDR worldlights          2/8192          200/819200   ( 0.0%) 
HDR worldlights          0/8192            0/819200   ( 0.0%) 
leafwaterdata            0/32768           0/393216   ( 0.0%) 
waterstrips              0/32768           0/327680   ( 0.0%) 
waterverts               0/65536           0/786432   ( 0.0%) 
waterindices             0/65536           0/131072   ( 0.0%) 
cubemapsamples           0/1024            0/16384    ( 0.0%) 
overlays                 0/1024            0/360448   ( 0.0%) 
LDR lightdata         [variable]        7404/0        ( 0.0%) 
HDR lightdata         [variable]           0/0        ( 0.0%) 
visdata               [variable]          14/16777216 ( 0.0%) 
entdata               [variable]        3484/393216   ( 0.9%) 
LDR ambient table       19/65536          76/262144   ( 0.0%) 
HDR ambient table       19/65536          76/262144   ( 0.0%) 
LDR leaf ambient        35/65536         980/1835008  ( 0.1%) 
HDR leaf ambient        19/65536         532/1835008  ( 0.0%) 
occluders                0/0               0/0        ( 0.0%) 
occluder polygons        0/0               0/0        ( 0.0%) 
occluder vert ind        0/0               0/0        ( 0.0%) 
detail props          [variable]           1/12       ( 8.3%) 
static props          [variable]           1/12       ( 8.3%) 
pakfile               [variable]       74498/0        ( 0.0%) 
physics               [variable]        2857/4194304  ( 0.1%) 
physics terrain       [variable]           2/1048576  ( 0.0%) 

Level flags = 7c

Total triangle count: 24
Writing d:\desktop\computing\counter strike\maps\rescue 500 hostages\achiv_rescue_500_hostages.bsp
MSG_FILEWRITE - Filesystem was asked to write to 'd:\desktop\computing\counter strike\maps\rescue 500 hostages\achiv_rescue_500_hostages.bsp', but we don't own that location. Allowing.
0 seconds elapsed



materialPath: D:\Steam\steamapps\common\Counter-Strike Global Offensive\csgo\materials
Loading D:\Desktop\computing\Counter Strike\maps\Rescue 500 hostages\achiv_rescue_500_hostages.vmf
Map revision 10
fixing up env_cubemap materials on brush sides...
0...1...2...3...4...5...6...7...8...9...100...1...2...3...4...5...6...7...8...9...10Processing areas...done (0)
Building Faces...done (0)
Chop Details...done (0)
Find Visible Detail Sides...done (0)
Merging details...done (0)
FixTjuncs...
PruneNodes...
WriteBSP...
done (0)
writing D:\Desktop\computing\Counter Strike\maps\Rescue 500 hostages\achiv_rescue_500_hostages.prt...Building visibility clusters...
done (0)
Finding displacement neighbors...
Finding lightmap sample positions...
Displacement Alpha : 0...1...2...3...4...5...6...7...8...9...10
Building Physics collision data...
done (0) (3740 bytes)
Placing detail props : 0...1...2...3...4...5...6...7...8...9...10
Compacting texture/material tables...
Reduced 15 texinfos to 8
Reduced 4 texdatas to 4 (95 bytes to 95)
Writing D:\Desktop\computing\Counter Strike\maps\Rescue 500 hostages\achiv_rescue_500_hostages.bsp
MSG_FILEWRITE - Filesystem was asked to write to 'd:\desktop\computing\counter strike\maps\rescue 500 hostages\achiv_rescue_500_hostages.bsp', but we don't own that location. Allowing.
0 seconds elapsed



4 threads
reading d:\desktop\computing\counter strike\maps\rescue 500 hostages\achiv_rescue_500_hostages.bsp
reading d:\desktop\computing\counter strike\maps\rescue 500 hostages\achiv_rescue_500_hostages.prt
   1 portalclusters
   0 numportals
0...1...2...3...4...5...6...7...8...9...10Optimized: 0 visible clusters (0.00%)
Total clusters visible: 1
Average clusters visible: 1
Building PAS...
Average clusters audible: 1
visdatasize:14  compressed from 16
writing d:\desktop\computing\counter strike\maps\rescue 500 hostages\achiv_rescue_500_hostages.bsp
MSG_FILEWRITE - Filesystem was asked to write to 'd:\desktop\computing\counter strike\maps\rescue 500 hostages\achiv_rescue_500_hostages.bsp', but we don't own that location. Allowing.
0 seconds elapsed



[Reading texlights from 'lights.rad']
[17 texlights parsed from 'lights.rad']

Loading d:\desktop\computing\counter strike\maps\rescue 500 hostages\achiv_rescue_500_hostages.bsp
12 faces
2944 square feet [423936.00 square inches]
0 Displacements
0 Square Feet [0.00 Square Inches]
12 patches before subdivision
162 patches after subdivision
2 direct lights
0...1...2...3...4...5...6...7...8...9...100...1...2...3...4...5...6...7...8...9...10transfers 5196, max 80
transfer lists:   0.0 megs
0...1...2...3...4...5...6...7...8...9...10	Bounce #1 added RGB(904, 872, 847)
0...1...2...3...4...5...6...7...8...9...10	Bounce #2 added RGB(408, 380, 358)
0...1...2...3...4...5...6...7...8...9...10	Bounce #3 added RGB(185, 166, 153)
0...1...2...3...4...5...6...7...8...9...10	Bounce #4 added RGB(84, 73, 65)
0...1...2...3...4...5...6...7...8...9...10	Bounce #5 added RGB(38, 32, 28)
0...1...2...3...4...5...6...7...8...9...10	Bounce #6 added RGB(18, 14, 12)
0...1...2...3...4...5...6...7...8...9...10	Bounce #7 added RGB(8, 6, 5)
0...1...2...3...4...5...6...7...8...9...10	Bounce #8 added RGB(4, 3, 2)
0...1...2...3...4...5...6...7...8...9...10	Bounce #9 added RGB(2, 1, 1)
0...1...2...3...4...5...6...7...8...9...10	Bounce #10 added RGB(1, 1, 0)
Build Patch/Sample Hash Table(s).....Done<0.0000 sec>
0...1...2...3...4...5...6...7...8...9...10FinalLightFace Done
0 of 0 (0% of) surface lights went in leaf ambient cubes.
0...1...2...3...4...5...6...7...8...9...10Writing leaf ambient...done
Ready to Finish

Object names       Objects/Maxobjs  Memory / Maxmem  Fullness 
------------       ---------------  ---------------  -------- 
models                   2/1024           96/49152    ( 0.2%) 
brushes                  9/8192          108/98304    ( 0.1%) 
brushsides              54/81920         432/655360   ( 0.1%) 
planes                  68/65536        1360/1310720  ( 0.1%) 
vertexes                33/65536         396/786432   ( 0.1%) 
nodes                   16/65536         512/2097152  ( 0.0%) 
texinfos                 8/12288         576/884736   ( 0.1%) 
texdata                  4/4096          128/131072   ( 0.1%) 
dispinfos                0/0               0/0        ( 0.0%) 
disp_verts               0/0               0/0        ( 0.0%) 
disp_tris                0/0               0/0        ( 0.0%) 
disp_multiblend          0/0               0/0        ( 0.0%) 
disp_lmsamples           0/0               0/0        ( 0.0%) 
faces                   12/65536         672/3670016  ( 0.0%) 
hdr faces                0/65536           0/3670016  ( 0.0%) 
origfaces               12/65536         672/3670016  ( 0.0%) 
facebrushes              0/0               0/0        ( 0.0%) 
facebrushlists          12/0              48/0        ( 0.0%) 
leaves                  19/65536         608/2097152  ( 0.0%) 
leaffaces               12/65536          24/131072   ( 0.0%) 
leafbrushes              9/65536          18/131072   ( 0.0%) 
areas                    2/1024           16/8192     ( 0.2%) 
surfedges               96/512000        384/2048000  ( 0.0%) 
edges                   61/256000        244/1024000  ( 0.0%) 
LDR worldlights          2/8192          200/819200   ( 0.0%) 
HDR worldlights          0/8192            0/819200   ( 0.0%) 
leafwaterdata            0/32768           0/393216   ( 0.0%) 
waterstrips              0/32768           0/327680   ( 0.0%) 
waterverts               0/65536           0/786432   ( 0.0%) 
waterindices             0/65536           0/131072   ( 0.0%) 
cubemapsamples           0/1024            0/16384    ( 0.0%) 
overlays                 0/1024            0/360448   ( 0.0%) 
LDR lightdata         [variable]        7404/0        ( 0.0%) 
HDR lightdata         [variable]           0/0        ( 0.0%) 
visdata               [variable]          14/16777216 ( 0.0%) 
entdata               [variable]        3485/393216   ( 0.9%) 
LDR ambient table       19/65536          76/262144   ( 0.0%) 
HDR ambient table       19/65536          76/262144   ( 0.0%) 
LDR leaf ambient        35/65536         980/1835008  ( 0.1%) 
HDR leaf ambient        19/65536         532/1835008  ( 0.0%) 
occluders                0/0               0/0        ( 0.0%) 
occluder polygons        0/0               0/0        ( 0.0%) 
occluder vert ind        0/0               0/0        ( 0.0%) 
detail props          [variable]           1/12       ( 8.3%) 
static props          [variable]           1/12       ( 8.3%) 
pakfile               [variable]       74498/0        ( 0.0%) 
physics               [variable]        3740/4194304  ( 0.1%) 
physics terrain       [variable]           2/1048576  ( 0.0%) 

Level flags = 7c

Total triangle count: 24
Writing d:\desktop\computing\counter strike\maps\rescue 500 hostages\achiv_rescue_500_hostages.bsp
MSG_FILEWRITE - Filesystem was asked to write to 'd:\desktop\computing\counter strike\maps\rescue 500 hostages\achiv_rescue_500_hostages.bsp', but we don't own that location. Allowing.
0 seconds elapsed



materialPath: D:\Steam\steamapps\common\Counter-Strike Global Offensive\csgo\materials
Loading D:\Desktop\computing\Counter Strike\maps\Rescue 500 hostages\achiv_rescue_500_hostages.vmf
Map revision 12
fixing up env_cubemap materials on brush sides...
0...1...2...3...4...5...6...7...8...9...100...1...2...3...4...5...6...7...8...9...10Processing areas...done (0)
Building Faces...done (0)
Chop Details...done (0)
Find Visible Detail Sides...done (0)
Merging details...done (0)
FixTjuncs...
PruneNodes...
WriteBSP...
done (0)
writing D:\Desktop\computing\Counter Strike\maps\Rescue 500 hostages\achiv_rescue_500_hostages.prt...Building visibility clusters...
done (0)
Finding displacement neighbors...
Finding lightmap sample positions...
Displacement Alpha : 0...1...2...3...4...5...6...7...8...9...10
Building Physics collision data...
done (0) (3740 bytes)
Placing detail props : 0...1...2...3...4...5...6...7...8...9...10
Compacting texture/material tables...
Reduced 15 texinfos to 8
Reduced 4 texdatas to 4 (95 bytes to 95)
Writing D:\Desktop\computing\Counter Strike\maps\Rescue 500 hostages\achiv_rescue_500_hostages.bsp
MSG_FILEWRITE - Filesystem was asked to write to 'd:\desktop\computing\counter strike\maps\rescue 500 hostages\achiv_rescue_500_hostages.bsp', but we don't own that location. Allowing.
0 seconds elapsed



4 threads
reading d:\desktop\computing\counter strike\maps\rescue 500 hostages\achiv_rescue_500_hostages.bsp
reading d:\desktop\computing\counter strike\maps\rescue 500 hostages\achiv_rescue_500_hostages.prt
   1 portalclusters
   0 numportals
0...1...2...3...4...5...6...7...8...9...10Optimized: 0 visible clusters (0.00%)
Total clusters visible: 1
Average clusters visible: 1
Building PAS...
Average clusters audible: 1
visdatasize:14  compressed from 16
writing d:\desktop\computing\counter strike\maps\rescue 500 hostages\achiv_rescue_500_hostages.bsp
MSG_FILEWRITE - Filesystem was asked to write to 'd:\desktop\computing\counter strike\maps\rescue 500 hostages\achiv_rescue_500_hostages.bsp', but we don't own that location. Allowing.
0 seconds elapsed



[Reading texlights from 'lights.rad']
[17 texlights parsed from 'lights.rad']

Loading d:\desktop\computing\counter strike\maps\rescue 500 hostages\achiv_rescue_500_hostages.bsp
12 faces
2268 square feet [326656.00 square inches]
0 Displacements
0 Square Feet [0.00 Square Inches]
12 patches before subdivision
162 patches after subdivision
2 direct lights
0...1...2...3...4...5...6...7...8...9...100...1...2...3...4...5...6...7...8...9...10transfers 4864, max 80
transfer lists:   0.0 megs
0...1...2...3...4...5...6...7...8...9...10	Bounce #1 added RGB(1094, 1055, 1025)
0...1...2...3...4...5...6...7...8...9...10	Bounce #2 added RGB(471, 439, 414)
0...1...2...3...4...5...6...7...8...9...10	Bounce #3 added RGB(202, 181, 166)
0...1...2...3...4...5...6...7...8...9...10	Bounce #4 added RGB(86, 75, 67)
0...1...2...3...4...5...6...7...8...9...10	Bounce #5 added RGB(37, 31, 27)
0...1...2...3...4...5...6...7...8...9...10	Bounce #6 added RGB(16, 13, 11)
0...1...2...3...4...5...6...7...8...9...10	Bounce #7 added RGB(7, 5, 4)
0...1...2...3...4...5...6...7...8...9...10	Bounce #8 added RGB(3, 2, 2)
0...1...2...3...4...5...6...7...8...9...10	Bounce #9 added RGB(1, 1, 1)
0...1...2...3...4...5...6...7...8...9...10	Bounce #10 added RGB(1, 0, 0)
Build Patch/Sample Hash Table(s).....Done<0.0000 sec>
0...1...2...3...4...5...6...7...8...9...10FinalLightFace Done
0 of 0 (0% of) surface lights went in leaf ambient cubes.
0...1...2...3...4...5...6...7...8...9...10Writing leaf ambient...done
Ready to Finish

Object names       Objects/Maxobjs  Memory / Maxmem  Fullness 
------------       ---------------  ---------------  -------- 
models                   2/1024           96/49152    ( 0.2%) 
brushes                  9/8192          108/98304    ( 0.1%) 
brushsides              54/81920         432/655360   ( 0.1%) 
planes                  68/65536        1360/1310720  ( 0.1%) 
vertexes                33/65536         396/786432   ( 0.1%) 
nodes                   16/65536         512/2097152  ( 0.0%) 
texinfos                 8/12288         576/884736   ( 0.1%) 
texdata                  4/4096          128/131072   ( 0.1%) 
dispinfos                0/0               0/0        ( 0.0%) 
disp_verts               0/0               0/0        ( 0.0%) 
disp_tris                0/0               0/0        ( 0.0%) 
disp_multiblend          0/0               0/0        ( 0.0%) 
disp_lmsamples           0/0               0/0        ( 0.0%) 
faces                   12/65536         672/3670016  ( 0.0%) 
hdr faces                0/65536           0/3670016  ( 0.0%) 
origfaces               12/65536         672/3670016  ( 0.0%) 
facebrushes              0/0               0/0        ( 0.0%) 
facebrushlists          12/0              48/0        ( 0.0%) 
leaves                  19/65536         608/2097152  ( 0.0%) 
leaffaces               12/65536          24/131072   ( 0.0%) 
leafbrushes              9/65536          18/131072   ( 0.0%) 
areas                    2/1024           16/8192     ( 0.2%) 
surfedges               96/512000        384/2048000  ( 0.0%) 
edges                   61/256000        244/1024000  ( 0.0%) 
LDR worldlights          2/8192          200/819200   ( 0.0%) 
HDR worldlights          0/8192            0/819200   ( 0.0%) 
leafwaterdata            0/32768           0/393216   ( 0.0%) 
waterstrips              0/32768           0/327680   ( 0.0%) 
waterverts               0/65536           0/786432   ( 0.0%) 
waterindices             0/65536           0/131072   ( 0.0%) 
cubemapsamples           0/1024            0/16384    ( 0.0%) 
overlays                 0/1024            0/360448   ( 0.0%) 
LDR lightdata         [variable]        5612/0        ( 0.0%) 
HDR lightdata         [variable]           0/0        ( 0.0%) 
visdata               [variable]          14/16777216 ( 0.0%) 
entdata               [variable]        3484/393216   ( 0.9%) 
LDR ambient table       19/65536          76/262144   ( 0.0%) 
HDR ambient table       19/65536          76/262144   ( 0.0%) 
LDR leaf ambient        35/65536         980/1835008  ( 0.1%) 
HDR leaf ambient        19/65536         532/1835008  ( 0.0%) 
occluders                0/0               0/0        ( 0.0%) 
occluder polygons        0/0               0/0        ( 0.0%) 
occluder vert ind        0/0               0/0        ( 0.0%) 
detail props          [variable]           1/12       ( 8.3%) 
static props          [variable]           1/12       ( 8.3%) 
pakfile               [variable]       74498/0        ( 0.0%) 
physics               [variable]        3740/4194304  ( 0.1%) 
physics terrain       [variable]           2/1048576  ( 0.0%) 

Level flags = 7c

Total triangle count: 24
Writing d:\desktop\computing\counter strike\maps\rescue 500 hostages\achiv_rescue_500_hostages.bsp
MSG_FILEWRITE - Filesystem was asked to write to 'd:\desktop\computing\counter strike\maps\rescue 500 hostages\achiv_rescue_500_hostages.bsp', but we don't own that location. Allowing.
0 seconds elapsed



materialPath: D:\Steam\steamapps\common\Counter-Strike Global Offensive\csgo\materials
Loading D:\Desktop\computing\Counter Strike\maps\Rescue 500 hostages\achiv_rescue_500_hostages.vmf
Map revision 13
fixing up env_cubemap materials on brush sides...
0...1...2...3...4...5...6...7...8...9...100...1...2...3...4...5...6...7...8...9...10Processing areas...done (0)
Building Faces...done (0)
Chop Details...done (0)
Find Visible Detail Sides...done (0)
Merging details...done (0)
FixTjuncs...
PruneNodes...
WriteBSP...
done (0)
writing D:\Desktop\computing\Counter Strike\maps\Rescue 500 hostages\achiv_rescue_500_hostages.prt...Building visibility clusters...
done (0)
Finding displacement neighbors...
Finding lightmap sample positions...
Displacement Alpha : 0...1...2...3...4...5...6...7...8...9...10
Building Physics collision data...
done (0) (3740 bytes)
Placing detail props : 0...1...2...3...4...5...6...7...8...9...10
Compacting texture/material tables...
Reduced 15 texinfos to 8
Reduced 4 texdatas to 4 (95 bytes to 95)
Writing D:\Desktop\computing\Counter Strike\maps\Rescue 500 hostages\achiv_rescue_500_hostages.bsp
MSG_FILEWRITE - Filesystem was asked to write to 'd:\desktop\computing\counter strike\maps\rescue 500 hostages\achiv_rescue_500_hostages.bsp', but we don't own that location. Allowing.
0 seconds elapsed



4 threads
reading d:\desktop\computing\counter strike\maps\rescue 500 hostages\achiv_rescue_500_hostages.bsp
reading d:\desktop\computing\counter strike\maps\rescue 500 hostages\achiv_rescue_500_hostages.prt
   1 portalclusters
   0 numportals
0...1...2...3...4...5...6...7...8...9...10Optimized: 0 visible clusters (0.00%)
Total clusters visible: 1
Average clusters visible: 1
Building PAS...
Average clusters audible: 1
visdatasize:14  compressed from 16
writing d:\desktop\computing\counter strike\maps\rescue 500 hostages\achiv_rescue_500_hostages.bsp
MSG_FILEWRITE - Filesystem was asked to write to 'd:\desktop\computing\counter strike\maps\rescue 500 hostages\achiv_rescue_500_hostages.bsp', but we don't own that location. Allowing.
0 seconds elapsed



[Reading texlights from 'lights.rad']
[17 texlights parsed from 'lights.rad']

Loading d:\desktop\computing\counter strike\maps\rescue 500 hostages\achiv_rescue_500_hostages.bsp
12 faces
2268 square feet [326656.00 square inches]
0 Displacements
0 Square Feet [0.00 Square Inches]
12 patches before subdivision
162 patches after subdivision
2 direct lights
0...1...2...3...4...5...6...7...8...9...100...1...2...3...4...5...6...7...8...9...10transfers 4864, max 80
transfer lists:   0.0 megs
0...1...2...3...4...5...6...7...8...9...10	Bounce #1 added RGB(1094, 1055, 1025)
0...1...2...3...4...5...6...7...8...9...10	Bounce #2 added RGB(471, 439, 414)
0...1...2...3...4...5...6...7...8...9...10	Bounce #3 added RGB(202, 181, 166)
0...1...2...3...4...5...6...7...8...9...10	Bounce #4 added RGB(86, 75, 67)
0...1...2...3...4...5...6...7...8...9...10	Bounce #5 added RGB(37, 31, 27)
0...1...2...3...4...5...6...7...8...9...10	Bounce #6 added RGB(16, 13, 11)
0...1...2...3...4...5...6...7...8...9...10	Bounce #7 added RGB(7, 5, 4)
0...1...2...3...4...5...6...7...8...9...10	Bounce #8 added RGB(3, 2, 2)
0...1...2...3...4...5...6...7...8...9...10	Bounce #9 added RGB(1, 1, 1)
0...1...2...3...4...5...6...7...8...9...10	Bounce #10 added RGB(1, 0, 0)
Build Patch/Sample Hash Table(s).....Done<0.0000 sec>
0...1...2...3...4...5...6...7...8...9...10FinalLightFace Done
0 of 0 (0% of) surface lights went in leaf ambient cubes.
0...1...2...3...4...5...6...7...8...9...10Writing leaf ambient...done
Ready to Finish

Object names       Objects/Maxobjs  Memory / Maxmem  Fullness 
------------       ---------------  ---------------  -------- 
models                   2/1024           96/49152    ( 0.2%) 
brushes                  9/8192          108/98304    ( 0.1%) 
brushsides              54/81920         432/655360   ( 0.1%) 
planes                  68/65536        1360/1310720  ( 0.1%) 
vertexes                33/65536         396/786432   ( 0.1%) 
nodes                   16/65536         512/2097152  ( 0.0%) 
texinfos                 8/12288         576/884736   ( 0.1%) 
texdata                  4/4096          128/131072   ( 0.1%) 
dispinfos                0/0               0/0        ( 0.0%) 
disp_verts               0/0               0/0        ( 0.0%) 
disp_tris                0/0               0/0        ( 0.0%) 
disp_multiblend          0/0               0/0        ( 0.0%) 
disp_lmsamples           0/0               0/0        ( 0.0%) 
faces                   12/65536         672/3670016  ( 0.0%) 
hdr faces                0/65536           0/3670016  ( 0.0%) 
origfaces               12/65536         672/3670016  ( 0.0%) 
facebrushes              0/0               0/0        ( 0.0%) 
facebrushlists          12/0              48/0        ( 0.0%) 
leaves                  19/65536         608/2097152  ( 0.0%) 
leaffaces               12/65536          24/131072   ( 0.0%) 
leafbrushes              9/65536          18/131072   ( 0.0%) 
areas                    2/1024           16/8192     ( 0.2%) 
surfedges               96/512000        384/2048000  ( 0.0%) 
edges                   61/256000        244/1024000  ( 0.0%) 
LDR worldlights          2/8192          200/819200   ( 0.0%) 
HDR worldlights          0/8192            0/819200   ( 0.0%) 
leafwaterdata            0/32768           0/393216   ( 0.0%) 
waterstrips              0/32768           0/327680   ( 0.0%) 
waterverts               0/65536           0/786432   ( 0.0%) 
waterindices             0/65536           0/131072   ( 0.0%) 
cubemapsamples           0/1024            0/16384    ( 0.0%) 
overlays                 0/1024            0/360448   ( 0.0%) 
LDR lightdata         [variable]        5612/0        ( 0.0%) 
HDR lightdata         [variable]           0/0        ( 0.0%) 
visdata               [variable]          14/16777216 ( 0.0%) 
entdata               [variable]        3484/393216   ( 0.9%) 
LDR ambient table       19/65536          76/262144   ( 0.0%) 
HDR ambient table       19/65536          76/262144   ( 0.0%) 
LDR leaf ambient        35/65536         980/1835008  ( 0.1%) 
HDR leaf ambient        19/65536         532/1835008  ( 0.0%) 
occluders                0/0               0/0        ( 0.0%) 
occluder polygons        0/0               0/0        ( 0.0%) 
occluder vert ind        0/0               0/0        ( 0.0%) 
detail props          [variable]           1/12       ( 8.3%) 
static props          [variable]           1/12       ( 8.3%) 
pakfile               [variable]       74498/0        ( 0.0%) 
physics               [variable]        3740/4194304  ( 0.1%) 
physics terrain       [variable]           2/1048576  ( 0.0%) 

Level flags = 7c

Total triangle count: 24
Writing d:\desktop\computing\counter strike\maps\rescue 500 hostages\achiv_rescue_500_hostages.bsp
MSG_FILEWRITE - Filesystem was asked to write to 'd:\desktop\computing\counter strike\maps\rescue 500 hostages\achiv_rescue_500_hostages.bsp', but we don't own that location. Allowing.
0 seconds elapsed
