


materialPath: D:\Steam\steamapps\common\Counter-Strike Global Offensive\csgo\materials
Loading D:\Desktop\csgo\hammer maps\1v1_wood_2\1v1_wood.vmf
Map revision 250
fixing up env_cubemap materials on brush sides...
0...1...2...3...4...5...6...7...8...9...100...1...2...3...4...5...6...7...8...9...10Processing areas...done (0)
Building Faces...done (0)
Chop Details...done (0)
Find Visible Detail Sides...done (0)
Merging details...done (0)
FixTjuncs...
PruneNodes...
WriteBSP...
done (0)
writing D:\Desktop\csgo\hammer maps\1v1_wood_2\1v1_wood.prt...Building visibility clusters...
AutoVisClustering (threshold=-1) matched 0 leafs.
done (0)
Finding displacement neighbors...
Finding lightmap sample positions...
Displacement Alpha : 0...1...2...3...4...5...6...7...8...9...10
Building Physics collision data...
done (0) (274019 bytes)
Placing detail props : 0...1...2...3...4...5...6...7...8...9...10
Compacting texture/material tables...
Reduced 121 texinfos to 85
Reduced 9 texdatas to 9 (205 bytes to 205)
Writing D:\Desktop\csgo\hammer maps\1v1_wood_2\1v1_wood.bsp
MSG_FILEWRITE - Filesystem was asked to write to 'd:\desktop\csgo\hammer maps\1v1_wood_2\1v1_wood.bsp', but we don't own that location. Allowing...
1 second elapsed



4 threads
reading d:\desktop\csgo\hammer maps\1v1_wood_2\1v1_wood.bsp
reading d:\desktop\csgo\hammer maps\1v1_wood_2\1v1_wood.prt
1772 portalclusters
5834 numportals
0...1...2...3...4...5...6...7...8...9...100...1...2


materialPath: D:\Steam\steamapps\common\Counter-Strike Global Offensive\csgo\materials
Loading D:\Desktop\csgo\hammer maps\1v1_wood_2\1v1_wood.vmf
Map revision 267
Patching WVT material: maps/1v1_wood/de_cbble/grass_alt/blendgrassdirt_wvt_patch
fixing up env_cubemap materials on brush sides...
0...1...2...3...4...5...6...7...8...9...100...1...2...3...4...5...6...7...8...9...10Processing areas...done (0)
Building Faces...done (0)
Chop Details...done (0)
Find Visible Detail Sides...
Merged 246 detail faces...done (0)
Merging details...done (0)
FixTjuncs...
PruneNodes...
WriteBSP...
done (0)
writing D:\Desktop\csgo\hammer maps\1v1_wood_2\1v1_wood.prt...Building visibility clusters...
AutoVisClustering (threshold=-1) matched 0 leafs.
done (0)
Finding displacement neighbors...
Finding lightmap sample positions...
Displacement Alpha : 0...1...2...3...4...5...6...7...8...9...10
Building Physics collision data...
done (0) (275679 bytes)
Placing detail props : 0...1...2...3...4...5...6...7...8...9...10
Compacting texture/material tables...
Reduced 126 texinfos to 87
Reduced 11 texdatas to 10 (297 bytes to 263)
Writing D:\Desktop\csgo\hammer maps\1v1_wood_2\1v1_wood.bsp
MSG_FILEWRITE - Filesystem was asked to write to 'd:\desktop\csgo\hammer maps\1v1_wood_2\1v1_wood.bsp', but we don't own that location. Allowing...
0 seconds elapsed



4 threads
reading d:\desktop\csgo\hammer maps\1v1_wood_2\1v1_wood.bsp
reading d:\desktop\csgo\hammer maps\1v1_wood_2\1v1_wood.prt
 133 portalclusters
 408 numportals
0...1...2...3...4...5...6...7...8...9...100...1...2...3...4...5...6...7...8...9...10Optimized: 83 visible clusters (0.00%)
Total clusters visible: 15299
Average clusters visible: 115
Building PAS...
Average clusters audible: 133
visdatasize:5606  compressed from 6384
writing d:\desktop\csgo\hammer maps\1v1_wood_2\1v1_wood.bsp
MSG_FILEWRITE - Filesystem was asked to write to 'd:\desktop\csgo\hammer maps\1v1_wood_2\1v1_wood.bsp', but we don't own that location. Allowing...
0 seconds elapsed



[Reading texlights from 'lights.rad']
[17 texlights parsed from 'lights.rad']

Loading d:\desktop\csgo\hammer maps\1v1_wood_2\1v1_wood.bsp
3591 faces
108373 square feet [15605784.00 square inches]
0 Displacements
0 Square Feet [0.00 Square Inches]
3591 patches before subdivision
13435 patches after subdivision
WARNING: light_spot at (-768 0 352) has inner angle larger than 90 degrees! Clamping to 90...
WARNING: light_spot at (-768 0 352) has outer angle larger than 90 degrees! Clamping to 90...
WARNING: light_spot at (800 0 352) has inner angle larger than 90 degrees! Clamping to 90...
WARNING: light_spot at (800 0 352) has outer angle larger than 90 degrees! Clamping to 90...
4 direct lights
0...1...2...3...4...5...6...7...8...9...100...1...2...3...4...5...6...7...8...9...10transfers 2415815, max 1551
transfer lists:  18.4 megs
0...1...2...3...4...5...6...7...8...9...10	Bounce #1 added RGB(18893, 17993, 10493)
0...1...2...3...4...5...6...7...8...9...10	Bounce #2 added RGB(2244, 1794, 881)
0...1...2...3...4...5...6...7...8...9...10	Bounce #3 added RGB(226, 156, 63)
0...1...2...3...4...5...6...7...8...9...10	Bounce #4 added RGB(26, 15, 5)
0...1...2...3...4...5...6...7...8...9...10	Bounce #5 added RGB(3, 1, 0)
0...1...2...3...4...5...6...7...8...9...10	Bounce #6 added RGB(0, 0, 0)
Build Patch/Sample Hash Table(s).....Done<0.0022 sec>
0...1...2...3...4...5...6...7...8...9...10FinalLightFace Done
0 of 0 (0% of) surface lights went in leaf ambient cubes.
0...1...2...3...4...5...6...7...8...9...10Writing leaf ambient...done
Ready to Finish

Object names       Objects/Maxobjs  Memory / Maxmem  Fullness 
------------       ---------------  ---------------  -------- 
models                   3/1024          144/49152    ( 0.3%) 
brushes                764/8192         9168/98304    ( 9.3%) 
brushsides            6718/81920       53744/655360   ( 8.2%) 
planes                5548/65536      110960/1310720  ( 8.5%) 
vertexes              6019/65536       72228/786432   ( 9.2%) 
nodes                  305/65536        9760/2097152  ( 0.5%) 
texinfos                87/12288        6264/884736   ( 0.7%) 
texdata                 10/4096          320/131072   ( 0.2%) 
dispinfos                0/0               0/0        ( 0.0%) 
disp_verts               0/0               0/0        ( 0.0%) 
disp_tris                0/0               0/0        ( 0.0%) 
disp_multiblend          0/0               0/0        ( 0.0%) 
disp_lmsamples           0/0               0/0        ( 0.0%) 
faces                 3591/65536      201096/3670016  ( 5.5%) 
hdr faces                0/65536           0/3670016  ( 0.0%) 
origfaces             3187/65536      178472/3670016  ( 4.9%) 
facebrushes            225/0             450/0        ( 0.0%) 
facebrushlists        3591/0           14364/0        ( 0.0%) 
leaves                 309/65536        9888/2097152  ( 0.5%) 
leaffaces             4741/65536        9482/131072   ( 7.2%) 
leafbrushes           1324/65536        2648/131072   ( 2.0%) 
areas                    2/1024           16/8192     ( 0.2%) 
surfedges            29759/512000     119036/2048000  ( 5.8%) 
edges                17657/256000      70628/1024000  ( 6.9%) 
LDR worldlights          4/8192          400/819200   ( 0.0%) 
HDR worldlights          0/8192            0/819200   ( 0.0%) 
leafwaterdata            0/32768           0/393216   ( 0.0%) 
waterstrips            245/32768        2450/327680   ( 0.7%) 
waterverts               0/65536           0/786432   ( 0.0%) 
waterindices          5865/65536       11730/131072   ( 8.9%) 
cubemapsamples           0/1024            0/16384    ( 0.0%) 
overlays                 0/1024            0/360448   ( 0.0%) 
LDR lightdata         [variable]     1456780/0        ( 0.0%) 
HDR lightdata         [variable]           0/0        ( 0.0%) 
visdata               [variable]        5606/16777216 ( 0.0%) 
entdata               [variable]        5247/393216   ( 1.3%) 
LDR ambient table      309/65536        1236/262144   ( 0.5%) 
HDR ambient table      309/65536        1236/262144   ( 0.5%) 
LDR leaf ambient       848/65536       23744/1835008  ( 1.3%) 
HDR leaf ambient       309/65536        8652/1835008  ( 0.5%) 
occluders                0/0               0/0        ( 0.0%) 
occluder polygons        0/0               0/0        ( 0.0%) 
occluder vert ind        0/0               0/0        ( 0.0%) 
detail props          [variable]           1/12       ( 8.3%) 
static props          [variable]           1/12       ( 8.3%) 
pakfile               [variable]       74910/0        ( 0.0%) 
physics               [variable]      275679/4194304  ( 6.6%) 
physics terrain       [variable]           2/1048576  ( 0.0%) 

Level flags = 7c

Total triangle count: 9838
Writing d:\desktop\csgo\hammer maps\1v1_wood_2\1v1_wood.bsp
MSG_FILEWRITE - Filesystem was asked to write to 'd:\desktop\csgo\hammer maps\1v1_wood_2\1v1_wood.bsp', but we don't own that location. Allowing...
5 seconds elapsed
