PRT1
133
408
4 0 82 (0 477.867035 327.924988 ) (0 477.867035 594.286011 ) (0 512 594.286011 ) (0 512 327.924988 ) 
4 0 33 (64 477.867035 594.286011 ) (0 477.867035 594.286011 ) (0 477.867035 327.924988 ) (64 477.867035 327.924988 ) 
4 0 25 (768 477.867035 594.286011 ) (64 477.867035 594.286011 ) (64 477.867035 327.924988 ) (768 477.867035 327.924988 ) 
4 0 7 (796 477.867035 594.286011 ) (768 477.867035 594.286011 ) (768 477.867035 327.924988 ) (796 477.867035 327.924988 ) 
4 0 2 (992 477.867035 594.286011 ) (796 477.867035 594.286011 ) (796 477.867035 327.924988 ) (992 477.867035 327.924988 ) 
4 0 1 (1024 477.867035 327.924988 ) (1024 477.867035 594.286011 ) (992 477.867035 594.286011 ) (992 477.867035 327.924988 ) 
4 1 41 (1024 0 327.924988 ) (1024 0 594.286011 ) (992 0 594.286011 ) (992 0 327.924988 ) 
4 1 6 (992 368.951019 327.924988 ) (992 0 327.924988 ) (992 0 594.286011 ) (992 368.951019 594.286011 ) 
4 1 4 (992 474.072662 327.924988 ) (992 371.231659 327.924988 ) (992 371.231659 594.286011 ) (992 474.072662 594.286011 ) 
4 1 3 (992 371.231659 327.924988 ) (992 368.951019 327.924988 ) (992 368.951019 594.286011 ) (992 371.231659 594.286011 ) 
4 1 2 (992 477.867035 594.286011 ) (992 477.867035 327.924988 ) (992 474.072662 327.924988 ) (992 474.072662 594.286011 ) 
4 2 7 (796 471.873199 135.925018 ) (796 471.873169 594.286011 ) (796 477.867035 594.286011 ) (796 477.867035 135.925018 ) 
3 2 5 (807.306030 472 135.925018 ) (992 474.072754 135.925018 ) (992 474.072754 320.619507 ) 
5 2 4 (796 471.873291 594.286011 ) (796 471.873291 135.925018 ) (807.306030 472 135.925018 ) (992 474.072754 320.619507 ) (992 474.072754 594.286011 ) 
4 3 6 (796 368.951019 594.286011 ) (796 368.951019 135.925018 ) (992 368.951019 135.925018 ) (992 368.951019 594.286011 ) 
3 3 5 (992 371.231659 319.925568 ) (992 371.231659 135.925018 ) (808 369.166962 135.925018 ) 
5 3 4 (796 369.032318 135.925018 ) (796 369.032318 594.286011 ) (992 371.231659 594.286011 ) (992 371.231659 319.925568 ) (808 369.166962 135.925018 ) 
4 4 7 (796 368.951019 135.925018 ) (796 368.951019 594.286011 ) (796 471.873169 594.286011 ) (796 471.873199 135.925018 ) 
4 4 5 (992 371.233826 319.930023 ) (807.995300 369.169067 135.925018 ) (807.305847 472 135.925018 ) (992 474.073242 320.619690 ) 
4 6 42 (992 0 135.925018 ) (992 0 594.286011 ) (796 0 594.286011 ) (796 0 135.925018 ) 
4 6 7 (796 0 135.925018 ) (796 0 594.286011 ) (796 368.951019 594.286011 ) (796 368.951019 135.925018 ) 
4 7 48 (768 0 594.286011 ) (768 0 135.925018 ) (796 0 135.925018 ) (796 0 594.286011 ) 
4 7 28 (768 471.558990 135.925018 ) (768 368.718140 135.925018 ) (768 368.718140 252 ) (768 471.558990 252 ) 
4 7 27 (768 368.718140 135.925018 ) (768 0 135.925018 ) (768 0 252 ) (768 368.718140 252 ) 
4 7 26 (768 477.867035 252 ) (768 477.867035 135.925018 ) (768 471.558990 135.925018 ) (768 471.558990 252 ) 
4 7 25 (768 477.867035 594.286011 ) (768 477.867035 252 ) (768 0 252 ) (768 0 594.286011 ) 
4 7 10 (768 368 135.925018 ) (768 368.951019 135.925018 ) (769.578003 368.951019 135.925018 ) (769.578003 368 135.925018 ) 
4 7 9 (769.578003 368.951019 135.925018 ) (796 368.951019 135.925018 ) (796 368 135.925018 ) (769.578003 368 135.925018 ) 
4 7 8 (768 368.951019 135.925018 ) (768 469.608002 135.925018 ) (796 469.608002 135.925018 ) (796 368.951019 135.925018 ) 
4 8 28 (768 469.608002 133.925018 ) (768 368.951019 133.925018 ) (768 368.951019 135.925018 ) (768 469.608002 135.925018 ) 
4 8 14 (768 368.951019 133.925018 ) (768 464 133.925018 ) (796 464 133.925018 ) (796 368.951019 133.925018 ) 
4 8 13 (768 464 133.925018 ) (768 469.608002 133.925018 ) (770 469.608002 133.925018 ) (770 464 133.925018 ) 
4 8 12 (770 469.608002 133.925018 ) (796 469.608002 133.925018 ) (796 464 133.925018 ) (770 464 133.925018 ) 
4 8 10 (768 368.951019 133.925018 ) (769.578003 368.951019 133.925018 ) (769.578003 368.951019 135.925018 ) (768 368.951019 135.925018 ) 
4 8 9 (796 368.951019 135.302002 ) (796 368.951019 135.925018 ) (769.578003 368.951019 135.925018 ) (769.578003 368.951019 135.302002 ) 
4 9 10 (769.578003 368.951019 135.925018 ) (769.578003 368.951019 135.302002 ) (769.578003 368 135.302002 ) (769.578003 368 135.925018 ) 
4 10 28 (768 368.951019 133.925018 ) (768 368.718140 133.925018 ) (768 368.718140 135.925018 ) (768 368.951019 135.925018 ) 
4 10 27 (768 368.718140 133.925018 ) (768 368 133.925018 ) (768 368 135.925018 ) (768 368.718140 135.925018 ) 
4 10 15 (768 368 133.925018 ) (768 368.951019 133.925018 ) (769.578003 368.951019 133.925018 ) (769.578003 368 133.925018 ) 
4 11 23 (770 477.867035 47.924706 ) (800 477.867035 47.924706 ) (800 471.918091 47.924706 ) (770 471.581421 47.924706 ) 
4 11 12 (770 471.581451 133.925018 ) (770 471.581451 98.618820 ) (800 471.918121 128.619003 ) (800 471.918121 133.925018 ) 
3 12 17 (770 464 119.925011 ) (770 464 98.567719 ) (791.358826 464 119.925011 ) 
5 12 14 (800 464 128.565582 ) (800 464 133.925018 ) (770 464 133.925018 ) (770 464 119.925011 ) (791.358826 464 119.925011 ) 
4 12 13 (770 464 122.974998 ) (770 464 133.925018 ) (770 469.608002 133.925018 ) (770 469.608002 122.974998 ) 
4 13 28 (768 469.608002 122.974998 ) (768 464 122.974998 ) (768 464 133.925018 ) (768 469.608002 133.925018 ) 
4 13 14 (770 464 122.974998 ) (770 464 133.925018 ) (768 464 133.925018 ) (768 464 122.974998 ) 
4 14 28 (768 368.951019 133.925018 ) (768 464 133.925018 ) (768 464 119.925011 ) (768 368.951019 119.925011 ) 
4 14 17 (768 368.951019 119.925011 ) (768 464 119.925011 ) (791.358826 464 119.925011 ) (792 368.951019 119.925011 ) 
4 14 15 (768 368.951019 119.925011 ) (769.578003 368.951019 119.925011 ) (769.578003 368.951019 133.925018 ) (768 368.951019 133.925018 ) 
4 15 28 (768 368.718140 133.925018 ) (768 368.951019 133.925018 ) (768 368.951019 119.925011 ) (768 368.718140 119.925011 ) 
4 15 27 (768 368 133.925018 ) (768 368.718140 133.925018 ) (768 368.718140 119.925011 ) (768 368 119.925011 ) 
4 15 18 (768 368 119.925011 ) (768 368.951019 119.925011 ) (769.578003 368.951019 119.925011 ) (769.578003 368 119.925011 ) 
4 16 51 (800 0 133.925018 ) (770 0 133.925018 ) (770 0 119.925011 ) (800 0 119.925011 ) 
4 16 22 (800 352 119.925011 ) (800 0 119.925011 ) (770 0 119.925011 ) (770 352 119.925011 ) 
4 16 21 (770 360.876038 119.925011 ) (800 360.876038 119.925011 ) (800 352 119.925011 ) (770 352 119.925011 ) 
4 17 28 (768 368.951019 119.925011 ) (768 464 119.925011 ) (768 464 96.567924 ) (768 368.951019 95.926460 ) 
4 17 18 (768 368.951019 95.932518 ) (769.578003 368.951019 97.510406 ) (769.578003 368.951019 119.925011 ) (768 368.951019 119.925011 ) 
4 18 28 (768 368.718140 119.925011 ) (768 368.951019 119.925011 ) (768 368.951019 95.926460 ) (768 368.718140 95.924889 ) 
5 18 27 (768 368 119.925011 ) (768 368.718140 119.925011 ) (768 368.718140 95.924889 ) (768 368.690582 95.924706 ) (768 368 95.924706 ) 
4 19 24 (800 369.077209 47.924706 ) (800 360.876038 47.924706 ) (770 360.876038 47.924706 ) (770 368.740570 47.924706 ) 
4 19 21 (770 360.876038 47.924706 ) (800 360.876038 47.924706 ) (800 360.876038 95.924706 ) (770 360.876038 95.924706 ) 
4 19 20 (770 368 95.924706 ) (770 368.740570 95.924706 ) (770 368.740570 47.924706 ) (770 368 47.924706 ) 
4 20 27 (768 368.718140 47.924706 ) (768 368 47.924706 ) (768 368 95.924706 ) (768 368.718109 95.924706 ) 
4 21 24 (770 360.876038 47.924706 ) (800 360.876038 47.924706 ) (800 352 47.924706 ) (770 352 47.924706 ) 
4 21 22 (770 352 47.924706 ) (800 352 47.924706 ) (800 352 119.925011 ) (770 352 119.925011 ) 
4 22 58 (770 0 119.925011 ) (768 0 119.925011 ) (768 0 47.924706 ) (770 0 47.924706 ) 
4 22 51 (800 0 119.925011 ) (770 0 119.925011 ) (770 0 47.924706 ) (800 0 47.924706 ) 
4 22 27 (768 352 47.924706 ) (768 0 47.924706 ) (768 0 119.925011 ) (768 352 119.925011 ) 
4 22 24 (770 352 47.924706 ) (800 352 47.924706 ) (800 0 47.924706 ) (770 0 47.924706 ) 
4 24 51 (800 0 32 ) (800 0 47.924706 ) (770 0 47.924706 ) (770 0 32 ) 
4 25 64 (768 0 252 ) (768 0 594.286011 ) (64 0 594.286011 ) (64 0 252 ) 
4 25 39 (64 208 252 ) (64 0 252 ) (64 0 594.286011 ) (64 208 594.286011 ) 
4 25 33 (64 477.867035 594.286011 ) (64 477.867035 252 ) (64 208 252 ) (64 208 594.286011 ) 
4 25 31 (64 204 252 ) (64 472 252 ) (76 472 252 ) (76 204 252 ) 
4 25 29 (64 472 252 ) (64 477.867035 252 ) (76 477.867035 252 ) (76 472 252 ) 
4 25 32 (64 0 252 ) (64 204 252 ) (76 204 252 ) (76 0 252 ) 
4 25 28 (768 471.558990 252 ) (768 368.718140 252 ) (76 360.953156 252 ) (76 463.793488 252 ) 
4 25 27 (768 368.718140 252 ) (768 0 252 ) (76 0 252 ) (76 360.953156 252 ) 
4 25 26 (76 477.867035 252 ) (768 477.867035 252 ) (768 471.558990 252 ) (76 463.793488 252 ) 
4 26 31 (76 463.793488 252 ) (76 472 252 ) (76 472 39.058990 ) (76 463.793488 45.334511 ) 
4 26 30 (76 472 39.058990 ) (76 472 32 ) (76 463.793488 32 ) (76 463.793488 45.334511 ) 
4 26 29 (76 472 252 ) (76 477.867035 252 ) (76 477.867035 32 ) (76 472 32 ) 
5 26 28 (76 463.793579 252 ) (76 463.793579 32 ) (703.381287 470.833954 32 ) (768 471.559082 96.618896 ) (768 471.559082 252 ) 
4 27 65 (768 0 32 ) (768 0 248.210007 ) (76 0 248.210007 ) (76 0 32 ) 
4 27 64 (768 0 248.210007 ) (768 0 252 ) (76 0 252 ) (76 0 248.210007 ) 
4 27 31 (76 204 252 ) (76 360.953156 252 ) (76 360.953156 123.977066 ) (76 204 244 ) 
4 27 30 (76 360.953156 123.977066 ) (76 360.953156 32 ) (76 204 32 ) (76 204 244 ) 
4 27 32 (76 0 32 ) (76 0 252 ) (76 204 252 ) (76 204 32 ) 
5 27 28 (76 360.953156 32 ) (76 360.953156 252 ) (768 368.718140 252 ) (768 368.718140 95.924835 ) (704.075317 368 32 ) 
4 28 31 (76 360.953156 252 ) (76 463.793488 252 ) (76 463.793488 45.334518 ) (76 360.953156 123.977066 ) 
4 28 30 (76 463.793488 45.334518 ) (76 463.793488 32 ) (76 360.953156 32 ) (76 360.953156 123.977066 ) 
4 29 37 (64 477.867035 35.160675 ) (64 477.867035 32 ) (64 472 32 ) (64 472 39.647236 ) 
4 29 33 (64 477.867035 252 ) (64 477.867035 248 ) (64 472 248 ) (64 472 252 ) 
4 29 31 (76 472 39.058983 ) (76 472 252 ) (64 472 252 ) (64 472 39.058990 ) 
4 29 30 (64 472 32 ) (76 472 32 ) (76 472 39.058983 ) (64 472 39.058990 ) 
4 30 40 (64 208 32 ) (64 204 32 ) (64 204 238.205002 ) (64 208 238.205002 ) 
4 30 37 (64 472 32 ) (64 210 32 ) (64 210 239.411743 ) (64 472 39.058990 ) 
5 30 38 (64 210 32 ) (64 208 32 ) (64 208 240.166000 ) (64 209.013657 240.166000 ) (64 210 239.411743 ) 
3 30 34 (64 208 240.166000 ) (64 208 240.941147 ) (64 209.013657 240.166000 ) 
4 30 32 (64 204 32 ) (76 204 32 ) (76 204 244 ) (64 204 244 ) 
4 30 31 (76 472 39.058594 ) (64 472 39.058594 ) (64 204 244 ) (76 204 244 ) 
4 31 39 (64 204 248.210007 ) (64 204 252 ) (64 208 252 ) (64 208 248.210007 ) 
4 31 37 (64 472 39.647247 ) (64 472 39.058990 ) (64 210 239.411743 ) (64 210 240 ) 
3 31 38 (64 210 239.411743 ) (64 209.013672 240.166000 ) (64 210 240.166000 ) 
5 31 34 (64 210 240.166000 ) (64 209.013672 240.166000 ) (64 208 240.941147 ) (64 208 248 ) (64 210 248 ) 
4 31 33 (64 208 252 ) (64 472 252 ) (64 472 248 ) (64 208 248 ) 
4 31 32 (76 204 244 ) (76 204 252 ) (64 204 252 ) (64 204 244 ) 
4 32 65 (76 0 32 ) (76 0 248.210007 ) (64 0 248.210007 ) (64 0 32 ) 
4 32 64 (76 0 248.210007 ) (76 0 252 ) (64 0 252 ) (64 0 248.210007 ) 
4 32 39 (64 0 248.210007 ) (64 0 252 ) (64 204 252 ) (64 204 248.210007 ) 
4 32 40 (64 204 32 ) (64 0 32 ) (64 0 238.205002 ) (64 204 238.205002 ) 
4 33 85 (0 210 248 ) (0 208 248 ) (0 208 328 ) (0 210 328 ) 
4 33 83 (0 477.867035 328 ) (0 477.867035 248 ) (0 210 248 ) (0 210 328 ) 
4 33 82 (0 477.867035 594.286011 ) (0 477.867035 328 ) (0 208 328 ) (0 208 594.286011 ) 
4 33 39 (64 208 248.210007 ) (64 208 594.286011 ) (0 208 594.286011 ) (0 208 248.210007 ) 
4 33 36 (48.926800 208 248 ) (0 208 248 ) (0 210 248 ) (48.926800 210 248 ) 
4 33 35 (62.431000 208 248 ) (48.926800 208 248 ) (48.926800 210 248 ) (62.431000 210 248 ) 
4 33 34 (64 208 248 ) (62.431000 208 248 ) (62.431000 210 248 ) (64 210 248 ) 
4 34 38 (64 208 240.166000 ) (62.431000 208 240.166000 ) (62.431000 210 240.166000 ) (64 210 240.166000 ) 
4 34 35 (62.431000 208 246 ) (62.431000 208 248 ) (62.431000 210 248 ) (62.431000 210 246 ) 
4 35 36 (48.926800 208 246 ) (48.926800 208 248 ) (48.926800 210 248 ) (48.926800 210 246 ) 
4 36 85 (0 210 240.166000 ) (0 208 240.166000 ) (0 208 248 ) (0 210 248 ) 
4 36 38 (48.926800 208 240.166000 ) (0 208 240.166000 ) (0 210 240.166000 ) (48.926800 210 240.166000 ) 
4 37 84 (0 477.867035 35.160675 ) (0 477.867035 32 ) (0 210 32 ) (0 210 240 ) 
4 37 38 (0 210 32 ) (64 210 32 ) (64 210 240.166000 ) (0 210 240.166000 ) 
4 38 85 (0 210 32 ) (0 208 32 ) (0 208 240.166000 ) (0 210 240.166000 ) 
4 38 40 (0 208 32 ) (64 208 32 ) (64 208 238.205002 ) (0 208 238.205002 ) 
4 39 86 (0 0 248.210007 ) (0 0 328 ) (0 208 328 ) (0 208 248.210007 ) 
4 39 82 (0 0 328 ) (0 0 594.286011 ) (0 208 594.286011 ) (0 208 328 ) 
4 39 64 (64 0 248.210007 ) (64 0 594.286011 ) (0 0 594.286011 ) (0 0 248.210007 ) 
4 40 87 (0 0 32 ) (0 0 238.205002 ) (0 208 238.205002 ) (0 208 32 ) 
4 40 66 (64 0 32 ) (64 0 238.205002 ) (0 0 238.205002 ) (0 0 32 ) 
4 41 81 (1024 -477.867035 327.924988 ) (1024 -477.867035 594.286011 ) (992 -477.867035 594.286011 ) (992 -477.867035 327.924988 ) 
4 41 45 (992 -365.845551 327.924988 ) (992 -468.686188 327.924988 ) (992 -468.686188 594.286011 ) (992 -365.845551 594.286011 ) 
4 41 44 (992 -360.601013 327.924988 ) (992 -365.845551 327.924988 ) (992 -365.845551 594.286011 ) (992 -360.601013 594.286011 ) 
4 41 43 (992 -468.686188 327.924988 ) (992 -477.867035 327.924988 ) (992 -477.867035 594.286011 ) (992 -468.686188 594.286011 ) 
4 41 42 (992 0 594.286011 ) (992 0 327.924988 ) (992 -360.601013 327.924988 ) (992 -360.601013 594.286011 ) 
4 42 48 (796 -360.601013 135.925018 ) (796 -360.601013 594.286011 ) (796 0 594.286011 ) (796 0 135.925018 ) 
4 42 47 (796 -360.601013 594.286011 ) (796 -360.601013 135.925018 ) (799.249023 -360.601013 135.925018 ) (799.249023 -360.601013 594.286011 ) 
4 42 44 (799.249023 -360.601013 135.925018 ) (992 -360.601013 135.925018 ) (992 -360.601013 594.286011 ) (799.249023 -360.601013 594.286011 ) 
4 43 81 (992 -477.867035 327.924988 ) (992 -477.867035 594.286011 ) (796 -477.867035 594.286011 ) (796 -477.867035 327.924988 ) 
4 43 48 (796 -477.867035 135.925018 ) (796 -477.867035 594.286011 ) (796 -470.885712 594.286011 ) (796 -470.885681 135.925018 ) 
4 43 47 (796 -470.885681 135.925018 ) (796 -470.885681 594.286011 ) (799.249023 -470.849213 594.286011 ) (799.249023 -470.849213 135.925018 ) 
3 43 46 (992 -468.686188 327.248199 ) (992 -468.686188 135.925018 ) (800.693970 -470.833008 135.925018 ) 
5 43 45 (799.249023 -470.849213 594.286011 ) (992 -468.686188 594.286011 ) (992 -468.686188 327.248199 ) (800.693970 -470.833008 135.925018 ) (799.249023 -470.849213 135.925018 ) 
4 44 47 (799.249023 -360.601013 594.286011 ) (799.249023 -360.601013 135.925018 ) (799.249023 -368.008423 135.925018 ) (799.249023 -368.008423 594.286011 ) 
3 44 46 (799.991028 -368 135.925018 ) (992 -365.845612 135.925018 ) (992 -365.845612 327.951233 ) 
5 44 45 (799.249023 -368.008484 594.286011 ) (799.249023 -368.008484 135.925018 ) (799.991028 -368 135.925018 ) (992 -365.845612 327.951233 ) (992 -365.845612 594.286011 ) 
4 45 47 (799.249023 -470.851563 135.925018 ) (799.249023 -470.851563 594.286011 ) (799.249023 -368.008423 594.286011 ) (799.249023 -368.008423 135.925018 ) 
4 45 46 (992 -468.688507 327.248627 ) (800.693359 -470.835358 135.925018 ) (799.990356 -368.001923 135.925018 ) (992 -365.847382 327.951843 ) 
4 47 48 (796 -470.885681 135.925018 ) (796 -470.885712 594.286011 ) (796 -360.601013 594.286011 ) (796 -360.601013 135.925018 ) 
4 48 81 (768 -477.867035 594.286011 ) (768 -477.867035 327.924988 ) (796 -477.867035 327.924988 ) (796 -477.867035 594.286011 ) 
4 48 70 (768 -368.359070 135.925018 ) (768 -471.199890 135.925018 ) (768 -471.199890 250 ) (768 -368.359070 250 ) 
4 48 69 (768 -471.199890 135.925018 ) (768 -477.867035 135.925018 ) (768 -477.867035 250 ) (768 -471.199890 250 ) 
4 48 68 (768 -208 135.925018 ) (768 -368.359070 135.925018 ) (768 -368.359070 250 ) (768 -208 250 ) 
4 48 67 (768 -477.867035 250 ) (768 -477.867035 594.286011 ) (768 -208 594.286011 ) (768 -208 250 ) 
4 48 65 (768 0 248.210007 ) (768 0 135.925018 ) (768 -208 135.925018 ) (768 -208 248.210007 ) 
4 48 64 (768 0 594.286011 ) (768 0 248.210007 ) (768 -208 248.210007 ) (768 -208 594.286011 ) 
4 48 50 (768 -469.608002 135.925018 ) (768 -368 135.925018 ) (768.451050 -368 135.925018 ) (768.451050 -469.608002 135.925018 ) 
4 48 49 (796 -368.299988 135.925018 ) (796 -469.608002 135.925018 ) (768.451050 -469.608002 135.925018 ) (768.451050 -368.299988 135.925018 ) 
4 49 62 (770 -469.608002 133.925018 ) (768.451050 -469.608002 133.925018 ) (768.451050 -368.299988 133.925018 ) (770 -368.299988 133.925018 ) 
4 49 52 (796 -368.299988 133.925018 ) (796 -469.608002 133.925018 ) (770 -469.608002 133.925018 ) (770 -368.299988 133.925018 ) 
4 49 50 (768.451050 -368.299988 133.925018 ) (768.451050 -469.608002 133.925018 ) (768.451050 -469.608002 135.925018 ) (768.451050 -368.299988 135.925018 ) 
4 50 70 (768 -368.359070 133.925018 ) (768 -469.608002 133.925018 ) (768 -469.608002 135.925018 ) (768 -368.359070 135.925018 ) 
4 50 68 (768 -368 133.925018 ) (768 -368.359070 133.925018 ) (768 -368.359070 135.925018 ) (768 -368 135.925018 ) 
4 50 62 (768 -469.608002 133.925018 ) (768 -368.299988 133.925018 ) (768.451050 -368.299988 133.925018 ) (768.451050 -469.608002 133.925018 ) 
4 50 59 (768 -368.299988 133.925018 ) (768 -368 133.925018 ) (768.451050 -368 133.925018 ) (768.451050 -368.299988 133.925018 ) 
4 51 58 (770 0 119.925011 ) (770 0 47.924706 ) (770 -352 47.924706 ) (770 -352 119.925011 ) 
4 51 56 (770 -360.601013 103.925011 ) (770 -360.601013 32 ) (799.249023 -360.601013 32 ) (799.249023 -360.601013 103.925011 ) 
4 51 53 (799.249023 -360.601013 32 ) (800 -360.601013 32 ) (800 -360.601013 133.925018 ) (799.249023 -360.601013 133.925018 ) 
4 52 63 (770 -464 127.925011 ) (770 -368.299988 127.925011 ) (770 -368.299988 105.931580 ) (770 -464 105.277359 ) 
4 52 62 (770 -469.608002 133.925018 ) (770 -368.299988 133.925018 ) (770 -368.299988 127.925011 ) (770 -469.608002 127.925011 ) 
4 52 55 (770 -477.867035 105.178802 ) (770 -471.177460 105.224533 ) (798.697754 -470.855408 133.925018 ) (798.745667 -477.867035 133.925018 ) 
4 53 56 (799.249023 -360.601013 103.925011 ) (799.249023 -360.601013 32 ) (799.249023 -368.008423 32 ) (799.249023 -368.008423 103.925011 ) 
4 54 57 (799.249023 -477.867035 32 ) (799.249023 -477.867035 103.925011 ) (799.249023 -470.849243 103.925011 ) (799.249023 -470.849243 32 ) 
4 54 55 (799.249023 -477.867035 103.925011 ) (799.249023 -477.867035 133.925018 ) (799.249023 -470.849243 133.925018 ) (799.249023 -470.849243 103.925011 ) 
4 55 57 (799.249023 -470.849243 103.925011 ) (799.249023 -477.867035 103.925011 ) (770 -477.867035 103.925011 ) (770 -471.177460 103.925011 ) 
4 56 61 (770 -368.336639 103.925011 ) (770 -368 103.925011 ) (770 -368 47.924706 ) (770 -368.336639 47.924706 ) 
4 58 68 (768 -208 47.924706 ) (768 -352 47.924706 ) (768 -352 119.925011 ) (768 -208 119.925011 ) 
4 58 65 (768 0 119.925011 ) (768 0 47.924706 ) (768 -208 47.924706 ) (768 -208 119.925011 ) 
4 59 68 (768 -368.299988 119.925011 ) (768 -368.299988 133.925018 ) (768 -368 133.925018 ) (768 -368 119.925011 ) 
4 59 63 (768 -368.299988 127.925011 ) (768 -368.299988 119.925011 ) (768.451050 -368.299988 119.925011 ) (768.451050 -368.299988 127.925011 ) 
4 59 62 (768.451050 -368.299988 133.925018 ) (768 -368.299988 133.925018 ) (768 -368.299988 127.925011 ) (768.451050 -368.299988 127.925011 ) 
4 59 60 (768.451050 -368.299988 119.925011 ) (768 -368.299988 119.925011 ) (768 -368 119.925011 ) (768.451050 -368 119.925011 ) 
4 60 68 (768 -368.299988 103.925011 ) (768 -368.299988 119.925011 ) (768 -368 119.925011 ) (768 -368 103.925011 ) 
4 60 63 (768.451050 -368.299988 119.925011 ) (768 -368.299988 119.925011 ) (768 -368.299988 103.931488 ) (768.451050 -368.299988 104.382584 ) 
4 60 61 (768.451050 -368.299988 103.925011 ) (768 -368.299988 103.925011 ) (768 -368 103.925011 ) (768.451050 -368 103.925011 ) 
4 61 68 (768 -368 47.924706 ) (768 -368.299988 47.924706 ) (768 -368.299988 103.925011 ) (768 -368 103.925011 ) 
4 62 70 (768 -469.608002 133.925018 ) (768 -368.299988 133.925018 ) (768 -368.299988 127.925011 ) (768 -469.608002 127.925011 ) 
4 62 63 (768 -464 127.925011 ) (768 -368.299988 127.925011 ) (770 -368.299988 127.925011 ) (770 -464 127.925011 ) 
4 63 70 (768 -464 103.277283 ) (768 -464 127.925011 ) (768 -368.299988 127.925011 ) (768 -368.299988 103.931488 ) 
4 64 108 (0 -208 248.210007 ) (0 -208 328 ) (0 0 328 ) (0 0 248.210007 ) 
4 64 107 (0 -208 328 ) (0 -208 594.286011 ) (0 0 594.286011 ) (0 0 328 ) 
4 64 75 (64 -208 250 ) (0 -208 250 ) (0 -208 248.210007 ) (64 -208 248.210007 ) 
4 64 72 (76 -208 250 ) (64 -208 250 ) (64 -208 248.210007 ) (76 -208 248.210007 ) 
4 64 68 (768 -208 248.210007 ) (768 -208 250 ) (76 -208 250 ) (76 -208 248.210007 ) 
4 64 67 (768 -208 250 ) (768 -208 594.286011 ) (0 -208 594.286011 ) (0 -208 250 ) 
4 64 65 (768 -208 248.210007 ) (64 -208 248.210007 ) (64 0 248.210007 ) (768 0 248.210007 ) 
4 65 72 (76 -208 248.210007 ) (64 -208 248.210007 ) (64 -208 242 ) (76 -208 242 ) 
4 65 71 (64 -208 242 ) (64 -208 32 ) (76 -208 32 ) (76 -208 242 ) 
4 65 68 (768 -208 32 ) (768 -208 248.210007 ) (76 -208 248.210007 ) (76 -208 32 ) 
4 65 66 (64 0 32 ) (64 -208 32 ) (64 -208 238.205002 ) (64 0 238.205002 ) 
4 66 109 (0 -208 32 ) (0 -208 238.205002 ) (0 0 238.205002 ) (0 0 32 ) 
4 66 79 (0 -208 238.205002 ) (0 -208 32 ) (64 -208 32 ) (64 -208 238.205002 ) 
4 67 112 (0 -477.867035 250 ) (0 -477.867035 328 ) (0 -210 328 ) (0 -210 250 ) 
4 67 110 (0 -210 328 ) (0 -208 328 ) (0 -208 250 ) (0 -210 250 ) 
4 67 107 (0 -477.867035 328 ) (0 -477.867035 594.286011 ) (0 -208 594.286011 ) (0 -208 328 ) 
4 67 81 (768 -477.867035 327.924988 ) (768 -477.867035 594.286011 ) (0 -477.867035 594.286011 ) (0 -477.867035 327.924988 ) 
4 67 75 (0 -208 250 ) (64 -208 250 ) (64 -477.867035 250 ) (0 -477.867035 250 ) 
4 67 72 (64 -208 250 ) (76 -208 250 ) (76 -476 250 ) (64 -476 250 ) 
4 67 73 (76 -476 250 ) (76 -477.867035 250 ) (64 -477.867035 250 ) (64 -476 250 ) 
5 67 70 (768 -368.359070 250 ) (768 -471.199890 250 ) (173.884644 -477.867035 250 ) (76 -477.867035 250 ) (76 -376.124054 250 ) 
3 67 69 (768 -471.199890 250 ) (768 -477.867035 250 ) (173.884644 -477.867035 250 ) 
4 67 68 (76 -208 250 ) (768 -208 250 ) (768 -368.359070 250 ) (76 -376.124054 250 ) 
4 68 72 (76 -376.124054 250 ) (76 -208 250 ) (76 -208 242 ) (76 -376.124084 113.434631 ) 
4 68 71 (76 -208 242 ) (76 -208 32 ) (76 -376.124084 32 ) (76 -376.124084 113.434631 ) 
5 68 70 (76 -376.124146 250 ) (76 -376.124146 32 ) (696.075317 -369.166229 32 ) (768 -368.359161 103.931137 ) (768 -368.359161 250 ) 
5 69 70 (173.883987 -477.867035 32 ) (173.883972 -477.867035 250 ) (768 -471.199890 250 ) (768 -471.199890 103.228058 ) (696.778320 -472 32 ) 
4 70 72 (76 -476 250 ) (76 -376.124054 250 ) (76 -376.124084 113.434647 ) (76 -476 37.058987 ) 
4 70 71 (76 -376.124084 113.434647 ) (76 -376.124084 32 ) (76 -476 32 ) (76 -476 37.058987 ) 
4 70 73 (76 -477.867035 32 ) (76 -477.867035 250 ) (76 -476 250 ) (76 -476 32 ) 
4 71 74 (64 -208 242 ) (64 -208 32 ) (64 -476 32 ) (64 -476 37.058987 ) 
4 71 73 (64 -476 37.058990 ) (64 -476 32 ) (76 -476 32 ) (76 -476 37.058987 ) 
4 71 72 (64 -208 242 ) (64 -476 37.058594 ) (76 -476 37.058594 ) (76 -208 242 ) 
4 72 74 (64 -476 250 ) (64 -208 250 ) (64 -208 242 ) (64 -476 37.058987 ) 
4 72 73 (64 -476 250 ) (64 -476 37.058990 ) (76 -476 37.058987 ) (76 -476 250 ) 
4 73 74 (64 -477.867035 32 ) (64 -477.867035 250 ) (64 -476 250 ) (64 -476 32 ) 
4 74 80 (63.868099 -210 32 ) (63.868099 -477.867035 32 ) (63.868099 -477.867035 35.160679 ) (63.868099 -210 240 ) 
4 74 79 (63.868099 -208 32 ) (63.868099 -210 32 ) (63.868099 -210 240.166000 ) (63.868099 -208 240.166000 ) 
4 74 76 (63.868099 -210 248 ) (63.868099 -208 248 ) (63.868099 -208 240.166000 ) (63.868099 -210 240.166000 ) 
4 74 75 (63.868099 -477.867035 248 ) (63.868099 -477.867035 250 ) (63.868099 -208 250 ) (63.868099 -208 248 ) 
4 75 112 (0 -477.867035 248 ) (0 -477.867035 250 ) (0 -210 250 ) (0 -210 248 ) 
4 75 110 (0 -210 250 ) (0 -208 250 ) (0 -208 248 ) (0 -210 248 ) 
4 75 78 (0 -208 248 ) (48.926800 -208 248 ) (48.926800 -210 248 ) (0 -210 248 ) 
4 75 77 (48.926800 -208 248 ) (62.431000 -208 248 ) (62.431000 -210 248 ) (48.926800 -210 248 ) 
4 75 76 (62.431000 -208 248 ) (63.868099 -208 248 ) (63.868099 -210 248 ) (62.431000 -210 248 ) 
4 76 79 (62.431000 -208 240.166000 ) (63.868099 -208 240.166000 ) (63.868099 -210 240.166000 ) (62.431000 -210 240.166000 ) 
4 76 77 (62.431000 -210 246 ) (62.431000 -210 248 ) (62.431000 -208 248 ) (62.431000 -208 246 ) 
4 77 78 (48.926800 -210 246 ) (48.926800 -210 248 ) (48.926800 -208 248 ) (48.926800 -208 246 ) 
4 78 110 (0 -210 248 ) (0 -208 248 ) (0 -208 240.166000 ) (0 -210 240.166000 ) 
4 78 79 (0 -208 240.166000 ) (48.926800 -208 240.166000 ) (48.926800 -210 240.166000 ) (0 -210 240.166000 ) 
4 79 110 (0 -210 240.166000 ) (0 -208 240.166000 ) (0 -208 32 ) (0 -210 32 ) 
4 79 80 (0 -210 32 ) (63.868099 -210 32 ) (63.868099 -210 240.166000 ) (0 -210 240.166000 ) 
4 80 113 (0 -477.867035 32 ) (0 -477.867035 35.160679 ) (0 -210 240 ) (0 -210 32 ) 
4 81 107 (0 -512 327.924988 ) (0 -512 594.286011 ) (0 -477.867035 594.286011 ) (0 -477.867035 327.924988 ) 
4 82 107 (0 0 328 ) (0 0 594.286011 ) (-1024 0 594.286011 ) (-1024 0 328 ) 
4 82 105 (-800 0 328 ) (-810.505798 0 328 ) (-808.056274 360.876038 328 ) (-800 360.876038 328 ) 
4 82 104 (-76 0 328 ) (-800 0 328 ) (-800 360.876038 328 ) (-76 360.876038 328 ) 
4 82 98 (-808.056274 360.876038 328 ) (-807.302002 472 328 ) (-769.578003 471.576691 328 ) (-769.578003 360.876038 328 ) 
4 82 97 (-769.578003 471.576691 328 ) (-76 463.793671 328 ) (-76 360.952820 328 ) (-769.578003 368.735809 328 ) 
4 82 96 (-76 360.952820 328 ) (-76 360.876038 328 ) (-769.578003 360.876038 328 ) (-769.578003 368.735809 328 ) 
4 82 95 (-807.302002 472 328 ) (-807.262207 477.867035 328 ) (-800 477.867035 328 ) (-800 471.918060 328 ) 
4 82 94 (-800 477.867035 328 ) (-76 477.867035 328 ) (-76 463.793671 328 ) (-800 471.918060 328 ) 
4 82 93 (-810.505798 0 328 ) (-816 0 328 ) (-816 477.867035 328 ) (-807.262207 477.867035 328 ) 
4 82 106 (-816 0 328 ) (-992 0 328 ) (-992 477.867035 328 ) (-816 477.867035 328 ) 
4 82 89 (-64 476 328 ) (-64 208 328 ) (-76 208 328 ) (-76 476 328 ) 
4 82 88 (-64 477.867035 328 ) (-64 476 328 ) (-76 476 328 ) (-76 477.867035 328 ) 
4 82 92 (-64 208 328 ) (-64 0 328 ) (-76 0 328 ) (-76 208 328 ) 
4 82 86 (0 208 328 ) (0 0 328 ) (-64 0 328 ) (-64 208 328 ) 
4 82 85 (0 210 328 ) (0 208 328 ) (-64 208 328 ) (-64 210 328 ) 
4 82 83 (0 477.867035 328 ) (0 210 328 ) (-64 210 328 ) (-64 477.867035 328 ) 
4 83 91 (-64 210 248 ) (-64 210 249.472015 ) (-64 476 249.472015 ) (-64 476 248 ) 
4 83 89 (-64 210 249.472015 ) (-64 210 328 ) (-64 476 328 ) (-64 476 249.472015 ) 
4 83 88 (-64 476 328 ) (-64 477.867035 328 ) (-64 477.867035 248 ) (-64 476 248 ) 
4 83 85 (-64 210 328 ) (-64 210 248 ) (0 210 248 ) (0 210 328 ) 
4 84 90 (-64 476 32 ) (-64 210 32 ) (-64 210 240 ) (-64 476 36.588409 ) 
4 84 88 (-64 477.867035 32 ) (-64 476 32 ) (-64 476 36.588409 ) (-64 477.867035 35.160675 ) 
4 84 85 (-64 210 240 ) (-64 210 32 ) (0 210 32 ) (0 210 240 ) 
4 85 91 (-64 208 241.471985 ) (-64 208 249.472015 ) (-64 210 249.472015 ) (-64 210 239.942566 ) 
4 85 90 (-64 210 32 ) (-64 208 32 ) (-64 208 241.471985 ) (-64 210 239.942566 ) 
4 85 89 (-64 208 249.472015 ) (-64 208 328 ) (-64 210 328 ) (-64 210 249.472015 ) 
4 85 86 (-64 208 328 ) (-64 208 248.210007 ) (0 208 248.210007 ) (0 208 328 ) 
4 85 87 (-64 208 238.205002 ) (-64 208 32 ) (0 208 32 ) (0 208 238.205002 ) 
4 86 108 (0 0 248.210007 ) (0 0 328 ) (-64 0 328 ) (-64 0 248.210007 ) 
4 86 92 (-64 0 248.210007 ) (-64 0 328 ) (-64 208 328 ) (-64 208 248.210007 ) 
4 87 109 (0 0 32 ) (0 0 238.205002 ) (-64 0 238.205002 ) (-64 0 32 ) 
4 87 92 (-64 208 32 ) (-64 0 32 ) (-64 0 238.205002 ) (-64 208 238.205002 ) 
4 88 94 (-76 477.867035 328 ) (-76 477.867035 32 ) (-76 476 32 ) (-76 476 328 ) 
4 88 91 (-76 476 249.472015 ) (-76 476 36.531097 ) (-64 476 36.531082 ) (-64 476 249.472015 ) 
4 88 90 (-76 476 36.531097 ) (-76 476 32 ) (-64 476 32 ) (-64 476 36.531082 ) 
4 88 89 (-76 476 328 ) (-76 476 249.472015 ) (-64 476 249.472015 ) (-64 476 328 ) 
4 89 104 (-76 208 249.472015 ) (-76 208 328 ) (-76 360.876038 328 ) (-76 360.876038 249.472015 ) 
4 89 97 (-76 360.876038 328 ) (-76 463.793671 328 ) (-76 463.793671 249.472015 ) (-76 360.876038 249.472015 ) 
4 89 94 (-76 463.793671 328 ) (-76 476 328 ) (-76 476 249.472015 ) (-76 463.793671 249.472015 ) 
4 89 91 (-64 208 249.472015 ) (-76 208 249.472015 ) (-76 476 249.472015 ) (-64 476 249.472015 ) 
4 89 92 (-76 208 328 ) (-76 208 249.472015 ) (-64 208 249.472015 ) (-64 208 328 ) 
4 90 104 (-76 360.876038 32 ) (-76 208 32 ) (-76 208 241.471985 ) (-76 360.876038 124.566948 ) 
4 90 97 (-76 463.793671 32 ) (-76 360.876038 32 ) (-76 360.876038 124.566948 ) (-76 463.793671 45.865341 ) 
4 90 94 (-76 476 32 ) (-76 463.793671 32 ) (-76 463.793671 45.865341 ) (-76 476 36.531097 ) 
4 90 92 (-76 208 241.471985 ) (-76 208 32 ) (-64 208 32 ) (-64 208 241.471985 ) 
4 90 91 (-64 476 36.531418 ) (-76 476 36.531418 ) (-76 208 241.472473 ) (-64 208 241.472473 ) 
4 91 104 (-76 208 241.471985 ) (-76 208 249.472015 ) (-76 360.876038 249.472015 ) (-76 360.876038 124.566940 ) 
4 91 97 (-76 360.876038 249.472015 ) (-76 463.793671 249.472015 ) (-76 463.793671 45.865341 ) (-76 360.876038 124.566940 ) 
4 91 94 (-76 463.793671 249.472015 ) (-76 476 249.472015 ) (-76 476 36.531097 ) (-76 463.793671 45.865341 ) 
4 91 92 (-76 208 249.472015 ) (-76 208 241.471985 ) (-64 208 241.471985 ) (-64 208 249.472015 ) 
4 92 114 (-64 0 328 ) (-76 0 328 ) (-76 0 32 ) (-64 0 32 ) 
4 92 104 (-76 208 32 ) (-76 0 32 ) (-76 0 328 ) (-76 208 328 ) 
4 93 120 (-816 0 136 ) (-816 0 134.985016 ) (-810.505798 0 134.985016 ) (-810.505798 0 136 ) 
4 93 118 (-810.505798 0 328 ) (-816 0 328 ) (-816 0 136 ) (-810.505798 0 136 ) 
4 93 105 (-808.056396 360.876038 328 ) (-810.505920 0 328 ) (-810.505920 0 134.985016 ) (-808.056396 360.876038 134.985016 ) 
4 93 102 (-808.056396 360.876038 136 ) (-808.056396 360.876038 134.985016 ) (-808 369.166992 134.985016 ) (-808 369.166992 136 ) 
4 93 98 (-807.302124 472 328 ) (-808.056396 360.876038 328 ) (-808.056396 360.876038 136 ) (-807.302124 472 136 ) 
4 93 95 (-807.262329 477.867035 134.985016 ) (-807.262329 477.867035 328 ) (-807.302124 472 328 ) (-807.302124 472 134.985016 ) 
4 93 106 (-816 477.867035 328 ) (-816 477.867035 134.985016 ) (-816 0 134.985016 ) (-816 0 328 ) 
4 94 99 (-769.578003 471.576630 98.274605 ) (-769.578003 471.576630 135.376999 ) (-800 471.917999 135.376999 ) (-800 471.917999 128.697754 ) 
4 94 98 (-769.578003 471.576630 135.376999 ) (-769.578003 471.576630 328 ) (-800 471.917999 328 ) (-800 471.917999 135.376999 ) 
5 94 97 (-703.305908 470.832947 32 ) (-76 463.793640 32 ) (-76 463.793640 328 ) (-769.578003 471.576630 328 ) (-769.578003 471.576630 98.274628 ) 
4 94 95 (-800 477.867035 328 ) (-800 477.867035 134.985016 ) (-800 471.919922 134.985016 ) (-800 471.919922 328 ) 
4 95 100 (-806.678955 471.992950 135.376999 ) (-806.286987 471.988556 134.985016 ) (-800 471.917999 134.985016 ) (-800 471.917999 135.376999 ) 
5 95 98 (-807.303711 472 328 ) (-807.303711 472 136.001816 ) (-806.678955 471.992950 135.376999 ) (-800 471.917999 135.376999 ) (-800 471.917999 328 ) 
4 96 104 (-769.578003 360.876038 32 ) (-76 360.876038 32 ) (-76 360.876038 328 ) (-769.578003 360.876038 328 ) 
4 96 103 (-769.578003 368.735809 32 ) (-769.578003 360.876038 32 ) (-769.578003 360.876038 96 ) (-769.578003 368.735809 96 ) 
4 96 98 (-769.578003 360.876038 135.376999 ) (-769.578003 360.876038 328 ) (-769.578003 368.735809 328 ) (-769.578003 368.735809 135.376999 ) 
5 96 97 (-76 360.952789 328 ) (-76 360.952789 32 ) (-704.003967 368 32 ) (-769.578003 368.735779 97.576599 ) (-769.578003 368.735779 328 ) 
4 97 99 (-769.578003 471.578125 135.376999 ) (-769.578003 471.578125 98.274628 ) (-769.578003 368.951019 97.578056 ) (-769.578003 368.951019 135.376999 ) 
4 97 98 (-769.578003 471.578125 328 ) (-769.578003 471.578125 135.376999 ) (-769.578003 368.735809 135.376999 ) (-769.578003 368.735809 328 ) 
5 98 105 (-808.054688 360.876038 328 ) (-808.054688 360.876038 135.998459 ) (-807.433228 360.876038 135.376999 ) (-800 360.876038 135.376999 ) (-800 360.876038 328 ) 
4 98 104 (-800 360.876038 135.376999 ) (-769.578003 360.876038 135.376999 ) (-769.578003 360.876038 328 ) (-800 360.876038 328 ) 
4 98 102 (-807.378235 369.159973 135.376999 ) (-807.434326 360.876038 135.376999 ) (-808.056274 360.876038 135.998901 ) (-808 369.166992 135.998978 ) 
4 98 101 (-807.431396 360.876038 135.376999 ) (-807.376587 368.951019 135.376999 ) (-800.750977 368.951019 135.376999 ) (-800.750977 360.876038 135.376999 ) 
4 98 100 (-807.376587 368.951019 135.376999 ) (-806.677124 471.992188 135.376999 ) (-800 471.917328 135.376999 ) (-800 368.951019 135.376999 ) 
4 98 99 (-800 471.917328 135.376999 ) (-769.578003 471.576172 135.376999 ) (-769.578003 368.951019 135.376999 ) (-800 368.951019 135.376999 ) 
4 99 100 (-800 368.951019 134.985016 ) (-800 368.951019 135.376999 ) (-800 471.918060 135.376999 ) (-800 471.918060 134.985016 ) 
4 100 102 (-806.986206 369.155609 134.985016 ) (-806.987610 368.951019 134.985016 ) (-807.379639 368.951019 135.376999 ) (-807.378235 369.160004 135.376999 ) 
4 100 101 (-800.750977 368.951019 135.376999 ) (-807.382813 368.951019 135.376999 ) (-806.990845 368.951019 134.985016 ) (-800.750977 368.951019 134.985016 ) 
4 101 105 (-807.433228 360.876038 135.376999 ) (-807.041260 360.876038 134.985016 ) (-800.750977 360.876038 134.985016 ) (-800.750977 360.876038 135.376999 ) 
4 101 102 (-807.042358 360.876038 134.985016 ) (-807.434326 360.876038 135.376999 ) (-807.379639 368.951019 135.376999 ) (-806.987610 368.951019 134.985016 ) 
3 102 105 (-808.054688 360.876038 135.998459 ) (-808.054688 360.876038 134.985016 ) (-807.041199 360.876038 134.985016 ) 
4 103 104 (-800 360.876038 32 ) (-769.578003 360.876038 32 ) (-769.578003 360.876038 96 ) (-800 360.876038 96 ) 
4 104 119 (-800 0 136 ) (-800 0 32 ) (-76 0 32 ) (-76 0 136 ) 
4 104 118 (-76 0 328 ) (-800 0 328 ) (-800 0 136 ) (-76 0 136 ) 
4 104 105 (-800 360.876038 328 ) (-800 360.876038 134.985016 ) (-800 0 134.985016 ) (-800 0 328 ) 
4 105 120 (-810.505798 0 136 ) (-810.505798 0 134.985016 ) (-800 0 134.985016 ) (-800 0 136 ) 
4 105 118 (-800 0 328 ) (-810.505798 0 328 ) (-810.505798 0 136 ) (-800 0 136 ) 
4 106 132 (-816 0 328 ) (-992 0 328 ) (-992 0 32 ) (-816 0 32 ) 
4 107 132 (-992 0 328 ) (-816 0 328 ) (-816 -477.867035 328 ) (-992 -477.867035 328 ) 
4 107 118 (-816 0 328 ) (-76 0 328 ) (-76 -477.867035 328 ) (-816 -477.867035 328 ) 
4 107 115 (-64.131897 -212 328 ) (-64.131897 -477.867035 328 ) (-76 -477.867035 328 ) (-76 -212 328 ) 
4 107 114 (-76 0 328 ) (-64.131897 0 328 ) (-64.131897 -212 328 ) (-76 -212 328 ) 
4 107 112 (0 -210 328 ) (0 -477.867035 328 ) (-64.131897 -477.867035 328 ) (-64.131897 -210 328 ) 
4 107 108 (-64.131897 0 328 ) (0 0 328 ) (0 -208 328 ) (-64.131897 -208 328 ) 
4 107 110 (0 -208 328 ) (0 -210 328 ) (-64.131897 -210 328 ) (-64.131897 -208 328 ) 
4 108 111 (-64 -208 248.210007 ) (-64 -208 328 ) (-64 0 328 ) (-64 0 248.210007 ) 
4 108 110 (-64 -208 328 ) (-64 -208 248.210007 ) (0 -208 248.210007 ) (0 -208 328 ) 
4 109 110 (-64 -208 238.205002 ) (-64 -208 32 ) (0 -208 32 ) (0 -208 238.205002 ) 
4 109 111 (-64 0 32 ) (-64 -208 32 ) (-64 -208 238.205002 ) (-64 0 238.205002 ) 
4 110 113 (-64.131897 -210 240 ) (-64.131897 -210 32 ) (0 -210 32 ) (0 -210 240 ) 
4 110 112 (-64.131897 -210 328 ) (-64.131897 -210 248 ) (0 -210 248 ) (0 -210 328 ) 
4 110 111 (-64 -208 32 ) (-64 -210 32 ) (-64 -210 328 ) (-64 -208 328 ) 
4 111 114 (-64.131897 0 32 ) (-64.131897 -210 32 ) (-64.131897 -210 328 ) (-64.131897 0 328 ) 
4 112 115 (-64.131897 -477.867035 248 ) (-64.131897 -477.867035 328 ) (-64.131897 -212 328 ) (-64.131897 -212 248 ) 
4 112 114 (-64.131897 -212 328 ) (-64.131897 -210 328 ) (-64.131897 -210 248 ) (-64.131897 -212 248 ) 
4 113 116 (-64.131897 -212 32 ) (-64.131897 -477.867035 32 ) (-64.131897 -477.867035 35.160679 ) (-64.131897 -212 238.470612 ) 
4 113 114 (-64.131897 -210 32 ) (-64.131897 -212 32 ) (-64.131897 -212 238.470612 ) (-64.131897 -210 240 ) 
4 114 119 (-76 0 32 ) (-76 -212 32 ) (-76 -212 136 ) (-76 0 136 ) 
4 114 118 (-76 -212 136 ) (-76 -212 328 ) (-76 0 328 ) (-76 0 136 ) 
4 114 117 (-76 -212 247.472015 ) (-76 -212 239.464615 ) (-64.131897 -212 239.464600 ) (-64.131897 -212 247.472015 ) 
4 114 116 (-76 -212 239.464615 ) (-76 -212 32 ) (-64.131897 -212 32 ) (-64.131897 -212 239.464600 ) 
4 114 115 (-76 -212 328 ) (-76 -212 247.472015 ) (-64.131897 -212 247.472015 ) (-64.131897 -212 328 ) 
4 115 118 (-76 -477.867035 247.472015 ) (-76 -477.867035 328 ) (-76 -212 328 ) (-76 -212 247.472015 ) 
4 115 117 (-76 -477.867035 247.472015 ) (-76 -212 247.472015 ) (-64.131897 -212 247.472015 ) (-64.131897 -477.867035 247.472015 ) 
4 116 123 (-76 -376.124329 32 ) (-76 -477.867035 32 ) (-76 -477.867035 36.154819 ) (-76 -376.124329 113.957947 ) 
4 116 122 (-76 -360.601013 32 ) (-76 -376.124329 32 ) (-76 -376.124329 113.957947 ) (-76 -360.601013 125.828690 ) 
5 116 119 (-76 -212 32 ) (-76 -360.601013 32 ) (-76 -360.601013 125.828690 ) (-76 -347.300049 136 ) (-76 -212 136 ) 
3 116 118 (-76 -347.300049 136 ) (-76 -212 239.464615 ) (-76 -212 136 ) 
4 116 117 (-64.131897 -212 239.464188 ) (-76 -212 239.464188 ) (-76 -477.867035 36.154358 ) (-64.131897 -477.867035 36.156250 ) 
4 117 123 (-76 -477.867035 36.154819 ) (-76 -477.867035 136 ) (-76 -376.124329 136 ) (-76 -376.124329 113.957954 ) 
4 117 122 (-76 -376.124329 136 ) (-76 -360.601013 136 ) (-76 -360.601013 125.828712 ) (-76 -376.124329 113.957954 ) 
3 117 119 (-76 -360.601013 136 ) (-76 -347.300079 136 ) (-76 -360.601013 125.828712 ) 
5 117 118 (-76 -477.867035 136 ) (-76 -477.867035 247.472015 ) (-76 -212 247.472015 ) (-76 -212 239.464615 ) (-76 -347.300079 136 ) 
4 118 132 (-816 -477.867035 136 ) (-816 -477.867035 328 ) (-816 0 328 ) (-816 0 136 ) 
4 118 129 (-816 -470.661224 136 ) (-816 -367.820404 136 ) (-799.996033 -368 136 ) (-800.694031 -470.833008 136 ) 
4 118 128 (-816 -477.867035 136 ) (-816 -470.661224 136 ) (-800.694031 -470.833008 136 ) (-800.741760 -477.867035 136 ) 
4 118 127 (-816 -367.820404 136 ) (-816 -360.601013 136 ) (-799.945801 -360.601013 136 ) (-799.996033 -368 136 ) 
4 118 126 (-799.945801 -360.601013 136 ) (-799.249023 -360.601013 136 ) (-799.249023 -477.867035 136 ) (-800.741760 -477.867035 136 ) 
4 118 124 (-768.451050 -368.299988 136 ) (-768.451050 -471.194824 136 ) (-799.249023 -470.849213 136 ) (-799.249023 -368.299988 136 ) 
5 118 123 (-76 -376.124329 136 ) (-76 -477.867035 136 ) (-173.858521 -477.867035 136 ) (-768.451050 -471.194824 136 ) (-768.451050 -368.353973 136 ) 
4 118 122 (-768.451050 -360.601013 136 ) (-76 -360.601013 136 ) (-76 -376.124329 136 ) (-768.451050 -368.353973 136 ) 
3 118 121 (-173.858521 -477.867035 136 ) (-799.249023 -477.867035 136 ) (-799.249023 -470.849213 136 ) 
4 118 120 (-816 -360.601013 136 ) (-816 0 136 ) (-800 0 136 ) (-800 -360.601013 136 ) 
4 118 119 (-800 0 136 ) (-76 0 136 ) (-76 -360.601013 136 ) (-800 -360.601013 136 ) 
4 119 130 (-800 -360.601013 134.985016 ) (-800 -360.601013 32 ) (-799.249023 -360.601013 32 ) (-799.249023 -360.601013 134.985016 ) 
5 119 127 (-799.945801 -360.601013 136 ) (-800 -360.601013 136 ) (-800 -360.601013 134.985016 ) (-799.249023 -360.601013 134.985016 ) (-799.249023 -360.601013 135.303253 ) 
3 119 126 (-799.249023 -360.601013 136 ) (-799.945801 -360.601013 136 ) (-799.249023 -360.601013 135.303253 ) 
4 119 125 (-799.249023 -360.601013 104 ) (-799.249023 -360.601013 32 ) (-768.451050 -360.601013 32 ) (-768.451050 -360.601013 104 ) 
4 119 122 (-76 -360.601013 32 ) (-76 -360.601013 136 ) (-768.451050 -360.601013 136 ) (-768.451050 -360.601013 32 ) 
4 119 120 (-800 -360.601013 134.985016 ) (-800 -360.601013 136 ) (-800 0 136 ) (-800 0 134.985016 ) 
4 120 132 (-816 -360.601013 134.985016 ) (-816 -360.601013 136 ) (-816 0 136 ) (-816 0 134.985016 ) 
4 120 127 (-800 -360.601013 136 ) (-816 -360.601013 136 ) (-816 -360.601013 134.985016 ) (-800 -360.601013 134.985016 ) 
4 121 131 (-799.249023 -470.849182 32 ) (-799.249023 -477.867035 32 ) (-799.249023 -477.867035 134.507324 ) (-799.249023 -470.849213 134.554977 ) 
4 121 126 (-799.249023 -477.867035 134.507324 ) (-799.249023 -477.867035 136 ) (-799.249023 -470.849213 136 ) (-799.249023 -470.849213 134.554977 ) 
4 121 124 (-799.249023 -470.849182 134.554993 ) (-799.249023 -470.849182 136 ) (-768.451050 -471.194794 136 ) (-768.451050 -471.194794 103.755852 ) 
5 121 123 (-768.451050 -471.194794 136 ) (-173.855347 -477.867035 136 ) (-173.855362 -477.867035 32 ) (-696.697937 -472 32 ) (-768.451050 -471.194794 103.755852 ) 
4 122 125 (-768.451050 -360.601013 104 ) (-768.451050 -360.601013 32 ) (-768.451050 -368.353973 32 ) (-768.451050 -368.353973 104 ) 
5 122 123 (-768.451050 -368.354034 136 ) (-768.451050 -368.354034 104.453888 ) (-696 -369.167053 32 ) (-76 -376.124390 32 ) (-76 -376.124390 136 ) 
4 123 124 (-768.451050 -471.195313 103.755852 ) (-768.451050 -471.195313 136 ) (-768.451050 -368.353973 136 ) (-768.451050 -368.353973 104.453888 ) 
4 124 126 (-799.249023 -368.299988 135.251007 ) (-799.249023 -470.849213 134.554993 ) (-799.249023 -470.849213 136 ) (-799.249023 -368.299988 136 ) 
4 125 130 (-799.249023 -360.601013 104 ) (-799.249023 -360.601013 32 ) (-799.249023 -368.008362 32 ) (-799.249023 -368.008362 104 ) 
4 126 131 (-799.249023 -470.849182 134.554657 ) (-799.249023 -477.867035 134.507019 ) (-799.726807 -477.867035 134.985016 ) (-799.679138 -470.844391 134.985016 ) 
4 126 128 (-800.741272 -477.867035 136 ) (-800.693542 -470.833008 136 ) (-799.679138 -470.844391 134.985016 ) (-799.726807 -477.867035 134.985016 ) 
4 126 127 (-799.995544 -368 136 ) (-799.945313 -360.601013 136 ) (-799.249023 -360.601013 135.302948 ) (-799.249023 -368.008362 135.252670 ) 
4 127 132 (-816 -367.820404 136 ) (-816 -360.601013 136 ) (-816 -360.601013 134.985016 ) (-816 -367.820404 134.985016 ) 
4 127 130 (-800 -360.601013 134.985016 ) (-799.249023 -360.601013 134.985016 ) (-799.249023 -368.008362 134.985016 ) (-800 -368 134.985016 ) 
4 127 129 (-816 -367.820374 134.985016 ) (-799.995911 -368 134.985016 ) (-799.995972 -368 136 ) (-816 -367.820374 136 ) 
4 128 132 (-816 -477.867035 134.985016 ) (-816 -477.867035 136 ) (-816 -470.661224 136 ) (-816 -470.661224 134.985016 ) 
4 128 131 (-799.676453 -470.844421 134.985016 ) (-799.724121 -477.867035 134.985016 ) (-800 -477.867035 134.985016 ) (-800 -470.840790 134.985016 ) 
5 128 129 (-800.693970 -470.833008 134.985016 ) (-816 -470.661255 134.985016 ) (-816 -470.661255 136 ) (-800.702148 -470.832916 136 ) (-800.693970 -470.833008 135.991821 ) 
4 129 132 (-816 -470.661224 136 ) (-816 -367.820404 136 ) (-816 -367.820404 134.985016 ) (-816 -470.661224 134.985016 ) 
