


materialPath: D:\Steam\steamapps\common\Counter-Strike Global Offensive\csgo\materials
Loading D:\OneDrive\Desktop\csgo\hammer maps\Level Playing Field\updated\updated 2\achievement_level_playing_field.vmf
Map revision 136
fixing up env_cubemap materials on brush sides...
0...1...2...3...4...5...6...7...8...9...100...1...2...3...4...5...6...7...8...9...10Processing areas...done (0)
Building Faces...done (0)
Chop Details...done (0)
Find Visible Detail Sides...done (0)
Merging details...done (0)
FixTjuncs...
PruneNodes...
WriteBSP...
done (0)
writing D:\OneDrive\Desktop\csgo\hammer maps\Level Playing Field\updated\updated 2\achievement_level_playing_field.prt...Building visibility clusters...
AutoVisClustering (threshold=-1) matched 0 leafs.
done (0)
Finding displacement neighbors...
Finding lightmap sample positions...
Displacement Alpha : 0...1...2...3...4...5...6...7...8...9...10
Building Physics collision data...
done (0) (40127 bytes)
Placing detail props : 0...1...2...3...4...5...6...7...8...9...10
Compacting texture/material tables...
Reduced 77 texinfos to 64
Reduced 7 texdatas to 7 (140 bytes to 140)
Writing D:\OneDrive\Desktop\csgo\hammer maps\Level Playing Field\updated\updated 2\achievement_level_playing_field.bsp
MSG_FILEWRITE - Filesystem was asked to write to 'd:\onedrive\desktop\csgo\hammer maps\level playing field\updated\updated 2\achievement_level_playing_field.bsp', but we don't own that location. Allowing...
0 seconds elapsed



16 threads
reading d:\onedrive\desktop\csgo\hammer maps\level playing field\updated\updated 2\achievement_level_playing_field.bsp
reading d:\onedrive\desktop\csgo\hammer maps\level playing field\updated\updated 2\achievement_level_playing_field.prt
  15 portalclusters
  12 numportals
0...1...2...3...4...5...6...7...8...9...10Optimized: 0 visible clusters (0.00%)
Total clusters visible: 45
Average clusters visible: 3
Building PAS...
Average clusters audible: 3
visdatasize:208  compressed from 240
writing d:\onedrive\desktop\csgo\hammer maps\level playing field\updated\updated 2\achievement_level_playing_field.bsp
MSG_FILEWRITE - Filesystem was asked to write to 'd:\onedrive\desktop\csgo\hammer maps\level playing field\updated\updated 2\achievement_level_playing_field.bsp', but we don't own that location. Allowing...
0 seconds elapsed



[Reading texlights from 'lights.rad']
[17 texlights parsed from 'lights.rad']

Loading d:\onedrive\desktop\csgo\hammer maps\level playing field\updated\updated 2\achievement_level_playing_field.bsp
225 faces
13468 square feet [1939432.75 square inches]
0 Displacements
0 Square Feet [0.00 Square Inches]
225 patches before subdivision
1083 patches after subdivision
2 direct lights
0...1...2...3...4...5...6...7...8...9...100...1...2...3...4...5...6...7...8...9...10transfers 26553, max 93
transfer lists:   0.2 megs
0...1...2...3...4...5...6...7...8...9...10	Bounce #1 added RGB(7234, 2034, 20)
0...1...2...3...4...5...6...7...8...9...10	Bounce #2 added RGB(4381, 346, 0)
0...1...2...3...4...5...6...7...8...9...10	Bounce #3 added RGB(2835, 63, 0)
0...1...2...3...4...5...6...7...8...9...10	Bounce #4 added RGB(1818, 11, 0)
0...1...2...3...4...5...6...7...8...9...10	Bounce #5 added RGB(1174, 2, 0)
0...1...2...3...4...5...6...7...8...9...10	Bounce #6 added RGB(758, 0, 0)
0...1...2...3...4...5...6...7...8...9...10	Bounce #7 added RGB(490, 0, 0)
0...1...2...3...4...5...6...7...8...9...10	Bounce #8 added RGB(318, 0, 0)
0...1...2...3...4...5...6...7...8...9...10	Bounce #9 added RGB(206, 0, 0)
0...1...2...3...4...5...6...7...8...9...10	Bounce #10 added RGB(134, 0, 0)
0...1...2...3...4...5...6...7...8...9...10	Bounce #11 added RGB(87, 0, 0)
0...1...2...3...4...5...6...7...8...9...10	Bounce #12 added RGB(57, 0, 0)
0...1...2...3...4...5...6...7...8...9...10	Bounce #13 added RGB(37, 0, 0)
0...1...2...3...4...5...6...7...8...9...10	Bounce #14 added RGB(24, 0, 0)
0...1...2...3...4...5...6...7...8...9...10	Bounce #15 added RGB(16, 0, 0)
0...1...2...3...4...5...6...7...8...9...10	Bounce #16 added RGB(10, 0, 0)
0...1...2...3...4...5...6...7...8...9...10	Bounce #17 added RGB(7, 0, 0)
0...1...2...3...4...5...6...7...8...9...10	Bounce #18 added RGB(4, 0, 0)
0...1...2...3...4...5...6...7...8...9...10	Bounce #19 added RGB(3, 0, 0)
0...1...2...3...4...5...6...7...8...9...10	Bounce #20 added RGB(2, 0, 0)
0...1...2...3...4...5...6...7...8...9...10	Bounce #21 added RGB(1, 0, 0)
0...1...2...3...4...5...6...7...8...9...10	Bounce #22 added RGB(1, 0, 0)
Build Patch/Sample Hash Table(s).....Done<0.0002 sec>
0...1...2...3...4...5...6...7...8...9...10FinalLightFace Done
0 of 0 (0% of) surface lights went in leaf ambient cubes.
0...1...2...3...4...5...6...7...8...9...10Writing leaf ambient...done
Ready to Finish

Object names       Objects/Maxobjs  Memory / Maxmem  Fullness 
------------       ---------------  ---------------  -------- 
models                  28/1024         1344/49152    ( 2.7%) 
brushes                 83/8192          996/98304    ( 1.0%) 
brushsides             510/81920        4080/655360   ( 0.6%) 
planes                 296/65536        5920/1310720  ( 0.5%) 
vertexes               382/65536        4584/786432   ( 0.6%) 
nodes                  220/65536        7040/2097152  ( 0.3%) 
texinfos                64/12288        4608/884736   ( 0.5%) 
texdata                  7/4096          224/131072   ( 0.2%) 
dispinfos                0/0               0/0        ( 0.0%) 
disp_verts               0/0               0/0        ( 0.0%) 
disp_tris                0/0               0/0        ( 0.0%) 
disp_multiblend          0/0               0/0        ( 0.0%) 
disp_lmsamples           0/0               0/0        ( 0.0%) 
faces                  225/65536       12600/3670016  ( 0.3%) 
hdr faces                0/65536           0/3670016  ( 0.0%) 
origfaces              200/65536       11200/3670016  ( 0.3%) 
facebrushes             16/0              32/0        ( 0.0%) 
facebrushlists         225/0             900/0        ( 0.0%) 
leaves                 249/65536        7968/2097152  ( 0.4%) 
leaffaces              237/65536         474/131072   ( 0.4%) 
leafbrushes            126/65536         252/131072   ( 0.2%) 
areas                    6/1024           48/8192     ( 0.6%) 
surfedges             1728/512000       6912/2048000  ( 0.3%) 
edges                  937/256000       3748/1024000  ( 0.4%) 
LDR worldlights          2/8192          200/819200   ( 0.0%) 
HDR worldlights          0/8192            0/819200   ( 0.0%) 
leafwaterdata            0/32768           0/393216   ( 0.0%) 
waterstrips              1/32768          10/327680   ( 0.0%) 
waterverts               0/65536           0/786432   ( 0.0%) 
waterindices            18/65536          36/131072   ( 0.0%) 
cubemapsamples           0/1024            0/16384    ( 0.0%) 
overlays                 0/1024            0/360448   ( 0.0%) 
LDR lightdata         [variable]       41376/0        ( 0.0%) 
HDR lightdata         [variable]           0/0        ( 0.0%) 
visdata               [variable]         208/16777216 ( 0.0%) 
entdata               [variable]       15615/393216   ( 4.0%) 
LDR ambient table      249/65536         996/262144   ( 0.4%) 
HDR ambient table      249/65536         996/262144   ( 0.4%) 
LDR leaf ambient       347/65536        9716/1835008  ( 0.5%) 
HDR leaf ambient       249/65536        6972/1835008  ( 0.4%) 
occluders                0/0               0/0        ( 0.0%) 
occluder polygons        0/0               0/0        ( 0.0%) 
occluder vert ind        0/0               0/0        ( 0.0%) 
detail props          [variable]           1/12       ( 8.3%) 
static props          [variable]           1/12       ( 8.3%) 
pakfile               [variable]       74522/0        ( 0.0%) 
physics               [variable]       40127/4194304  ( 1.0%) 
physics terrain       [variable]           2/1048576  ( 0.0%) 

Level flags = 7c

Total triangle count: 478
Writing d:\onedrive\desktop\csgo\hammer maps\level playing field\updated\updated 2\achievement_level_playing_field.bsp
MSG_FILEWRITE - Filesystem was asked to write to 'd:\onedrive\desktop\csgo\hammer maps\level playing field\updated\updated 2\achievement_level_playing_field.bsp', but we don't own that location. Allowing...
0 seconds elapsed



materialPath: D:\Steam\steamapps\common\Counter-Strike Global Offensive\csgo\materials
Loading d:\onedrive\desktop\csgo\hammer maps\level playing field\updated\updated 2\achievement_level_playing_field.vmf
Map revision 137
fixing up env_cubemap materials on brush sides...
0...1...2...3...4...5...6...7...8...9...100...1...2...3...4...5...6...7...8...9...10Processing areas...done (0)
Building Faces...done (0)
Chop Details...done (0)
Find Visible Detail Sides...done (0)
Merging details...done (0)
FixTjuncs...
PruneNodes...
WriteBSP...
done (0)
writing d:\onedrive\desktop\csgo\hammer maps\level playing field\updated\updated 2\achievement_level_playing_field.prt...Building visibility clusters...
AutoVisClustering (threshold=-1) matched 0 leafs.
done (0)
Finding displacement neighbors...
Finding lightmap sample positions...
Displacement Alpha : 0...1...2...3...4...5...6...7...8...9...10
Building Physics collision data...
done (0) (40127 bytes)
Placing detail props : 0...1...2...3...4...5...6...7...8...9...10
Compacting texture/material tables...
Reduced 77 texinfos to 64
Reduced 7 texdatas to 7 (140 bytes to 140)
Writing d:\onedrive\desktop\csgo\hammer maps\level playing field\updated\updated 2\achievement_level_playing_field.bsp
MSG_FILEWRITE - Filesystem was asked to write to 'd:\onedrive\desktop\csgo\hammer maps\level playing field\updated\updated 2\achievement_level_playing_field.bsp', but we don't own that location. Allowing...
0 seconds elapsed



24 threads
reading d:\onedrive\desktop\csgo\hammer maps\level playing field\updated\updated 2\achievement_level_playing_field.bsp
reading d:\onedrive\desktop\csgo\hammer maps\level playing field\updated\updated 2\achievement_level_playing_field.prt
  15 portalclusters
  12 numportals
0...1...2...3...4...5...6...7...8...9...100...1...2...3...4...5...6...7...8...9...10Optimized: 0 visible clusters (0.00%)
Total clusters visible: 45
Average clusters visible: 3
Building PAS...
Average clusters audible: 3
visdatasize:208  compressed from 240
writing d:\onedrive\desktop\csgo\hammer maps\level playing field\updated\updated 2\achievement_level_playing_field.bsp
MSG_FILEWRITE - Filesystem was asked to write to 'd:\onedrive\desktop\csgo\hammer maps\level playing field\updated\updated 2\achievement_level_playing_field.bsp', but we don't own that location. Allowing...
0 seconds elapsed



[Reading texlights from 'lights.rad']
[17 texlights parsed from 'lights.rad']

Loading d:\onedrive\desktop\csgo\hammer maps\level playing field\updated\updated 2\achievement_level_playing_field.bsp
225 faces
13468 square feet [1939432.75 square inches]
0 Displacements
0 Square Feet [0.00 Square Inches]
225 patches before subdivision
1083 patches after subdivision
2 direct lights
0...1...2...3...4...5...6...7...8...9...100...1...2...3...4...5...6...7...8...9...10transfers 26553, max 93
transfer lists:   0.2 megs
0...1...2...3...4...5...6...7...8...9...10	Bounce #1 added RGB(7234, 2034, 20)
0...1...2...3...4...5...6...7...8...9...10	Bounce #2 added RGB(4381, 346, 0)
0...1...2...3...4...5...6...7...8...9...10	Bounce #3 added RGB(2835, 63, 0)
0...1...2...3...4...5...6...7...8...9...10	Bounce #4 added RGB(1818, 11, 0)
0...1...2...3...4...5...6...7...8...9...10	Bounce #5 added RGB(1174, 2, 0)
0...1...2...3...4...5...6...7...8...9...10	Bounce #6 added RGB(758, 0, 0)
0...1...2...3...4...5...6...7...8...9...10	Bounce #7 added RGB(490, 0, 0)
0...1...2...3...4...5...6...7...8...9...10	Bounce #8 added RGB(318, 0, 0)
0...1...2...3...4...5...6...7...8...9...10	Bounce #9 added RGB(206, 0, 0)
0...1...2...3...4...5...6...7...8...9...10	Bounce #10 added RGB(134, 0, 0)
0...1...2...3...4...5...6...7...8...9...10	Bounce #11 added RGB(87, 0, 0)
0...1...2...3...4...5...6...7...8...9...10	Bounce #12 added RGB(57, 0, 0)
0...1...2...3...4...5...6...7...8...9...10	Bounce #13 added RGB(37, 0, 0)
0...1...2...3...4...5...6...7...8...9...10	Bounce #14 added RGB(24, 0, 0)
0...1...2...3...4...5...6...7...8...9...10	Bounce #15 added RGB(16, 0, 0)
0...1...2...3...4...5...6...7...8...9...10	Bounce #16 added RGB(10, 0, 0)
0...1...2...3...4...5...6...7...8...9...10	Bounce #17 added RGB(7, 0, 0)
0...1...2...3...4...5...6...7...8...9...10	Bounce #18 added RGB(4, 0, 0)
0...1...2...3...4...5...6...7...8...9...10	Bounce #19 added RGB(3, 0, 0)
0...1...2...3...4...5...6...7...8...9...10	Bounce #20 added RGB(2, 0, 0)
0...1...2...3...4...5...6...7...8...9...10	Bounce #21 added RGB(1, 0, 0)
0...1...2...3...4...5...6...7...8...9...10	Bounce #22 added RGB(1, 0, 0)
Build Patch/Sample Hash Table(s).....Done<0.0002 sec>
0...1...2...3...4...5...6...7...8...9...10FinalLightFace Done
0 of 0 (0% of) surface lights went in leaf ambient cubes.
0...1...2...3...4...5...6...7...8...9...10Writing leaf ambient...done
Ready to Finish

Object names       Objects/Maxobjs  Memory / Maxmem  Fullness 
------------       ---------------  ---------------  -------- 
models                  28/1024         1344/49152    ( 2.7%) 
brushes                 83/8192          996/98304    ( 1.0%) 
brushsides             510/81920        4080/655360   ( 0.6%) 
planes                 296/65536        5920/1310720  ( 0.5%) 
vertexes               382/65536        4584/786432   ( 0.6%) 
nodes                  220/65536        7040/2097152  ( 0.3%) 
texinfos                64/12288        4608/884736   ( 0.5%) 
texdata                  7/4096          224/131072   ( 0.2%) 
dispinfos                0/0               0/0        ( 0.0%) 
disp_verts               0/0               0/0        ( 0.0%) 
disp_tris                0/0               0/0        ( 0.0%) 
disp_multiblend          0/0               0/0        ( 0.0%) 
disp_lmsamples           0/0               0/0        ( 0.0%) 
faces                  225/65536       12600/3670016  ( 0.3%) 
hdr faces                0/65536           0/3670016  ( 0.0%) 
origfaces              200/65536       11200/3670016  ( 0.3%) 
facebrushes             16/0              32/0        ( 0.0%) 
facebrushlists         225/0             900/0        ( 0.0%) 
leaves                 249/65536        7968/2097152  ( 0.4%) 
leaffaces              237/65536         474/131072   ( 0.4%) 
leafbrushes            126/65536         252/131072   ( 0.2%) 
areas                    6/1024           48/8192     ( 0.6%) 
surfedges             1728/512000       6912/2048000  ( 0.3%) 
edges                  937/256000       3748/1024000  ( 0.4%) 
LDR worldlights          2/8192          200/819200   ( 0.0%) 
HDR worldlights          0/8192            0/819200   ( 0.0%) 
leafwaterdata            0/32768           0/393216   ( 0.0%) 
waterstrips              1/32768          10/327680   ( 0.0%) 
waterverts               0/65536           0/786432   ( 0.0%) 
waterindices            18/65536          36/131072   ( 0.0%) 
cubemapsamples           0/1024            0/16384    ( 0.0%) 
overlays                 0/1024            0/360448   ( 0.0%) 
LDR lightdata         [variable]       41376/0        ( 0.0%) 
HDR lightdata         [variable]           0/0        ( 0.0%) 
visdata               [variable]         208/16777216 ( 0.0%) 
entdata               [variable]       15615/393216   ( 4.0%) 
LDR ambient table      249/65536         996/262144   ( 0.4%) 
HDR ambient table      249/65536         996/262144   ( 0.4%) 
LDR leaf ambient       347/65536        9716/1835008  ( 0.5%) 
HDR leaf ambient       249/65536        6972/1835008  ( 0.4%) 
occluders                0/0               0/0        ( 0.0%) 
occluder polygons        0/0               0/0        ( 0.0%) 
occluder vert ind        0/0               0/0        ( 0.0%) 
detail props          [variable]           1/12       ( 8.3%) 
static props          [variable]           1/12       ( 8.3%) 
pakfile               [variable]       74522/0        ( 0.0%) 
physics               [variable]       40127/4194304  ( 1.0%) 
physics terrain       [variable]           2/1048576  ( 0.0%) 

Level flags = 7c

Total triangle count: 478
Writing d:\onedrive\desktop\csgo\hammer maps\level playing field\updated\updated 2\achievement_level_playing_field.bsp
MSG_FILEWRITE - Filesystem was asked to write to 'd:\onedrive\desktop\csgo\hammer maps\level playing field\updated\updated 2\achievement_level_playing_field.bsp', but we don't own that location. Allowing...
0 seconds elapsed



materialPath: D:\Steam\steamapps\common\Counter-Strike Global Offensive\csgo\materials
Loading D:\OneDrive\Desktop\csgo\hammer maps\Level Playing Field\updated\updated 2\achievement_level_playing_field.vmf
Map revision 137
fixing up env_cubemap materials on brush sides...
0...1...2...3...4...5...6...7...8...9...100...1...2...3...4...5...6...7...8...9...10Processing areas...done (0)
Building Faces...done (0)
Chop Details...done (0)
Find Visible Detail Sides...done (0)
Merging details...done (0)
FixTjuncs...
PruneNodes...
WriteBSP...
done (0)
writing D:\OneDrive\Desktop\csgo\hammer maps\Level Playing Field\updated\updated 2\achievement_level_playing_field.prt...Building visibility clusters...
AutoVisClustering (threshold=-1) matched 0 leafs.
done (0)
Finding displacement neighbors...
Finding lightmap sample positions...
Displacement Alpha : 0...1...2...3...4...5...6...7...8...9...10
Building Physics collision data...
done (0) (40127 bytes)
Placing detail props : 0...1...2...3...4...5...6...7...8...9...10
Compacting texture/material tables...
Reduced 77 texinfos to 64
Reduced 7 texdatas to 7 (140 bytes to 140)
Writing D:\OneDrive\Desktop\csgo\hammer maps\Level Playing Field\updated\updated 2\achievement_level_playing_field.bsp
MSG_FILEWRITE - Filesystem was asked to write to 'd:\onedrive\desktop\csgo\hammer maps\level playing field\updated\updated 2\achievement_level_playing_field.bsp', but we don't own that location. Allowing...
0 seconds elapsed



24 threads
reading d:\onedrive\desktop\csgo\hammer maps\level playing field\updated\updated 2\achievement_level_playing_field.bsp
reading d:\onedrive\desktop\csgo\hammer maps\level playing field\updated\updated 2\achievement_level_playing_field.prt
  15 portalclusters
  12 numportals
0...1...2...3...4...5...6...7...8...9...10Optimized: 0 visible clusters (0.00%)
Total clusters visible: 45
Average clusters visible: 3
Building PAS...
Average clusters audible: 3
visdatasize:208  compressed from 240
writing d:\onedrive\desktop\csgo\hammer maps\level playing field\updated\updated 2\achievement_level_playing_field.bsp
MSG_FILEWRITE - Filesystem was asked to write to 'd:\onedrive\desktop\csgo\hammer maps\level playing field\updated\updated 2\achievement_level_playing_field.bsp', but we don't own that location. Allowing...
0 seconds elapsed



[Reading texlights from 'lights.rad']
[17 texlights parsed from 'lights.rad']

Loading d:\onedrive\desktop\csgo\hammer maps\level playing field\updated\updated 2\achievement_level_playing_field.bsp
225 faces
13468 square feet [1939432.75 square inches]
0 Displacements
0 Square Feet [0.00 Square Inches]
225 patches before subdivision
1083 patches after subdivision
2 direct lights
0...1...2...3...4...5...6...7...8...9...100...1...2...3...4...5...6...7...8...9...10transfers 26553, max 93
transfer lists:   0.2 megs
0...1...2...3...4...5...6...7...8...9...10	Bounce #1 added RGB(7204, 2025, 20)
0...1...2...3...4...5...6...7...8...9...10	Bounce #2 added RGB(4361, 345, 0)
0...1...2...3...4...5...6...7...8...9...10	Bounce #3 added RGB(2822, 63, 0)
0...1...2...3...4...5...6...7...8...9...10	Bounce #4 added RGB(1809, 11, 0)
0...1...2...3...4...5...6...7...8...9...10	Bounce #5 added RGB(1168, 2, 0)
0...1...2...3...4...5...6...7...8...9...10	Bounce #6 added RGB(754, 0, 0)
0...1...2...3...4...5...6...7...8...9...10	Bounce #7 added RGB(488, 0, 0)
0...1...2...3...4...5...6...7...8...9...10	Bounce #8 added RGB(316, 0, 0)
0...1...2...3...4...5...6...7...8...9...10	Bounce #9 added RGB(205, 0, 0)
0...1...2...3...4...5...6...7...8...9...10	Bounce #10 added RGB(133, 0, 0)
0...1...2...3...4...5...6...7...8...9...10	Bounce #11 added RGB(87, 0, 0)
0...1...2...3...4...5...6...7...8...9...10	Bounce #12 added RGB(56, 0, 0)
0...1...2...3...4...5...6...7...8...9...10	Bounce #13 added RGB(37, 0, 0)
0...1...2...3...4...5...6...7...8...9...10	Bounce #14 added RGB(24, 0, 0)
0...1...2...3...4...5...6...7...8...9...10	Bounce #15 added RGB(16, 0, 0)
0...1...2...3...4...5...6...7...8...9...10	Bounce #16 added RGB(10, 0, 0)
0...1...2...3...4...5...6...7...8...9...10	Bounce #17 added RGB(7, 0, 0)
0...1...2...3...4...5...6...7...8...9...10	Bounce #18 added RGB(4, 0, 0)
0...1...2...3...4...5...6...7...8...9...10	Bounce #19 added RGB(3, 0, 0)
0...1...2...3...4...5...6...7...8...9...10	Bounce #20 added RGB(2, 0, 0)
0...1...2...3...4...5...6...7...8...9...10	Bounce #21 added RGB(1, 0, 0)
0...1...2...3...4...5...6...7...8...9...10	Bounce #22 added RGB(1, 0, 0)
Build Patch/Sample Hash Table(s).....Done<0.0002 sec>
0...1...2...3...4...5...6...7...8...9...10FinalLightFace Done
0 of 0 (0% of) surface lights went in leaf ambient cubes.
0...1...2...3...4...5...6...7...8...9...10Writing leaf ambient...done
Ready to Finish

Object names       Objects/Maxobjs  Memory / Maxmem  Fullness 
------------       ---------------  ---------------  -------- 
models                  28/1024         1344/49152    ( 2.7%) 
brushes                 83/8192          996/98304    ( 1.0%) 
brushsides             510/81920        4080/655360   ( 0.6%) 
planes                 296/65536        5920/1310720  ( 0.5%) 
vertexes               382/65536        4584/786432   ( 0.6%) 
nodes                  220/65536        7040/2097152  ( 0.3%) 
texinfos                64/12288        4608/884736   ( 0.5%) 
texdata                  7/4096          224/131072   ( 0.2%) 
dispinfos                0/0               0/0        ( 0.0%) 
disp_verts               0/0               0/0        ( 0.0%) 
disp_tris                0/0               0/0        ( 0.0%) 
disp_multiblend          0/0               0/0        ( 0.0%) 
disp_lmsamples           0/0               0/0        ( 0.0%) 
faces                  225/65536       12600/3670016  ( 0.3%) 
hdr faces                0/65536           0/3670016  ( 0.0%) 
origfaces              200/65536       11200/3670016  ( 0.3%) 
facebrushes             16/0              32/0        ( 0.0%) 
facebrushlists         225/0             900/0        ( 0.0%) 
leaves                 249/65536        7968/2097152  ( 0.4%) 
leaffaces              237/65536         474/131072   ( 0.4%) 
leafbrushes            126/65536         252/131072   ( 0.2%) 
areas                    6/1024           48/8192     ( 0.6%) 
surfedges             1728/512000       6912/2048000  ( 0.3%) 
edges                  937/256000       3748/1024000  ( 0.4%) 
LDR worldlights          2/8192          200/819200   ( 0.0%) 
HDR worldlights          0/8192            0/819200   ( 0.0%) 
leafwaterdata            0/32768           0/393216   ( 0.0%) 
waterstrips              1/32768          10/327680   ( 0.0%) 
waterverts               0/65536           0/786432   ( 0.0%) 
waterindices            18/65536          36/131072   ( 0.0%) 
cubemapsamples           0/1024            0/16384    ( 0.0%) 
overlays                 0/1024            0/360448   ( 0.0%) 
LDR lightdata         [variable]       41376/0        ( 0.0%) 
HDR lightdata         [variable]           0/0        ( 0.0%) 
visdata               [variable]         208/16777216 ( 0.0%) 
entdata               [variable]       15615/393216   ( 4.0%) 
LDR ambient table      249/65536         996/262144   ( 0.4%) 
HDR ambient table      249/65536         996/262144   ( 0.4%) 
LDR leaf ambient       347/65536        9716/1835008  ( 0.5%) 
HDR leaf ambient       249/65536        6972/1835008  ( 0.4%) 
occluders                0/0               0/0        ( 0.0%) 
occluder polygons        0/0               0/0        ( 0.0%) 
occluder vert ind        0/0               0/0        ( 0.0%) 
detail props          [variable]           1/12       ( 8.3%) 
static props          [variable]           1/12       ( 8.3%) 
pakfile               [variable]       74522/0        ( 0.0%) 
physics               [variable]       40127/4194304  ( 1.0%) 
physics terrain       [variable]           2/1048576  ( 0.0%) 

Level flags = 7c

Total triangle count: 478
Writing d:\onedrive\desktop\csgo\hammer maps\level playing field\updated\updated 2\achievement_level_playing_field.bsp
MSG_FILEWRITE - Filesystem was asked to write to 'd:\onedrive\desktop\csgo\hammer maps\level playing field\updated\updated 2\achievement_level_playing_field.bsp', but we don't own that location. Allowing...
0 seconds elapsed
