 <--- Workshop Stats ---> 

ID	2054361098
Unique Visitors:	22
Current Subscribers:	56
Current Favorites:	0

ID	2051948675
Unique Visitors:	347
Current Subscribers:	679
Current Favorites:	5

ID	2051613401
Unique Visitors:	183
Current Subscribers:	473
Current Favorites:	0

ID	2051587736
Unique Visitors:	213
Current Subscribers:	653
Current Favorites:	0

ID	2051046230
Unique Visitors:	64
Current Subscribers:	248
Current Favorites:	0

ID	2050900789
Unique Visitors:	302
Current Subscribers:	1,096
Current Favorites:	1

ID	2050625203
Unique Visitors:	63
Current Subscribers:	195
Current Favorites:	0

ID	2050491893
Unique Visitors:	116
Current Subscribers:	469
Current Favorites:	3

ID	2049823576
Unique Visitors:	365
Current Subscribers:	875
Current Favorites:	5

ID	2048588163
Unique Visitors:	265
Current Subscribers:	791
Current Favorites:	1

ID	2048065424
Unique Visitors:	734
Current Subscribers:	1,688
Current Favorites:	2

ID	2046672717
Unique Visitors:	421
Current Subscribers:	1,221
Current Favorites:	3

ID	2046128036
Unique Visitors:	433
Current Subscribers:	1,125
Current Favorites:	2

ID	2040587802
Unique Visitors:	429
Current Subscribers:	1,135
Current Favorites:	3

ID	2040548010
Unique Visitors:	424
Current Subscribers:	1,169
Current Favorites:	3

ID	2037454855
Unique Visitors:	3,256
Current Subscribers:	10,157
Current Favorites:	42

ID	1907565555
Unique Visitors:	2,736
Current Subscribers:	3,335
Current Favorites:	13

ID	1906438825
Unique Visitors:	1,190
Current Subscribers:	2,826
Current Favorites:	12

ID	1905664098
Unique Visitors:	3,503
Current Subscribers:	5,807
Current Favorites:	22

ID	1904767397
Unique Visitors:	616
Current Subscribers:	1,838
Current Favorites:	7

ID	1899699270
Unique Visitors:	1,064
Current Subscribers:	2,376
Current Favorites:	4

ID	1895914411
Unique Visitors:	162,896
Current Subscribers:	407,558
Current Favorites:	2,799

ID	1892587428
Unique Visitors:	1,590
Current Subscribers:	3,484
Current Favorites:	14

ID	1892350726
Unique Visitors:	1,795
Current Subscribers:	2,901
Current Favorites:	12

ID	1892233659
Unique Visitors:	994
Current Subscribers:	2,263
Current Favorites:	10

ID	1891985627
Unique Visitors:	3,081
Current Subscribers:	3,418
Current Favorites:	22

ID	1891954504
Unique Visitors:	976
Current Subscribers:	2,356
Current Favorites:	8

ID	1891715093
Unique Visitors:	1,783
Current Subscribers:	3,929
Current Favorites:	12

ID	1891107588
Unique Visitors:	7,072
Current Subscribers:	21,885
Current Favorites:	72

ID	1890519597
Unique Visitors:	17,060
Current Subscribers:	46,611
Current Favorites:	286

ID	1886721748
Unique Visitors:	897
Current Subscribers:	2,304
Current Favorites:	6

ID	1885930668
Unique Visitors:	690
Current Subscribers:	3,165
Current Favorites:	11

ID	1882925957
Unique Visitors:	91
Current Subscribers:	178
Current Favorites:	1

ID	1879843508
Unique Visitors:	2,159
Current Subscribers:	4,380
Current Favorites:	11

ID	1877473175
Unique Visitors:	5,222
Current Subscribers:	17,564
Current Favorites:	91

ID	1872955395
Unique Visitors:	18,097
Current Subscribers:	52,840
Current Favorites:	343

ID	1869790195
Unique Visitors:	744
Current Subscribers:	2,378
Current Favorites:	12

ID	1869678452
Unique Visitors:	40,518
Current Subscribers:	62,307
Current Favorites:	681

ID	1868536664
Unique Visitors:	1,424
Current Subscribers:	4,152
Current Favorites:	18

ID	1868003437
Unique Visitors:	347
Current Subscribers:	834
Current Favorites:	1

ID	1867572975
Unique Visitors:	945
Current Subscribers:	1,885
Current Favorites:	5

ID	1867520944
Unique Visitors:	1,819
Current Subscribers:	3,430
Current Favorites:	9

ID	1867473804
Unique Visitors:	2,343
Current Subscribers:	4,432
Current Favorites:	19

ID	1867350439
Unique Visitors:	733
Current Subscribers:	2,017
Current Favorites:	5

ID	1867256798
Unique Visitors:	2,028
Current Subscribers:	4,228
Current Favorites:	17

ID	1865147364
Unique Visitors:	1,299
Current Subscribers:	2,737
Current Favorites:	11

ID	1864499324
Unique Visitors:	2,172
Current Subscribers:	4,661
Current Favorites:	11

ID	1864334444
Unique Visitors:	1,497
Current Subscribers:	3,326
Current Favorites:	11

ID	1856806104
Unique Visitors:	3,293
Current Subscribers:	7,895
Current Favorites:	31

ID	1814140726
Unique Visitors:	4,851
Current Subscribers:	7,657
Current Favorites:	40

ID	1662692260
Unique Visitors:	3,169
Current Subscribers:	3,153
Current Favorites:	16

ID	1593744606
Unique Visitors:	3,425
Current Subscribers:	11,516
Current Favorites:	42

ID	1591574107
Unique Visitors:	864
Current Subscribers:	1,928
Current Favorites:	7

ID	1591526475
Unique Visitors:	2,072
Current Subscribers:	2,857
Current Favorites:	15

ID	1583292711
Unique Visitors:	275
Current Subscribers:	489
Current Favorites:	3

ID	1581065046
Unique Visitors:	9,948
Current Subscribers:	31,880
Current Favorites:	116

ID	1578409914
Unique Visitors:	765
Current Subscribers:	1,618
Current Favorites:	4

ID	1568401399
Unique Visitors:	6,174
Current Subscribers:	7,705
Current Favorites:	47

ID	1562106534
Unique Visitors:	8,039
Current Subscribers:	15,967
Current Favorites:	59

ID	1536947654
Unique Visitors:	1,793
Current Subscribers:	3,025
Current Favorites:	12

Total Unique Visitors:	341686
Total Current Subscribers:	805125
Current Favorites:	5018