 <--- Workshop Stats ---> 

ID	2054361098
Unique Visitors:	238
Current Subscribers:	581
Current Favorites:	0

ID	2051948675
Unique Visitors:	1,245
Current Subscribers:	2,422
Current Favorites:	10

ID	2051613401
Unique Visitors:	946
Current Subscribers:	2,477
Current Favorites:	5

ID	2051587736
Unique Visitors:	432
Current Subscribers:	1,327
Current Favorites:	1

ID	2051046230
Unique Visitors:	377
Current Subscribers:	1,198
Current Favorites:	0

ID	2050900789
Unique Visitors:	557
Current Subscribers:	1,951
Current Favorites:	1

ID	2050625203
Unique Visitors:	379
Current Subscribers:	1,147
Current Favorites:	7

ID	2050491893
Unique Visitors:	230
Current Subscribers:	910
Current Favorites:	3

ID	2049823576
Unique Visitors:	659
Current Subscribers:	1,647
Current Favorites:	5

ID	2048588163
Unique Visitors:	508
Current Subscribers:	1,615
Current Favorites:	2

ID	2048065424
Unique Visitors:	1,106
Current Subscribers:	2,347
Current Favorites:	2

ID	2046672717
Unique Visitors:	453
Current Subscribers:	1,407
Current Favorites:	3

ID	2046128036
Unique Visitors:	542
Current Subscribers:	1,398
Current Favorites:	2

ID	2040587802
Unique Visitors:	528
Current Subscribers:	1,365
Current Favorites:	3

ID	2040548010
Unique Visitors:	468
Current Subscribers:	1,317
Current Favorites:	3

ID	2037454855
Unique Visitors:	3,340
Current Subscribers:	10,298
Current Favorites:	44

ID	1907565555
Unique Visitors:	2,943
Current Subscribers:	3,632
Current Favorites:	14

ID	1906438825
Unique Visitors:	1,211
Current Subscribers:	2,877
Current Favorites:	12

ID	1905664098
Unique Visitors:	3,674
Current Subscribers:	6,081
Current Favorites:	23

ID	1904767397
Unique Visitors:	632
Current Subscribers:	1,884
Current Favorites:	7

ID	1899699270
Unique Visitors:	1,069
Current Subscribers:	2,386
Current Favorites:	4

ID	1895914411
Unique Visitors:	168,777
Current Subscribers:	421,897
Current Favorites:	2,876

ID	1892587428
Unique Visitors:	1,645
Current Subscribers:	3,626
Current Favorites:	14

ID	1892350726
Unique Visitors:	1,922
Current Subscribers:	3,133
Current Favorites:	12

ID	1892233659
Unique Visitors:	1,017
Current Subscribers:	2,327
Current Favorites:	10

ID	1891985627
Unique Visitors:	3,112
Current Subscribers:	3,489
Current Favorites:	22

ID	1891954504
Unique Visitors:	997
Current Subscribers:	2,444
Current Favorites:	8

ID	1891715093
Unique Visitors:	1,878
Current Subscribers:	4,178
Current Favorites:	13

ID	1891107588
Unique Visitors:	7,334
Current Subscribers:	22,553
Current Favorites:	74

ID	1890519597
Unique Visitors:	17,276
Current Subscribers:	47,442
Current Favorites:	287

ID	1886721748
Unique Visitors:	897
Current Subscribers:	2,304
Current Favorites:	6

ID	1885930668
Unique Visitors:	691
Current Subscribers:	3,162
Current Favorites:	11

ID	1882925957
Unique Visitors:	93
Current Subscribers:	183
Current Favorites:	1

ID	1879843508
Unique Visitors:	2,239
Current Subscribers:	4,495
Current Favorites:	11

ID	1877473175
Unique Visitors:	5,229
Current Subscribers:	17,573
Current Favorites:	91

ID	1872955395
Unique Visitors:	18,120
Current Subscribers:	52,809
Current Favorites:	345

ID	1869790195
Unique Visitors:	759
Current Subscribers:	2,424
Current Favorites:	12

ID	1869678452
Unique Visitors:	41,153
Current Subscribers:	63,089
Current Favorites:	683

ID	1868536664
Unique Visitors:	1,461
Current Subscribers:	4,247
Current Favorites:	18

ID	1868003437
Unique Visitors:	359
Current Subscribers:	864
Current Favorites:	1

ID	1867572975
Unique Visitors:	1,003
Current Subscribers:	1,981
Current Favorites:	5

ID	1867520944
Unique Visitors:	1,894
Current Subscribers:	3,542
Current Favorites:	9

ID	1867473804
Unique Visitors:	2,373
Current Subscribers:	4,514
Current Favorites:	19

ID	1867350439
Unique Visitors:	781
Current Subscribers:	2,192
Current Favorites:	6

ID	1867256798
Unique Visitors:	2,092
Current Subscribers:	4,429
Current Favorites:	18

ID	1865147364
Unique Visitors:	1,435
Current Subscribers:	3,046
Current Favorites:	12

ID	1864499324
Unique Visitors:	2,278
Current Subscribers:	4,911
Current Favorites:	12

ID	1864334444
Unique Visitors:	1,573
Current Subscribers:	3,513
Current Favorites:	11

ID	1856806104
Unique Visitors:	3,334
Current Subscribers:	7,986
Current Favorites:	32

ID	1814140726
Unique Visitors:	4,900
Current Subscribers:	7,708
Current Favorites:	40

ID	1662692260
Unique Visitors:	3,280
Current Subscribers:	3,272
Current Favorites:	15

ID	1593744606
Unique Visitors:	3,444
Current Subscribers:	11,546
Current Favorites:	42

ID	1591574107
Unique Visitors:	896
Current Subscribers:	2,003
Current Favorites:	7

ID	1591526475
Unique Visitors:	2,165
Current Subscribers:	2,966
Current Favorites:	16

ID	1583292711
Unique Visitors:	277
Current Subscribers:	492
Current Favorites:	3

ID	1581065046
Unique Visitors:	9,954
Current Subscribers:	31,864
Current Favorites:	116

ID	1578409914
Unique Visitors:	765
Current Subscribers:	1,618
Current Favorites:	4

ID	1568401399
Unique Visitors:	6,193
Current Subscribers:	7,752
Current Favorites:	47

ID	1562106534
Unique Visitors:	8,054
Current Subscribers:	15,976
Current Favorites:	59

ID	1536947654
Unique Visitors:	1,817
Current Subscribers:	3,050
Current Favorites:	12

Total Unique Visitors:	355004
Total Current Subscribers:	836867
Current Favorites:	5131