 <--- Workshop Stats ---> 

ID	2054361098
Unique Visitors:	32
Current Subscribers:	95
Current Favorites:	0

ID	2051948675
Unique Visitors:	398
Current Subscribers:	801
Current Favorites:	5

ID	2051613401
Unique Visitors:	211
Current Subscribers:	566
Current Favorites:	0

ID	2051587736
Unique Visitors:	240
Current Subscribers:	750
Current Favorites:	0

ID	2051046230
Unique Visitors:	70
Current Subscribers:	289
Current Favorites:	0

ID	2050900789
Unique Visitors:	328
Current Subscribers:	1,176
Current Favorites:	1

ID	2050625203
Unique Visitors:	78
Current Subscribers:	239
Current Favorites:	0

ID	2050491893
Unique Visitors:	126
Current Subscribers:	542
Current Favorites:	3

ID	2049823576
Unique Visitors:	407
Current Subscribers:	1,003
Current Favorites:	5

ID	2048588163
Unique Visitors:	285
Current Subscribers:	892
Current Favorites:	1

ID	2048065424
Unique Visitors:	796
Current Subscribers:	1,796
Current Favorites:	2

ID	2046672717
Unique Visitors:	429
Current Subscribers:	1,259
Current Favorites:	3

ID	2046128036
Unique Visitors:	442
Current Subscribers:	1,165
Current Favorites:	2

ID	2040587802
Unique Visitors:	434
Current Subscribers:	1,160
Current Favorites:	3

ID	2040548010
Unique Visitors:	425
Current Subscribers:	1,186
Current Favorites:	3

ID	2037454855
Unique Visitors:	3,264
Current Subscribers:	10,180
Current Favorites:	42

ID	1907565555
Unique Visitors:	2,752
Current Subscribers:	3,365
Current Favorites:	13

ID	1906438825
Unique Visitors:	1,190
Current Subscribers:	2,832
Current Favorites:	12

ID	1905664098
Unique Visitors:	3,514
Current Subscribers:	5,837
Current Favorites:	22

ID	1904767397
Unique Visitors:	616
Current Subscribers:	1,845
Current Favorites:	7

ID	1899699270
Unique Visitors:	1,064
Current Subscribers:	2,379
Current Favorites:	4

ID	1895914411
Unique Visitors:	163,323
Current Subscribers:	408,730
Current Favorites:	2,808

ID	1892587428
Unique Visitors:	1,592
Current Subscribers:	3,505
Current Favorites:	14

ID	1892350726
Unique Visitors:	1,798
Current Subscribers:	2,917
Current Favorites:	12

ID	1892233659
Unique Visitors:	994
Current Subscribers:	2,270
Current Favorites:	10

ID	1891985627
Unique Visitors:	3,081
Current Subscribers:	3,423
Current Favorites:	22

ID	1891954504
Unique Visitors:	976
Current Subscribers:	2,365
Current Favorites:	8

ID	1891715093
Unique Visitors:	1,790
Current Subscribers:	3,955
Current Favorites:	12

ID	1891107588
Unique Visitors:	7,091
Current Subscribers:	21,928
Current Favorites:	72

ID	1890519597
Unique Visitors:	17,076
Current Subscribers:	46,672
Current Favorites:	286

ID	1886721748
Unique Visitors:	897
Current Subscribers:	2,303
Current Favorites:	6

ID	1885930668
Unique Visitors:	690
Current Subscribers:	3,164
Current Favorites:	11

ID	1882925957
Unique Visitors:	91
Current Subscribers:	180
Current Favorites:	1

ID	1879843508
Unique Visitors:	2,163
Current Subscribers:	4,390
Current Favorites:	11

ID	1877473175
Unique Visitors:	5,223
Current Subscribers:	17,561
Current Favorites:	91

ID	1872955395
Unique Visitors:	18,100
Current Subscribers:	52,840
Current Favorites:	344

ID	1869790195
Unique Visitors:	744
Current Subscribers:	2,382
Current Favorites:	12

ID	1869678452
Unique Visitors:	40,553
Current Subscribers:	62,359
Current Favorites:	681

ID	1868536664
Unique Visitors:	1,425
Current Subscribers:	4,164
Current Favorites:	18

ID	1868003437
Unique Visitors:	347
Current Subscribers:	838
Current Favorites:	1

ID	1867572975
Unique Visitors:	946
Current Subscribers:	1,894
Current Favorites:	5

ID	1867520944
Unique Visitors:	1,824
Current Subscribers:	3,447
Current Favorites:	9

ID	1867473804
Unique Visitors:	2,345
Current Subscribers:	4,441
Current Favorites:	19

ID	1867350439
Unique Visitors:	735
Current Subscribers:	2,025
Current Favorites:	5

ID	1867256798
Unique Visitors:	2,030
Current Subscribers:	4,246
Current Favorites:	17

ID	1865147364
Unique Visitors:	1,306
Current Subscribers:	2,766
Current Favorites:	12

ID	1864499324
Unique Visitors:	2,180
Current Subscribers:	4,683
Current Favorites:	11

ID	1864334444
Unique Visitors:	1,501
Current Subscribers:	3,343
Current Favorites:	11

ID	1856806104
Unique Visitors:	3,295
Current Subscribers:	7,904
Current Favorites:	31

ID	1814140726
Unique Visitors:	4,856
Current Subscribers:	7,666
Current Favorites:	40

ID	1662692260
Unique Visitors:	3,178
Current Subscribers:	3,164
Current Favorites:	16

ID	1593744606
Unique Visitors:	3,425
Current Subscribers:	11,517
Current Favorites:	42

ID	1591574107
Unique Visitors:	866
Current Subscribers:	1,938
Current Favorites:	7

ID	1591526475
Unique Visitors:	2,082
Current Subscribers:	2,869
Current Favorites:	15

ID	1583292711
Unique Visitors:	275
Current Subscribers:	489
Current Favorites:	3

ID	1581065046
Unique Visitors:	9,949
Current Subscribers:	31,879
Current Favorites:	116

ID	1578409914
Unique Visitors:	765
Current Subscribers:	1,618
Current Favorites:	4

ID	1568401399
Unique Visitors:	6,176
Current Subscribers:	7,711
Current Favorites:	47

ID	1562106534
Unique Visitors:	8,041
Current Subscribers:	15,967
Current Favorites:	59

ID	1536947654
Unique Visitors:	1,797
Current Subscribers:	3,027
Current Favorites:	12

Total Unique Visitors:	342627
Total Current Subscribers:	807897
Current Favorites:	5029