 <--- Workshop Stats ---> 

ID	2063159280
Unique Visitors:	74
Current Subscribers:	172
Current Favorites:	0

ID	2054361098
Unique Visitors:	264
Current Subscribers:	650
Current Favorites:	0

ID	2051948675
Unique Visitors:	1,437
Current Subscribers:	2,799
Current Favorites:	13

ID	2051613401
Unique Visitors:	1,020
Current Subscribers:	2,597
Current Favorites:	5

ID	2051587736
Unique Visitors:	450
Current Subscribers:	1,385
Current Favorites:	1

ID	2051046230
Unique Visitors:	440
Current Subscribers:	1,337
Current Favorites:	0

ID	2050900789
Unique Visitors:	587
Current Subscribers:	2,027
Current Favorites:	2

ID	2050625203
Unique Visitors:	451
Current Subscribers:	1,357
Current Favorites:	7

ID	2050491893
Unique Visitors:	238
Current Subscribers:	940
Current Favorites:	3

ID	2049823576
Unique Visitors:	694
Current Subscribers:	1,698
Current Favorites:	5

ID	2048588163
Unique Visitors:	541
Current Subscribers:	1,701
Current Favorites:	2

ID	2048065424
Unique Visitors:	1,155
Current Subscribers:	2,419
Current Favorites:	2

ID	2046672717
Unique Visitors:	458
Current Subscribers:	1,412
Current Favorites:	3

ID	2046128036
Unique Visitors:	563
Current Subscribers:	1,442
Current Favorites:	2

ID	2040587802
Unique Visitors:	546
Current Subscribers:	1,382
Current Favorites:	3

ID	2040548010
Unique Visitors:	477
Current Subscribers:	1,335
Current Favorites:	3

ID	2037454855
Unique Visitors:	3,355
Current Subscribers:	10,320
Current Favorites:	44

ID	1907565555
Unique Visitors:	2,993
Current Subscribers:	3,692
Current Favorites:	14

ID	1906438825
Unique Visitors:	1,213
Current Subscribers:	2,887
Current Favorites:	12

ID	1905664098
Unique Visitors:	3,719
Current Subscribers:	6,149
Current Favorites:	24

ID	1904767397
Unique Visitors:	635
Current Subscribers:	1,893
Current Favorites:	7

ID	1899699270
Unique Visitors:	1,070
Current Subscribers:	2,385
Current Favorites:	4

ID	1895914411
Unique Visitors:	170,517
Current Subscribers:	426,156
Current Favorites:	2,898

ID	1892587428
Unique Visitors:	1,652
Current Subscribers:	3,644
Current Favorites:	14

ID	1892350726
Unique Visitors:	1,956
Current Subscribers:	3,186
Current Favorites:	12

ID	1892233659
Unique Visitors:	1,022
Current Subscribers:	2,334
Current Favorites:	10

ID	1891985627
Unique Visitors:	3,118
Current Subscribers:	3,496
Current Favorites:	22

ID	1891954504
Unique Visitors:	999
Current Subscribers:	2,454
Current Favorites:	8

ID	1891715093
Unique Visitors:	1,893
Current Subscribers:	4,218
Current Favorites:	13

ID	1891107588
Unique Visitors:	7,396
Current Subscribers:	22,729
Current Favorites:	75

ID	1890519597
Unique Visitors:	17,332
Current Subscribers:	47,699
Current Favorites:	289

ID	1886721748
Unique Visitors:	897
Current Subscribers:	2,303
Current Favorites:	6

ID	1885930668
Unique Visitors:	692
Current Subscribers:	3,162
Current Favorites:	11

ID	1882925957
Unique Visitors:	93
Current Subscribers:	188
Current Favorites:	1

ID	1879843508
Unique Visitors:	2,261
Current Subscribers:	4,529
Current Favorites:	11

ID	1877473175
Unique Visitors:	5,229
Current Subscribers:	17,565
Current Favorites:	91

ID	1872955395
Unique Visitors:	18,128
Current Subscribers:	52,809
Current Favorites:	346

ID	1869790195
Unique Visitors:	762
Current Subscribers:	2,432
Current Favorites:	12

ID	1869678452
Unique Visitors:	41,320
Current Subscribers:	63,311
Current Favorites:	685

ID	1868536664
Unique Visitors:	1,464
Current Subscribers:	4,257
Current Favorites:	18

ID	1868003437
Unique Visitors:	359
Current Subscribers:	870
Current Favorites:	1

ID	1867572975
Unique Visitors:	1,010
Current Subscribers:	1,994
Current Favorites:	5

ID	1867520944
Unique Visitors:	1,915
Current Subscribers:	3,567
Current Favorites:	9

ID	1867473804
Unique Visitors:	2,378
Current Subscribers:	4,532
Current Favorites:	19

ID	1867350439
Unique Visitors:	788
Current Subscribers:	2,233
Current Favorites:	6

ID	1867256798
Unique Visitors:	2,109
Current Subscribers:	4,465
Current Favorites:	18

ID	1865147364
Unique Visitors:	1,450
Current Subscribers:	3,076
Current Favorites:	12

ID	1864499324
Unique Visitors:	2,297
Current Subscribers:	4,960
Current Favorites:	12

ID	1864334444
Unique Visitors:	1,592
Current Subscribers:	3,550
Current Favorites:	11

ID	1856806104
Unique Visitors:	3,338
Current Subscribers:	7,993
Current Favorites:	32

ID	1814140726
Unique Visitors:	4,907
Current Subscribers:	7,714
Current Favorites:	40

ID	1662692260
Unique Visitors:	3,315
Current Subscribers:	3,298
Current Favorites:	16

ID	1593744606
Unique Visitors:	3,449
Current Subscribers:	11,555
Current Favorites:	42

ID	1591574107
Unique Visitors:	905
Current Subscribers:	2,021
Current Favorites:	7

ID	1591526475
Unique Visitors:	2,187
Current Subscribers:	3,008
Current Favorites:	16

ID	1583292711
Unique Visitors:	277
Current Subscribers:	492
Current Favorites:	3

ID	1581065046
Unique Visitors:	9,955
Current Subscribers:	31,858
Current Favorites:	116

ID	1578409914
Unique Visitors:	765
Current Subscribers:	1,618
Current Favorites:	4

ID	1568401399
Unique Visitors:	6,198
Current Subscribers:	7,758
Current Favorites:	47

ID	1562106534
Unique Visitors:	8,058
Current Subscribers:	15,973
Current Favorites:	59

ID	1536947654
Unique Visitors:	1,820
Current Subscribers:	3,054
Current Favorites:	12

Total Unique Visitors:	358183
Total Current Subscribers:	844040
Current Favorites:	5165