 <--- Workshop Stats ---> 

ID	2063159280
Unique Visitors:	496
Current Subscribers:	1,792
Current Favorites:	6

ID	2054361098
Unique Visitors:	273
Current Subscribers:	663
Current Favorites:	0

ID	2051948675
Unique Visitors:	1,564
Current Subscribers:	3,056
Current Favorites:	13

ID	2051613401
Unique Visitors:	1,051
Current Subscribers:	2,653
Current Favorites:	5

ID	2051587736
Unique Visitors:	467
Current Subscribers:	1,406
Current Favorites:	1

ID	2051046230
Unique Visitors:	475
Current Subscribers:	1,410
Current Favorites:	0

ID	2050900789
Unique Visitors:	611
Current Subscribers:	2,077
Current Favorites:	2

ID	2050625203
Unique Visitors:	472
Current Subscribers:	1,399
Current Favorites:	7

ID	2050491893
Unique Visitors:	244
Current Subscribers:	953
Current Favorites:	3

ID	2049823576
Unique Visitors:	716
Current Subscribers:	1,722
Current Favorites:	5

ID	2048588163
Unique Visitors:	555
Current Subscribers:	1,755
Current Favorites:	2

ID	2048065424
Unique Visitors:	1,195
Current Subscribers:	2,455
Current Favorites:	2

ID	2046672717
Unique Visitors:	461
Current Subscribers:	1,410
Current Favorites:	3

ID	2046128036
Unique Visitors:	578
Current Subscribers:	1,462
Current Favorites:	2

ID	2040587802
Unique Visitors:	566
Current Subscribers:	1,395
Current Favorites:	3

ID	2040548010
Unique Visitors:	479
Current Subscribers:	1,344
Current Favorites:	3

ID	2037454855
Unique Visitors:	3,364
Current Subscribers:	10,335
Current Favorites:	45

ID	1907565555
Unique Visitors:	3,022
Current Subscribers:	3,717
Current Favorites:	14

ID	1906438825
Unique Visitors:	1,218
Current Subscribers:	2,895
Current Favorites:	12

ID	1905664098
Unique Visitors:	3,746
Current Subscribers:	6,180
Current Favorites:	23

ID	1904767397
Unique Visitors:	637
Current Subscribers:	1,895
Current Favorites:	7

ID	1899699270
Unique Visitors:	1,071
Current Subscribers:	2,383
Current Favorites:	4

ID	1895914411
Unique Visitors:	172,879
Current Subscribers:	431,232
Current Favorites:	2,922

ID	1892587428
Unique Visitors:	1,658
Current Subscribers:	3,654
Current Favorites:	14

ID	1892350726
Unique Visitors:	1,976
Current Subscribers:	3,213
Current Favorites:	12

ID	1892233659
Unique Visitors:	1,027
Current Subscribers:	2,347
Current Favorites:	10

ID	1891985627
Unique Visitors:	3,122
Current Subscribers:	3,503
Current Favorites:	22

ID	1891954504
Unique Visitors:	1,003
Current Subscribers:	2,462
Current Favorites:	8

ID	1891715093
Unique Visitors:	1,909
Current Subscribers:	4,242
Current Favorites:	13

ID	1891107588
Unique Visitors:	7,433
Current Subscribers:	22,845
Current Favorites:	75

ID	1890519597
Unique Visitors:	17,418
Current Subscribers:	47,979
Current Favorites:	289

ID	1886721748
Unique Visitors:	897
Current Subscribers:	2,302
Current Favorites:	6

ID	1885930668
Unique Visitors:	692
Current Subscribers:	3,161
Current Favorites:	11

ID	1882925957
Unique Visitors:	95
Current Subscribers:	190
Current Favorites:	1

ID	1879843508
Unique Visitors:	2,273
Current Subscribers:	4,554
Current Favorites:	11

ID	1877473175
Unique Visitors:	5,231
Current Subscribers:	17,565
Current Favorites:	91

ID	1872955395
Unique Visitors:	18,135
Current Subscribers:	52,801
Current Favorites:	346

ID	1869790195
Unique Visitors:	764
Current Subscribers:	2,441
Current Favorites:	12

ID	1869678452
Unique Visitors:	41,430
Current Subscribers:	63,463
Current Favorites:	687

ID	1868536664
Unique Visitors:	1,468
Current Subscribers:	4,264
Current Favorites:	18

ID	1868003437
Unique Visitors:	360
Current Subscribers:	873
Current Favorites:	1

ID	1867572975
Unique Visitors:	1,018
Current Subscribers:	2,012
Current Favorites:	5

ID	1867520944
Unique Visitors:	1,933
Current Subscribers:	3,587
Current Favorites:	9

ID	1867473804
Unique Visitors:	2,382
Current Subscribers:	4,548
Current Favorites:	19

ID	1867350439
Unique Visitors:	793
Current Subscribers:	2,241
Current Favorites:	6

ID	1867256798
Unique Visitors:	2,122
Current Subscribers:	4,488
Current Favorites:	18

ID	1865147364
Unique Visitors:	1,465
Current Subscribers:	3,097
Current Favorites:	12

ID	1864499324
Unique Visitors:	2,313
Current Subscribers:	4,984
Current Favorites:	12

ID	1864334444
Unique Visitors:	1,603
Current Subscribers:	3,567
Current Favorites:	11

ID	1856806104
Unique Visitors:	3,344
Current Subscribers:	8,008
Current Favorites:	32

ID	1814140726
Unique Visitors:	4,915
Current Subscribers:	7,726
Current Favorites:	40

ID	1662692260
Unique Visitors:	3,335
Current Subscribers:	3,319
Current Favorites:	15

ID	1593744606
Unique Visitors:	3,452
Current Subscribers:	11,561
Current Favorites:	42

ID	1591574107
Unique Visitors:	910
Current Subscribers:	2,037
Current Favorites:	7

ID	1591526475
Unique Visitors:	2,202
Current Subscribers:	3,032
Current Favorites:	16

ID	1583292711
Unique Visitors:	277
Current Subscribers:	492
Current Favorites:	3

ID	1581065046
Unique Visitors:	9,955
Current Subscribers:	31,860
Current Favorites:	116

ID	1578409914
Unique Visitors:	765
Current Subscribers:	1,618
Current Favorites:	4

ID	1568401399
Unique Visitors:	6,204
Current Subscribers:	7,768
Current Favorites:	47

ID	1562106534
Unique Visitors:	8,058
Current Subscribers:	15,976
Current Favorites:	59

ID	1536947654
Unique Visitors:	1,823
Current Subscribers:	3,059
Current Favorites:	12

Total Unique Visitors:	361900
Total Current Subscribers:	852428
Current Favorites:	5196