 <--- Workshop Stats ---> 

ID	2054361098
Unique Visitors:	21
Current Subscribers:	57
Current Favorites:	0

ID	2051948675
Unique Visitors:	339
Current Subscribers:	662
Current Favorites:	5

ID	2051613401
Unique Visitors:	180
Current Subscribers:	464
Current Favorites:	0

ID	2051587736
Unique Visitors:	209
Current Subscribers:	644
Current Favorites:	0

ID	2051046230
Unique Visitors:	64
Current Subscribers:	245
Current Favorites:	0

ID	2050900789
Unique Visitors:	301
Current Subscribers:	1,086
Current Favorites:	1

ID	2050625203
Unique Visitors:	62
Current Subscribers:	190
Current Favorites:	0

ID	2050491893
Unique Visitors:	114
Current Subscribers:	465
Current Favorites:	3

ID	2049823576
Unique Visitors:	359
Current Subscribers:	859
Current Favorites:	5

ID	2048588163
Unique Visitors:	260
Current Subscribers:	778
Current Favorites:	1

ID	2048065424
Unique Visitors:	731
Current Subscribers:	1,670
Current Favorites:	2

ID	2046672717
Unique Visitors:	421
Current Subscribers:	1,219
Current Favorites:	3

ID	2046128036
Unique Visitors:	433
Current Subscribers:	1,123
Current Favorites:	2

ID	2040587802
Unique Visitors:	429
Current Subscribers:	1,135
Current Favorites:	3

ID	2040548010
Unique Visitors:	424
Current Subscribers:	1,168
Current Favorites:	3

ID	2037454855
Unique Visitors:	3,256
Current Subscribers:	10,156
Current Favorites:	42

ID	1907565555
Unique Visitors:	2,734
Current Subscribers:	3,335
Current Favorites:	13

ID	1906438825
Unique Visitors:	1,190
Current Subscribers:	2,826
Current Favorites:	12

ID	1905664098
Unique Visitors:	3,503
Current Subscribers:	5,807
Current Favorites:	22

ID	1904767397
Unique Visitors:	616
Current Subscribers:	1,838
Current Favorites:	7

ID	1899699270
Unique Visitors:	1,064
Current Subscribers:	2,376
Current Favorites:	4

ID	1895914411
Unique Visitors:	162,823
Current Subscribers:	407,404
Current Favorites:	2,798

ID	1892587428
Unique Visitors:	1,590
Current Subscribers:	3,486
Current Favorites:	14

ID	1892350726
Unique Visitors:	1,795
Current Subscribers:	2,902
Current Favorites:	12

ID	1892233659
Unique Visitors:	994
Current Subscribers:	2,264
Current Favorites:	10

ID	1891985627
Unique Visitors:	3,081
Current Subscribers:	3,418
Current Favorites:	22

ID	1891954504
Unique Visitors:	976
Current Subscribers:	2,356
Current Favorites:	8

ID	1891715093
Unique Visitors:	1,781
Current Subscribers:	3,929
Current Favorites:	12

ID	1891107588
Unique Visitors:	7,069
Current Subscribers:	21,883
Current Favorites:	72

ID	1890519597
Unique Visitors:	17,059
Current Subscribers:	46,601
Current Favorites:	286

ID	1886721748
Unique Visitors:	897
Current Subscribers:	2,304
Current Favorites:	6

ID	1885930668
Unique Visitors:	690
Current Subscribers:	3,165
Current Favorites:	11

ID	1882925957
Unique Visitors:	91
Current Subscribers:	178
Current Favorites:	1

ID	1879843508
Unique Visitors:	2,158
Current Subscribers:	4,379
Current Favorites:	11

ID	1877473175
Unique Visitors:	5,222
Current Subscribers:	17,564
Current Favorites:	91

ID	1872955395
Unique Visitors:	18,097
Current Subscribers:	52,841
Current Favorites:	343

ID	1869790195
Unique Visitors:	744
Current Subscribers:	2,378
Current Favorites:	12

ID	1869678452
Unique Visitors:	40,510
Current Subscribers:	62,292
Current Favorites:	681

ID	1868536664
Unique Visitors:	1,424
Current Subscribers:	4,150
Current Favorites:	18

ID	1868003437
Unique Visitors:	347
Current Subscribers:	835
Current Favorites:	1

ID	1867572975
Unique Visitors:	945
Current Subscribers:	1,884
Current Favorites:	5

ID	1867520944
Unique Visitors:	1,819
Current Subscribers:	3,430
Current Favorites:	9

ID	1867473804
Unique Visitors:	2,342
Current Subscribers:	4,434
Current Favorites:	19

ID	1867350439
Unique Visitors:	733
Current Subscribers:	2,018
Current Favorites:	5

ID	1867256798
Unique Visitors:	2,027
Current Subscribers:	4,228
Current Favorites:	17

ID	1865147364
Unique Visitors:	1,297
Current Subscribers:	2,738
Current Favorites:	11

ID	1864499324
Unique Visitors:	2,172
Current Subscribers:	4,662
Current Favorites:	11

ID	1864334444
Unique Visitors:	1,497
Current Subscribers:	3,325
Current Favorites:	11

ID	1856806104
Unique Visitors:	3,292
Current Subscribers:	7,897
Current Favorites:	31

ID	1814140726
Unique Visitors:	4,851
Current Subscribers:	7,658
Current Favorites:	40

ID	1662692260
Unique Visitors:	3,167
Current Subscribers:	3,150
Current Favorites:	16

ID	1593744606
Unique Visitors:	3,425
Current Subscribers:	11,515
Current Favorites:	42

ID	1591574107
Unique Visitors:	864
Current Subscribers:	1,928
Current Favorites:	7

ID	1591526475
Unique Visitors:	2,072
Current Subscribers:	2,857
Current Favorites:	15

ID	1583292711
Unique Visitors:	275
Current Subscribers:	489
Current Favorites:	3

ID	1581065046
Unique Visitors:	9,948
Current Subscribers:	31,880
Current Favorites:	116

ID	1578409914
Unique Visitors:	765
Current Subscribers:	1,618
Current Favorites:	4

ID	1568401399
Unique Visitors:	6,173
Current Subscribers:	7,705
Current Favorites:	47

ID	1562106534
Unique Visitors:	8,039
Current Subscribers:	15,967
Current Favorites:	59

ID	1536947654
Unique Visitors:	1,791
Current Subscribers:	3,024
Current Favorites:	12

Total Unique Visitors:	341552
Total Current Subscribers:	804839
Current Favorites:	5017