[+] walking folders in D:\
[+] Walked 1,000 files! fps=200
[+] Walked 8,700 files! fps=1,540
[+] Walked 14,800 files! fps=1,220
[+] Walked 18,900 files! fps=820
[+] Walked 24,400 files! fps=1,100
[+] Walked 25,200 files! fps=160
[+] Walked 26,100 files! fps=180
[+] Walked 27,800 files! fps=340
[+] Walked 28,900 files! fps=220
[+] Walked 30,300 files! fps=280
[+] Walked 31,000 files! fps=140
[+] Walked 40,000 files! fps=1,800
[+] Walked 53,400 files! fps=2,680
[+] Walked 65,100 files! fps=2,340
[+] Walked 69,500 files! fps=880
[+] Walked 76,100 files! fps=1,320
[+] Walked 84,200 files! fps=1,620
[+] Walked 94,900 files! fps=2,140
[+] Walked 107,800 files! fps=2,580
[+] Walked 116,400 files! fps=1,720
[+] Walked 126,700 files! fps=2,060
[+] Walked 138,500 files! fps=2,360
[+] Walked 152,400 files! fps=2,780
[+] Walked 172,700 files! fps=4,060
[+] Walked 190,600 files! fps=3,580
[+] Walked 194,900 files! fps=860
[+] Walked 212,600 files! fps=3,540
[+] Walked 229,000 files! fps=3,280
[+] Walked 246,200 files! fps=3,440
[+] Walked 248,000 files! fps=360
[+] Walked 251,600 files! fps=720
[+] Walked 256,100 files! fps=900
[+] Walked 260,700 files! fps=920
[+] Walked 285,600 files! fps=4,980
[+] Walked 314,900 files! fps=5,860
[+] Walked 347,100 files! fps=6,440
[+] Walked 363,800 files! fps=3,340
[+] Walked 383,500 files! fps=3,940
[+] Walked 415,700 files! fps=6,440
[+] Walked 449,300 files! fps=6,720
[+] Walked 460,400 files! fps=2,220
[+] Walked 474,000 files! fps=2,720
[+] Walked 488,300 files! fps=2,860
[+] Walked 503,900 files! fps=3,120
[+] Walked 524,900 files! fps=4,200
[+] Walked 553,700 files! fps=5,760
[+] Walked 565,700 files! fps=2,400
[+] Walked 581,100 files! fps=3,080
[+] Walked 589,900 files! fps=1,760
[+] Walked 600,400 files! fps=2,100
[+] Walked 609,600 files! fps=1,840
[+] Walked 618,100 files! fps=1,700
[+] Walked 625,700 files! fps=1,520
[+] Walked 631,400 files! fps=1,140
[+] Walked 636,800 files! fps=1,080
[+] Walked 640,700 files! fps=780
[+] Walked 644,000 files! fps=660
[+] Walked 647,900 files! fps=780
[+] Walked 653,600 files! fps=1,140
[+] Walked 660,500 files! fps=1,380
[+] Walked 665,400 files! fps=980
[+] Walked 671,000 files! fps=1,120
[+] Walked 675,200 files! fps=840
[+] Walked 680,600 files! fps=1,080
[+] Walked 684,900 files! fps=860
[+] Walked 690,600 files! fps=1,140
[+] Walked 697,200 files! fps=1,320
[+] Walked 701,800 files! fps=920
[+] Walked 707,000 files! fps=1,040
[+] Walked 712,500 files! fps=1,100
[+] Walked 717,200 files! fps=940
[+] Walked 723,400 files! fps=1,240
[+] Walked 729,800 files! fps=1,280
[+] Walked 733,600 files! fps=760
[+] Walked 746,500 files! fps=2,580
[+] Walked 764,100 files! fps=3,520
[+] Walked 780,900 files! fps=3,360
[+] Walked 803,600 files! fps=4,540
[+] Walked 818,200 files! fps=2,920
[+] Walked 826,200 files! fps=1,600
[+] Walked 835,200 files! fps=1,800
[+] Walked 845,900 files! fps=2,140
[+] Walked 853,700 files! fps=1,560
[+] Walked 856,800 files! fps=620
[+] Walked 869,300 files! fps=2,500
[+] Walked 899,000 files! fps=5,940
[+] Walked 931,100 files! fps=6,420
[+] Walked 954,200 files! fps=4,620
[+] Walked 973,600 files! fps=3,880
[+] Walked 996,500 files! fps=4,580
[+] Walked 1,011,600 files! fps=3,020
[+] Walked 1,015,100 files! fps=700
[+] Walked 1,017,600 files! fps=500
[+] Walked 1,025,300 files! fps=1,540
[+] Walked 1,042,600 files! fps=3,460
[+] Walked 1,062,600 files! fps=4,000
[+] Walked 1,069,800 files! fps=1,440
[+] Walked 1,085,300 files! fps=3,100
[+] Walked 1,097,200 files! fps=2,380
[+] Walked 1,113,400 files! fps=3,240
[+] Walked 1,135,400 files! fps=4,400
[+] Walked 1,153,900 files! fps=3,700
[+] Walked 1,175,500 files! fps=4,320
[+] Walked 1,193,700 files! fps=3,640
[+] Walked 1,208,700 files! fps=3,000
[+] Walked 1,228,200 files! fps=3,900
[+] Walked 1,245,700 files! fps=3,500
[+] Walked 1,261,700 files! fps=3,200
[+] Walked 1,278,900 files! fps=3,440
[-] Error thrown when process file! [WinError 5] Access is denied: 'D:\\Steam\\userdata\\224536775\\760\\remote'
[+] Walked 1,286,500 files! fps=1,520
[+] Walked 1,288,305 files! fps=10,500 dirs=1227 prct=1.7
[+] Walked 1,288,305 files! fps=15,200 dirs=1506 prct=2.09
[+] Walked 1,288,305 files! fps=14,460 dirs=1510 prct=2.1
[+] Walked 1,288,305 files! fps=12,720 dirs=1604 prct=2.23
[+] Walked 1,288,305 files! fps=13,080 dirs=3901 prct=5.42
[+] Walked 1,288,305 files! fps=13,160 dirs=4460 prct=6.19
[+] Walked 1,288,305 files! fps=13,800 dirs=4460 prct=6.19
[+] Walked 1,288,305 files! fps=15,080 dirs=5015 prct=6.96
[+] Walked 1,288,305 files! fps=15,460 dirs=5760 prct=8.0
[+] Walked 1,288,305 files! fps=16,860 dirs=6537 prct=9.08
[+] Walked 1,288,305 files! fps=13,740 dirs=8039 prct=11.16
[+] Walked 1,288,305 files! fps=13,780 dirs=8040 prct=11.17
[+] Walked 1,288,305 files! fps=13,840 dirs=8062 prct=11.2
[+] Walked 1,288,305 files! fps=15,440 dirs=9541 prct=13.25
[+] Walked 1,288,305 files! fps=14,880 dirs=10485 prct=14.56
[+] Walked 1,288,305 files! fps=14,920 dirs=12344 prct=17.14
[+] Walked 1,288,305 files! fps=14,700 dirs=13566 prct=18.84
[+] Walked 1,288,305 files! fps=16,920 dirs=14192 prct=19.71
[+] Walked 1,288,305 files! fps=13,960 dirs=15165 prct=21.06
[+] Walked 1,288,305 files! fps=14,040 dirs=15165 prct=21.06
[+] Walked 1,288,305 files! fps=11,280 dirs=15165 prct=21.06
[+] Walked 1,288,305 files! fps=13,560 dirs=15165 prct=21.06
[+] Walked 1,288,305 files! fps=11,180 dirs=15165 prct=21.06
[+] Walked 1,288,305 files! fps=13,300 dirs=15165 prct=21.06
[+] Walked 1,288,305 files! fps=13,420 dirs=15178 prct=21.08
[+] Walked 1,288,305 files! fps=12,880 dirs=15178 prct=21.08
[+] Walked 1,288,305 files! fps=15,060 dirs=15443 prct=21.45
[+] Walked 1,288,305 files! fps=12,220 dirs=15571 prct=21.62
[+] Walked 1,288,305 files! fps=12,220 dirs=18563 prct=25.78
[+] Walked 1,288,305 files! fps=13,920 dirs=18935 prct=26.3
[+] Walked 1,288,305 files! fps=13,040 dirs=18954 prct=26.32
[+] Walked 1,288,305 files! fps=12,480 dirs=18957 prct=26.33
[+] Walked 1,288,305 files! fps=13,120 dirs=19259 prct=26.75
[+] Walked 1,288,305 files! fps=14,340 dirs=19484 prct=27.06
[+] Walked 1,288,305 files! fps=14,280 dirs=19485 prct=27.06
[+] Walked 1,288,305 files! fps=14,420 dirs=19542 prct=27.14
[+] Walked 1,288,305 files! fps=14,500 dirs=19583 prct=27.2
[+] Walked 1,288,305 files! fps=14,460 dirs=19748 prct=27.43
[+] Walked 1,288,305 files! fps=11,920 dirs=23009 prct=31.95
[+] Walked 1,288,305 files! fps=11,660 dirs=26216 prct=36.41
[+] Walked 1,288,305 files! fps=12,680 dirs=26223 prct=36.42
[+] Walked 1,288,305 files! fps=12,960 dirs=26223 prct=36.42
[+] Walked 1,288,305 files! fps=12,500 dirs=26261 prct=36.47
[+] Walked 1,288,305 files! fps=12,100 dirs=27793 prct=38.6
[+] Walked 1,288,305 files! fps=12,780 dirs=27945 prct=38.81
[+] Walked 1,288,305 files! fps=12,920 dirs=27946 prct=38.81
[+] Walked 1,288,305 files! fps=13,160 dirs=27947 prct=38.81
[+] Walked 1,288,305 files! fps=13,940 dirs=28114 prct=39.04
[+] Walked 1,288,305 files! fps=13,420 dirs=29070 prct=40.37
[+] Walked 1,288,305 files! fps=14,740 dirs=29992 prct=41.65
[+] Walked 1,288,305 files! fps=13,660 dirs=30918 prct=42.94
[+] Walked 1,288,305 files! fps=13,820 dirs=32413 prct=45.01
[+] Walked 1,288,305 files! fps=15,260 dirs=32821 prct=45.58
[+] Walked 1,288,305 files! fps=16,540 dirs=33315 prct=46.27
[+] Walked 1,288,305 files! fps=15,320 dirs=34100 prct=47.36
[+] Walked 1,288,305 files! fps=11,360 dirs=34337 prct=47.69
[+] Walked 1,288,305 files! fps=11,280 dirs=35864 prct=49.81
[+] Walked 1,288,305 files! fps=13,140 dirs=38443 prct=53.39
[+] Walked 1,288,305 files! fps=12,580 dirs=39464 prct=54.81
[+] Walked 1,288,305 files! fps=13,660 dirs=40613 prct=56.4
[+] Walked 1,288,305 files! fps=14,140 dirs=41966 prct=58.28
[+] Walked 1,288,305 files! fps=13,780 dirs=43713 prct=60.71
[+] Walked 1,288,305 files! fps=14,340 dirs=45676 prct=63.43
[+] Walked 1,288,305 files! fps=15,260 dirs=46155 prct=64.1
[+] Walked 1,288,305 files! fps=16,460 dirs=46587 prct=64.7
[+] Walked 1,288,305 files! fps=16,620 dirs=47162 prct=65.5
[+] Walked 1,288,305 files! fps=14,900 dirs=47162 prct=65.5
[+] Walked 1,288,305 files! fps=14,840 dirs=47170 prct=65.51
[+] Walked 1,288,305 files! fps=14,880 dirs=47170 prct=65.51
[+] Walked 1,288,305 files! fps=14,820 dirs=47172 prct=65.51
[+] Walked 1,288,305 files! fps=14,880 dirs=47172 prct=65.51
[+] Walked 1,288,305 files! fps=14,880 dirs=47178 prct=65.52
[+] Walked 1,288,305 files! fps=14,900 dirs=47178 prct=65.52
[+] Walked 1,288,305 files! fps=14,880 dirs=47179 prct=65.52
[+] Walked 1,288,305 files! fps=14,900 dirs=47179 prct=65.52
[+] Walked 1,288,305 files! fps=14,880 dirs=47179 prct=65.52
[+] Walked 1,288,305 files! fps=14,900 dirs=47180 prct=65.52
[+] Walked 1,288,305 files! fps=14,900 dirs=47180 prct=65.52
[+] Walked 1,288,305 files! fps=16,160 dirs=49033 prct=68.09
[+] Walked 1,288,305 files! fps=16,220 dirs=49796 prct=69.15
[+] Walked 1,288,305 files! fps=16,260 dirs=50544 prct=70.19
[+] Walked 1,288,305 files! fps=15,540 dirs=51503 prct=71.52
[+] Walked 1,288,305 files! fps=14,760 dirs=51503 prct=71.52
[+] Walked 1,288,305 files! fps=14,260 dirs=51503 prct=71.52
[+] Walked 1,288,305 files! fps=15,380 dirs=51503 prct=71.52
[+] Walked 1,288,305 files! fps=14,340 dirs=51503 prct=71.52
[+] Walked 1,288,305 files! fps=14,240 dirs=51503 prct=71.52
[+] Walked 1,288,305 files! fps=14,520 dirs=51503 prct=71.52
[+] Walked 1,288,305 files! fps=14,200 dirs=51503 prct=71.52
[-] Error thrown when process file! [WinError 5] Access is denied: 'D:\\Steam\\userdata\\224536775\\760\\remote'
[+] Walked 1,288,305 files! fps=14,360 dirs=51787 prct=71.92
[+] Walked 1,288,305 files! fps=14,900 dirs=51822 prct=71.97
[+] Walked 1,288,305 files! fps=14,180 dirs=51822 prct=71.97
[+] Walked 1,288,305 files! fps=15,380 dirs=51822 prct=71.97
[+] Walked 1,288,305 files! fps=14,400 dirs=51822 prct=71.97
[+] Walked 1,288,305 files! fps=14,240 dirs=51822 prct=71.97
[+] Walked 1,288,305 files! fps=14,600 dirs=51822 prct=71.97
[+] Walked 1,288,305 files! fps=14,160 dirs=51822 prct=71.97
[+] Walked 1,288,305 files! fps=13,840 dirs=51829 prct=71.98
[+] Walked 1,288,305 files! fps=14,000 dirs=51829 prct=71.98
[+] Walked 1,288,305 files! fps=15,420 dirs=51829 prct=71.98
[+] Walked 1,288,305 files! fps=14,640 dirs=51829 prct=71.98
[+] Walked 1,288,305 files! fps=14,040 dirs=51829 prct=71.98
[+] Walked 1,288,305 files! fps=14,480 dirs=51829 prct=71.98
[+] Walked 1,288,305 files! fps=14,400 dirs=51829 prct=71.98
[+] Walked 1,288,305 files! fps=15,320 dirs=51925 prct=72.11
[+] Walked 1,288,305 files! fps=14,860 dirs=52933 prct=73.51
[+] Walked 1,288,305 files! fps=14,160 dirs=52952 prct=73.54
[+] Walked 1,288,305 files! fps=15,140 dirs=53840 prct=74.77
[+] Walked 1,288,305 files! fps=14,800 dirs=55218 prct=76.68
[+] Walked 1,288,305 files! fps=15,360 dirs=55971 prct=77.73
[+] Walked 1,288,305 files! fps=15,260 dirs=56008 prct=77.78
[+] Walked 1,288,305 files! fps=15,220 dirs=56008 prct=77.78
[+] Walked 1,288,305 files! fps=15,140 dirs=56014 prct=77.79
[+] Walked 1,288,305 files! fps=15,180 dirs=56446 prct=78.39
[+] Walked 1,288,305 files! fps=15,440 dirs=56447 prct=78.39
[+] Walked 1,288,305 files! fps=15,380 dirs=56453 prct=78.4
[+] Walked 1,288,305 files! fps=15,260 dirs=56479 prct=78.44
[+] Walked 1,288,305 files! fps=14,900 dirs=56542 prct=78.52
[+] Walked 1,288,305 files! fps=17,200 dirs=56914 prct=79.04
[+] Walked 1,288,305 files! fps=17,520 dirs=57073 prct=79.26
[+] Walked 1,288,305 files! fps=15,960 dirs=57251 prct=79.51
[+] Walked 1,288,305 files! fps=14,040 dirs=57253 prct=79.51
[+] Walked 1,288,305 files! fps=13,960 dirs=57254 prct=79.51
[+] Walked 1,288,305 files! fps=15,880 dirs=58146 prct=80.75
[+] Walked 1,288,305 files! fps=14,940 dirs=58911 prct=81.81
[+] Walked 1,288,305 files! fps=15,120 dirs=59073 prct=82.04
[+] Walked 1,288,305 files! fps=13,760 dirs=59284 prct=82.33
[+] Walked 1,288,305 files! fps=14,860 dirs=59743 prct=82.97
[+] Walked 1,288,305 files! fps=15,340 dirs=60254 prct=83.68
[+] Walked 1,288,305 files! fps=16,440 dirs=60626 prct=84.19
[+] Walked 1,288,305 files! fps=16,020 dirs=61727 prct=85.72
[+] Walked 1,288,305 files! fps=14,780 dirs=62195 prct=86.37
[+] Walked 1,288,305 files! fps=16,720 dirs=62724 prct=87.11
[+] Walked 1,288,305 files! fps=14,280 dirs=62984 prct=87.47
[+] Walked 1,288,305 files! fps=14,640 dirs=62985 prct=87.47
[+] Walked 1,288,305 files! fps=14,200 dirs=63019 prct=87.52
[+] Walked 1,288,305 files! fps=16,160 dirs=63573 prct=88.29
[+] Walked 1,288,305 files! fps=15,420 dirs=63894 prct=88.73
[+] Walked 1,288,305 files! fps=14,220 dirs=64021 prct=88.91
[+] Walked 1,288,305 files! fps=14,340 dirs=65376 prct=90.79
[+] Walked 1,288,305 files! fps=14,940 dirs=66143 prct=91.86
[+] Walked 1,288,305 files! fps=16,040 dirs=67221 prct=93.35
[+] Walked 1,288,305 files! fps=14,960 dirs=68406 prct=95.0
[-] Error thrown when process file! [WinError 5] Access is denied: 'D:\\Steam\\userdata\\224536775\\760\\remote'
[-] Error thrown when process file! [WinError 5] Access is denied: 'D:\\Steam\\userdata\\224536775\\760\\remote'
[-] Error thrown when process file! [WinError 5] Access is denied: 'D:\\Steam\\userdata\\224536775\\760\\remote'
[+] Finished walking!

 10 largest folders:
------------------------------
1|	3.30TB	D:/
2|	1.77TB	D:/Steam
3|	1.77TB	D:/Steam/steamapps
4|	1.74TB	D:/Steam/steamapps/common
5|	512.73GB	D:/Videos
6|	394.33GB	D:/Videos/Screen Recorder
7|	363.35GB	D:/OneDrive
8|	324.88GB	D:/Downloads
9|	161.45GB	D:/Real-Time-Voice-Cloning
10|	160.69GB	D:/Real-Time-Voice-Cloning/!other files

