PRT1
95
152
4 0 23 (1364 0 156 ) (1152 0 156 ) (1152 0 -320 ) (1364 0 -320 ) 
4 0 1 (1152 512 156 ) (1152 512 -320 ) (1152 320 -320 ) (1152 320 156 ) 
4 1 2 (1088 512 -320 ) (1088 320 -320 ) (1088 320 156 ) (1088 512 156 ) 
4 2 4 (1024 226.517014 156 ) (1024 512 156 ) (1024 512 -320 ) (1024 226.517014 -320 ) 
4 3 25 (1088 0 156 ) (1024 0 156 ) (1024 0 -320 ) (1088 0 -320 ) 
4 3 10 (1024 128 156 ) (1024 200.517014 156 ) (1024 200.517014 -320 ) (1024 128 -320 ) 
4 3 12 (1024 0 -320 ) (1024 0 156 ) (1024 128 156 ) (1024 128 -320 ) 
4 4 6 (832 512 -320 ) (832 320 -320 ) (832 320 156 ) (832 512 156 ) 
4 4 5 (922 226.517014 -320 ) (998 226.517014 -320 ) (998 226.517014 156 ) (922 226.517014 156 ) 
4 5 10 (922 200.517014 -320 ) (998 200.517014 -320 ) (998 200.517014 156 ) (922 200.517014 156 ) 
4 6 7 (768 512 -320 ) (768 320 -320 ) (768 320 156 ) (768 512 156 ) 
4 7 9 (597 221.519012 -320 ) (683 221.519012 -320 ) (683 221.519012 156 ) (597 221.519012 156 ) 
4 7 8 (512 512 156 ) (512 512 -320 ) (512 320 -320 ) (512 320 156 ) 
4 8 13 (448 512 -320 ) (448 320 -320 ) (448 320 156 ) (448 512 156 ) 
4 9 11 (597 200.517014 -320 ) (683 200.517014 -320 ) (683 200.517014 156 ) (597 200.517014 156 ) 
4 10 12 (832 128 -320 ) (1024 128 -320 ) (1024 128 156 ) (832 128 156 ) 
4 11 12 (512 128 -320 ) (768 128 -320 ) (768 128 156 ) (512 128 156 ) 
4 12 38 (512 0 156 ) (448 0 156 ) (448 0 -320 ) (512 0 -320 ) 
4 12 34 (768 0 156 ) (512 0 156 ) (512 0 -320 ) (768 0 -320 ) 
4 12 28 (1024 0 -320 ) (1024 0 156 ) (768 0 156 ) (768 0 -320 ) 
4 12 15 (448 128 -320 ) (448 0 -320 ) (448 0 156 ) (448 128 156 ) 
4 13 18 (192 512 -320 ) (192 320 -320 ) (192 320 156 ) (192 512 156 ) 
4 13 16 (192 214.819016 156 ) (192 214.819016 -320 ) (271 214.819016 -320 ) (271 214.819016 156 ) 
4 13 14 (271 214.819016 -320 ) (369 214.819016 -320 ) (369 214.819016 156 ) (271 214.819016 156 ) 
4 14 16 (271 214.819016 156 ) (271 214.819016 -320 ) (271 207 -320 ) (271 207 156 ) 
4 14 15 (271 199.819016 156 ) (271 199.819016 -320 ) (369 199.819016 -320 ) (369 199.819016 156 ) 
4 15 38 (448 0 156 ) (271 0 156 ) (271 0 -320 ) (448 0 -320 ) 
4 15 17 (271 192 -320 ) (271 0 -320 ) (271 0 156 ) (271 192 156 ) 
4 17 38 (271 0 156 ) (192 0 156 ) (192 0 -320 ) (271 0 -320 ) 
4 17 19 (192 128 -320 ) (192 0 -320 ) (192 0 156 ) (192 128 156 ) 
4 18 20 (128 512 -320 ) (128 320 -320 ) (128 320 156 ) (128 512 156 ) 
4 19 44 (192 0 156 ) (128 0 156 ) (128 0 -320 ) (192 0 -320 ) 
4 19 22 (128 128 -320 ) (128 0 -320 ) (128 0 156 ) (128 128 156 ) 
4 20 52 (0 208.429001 156 ) (0 512 156 ) (0 512 -320 ) (0 208.429001 -320 ) 
4 20 21 (0 208.429001 -320 ) (54 208.429001 -320 ) (54 208.429001 156 ) (0 208.429001 156 ) 
4 21 53 (0 198.429001 156 ) (0 208.429001 156 ) (0 208.429001 -320 ) (0 198.429001 -320 ) 
4 21 22 (0 198.429001 -320 ) (54 198.429001 -320 ) (54 198.429001 156 ) (0 198.429001 156 ) 
4 22 54 (0 0 -320 ) (0 0 156 ) (0 198.429001 156 ) (0 198.429001 -320 ) 
4 22 44 (128 0 156 ) (0 0 156 ) (0 0 -320 ) (128 0 -320 ) 
4 23 50 (1364 -1024 156 ) (1152 -1024 156 ) (1152 -1024 -320 ) (1364 -1024 -320 ) 
4 23 24 (1152 -960 -320 ) (1152 -1024 -320 ) (1152 -1024 156 ) (1152 -960 156 ) 
4 24 50 (1152 -1024 156 ) (1088 -1024 156 ) (1088 -1024 -320 ) (1152 -1024 -320 ) 
4 24 27 (1088 -960 -320 ) (1088 -1024 -320 ) (1088 -1024 156 ) (1088 -960 156 ) 
4 25 28 (1024 0 156 ) (1024 0 -320 ) (1024 -256 -320 ) (1024 -256 156 ) 
4 26 30 (1024 -768 -320 ) (1024 -776.119019 -320 ) (1024 -776.119019 156 ) (1024 -768 156 ) 
4 26 29 (1024 -320 -320 ) (1024 -768 -320 ) (1024 -768 156 ) (1024 -320 156 ) 
4 27 50 (1088 -1024 156 ) (1024 -1024 156 ) (1024 -1024 -320 ) (1088 -1024 -320 ) 
4 27 32 (1024 -807.119019 -320 ) (1024 -1024 -320 ) (1024 -1024 156 ) (1024 -807.119019 156 ) 
4 28 34 (768 0 -320 ) (768 -256 -320 ) (768 -256 156 ) (768 0 156 ) 
4 29 35 (768 -320 -320 ) (768 -768 -320 ) (768 -768 156 ) (768 -320 156 ) 
4 29 30 (832 -768 -320 ) (1024 -768 -320 ) (1024 -768 156 ) (832 -768 156 ) 
4 30 31 (927 -776.119019 -320 ) (993 -776.119019 -320 ) (993 -776.119019 156 ) (927 -776.119019 156 ) 
4 31 32 (927 -807.119019 -320 ) (993 -807.119019 -320 ) (993 -807.119019 156 ) (927 -807.119019 156 ) 
4 32 51 (832 -1024 -320 ) (1024 -1024 -320 ) (1024 -1024 156 ) (832 -1024 156 ) 
4 32 33 (832 -960 -320 ) (832 -1024 -320 ) (832 -1024 156 ) (832 -960 156 ) 
4 33 51 (768 -1024 -320 ) (832 -1024 -320 ) (832 -1024 156 ) (768 -1024 156 ) 
4 33 37 (768 -960 -320 ) (768 -1024 -320 ) (768 -1024 156 ) (768 -960 156 ) 
4 34 38 (512 0 -320 ) (512 -256 -320 ) (512 -256 156 ) (512 0 156 ) 
4 35 39 (512 -320 -320 ) (512 -768 -320 ) (512 -768 156 ) (512 -320 156 ) 
4 35 36 (613 -775.239014 -320 ) (667 -775.239014 -320 ) (667 -775.239014 156 ) (613 -775.239014 156 ) 
4 36 37 (613 -812.239014 -320 ) (667 -812.239014 -320 ) (667 -812.239014 156 ) (613 -812.239014 156 ) 
4 37 51 (512 -1024 -320 ) (768 -1024 -320 ) (768 -1024 156 ) (512 -1024 156 ) 
4 37 41 (512 -960 -320 ) (512 -1024 -320 ) (512 -1024 156 ) (512 -960 156 ) 
4 38 44 (192 0 -320 ) (192 -256 -320 ) (192 -256 156 ) (192 0 156 ) 
4 39 45 (192 -320 -320 ) (192 -768 -320 ) (192 -768 156 ) (192 -320 156 ) 
4 39 40 (192 -768 156 ) (192 -768 -320 ) (448 -768 -320 ) (448 -768 156 ) 
4 40 42 (298 -774.243042 -320 ) (342 -774.243042 -320 ) (342 -774.243042 156 ) (298 -774.243042 156 ) 
4 41 51 (448 -1024 -320 ) (512 -1024 -320 ) (512 -1024 156 ) (448 -1024 156 ) 
4 41 43 (448 -960 -320 ) (448 -1024 -320 ) (448 -1024 156 ) (448 -960 156 ) 
4 42 43 (298 -816.243042 -320 ) (342 -816.243042 -320 ) (342 -816.243042 156 ) (298 -816.243042 156 ) 
4 43 51 (192 -1024 -320 ) (448 -1024 -320 ) (448 -1024 156 ) (192 -1024 156 ) 
4 43 47 (192 -960 -320 ) (192 -1024 -320 ) (192 -1024 156 ) (192 -960 156 ) 
4 44 72 (0 -256 156 ) (0 0 156 ) (0 0 -320 ) (0 -256 -320 ) 
4 45 73 (0 -768 156 ) (0 -320 156 ) (0 -320 -320 ) (0 -768 -320 ) 
4 45 46 (0 -768 -320 ) (128 -768 -320 ) (128 -768 156 ) (0 -768 156 ) 
4 46 74 (0 -773.057007 156 ) (0 -768 156 ) (0 -768 -320 ) (0 -773.057007 -320 ) 
4 46 48 (0 -773.057007 -320 ) (17 -773.057007 -320 ) (17 -773.057007 156 ) (0 -773.057007 156 ) 
4 47 51 (128 -1024 -320 ) (192 -1024 -320 ) (192 -1024 156 ) (128 -1024 156 ) 
4 47 49 (128 -960 -320 ) (128 -1024 -320 ) (128 -1024 156 ) (128 -960 156 ) 
4 48 75 (0 -820.057007 156 ) (0 -773.057007 156 ) (0 -773.057007 -320 ) (0 -820.057007 -320 ) 
4 48 49 (0 -820.057007 -320 ) (17 -820.057007 -320 ) (17 -820.057007 156 ) (0 -820.057007 156 ) 
4 49 76 (0 -1024 -320 ) (0 -1024 156 ) (0 -820.057007 156 ) (0 -820.057007 -320 ) 
4 49 51 (0 -1024 156 ) (0 -1024 -320 ) (128 -1024 -320 ) (128 -1024 156 ) 
4 50 51 (1024 -1024 156 ) (1024 -1024 -320 ) (1024 -1152 -320 ) (1024 -1152 156 ) 
4 51 93 (0 -1152 156 ) (0 -1024 156 ) (0 -1024 -320 ) (0 -1152 -320 ) 
4 52 55 (-128 512 -320 ) (-128 320 -320 ) (-128 320 156 ) (-128 512 156 ) 
4 52 53 (-54 208.429001 -320 ) (0 208.429001 -320 ) (0 208.429001 156 ) (-54 208.429001 156 ) 
4 53 54 (-54 198.429001 -320 ) (0 198.429001 -320 ) (0 198.429001 156 ) (-54 198.429001 156 ) 
4 54 72 (0 0 -320 ) (0 0 156 ) (-128 0 156 ) (-128 0 -320 ) 
4 54 56 (-128 128 -320 ) (-128 0 -320 ) (-128 0 156 ) (-128 128 156 ) 
4 55 57 (-192 512 -320 ) (-192 320 -320 ) (-192 320 156 ) (-192 512 156 ) 
4 56 72 (-192 0 156 ) (-192 0 -320 ) (-128 0 -320 ) (-128 0 156 ) 
4 56 59 (-192 128 -320 ) (-192 0 -320 ) (-192 0 156 ) (-192 128 156 ) 
4 57 60 (-448 512 -320 ) (-448 320 -320 ) (-448 320 156 ) (-448 512 156 ) 
4 57 58 (-379 200.986008 -320 ) (-261 200.986008 -320 ) (-261 200.986008 156 ) (-379 200.986008 156 ) 
4 58 59 (-379 195.986008 -320 ) (-261 195.986008 -320 ) (-261 195.986008 156 ) (-379 195.986008 156 ) 
4 59 72 (-448 0 156 ) (-448 0 -320 ) (-192 0 -320 ) (-192 0 156 ) 
4 59 61 (-448 128 -320 ) (-448 0 -320 ) (-448 0 156 ) (-448 128 156 ) 
4 60 69 (-1024 512 -320 ) (-1024 320 -320 ) (-1024 320 156 ) (-1024 512 156 ) 
4 60 68 (-1024 320 156 ) (-1024 320 -320 ) (-832 320 -320 ) (-832 320 156 ) 
4 60 62 (-768 320 -320 ) (-512 320 -320 ) (-512 320 156 ) (-768 320 156 ) 
4 61 72 (-512 0 156 ) (-512 0 -320 ) (-448 0 -320 ) (-448 0 156 ) 
4 61 66 (-512 128 -320 ) (-512 0 -320 ) (-512 0 156 ) (-512 128 156 ) 
4 62 65 (-768 194 156 ) (-768 194 -320 ) (-704 194 -320 ) (-704 194 156 ) 
4 62 64 (-702 194 -320 ) (-578 194 -320 ) (-578 194 156 ) (-702 194 156 ) 
4 62 63 (-576 194 -320 ) (-512 194 -320 ) (-512 194 156 ) (-576 194 156 ) 
4 63 66 (-576 192 -320 ) (-512 192 -320 ) (-512 192 156 ) (-576 192 156 ) 
4 64 66 (-702 192 -320 ) (-578 192 -320 ) (-578 192 156 ) (-702 192 156 ) 
4 65 66 (-768 192 156 ) (-768 192 -320 ) (-704 192 -320 ) (-704 192 156 ) 
4 66 72 (-768 0 156 ) (-768 0 -320 ) (-512 0 -320 ) (-512 0 156 ) 
4 66 67 (-768 128 -320 ) (-768 0 -320 ) (-768 0 156 ) (-768 128 156 ) 
4 67 72 (-832 0 -320 ) (-768 0 -320 ) (-768 0 156 ) (-832 0 156 ) 
4 67 68 (-832 0 156 ) (-832 128 156 ) (-832 128 -320 ) (-832 0 -320 ) 
4 68 72 (-1024 0 156 ) (-1024 0 -320 ) (-832 0 -320 ) (-832 0 156 ) 
4 68 69 (-1024 0 -320 ) (-1024 0 156 ) (-1024 320 156 ) (-1024 320 -320 ) 
4 69 88 (-1024 0 -320 ) (-1024 0 156 ) (-1088 0 156 ) (-1088 0 -320 ) 
4 69 70 (-1088 512 156 ) (-1088 512 -320 ) (-1088 320 -320 ) (-1088 320 156 ) 
4 70 71 (-1152 512 156 ) (-1152 512 -320 ) (-1152 320 -320 ) (-1152 320 156 ) 
4 71 92 (-1152 0 156 ) (-1364 0 156 ) (-1364 0 -320 ) (-1152 0 -320 ) 
4 72 88 (-1024 -256 156 ) (-1024 0 156 ) (-1024 0 -320 ) (-1024 -256 -320 ) 
4 73 89 (-1024 -768 156 ) (-1024 -320 156 ) (-1024 -320 -320 ) (-1024 -768 -320 ) 
4 73 86 (-961 -768 -320 ) (-959 -768 -320 ) (-959 -768 156 ) (-961 -768 156 ) 
4 73 82 (-768 -768 -320 ) (-512 -768 -320 ) (-512 -768 156 ) (-768 -768 156 ) 
4 73 78 (-448 -768 -320 ) (-192 -768 -320 ) (-192 -768 156 ) (-448 -768 156 ) 
4 73 74 (-128 -768 -320 ) (0 -768 -320 ) (0 -768 156 ) (-128 -768 156 ) 
4 74 75 (-17 -773.057007 -320 ) (0 -773.057007 -320 ) (0 -773.057007 156 ) (-17 -773.057007 156 ) 
4 75 76 (-17 -820.057007 -320 ) (0 -820.057007 -320 ) (0 -820.057007 156 ) (-17 -820.057007 156 ) 
4 76 93 (0 -1024 -320 ) (0 -1024 156 ) (-128 -1024 156 ) (-128 -1024 -320 ) 
4 76 77 (-128 -960 -320 ) (-128 -1024 -320 ) (-128 -1024 156 ) (-128 -960 156 ) 
4 77 93 (-128 -1024 156 ) (-192 -1024 156 ) (-192 -1024 -320 ) (-128 -1024 -320 ) 
4 77 80 (-192 -960 -320 ) (-192 -1024 -320 ) (-192 -1024 156 ) (-192 -960 156 ) 
4 78 79 (-331 -771.429077 -320 ) (-309 -771.429077 -320 ) (-309 -771.429077 156 ) (-331 -771.429077 156 ) 
4 79 80 (-331 -824.429077 -320 ) (-309 -824.429077 -320 ) (-309 -824.429077 156 ) (-331 -824.429077 156 ) 
4 80 93 (-192 -1024 156 ) (-448 -1024 156 ) (-448 -1024 -320 ) (-192 -1024 -320 ) 
4 80 81 (-448 -960 -320 ) (-448 -1024 -320 ) (-448 -1024 156 ) (-448 -960 156 ) 
4 81 93 (-448 -1024 156 ) (-512 -1024 156 ) (-512 -1024 -320 ) (-448 -1024 -320 ) 
4 81 84 (-512 -960 -320 ) (-512 -1024 -320 ) (-512 -1024 156 ) (-512 -960 156 ) 
4 82 83 (-646 -769.932983 -320 ) (-634 -769.932983 -320 ) (-634 -769.932983 156 ) (-646 -769.932983 156 ) 
4 83 84 (-646 -827.932983 -320 ) (-634 -827.932983 -320 ) (-634 -827.932983 156 ) (-646 -827.932983 156 ) 
4 84 93 (-512 -1024 156 ) (-768 -1024 156 ) (-768 -1024 -320 ) (-512 -1024 -320 ) 
4 84 85 (-768 -960 -320 ) (-768 -1024 -320 ) (-768 -1024 156 ) (-768 -960 156 ) 
4 85 93 (-768 -1024 156 ) (-832 -1024 156 ) (-832 -1024 -320 ) (-768 -1024 -320 ) 
4 85 87 (-832 -960 -320 ) (-832 -1024 -320 ) (-832 -1024 156 ) (-832 -960 156 ) 
4 86 87 (-961 -831 -320 ) (-959 -831 -320 ) (-959 -831 156 ) (-961 -831 156 ) 
4 87 93 (-832 -1024 156 ) (-1024 -1024 156 ) (-1024 -1024 -320 ) (-832 -1024 -320 ) 
4 87 90 (-1024 -1024 -320 ) (-1024 -1024 156 ) (-1024 -831 156 ) (-1024 -831 -320 ) 
4 90 94 (-1024 -1024 -320 ) (-1024 -1024 156 ) (-1088 -1024 156 ) (-1088 -1024 -320 ) 
4 90 91 (-1088 -960 -320 ) (-1088 -1024 -320 ) (-1088 -1024 156 ) (-1088 -960 156 ) 
4 91 94 (-1152 -1024 -320 ) (-1088 -1024 -320 ) (-1088 -1024 156 ) (-1152 -1024 156 ) 
4 91 92 (-1152 -960 -320 ) (-1152 -1024 -320 ) (-1152 -1024 156 ) (-1152 -960 156 ) 
4 92 94 (-1364 -1024 -320 ) (-1152 -1024 -320 ) (-1152 -1024 156 ) (-1364 -1024 156 ) 
4 93 94 (-1024 -1024 156 ) (-1024 -1024 -320 ) (-1024 -1152 -320 ) (-1024 -1152 156 ) 
