


materialPath: D:\Steam\steamapps\common\Counter-Strike Global Offensive\csgo\materials
Loading D:\Desktop\computing\Counter Strike\maps\awp_practise.vmf
Map revision 26
fixing up env_cubemap materials on brush sides...
0...1...2...3...4...5...6...7...8...9...100...1...2...3...4...5...6...7...8...9...10Processing areas...done (0)
Building Faces...done (0)
FixTjuncs...
PruneNodes...
WriteBSP...
done (0)
writing D:\Desktop\computing\Counter Strike\maps\awp_practise.prt...Building visibility clusters...
done (0)
Finding displacement neighbors...
Finding lightmap sample positions...
Displacement Alpha : 0...1...2...3...4...5...6...7...8...9...10
Building Physics collision data...
done (0) (47423 bytes)
Placing detail props : 0...1...2...3...4...5...6...7...8...9...10
Compacting texture/material tables...
Reduced 47 texinfos to 23
Reduced 2 texdatas to 2 (49 bytes to 49)
Writing D:\Desktop\computing\Counter Strike\maps\awp_practise.bsp
MSG_FILEWRITE - Filesystem was asked to write to 'd:\desktop\computing\counter strike\maps\awp_practise.bsp', but we don't own that location. Allowing.
0 seconds elapsed



4 threads
reading d:\desktop\computing\counter strike\maps\awp_practise.bsp
reading d:\desktop\computing\counter strike\maps\awp_practise.prt
  95 portalclusters
 152 numportals
0...1...2...3...4...5...6...7...8...9...100...1...2...3...4...5...6...7...8...9...10Optimized: 1 visible clusters (0.00%)
Total clusters visible: 2748
Average clusters visible: 28
Building PAS...
Average clusters audible: 53
visdatasize:3140  compressed from 3040
writing d:\desktop\computing\counter strike\maps\awp_practise.bsp
MSG_FILEWRITE - Filesystem was asked to write to 'd:\desktop\computing\counter strike\maps\awp_practise.bsp', but we don't own that location. Allowing.
0 seconds elapsed



[Reading texlights from 'lights.rad']
[17 texlights parsed from 'lights.rad']

Loading d:\desktop\computing\counter strike\maps\awp_practise.bsp
438 faces
152247 square feet [21923600.00 square inches]
0 Displacements
0 Square Feet [0.00 Square Inches]
438 patches before subdivision
19414 patches after subdivision
0 direct lights
0...1...2...3...4...5...6...7...8...9...100...1...2...3...4...5...6...7...8...9...10transfers 2110908, max 304
transfer lists:  16.1 megs
0...1...2...3...4...5...6...7...8...9...10	Bounce #1 added RGB(0, 0, 0)
Build Patch/Sample Hash Table(s).....Done<0.0040 sec>
0...1...2...3...4...5...6...7...8...9...10FinalLightFace Done
0 of 0 (0% of) surface lights went in leaf ambient cubes.
0...1...2...3...4...5...6...7...8...9...10Writing leaf ambient...done
Ready to Finish

Object names       Objects/Maxobjs  Memory / Maxmem  Fullness 
------------       ---------------  ---------------  -------- 
models                   1/1024           48/49152    ( 0.1%) 
brushes                224/8192         2688/98304    ( 2.7%) 
brushsides            1344/65536       10752/524288   ( 2.1%) 
planes                 392/65536        7840/1310720  ( 0.6%) 
vertexes               913/65536       10956/786432   ( 1.4%) 
nodes                  227/65536        7264/2097152  ( 0.3%) 
texinfos                23/12288        1656/884736   ( 0.2%) 
texdata                  2/2048           64/65536    ( 0.1%) 
dispinfos                0/0               0/0        ( 0.0%) 
disp_verts               0/0               0/0        ( 0.0%) 
disp_tris                0/0               0/0        ( 0.0%) 
disp_multiblend          0/0               0/0        ( 0.0%) 
disp_lmsamples           0/0               0/0        ( 0.0%) 
faces                  438/65536       24528/3670016  ( 0.7%) 
hdr faces                0/65536           0/3670016  ( 0.0%) 
origfaces              154/65536        8624/3670016  ( 0.2%) 
facebrushes             99/0             198/0        ( 0.0%) 
facebrushlists         438/0            1752/0        ( 0.0%) 
leaves                 229/65536        7328/2097152  ( 0.3%) 
leaffaces              468/65536         936/131072   ( 0.7%) 
leafbrushes            296/65536         592/131072   ( 0.5%) 
areas                    2/1024           16/8192     ( 0.2%) 
surfedges             2740/512000      10960/2048000  ( 0.5%) 
edges                 1597/256000       6388/1024000  ( 0.6%) 
LDR worldlights          0/8192            0/819200   ( 0.0%) 
HDR worldlights          0/8192            0/819200   ( 0.0%) 
leafwaterdata            0/32768           0/393216   ( 0.0%) 
waterstrips             71/32768         710/327680   ( 0.2%) 
waterverts               0/65536           0/786432   ( 0.0%) 
waterindices          1122/65536        2244/131072   ( 1.7%) 
cubemapsamples           0/1024            0/16384    ( 0.0%) 
overlays                 0/1024            0/360448   ( 0.0%) 
LDR lightdata         [variable]      834424/0        ( 0.0%) 
HDR lightdata         [variable]           0/0        ( 0.0%) 
visdata               [variable]        3140/16777216 ( 0.0%) 
entdata               [variable]        7591/393216   ( 1.9%) 
LDR ambient table      229/65536         916/262144   ( 0.3%) 
HDR ambient table      229/65536         916/262144   ( 0.3%) 
LDR leaf ambient        95/65536        2660/1835008  ( 0.1%) 
HDR leaf ambient       229/65536        6412/1835008  ( 0.3%) 
occluders                0/0               0/0        ( 0.0%) 
occluder polygons        0/0               0/0        ( 0.0%) 
occluder vert ind        0/0               0/0        ( 0.0%) 
detail props          [variable]           1/12       ( 8.3%) 
static props          [variable]           1/12       ( 8.3%) 
pakfile               [variable]       74446/0        ( 0.0%) 
physics               [variable]       47423/4194304  ( 1.1%) 
physics terrain       [variable]           2/1048576  ( 0.0%) 

Level flags = 7c

Total triangle count: 1248
Writing d:\desktop\computing\counter strike\maps\awp_practise.bsp
MSG_FILEWRITE - Filesystem was asked to write to 'd:\desktop\computing\counter strike\maps\awp_practise.bsp', but we don't own that location. Allowing.
1 second elapsed
