PRT1
111
192
4 0 14 (384 576 -414.747009 ) (480 576 -414.747009 ) (480 490.666992 -414.747009 ) (384 490.666992 -414.747009 ) 
4 0 13 (197.565002 576 -414.747009 ) (197.565002 667.424988 -414.747009 ) (480 667.424988 -414.747009 ) (480 576 -414.747009 ) 
4 0 2 (197.565002 667.424988 -414.747009 ) (197.565002 490.666992 -414.747009 ) (197.565002 490.666992 -296.679016 ) (197.565002 667.424988 -296.679016 ) 
4 0 1 (239.304001 490.666992 -414.747009 ) (480 490.666992 -414.747009 ) (480 490.666992 -296.679016 ) (239.304001 490.666992 -296.679016 ) 
4 1 14 (480 401.066986 -414.747009 ) (384 401.066986 -414.747009 ) (384 490.666992 -414.747009 ) (480 490.666992 -414.747009 ) 
4 1 6 (239.304001 401.066986 -414.747009 ) (480 401.066986 -414.747009 ) (480 401.066986 -296.679016 ) (239.304001 401.066986 -296.679016 ) 
4 2 31 (0 490.666992 -296.679016 ) (0 667.424988 -296.679016 ) (0 667.424988 -414.747009 ) (0 490.666992 -414.747009 ) 
4 2 13 (0 576 -414.747009 ) (0 667.424988 -414.747009 ) (197.565002 667.424988 -414.747009 ) (197.565002 576 -414.747009 ) 
4 2 3 (30.608603 490.666992 -414.747009 ) (197.565002 490.666992 -414.747009 ) (197.565002 490.666992 -296.679016 ) (30.608603 490.666992 -296.679016 ) 
4 3 4 (89.304306 447.040985 -414.747009 ) (138.869995 447.040985 -414.747009 ) (138.869995 447.040985 -296.679016 ) (89.304306 447.040985 -296.679016 ) 
4 4 5 (89.304306 434.908020 -414.747009 ) (138.869995 434.908020 -414.747009 ) (138.869995 434.908020 -296.679016 ) (89.304306 434.908020 -296.679016 ) 
4 5 7 (30.608603 401.066986 -414.747009 ) (197.565002 401.066986 -414.747009 ) (197.565002 401.066986 -296.679016 ) (30.608603 401.066986 -296.679016 ) 
4 6 17 (480 0 -296.679016 ) (239.304001 0 -296.679016 ) (239.304001 0 -414.747009 ) (480 0 -414.747009 ) 
4 6 16 (480 0 -414.747009 ) (384 0 -414.747009 ) (384 378.778992 -414.747009 ) (480 378.778992 -414.747009 ) 
4 6 15 (384 390.778992 -414.747009 ) (480 390.778992 -414.747009 ) (480 378.778992 -414.747009 ) (384 378.778992 -414.747009 ) 
4 6 14 (384 401.066986 -414.747009 ) (480 401.066986 -414.747009 ) (480 390.778992 -414.747009 ) (384 390.778992 -414.747009 ) 
4 7 55 (0 390.778992 -296.679016 ) (0 401.066986 -296.679016 ) (0 401.066986 -414.747009 ) (0 390.778992 -414.747009 ) 
4 7 9 (190.244003 390.778992 -384.145996 ) (190.244003 390.778992 -296.679016 ) (0 390.778992 -296.679016 ) (0 390.778992 -384.145996 ) 
4 7 8 (190.244003 390.778992 -414.747009 ) (197.565002 390.778992 -414.747009 ) (197.565002 390.778992 -296.679016 ) (190.244003 390.778992 -296.679016 ) 
4 8 11 (190.244003 378.778992 -414.747009 ) (192 378.778992 -414.747009 ) (192 378.778992 -296.679016 ) (190.244003 378.778992 -296.679016 ) 
4 8 10 (192 378.778992 -414.747009 ) (197.565002 378.778992 -414.747009 ) (197.565002 378.778992 -296.679016 ) (192 378.778992 -296.679016 ) 
4 8 9 (190.244003 390.778992 -296.679016 ) (190.244003 390.778992 -384.145996 ) (190.244003 378.778992 -384.145996 ) (190.244003 378.778992 -296.679016 ) 
4 9 56 (0 378.778992 -296.679016 ) (0 390.778992 -296.679016 ) (0 390.778992 -384.145996 ) (0 378.778992 -384.145996 ) 
4 9 11 (190.244003 378.778992 -384.145996 ) (190.244003 378.778992 -296.679016 ) (0 378.778992 -296.679016 ) (0 378.778992 -384.145996 ) 
4 10 19 (197.565002 0 -296.679016 ) (192 0 -296.679016 ) (192 0 -414.747009 ) (197.565002 0 -414.747009 ) 
4 10 11 (192 378.778992 -296.679016 ) (192 378.778992 -414.747009 ) (192 193.612000 -414.747009 ) (192 193.612000 -296.679016 ) 
4 10 12 (192 191.511017 -414.747009 ) (192 0 -414.747009 ) (192 0 -296.679016 ) (192 191.511017 -296.679016 ) 
4 11 57 (0 193.612000 -296.679016 ) (0 378.778992 -296.679016 ) (0 378.778992 -414.747009 ) (0 193.612000 -414.747009 ) 
4 12 58 (0 0 -414.747009 ) (0 0 -296.679016 ) (0 191.511017 -296.679016 ) (0 191.511017 -414.747009 ) 
4 12 19 (192 0 -296.679016 ) (0 0 -296.679016 ) (0 0 -414.747009 ) (192 0 -414.747009 ) 
4 13 59 (0 576 -414.747009 ) (0 667.424988 -414.747009 ) (0 667.424988 -421.691986 ) (0 576 -421.691986 ) 
4 13 14 (384 576 -421.691986 ) (480 576 -421.691986 ) (480 576 -414.747009 ) (384 576 -414.747009 ) 
4 14 15 (480 390.778992 -421.691986 ) (480 390.778992 -414.747009 ) (384 390.778992 -414.747009 ) (384 390.778992 -421.691986 ) 
4 15 16 (480 378.778992 -421.691986 ) (480 378.778992 -414.747009 ) (384 378.778992 -414.747009 ) (384 378.778992 -421.691986 ) 
4 16 27 (480 0 -421.691986 ) (480 0 -414.747009 ) (384 0 -414.747009 ) (384 0 -421.691986 ) 
4 17 30 (480 -192 -414.747009 ) (480 -283.429016 -414.747009 ) (239.304001 -283.429016 -414.747009 ) (239.304001 -192 -414.747009 ) 
4 17 29 (480 -15.097400 -414.747009 ) (480 -192 -414.747009 ) (384 -192 -414.747009 ) (384 -15.097400 -414.747009 ) 
4 17 28 (480 -3.097350 -414.747009 ) (480 -15.097400 -414.747009 ) (384 -15.097400 -414.747009 ) (384 -3.097350 -414.747009 ) 
4 17 27 (384 0 -414.747009 ) (480 0 -414.747009 ) (480 -3.097350 -414.747009 ) (384 -3.097350 -414.747009 ) 
4 17 18 (239.304001 -106.667007 -414.747009 ) (239.304001 -283.429016 -414.747009 ) (239.304001 -283.429016 -296.679016 ) (239.304001 -106.667007 -296.679016 ) 
4 18 30 (239.304001 -192 -414.747009 ) (239.304001 -283.429016 -414.747009 ) (197.565002 -283.429016 -414.747009 ) (197.565002 -192 -414.747009 ) 
4 18 26 (197.565002 -106.667007 -414.747009 ) (197.565002 -283.429016 -414.747009 ) (197.565002 -283.429016 -296.679016 ) (197.565002 -106.667007 -296.679016 ) 
4 19 74 (0 -3.097350 -296.679016 ) (0 0 -296.679016 ) (0 0 -414.747009 ) (0 -3.097350 -414.747009 ) 
4 19 21 (185.488007 -3.097350 -384 ) (185.488007 -3.097350 -296.679016 ) (0 -3.097350 -296.679016 ) (0 -3.097350 -384 ) 
4 19 20 (185.488007 -3.097350 -414.747009 ) (197.565002 -3.097350 -414.747009 ) (197.565002 -3.097350 -296.679016 ) (185.488007 -3.097350 -296.679016 ) 
4 20 22 (185.488007 -15.097400 -414.747009 ) (197.565002 -15.097400 -414.747009 ) (197.565002 -15.097400 -296.679016 ) (185.488007 -15.097400 -296.679016 ) 
4 20 21 (185.488007 -3.097350 -296.679016 ) (185.488007 -3.097350 -384 ) (185.488007 -15.097400 -384 ) (185.488007 -15.097400 -296.679016 ) 
4 21 75 (0 -15.097400 -296.679016 ) (0 -3.097350 -296.679016 ) (0 -3.097350 -384 ) (0 -15.097400 -384 ) 
4 21 23 (30.608603 -15.097400 -296.679016 ) (0 -15.097400 -296.679016 ) (0 -15.097400 -384 ) (30.608603 -15.097400 -384 ) 
4 21 22 (185.488007 -15.097400 -384 ) (185.488007 -15.097400 -296.679016 ) (30.608603 -15.097400 -296.679016 ) (30.608603 -15.097400 -384 ) 
4 22 24 (92.565208 -20.855602 -414.747009 ) (135.608994 -20.855602 -414.747009 ) (135.608994 -20.855602 -296.679016 ) (92.565208 -20.855602 -296.679016 ) 
4 22 23 (30.608603 -15.097400 -296.679016 ) (30.608603 -15.097400 -414.747009 ) (30.608603 -17.066700 -414.747009 ) (30.608603 -17.066700 -296.679016 ) 
4 23 76 (0 -17.066700 -296.679016 ) (0 -15.097400 -296.679016 ) (0 -15.097400 -414.747009 ) (0 -17.066700 -414.747009 ) 
4 24 25 (92.565208 -35.322201 -414.747009 ) (135.608994 -35.322201 -414.747009 ) (135.608994 -35.322201 -296.679016 ) (92.565208 -35.322201 -296.679016 ) 
4 25 26 (30.608603 -106.667007 -414.747009 ) (197.565002 -106.667007 -414.747009 ) (197.565002 -106.667007 -296.679016 ) (30.608603 -106.667007 -296.679016 ) 
4 26 80 (0 -283.429016 -296.679016 ) (0 -106.667007 -296.679016 ) (0 -106.667007 -414.747009 ) (0 -283.429016 -414.747009 ) 
4 26 30 (0 -283.429016 -414.747009 ) (0 -192 -414.747009 ) (197.565002 -192 -414.747009 ) (197.565002 -283.429016 -414.747009 ) 
4 27 28 (480 -3.097350 -421.691986 ) (480 -3.097350 -414.747009 ) (384 -3.097350 -414.747009 ) (384 -3.097350 -421.691986 ) 
4 28 29 (480 -15.097400 -421.691986 ) (480 -15.097400 -414.747009 ) (384 -15.097400 -414.747009 ) (384 -15.097400 -421.691986 ) 
4 29 30 (384 -192 -421.691986 ) (480 -192 -421.691986 ) (480 -192 -414.747009 ) (384 -192 -414.747009 ) 
4 30 96 (0 -283.429016 -414.747009 ) (0 -192 -414.747009 ) (0 -192 -421.691986 ) (0 -283.429016 -421.691986 ) 
4 31 59 (0 667.424988 -414.747009 ) (0 576 -414.747009 ) (-178.087006 576 -414.747009 ) (-178.087006 667.424988 -414.747009 ) 
4 31 35 (-178.087006 667.424988 -414.747009 ) (-178.087006 490.666992 -414.747009 ) (-178.087006 490.666992 -296.679016 ) (-178.087006 667.424988 -296.679016 ) 
4 31 32 (-178.087006 490.666992 -296.679016 ) (-178.087006 490.666992 -414.747009 ) (-11.130400 490.666992 -414.747009 ) (-11.130400 490.666992 -296.679016 ) 
4 32 33 (-122.652000 444.709045 -414.747009 ) (-66.565201 444.709045 -414.747009 ) (-66.565201 444.709045 -296.679016 ) (-122.652000 444.709045 -296.679016 ) 
4 33 34 (-122.652000 434.908020 -414.747009 ) (-66.565201 434.908020 -414.747009 ) (-66.565201 434.908020 -296.679016 ) (-122.652000 434.908020 -296.679016 ) 
4 34 55 (-178.087006 401.066986 -414.747009 ) (-11.130400 401.066986 -414.747009 ) (-11.130400 401.066986 -296.679016 ) (-178.087006 401.066986 -296.679016 ) 
4 35 59 (-178.087006 667.424988 -414.747009 ) (-178.087006 576 -414.747009 ) (-219.826019 576 -414.747009 ) (-219.826019 667.424988 -414.747009 ) 
4 35 36 (-219.826019 667.424988 -414.747009 ) (-219.826019 490.666992 -414.747009 ) (-219.826019 490.666992 -296.679016 ) (-219.826019 667.424988 -296.679016 ) 
4 36 59 (-219.826019 667.424988 -414.747009 ) (-219.826019 576 -414.747009 ) (-386.783020 576 -414.747009 ) (-386.783020 667.424988 -414.747009 ) 
4 36 41 (-386.783020 667.424988 -414.747009 ) (-386.783020 490.666992 -414.747009 ) (-386.783020 490.666992 -296.679016 ) (-386.783020 667.424988 -296.679016 ) 
4 36 39 (-386.783020 441.582001 -296.679016 ) (-386.783020 441.582001 -414.747009 ) (-335.260986 441.582001 -414.747009 ) (-335.260986 441.582001 -296.679016 ) 
4 36 37 (-335.260986 441.582001 -414.747009 ) (-271.347992 441.582001 -414.747009 ) (-271.347992 441.582001 -296.679016 ) (-335.260986 441.582001 -296.679016 ) 
4 37 39 (-335.260986 441.582001 -296.679016 ) (-335.260986 441.582001 -414.747009 ) (-335.260986 437.933044 -414.747009 ) (-335.260986 437.933044 -296.679016 ) 
4 37 38 (-335.260986 434.582001 -296.679016 ) (-335.260986 434.582001 -414.747009 ) (-271.347992 434.582001 -414.747009 ) (-271.347992 434.582001 -296.679016 ) 
4 38 55 (-335.260986 401.066986 -414.747009 ) (-219.826019 401.066986 -414.747009 ) (-219.826019 401.066986 -296.679016 ) (-335.260986 401.066986 -296.679016 ) 
4 38 40 (-335.260986 430.933044 -414.747009 ) (-335.260986 401.066986 -414.747009 ) (-335.260986 401.066986 -296.679016 ) (-335.260986 430.933044 -296.679016 ) 
4 40 55 (-386.783020 401.066986 -414.747009 ) (-335.260986 401.066986 -414.747009 ) (-335.260986 401.066986 -296.679016 ) (-386.783020 401.066986 -296.679016 ) 
4 41 59 (-386.783020 667.424988 -414.747009 ) (-386.783020 576 -414.747009 ) (-428.522034 576 -414.747009 ) (-428.522034 667.424988 -414.747009 ) 
4 41 42 (-428.522034 667.424988 -414.747009 ) (-428.522034 490.666992 -414.747009 ) (-428.522034 490.666992 -296.679016 ) (-428.522034 667.424988 -296.679016 ) 
4 42 59 (-428.522034 667.424988 -414.747009 ) (-428.522034 576 -414.747009 ) (-595.478027 576 -414.747009 ) (-595.478027 667.424988 -414.747009 ) 
4 42 44 (-547.216980 438.600037 -414.747009 ) (-476.783020 438.600037 -414.747009 ) (-476.783020 438.600037 -296.679016 ) (-547.216980 438.600037 -296.679016 ) 
4 42 43 (-595.478027 667.424988 -296.679016 ) (-595.478027 667.424988 -414.747009 ) (-595.478027 490.666992 -414.747009 ) (-595.478027 490.666992 -296.679016 ) 
4 43 59 (-637.216980 576 -414.747009 ) (-637.216980 667.424988 -414.747009 ) (-595.478027 667.424988 -414.747009 ) (-595.478027 576 -414.747009 ) 
4 43 46 (-637.216980 667.424988 -414.747009 ) (-637.216980 490.666992 -414.747009 ) (-637.216980 490.666992 -296.679016 ) (-637.216980 667.424988 -296.679016 ) 
4 44 45 (-547.216980 433.934021 -414.747009 ) (-476.783020 433.934021 -414.747009 ) (-476.783020 433.934021 -296.679016 ) (-547.216980 433.934021 -296.679016 ) 
4 45 55 (-595.478027 401.066986 -414.747009 ) (-428.522034 401.066986 -414.747009 ) (-428.522034 401.066986 -296.679016 ) (-595.478027 401.066986 -296.679016 ) 
4 46 59 (-637.216980 667.424988 -414.747009 ) (-637.216980 576 -414.747009 ) (-804.174011 576 -414.747009 ) (-804.174011 667.424988 -414.747009 ) 
4 46 49 (-804.174011 667.424988 -414.747009 ) (-804.174011 490.666992 -414.747009 ) (-804.174011 490.666992 -296.679016 ) (-804.174011 667.424988 -296.679016 ) 
4 46 47 (-759.174011 435.127045 -414.747009 ) (-682.216980 435.127045 -414.747009 ) (-682.216980 435.127045 -296.679016 ) (-759.174011 435.127045 -296.679016 ) 
4 47 48 (-759.174011 432.793030 -414.747009 ) (-682.216980 432.793030 -414.747009 ) (-682.216980 432.793030 -296.679016 ) (-759.174011 432.793030 -296.679016 ) 
4 48 55 (-804.174011 401.066986 -414.747009 ) (-637.216980 401.066986 -414.747009 ) (-637.216980 401.066986 -296.679016 ) (-804.174011 401.066986 -296.679016 ) 
4 49 60 (-1024 667.424988 -414.747009 ) (-1024 490.666992 -414.747009 ) (-1024 490.666992 -296.679016 ) (-1024 667.424988 -296.679016 ) 
4 49 59 (-1024 576 -414.747009 ) (-1024 667.424988 -414.747009 ) (-804.174011 667.424988 -414.747009 ) (-804.174011 576 -414.747009 ) 
4 49 50 (-1012.869995 490.666992 -414.747009 ) (-845.913025 490.666992 -414.747009 ) (-845.913025 490.666992 -296.679016 ) (-1012.869995 490.666992 -296.679016 ) 
4 50 52 (-969.826050 431.867035 -414.747009 ) (-888.956970 431.867035 -414.747009 ) (-888.956970 431.867035 -296.679016 ) (-969.826050 431.867035 -296.679016 ) 
4 50 53 (-1012.869995 431.867035 -414.747009 ) (-971.130066 431.867035 -414.747009 ) (-971.130066 431.867035 -296.679016 ) (-1012.869995 431.867035 -296.679016 ) 
4 50 51 (-887.652039 431.867035 -414.747009 ) (-845.913025 431.867035 -414.747009 ) (-845.913025 431.867035 -296.679016 ) (-887.652039 431.867035 -296.679016 ) 
4 51 54 (-887.652039 430.933044 -414.747009 ) (-845.913025 430.933044 -414.747009 ) (-845.913025 430.933044 -296.679016 ) (-887.652039 430.933044 -296.679016 ) 
4 52 54 (-969.826050 430.933044 -414.747009 ) (-888.956970 430.933044 -414.747009 ) (-888.956970 430.933044 -296.679016 ) (-969.826050 430.933044 -296.679016 ) 
4 53 54 (-1012.869995 430.933044 -296.679016 ) (-1012.869995 430.933044 -414.747009 ) (-971.130066 430.933044 -414.747009 ) (-971.130066 430.933044 -296.679016 ) 
4 54 55 (-1012.869995 401.066986 -414.747009 ) (-845.913025 401.066986 -414.747009 ) (-845.913025 401.066986 -296.679016 ) (-1012.869995 401.066986 -296.679016 ) 
4 55 65 (-1024 390.778992 -296.679016 ) (-1024 401.066986 -296.679016 ) (-1024 401.066986 -414.747009 ) (-1024 390.778992 -414.747009 ) 
4 55 56 (0 390.778992 -384.145996 ) (0 390.778992 -296.679016 ) (-1024 390.778992 -296.679016 ) (-1024 390.778992 -384.145996 ) 
4 56 66 (-1024 378.778992 -296.679016 ) (-1024 390.778992 -296.679016 ) (-1024 390.778992 -384.145996 ) (-1024 378.778992 -384.145996 ) 
4 56 57 (0 378.778992 -384.145996 ) (0 378.778992 -296.679016 ) (-1024 378.778992 -296.679016 ) (-1024 378.778992 -384.145996 ) 
4 57 69 (-1024 193.612000 -296.679016 ) (-1024 378.778992 -296.679016 ) (-1024 378.778992 -414.747009 ) (-1024 193.612000 -414.747009 ) 
4 58 74 (0 0 -414.747009 ) (0 0 -296.679016 ) (-1024 0 -296.679016 ) (-1024 0 -414.747009 ) 
4 58 70 (-1024 0 -414.747009 ) (-1024 0 -296.679016 ) (-1024 191.511017 -296.679016 ) (-1024 191.511017 -414.747009 ) 
4 59 63 (-1024 576 -414.747009 ) (-1024 667.424988 -414.747009 ) (-1024 667.424988 -421.691986 ) (-1024 576 -421.691986 ) 
4 60 64 (-1504 490.666992 -414.747009 ) (-1504 576 -414.747009 ) (-1408 576 -414.747009 ) (-1408 490.666992 -414.747009 ) 
4 60 63 (-1504 576 -414.747009 ) (-1504 667.424988 -414.747009 ) (-1024 667.424988 -414.747009 ) (-1024 576 -414.747009 ) 
4 60 61 (-1221.570068 490.666992 -414.747009 ) (-1054.610107 490.666992 -414.747009 ) (-1054.610107 490.666992 -296.679016 ) (-1221.570068 490.666992 -296.679016 ) 
4 60 62 (-1504 490.666992 -296.679016 ) (-1504 490.666992 -414.747009 ) (-1263.300049 490.666992 -414.747009 ) (-1263.300049 490.666992 -296.679016 ) 
4 61 67 (-1221.570068 401.066986 -414.747009 ) (-1217.760010 401.066986 -414.747009 ) (-1217.760010 401.066986 -296.679016 ) (-1221.570068 401.066986 -296.679016 ) 
4 61 65 (-1217.760010 401.066986 -414.747009 ) (-1054.610107 401.066986 -414.747009 ) (-1054.610107 401.066986 -296.679016 ) (-1217.760010 401.066986 -296.679016 ) 
4 62 73 (-1504 401.066986 -296.679016 ) (-1504 401.066986 -414.747009 ) (-1408 401.066986 -414.747009 ) (-1408 401.066986 -296.679016 ) 
4 62 68 (-1408 401.066986 -414.747009 ) (-1263.300049 401.066986 -414.747009 ) (-1263.300049 401.066986 -296.679016 ) (-1408 401.066986 -296.679016 ) 
4 62 64 (-1408 401.066986 -414.747009 ) (-1504 401.066986 -414.747009 ) (-1504 490.666992 -414.747009 ) (-1408 490.666992 -414.747009 ) 
4 63 64 (-1504 576 -421.691986 ) (-1408 576 -421.691986 ) (-1408 576 -414.747009 ) (-1504 576 -414.747009 ) 
4 64 73 (-1504 401.066986 -414.747009 ) (-1504 401.066986 -421.691986 ) (-1408 401.066986 -421.691986 ) (-1408 401.066986 -414.747009 ) 
4 65 67 (-1217.760010 401.066986 -296.679016 ) (-1217.760010 401.066986 -414.747009 ) (-1217.760010 390.778992 -414.747009 ) (-1217.760010 390.778992 -296.679016 ) 
4 65 66 (-1217.760010 390.778992 -296.679016 ) (-1217.760010 390.778992 -384.145996 ) (-1024 390.778992 -384.145996 ) (-1024 390.778992 -296.679016 ) 
4 66 69 (-1024 378.778992 -384.145996 ) (-1024 378.778992 -296.679016 ) (-1217.760010 378.778992 -296.679016 ) (-1217.760010 378.778992 -384.145996 ) 
4 66 67 (-1217.760010 378.778992 -384.145996 ) (-1217.760010 378.778992 -296.679016 ) (-1217.760010 390.778992 -296.679016 ) (-1217.760010 390.778992 -384.145996 ) 
4 67 71 (-1221.570068 378.778992 -414.747009 ) (-1221.349976 378.778992 -414.747009 ) (-1221.349976 378.778992 -296.679016 ) (-1221.570068 378.778992 -296.679016 ) 
4 67 69 (-1221.349976 378.778992 -414.747009 ) (-1217.760010 378.778992 -414.747009 ) (-1217.760010 378.778992 -296.679016 ) (-1221.349976 378.778992 -296.679016 ) 
4 68 73 (-1408 401.066986 -296.679016 ) (-1408 401.066986 -414.747009 ) (-1408 378.778992 -414.747009 ) (-1408 378.778992 -296.679016 ) 
4 68 72 (-1408 378.778992 -296.679016 ) (-1408 378.778992 -414.747009 ) (-1263.300049 378.778992 -414.747009 ) (-1263.300049 378.778992 -296.679016 ) 
4 69 71 (-1221.349976 378.778992 -296.679016 ) (-1221.349976 378.778992 -414.747009 ) (-1221.349976 193.612000 -414.747009 ) (-1221.349976 193.612000 -296.679016 ) 
4 70 97 (-1024 0 -414.747009 ) (-1024 0 -296.679016 ) (-1221.349976 0 -296.679016 ) (-1221.349976 0 -414.747009 ) 
4 70 71 (-1221.349976 191.511017 -414.747009 ) (-1221.349976 0 -414.747009 ) (-1221.349976 0 -296.679016 ) (-1221.349976 191.511017 -296.679016 ) 
4 71 97 (-1221.349976 0 -296.679016 ) (-1221.570068 0 -296.679016 ) (-1221.570068 0 -414.747009 ) (-1221.349976 0 -414.747009 ) 
4 72 98 (-1263.300049 0 -296.679016 ) (-1408 0 -296.679016 ) (-1408 0 -414.747009 ) (-1263.300049 0 -414.747009 ) 
4 72 73 (-1408 0 -414.747009 ) (-1408 0 -296.679016 ) (-1408 378.778992 -296.679016 ) (-1408 378.778992 -414.747009 ) 
4 73 103 (-1408 0 -421.691986 ) (-1408 0 -296.679016 ) (-1504 0 -296.679016 ) (-1504 0 -421.691986 ) 
4 74 97 (-1024 0 -296.679016 ) (-1024 0 -414.747009 ) (-1024 -3.097350 -414.747009 ) (-1024 -3.097350 -296.679016 ) 
4 74 75 (0 -3.097350 -384 ) (0 -3.097350 -296.679016 ) (-1024 -3.097350 -296.679016 ) (-1024 -3.097350 -384 ) 
4 75 99 (-1024 -15.097400 -384 ) (-1024 -15.097400 -296.679016 ) (-1024 -3.097350 -296.679016 ) (-1024 -3.097350 -384 ) 
4 75 76 (0 -15.097400 -384 ) (0 -15.097400 -296.679016 ) (-1024 -15.097400 -296.679016 ) (-1024 -15.097400 -384 ) 
4 76 101 (-1024 -15.097400 -414.747009 ) (-1024 -17.066700 -414.747009 ) (-1024 -17.066700 -296.679016 ) (-1024 -15.097400 -296.679016 ) 
4 76 92 (-1012.869995 -17.066700 -414.747009 ) (-845.913025 -17.066700 -414.747009 ) (-845.913025 -17.066700 -296.679016 ) (-1012.869995 -17.066700 -296.679016 ) 
4 76 88 (-804.174011 -17.066700 -414.747009 ) (-637.216980 -17.066700 -414.747009 ) (-637.216980 -17.066700 -296.679016 ) (-804.174011 -17.066700 -296.679016 ) 
4 76 85 (-595.478027 -17.066700 -414.747009 ) (-428.522034 -17.066700 -414.747009 ) (-428.522034 -17.066700 -296.679016 ) (-595.478027 -17.066700 -296.679016 ) 
4 76 81 (-386.783020 -17.066700 -414.747009 ) (-219.826019 -17.066700 -414.747009 ) (-219.826019 -17.066700 -296.679016 ) (-386.783020 -17.066700 -296.679016 ) 
4 76 77 (-178.087006 -17.066700 -414.747009 ) (-11.130400 -17.066700 -414.747009 ) (-11.130400 -17.066700 -296.679016 ) (-178.087006 -17.066700 -296.679016 ) 
4 77 78 (-112.217003 -20.444901 -414.747009 ) (-77 -20.444901 -414.747009 ) (-77 -20.444901 -296.679016 ) (-112.217003 -20.444901 -296.679016 ) 
4 78 79 (-112.217003 -37.711601 -414.747009 ) (-77 -37.711601 -414.747009 ) (-77 -37.711601 -296.679016 ) (-112.217003 -37.711601 -296.679016 ) 
4 79 80 (-178.087006 -106.667007 -414.747009 ) (-11.130400 -106.667007 -414.747009 ) (-11.130400 -106.667007 -296.679016 ) (-178.087006 -106.667007 -296.679016 ) 
4 80 96 (-219.826019 -283.429016 -414.747009 ) (-219.826019 -192 -414.747009 ) (0 -192 -414.747009 ) (0 -283.429016 -414.747009 ) 
4 80 84 (-219.826019 -106.667007 -414.747009 ) (-219.826019 -283.429016 -414.747009 ) (-219.826019 -283.429016 -296.679016 ) (-219.826019 -106.667007 -296.679016 ) 
4 81 82 (-317.652039 -19.980000 -414.747009 ) (-288.957001 -19.980000 -414.747009 ) (-288.957001 -19.980000 -296.679016 ) (-317.652039 -19.980000 -296.679016 ) 
4 82 83 (-317.652039 -39.580101 -414.747009 ) (-288.957001 -39.580101 -414.747009 ) (-288.957001 -39.580101 -296.679016 ) (-317.652039 -39.580101 -296.679016 ) 
4 83 84 (-386.783020 -106.667007 -414.747009 ) (-219.826019 -106.667007 -414.747009 ) (-219.826019 -106.667007 -296.679016 ) (-386.783020 -106.667007 -296.679016 ) 
4 84 96 (-428.522034 -283.429016 -414.747009 ) (-428.522034 -192 -414.747009 ) (-219.826019 -192 -414.747009 ) (-219.826019 -283.429016 -414.747009 ) 
4 84 87 (-428.522034 -106.667007 -414.747009 ) (-428.522034 -283.429016 -414.747009 ) (-428.522034 -283.429016 -296.679016 ) (-428.522034 -106.667007 -296.679016 ) 
4 85 86 (-523.087036 -19.426601 -414.747009 ) (-500.913025 -19.426601 -414.747009 ) (-500.913025 -19.426601 -296.679016 ) (-523.087036 -19.426601 -296.679016 ) 
4 86 87 (-523.087036 -41.359901 -414.747009 ) (-500.913025 -41.359901 -414.747009 ) (-500.913025 -41.359901 -296.679016 ) (-523.087036 -41.359901 -296.679016 ) 
4 87 96 (-595.478027 -283.429016 -414.747009 ) (-595.478027 -192 -414.747009 ) (-428.522034 -192 -414.747009 ) (-428.522034 -283.429016 -414.747009 ) 
4 87 91 (-595.478027 -106.667007 -414.747009 ) (-595.478027 -283.429016 -414.747009 ) (-595.478027 -283.429016 -296.679016 ) (-595.478027 -106.667007 -296.679016 ) 
4 88 89 (-727.869995 -18.666901 -414.747009 ) (-713.521973 -18.666901 -414.747009 ) (-713.521973 -18.666901 -296.679016 ) (-727.869995 -18.666901 -296.679016 ) 
4 89 90 (-727.869995 -43.400200 -414.747009 ) (-713.521973 -43.400200 -414.747009 ) (-713.521973 -43.400200 -296.679016 ) (-727.869995 -43.400200 -296.679016 ) 
4 90 91 (-804.174011 -106.667007 -414.747009 ) (-637.216980 -106.667007 -414.747009 ) (-637.216980 -106.667007 -296.679016 ) (-804.174011 -106.667007 -296.679016 ) 
4 91 96 (-845.913025 -283.429016 -414.747009 ) (-845.913025 -192 -414.747009 ) (-595.478027 -192 -414.747009 ) (-595.478027 -283.429016 -414.747009 ) 
4 91 94 (-845.913025 -106.667007 -414.747009 ) (-845.913025 -283.429016 -414.747009 ) (-845.913025 -283.429016 -296.679016 ) (-845.913025 -106.667007 -296.679016 ) 
4 92 93 (-933.304077 -17.968700 -414.747009 ) (-925.478027 -17.968700 -414.747009 ) (-925.478027 -17.968700 -296.679016 ) (-933.304077 -17.968700 -296.679016 ) 
4 93 94 (-933.304077 -45.035400 -414.747009 ) (-925.478027 -45.035400 -414.747009 ) (-925.478027 -45.035400 -296.679016 ) (-933.304077 -45.035400 -296.679016 ) 
4 94 96 (-845.913025 -192 -414.747009 ) (-845.913025 -283.429016 -414.747009 ) (-1012.869995 -283.429016 -414.747009 ) (-1012.869995 -192 -414.747009 ) 
4 94 95 (-1012.869995 -106.667007 -414.747009 ) (-1012.869995 -283.429016 -414.747009 ) (-1012.869995 -283.429016 -296.679016 ) (-1012.869995 -106.667007 -296.679016 ) 
4 95 106 (-1024 -106.667007 -414.747009 ) (-1024 -283.429016 -414.747009 ) (-1024 -283.429016 -296.679016 ) (-1024 -106.667007 -296.679016 ) 
4 95 96 (-1024 -283.429016 -414.747009 ) (-1024 -192 -414.747009 ) (-1012.869995 -192 -414.747009 ) (-1012.869995 -283.429016 -414.747009 ) 
4 96 110 (-1024 -283.429016 -414.747009 ) (-1024 -192 -414.747009 ) (-1024 -192 -421.691986 ) (-1024 -283.429016 -421.691986 ) 
4 97 99 (-1024 -3.097350 -384 ) (-1024 -3.097350 -296.679016 ) (-1221.570068 -3.097350 -296.679016 ) (-1221.570068 -3.097350 -384 ) 
4 98 103 (-1408 -3.097350 -296.679016 ) (-1408 0 -296.679016 ) (-1408 0 -414.747009 ) (-1408 -3.097350 -414.747009 ) 
4 98 100 (-1408 -3.097350 -296.679016 ) (-1408 -3.097350 -414.747009 ) (-1263.300049 -3.097350 -414.747009 ) (-1263.300049 -3.097350 -296.679016 ) 
4 99 101 (-1024 -15.097400 -384 ) (-1024 -15.097400 -296.679016 ) (-1221.570068 -15.097400 -296.679016 ) (-1221.570068 -15.097400 -384 ) 
4 100 103 (-1408 -15.097400 -296.679016 ) (-1408 -3.097350 -296.679016 ) (-1408 -3.097350 -414.747009 ) (-1408 -15.097400 -414.747009 ) 
4 100 102 (-1408 -15.097400 -296.679016 ) (-1408 -15.097400 -414.747009 ) (-1263.300049 -15.097400 -414.747009 ) (-1263.300049 -15.097400 -296.679016 ) 
4 101 104 (-1137.430054 -17.066700 -296.679016 ) (-1138.739990 -17.066700 -296.679016 ) (-1138.739990 -17.066700 -414.747009 ) (-1137.430054 -17.066700 -414.747009 ) 
4 102 107 (-1263.300049 -17.066700 -296.679016 ) (-1408 -17.066700 -296.679016 ) (-1408 -17.066700 -414.747009 ) (-1263.300049 -17.066700 -414.747009 ) 
4 102 103 (-1408 -17.066700 -414.747009 ) (-1408 -17.066700 -296.679016 ) (-1408 -15.097400 -296.679016 ) (-1408 -15.097400 -414.747009 ) 
4 103 109 (-1408 -17.066700 -421.691986 ) (-1408 -17.066700 -414.747009 ) (-1504 -17.066700 -414.747009 ) (-1504 -17.066700 -421.691986 ) 
4 103 107 (-1408 -17.066700 -414.747009 ) (-1408 -17.066700 -296.679016 ) (-1504 -17.066700 -296.679016 ) (-1504 -17.066700 -414.747009 ) 
4 104 105 (-1138.739990 -46.466702 -414.747009 ) (-1137.430054 -46.466702 -414.747009 ) (-1137.430054 -46.466702 -296.679016 ) (-1138.739990 -46.466702 -296.679016 ) 
4 105 106 (-1221.570068 -106.667007 -296.679016 ) (-1221.570068 -106.667007 -414.747009 ) (-1054.610107 -106.667007 -414.747009 ) (-1054.610107 -106.667007 -296.679016 ) 
4 106 110 (-1221.570068 -283.429016 -414.747009 ) (-1221.570068 -192 -414.747009 ) (-1024 -192 -414.747009 ) (-1024 -283.429016 -414.747009 ) 
4 106 108 (-1221.570068 -106.667007 -414.747009 ) (-1221.570068 -283.429016 -414.747009 ) (-1221.570068 -283.429016 -296.679016 ) (-1221.570068 -106.667007 -296.679016 ) 
4 107 109 (-1504 -106.667007 -414.747009 ) (-1504 -17.066700 -414.747009 ) (-1408 -17.066700 -414.747009 ) (-1408 -106.667007 -414.747009 ) 
4 107 108 (-1504 -106.667007 -296.679016 ) (-1504 -106.667007 -414.747009 ) (-1263.300049 -106.667007 -414.747009 ) (-1263.300049 -106.667007 -296.679016 ) 
4 108 110 (-1504 -283.429016 -414.747009 ) (-1504 -192 -414.747009 ) (-1221.570068 -192 -414.747009 ) (-1221.570068 -283.429016 -414.747009 ) 
4 108 109 (-1504 -192 -414.747009 ) (-1504 -106.667007 -414.747009 ) (-1408 -106.667007 -414.747009 ) (-1408 -192 -414.747009 ) 
4 109 110 (-1504 -192 -414.747009 ) (-1504 -192 -421.691986 ) (-1408 -192 -421.691986 ) (-1408 -192 -414.747009 ) 
