PRT1
17
27
4 0 3 (32 0 208 ) (0 0 208 ) (0 0 20 ) (32 0 20 ) 
4 0 1 (0 0 20 ) (0 0 208 ) (0 112 208 ) (0 112 20 ) 
4 1 7 (0 0 20 ) (0 0 144 ) (-96 0 144 ) (-96 0 20 ) 
4 1 5 (0 0 144 ) (0 0 208 ) (-96 0 208 ) (-96 0 144 ) 
4 1 2 (-96 112 208 ) (-96 112 20 ) (-96 0 20 ) (-96 0 208 ) 
4 2 15 (-200 0 16 ) (-200 0 0 ) (-96 0 0 ) (-96 0 16 ) 
4 2 13 (-200 0 144 ) (-200 0 16 ) (-192 0 16 ) (-192 0 144 ) 
4 2 8 (-192 0 16 ) (-96 0 16 ) (-96 0 144 ) (-192 0 144 ) 
4 2 5 (-96 0 208 ) (-200 0 208 ) (-200 0 144 ) (-96 0 144 ) 
4 3 7 (0 0 144 ) (0 0 20 ) (0 -112 20 ) (0 -112 144 ) 
4 3 5 (0 0 208 ) (0 0 144 ) (0 -112 144 ) (0 -112 208 ) 
4 4 9 (0 -144 20 ) (0 -368 20 ) (0 -368 144 ) (0 -144 144 ) 
4 4 6 (0 -368 144 ) (0 -368 208 ) (0 -144 208 ) (0 -144 144 ) 
4 5 13 (-200 -112 144 ) (-200 0 144 ) (-192 0 144 ) (-192 -112 144 ) 
4 5 7 (-96 0 144 ) (0 0 144 ) (0 -112 144 ) (-96 -112 144 ) 
4 5 8 (-192 0 144 ) (-96 0 144 ) (-96 -112 144 ) (-192 -112 144 ) 
4 6 14 (-200 -368 144 ) (-200 -144 144 ) (-192 -144 144 ) (-192 -368 144 ) 
4 6 9 (-96 -144 144 ) (0 -144 144 ) (0 -368 144 ) (-96 -368 144 ) 
4 6 10 (-192 -144 144 ) (-96 -144 144 ) (-96 -368 144 ) (-192 -368 144 ) 
4 7 8 (-96 -112 20 ) (-96 -112 144 ) (-96 0 144 ) (-96 0 20 ) 
4 8 15 (-192 0 16 ) (-96 0 16 ) (-96 -112 16 ) (-192 -112 16 ) 
4 8 13 (-192 0 16 ) (-192 -112 16 ) (-192 -112 144 ) (-192 0 144 ) 
4 9 10 (-96 -144 144 ) (-96 -144 20 ) (-96 -368 20 ) (-96 -368 144 ) 
4 10 16 (-96 -368 16 ) (-192 -368 16 ) (-192 -144 16 ) (-96 -144 16 ) 
4 10 14 (-192 -144 16 ) (-192 -368 16 ) (-192 -368 144 ) (-192 -144 144 ) 
4 13 15 (-200 0 16 ) (-192 0 16 ) (-192 -112 16 ) (-200 -112 16 ) 
4 14 16 (-192 -144 16 ) (-192 -368 16 ) (-200 -368 16 ) (-200 -144 16 ) 
