PRT1
162
522
4 0 78 (0 0 327.924988 ) (0 0 594.286011 ) (0 512 594.286011 ) (0 512 327.924988 ) 
4 0 41 (1024 0 327.924988 ) (1024 0 594.286011 ) (0 0 594.286011 ) (0 0 327.924988 ) 
4 0 39 (0 0 327.924988 ) (0 211 327.924988 ) (64 211 327.924988 ) (64 0 327.924988 ) 
4 0 37 (0 211 327.924988 ) (0 477.867035 327.924988 ) (64 477.867035 327.924988 ) (64 211 327.924988 ) 
4 0 29 (768 477.867035 327.924988 ) (768 0 327.924988 ) (64 0 327.924988 ) (64 477.867035 327.924988 ) 
4 0 1 (992 477.867035 327.924988 ) (992 0 327.924988 ) (768 0 327.924988 ) (768 477.867035 327.924988 ) 
4 1 42 (992 0 192 ) (992 0 327.924988 ) (768 0 327.924988 ) (768 0 192 ) 
4 1 32 (768 368.718140 252 ) (768 471.558990 252 ) (768 471.558990 192 ) (768 368.718140 192 ) 
4 1 31 (768 0 192 ) (768 0 252 ) (768 368.718140 252 ) (768 368.718140 192 ) 
4 1 30 (768 471.558990 252 ) (768 477.867035 252 ) (768 477.867035 192 ) (768 471.558990 192 ) 
4 1 29 (768 0 252 ) (768 0 327.924988 ) (768 477.867035 327.924988 ) (768 477.867035 252 ) 
4 1 4 (779 472 192 ) (779 0 192 ) (771 0 192 ) (771 472 192 ) 
4 1 3 (779 477.867035 192 ) (856 477.867035 192 ) (856 0 192 ) (779 0 192 ) 
4 1 5 (768 0 192 ) (768 477.867035 192 ) (771 477.867035 192 ) (771 0 192 ) 
4 1 2 (856 477.867035 192 ) (992 477.867035 192 ) (992 0 192 ) (856 0 192 ) 
4 2 43 (992 0 135.925018 ) (992 0 192 ) (856 0 192 ) (856 0 135.925018 ) 
4 2 3 (856 0 192 ) (856 477.867035 192 ) (856 477.867035 135.925018 ) (856 0 135.925018 ) 
4 3 44 (856 0 136 ) (856 0 192 ) (779 0 192 ) (779 0 136 ) 
4 3 12 (779 368 136 ) (779 368.951019 136 ) (796 368.951019 136 ) (796 368 136 ) 
4 3 11 (779 368.951019 136 ) (779 472 136 ) (796 472 136 ) (796 368.951019 136 ) 
4 3 4 (779 472 136 ) (779 0 136 ) (779 0 192 ) (779 472 192 ) 
4 4 45 (779 0 192 ) (771 0 192 ) (771 0 136 ) (779 0 136 ) 
4 4 12 (779 368.951019 136 ) (779 368 136 ) (771 368 136 ) (771 368.951019 136 ) 
4 4 11 (779 472 136 ) (779 368.951019 136 ) (771 368.951019 136 ) (771 472 136 ) 
4 4 5 (771 472 136 ) (771 0 136 ) (771 0 192 ) (771 472 192 ) 
4 5 46 (771 0 192 ) (768 0 192 ) (768 0 136 ) (771 0 136 ) 
4 5 32 (768 368.718140 192 ) (768 471.558990 192 ) (768 471.558990 136 ) (768 368.718140 136 ) 
4 5 31 (768 0 136 ) (768 0 192 ) (768 368.718140 192 ) (768 368.718140 136 ) 
4 5 30 (768 471.558990 192 ) (768 477.867035 192 ) (768 477.867035 136 ) (768 471.558990 136 ) 
4 5 13 (768 368 136 ) (768 368.951019 136 ) (769.578003 368.951019 136 ) (769.578003 368 136 ) 
4 5 12 (769.578003 368.951019 136 ) (771 368.951019 136 ) (771 368 136 ) (769.578003 368 136 ) 
4 5 11 (768 368.951019 136 ) (768 472 136 ) (771 472 136 ) (771 368.951019 136 ) 
4 5 10 (768 472 136 ) (768 477.867035 136 ) (770 477.867035 136 ) (770 472 136 ) 
4 5 9 (770 477.867035 136 ) (771 477.867035 136 ) (771 472 136 ) (770 472 136 ) 
4 6 47 (856 0 32 ) (856 0 133.925018 ) (848 0 133.925018 ) (848 0 32 ) 
4 6 7 (848 477.867035 133.925018 ) (848 477.867035 32 ) (848 0 32 ) (848 0 133.925018 ) 
4 7 48 (848 0 32 ) (848 0 133.925018 ) (810.505798 0 133.925018 ) (810.505798 0 32 ) 
4 7 27 (808 369.166992 32 ) (810.505676 0 32 ) (810.505676 0 47.924706 ) (808 369.166992 47.924706 ) 
4 7 15 (810.505676 0 47.924706 ) (810.505676 0 133.925018 ) (808 369.166992 133.925018 ) (808 369.166992 47.924706 ) 
4 7 8 (807.262024 477.867035 133.925018 ) (807.262024 477.867035 32 ) (807.301819 472 32 ) (807.301819 472 133.925018 ) 
4 8 28 (807.300781 472 32 ) (807.300781 472 47.924706 ) (799 472 47.924706 ) (799 472 32 ) 
4 8 14 (807.300781 472 47.924706 ) (807.300781 472 133.925018 ) (799 472 133.925018 ) (799 472 47.924706 ) 
4 9 28 (770 472 47.924706 ) (770 472 32 ) (771 472 32 ) (771 472 47.924706 ) 
4 9 14 (770 472 133.925018 ) (770 472 47.924706 ) (771 472 47.924706 ) (771 472 133.925018 ) 
4 9 11 (771 472 136 ) (770 472 136 ) (770 472 133.925018 ) (771 472 133.925018 ) 
4 9 10 (770 477.867035 136 ) (770 477.867035 47.924706 ) (770 472 47.924706 ) (770 472 136 ) 
4 10 30 (768 472 136 ) (768 477.867035 136 ) (768 477.867035 47.924706 ) (768 472 47.924706 ) 
4 10 14 (768 472 133.925018 ) (768 472 47.924706 ) (770 472 47.924706 ) (770 472 133.925018 ) 
4 10 11 (770 472 136 ) (768 472 136 ) (768 472 133.925018 ) (770 472 133.925018 ) 
4 11 32 (768 368.951019 136 ) (768 471.558990 136 ) (768 471.558990 133.925018 ) (768 368.951019 133.925018 ) 
4 11 30 (768 471.558990 136 ) (768 472 136 ) (768 472 133.925018 ) (768 471.558990 133.925018 ) 
4 11 18 (768 368.951019 133.925018 ) (768 471.558990 133.925018 ) (796 471.873199 133.925018 ) (796 368.951019 133.925018 ) 
4 11 14 (768 471.558990 133.925018 ) (768 472 133.925018 ) (796 472 133.925018 ) (796 471.873199 133.925018 ) 
4 11 13 (768 368.951019 133.925018 ) (769.578003 368.951019 133.925018 ) (769.578003 368.951019 136 ) (768 368.951019 136 ) 
4 11 12 (796 368.951019 135.302002 ) (796 368.951019 136 ) (769.578003 368.951019 136 ) (769.578003 368.951019 135.302002 ) 
4 12 13 (769.578003 368.951019 136 ) (769.578003 368.951019 135.302002 ) (769.578003 368 135.302002 ) (769.578003 368 136 ) 
4 13 32 (768 368.718140 136 ) (768 368.951019 136 ) (768 368.951019 133.925018 ) (768 368.718140 133.925018 ) 
4 13 31 (768 368 136 ) (768 368.718140 136 ) (768 368.718140 133.925018 ) (768 368 133.925018 ) 
4 13 19 (768 368 133.925018 ) (768 368.951019 133.925018 ) (769.578003 368.951019 133.925018 ) (769.578003 368 133.925018 ) 
4 14 30 (768 471.558990 133.925018 ) (768 472 133.925018 ) (768 472 47.924706 ) (768 471.558990 47.924706 ) 
3 14 28 (770 472 47.924706 ) (807.296875 472 47.924706 ) (770 471.581421 47.924706 ) 
3 14 21 (791.306091 471.820587 119.925011 ) (768 471.559052 119.925011 ) (768 471.559082 96.618935 ) 
5 14 18 (800.750977 471.926575 129.369934 ) (800.750977 471.926575 133.925018 ) (768 471.559052 133.925018 ) (768 471.559052 119.925011 ) (791.306091 471.820587 119.925011 ) 
3 14 16 (805.306030 471.977692 133.925018 ) (800.750977 471.926575 133.925018 ) (800.750977 471.926575 129.369934 ) 
4 15 48 (810.505798 0 47.924706 ) (810.505798 0 133.925018 ) (800.750977 0 133.925018 ) (800.750977 0 47.924706 ) 
4 15 27 (807.994873 369.166931 47.924706 ) (810.500671 0 47.924706 ) (800.750977 0 47.924706 ) (800.750977 369.085602 47.924706 ) 
4 15 25 (800.750977 360.876038 47.924706 ) (800.750977 352 47.924706 ) (800.750977 352 119.925011 ) (800.750977 360.876038 119.925011 ) 
4 15 24 (800.750977 368 47.924706 ) (800.750977 360.876038 47.924706 ) (800.750977 360.876038 95.924706 ) (800.750977 368 95.924706 ) 
4 15 23 (800.750977 369.085632 47.924706 ) (800.750977 368 47.924706 ) (800.750977 368 95.924706 ) (800.750977 369.085632 95.924706 ) 
4 15 26 (800.750977 352 47.924706 ) (800.750977 0 47.924706 ) (800.750977 0 119.925011 ) (800.750977 352 119.925011 ) 
4 15 20 (800.750977 0 119.925011 ) (800.750977 0 133.925018 ) (800.750977 360.876038 133.925018 ) (800.750977 360.876038 119.925011 ) 
3 15 16 (800.750977 369.085663 128.675964 ) (800.750977 369.085663 133.925018 ) (806 369.144562 133.925018 ) 
4 16 18 (800.750977 471.929688 133.925018 ) (800.750977 471.929688 129.370026 ) (800.750977 369.085632 128.675964 ) (800.750977 369.085632 133.925018 ) 
5 17 18 (800.750977 369.085693 133.925018 ) (800.750977 369.085693 128.675964 ) (792 368.987457 119.925011 ) (788.753906 368.951019 119.925011 ) (788.753906 368.951019 133.925018 ) 
4 18 32 (768 368.951019 133.925018 ) (768 471.558990 133.925018 ) (768 471.558990 119.925011 ) (768 368.951019 119.925011 ) 
4 18 21 (768 368.951019 119.925011 ) (768 471.562195 119.925011 ) (791.306030 471.823700 119.925011 ) (792 368.951019 119.925011 ) 
4 18 19 (768 368.951019 119.925011 ) (769.578003 368.951019 119.925011 ) (769.578003 368.951019 133.925018 ) (768 368.951019 133.925018 ) 
4 19 32 (768 368.718140 133.925018 ) (768 368.951019 133.925018 ) (768 368.951019 119.925011 ) (768 368.718140 119.925011 ) 
4 19 31 (768 368 133.925018 ) (768 368.718140 133.925018 ) (768 368.718140 119.925011 ) (768 368 119.925011 ) 
4 19 22 (768 368 119.925011 ) (768 368.951019 119.925011 ) (769.578003 368.951019 119.925011 ) (769.578003 368 119.925011 ) 
4 20 51 (797.516541 0 133.925018 ) (770 0 133.925018 ) (770 0 119.925011 ) (797.516541 0 119.925011 ) 
4 20 48 (800.750977 0 133.925018 ) (797.516541 0 133.925018 ) (797.516541 0 119.925011 ) (800.750977 0 119.925011 ) 
4 20 25 (770 360.876038 119.925011 ) (800.750977 360.876038 119.925011 ) (800.750977 352 119.925011 ) (770 352 119.925011 ) 
4 20 26 (800.750977 352 119.925011 ) (800.750977 0 119.925011 ) (770 0 119.925011 ) (770 352 119.925011 ) 
4 21 32 (768 368.951019 119.925011 ) (768 471.558990 119.925011 ) (768 471.558990 96.618935 ) (768 368.951019 95.926460 ) 
4 21 22 (768 368.951019 95.932518 ) (769.578003 368.951019 97.510406 ) (769.578003 368.951019 119.925011 ) (768 368.951019 119.925011 ) 
4 22 32 (768 368.718140 119.925011 ) (768 368.951019 119.925011 ) (768 368.951019 95.926460 ) (768 368.718140 95.924889 ) 
5 22 31 (768 368 119.925011 ) (768 368.718140 119.925011 ) (768 368.718140 95.924889 ) (768 368.690613 95.924706 ) (768 368 95.924706 ) 
4 23 31 (768 368.718140 47.924706 ) (768 368 47.924706 ) (768 368 95.924706 ) (768 368.718109 95.924706 ) 
4 23 27 (770 368.740540 47.924706 ) (800.750977 369.085632 47.924706 ) (800.750977 368 47.924706 ) (770 368 47.924706 ) 
4 23 24 (800.750977 368 47.924706 ) (800.750977 368 95.924706 ) (770 368 95.924706 ) (770 368 47.924706 ) 
4 24 27 (770 368 47.924706 ) (800.750977 368 47.924706 ) (800.750977 360.876038 47.924706 ) (770 360.876038 47.924706 ) 
4 24 25 (800.750977 360.876038 47.924706 ) (800.750977 360.876038 95.924706 ) (770 360.876038 95.924706 ) (770 360.876038 47.924706 ) 
4 25 27 (770 360.876038 47.924706 ) (800.750977 360.876038 47.924706 ) (800.750977 352 47.924706 ) (770 352 47.924706 ) 
4 25 26 (800.750977 352 47.924706 ) (800.750977 352 119.925011 ) (770 352 119.925011 ) (770 352 47.924706 ) 
4 26 55 (768 0 119.925011 ) (768 0 47.924706 ) (770 0 47.924706 ) (770 0 119.925011 ) 
4 26 51 (770 0 47.924706 ) (797.516541 0 47.924706 ) (797.516541 0 119.925011 ) (770 0 119.925011 ) 
4 26 48 (797.516541 0 47.924706 ) (800.750977 0 47.924706 ) (800.750977 0 119.925011 ) (797.516541 0 119.925011 ) 
4 26 31 (768 0 47.924706 ) (768 0 119.925011 ) (768 352 119.925011 ) (768 352 47.924706 ) 
4 26 27 (770 352 47.924706 ) (800.750977 352 47.924706 ) (800.750977 0 47.924706 ) (770 0 47.924706 ) 
4 27 60 (797.516541 0 47.924706 ) (770 0 47.924706 ) (770 0 32 ) (797.516541 0 32 ) 
4 27 48 (810.505798 0 32 ) (810.505798 0 47.924706 ) (797.516541 0 47.924706 ) (797.516541 0 32 ) 
4 29 65 (768 0 252 ) (768 0 327.924988 ) (64 0 327.924988 ) (64 0 252 ) 
4 29 39 (64 0 327.924988 ) (64 211 327.924988 ) (64 211 252 ) (64 0 252 ) 
4 29 37 (64 211 327.924988 ) (64 477.867035 327.924988 ) (64 477.867035 252 ) (64 211 252 ) 
4 29 35 (64 204 252 ) (64 472 252 ) (76 472 252 ) (76 204 252 ) 
4 29 33 (64 472 252 ) (64 477.867035 252 ) (76 477.867035 252 ) (76 472 252 ) 
4 29 36 (64 0 252 ) (64 204 252 ) (76 204 252 ) (76 0 252 ) 
4 29 32 (768 471.558990 252 ) (768 368.718140 252 ) (76 360.953156 252 ) (76 463.793488 252 ) 
4 29 31 (768 368.718140 252 ) (768 0 252 ) (76 0 252 ) (76 360.953156 252 ) 
4 29 30 (76 477.867035 252 ) (768 477.867035 252 ) (768 471.558990 252 ) (76 463.793488 252 ) 
4 30 35 (76 463.793488 252 ) (76 472 252 ) (76 472 39.058990 ) (76 463.793488 45.334511 ) 
4 30 34 (76 472 39.058990 ) (76 472 32 ) (76 463.793488 32 ) (76 463.793488 45.334511 ) 
4 30 33 (76 472 252 ) (76 477.867035 252 ) (76 477.867035 32 ) (76 472 32 ) 
5 30 32 (76 463.793579 252 ) (76 463.793579 32 ) (703.381287 470.833954 32 ) (768 471.559082 96.618896 ) (768 471.559082 252 ) 
4 31 66 (768 0 32 ) (768 0 250 ) (76 0 250 ) (76 0 32 ) 
4 31 65 (768 0 250 ) (768 0 252 ) (76 0 252 ) (76 0 250 ) 
4 31 35 (76 204 252 ) (76 360.953156 252 ) (76 360.953156 123.977066 ) (76 204 244 ) 
4 31 34 (76 360.953156 123.977066 ) (76 360.953156 32 ) (76 204 32 ) (76 204 244 ) 
4 31 36 (76 0 32 ) (76 0 252 ) (76 204 252 ) (76 204 32 ) 
5 31 32 (76 360.953156 32 ) (76 360.953156 252 ) (768 368.718140 252 ) (768 368.718140 95.924835 ) (704.075317 368 32 ) 
4 32 35 (76 360.953156 252 ) (76 463.793488 252 ) (76 463.793488 45.334518 ) (76 360.953156 123.977066 ) 
4 32 34 (76 463.793488 45.334518 ) (76 463.793488 32 ) (76 360.953156 32 ) (76 360.953156 123.977066 ) 
4 33 38 (64 477.867035 35.160675 ) (64 477.867035 32 ) (64 472 32 ) (64 472 39.647240 ) 
4 33 37 (64 477.867035 252 ) (64 477.867035 248 ) (64 472 248 ) (64 472 252 ) 
4 33 35 (76 472 39.058983 ) (76 472 252 ) (64 472 252 ) (64 472 39.058990 ) 
4 33 34 (64 472 32 ) (76 472 32 ) (76 472 39.058983 ) (64 472 39.058990 ) 
4 34 40 (64 211 32 ) (64 204 32 ) (64 204 238.205002 ) (64 211 238.205002 ) 
4 34 38 (64 472 32 ) (64 211 32 ) (64 211 238.647034 ) (64 472 39.058990 ) 
4 34 36 (64 204 32 ) (76 204 32 ) (76 204 244 ) (64 204 244 ) 
4 34 35 (76 472 39.058594 ) (64 472 39.058594 ) (64 204 244 ) (76 204 244 ) 
4 35 39 (64 204 248.210007 ) (64 204 252 ) (64 211 252 ) (64 211 248.210007 ) 
4 35 38 (64 472 39.647247 ) (64 472 39.058990 ) (64 211 238.647034 ) (64 211 239.235291 ) 
4 35 37 (64 211 252 ) (64 472 252 ) (64 472 248 ) (64 211 248 ) 
4 35 36 (76 204 244 ) (76 204 252 ) (64 204 252 ) (64 204 244 ) 
4 36 69 (76 0 32 ) (76 0 250 ) (64 0 250 ) (64 0 32 ) 
4 36 65 (76 0 250 ) (76 0 252 ) (64 0 252 ) (64 0 250 ) 
4 36 39 (64 0 248.210007 ) (64 0 252 ) (64 204 252 ) (64 204 248.210007 ) 
4 36 40 (64 204 32 ) (64 0 32 ) (64 0 238.205002 ) (64 204 238.205002 ) 
4 37 79 (0 211 248 ) (0 211 327.924988 ) (0 477.867035 327.924988 ) (0 477.867035 248 ) 
4 37 39 (64 211 248.210007 ) (64 211 327.924988 ) (0 211 327.924988 ) (0 211 248.210007 ) 
4 38 80 (0 211 32 ) (0 211 239.235306 ) (0 477.867035 35.160675 ) (0 477.867035 32 ) 
4 38 40 (64 211 32 ) (64 211 238.205002 ) (0 211 238.205002 ) (0 211 32 ) 
4 39 81 (0 0 248.210007 ) (0 0 327.924988 ) (0 211 327.924988 ) (0 211 248.210007 ) 
4 39 73 (64 0 248.210007 ) (64 0 327.924988 ) (0 0 327.924988 ) (0 0 248.210007 ) 
4 40 82 (0 0 32 ) (0 0 238.205002 ) (0 211 238.205002 ) (0 211 32 ) 
4 40 74 (64 0 32 ) (64 0 238.205002 ) (0 0 238.205002 ) (0 0 32 ) 
4 41 118 (0 -512 327.924988 ) (0 -512 594.286011 ) (0 0 594.286011 ) (0 0 327.924988 ) 
4 41 76 (0 -477.867035 327.924988 ) (0 -211 327.924988 ) (64 -211 327.924988 ) (64 -477.867035 327.924988 ) 
4 41 73 (0 -211 327.924988 ) (0 0 327.924988 ) (64 0 327.924988 ) (64 -211 327.924988 ) 
4 41 65 (64 0 327.924988 ) (768 0 327.924988 ) (768 -477.867035 327.924988 ) (64 -477.867035 327.924988 ) 
4 41 42 (768 -477.867035 327.924988 ) (768 0 327.924988 ) (992 0 327.924988 ) (992 -477.867035 327.924988 ) 
4 42 68 (768 -368.359070 192 ) (768 -471.199890 192 ) (768 -471.199890 250 ) (768 -368.359070 250 ) 
4 42 67 (768 -471.199890 192 ) (768 -477.867035 192 ) (768 -477.867035 250 ) (768 -471.199890 250 ) 
4 42 66 (768 0 250 ) (768 0 192 ) (768 -368.359070 192 ) (768 -368.359070 250 ) 
4 42 65 (768 -477.867035 327.924988 ) (768 0 327.924988 ) (768 0 250 ) (768 -477.867035 250 ) 
4 42 45 (771 0 192 ) (779 0 192 ) (779 -472 192 ) (771 -472 192 ) 
4 42 44 (779 0 192 ) (856 0 192 ) (856 -477.867035 192 ) (779 -477.867035 192 ) 
4 42 46 (768 -477.867035 192 ) (768 0 192 ) (771 0 192 ) (771 -477.867035 192 ) 
4 42 43 (856 0 192 ) (992 0 192 ) (992 -477.867035 192 ) (856 -477.867035 192 ) 
4 43 44 (856 -477.867035 192 ) (856 0 192 ) (856 0 135.925018 ) (856 -477.867035 135.925018 ) 
4 44 49 (796 -368.299988 136 ) (796 -472 136 ) (779 -472 136 ) (779 -368.299988 136 ) 
4 44 45 (779 0 136 ) (779 -472 136 ) (779 -472 192 ) (779 0 192 ) 
4 45 49 (779 -368.299988 136 ) (779 -472 136 ) (771 -472 136 ) (771 -368.299988 136 ) 
4 45 46 (771 0 136 ) (771 -472 136 ) (771 -472 192 ) (771 0 192 ) 
4 46 68 (768 -471.199890 192 ) (768 -368.359070 192 ) (768 -368.359070 136 ) (768 -471.199890 136 ) 
4 46 67 (768 -477.867035 192 ) (768 -471.199890 192 ) (768 -471.199890 136 ) (768 -477.867035 136 ) 
4 46 66 (768 -368.359070 192 ) (768 0 192 ) (768 0 136 ) (768 -368.359070 136 ) 
4 46 64 (768 -477.867035 136 ) (768 -472 136 ) (770 -472 136 ) (770 -477.867035 136 ) 
4 46 63 (770 -472 136 ) (771 -472 136 ) (771 -477.867035 136 ) (770 -477.867035 136 ) 
4 46 49 (768 -472 136 ) (768 -368.299988 136 ) (771 -368.299988 136 ) (771 -472 136 ) 
4 47 48 (848 -477.867035 32 ) (848 -477.867035 133.925018 ) (848 0 133.925018 ) (848 0 32 ) 
4 48 62 (800.701782 -472 32 ) (800.741394 -477.867035 32 ) (800.741394 -477.867035 133.925018 ) (800.701782 -472 133.925018 ) 
4 48 61 (800.693909 -470.833008 32 ) (800.701782 -472 32 ) (800.701782 -472 47.924706 ) (800.693909 -470.833008 47.924706 ) 
4 48 60 (797.516479 0 47.924706 ) (797.516479 0 32 ) (800 -368 32 ) (800 -368 47.924706 ) 
4 48 54 (799.950012 -360.601013 47.924706 ) (800 -368 47.924706 ) (800 -368 103.925011 ) (799.950012 -360.601013 103.925011 ) 
4 48 53 (800 -368 133.925018 ) (799.950012 -360.601013 133.925018 ) (799.950012 -360.601013 103.925011 ) (800 -368 103.925011 ) 
4 48 51 (797.516479 0 133.925018 ) (797.516479 0 47.924706 ) (799.950012 -360.601013 47.924706 ) (799.950012 -360.601013 133.925018 ) 
4 48 50 (800.693909 -470.833038 47.924706 ) (800.701782 -472 47.924706 ) (800.701782 -472 133.925018 ) (800.693909 -470.833008 133.925018 ) 
4 49 68 (768 -471.199890 136 ) (768 -368.299988 136 ) (768 -368.299988 133.925018 ) (768 -471.199890 133.925018 ) 
4 49 67 (768 -472 133.925018 ) (768 -472 136 ) (768 -471.199890 136 ) (768 -471.199890 133.925018 ) 
4 49 64 (770 -472 136 ) (768 -472 136 ) (768 -472 133.925018 ) (770 -472 133.925018 ) 
4 49 63 (771 -472 136 ) (770 -472 136 ) (770 -472 133.925018 ) (771 -472 133.925018 ) 
4 49 59 (768 -471.199890 133.925018 ) (768 -368.299988 133.925018 ) (770 -368.299988 133.925018 ) (770 -471.177460 133.925018 ) 
4 49 52 (770 -368.299988 133.925018 ) (796 -368.299988 133.925018 ) (796 -470.885712 133.925018 ) (770 -471.177460 133.925018 ) 
4 49 50 (796 -472 133.925018 ) (768 -472 133.925018 ) (768 -471.199890 133.925018 ) (796 -470.885712 133.925018 ) 
4 50 67 (768 -472 47.924706 ) (768 -472 133.925018 ) (768 -471.199890 133.925018 ) (768 -471.199921 47.924706 ) 
4 50 64 (770 -472 133.925018 ) (768 -472 133.925018 ) (768 -472 47.924706 ) (770 -472 47.924706 ) 
4 50 63 (771 -472 133.925018 ) (770 -472 133.925018 ) (770 -472 47.924706 ) (771 -472 47.924706 ) 
4 50 62 (800.703125 -472 47.924706 ) (800.703125 -472 133.925018 ) (799 -472 133.925018 ) (799 -472 47.924706 ) 
4 50 61 (800.703125 -472 47.924706 ) (770 -472 47.924706 ) (770 -471.177460 47.924706 ) (800.695251 -470.833038 47.924706 ) 
4 50 59 (768 -471.199860 103.228073 ) (768 -471.199829 133.925018 ) (770 -471.177399 133.925018 ) (770 -471.177429 105.228325 ) 
3 50 52 (770 -471.177429 105.228333 ) (770 -471.177399 133.925018 ) (798.694214 -470.855377 133.925018 ) 
4 51 60 (770 0 47.924706 ) (797.517822 0 47.924706 ) (799.951355 -360.601013 47.924706 ) (770 -360.601013 47.924706 ) 
4 51 55 (770 0 47.924706 ) (770 -352 47.924706 ) (770 -352 119.925011 ) (770 0 119.925011 ) 
4 51 54 (770 -360.601013 103.925011 ) (770 -360.601013 47.924706 ) (799.950073 -360.601013 47.924706 ) (799.950134 -360.601013 103.925011 ) 
4 51 53 (799.249023 -360.601013 103.925011 ) (799.950134 -360.601013 103.925011 ) (799.950195 -360.601013 133.925018 ) (799.249023 -360.601013 133.925018 ) 
4 52 59 (770 -471.179688 105.228241 ) (770 -471.179688 133.925018 ) (770 -368.299988 133.925018 ) (770 -368.299988 105.931587 ) 
4 53 54 (799.249023 -360.601013 103.925011 ) (799.950073 -360.601013 103.925011 ) (800 -368 103.925011 ) (799.249023 -368.008423 103.925011 ) 
4 54 60 (799.951355 -360.601013 47.924706 ) (800.001282 -368 47.924706 ) (770 -368.336639 47.924706 ) (770 -360.601013 47.924706 ) 
4 54 58 (770 -368 47.924706 ) (770 -368.336639 47.924706 ) (770 -368.336639 103.925011 ) (770 -368 103.925011 ) 
4 55 66 (768 0 119.925011 ) (768 0 47.924706 ) (768 -352 47.924706 ) (768 -352 119.925011 ) 
4 56 66 (768 -368.299988 133.925018 ) (768 -368 133.925018 ) (768 -368 119.925011 ) (768 -368.299988 119.925011 ) 
4 56 59 (768.451050 -368.299988 133.925018 ) (768 -368.299988 133.925018 ) (768 -368.299988 119.925011 ) (768.451050 -368.299988 119.925011 ) 
4 56 57 (768.451050 -368.299988 119.925011 ) (768 -368.299988 119.925011 ) (768 -368 119.925011 ) (768.451050 -368 119.925011 ) 
4 57 66 (768 -368 103.925011 ) (768 -368.299988 103.925011 ) (768 -368.299988 119.925011 ) (768 -368 119.925011 ) 
4 57 59 (768.451050 -368.299988 119.925011 ) (768 -368.299988 119.925011 ) (768 -368.299988 103.931488 ) (768.451050 -368.299988 104.382584 ) 
4 57 58 (768.451050 -368.299988 103.925011 ) (768 -368.299988 103.925011 ) (768 -368 103.925011 ) (768.451050 -368 103.925011 ) 
4 58 66 (768 -368 47.924706 ) (768 -368.299988 47.924706 ) (768 -368.299988 103.925011 ) (768 -368 103.925011 ) 
4 59 68 (768 -471.199890 133.925018 ) (768 -368.299988 133.925018 ) (768 -368.299988 103.931473 ) (768 -471.199890 103.228073 ) 
4 61 63 (771 -472 47.924706 ) (770 -472 47.924706 ) (770 -472 32 ) (771 -472 32 ) 
4 61 62 (800.703125 -472 32 ) (800.703125 -472 47.924706 ) (799 -472 47.924706 ) (799 -472 32 ) 
4 63 64 (770 -472 136 ) (770 -472 47.924706 ) (770 -477.867035 47.924706 ) (770 -477.867035 136 ) 
4 64 67 (768 -477.867035 47.924706 ) (768 -477.867035 136 ) (768 -472 136 ) (768 -472 47.924706 ) 
4 65 75 (64 -477.867035 250 ) (64 -477.867035 327.924988 ) (64 -211 327.924988 ) (64 -211 250 ) 
4 65 73 (64 -211 327.924988 ) (64 0 327.924988 ) (64 0 250 ) (64 -211 250 ) 
4 65 71 (64 -476 250 ) (64 -208 250 ) (76 -208 250 ) (76 -476 250 ) 
4 65 69 (64 -208 250 ) (64 0 250 ) (76 0 250 ) (76 -208 250 ) 
4 65 72 (76 -477.867035 250 ) (64 -477.867035 250 ) (64 -476 250 ) (76 -476 250 ) 
5 65 68 (173.884644 -477.867035 250 ) (76 -477.867035 250 ) (76 -376.124054 250 ) (768 -368.359070 250 ) (768 -471.199890 250 ) 
3 65 67 (768 -477.867035 250 ) (173.884644 -477.867035 250 ) (768 -471.199890 250 ) 
4 65 66 (76 -376.124054 250 ) (76 0 250 ) (768 0 250 ) (768 -368.359070 250 ) 
4 66 71 (76 -376.124054 113.434647 ) (76 -376.124054 250 ) (76 -208 250 ) (76 -208 242 ) 
4 66 70 (76 -376.124054 32 ) (76 -376.124054 113.434647 ) (76 -208 242 ) (76 -208 32 ) 
4 66 69 (76 -208 250 ) (76 0 250 ) (76 0 32 ) (76 -208 32 ) 
5 66 68 (76 -376.124146 250 ) (76 -376.124146 32 ) (696.075317 -369.166260 32 ) (768 -368.359192 103.931137 ) (768 -368.359192 250 ) 
5 67 68 (173.884109 -477.867035 32 ) (173.884094 -477.867035 250 ) (768 -471.199890 250 ) (768 -471.199890 103.228058 ) (696.778320 -472 32 ) 
4 68 71 (76 -476 250 ) (76 -376.124054 250 ) (76 -376.124054 113.434647 ) (76 -476 37.058987 ) 
4 68 70 (76 -376.124054 113.434647 ) (76 -376.124054 32 ) (76 -476 32 ) (76 -476 37.058987 ) 
4 68 72 (76 -477.867035 32 ) (76 -477.867035 250 ) (76 -476 250 ) (76 -476 32 ) 
4 69 74 (64 0 238.205002 ) (64 0 32 ) (64 -208 32 ) (64 -208 238.205002 ) 
4 69 73 (64 -208 250 ) (64 0 250 ) (64 0 248.210007 ) (64 -208 248.210007 ) 
4 69 71 (76 -208 242 ) (76 -208 250 ) (64 -208 250 ) (64 -208 242 ) 
4 69 70 (64 -208 32 ) (76 -208 32 ) (76 -208 242 ) (64 -208 242 ) 
4 70 75 (64 -211 32 ) (64 -476 32 ) (64 -476 37.058987 ) (64 -211 239.705856 ) 
4 70 74 (64 -208 238.205002 ) (64 -208 32 ) (64 -211 32 ) (64 -211 238.205002 ) 
4 70 72 (64 -476 32 ) (76 -476 32 ) (76 -476 37.058987 ) (64 -476 37.058990 ) 
4 70 71 (76 -208 242 ) (64 -208 242 ) (64 -476 37.058792 ) (76 -476 37.058792 ) 
4 71 75 (64 -476 250 ) (64 -211 250 ) (64 -211 239.705856 ) (64 -476 37.058987 ) 
4 71 73 (64 -211 250 ) (64 -208 250 ) (64 -208 248.210007 ) (64 -211 248.210007 ) 
4 71 72 (76 -476 37.058987 ) (76 -476 250 ) (64 -476 250 ) (64 -476 37.058990 ) 
4 72 75 (64 -477.867035 32 ) (64 -477.867035 250 ) (64 -476 250 ) (64 -476 32 ) 
4 73 119 (0 -211 248.210007 ) (0 -211 327.924988 ) (0 0 327.924988 ) (0 0 248.210007 ) 
4 73 76 (64 -211 248.210007 ) (64 -211 327.924988 ) (0 -211 327.924988 ) (0 -211 248.210007 ) 
4 74 123 (0 -211 32 ) (0 -211 238.205002 ) (0 0 238.205002 ) (0 0 32 ) 
4 74 77 (64 -211 32 ) (64 -211 238.205002 ) (0 -211 238.205002 ) (0 -211 32 ) 
4 75 77 (63.868099 -211 239.235306 ) (63.868099 -211 32 ) (63.868099 -477.867035 32 ) (63.868099 -477.867035 35.160679 ) 
4 75 76 (63.868099 -211 327.924988 ) (63.868099 -211 248 ) (63.868099 -477.867035 248 ) (63.868099 -477.867035 327.924988 ) 
4 76 121 (0 -477.867035 248 ) (0 -477.867035 248.210007 ) (0 -211 248.210007 ) (0 -211 248 ) 
4 76 119 (0 -477.867035 248.210007 ) (0 -477.867035 327.924988 ) (0 -211 327.924988 ) (0 -211 248.210007 ) 
5 77 123 (0 -477.867035 32 ) (0 -477.867035 35.160679 ) (0 -212.347321 238.205002 ) (0 -211 238.205002 ) (0 -211 32 ) 
3 77 122 (0 -212.347321 238.205002 ) (0 -211 239.235306 ) (0 -211 238.205002 ) 
4 78 118 (0 0 328 ) (0 0 594.286011 ) (-1024 0 594.286011 ) (-1024 0 328 ) 
4 78 92 (-780 472 328 ) (-780 477.867035 328 ) (-772 477.867035 328 ) (-772 472 328 ) 
4 78 93 (-772 0 328 ) (-780 0 328 ) (-780 472 328 ) (-772 472 328 ) 
4 78 91 (-768 0 328 ) (-772 0 328 ) (-772 477.867035 328 ) (-768 477.867035 328 ) 
4 78 94 (-780 0 328 ) (-992 0 328 ) (-992 477.867035 328 ) (-780 477.867035 328 ) 
4 78 90 (-768 368.718140 328 ) (-768 471.558960 328 ) (-76 463.793671 328 ) (-76 360.952850 328 ) 
4 78 89 (-76 0 328 ) (-768 0 328 ) (-768 368.718140 328 ) (-76 360.952850 328 ) 
4 78 88 (-768 471.558960 328 ) (-768 476 328 ) (-76 476 328 ) (-76 463.793671 328 ) 
4 78 84 (-76 208 328 ) (-76 476 328 ) (-64 476 328 ) (-64 208 328 ) 
4 78 87 (-64 0 328 ) (-76 0 328 ) (-76 208 328 ) (-64 208 328 ) 
4 78 83 (-768 476 328 ) (-768 477.867035 328 ) (-64 477.867035 328 ) (-64 476 328 ) 
4 78 81 (0 0 328 ) (-64 0 328 ) (-64 211 328 ) (0 211 328 ) 
4 78 79 (-64 211 328 ) (-64 477.867035 328 ) (0 477.867035 328 ) (0 211 328 ) 
4 79 86 (-64 211 248 ) (-64 211 249.472015 ) (-64 476 249.472015 ) (-64 476 248 ) 
4 79 84 (-64 211 249.472015 ) (-64 211 328 ) (-64 476 328 ) (-64 476 249.472015 ) 
4 79 83 (-64 476 328 ) (-64 477.867035 328 ) (-64 477.867035 248 ) (-64 476 248 ) 
4 79 81 (-64 211 328 ) (-64 211 248.210007 ) (0 211 248.210007 ) (0 211 328 ) 
4 80 85 (-64 476 32 ) (-64 211 32 ) (-64 211 239.235306 ) (-64 476 36.588394 ) 
4 80 83 (-64 477.867035 32 ) (-64 476 32 ) (-64 476 36.588394 ) (-64 477.867035 35.160675 ) 
4 80 82 (-64 211 238.205002 ) (-64 211 32 ) (0 211 32 ) (0 211 238.205002 ) 
4 81 119 (0 0 248.210007 ) (0 0 328 ) (-64 0 328 ) (-64 0 248.210007 ) 
4 81 86 (-64 211 249.472015 ) (-64 211 248.210007 ) (-64 208 248.210007 ) (-64 208 249.472015 ) 
4 81 84 (-64 208 328 ) (-64 211 328 ) (-64 211 249.472015 ) (-64 208 249.472015 ) 
4 81 87 (-64 0 248.210007 ) (-64 0 328 ) (-64 208 328 ) (-64 208 248.210007 ) 
4 82 123 (0 0 32 ) (0 0 238.205002 ) (-64 0 238.205002 ) (-64 0 32 ) 
4 82 85 (-64 211 32 ) (-64 208 32 ) (-64 208 238.205002 ) (-64 211 238.205002 ) 
4 82 87 (-64 208 32 ) (-64 0 32 ) (-64 0 238.205002 ) (-64 208 238.205002 ) 
4 83 97 (-768 477.867035 136 ) (-768 477.867035 48 ) (-768 476 48 ) (-768 476 136 ) 
4 83 91 (-768 476 328 ) (-768 477.867035 328 ) (-768 477.867035 136 ) (-768 476 136 ) 
4 83 88 (-768 476 328 ) (-768 476 32 ) (-76 476 32 ) (-76 476 328 ) 
4 83 86 (-64 476 36.531082 ) (-64 476 249.472015 ) (-76 476 249.472015 ) (-76 476 36.531097 ) 
4 83 85 (-76 476 32 ) (-64 476 32 ) (-64 476 36.531082 ) (-76 476 36.531097 ) 
4 83 84 (-64 476 249.472015 ) (-64 476 328 ) (-76 476 328 ) (-76 476 249.472015 ) 
4 84 90 (-76 463.793671 249.472015 ) (-76 360.952850 249.472015 ) (-76 360.952820 328 ) (-76 463.793640 328 ) 
4 84 89 (-76 360.952850 249.472015 ) (-76 208 249.472015 ) (-76 208 328 ) (-76 360.952820 328 ) 
4 84 88 (-76 476 328 ) (-76 476 249.472015 ) (-76 463.793671 249.472015 ) (-76 463.793640 328 ) 
4 84 86 (-64 208 249.472015 ) (-76 208 249.472015 ) (-76 476 249.472015 ) (-64 476 249.472015 ) 
4 84 87 (-76 208 328 ) (-76 208 249.472015 ) (-64 208 249.472015 ) (-64 208 328 ) 
4 85 90 (-76 463.793671 32 ) (-76 360.952850 32 ) (-76 360.952820 124.508202 ) (-76 463.793640 45.865341 ) 
4 85 89 (-76 360.952850 32 ) (-76 208 32 ) (-76 208 241.471985 ) (-76 360.952820 124.508202 ) 
4 85 88 (-76 476 36.531097 ) (-76 476 32 ) (-76 463.793671 32 ) (-76 463.793640 45.865341 ) 
4 85 87 (-76 208 241.471985 ) (-76 208 32 ) (-64 208 32 ) (-64 208 241.471985 ) 
4 85 86 (-64 476 36.531250 ) (-76 476 36.531250 ) (-76 208 241.472580 ) (-64 208 241.472580 ) 
4 86 90 (-76 463.793671 45.865341 ) (-76 360.952850 124.508217 ) (-76 360.952820 249.472015 ) (-76 463.793640 249.472015 ) 
4 86 89 (-76 360.952850 124.508217 ) (-76 208 241.471985 ) (-76 208 249.472015 ) (-76 360.952820 249.472015 ) 
4 86 88 (-76 476 249.472015 ) (-76 476 36.531097 ) (-76 463.793671 45.865341 ) (-76 463.793640 249.472015 ) 
4 86 87 (-76 208 249.472015 ) (-76 208 241.471985 ) (-64 208 241.471985 ) (-64 208 249.472015 ) 
4 87 124 (-64 0 328 ) (-76 0 328 ) (-76 0 32 ) (-64 0 32 ) 
4 87 89 (-76 208 32 ) (-76 0 32 ) (-76 0 328 ) (-76 208 328 ) 
4 88 97 (-768 476 136 ) (-768 476 48 ) (-768 471.558960 48 ) (-768 471.558960 136 ) 
4 88 91 (-768 471.558960 328 ) (-768 476 328 ) (-768 476 136 ) (-768 471.558960 136 ) 
5 88 90 (-768 471.558960 328 ) (-768 471.558960 96.696594 ) (-703.305908 470.833008 32 ) (-76 463.793701 32 ) (-76 463.793701 328 ) 
4 89 128 (-76 0 328 ) (-768 0 328 ) (-768 0 32 ) (-76 0 32 ) 
4 89 111 (-768 368.718140 96 ) (-768 368.718140 48 ) (-768 368 48 ) (-768 368 96 ) 
4 89 110 (-768 368.718140 120 ) (-768 368.718140 96 ) (-768 368 96 ) (-768 368 120 ) 
4 89 114 (-768 352 48 ) (-768 0 48 ) (-768 0 120 ) (-768 352 120 ) 
4 89 107 (-768 368.718140 134 ) (-768 368.718140 120 ) (-768 368 120 ) (-768 368 134 ) 
4 89 102 (-768 368.718140 136 ) (-768 368.718140 134 ) (-768 368 134 ) (-768 368 136 ) 
4 89 91 (-768 0 328 ) (-768 368.718140 328 ) (-768 368.718140 136 ) (-768 0 136 ) 
5 89 90 (-76 360.952789 328 ) (-76 360.952789 32 ) (-704.003906 368 32 ) (-768 368.718079 95.998566 ) (-768 368.718079 328 ) 
4 90 110 (-768 368.951019 96 ) (-768 368.718140 95.998566 ) (-768 368.718140 120 ) (-768 368.951019 120 ) 
4 90 109 (-768 471.558960 120 ) (-768 471.558960 96.696594 ) (-768 368.951019 96 ) (-768 368.951019 120 ) 
4 90 107 (-768 368.951019 120 ) (-768 368.718140 120 ) (-768 368.718140 134 ) (-768 368.951019 134 ) 
4 90 106 (-768 471.558960 134 ) (-768 471.558960 120 ) (-768 368.951019 120 ) (-768 368.951019 134 ) 
4 90 102 (-768 471.558960 136 ) (-768 471.558960 134 ) (-768 368.718140 134 ) (-768 368.718140 136 ) 
4 90 91 (-768 368.718140 328 ) (-768 471.558960 328 ) (-768 471.558960 136 ) (-768 368.718140 136 ) 
4 91 134 (-768 0 136 ) (-768 0 192 ) (-772 0 192 ) (-772 0 136 ) 
4 91 131 (-768 0 192 ) (-768 0 328 ) (-772 0 328 ) (-772 0 192 ) 
4 91 104 (-772 368 136 ) (-772 368.951019 136 ) (-769.578003 368.951019 136 ) (-769.578003 368 136 ) 
4 91 103 (-772 368.951019 136 ) (-772 471.603851 136 ) (-769.578003 471.576660 136 ) (-769.578003 368.951019 136 ) 
4 91 102 (-768 471.558960 136 ) (-768 368 136 ) (-769.578003 368 136 ) (-769.578003 471.576660 136 ) 
4 91 98 (-772 477.867035 136 ) (-770 477.867035 136 ) (-770 471.581421 136 ) (-772 471.603851 136 ) 
4 91 97 (-770 477.867035 136 ) (-768 477.867035 136 ) (-768 471.558960 136 ) (-770 471.581421 136 ) 
4 91 92 (-772 477.867035 328 ) (-772 477.867035 192 ) (-772 472 192 ) (-772 472 328 ) 
4 91 93 (-772 472 136 ) (-772 0 136 ) (-772 0 328 ) (-772 472 328 ) 
4 92 93 (-780 472 328 ) (-780 472 192 ) (-772 472 192 ) (-772 472 328 ) 
4 92 94 (-780 477.867035 328 ) (-780 477.867035 192 ) (-780 472 192 ) (-780 472 328 ) 
4 93 134 (-780 0 192 ) (-780 0 136 ) (-772 0 136 ) (-772 0 192 ) 
4 93 131 (-772 0 328 ) (-780 0 328 ) (-780 0 192 ) (-772 0 192 ) 
4 93 104 (-772 368.951019 136 ) (-772 368 136 ) (-780 368 136 ) (-780 368.951019 136 ) 
4 93 103 (-772 471.603851 136 ) (-772 368.951019 136 ) (-780 368.951019 136 ) (-780 471.693634 136 ) 
4 93 99 (-772 472 136 ) (-772 471.603851 136 ) (-780 471.693634 136 ) (-780 472 136 ) 
4 93 94 (-780 472 136 ) (-780 0 136 ) (-780 0 328 ) (-780 472 328 ) 
4 94 161 (-992 0 192 ) (-992 0 136 ) (-864 0 136 ) (-864 0 192 ) 
4 94 134 (-864 0 136 ) (-780 0 136 ) (-780 0 192 ) (-864 0 192 ) 
4 94 131 (-780 0 328 ) (-992 0 328 ) (-992 0 192 ) (-780 0 192 ) 
4 94 104 (-780 368.951019 136 ) (-780 368 136 ) (-800 368 136 ) (-800 368.951019 136 ) 
4 94 103 (-780 471.693604 136 ) (-780 368.951019 136 ) (-800 368.951019 136 ) (-800 471.918030 136 ) 
4 94 100 (-780 472 136 ) (-780 471.693604 136 ) (-800 471.918030 136 ) (-800 472 136 ) 
4 95 151 (-810.505798 0 32 ) (-810.505798 0 48 ) (-856 0 48 ) (-856 0 32 ) 
4 95 139 (-810.505798 0 48 ) (-810.505798 0 134 ) (-856 0 134 ) (-856 0 48 ) 
4 95 117 (-810.505920 0 48 ) (-810.505920 0 32 ) (-808 369.166962 32 ) (-808 369.166992 48 ) 
4 95 115 (-808 369.166992 134 ) (-810.505920 0 134 ) (-810.505920 0 48 ) (-808 369.166962 48 ) 
4 95 101 (-807.262329 477.867035 32 ) (-807.262329 477.867035 134 ) (-807.302124 472 134 ) (-807.302124 472 32 ) 
4 95 96 (-856 0 32 ) (-856 0 134 ) (-856 477.867035 134 ) (-856 477.867035 32 ) 
4 96 152 (-856 0 32 ) (-856 0 48 ) (-864 0 48 ) (-864 0 32 ) 
4 96 140 (-856 0 48 ) (-856 0 134 ) (-864 0 134 ) (-864 0 48 ) 
4 97 109 (-768 471.558929 96.696571 ) (-768 471.558929 120 ) (-770 471.581360 120 ) (-770 471.581360 98.696686 ) 
4 97 106 (-768 471.558929 120 ) (-768 471.558929 134 ) (-770 471.581360 134 ) (-770 471.581360 120 ) 
4 97 103 (-769.578003 471.576630 136 ) (-770 471.581360 136 ) (-770 471.581360 134 ) (-769.578003 471.576630 134 ) 
4 97 102 (-768 471.558929 134 ) (-768 471.558929 136 ) (-769.578003 471.576630 136 ) (-769.578003 471.576630 134 ) 
4 97 98 (-770 477.867035 136 ) (-770 477.867035 48 ) (-770 471.579742 48 ) (-770 471.579742 136 ) 
4 98 109 (-770 471.581360 98.696693 ) (-770 471.581360 120 ) (-772 471.603790 120 ) (-772 471.603790 100.696640 ) 
4 98 106 (-770 471.581360 120 ) (-770 471.581360 134 ) (-772 471.603790 134 ) (-772 471.603790 120 ) 
4 98 103 (-770 471.581360 134 ) (-770 471.581360 136 ) (-772 471.603790 136 ) (-772 471.603790 134 ) 
4 98 99 (-772 472 32 ) (-772 471.602692 32 ) (-772 471.602692 136 ) (-772 472 136 ) 
4 99 109 (-772 471.603790 100.696640 ) (-772 471.603790 120 ) (-780 471.693573 120 ) (-780 471.693573 108.696938 ) 
4 99 106 (-772 471.603790 120 ) (-772 471.603790 134 ) (-780 471.693573 134 ) (-780 471.693573 120 ) 
4 99 103 (-772 471.603790 134 ) (-772 471.603790 136 ) (-780 471.693573 136 ) (-780 471.693573 134 ) 
4 99 100 (-780 472 32 ) (-780 471.695313 32 ) (-780 471.695313 136 ) (-780 472 136 ) 
3 100 109 (-780 471.693573 108.696938 ) (-780 471.693573 120 ) (-791.302612 471.820404 120 ) 
5 100 106 (-780 471.693573 120 ) (-780 471.693573 134 ) (-800 471.917999 134 ) (-800 471.917999 128.697769 ) (-791.302612 471.820404 120 ) 
4 100 103 (-780 471.693573 134 ) (-780 471.693573 136 ) (-800 471.917999 136 ) (-800 471.917999 134 ) 
3 101 116 (-800.750977 471.926422 129.448807 ) (-800.750977 471.926422 134 ) (-805.301941 471.977509 134 ) 
4 101 106 (-800 471.917999 128.697769 ) (-800 471.917999 134 ) (-800.750977 471.926422 134 ) (-800.750977 471.926422 129.448807 ) 
4 102 107 (-768 368.951019 134 ) (-768 368 134 ) (-769.578003 368 134 ) (-769.578003 368.951019 134 ) 
4 102 106 (-769.578003 471.581116 134 ) (-768 471.563416 134 ) (-768 368.951019 134 ) (-769.578003 368.951019 134 ) 
4 102 104 (-769.578003 368 135.376999 ) (-769.578003 368 136 ) (-769.578003 368.951019 136 ) (-769.578003 368.951019 135.376999 ) 
4 102 103 (-769.578003 471.576660 136 ) (-769.578003 471.576660 134 ) (-769.578003 368.951019 134 ) (-769.578003 368.951019 136 ) 
4 103 106 (-800 471.922485 134 ) (-769.578003 471.581116 134 ) (-769.578003 368.951019 134 ) (-800 368.951019 134 ) 
4 103 104 (-769.578003 368.951019 135.376999 ) (-769.578003 368.951019 136 ) (-800 368.951019 136 ) (-800 368.951019 135.376999 ) 
5 105 106 (-788.759766 368.951019 134 ) (-788.759766 368.951019 120 ) (-792 368.987396 120 ) (-800.750977 369.085571 128.750763 ) (-800.750977 369.085571 134 ) 
4 106 116 (-800.750977 368.951019 134 ) (-800.750977 471.929688 134 ) (-800.750977 471.929474 129.448807 ) (-800.750977 368.951019 128.749817 ) 
4 106 109 (-791.302551 471.823669 120 ) (-768 471.562164 120 ) (-768 368.951019 120 ) (-792 368.951019 120 ) 
4 106 107 (-769.578003 368.951019 120 ) (-768 368.951019 120 ) (-768 368.951019 134 ) (-769.578003 368.951019 134 ) 
4 107 110 (-769.578003 368.951019 120 ) (-768 368.951019 120 ) (-768 368 120 ) (-769.578003 368 120 ) 
4 108 147 (-770 0 134 ) (-797.498108 0 134 ) (-797.498108 0 120 ) (-770 0 120 ) 
4 108 139 (-797.498108 0 134 ) (-800.750977 0 134 ) (-800.750977 0 120 ) (-797.498108 0 120 ) 
4 108 115 (-800.750977 0 120 ) (-800.750977 0 134 ) (-800.750977 360.876038 134 ) (-800.750977 360.876038 120 ) 
4 108 113 (-800.750977 352 120 ) (-800.750977 360.876038 120 ) (-770 360.876038 120 ) (-770 352 120 ) 
4 108 114 (-800.750977 0 120 ) (-800.750977 352 120 ) (-770 352 120 ) (-770 0 120 ) 
5 109 110 (-769.578003 368.951019 97.574097 ) (-768.003906 368.951019 96 ) (-768 368.951019 96 ) (-768 368.951019 120 ) (-769.578003 368.951019 120 ) 
4 111 117 (-770 368 48 ) (-800.750977 368 48 ) (-800.750977 369.085632 48 ) (-770 368.740570 48 ) 
4 111 115 (-800.750977 369.085632 48 ) (-800.750977 368 48 ) (-800.750977 368 96 ) (-800.750977 369.085632 96 ) 
4 111 112 (-770 368 96 ) (-800.750977 368 96 ) (-800.750977 368 48 ) (-770 368 48 ) 
4 112 117 (-770 360.876038 48 ) (-800.750977 360.876038 48 ) (-800.750977 368 48 ) (-770 368 48 ) 
4 112 115 (-800.750977 368 48 ) (-800.750977 360.876038 48 ) (-800.750977 360.876038 96 ) (-800.750977 368 96 ) 
4 112 113 (-800.750977 360.876038 96 ) (-800.750977 360.876038 48 ) (-770 360.876038 48 ) (-770 360.876038 96 ) 
4 113 117 (-770 352 48 ) (-800.750977 352 48 ) (-800.750977 360.876038 48 ) (-770 360.876038 48 ) 
4 113 115 (-800.750977 360.876038 48 ) (-800.750977 352 48 ) (-800.750977 352 120 ) (-800.750977 360.876038 120 ) 
4 113 114 (-770 352 120 ) (-800.750977 352 120 ) (-800.750977 352 48 ) (-770 352 48 ) 
4 114 147 (-770 0 120 ) (-797.498108 0 120 ) (-797.498108 0 48 ) (-770 0 48 ) 
4 114 142 (-768 0 48 ) (-768 0 120 ) (-770 0 120 ) (-770 0 48 ) 
4 114 139 (-797.498108 0 120 ) (-800.750977 0 120 ) (-800.750977 0 48 ) (-797.498108 0 48 ) 
4 114 117 (-770 0 48 ) (-800.750977 0 48 ) (-800.750977 352 48 ) (-770 352 48 ) 
4 114 115 (-800.750977 352 48 ) (-800.750977 0 48 ) (-800.750977 0 120 ) (-800.750977 352 120 ) 
4 115 139 (-800.750977 0 134 ) (-810.505798 0 134 ) (-810.505798 0 48 ) (-800.750977 0 48 ) 
4 115 117 (-810.500732 0 48 ) (-807.994934 369.166931 48 ) (-800.750977 369.085632 48 ) (-800.750977 0 48 ) 
3 115 116 (-800.750977 369.085571 134 ) (-800.750977 369.085571 128.750778 ) (-806 369.144470 134 ) 
4 117 153 (-770 0 48 ) (-797.498108 0 48 ) (-797.498108 0 32 ) (-770 0 32 ) 
4 117 151 (-797.498108 0 48 ) (-810.505798 0 48 ) (-810.505798 0 32 ) (-797.498108 0 32 ) 
4 118 131 (-992 -477.867035 328 ) (-992 0 328 ) (-768 0 328 ) (-768 -477.867035 328 ) 
5 118 130 (-768 -471.199860 328 ) (-768 -368.359039 328 ) (-76 -376.124329 328 ) (-76 -477.867035 328 ) (-173.858612 -477.867035 328 ) 
3 118 129 (-768 -477.867035 328 ) (-768 -471.199860 328 ) (-173.858612 -477.867035 328 ) 
4 118 128 (-768 -368.359039 328 ) (-768 0 328 ) (-76 0 328 ) (-76 -376.124329 328 ) 
4 118 125 (-64.131897 -212 328 ) (-64.131897 -477.867035 328 ) (-76 -477.867035 328 ) (-76 -212 328 ) 
4 118 124 (-76 0 328 ) (-64.131897 0 328 ) (-64.131897 -212 328 ) (-76 -212 328 ) 
4 118 119 (-64.131897 0 328 ) (0 0 328 ) (0 -477.867035 328 ) (-64.131897 -477.867035 328 ) 
4 119 125 (-64.131897 -477.867035 248.210007 ) (-64.131897 -477.867035 328 ) (-64.131897 -212 328 ) (-64.131897 -212 248.210007 ) 
4 119 124 (-64.131897 -212 328 ) (-64.131897 0 328 ) (-64.131897 0 248.210007 ) (-64.131897 -212 248.210007 ) 
4 119 121 (0 -477.867035 248.210007 ) (-64.131897 -477.867035 248.210007 ) (-64.131897 -211 248.210007 ) (0 -211 248.210007 ) 
5 120 124 (-64.131897 -199.263855 248.210007 ) (-64.131897 0 248.210007 ) (-64.131897 0 238.205002 ) (-64.131897 -211 238.205002 ) (-64.131897 -211 239.235291 ) 
4 121 125 (-64.131897 -477.867035 248 ) (-64.131897 -477.867035 248.210007 ) (-64.131897 -212 248.210007 ) (-64.131897 -212 248 ) 
4 121 124 (-64.131897 -212 248.210007 ) (-64.131897 -211 248.210007 ) (-64.131897 -211 248 ) (-64.131897 -212 248 ) 
3 122 126 (-64.131897 -212 238.205002 ) (-64.131897 -212.347305 238.205002 ) (-64.131897 -212 238.470581 ) 
4 122 124 (-64.131897 -211 239.235291 ) (-64.131897 -211 238.205002 ) (-64.131897 -212 238.205002 ) (-64.131897 -212 238.470581 ) 
4 122 123 (-64.131897 -212.347290 238.205002 ) (-64.131897 -211 238.205002 ) (0 -211 238.205002 ) (0 -212.347305 238.205002 ) 
5 123 126 (-64.131897 -212 32 ) (-64.131897 -477.867035 32 ) (-64.131897 -477.867035 35.160679 ) (-64.131897 -212.347321 238.205002 ) (-64.131897 -212 238.205002 ) 
4 123 124 (-64.131897 0 32 ) (-64.131897 -212 32 ) (-64.131897 -212 238.205002 ) (-64.131897 0 238.205002 ) 
4 124 128 (-76 0 32 ) (-76 -212 32 ) (-76 -212 328 ) (-76 0 328 ) 
4 124 127 (-76 -212 247.472015 ) (-76 -212 239.464615 ) (-64.131897 -212 239.464600 ) (-64.131897 -212 247.472015 ) 
4 124 126 (-76 -212 239.464615 ) (-76 -212 32 ) (-64.131897 -212 32 ) (-64.131897 -212 239.464600 ) 
4 124 125 (-76 -212 328 ) (-76 -212 247.472015 ) (-64.131897 -212 247.472015 ) (-64.131897 -212 328 ) 
4 125 130 (-76 -477.867035 247.472015 ) (-76 -477.867035 328 ) (-76 -376.124329 328 ) (-76 -376.124329 247.472015 ) 
4 125 128 (-76 -376.124329 328 ) (-76 -212 328 ) (-76 -212 247.472015 ) (-76 -376.124329 247.472015 ) 
4 125 127 (-76 -477.867035 247.472015 ) (-76 -212 247.472015 ) (-64.131897 -212 247.472015 ) (-64.131897 -477.867035 247.472015 ) 
4 126 130 (-76 -376.124329 32 ) (-76 -477.867035 32 ) (-76 -477.867035 36.154819 ) (-76 -376.124329 113.957962 ) 
4 126 128 (-76 -212 32 ) (-76 -376.124329 32 ) (-76 -376.124329 113.957962 ) (-76 -212 239.464615 ) 
4 126 127 (-64.131897 -212 239.464188 ) (-76 -212 239.464188 ) (-76 -477.867035 36.154358 ) (-64.131897 -477.867035 36.156250 ) 
4 127 130 (-76 -477.867035 36.154819 ) (-76 -477.867035 247.472015 ) (-76 -376.124329 247.472015 ) (-76 -376.124329 113.957954 ) 
4 127 128 (-76 -376.124329 247.472015 ) (-76 -212 247.472015 ) (-76 -212 239.464615 ) (-76 -376.124329 113.957954 ) 
4 128 145 (-768 -368 48 ) (-768 -368.359039 48 ) (-768 -368.359039 104 ) (-768 -368 104 ) 
4 128 144 (-768 -368.359039 104 ) (-768 -368.359039 120 ) (-768 -368 120 ) (-768 -368 104 ) 
4 128 143 (-768 -368.359039 120 ) (-768 -368.359039 134 ) (-768 -368 134 ) (-768 -368 120 ) 
4 128 142 (-768 0 120 ) (-768 0 48 ) (-768 -352 48 ) (-768 -352 120 ) 
4 128 136 (-768 -368 134 ) (-768 -368.359039 134 ) (-768 -368.359039 136 ) (-768 -368 136 ) 
4 128 135 (-768 -368.359039 136 ) (-768 -368.359039 192 ) (-768 -360.601013 192 ) (-768 -360.601013 136 ) 
4 128 134 (-768 0 192 ) (-768 0 136 ) (-768 -360.601013 136 ) (-768 -360.601013 192 ) 
4 128 131 (-768 -368.359039 328 ) (-768 0 328 ) (-768 0 192 ) (-768 -368.359039 192 ) 
5 128 130 (-768 -368.359100 328 ) (-768 -368.359100 104.002838 ) (-696 -369.167053 32 ) (-76 -376.124329 32 ) (-76 -376.124329 328 ) 
4 129 155 (-768 -477.867035 48 ) (-768 -477.867035 192 ) (-768 -472 192 ) (-768 -472 48 ) 
4 129 141 (-768 -471.199860 134 ) (-768 -471.199860 48 ) (-768 -472 48 ) (-768 -472 134 ) 
4 129 132 (-768 -471.199860 192 ) (-768 -471.199860 134 ) (-768 -472 134 ) (-768 -472 192 ) 
4 129 131 (-768 -477.867035 328 ) (-768 -471.199860 328 ) (-768 -471.199860 192 ) (-768 -477.867035 192 ) 
5 129 130 (-173.850052 -477.867035 328 ) (-173.850067 -477.867035 32 ) (-696.697998 -472 32 ) (-768 -471.199768 103.304787 ) (-768 -471.199768 328 ) 
4 130 146 (-768 -368.359039 134 ) (-768 -368.359039 104.002838 ) (-768 -471.199860 103.304787 ) (-768 -471.199860 134 ) 
4 130 136 (-768 -368.359039 136 ) (-768 -368.359039 134 ) (-768 -471.199860 134 ) (-768 -471.199860 136 ) 
4 130 135 (-768 -368.359039 192 ) (-768 -368.359039 136 ) (-768 -471.199860 136 ) (-768 -471.199860 192 ) 
4 130 131 (-768 -471.199860 328 ) (-768 -368.359039 328 ) (-768 -368.359039 192 ) (-768 -471.199860 192 ) 
4 131 161 (-992 -477.867035 192 ) (-992 0 192 ) (-864 0 192 ) (-864 -477.867035 192 ) 
4 131 158 (-800 -477.867035 192 ) (-864 -477.867035 192 ) (-864 -472 192 ) (-800 -472 192 ) 
4 131 157 (-780 -477.867035 192 ) (-800 -477.867035 192 ) (-800 -472 192 ) (-780 -472 192 ) 
4 131 156 (-770 -477.867035 192 ) (-772 -477.867035 192 ) (-772 -472 192 ) (-770 -472 192 ) 
4 131 155 (-768 -472 192 ) (-768 -477.867035 192 ) (-770 -477.867035 192 ) (-770 -472 192 ) 
4 131 135 (-768 -360.601013 192 ) (-768 -471.199860 192 ) (-864 -470.122620 192 ) (-864 -360.601013 192 ) 
4 131 134 (-864 0 192 ) (-768 0 192 ) (-768 -360.601013 192 ) (-864 -360.601013 192 ) 
4 131 133 (-800 -472 192 ) (-864 -472 192 ) (-864 -470.122620 192 ) (-800 -470.840790 192 ) 
4 131 132 (-768 -471.199860 192 ) (-768 -472 192 ) (-800 -472 192 ) (-800 -470.840790 192 ) 
4 132 157 (-780 -472 136 ) (-780 -472 192 ) (-800 -472 192 ) (-800 -472 136 ) 
4 132 156 (-772 -472 134 ) (-770 -472 134 ) (-770 -472 192 ) (-772 -472 192 ) 
4 132 155 (-770 -472 134 ) (-768 -472 134 ) (-768 -472 192 ) (-770 -472 192 ) 
4 132 141 (-768 -472 134 ) (-800 -472 134 ) (-800 -470.840790 134 ) (-768 -471.199860 134 ) 
4 132 138 (-800 -470.840759 135.306030 ) (-800 -470.840759 136 ) (-799.249023 -470.849182 136 ) (-799.249023 -470.849182 134.555008 ) 
5 132 137 (-768.451050 -471.194794 134 ) (-798.694031 -470.855408 134 ) (-799.249023 -470.849182 134.555008 ) (-799.249023 -470.849182 136 ) (-768.451050 -471.194794 136 ) 
4 132 136 (-768 -471.199860 134 ) (-768.451050 -471.194794 134 ) (-768.451050 -471.194794 136 ) (-768 -471.199860 136 ) 
4 132 135 (-800 -470.840759 136 ) (-800 -470.840759 192 ) (-768 -471.199860 192 ) (-768 -471.199860 136 ) 
4 132 133 (-800 -470.843750 192 ) (-800 -470.843750 136 ) (-800 -472 136 ) (-800 -472 192 ) 
4 133 161 (-864 -472 136 ) (-864 -472 192 ) (-864 -470.122620 192 ) (-864 -470.122620 136 ) 
4 133 158 (-864 -472 192 ) (-864 -472 136 ) (-800 -472 136 ) (-800 -472 192 ) 
4 133 135 (-864 -470.122589 136 ) (-864 -470.122589 192 ) (-800 -470.840759 192 ) (-800 -470.840759 136 ) 
4 134 161 (-864 -360.601013 192 ) (-864 0 192 ) (-864 0 136 ) (-864 -360.601013 136 ) 
4 134 135 (-864 -360.601013 192 ) (-864 -360.601013 136 ) (-768 -360.601013 136 ) (-768 -360.601013 192 ) 
4 135 161 (-864 -470.122620 192 ) (-864 -360.601013 192 ) (-864 -360.601013 136 ) (-864 -470.122620 136 ) 
5 135 138 (-799.249023 -470.849182 136 ) (-800 -470.840759 136 ) (-800 -368.602386 136 ) (-799.995911 -368 136 ) (-799.249023 -368.008362 136 ) 
5 135 137 (-768.451050 -471.194794 136 ) (-799.249023 -470.849182 136 ) (-799.249023 -368.299988 136 ) (-773.261780 -368.299988 136 ) (-768.451050 -368.353973 136 ) 
4 135 136 (-768 -471.199860 136 ) (-768.451050 -471.194794 136 ) (-768.451050 -368 136 ) (-768 -368 136 ) 
4 136 146 (-768 -368.299988 134 ) (-768 -471.199860 134 ) (-768.451050 -471.194794 134 ) (-768.451050 -368.299988 134 ) 
4 136 143 (-768 -368 134 ) (-768 -368.299988 134 ) (-768.451050 -368.299988 134 ) (-768.451050 -368 134 ) 
4 136 137 (-768.451050 -471.191406 134 ) (-768.451050 -471.191406 136 ) (-768.451050 -368.353973 136 ) (-768.451050 -368.353973 134 ) 
5 137 148 (-770 -471.177399 134 ) (-798.694031 -470.855438 134 ) (-797.997925 -368.299988 134 ) (-773.261780 -368.299988 134 ) (-770 -368.336578 134 ) 
4 137 146 (-768.451050 -368.353973 134 ) (-768.451050 -471.194794 134 ) (-770 -471.177399 134 ) (-770 -368.336578 134 ) 
4 137 138 (-799.249023 -470.851563 134.555008 ) (-799.249023 -470.851563 136 ) (-799.249023 -368.299988 136 ) (-799.249023 -368.299988 135.251053 ) 
4 139 159 (-856 -472 48 ) (-800.701904 -472 48 ) (-800.701904 -472 134 ) (-856 -472 134 ) 
4 139 151 (-800.701904 -472 48 ) (-856 -472 48 ) (-856 0 48 ) (-797.498108 0 48 ) 
4 139 150 (-799.996094 -368 48 ) (-799.945862 -360.601013 48 ) (-799.945862 -360.601013 104 ) (-799.996094 -368 104 ) 
4 139 149 (-799.945862 -360.601013 104 ) (-799.945862 -360.601013 134 ) (-799.996094 -368 134 ) (-799.996094 -368 104 ) 
4 139 147 (-799.945862 -360.601013 48 ) (-797.498230 0 48 ) (-797.498230 0 134 ) (-799.945862 -360.601013 134 ) 
4 139 141 (-800.702026 -472 48 ) (-800.694092 -470.833008 48 ) (-800.694092 -470.833008 134 ) (-800.702026 -472 134 ) 
4 139 140 (-856 0 48 ) (-856 -472 48 ) (-856 -472 134 ) (-856 0 134 ) 
4 140 160 (-864 -472 134 ) (-864 -472 48 ) (-856 -472 48 ) (-856 -472 134 ) 
4 140 152 (-856 -472 48 ) (-864 -472 48 ) (-864 0 48 ) (-856 0 48 ) 
4 141 159 (-800.701904 -472 48 ) (-800 -472 48 ) (-800 -472 134 ) (-800.701904 -472 134 ) 
4 141 156 (-772 -472 48 ) (-770 -472 48 ) (-770 -472 134 ) (-772 -472 134 ) 
4 141 155 (-770 -472 48 ) (-768 -472 48 ) (-768 -472 134 ) (-770 -472 134 ) 
4 141 154 (-770 -472 48 ) (-800.701904 -472 48 ) (-800.693970 -470.833008 48 ) (-770 -471.177429 48 ) 
3 141 148 (-798.694031 -470.855408 134 ) (-770 -471.177429 134 ) (-770 -471.177429 105.304886 ) 
4 141 146 (-770 -471.177429 105.304886 ) (-770 -471.177429 134 ) (-768 -471.199860 134 ) (-768 -471.199860 103.304779 ) 
4 142 147 (-770 0 48 ) (-770 -352 48 ) (-770 -352 120 ) (-770 0 120 ) 
4 143 146 (-768.451050 -368.299988 120 ) (-768 -368.299988 120 ) (-768 -368.299988 134 ) (-768.451050 -368.299988 134 ) 
4 143 144 (-768 -368.299988 120 ) (-768.451050 -368.299988 120 ) (-768.451050 -368 120 ) (-768 -368 120 ) 
4 144 146 (-768 -368.299988 104.003235 ) (-768 -368.299988 120 ) (-768.451050 -368.299988 120 ) (-768.451050 -368.299988 104.454239 ) 
4 144 145 (-768 -368.299988 104 ) (-768.451050 -368.299988 104 ) (-768.451050 -368 104 ) (-768 -368 104 ) 
4 145 150 (-770 -368 48 ) (-770 -368.299988 48 ) (-770 -368.299988 104 ) (-770 -368 104 ) 
4 146 148 (-770 -471.179688 105.304886 ) (-770 -471.179688 134 ) (-770 -368.299988 134 ) (-770 -368.299988 106.003189 ) 
4 147 153 (-799.945740 -360.601013 48 ) (-797.498108 0 48 ) (-770 0 48 ) (-770 -360.601013 48 ) 
4 147 150 (-799.945984 -360.601013 104 ) (-799.945984 -360.601013 48 ) (-770 -360.601013 48 ) (-770 -360.601013 104 ) 
4 147 149 (-799.945984 -360.601013 134 ) (-799.945984 -360.601013 104 ) (-799.249023 -360.601013 104 ) (-799.249023 -360.601013 134 ) 
4 149 150 (-799.946289 -360.601013 104 ) (-799.249023 -360.601013 104 ) (-799.249023 -368.008362 104 ) (-799.996521 -368 104 ) 
4 150 153 (-799.995972 -368 48 ) (-799.945740 -360.601013 48 ) (-770 -360.601013 48 ) (-770 -368.336609 48 ) 
4 151 159 (-800.701904 -472 32 ) (-800.701904 -472 48 ) (-856 -472 48 ) (-856 -472 32 ) 
4 151 154 (-800.694092 -470.833008 48 ) (-800.702026 -472 48 ) (-800.702026 -472 32 ) (-800.694092 -470.833008 32 ) 
4 151 153 (-797.498230 0 32 ) (-797.498230 0 48 ) (-799.996094 -368 48 ) (-799.996094 -368 32 ) 
4 151 152 (-856 -472 32 ) (-856 -472 48 ) (-856 0 48 ) (-856 0 32 ) 
4 152 160 (-864 -472 48 ) (-864 -472 32 ) (-856 -472 32 ) (-856 -472 48 ) 
4 154 159 (-800 -472 48 ) (-800.701904 -472 48 ) (-800.701904 -472 32 ) (-800 -472 32 ) 
4 154 156 (-770 -472 48 ) (-772 -472 48 ) (-772 -472 32 ) (-770 -472 32 ) 
4 155 156 (-770 -472 192 ) (-770 -472 48 ) (-770 -477.867035 48 ) (-770 -477.867035 192 ) 
4 157 158 (-800 -472 192 ) (-800 -472 136 ) (-800 -477.867035 136 ) (-800 -477.867035 192 ) 
4 158 161 (-864 -477.867035 136 ) (-864 -477.867035 192 ) (-864 -472 192 ) (-864 -472 136 ) 
4 159 160 (-856 -477.867035 32 ) (-856 -477.867035 134 ) (-856 -472 134 ) (-856 -472 32 ) 
