


materialPath: D:\Steam\steamapps\common\Counter-Strike Global Offensive\csgo\materials
Loading d:\desktop\csgo\hammer maps\blind fury\achievement_blind_fury.vmf
Map revision 12
fixing up env_cubemap materials on brush sides...
0...1...2...3...4...5...6...7...8...9...100...1...2...3...4...5...6...7...8...9...10Processing areas...done (0)
Building Faces...done (0)
Chop Details...done (0)
Find Visible Detail Sides...done (0)
Merging details...done (0)
FixTjuncs...
PruneNodes...
WriteBSP...
done (0)
writing d:\desktop\csgo\hammer maps\blind fury\achievement_blind_fury.prt...Building visibility clusters...
AutoVisClustering (threshold=-1) matched 0 leafs.
done (0)
Finding displacement neighbors...
Finding lightmap sample positions...
Displacement Alpha : 0...1...2...3...4...5...6...7...8...9...10
Building Physics collision data...
done (0) (5966 bytes)
Placing detail props : 0...1...2...3...4...5...6...7...8...9...10
Compacting texture/material tables...
Reduced 18 texinfos to 11
Reduced 4 texdatas to 4 (78 bytes to 78)
Writing d:\desktop\csgo\hammer maps\blind fury\achievement_blind_fury.bsp
MSG_FILEWRITE - Filesystem was asked to write to 'd:\desktop\csgo\hammer maps\blind fury\achievement_blind_fury.bsp', but we don't own that location. Allowing...
0 seconds elapsed



4 threads
reading d:\desktop\csgo\hammer maps\blind fury\achievement_blind_fury.bsp
reading d:\desktop\csgo\hammer maps\blind fury\achievement_blind_fury.prt
   2 portalclusters
   1 numportals
0...1...2...3...4...5...6...7...8...9...100...1...2...3...4...5...6...7...8...9...10Optimized: 0 visible clusters (0.00%)
Total clusters visible: 4
Average clusters visible: 2
Building PAS...
Average clusters audible: 2
visdatasize:24  compressed from 32
writing d:\desktop\csgo\hammer maps\blind fury\achievement_blind_fury.bsp
MSG_FILEWRITE - Filesystem was asked to write to 'd:\desktop\csgo\hammer maps\blind fury\achievement_blind_fury.bsp', but we don't own that location. Allowing...
0 seconds elapsed



[Reading texlights from 'lights.rad']
[17 texlights parsed from 'lights.rad']

Loading d:\desktop\csgo\hammer maps\blind fury\achievement_blind_fury.bsp
22 faces
1470 square feet [211711.86 square inches]
0 Displacements
0 Square Feet [0.00 Square Inches]
22 patches before subdivision
96 patches after subdivision
2 direct lights
0...1...2...3...4...5...6...7...8...9...100...1...2...3...4...5...6...7...8...9...10transfers 1650, max 46
transfer lists:   0.0 megs
0...1...2...3...4...5...6...7...8...9...10	Bounce #1 added RGB(878, 247, 2)
0...1...2...3...4...5...6...7...8...9...10	Bounce #2 added RGB(568, 45, 0)
0...1...2...3...4...5...6...7...8...9...10	Bounce #3 added RGB(332, 7, 0)
0...1...2...3...4...5...6...7...8...9...10	Bounce #4 added RGB(200, 1, 0)
0...1...2...3...4...5...6...7...8...9...10	Bounce #5 added RGB(119, 0, 0)
0...1...2...3...4...5...6...7...8...9...10	Bounce #6 added RGB(71, 0, 0)
0...1...2...3...4...5...6...7...8...9...10	Bounce #7 added RGB(43, 0, 0)
0...1...2...3...4...5...6...7...8...9...10	Bounce #8 added RGB(25, 0, 0)
0...1...2...3...4...5...6...7...8...9...10	Bounce #9 added RGB(15, 0, 0)
0...1...2...3...4...5...6...7...8...9...10	Bounce #10 added RGB(9, 0, 0)
0...1...2...3...4...5...6...7...8...9...10	Bounce #11 added RGB(5, 0, 0)
0...1...2...3...4...5...6...7...8...9...10	Bounce #12 added RGB(3, 0, 0)
0...1...2...3...4...5...6...7...8...9...10	Bounce #13 added RGB(2, 0, 0)
0...1...2...3...4...5...6...7...8...9...10	Bounce #14 added RGB(1, 0, 0)
0...1...2...3...4...5...6...7...8...9...10	Bounce #15 added RGB(1, 0, 0)
Build Patch/Sample Hash Table(s).....Done<0.0002 sec>
0...1...2...3...4...5...6...7...8...9...10FinalLightFace Done
0 of 0 (0% of) surface lights went in leaf ambient cubes.
0...1...2...3...4...5...6...7...8...9...10Writing leaf ambient...done
Ready to Finish

Object names       Objects/Maxobjs  Memory / Maxmem  Fullness 
------------       ---------------  ---------------  -------- 
models                   3/1024          144/49152    ( 0.3%) 
brushes                 12/8192          144/98304    ( 0.1%) 
brushsides              74/81920         592/655360   ( 0.1%) 
planes                  80/65536        1600/1310720  ( 0.1%) 
vertexes                57/65536         684/786432   ( 0.1%) 
nodes                   24/65536         768/2097152  ( 0.0%) 
texinfos                11/12288         792/884736   ( 0.1%) 
texdata                  4/4096          128/131072   ( 0.1%) 
dispinfos                0/0               0/0        ( 0.0%) 
disp_verts               0/0               0/0        ( 0.0%) 
disp_tris                0/0               0/0        ( 0.0%) 
disp_multiblend          0/0               0/0        ( 0.0%) 
disp_lmsamples           0/0               0/0        ( 0.0%) 
faces                   22/65536        1232/3670016  ( 0.0%) 
hdr faces                0/65536           0/3670016  ( 0.0%) 
origfaces               20/65536        1120/3670016  ( 0.0%) 
facebrushes              0/0               0/0        ( 0.0%) 
facebrushlists          22/0              88/0        ( 0.0%) 
leaves                  28/65536         896/2097152  ( 0.0%) 
leaffaces               23/65536          46/131072   ( 0.0%) 
leafbrushes             13/65536          26/131072   ( 0.0%) 
areas                    2/1024           16/8192     ( 0.2%) 
surfedges              172/512000        688/2048000  ( 0.0%) 
edges                  102/256000        408/1024000  ( 0.0%) 
LDR worldlights          2/8192          200/819200   ( 0.0%) 
HDR worldlights          0/8192            0/819200   ( 0.0%) 
leafwaterdata            0/32768           0/393216   ( 0.0%) 
waterstrips              1/32768          10/327680   ( 0.0%) 
waterverts               0/65536           0/786432   ( 0.0%) 
waterindices            12/65536          24/131072   ( 0.0%) 
cubemapsamples           0/1024            0/16384    ( 0.0%) 
overlays                 0/1024            0/360448   ( 0.0%) 
LDR lightdata         [variable]        6188/0        ( 0.0%) 
HDR lightdata         [variable]           0/0        ( 0.0%) 
visdata               [variable]          24/16777216 ( 0.0%) 
entdata               [variable]        3429/393216   ( 0.9%) 
LDR ambient table       28/65536         112/262144   ( 0.0%) 
HDR ambient table       28/65536         112/262144   ( 0.0%) 
LDR leaf ambient       148/65536        4144/1835008  ( 0.2%) 
HDR leaf ambient        28/65536         784/1835008  ( 0.0%) 
occluders                0/0               0/0        ( 0.0%) 
occluder polygons        0/0               0/0        ( 0.0%) 
occluder vert ind        0/0               0/0        ( 0.0%) 
detail props          [variable]           1/12       ( 8.3%) 
static props          [variable]           1/12       ( 8.3%) 
pakfile               [variable]       74486/0        ( 0.0%) 
physics               [variable]        5966/4194304  ( 0.1%) 
physics terrain       [variable]           2/1048576  ( 0.0%) 

Level flags = 7d

Total triangle count: 48
Writing d:\desktop\csgo\hammer maps\blind fury\achievement_blind_fury.bsp
MSG_FILEWRITE - Filesystem was asked to write to 'd:\desktop\csgo\hammer maps\blind fury\achievement_blind_fury.bsp', but we don't own that location. Allowing...
0 seconds elapsed



[Reading texlights from 'lights.rad']
[17 texlights parsed from 'lights.rad']

Loading d:\desktop\csgo\hammer maps\blind fury\achievement_blind_fury.bsp
22 faces
1470 square feet [211711.86 square inches]
0 Displacements
0 Square Feet [0.00 Square Inches]
22 patches before subdivision
96 patches after subdivision
2 direct lights
0...1...2...3...4...5...6...7...8...9...100...1...2...3...4...5...6...7...8...9...10transfers 1650, max 46
transfer lists:   0.0 megs
0...1...2...3...4...5...6...7...8...9...10	Bounce #1 added RGB(878, 247, 2)
0...1...2...3...4...5...6...7...8...9...10	Bounce #2 added RGB(568, 45, 0)
0...1...2...3...4...5...6...7...8...9...10	Bounce #3 added RGB(332, 7, 0)
0...1...2...3...4...5...6...7...8...9...10	Bounce #4 added RGB(200, 1, 0)
0...1...2...3...4...5...6...7...8...9...10	Bounce #5 added RGB(119, 0, 0)
0...1...2...3...4...5...6...7...8...9...10	Bounce #6 added RGB(71, 0, 0)
0...1...2...3...4...5...6...7...8...9...10	Bounce #7 added RGB(43, 0, 0)
0...1...2...3...4...5...6...7...8...9...10	Bounce #8 added RGB(25, 0, 0)
0...1...2...3...4...5...6...7...8...9...10	Bounce #9 added RGB(15, 0, 0)
0...1...2...3...4...5...6...7...8...9...10	Bounce #10 added RGB(9, 0, 0)
0...1...2...3...4...5...6...7...8...9...10	Bounce #11 added RGB(5, 0, 0)
0...1...2...3...4...5...6...7...8...9...10	Bounce #12 added RGB(3, 0, 0)
0...1...2...3...4...5...6...7...8...9...10	Bounce #13 added RGB(2, 0, 0)
0...1...2...3...4...5...6...7...8...9...10	Bounce #14 added RGB(1, 0, 0)
0...1...2...3...4...5...6...7...8...9...10	Bounce #15 added RGB(1, 0, 0)
Build Patch/Sample Hash Table(s).....Done<0.0000 sec>
0...1...2...3...4...5...6...7...8...9...10FinalLightFace Done
0 of 0 (0% of) surface lights went in leaf ambient cubes.
0...1...2...3...4...5...6...7...8...9...10Writing leaf ambient...done
Ready to Finish

Object names       Objects/Maxobjs  Memory / Maxmem  Fullness 
------------       ---------------  ---------------  -------- 
models                   3/1024          144/49152    ( 0.3%) 
brushes                 12/8192          144/98304    ( 0.1%) 
brushsides              74/81920         592/655360   ( 0.1%) 
planes                  80/65536        1600/1310720  ( 0.1%) 
vertexes                57/65536         684/786432   ( 0.1%) 
nodes                   24/65536         768/2097152  ( 0.0%) 
texinfos                11/12288         792/884736   ( 0.1%) 
texdata                  4/4096          128/131072   ( 0.1%) 
dispinfos                0/0               0/0        ( 0.0%) 
disp_verts               0/0               0/0        ( 0.0%) 
disp_tris                0/0               0/0        ( 0.0%) 
disp_multiblend          0/0               0/0        ( 0.0%) 
disp_lmsamples           0/0               0/0        ( 0.0%) 
faces                   22/65536        1232/3670016  ( 0.0%) 
hdr faces               22/65536        1232/3670016  ( 0.0%) 
origfaces               20/65536        1120/3670016  ( 0.0%) 
facebrushes              0/0               0/0        ( 0.0%) 
facebrushlists          22/0              88/0        ( 0.0%) 
leaves                  28/65536         896/2097152  ( 0.0%) 
leaffaces               23/65536          46/131072   ( 0.0%) 
leafbrushes             13/65536          26/131072   ( 0.0%) 
areas                    2/1024           16/8192     ( 0.2%) 
surfedges              172/512000        688/2048000  ( 0.0%) 
edges                  102/256000        408/1024000  ( 0.0%) 
LDR worldlights          2/8192          200/819200   ( 0.0%) 
HDR worldlights          2/8192          200/819200   ( 0.0%) 
leafwaterdata            0/32768           0/393216   ( 0.0%) 
waterstrips              1/32768          10/327680   ( 0.0%) 
waterverts               0/65536           0/786432   ( 0.0%) 
waterindices            12/65536          24/131072   ( 0.0%) 
cubemapsamples           0/1024            0/16384    ( 0.0%) 
overlays                 0/1024            0/360448   ( 0.0%) 
LDR lightdata         [variable]        6188/0        ( 0.0%) 
HDR lightdata         [variable]        6188/0        ( 0.0%) 
visdata               [variable]          24/16777216 ( 0.0%) 
entdata               [variable]        3429/393216   ( 0.9%) 
LDR ambient table       28/65536         112/262144   ( 0.0%) 
HDR ambient table       28/65536         112/262144   ( 0.0%) 
LDR leaf ambient       148/65536        4144/1835008  ( 0.2%) 
HDR leaf ambient       148/65536        4144/1835008  ( 0.2%) 
occluders                0/0               0/0        ( 0.0%) 
occluder polygons        0/0               0/0        ( 0.0%) 
occluder vert ind        0/0               0/0        ( 0.0%) 
detail props          [variable]           1/12       ( 8.3%) 
static props          [variable]           1/12       ( 8.3%) 
pakfile               [variable]       74486/0        ( 0.0%) 
physics               [variable]        5966/4194304  ( 0.1%) 
physics terrain       [variable]           2/1048576  ( 0.0%) 

Level flags = 7f

Total triangle count: 48
Writing d:\desktop\csgo\hammer maps\blind fury\achievement_blind_fury.bsp
MSG_FILEWRITE - Filesystem was asked to write to 'd:\desktop\csgo\hammer maps\blind fury\achievement_blind_fury.bsp', but we don't own that location. Allowing...
0 seconds elapsed
