


materialPath: D:\Steam\steamapps\common\Counter-Strike Global Offensive\csgo\materials
Loading D:\OneDrive\Desktop\csgo\hammer maps\Kill One, Get One Spree\achievement_kill_one_get_one_spree.vmf
Map revision 59
fixing up env_cubemap materials on brush sides...
0...1...2...3...4...5...6...7...8...9...100...1...2...3...4...5...6...7...8...9...10Processing areas...done (0)
Building Faces...done (0)
Chop Details...done (0)
Find Visible Detail Sides...done (0)
Merging details...done (0)
FixTjuncs...
PruneNodes...
WriteBSP...
done (0)
writing D:\OneDrive\Desktop\csgo\hammer maps\Kill One, Get One Spree\achievement_kill_one_get_one_spree.prt...Building visibility clusters...
AutoVisClustering (threshold=-1) matched 0 leafs.
done (0)
Finding displacement neighbors...
Finding lightmap sample positions...
Displacement Alpha : 0...1...2...3...4...5...6...7...8...9...10
Building Physics collision data...
done (0) (30826 bytes)
Placing detail props : 0...1...2...3...4...5...6...7...8...9...10
Compacting texture/material tables...
Reduced 69 texinfos to 57
Reduced 6 texdatas to 6 (125 bytes to 125)
Writing D:\OneDrive\Desktop\csgo\hammer maps\Kill One, Get One Spree\achievement_kill_one_get_one_spree.bsp
MSG_FILEWRITE - Filesystem was asked to write to 'd:\onedrive\desktop\csgo\hammer maps\kill one, get one spree\achievement_kill_one_get_one_spree.bsp', but we don't own that location. Allowing...
0 seconds elapsed



16 threads
reading d:\onedrive\desktop\csgo\hammer maps\kill one, get one spree\achievement_kill_one_get_one_spree.bsp
reading d:\onedrive\desktop\csgo\hammer maps\kill one, get one spree\achievement_kill_one_get_one_spree.prt
  12 portalclusters
   7 numportals
0...1...2...3...4...5...6...7...8...9...100...1...2...3...4...5...6...7...8...9...10Optimized: 0 visible clusters (0.00%)
Total clusters visible: 42
Average clusters visible: 3
Building PAS...
Average clusters audible: 3
visdatasize:160  compressed from 192
writing d:\onedrive\desktop\csgo\hammer maps\kill one, get one spree\achievement_kill_one_get_one_spree.bsp
MSG_FILEWRITE - Filesystem was asked to write to 'd:\onedrive\desktop\csgo\hammer maps\kill one, get one spree\achievement_kill_one_get_one_spree.bsp', but we don't own that location. Allowing...
0 seconds elapsed



[Reading texlights from 'lights.rad']
[17 texlights parsed from 'lights.rad']

Loading d:\onedrive\desktop\csgo\hammer maps\kill one, get one spree\achievement_kill_one_get_one_spree.bsp
234 faces
25361 square feet [3652096.00 square inches]
0 Displacements
0 Square Feet [0.00 Square Inches]
234 patches before subdivision
1702 patches after subdivision
2 direct lights
0...1...2...3...4...5...6...7...8...9...100...1...2...3...4...5...6...7...8...9...10transfers 51859, max 164
transfer lists:   0.4 megs
0...1...2...3...4...5...6...7...8...9...10	Bounce #1 added RGB(13806, 3881, 38)
0...1...2...3...4...5...6...7...8...9...10	Bounce #2 added RGB(7628, 603, 0)
0...1...2...3...4...5...6...7...8...9...10	Bounce #3 added RGB(4449, 99, 0)
0...1...2...3...4...5...6...7...8...9...10	Bounce #4 added RGB(2592, 16, 0)
0...1...2...3...4...5...6...7...8...9...10	Bounce #5 added RGB(1534, 3, 0)
0...1...2...3...4...5...6...7...8...9...10	Bounce #6 added RGB(913, 0, 0)
0...1...2...3...4...5...6...7...8...9...10	Bounce #7 added RGB(548, 0, 0)
0...1...2...3...4...5...6...7...8...9...10	Bounce #8 added RGB(331, 0, 0)
0...1...2...3...4...5...6...7...8...9...10	Bounce #9 added RGB(202, 0, 0)
0...1...2...3...4...5...6...7...8...9...10	Bounce #10 added RGB(124, 0, 0)
0...1...2...3...4...5...6...7...8...9...10	Bounce #11 added RGB(76, 0, 0)
0...1...2...3...4...5...6...7...8...9...10	Bounce #12 added RGB(47, 0, 0)
0...1...2...3...4...5...6...7...8...9...10	Bounce #13 added RGB(29, 0, 0)
0...1...2...3...4...5...6...7...8...9...10	Bounce #14 added RGB(18, 0, 0)
0...1...2...3...4...5...6...7...8...9...10	Bounce #15 added RGB(12, 0, 0)
0...1...2...3...4...5...6...7...8...9...10	Bounce #16 added RGB(7, 0, 0)
0...1...2...3...4...5...6...7...8...9...10	Bounce #17 added RGB(5, 0, 0)
0...1...2...3...4...5...6...7...8...9...10	Bounce #18 added RGB(3, 0, 0)
0...1...2...3...4...5...6...7...8...9...10	Bounce #19 added RGB(2, 0, 0)
0...1...2...3...4...5...6...7...8...9...10	Bounce #20 added RGB(1, 0, 0)
0...1...2...3...4...5...6...7...8...9...10	Bounce #21 added RGB(1, 0, 0)
Build Patch/Sample Hash Table(s).....Done<0.0002 sec>
0...1...2...3...4...5...6...7...8...9...10FinalLightFace Done
0 of 0 (0% of) surface lights went in leaf ambient cubes.
0...1...2...3...4...5...6...7...8...9...10Writing leaf ambient...done
Ready to Finish

Object names       Objects/Maxobjs  Memory / Maxmem  Fullness 
------------       ---------------  ---------------  -------- 
models                  28/1024         1344/49152    ( 2.7%) 
brushes                 64/8192          768/98304    ( 0.8%) 
brushsides             388/81920        3104/655360   ( 0.5%) 
planes                 180/65536        3600/1310720  ( 0.3%) 
vertexes               371/65536        4452/786432   ( 0.6%) 
nodes                  202/65536        6464/2097152  ( 0.3%) 
texinfos                57/12288        4104/884736   ( 0.5%) 
texdata                  6/4096          192/131072   ( 0.1%) 
dispinfos                0/0               0/0        ( 0.0%) 
disp_verts               0/0               0/0        ( 0.0%) 
disp_tris                0/0               0/0        ( 0.0%) 
disp_multiblend          0/0               0/0        ( 0.0%) 
disp_lmsamples           0/0               0/0        ( 0.0%) 
faces                  234/65536       13104/3670016  ( 0.4%) 
hdr faces                0/65536           0/3670016  ( 0.0%) 
origfaces              202/65536       11312/3670016  ( 0.3%) 
facebrushes              0/0               0/0        ( 0.0%) 
facebrushlists         234/0             936/0        ( 0.0%) 
leaves                 231/65536        7392/2097152  ( 0.4%) 
leaffaces              235/65536         470/131072   ( 0.4%) 
leafbrushes             77/65536         154/131072   ( 0.1%) 
areas                    7/1024           56/8192     ( 0.7%) 
surfedges             1778/512000       7112/2048000  ( 0.3%) 
edges                  958/256000       3832/1024000  ( 0.4%) 
LDR worldlights          2/8192          200/819200   ( 0.0%) 
HDR worldlights          0/8192            0/819200   ( 0.0%) 
leafwaterdata            0/32768           0/393216   ( 0.0%) 
waterstrips              3/32768          30/327680   ( 0.0%) 
waterverts               0/65536           0/786432   ( 0.0%) 
waterindices            42/65536          84/131072   ( 0.1%) 
cubemapsamples           0/1024            0/16384    ( 0.0%) 
overlays                 0/1024            0/360448   ( 0.0%) 
LDR lightdata         [variable]       59528/0        ( 0.0%) 
HDR lightdata         [variable]           0/0        ( 0.0%) 
visdata               [variable]         160/16777216 ( 0.0%) 
entdata               [variable]       14741/393216   ( 3.7%) 
LDR ambient table      231/65536         924/262144   ( 0.4%) 
HDR ambient table      231/65536         924/262144   ( 0.4%) 
LDR leaf ambient      1815/65536       50820/1835008  ( 2.8%) 
HDR leaf ambient       231/65536        6468/1835008  ( 0.4%) 
occluders                0/0               0/0        ( 0.0%) 
occluder polygons        0/0               0/0        ( 0.0%) 
occluder vert ind        0/0               0/0        ( 0.0%) 
detail props          [variable]           1/12       ( 8.3%) 
static props          [variable]           1/12       ( 8.3%) 
pakfile               [variable]       74534/0        ( 0.0%) 
physics               [variable]       30826/4194304  ( 0.7%) 
physics terrain       [variable]           2/1048576  ( 0.0%) 

Level flags = 7c

Total triangle count: 502
Writing d:\onedrive\desktop\csgo\hammer maps\kill one, get one spree\achievement_kill_one_get_one_spree.bsp
MSG_FILEWRITE - Filesystem was asked to write to 'd:\onedrive\desktop\csgo\hammer maps\kill one, get one spree\achievement_kill_one_get_one_spree.bsp', but we don't own that location. Allowing...
1 second elapsed



materialPath: D:\Steam\steamapps\common\Counter-Strike Global Offensive\csgo\materials
Loading D:\OneDrive\Desktop\csgo\hammer maps\Kill One, Get One Spree\achievement_kill_one_get_one_spree.vmf
Map revision 60
fixing up env_cubemap materials on brush sides...
0...1...2...3...4...5...6...7...8...9...100...1...2...3...4...5...6...7...8...9...10Processing areas...done (0)
Building Faces...done (0)
Chop Details...done (0)
Find Visible Detail Sides...done (0)
Merging details...done (0)
FixTjuncs...
PruneNodes...
WriteBSP...
done (0)
writing D:\OneDrive\Desktop\csgo\hammer maps\Kill One, Get One Spree\achievement_kill_one_get_one_spree.prt...Building visibility clusters...
AutoVisClustering (threshold=-1) matched 0 leafs.
done (0)
Finding displacement neighbors...
Finding lightmap sample positions...
Displacement Alpha : 0...1...2...3...4...5...6...7...8...9...10
Building Physics collision data...
done (0) (30826 bytes)
Placing detail props : 0...1...2...3...4...5...6...7...8...9...10
Compacting texture/material tables...
Reduced 69 texinfos to 57
Reduced 6 texdatas to 6 (125 bytes to 125)
Writing D:\OneDrive\Desktop\csgo\hammer maps\Kill One, Get One Spree\achievement_kill_one_get_one_spree.bsp
MSG_FILEWRITE - Filesystem was asked to write to 'd:\onedrive\desktop\csgo\hammer maps\kill one, get one spree\achievement_kill_one_get_one_spree.bsp', but we don't own that location. Allowing...
0 seconds elapsed



16 threads
reading d:\onedrive\desktop\csgo\hammer maps\kill one, get one spree\achievement_kill_one_get_one_spree.bsp
reading d:\onedrive\desktop\csgo\hammer maps\kill one, get one spree\achievement_kill_one_get_one_spree.prt
  12 portalclusters
   7 numportals
0...1...2...3...4...5...6...7...8...9...100...1...2...3...4...5...6...7...8...9...10Optimized: 0 visible clusters (0.00%)
Total clusters visible: 42
Average clusters visible: 3
Building PAS...
Average clusters audible: 3
visdatasize:160  compressed from 192
writing d:\onedrive\desktop\csgo\hammer maps\kill one, get one spree\achievement_kill_one_get_one_spree.bsp
MSG_FILEWRITE - Filesystem was asked to write to 'd:\onedrive\desktop\csgo\hammer maps\kill one, get one spree\achievement_kill_one_get_one_spree.bsp', but we don't own that location. Allowing...
0 seconds elapsed



[Reading texlights from 'lights.rad']
[17 texlights parsed from 'lights.rad']

Loading d:\onedrive\desktop\csgo\hammer maps\kill one, get one spree\achievement_kill_one_get_one_spree.bsp
234 faces
25361 square feet [3652096.00 square inches]
0 Displacements
0 Square Feet [0.00 Square Inches]
234 patches before subdivision
1702 patches after subdivision
2 direct lights
0...1...2...3...4...5...6...7...8...9...100...1...2...3...4...5...6...7...8...9...10transfers 51859, max 164
transfer lists:   0.4 megs
0...1...2...3...4...5...6...7...8...9...10	Bounce #1 added RGB(13806, 3881, 38)
0...1...2...3...4...5...6...7...8...9...10	Bounce #2 added RGB(7628, 603, 0)
0...1...2...3...4...5...6...7...8...9...10	Bounce #3 added RGB(4449, 99, 0)
0...1...2...3...4...5...6...7...8...9...10	Bounce #4 added RGB(2592, 16, 0)
0...1...2...3...4...5...6...7...8...9...10	Bounce #5 added RGB(1534, 3, 0)
0...1...2...3...4...5...6...7...8...9...10	Bounce #6 added RGB(913, 0, 0)
0...1...2...3...4...5...6...7...8...9...10	Bounce #7 added RGB(548, 0, 0)
0...1...2...3...4...5...6...7...8...9...10	Bounce #8 added RGB(331, 0, 0)
0...1...2...3...4...5...6...7...8...9...10	Bounce #9 added RGB(202, 0, 0)
0...1...2...3...4...5...6...7...8...9...10	Bounce #10 added RGB(124, 0, 0)
0...1...2...3...4...5...6...7...8...9...10	Bounce #11 added RGB(76, 0, 0)
0...1...2...3...4...5...6...7...8...9...10	Bounce #12 added RGB(47, 0, 0)
0...1...2...3...4...5...6...7...8...9...10	Bounce #13 added RGB(29, 0, 0)
0...1...2...3...4...5...6...7...8...9...10	Bounce #14 added RGB(18, 0, 0)
0...1...2...3...4...5...6...7...8...9...10	Bounce #15 added RGB(12, 0, 0)
0...1...2...3...4...5...6...7...8...9...10	Bounce #16 added RGB(7, 0, 0)
0...1...2...3...4...5...6...7...8...9...10	Bounce #17 added RGB(5, 0, 0)
0...1...2...3...4...5...6...7...8...9...10	Bounce #18 added RGB(3, 0, 0)
0...1...2...3...4...5...6...7...8...9...10	Bounce #19 added RGB(2, 0, 0)
0...1...2...3...4...5...6...7...8...9...10	Bounce #20 added RGB(1, 0, 0)
0...1...2...3...4...5...6...7...8...9...10	Bounce #21 added RGB(1, 0, 0)
Build Patch/Sample Hash Table(s).....Done<0.0002 sec>
0...1...2...3...4...5...6...7...8...9...10FinalLightFace Done
0 of 0 (0% of) surface lights went in leaf ambient cubes.
0...1...2...3...4...5...6...7...8...9...10Writing leaf ambient...done
Ready to Finish

Object names       Objects/Maxobjs  Memory / Maxmem  Fullness 
------------       ---------------  ---------------  -------- 
models                  28/1024         1344/49152    ( 2.7%) 
brushes                 64/8192          768/98304    ( 0.8%) 
brushsides             388/81920        3104/655360   ( 0.5%) 
planes                 180/65536        3600/1310720  ( 0.3%) 
vertexes               371/65536        4452/786432   ( 0.6%) 
nodes                  202/65536        6464/2097152  ( 0.3%) 
texinfos                57/12288        4104/884736   ( 0.5%) 
texdata                  6/4096          192/131072   ( 0.1%) 
dispinfos                0/0               0/0        ( 0.0%) 
disp_verts               0/0               0/0        ( 0.0%) 
disp_tris                0/0               0/0        ( 0.0%) 
disp_multiblend          0/0               0/0        ( 0.0%) 
disp_lmsamples           0/0               0/0        ( 0.0%) 
faces                  234/65536       13104/3670016  ( 0.4%) 
hdr faces                0/65536           0/3670016  ( 0.0%) 
origfaces              202/65536       11312/3670016  ( 0.3%) 
facebrushes              0/0               0/0        ( 0.0%) 
facebrushlists         234/0             936/0        ( 0.0%) 
leaves                 231/65536        7392/2097152  ( 0.4%) 
leaffaces              235/65536         470/131072   ( 0.4%) 
leafbrushes             77/65536         154/131072   ( 0.1%) 
areas                    7/1024           56/8192     ( 0.7%) 
surfedges             1778/512000       7112/2048000  ( 0.3%) 
edges                  958/256000       3832/1024000  ( 0.4%) 
LDR worldlights          2/8192          200/819200   ( 0.0%) 
HDR worldlights          0/8192            0/819200   ( 0.0%) 
leafwaterdata            0/32768           0/393216   ( 0.0%) 
waterstrips              3/32768          30/327680   ( 0.0%) 
waterverts               0/65536           0/786432   ( 0.0%) 
waterindices            42/65536          84/131072   ( 0.1%) 
cubemapsamples           0/1024            0/16384    ( 0.0%) 
overlays                 0/1024            0/360448   ( 0.0%) 
LDR lightdata         [variable]       59528/0        ( 0.0%) 
HDR lightdata         [variable]           0/0        ( 0.0%) 
visdata               [variable]         160/16777216 ( 0.0%) 
entdata               [variable]       14741/393216   ( 3.7%) 
LDR ambient table      231/65536         924/262144   ( 0.4%) 
HDR ambient table      231/65536         924/262144   ( 0.4%) 
LDR leaf ambient      1815/65536       50820/1835008  ( 2.8%) 
HDR leaf ambient       231/65536        6468/1835008  ( 0.4%) 
occluders                0/0               0/0        ( 0.0%) 
occluder polygons        0/0               0/0        ( 0.0%) 
occluder vert ind        0/0               0/0        ( 0.0%) 
detail props          [variable]           1/12       ( 8.3%) 
static props          [variable]           1/12       ( 8.3%) 
pakfile               [variable]       74534/0        ( 0.0%) 
physics               [variable]       30826/4194304  ( 0.7%) 
physics terrain       [variable]           2/1048576  ( 0.0%) 

Level flags = 7c

Total triangle count: 502
Writing d:\onedrive\desktop\csgo\hammer maps\kill one, get one spree\achievement_kill_one_get_one_spree.bsp
MSG_FILEWRITE - Filesystem was asked to write to 'd:\onedrive\desktop\csgo\hammer maps\kill one, get one spree\achievement_kill_one_get_one_spree.bsp', but we don't own that location. Allowing...
1 second elapsed



materialPath: D:\Steam\steamapps\common\Counter-Strike Global Offensive\csgo\materials
Loading D:\OneDrive\Desktop\csgo\hammer maps\Kill One, Get One Spree\achievement_kill_one_get_one_spree.vmf
Map revision 62
fixing up env_cubemap materials on brush sides...
0...1...2...3...4...5...6...7...8...9...100...1...2...3...4...5...6...7...8...9...10Processing areas...done (0)
Building Faces...done (0)
Chop Details...done (0)
Find Visible Detail Sides...done (0)
Merging details...done (0)
FixTjuncs...
PruneNodes...
WriteBSP...
done (0)
writing D:\OneDrive\Desktop\csgo\hammer maps\Kill One, Get One Spree\achievement_kill_one_get_one_spree.prt...Building visibility clusters...
AutoVisClustering (threshold=-1) matched 0 leafs.
done (0)
Finding displacement neighbors...
Finding lightmap sample positions...
Displacement Alpha : 0...1...2...3...4...5...6...7...8...9...10
Building Physics collision data...
done (0) (31380 bytes)
Placing detail props : 0...1...2...3...4...5...6...7...8...9...10
Compacting texture/material tables...
Reduced 72 texinfos to 60
Reduced 6 texdatas to 6 (125 bytes to 125)
Writing D:\OneDrive\Desktop\csgo\hammer maps\Kill One, Get One Spree\achievement_kill_one_get_one_spree.bsp
MSG_FILEWRITE - Filesystem was asked to write to 'd:\onedrive\desktop\csgo\hammer maps\kill one, get one spree\achievement_kill_one_get_one_spree.bsp', but we don't own that location. Allowing...
0 seconds elapsed



16 threads
reading d:\onedrive\desktop\csgo\hammer maps\kill one, get one spree\achievement_kill_one_get_one_spree.bsp
reading d:\onedrive\desktop\csgo\hammer maps\kill one, get one spree\achievement_kill_one_get_one_spree.prt
  12 portalclusters
   7 numportals
0...1...2...3...4...5...6...7...8...9...100...1...2...3...4...5...6...7...8...9...10Optimized: 0 visible clusters (0.00%)
Total clusters visible: 42
Average clusters visible: 3
Building PAS...
Average clusters audible: 3
visdatasize:160  compressed from 192
writing d:\onedrive\desktop\csgo\hammer maps\kill one, get one spree\achievement_kill_one_get_one_spree.bsp
MSG_FILEWRITE - Filesystem was asked to write to 'd:\onedrive\desktop\csgo\hammer maps\kill one, get one spree\achievement_kill_one_get_one_spree.bsp', but we don't own that location. Allowing...
0 seconds elapsed



[Reading texlights from 'lights.rad']
[17 texlights parsed from 'lights.rad']

Loading d:\onedrive\desktop\csgo\hammer maps\kill one, get one spree\achievement_kill_one_get_one_spree.bsp
240 faces
25703 square feet [3701248.00 square inches]
0 Displacements
0 Square Feet [0.00 Square Inches]
240 patches before subdivision
1708 patches after subdivision
2 direct lights
0...1...2...3...4...5...6...7...8...9...100...1...2...3...4...5...6...7...8...9...10transfers 52220, max 164
transfer lists:   0.4 megs
0...1...2...3...4...5...6...7...8...9...10	Bounce #1 added RGB(13993, 3933, 39)
0...1...2...3...4...5...6...7...8...9...10	Bounce #2 added RGB(7678, 607, 0)
0...1...2...3...4...5...6...7...8...9...10	Bounce #3 added RGB(4481, 100, 0)
0...1...2...3...4...5...6...7...8...9...10	Bounce #4 added RGB(2606, 16, 0)
0...1...2...3...4...5...6...7...8...9...10	Bounce #5 added RGB(1542, 3, 0)
0...1...2...3...4...5...6...7...8...9...10	Bounce #6 added RGB(917, 0, 0)
0...1...2...3...4...5...6...7...8...9...10	Bounce #7 added RGB(551, 0, 0)
0...1...2...3...4...5...6...7...8...9...10	Bounce #8 added RGB(333, 0, 0)
0...1...2...3...4...5...6...7...8...9...10	Bounce #9 added RGB(202, 0, 0)
0...1...2...3...4...5...6...7...8...9...10	Bounce #10 added RGB(124, 0, 0)
0...1...2...3...4...5...6...7...8...9...10	Bounce #11 added RGB(76, 0, 0)
0...1...2...3...4...5...6...7...8...9...10	Bounce #12 added RGB(47, 0, 0)
0...1...2...3...4...5...6...7...8...9...10	Bounce #13 added RGB(29, 0, 0)
0...1...2...3...4...5...6...7...8...9...10	Bounce #14 added RGB(18, 0, 0)
0...1...2...3...4...5...6...7...8...9...10	Bounce #15 added RGB(12, 0, 0)
0...1...2...3...4...5...6...7...8...9...10	Bounce #16 added RGB(7, 0, 0)
0...1...2...3...4...5...6...7...8...9...10	Bounce #17 added RGB(5, 0, 0)
0...1...2...3...4...5...6...7...8...9...10	Bounce #18 added RGB(3, 0, 0)
0...1...2...3...4...5...6...7...8...9...10	Bounce #19 added RGB(2, 0, 0)
0...1...2...3...4...5...6...7...8...9...10	Bounce #20 added RGB(1, 0, 0)
0...1...2...3...4...5...6...7...8...9...10	Bounce #21 added RGB(1, 0, 0)
Build Patch/Sample Hash Table(s).....Done<0.0002 sec>
0...1...2...3...4...5...6...7...8...9...10FinalLightFace Done
0 of 0 (0% of) surface lights went in leaf ambient cubes.
0...1...2...3...4...5...6...7...8...9...10Writing leaf ambient...done
Ready to Finish

Object names       Objects/Maxobjs  Memory / Maxmem  Fullness 
------------       ---------------  ---------------  -------- 
models                  29/1024         1392/49152    ( 2.8%) 
brushes                 65/8192          780/98304    ( 0.8%) 
brushsides             394/81920        3152/655360   ( 0.5%) 
planes                 186/65536        3720/1310720  ( 0.3%) 
vertexes               379/65536        4548/786432   ( 0.6%) 
nodes                  208/65536        6656/2097152  ( 0.3%) 
texinfos                60/12288        4320/884736   ( 0.5%) 
texdata                  6/4096          192/131072   ( 0.1%) 
dispinfos                0/0               0/0        ( 0.0%) 
disp_verts               0/0               0/0        ( 0.0%) 
disp_tris                0/0               0/0        ( 0.0%) 
disp_multiblend          0/0               0/0        ( 0.0%) 
disp_lmsamples           0/0               0/0        ( 0.0%) 
faces                  240/65536       13440/3670016  ( 0.4%) 
hdr faces                0/65536           0/3670016  ( 0.0%) 
origfaces              208/65536       11648/3670016  ( 0.3%) 
facebrushes              0/0               0/0        ( 0.0%) 
facebrushlists         240/0             960/0        ( 0.0%) 
leaves                 238/65536        7616/2097152  ( 0.4%) 
leaffaces              241/65536         482/131072   ( 0.4%) 
leafbrushes             78/65536         156/131072   ( 0.1%) 
areas                    7/1024           56/8192     ( 0.7%) 
surfedges             1826/512000       7304/2048000  ( 0.4%) 
edges                  982/256000       3928/1024000  ( 0.4%) 
LDR worldlights          2/8192          200/819200   ( 0.0%) 
HDR worldlights          0/8192            0/819200   ( 0.0%) 
leafwaterdata            0/32768           0/393216   ( 0.0%) 
waterstrips              3/32768          30/327680   ( 0.0%) 
waterverts               0/65536           0/786432   ( 0.0%) 
waterindices            42/65536          84/131072   ( 0.1%) 
cubemapsamples           0/1024            0/16384    ( 0.0%) 
overlays                 0/1024            0/360448   ( 0.0%) 
LDR lightdata         [variable]       59528/0        ( 0.0%) 
HDR lightdata         [variable]           0/0        ( 0.0%) 
visdata               [variable]         160/16777216 ( 0.0%) 
entdata               [variable]       15060/393216   ( 3.8%) 
LDR ambient table      238/65536         952/262144   ( 0.4%) 
HDR ambient table      238/65536         952/262144   ( 0.4%) 
LDR leaf ambient      1879/65536       52612/1835008  ( 2.9%) 
HDR leaf ambient       238/65536        6664/1835008  ( 0.4%) 
occluders                0/0               0/0        ( 0.0%) 
occluder polygons        0/0               0/0        ( 0.0%) 
occluder vert ind        0/0               0/0        ( 0.0%) 
detail props          [variable]           1/12       ( 8.3%) 
static props          [variable]           1/12       ( 8.3%) 
pakfile               [variable]       74534/0        ( 0.0%) 
physics               [variable]       31380/4194304  ( 0.7%) 
physics terrain       [variable]           2/1048576  ( 0.0%) 

Level flags = 7c

Total triangle count: 514
Writing d:\onedrive\desktop\csgo\hammer maps\kill one, get one spree\achievement_kill_one_get_one_spree.bsp
MSG_FILEWRITE - Filesystem was asked to write to 'd:\onedrive\desktop\csgo\hammer maps\kill one, get one spree\achievement_kill_one_get_one_spree.bsp', but we don't own that location. Allowing...
1 second elapsed



materialPath: D:\Steam\steamapps\common\Counter-Strike Global Offensive\csgo\materials
Loading D:\OneDrive\Desktop\csgo\hammer maps\Kill One, Get One Spree\achievement_kill_one_get_one_spree.vmf
Map revision 65
fixing up env_cubemap materials on brush sides...
0...1...2...3...4...5...6...7...8...9...100...1...2...3...4...5...6...7...8...9...10Processing areas...done (0)
Building Faces...done (0)
Chop Details...done (0)
Find Visible Detail Sides...done (0)
Merging details...done (0)
FixTjuncs...
PruneNodes...
WriteBSP...
done (0)
writing D:\OneDrive\Desktop\csgo\hammer maps\Kill One, Get One Spree\achievement_kill_one_get_one_spree.prt...Building visibility clusters...
AutoVisClustering (threshold=-1) matched 0 leafs.
done (0)
Finding displacement neighbors...
Finding lightmap sample positions...
Displacement Alpha : 0...1...2...3...4...5...6...7...8...9...10
Building Physics collision data...
done (0) (32164 bytes)
Placing detail props : 0...1...2...3...4...5...6...7...8...9...10
Compacting texture/material tables...
Reduced 72 texinfos to 60
Reduced 6 texdatas to 6 (125 bytes to 125)
Writing D:\OneDrive\Desktop\csgo\hammer maps\Kill One, Get One Spree\achievement_kill_one_get_one_spree.bsp
MSG_FILEWRITE - Filesystem was asked to write to 'd:\onedrive\desktop\csgo\hammer maps\kill one, get one spree\achievement_kill_one_get_one_spree.bsp', but we don't own that location. Allowing...
0 seconds elapsed



16 threads
reading d:\onedrive\desktop\csgo\hammer maps\kill one, get one spree\achievement_kill_one_get_one_spree.bsp
reading d:\onedrive\desktop\csgo\hammer maps\kill one, get one spree\achievement_kill_one_get_one_spree.prt
  12 portalclusters
   7 numportals
0...1...2...3...4...5...6...7...8...9...100...1...2...3...4...5...6...7...8...9...10Optimized: 0 visible clusters (0.00%)
Total clusters visible: 42
Average clusters visible: 3
Building PAS...
Average clusters audible: 3
visdatasize:160  compressed from 192
writing d:\onedrive\desktop\csgo\hammer maps\kill one, get one spree\achievement_kill_one_get_one_spree.bsp
MSG_FILEWRITE - Filesystem was asked to write to 'd:\onedrive\desktop\csgo\hammer maps\kill one, get one spree\achievement_kill_one_get_one_spree.bsp', but we don't own that location. Allowing...
0 seconds elapsed



[Reading texlights from 'lights.rad']
[17 texlights parsed from 'lights.rad']

Loading d:\onedrive\desktop\csgo\hammer maps\kill one, get one spree\achievement_kill_one_get_one_spree.bsp
240 faces
25703 square feet [3701248.00 square inches]
0 Displacements
0 Square Feet [0.00 Square Inches]
240 patches before subdivision
1708 patches after subdivision
2 direct lights
0...1...2...3...4...5...6...7...8...9...100...1...2...3...4...5...6...7...8...9...10transfers 52220, max 164
transfer lists:   0.4 megs
0...1...2...3...4...5...6...7...8...9...10	Bounce #1 added RGB(13993, 3933, 39)
0...1...2...3...4...5...6...7...8...9...10	Bounce #2 added RGB(7678, 607, 0)
0...1...2...3...4...5...6...7...8...9...10	Bounce #3 added RGB(4481, 100, 0)
0...1...2...3...4...5...6...7...8...9...10	Bounce #4 added RGB(2606, 16, 0)
0...1...2...3...4...5...6...7...8...9...10	Bounce #5 added RGB(1542, 3, 0)
0...1...2...3...4...5...6...7...8...9...10	Bounce #6 added RGB(917, 0, 0)
0...1...2...3...4...5...6...7...8...9...10	Bounce #7 added RGB(551, 0, 0)
0...1...2...3...4...5...6...7...8...9...10	Bounce #8 added RGB(333, 0, 0)
0...1...2...3...4...5...6...7...8...9...10	Bounce #9 added RGB(202, 0, 0)
0...1...2...3...4...5...6...7...8...9...10	Bounce #10 added RGB(124, 0, 0)
0...1...2...3...4...5...6...7...8...9...10	Bounce #11 added RGB(76, 0, 0)
0...1...2...3...4...5...6...7...8...9...10	Bounce #12 added RGB(47, 0, 0)
0...1...2...3...4...5...6...7...8...9...10	Bounce #13 added RGB(29, 0, 0)
0...1...2...3...4...5...6...7...8...9...10	Bounce #14 added RGB(18, 0, 0)
0...1...2...3...4...5...6...7...8...9...10	Bounce #15 added RGB(12, 0, 0)
0...1...2...3...4...5...6...7...8...9...10	Bounce #16 added RGB(7, 0, 0)
0...1...2...3...4...5...6...7...8...9...10	Bounce #17 added RGB(5, 0, 0)
0...1...2...3...4...5...6...7...8...9...10	Bounce #18 added RGB(3, 0, 0)
0...1...2...3...4...5...6...7...8...9...10	Bounce #19 added RGB(2, 0, 0)
0...1...2...3...4...5...6...7...8...9...10	Bounce #20 added RGB(1, 0, 0)
0...1...2...3...4...5...6...7...8...9...10	Bounce #21 added RGB(1, 0, 0)
Build Patch/Sample Hash Table(s).....Done<0.0002 sec>
0...1...2...3...4...5...6...7...8...9...10FinalLightFace Done
0 of 0 (0% of) surface lights went in leaf ambient cubes.
0...1...2...3...4...5...6...7...8...9...10Writing leaf ambient...done
Ready to Finish

Object names       Objects/Maxobjs  Memory / Maxmem  Fullness 
------------       ---------------  ---------------  -------- 
models                  29/1024         1392/49152    ( 2.8%) 
brushes                 66/8192          792/98304    ( 0.8%) 
brushsides             400/81920        3200/655360   ( 0.5%) 
planes                 190/65536        3800/1310720  ( 0.3%) 
vertexes               379/65536        4548/786432   ( 0.6%) 
nodes                  208/65536        6656/2097152  ( 0.3%) 
texinfos                60/12288        4320/884736   ( 0.5%) 
texdata                  6/4096          192/131072   ( 0.1%) 
dispinfos                0/0               0/0        ( 0.0%) 
disp_verts               0/0               0/0        ( 0.0%) 
disp_tris                0/0               0/0        ( 0.0%) 
disp_multiblend          0/0               0/0        ( 0.0%) 
disp_lmsamples           0/0               0/0        ( 0.0%) 
faces                  240/65536       13440/3670016  ( 0.4%) 
hdr faces                0/65536           0/3670016  ( 0.0%) 
origfaces              208/65536       11648/3670016  ( 0.3%) 
facebrushes              0/0               0/0        ( 0.0%) 
facebrushlists         240/0             960/0        ( 0.0%) 
leaves                 238/65536        7616/2097152  ( 0.4%) 
leaffaces              241/65536         482/131072   ( 0.4%) 
leafbrushes             79/65536         158/131072   ( 0.1%) 
areas                    7/1024           56/8192     ( 0.7%) 
surfedges             1826/512000       7304/2048000  ( 0.4%) 
edges                  982/256000       3928/1024000  ( 0.4%) 
LDR worldlights          2/8192          200/819200   ( 0.0%) 
HDR worldlights          0/8192            0/819200   ( 0.0%) 
leafwaterdata            0/32768           0/393216   ( 0.0%) 
waterstrips              3/32768          30/327680   ( 0.0%) 
waterverts               0/65536           0/786432   ( 0.0%) 
waterindices            42/65536          84/131072   ( 0.1%) 
cubemapsamples           0/1024            0/16384    ( 0.0%) 
overlays                 0/1024            0/360448   ( 0.0%) 
LDR lightdata         [variable]       59528/0        ( 0.0%) 
HDR lightdata         [variable]           0/0        ( 0.0%) 
visdata               [variable]         160/16777216 ( 0.0%) 
entdata               [variable]       15127/393216   ( 3.8%) 
LDR ambient table      238/65536         952/262144   ( 0.4%) 
HDR ambient table      238/65536         952/262144   ( 0.4%) 
LDR leaf ambient      1879/65536       52612/1835008  ( 2.9%) 
HDR leaf ambient       238/65536        6664/1835008  ( 0.4%) 
occluders                0/0               0/0        ( 0.0%) 
occluder polygons        0/0               0/0        ( 0.0%) 
occluder vert ind        0/0               0/0        ( 0.0%) 
detail props          [variable]           1/12       ( 8.3%) 
static props          [variable]           1/12       ( 8.3%) 
pakfile               [variable]       74534/0        ( 0.0%) 
physics               [variable]       32164/4194304  ( 0.8%) 
physics terrain       [variable]           2/1048576  ( 0.0%) 

Level flags = 7c

Total triangle count: 514
Writing d:\onedrive\desktop\csgo\hammer maps\kill one, get one spree\achievement_kill_one_get_one_spree.bsp
MSG_FILEWRITE - Filesystem was asked to write to 'd:\onedrive\desktop\csgo\hammer maps\kill one, get one spree\achievement_kill_one_get_one_spree.bsp', but we don't own that location. Allowing...
1 second elapsed
