


materialPath: D:\Steam\steamapps\common\Counter-Strike Global Offensive\csgo\materials
Loading d:\desktop\csgo\hammer maps\target-hardened\target_hardened_2\achievement_target_hardened.vmf
Map revision 3
fixing up env_cubemap materials on brush sides...
0...1...2...3...4...5...6...7...8...9...100...1...2...3...4...5...6...7...8...9...10Processing areas...done (0)
Building Faces...done (0)
FixTjuncs...
PruneNodes...
WriteBSP...
done (0)
writing d:\desktop\csgo\hammer maps\target-hardened\target_hardened_2\achievement_target_hardened.prt...Building visibility clusters...
AutoVisClustering (threshold=-1) matched 0 leafs.
done (0)
Finding displacement neighbors...
Finding lightmap sample positions...
Displacement Alpha : 0...1...2...3...4...5...6...7...8...9...10
Building Physics collision data...
done (0) (2839 bytes)
Placing detail props : 0...1...2...3...4...5...6...7...8...9...10
Compacting texture/material tables...
Reduced 9 texinfos to 6
Reduced 2 texdatas to 2 (22 bytes to 22)
Writing d:\desktop\csgo\hammer maps\target-hardened\target_hardened_2\achievement_target_hardened.bsp
MSG_FILEWRITE - Filesystem was asked to write to 'd:\desktop\csgo\hammer maps\target-hardened\target_hardened_2\achievement_target_hardened.bsp', but we don't own that location. Allowing...
0 seconds elapsed



4 threads
reading d:\desktop\csgo\hammer maps\target-hardened\target_hardened_2\achievement_target_hardened.bsp
reading d:\desktop\csgo\hammer maps\target-hardened\target_hardened_2\achievement_target_hardened.prt
   4 portalclusters
   4 numportals
0...1...2...3...4...5...6...7...8...9...100...1...2...3...4...5...6...7...8...9...10Optimized: 0 visible clusters (0.00%)
Total clusters visible: 16
Average clusters visible: 4
Building PAS...
Average clusters audible: 4
visdatasize:44  compressed from 64
writing d:\desktop\csgo\hammer maps\target-hardened\target_hardened_2\achievement_target_hardened.bsp
MSG_FILEWRITE - Filesystem was asked to write to 'd:\desktop\csgo\hammer maps\target-hardened\target_hardened_2\achievement_target_hardened.bsp', but we don't own that location. Allowing...
0 seconds elapsed



[Reading texlights from 'lights.rad']
[17 texlights parsed from 'lights.rad']

Loading d:\desktop\csgo\hammer maps\target-hardened\target_hardened_2\achievement_target_hardened.bsp
48 faces
92216 square feet [13279232.00 square inches]
0 Displacements
0 Square Feet [0.00 Square Inches]
48 patches before subdivision
4220 patches after subdivision
0 direct lights
0...1...2...3...4...5...6...7...8...9...100...1...2...3...4...5...6...7...8...9...10transfers 471719, max 255
transfer lists:   3.6 megs
0...1...2...3...4...5...6...7...8...9...10	Bounce #1 added RGB(0, 0, 0)
Build Patch/Sample Hash Table(s).....Done<0.0012 sec>
0...1...2...3...4...5...6...7...8...9...10FinalLightFace Done
0 of 0 (0% of) surface lights went in leaf ambient cubes.
0...1...2...3...4...5...6...7...8...9...10Writing leaf ambient...done
Ready to Finish

Object names       Objects/Maxobjs  Memory / Maxmem  Fullness 
------------       ---------------  ---------------  -------- 
models                   2/1024           96/49152    ( 0.2%) 
brushes                  7/8192           84/98304    ( 0.1%) 
brushsides              42/81920         336/655360   ( 0.1%) 
planes                  56/65536        1120/1310720  ( 0.1%) 
vertexes                69/65536         828/786432   ( 0.1%) 
nodes                   33/65536        1056/2097152  ( 0.1%) 
texinfos                 6/12288         432/884736   ( 0.0%) 
texdata                  2/4096           64/131072   ( 0.0%) 
dispinfos                0/0               0/0        ( 0.0%) 
disp_verts               0/0               0/0        ( 0.0%) 
disp_tris                0/0               0/0        ( 0.0%) 
disp_multiblend          0/0               0/0        ( 0.0%) 
disp_lmsamples           0/0               0/0        ( 0.0%) 
faces                   48/65536        2688/3670016  ( 0.1%) 
hdr faces                0/65536           0/3670016  ( 0.0%) 
origfaces               12/65536         672/3670016  ( 0.0%) 
facebrushes              0/0               0/0        ( 0.0%) 
facebrushlists          48/0             192/0        ( 0.0%) 
leaves                  36/65536        1152/2097152  ( 0.1%) 
leaffaces               48/65536          96/131072   ( 0.1%) 
leafbrushes             17/65536          34/131072   ( 0.0%) 
areas                    2/1024           16/8192     ( 0.2%) 
surfedges              240/512000        960/2048000  ( 0.0%) 
edges                  133/256000        532/1024000  ( 0.1%) 
LDR worldlights          0/8192            0/819200   ( 0.0%) 
HDR worldlights          0/8192            0/819200   ( 0.0%) 
leafwaterdata            0/32768           0/393216   ( 0.0%) 
waterstrips              0/32768           0/327680   ( 0.0%) 
waterverts               0/65536           0/786432   ( 0.0%) 
waterindices             0/65536           0/131072   ( 0.0%) 
cubemapsamples           0/1024            0/16384    ( 0.0%) 
overlays                 0/1024            0/360448   ( 0.0%) 
LDR lightdata         [variable]      243176/0        ( 0.0%) 
HDR lightdata         [variable]           0/0        ( 0.0%) 
visdata               [variable]          44/16777216 ( 0.0%) 
entdata               [variable]         739/393216   ( 0.2%) 
LDR ambient table       36/65536         144/262144   ( 0.1%) 
HDR ambient table       36/65536         144/262144   ( 0.1%) 
LDR leaf ambient        10/65536         280/1835008  ( 0.0%) 
HDR leaf ambient        36/65536        1008/1835008  ( 0.1%) 
occluders                0/0               0/0        ( 0.0%) 
occluder polygons        0/0               0/0        ( 0.0%) 
occluder vert ind        0/0               0/0        ( 0.0%) 
detail props          [variable]           1/12       ( 8.3%) 
static props          [variable]           1/12       ( 8.3%) 
pakfile               [variable]       74506/0        ( 0.0%) 
physics               [variable]        2839/4194304  ( 0.1%) 
physics terrain       [variable]           2/1048576  ( 0.0%) 

Level flags = 7d

Total triangle count: 96
Writing d:\desktop\csgo\hammer maps\target-hardened\target_hardened_2\achievement_target_hardened.bsp
MSG_FILEWRITE - Filesystem was asked to write to 'd:\desktop\csgo\hammer maps\target-hardened\target_hardened_2\achievement_target_hardened.bsp', but we don't own that location. Allowing...
0 seconds elapsed



[Reading texlights from 'lights.rad']
[17 texlights parsed from 'lights.rad']

Loading d:\desktop\csgo\hammer maps\target-hardened\target_hardened_2\achievement_target_hardened.bsp
48 faces
92216 square feet [13279232.00 square inches]
0 Displacements
0 Square Feet [0.00 Square Inches]
48 patches before subdivision
4220 patches after subdivision
0 direct lights
0...1...2...3...4...5...6...7...8...9...100...1...2...3...4...5...6...7...8...9...10transfers 471719, max 255
transfer lists:   3.6 megs
0...1...2...3...4...5...6...7...8...9...10	Bounce #1 added RGB(0, 0, 0)
Build Patch/Sample Hash Table(s).....Done<0.0012 sec>
0...1...2...3...4...5...6...7...8...9...10FinalLightFace Done
0 of 0 (0% of) surface lights went in leaf ambient cubes.
0...1...2...3...4...5...6...7...8...9...10Writing leaf ambient...done
Ready to Finish

Object names       Objects/Maxobjs  Memory / Maxmem  Fullness 
------------       ---------------  ---------------  -------- 
models                   2/1024           96/49152    ( 0.2%) 
brushes                  7/8192           84/98304    ( 0.1%) 
brushsides              42/81920         336/655360   ( 0.1%) 
planes                  56/65536        1120/1310720  ( 0.1%) 
vertexes                69/65536         828/786432   ( 0.1%) 
nodes                   33/65536        1056/2097152  ( 0.1%) 
texinfos                 6/12288         432/884736   ( 0.0%) 
texdata                  2/4096           64/131072   ( 0.0%) 
dispinfos                0/0               0/0        ( 0.0%) 
disp_verts               0/0               0/0        ( 0.0%) 
disp_tris                0/0               0/0        ( 0.0%) 
disp_multiblend          0/0               0/0        ( 0.0%) 
disp_lmsamples           0/0               0/0        ( 0.0%) 
faces                   48/65536        2688/3670016  ( 0.1%) 
hdr faces               48/65536        2688/3670016  ( 0.1%) 
origfaces               12/65536         672/3670016  ( 0.0%) 
facebrushes              0/0               0/0        ( 0.0%) 
facebrushlists          48/0             192/0        ( 0.0%) 
leaves                  36/65536        1152/2097152  ( 0.1%) 
leaffaces               48/65536          96/131072   ( 0.1%) 
leafbrushes             17/65536          34/131072   ( 0.0%) 
areas                    2/1024           16/8192     ( 0.2%) 
surfedges              240/512000        960/2048000  ( 0.0%) 
edges                  133/256000        532/1024000  ( 0.1%) 
LDR worldlights          0/8192            0/819200   ( 0.0%) 
HDR worldlights          0/8192            0/819200   ( 0.0%) 
leafwaterdata            0/32768           0/393216   ( 0.0%) 
waterstrips              0/32768           0/327680   ( 0.0%) 
waterverts               0/65536           0/786432   ( 0.0%) 
waterindices             0/65536           0/131072   ( 0.0%) 
cubemapsamples           0/1024            0/16384    ( 0.0%) 
overlays                 0/1024            0/360448   ( 0.0%) 
LDR lightdata         [variable]      243176/0        ( 0.0%) 
HDR lightdata         [variable]      243176/0        ( 0.0%) 
visdata               [variable]          44/16777216 ( 0.0%) 
entdata               [variable]         739/393216   ( 0.2%) 
LDR ambient table       36/65536         144/262144   ( 0.1%) 
HDR ambient table       36/65536         144/262144   ( 0.1%) 
LDR leaf ambient        10/65536         280/1835008  ( 0.0%) 
HDR leaf ambient        10/65536         280/1835008  ( 0.0%) 
occluders                0/0               0/0        ( 0.0%) 
occluder polygons        0/0               0/0        ( 0.0%) 
occluder vert ind        0/0               0/0        ( 0.0%) 
detail props          [variable]           1/12       ( 8.3%) 
static props          [variable]           1/12       ( 8.3%) 
pakfile               [variable]       74506/0        ( 0.0%) 
physics               [variable]        2839/4194304  ( 0.1%) 
physics terrain       [variable]           2/1048576  ( 0.0%) 

Level flags = 7f

Total triangle count: 96
Writing d:\desktop\csgo\hammer maps\target-hardened\target_hardened_2\achievement_target_hardened.bsp
MSG_FILEWRITE - Filesystem was asked to write to 'd:\desktop\csgo\hammer maps\target-hardened\target_hardened_2\achievement_target_hardened.bsp', but we don't own that location. Allowing...
0 seconds elapsed



materialPath: D:\Steam\steamapps\common\Counter-Strike Global Offensive\csgo\materials
Loading D:\Desktop\csgo\hammer maps\Target-Hardened\target_hardened_2\achievement_target_hardened.vmf
Map revision 4
fixing up env_cubemap materials on brush sides...
0...1...2...3...4...5...6...7...8...9...100...1...2...3...4...5...6...7...8...9...10Processing areas...done (0)
Building Faces...done (0)
FixTjuncs...
PruneNodes...
WriteBSP...
done (0)
writing D:\Desktop\csgo\hammer maps\Target-Hardened\target_hardened_2\achievement_target_hardened.prt...Building visibility clusters...
AutoVisClustering (threshold=-1) matched 0 leafs.
done (0)
Finding displacement neighbors...
Finding lightmap sample positions...
Displacement Alpha : 0...1...2...3...4...5...6...7...8...9...10
Building Physics collision data...
done (0) (2839 bytes)
Placing detail props : 0...1...2...3...4...5...6...7...8...9...10
Compacting texture/material tables...
Reduced 9 texinfos to 6
Reduced 2 texdatas to 2 (22 bytes to 22)
Writing D:\Desktop\csgo\hammer maps\Target-Hardened\target_hardened_2\achievement_target_hardened.bsp
MSG_FILEWRITE - Filesystem was asked to write to 'd:\desktop\csgo\hammer maps\target-hardened\target_hardened_2\achievement_target_hardened.bsp', but we don't own that location. Allowing...
0 seconds elapsed



4 threads
reading d:\desktop\csgo\hammer maps\target-hardened\target_hardened_2\achievement_target_hardened.bsp
reading d:\desktop\csgo\hammer maps\target-hardened\target_hardened_2\achievement_target_hardened.prt
   4 portalclusters
   4 numportals
0...1...2...3...4...5...6...7...8...9...100...1...2...3...4...5...6...7...8...9...10Optimized: 0 visible clusters (0.00%)
Total clusters visible: 16
Average clusters visible: 4
Building PAS...
Average clusters audible: 4
visdatasize:44  compressed from 64
writing d:\desktop\csgo\hammer maps\target-hardened\target_hardened_2\achievement_target_hardened.bsp
MSG_FILEWRITE - Filesystem was asked to write to 'd:\desktop\csgo\hammer maps\target-hardened\target_hardened_2\achievement_target_hardened.bsp', but we don't own that location. Allowing...
0 seconds elapsed



[Reading texlights from 'lights.rad']
[17 texlights parsed from 'lights.rad']

Loading d:\desktop\csgo\hammer maps\target-hardened\target_hardened_2\achievement_target_hardened.bsp
48 faces
92216 square feet [13279232.00 square inches]
0 Displacements
0 Square Feet [0.00 Square Inches]
48 patches before subdivision
4220 patches after subdivision
0 direct lights
0...1...2...3...4...5...6...7...8...9...100...1...2...3...4...5...6...7...8...9...10transfers 471719, max 255
transfer lists:   3.6 megs
0...1...2...3...4...5...6...7...8...9...10	Bounce #1 added RGB(0, 0, 0)
Build Patch/Sample Hash Table(s).....Done<0.0011 sec>
0...1...2...3...4...5...6...7...8...9...10FinalLightFace Done
0 of 0 (0% of) surface lights went in leaf ambient cubes.
0...1...2...3...4...5...6...7...8...9...10Writing leaf ambient...done
Ready to Finish

Object names       Objects/Maxobjs  Memory / Maxmem  Fullness 
------------       ---------------  ---------------  -------- 
models                   2/1024           96/49152    ( 0.2%) 
brushes                  7/8192           84/98304    ( 0.1%) 
brushsides              42/81920         336/655360   ( 0.1%) 
planes                  56/65536        1120/1310720  ( 0.1%) 
vertexes                69/65536         828/786432   ( 0.1%) 
nodes                   33/65536        1056/2097152  ( 0.1%) 
texinfos                 6/12288         432/884736   ( 0.0%) 
texdata                  2/4096           64/131072   ( 0.0%) 
dispinfos                0/0               0/0        ( 0.0%) 
disp_verts               0/0               0/0        ( 0.0%) 
disp_tris                0/0               0/0        ( 0.0%) 
disp_multiblend          0/0               0/0        ( 0.0%) 
disp_lmsamples           0/0               0/0        ( 0.0%) 
faces                   48/65536        2688/3670016  ( 0.1%) 
hdr faces                0/65536           0/3670016  ( 0.0%) 
origfaces               12/65536         672/3670016  ( 0.0%) 
facebrushes              0/0               0/0        ( 0.0%) 
facebrushlists          48/0             192/0        ( 0.0%) 
leaves                  36/65536        1152/2097152  ( 0.1%) 
leaffaces               48/65536          96/131072   ( 0.1%) 
leafbrushes             17/65536          34/131072   ( 0.0%) 
areas                    2/1024           16/8192     ( 0.2%) 
surfedges              240/512000        960/2048000  ( 0.0%) 
edges                  133/256000        532/1024000  ( 0.1%) 
LDR worldlights          0/8192            0/819200   ( 0.0%) 
HDR worldlights          0/8192            0/819200   ( 0.0%) 
leafwaterdata            0/32768           0/393216   ( 0.0%) 
waterstrips              0/32768           0/327680   ( 0.0%) 
waterverts               0/65536           0/786432   ( 0.0%) 
waterindices             0/65536           0/131072   ( 0.0%) 
cubemapsamples           0/1024            0/16384    ( 0.0%) 
overlays                 0/1024            0/360448   ( 0.0%) 
LDR lightdata         [variable]      243176/0        ( 0.0%) 
HDR lightdata         [variable]           0/0        ( 0.0%) 
visdata               [variable]          44/16777216 ( 0.0%) 
entdata               [variable]        1074/393216   ( 0.3%) 
LDR ambient table       36/65536         144/262144   ( 0.1%) 
HDR ambient table       36/65536         144/262144   ( 0.1%) 
LDR leaf ambient        10/65536         280/1835008  ( 0.0%) 
HDR leaf ambient        36/65536        1008/1835008  ( 0.1%) 
occluders                0/0               0/0        ( 0.0%) 
occluder polygons        0/0               0/0        ( 0.0%) 
occluder vert ind        0/0               0/0        ( 0.0%) 
detail props          [variable]           1/12       ( 8.3%) 
static props          [variable]           1/12       ( 8.3%) 
pakfile               [variable]       74506/0        ( 0.0%) 
physics               [variable]        2839/4194304  ( 0.1%) 
physics terrain       [variable]           2/1048576  ( 0.0%) 

Level flags = 7c

Total triangle count: 96
Writing d:\desktop\csgo\hammer maps\target-hardened\target_hardened_2\achievement_target_hardened.bsp
MSG_FILEWRITE - Filesystem was asked to write to 'd:\desktop\csgo\hammer maps\target-hardened\target_hardened_2\achievement_target_hardened.bsp', but we don't own that location. Allowing...
0 seconds elapsed



materialPath: D:\Steam\steamapps\common\Counter-Strike Global Offensive\csgo\materials
Loading D:\Desktop\csgo\hammer maps\Target-Hardened\target_hardened_2\achievement_target_hardened.vmf
Map revision 6
fixing up env_cubemap materials on brush sides...
0...1...2...3...4...5...6...7...8...9...100...1...2...3...4...5...6...7...8...9...10Processing areas...done (0)
Building Faces...done (0)
FixTjuncs...
PruneNodes...
WriteBSP...
done (0)
writing D:\Desktop\csgo\hammer maps\Target-Hardened\target_hardened_2\achievement_target_hardened.prt...Building visibility clusters...
AutoVisClustering (threshold=-1) matched 0 leafs.
done (0)
Finding displacement neighbors...
Finding lightmap sample positions...
Displacement Alpha : 0...1...2...3...4...5...6...7...8...9...10
Building Physics collision data...
done (0) (3387 bytes)
Placing detail props : 0...1...2...3...4...5...6...7...8...9...10
Compacting texture/material tables...
Reduced 15 texinfos to 9
Reduced 3 texdatas to 3 (38 bytes to 38)
Writing D:\Desktop\csgo\hammer maps\Target-Hardened\target_hardened_2\achievement_target_hardened.bsp
MSG_FILEWRITE - Filesystem was asked to write to 'd:\desktop\csgo\hammer maps\target-hardened\target_hardened_2\achievement_target_hardened.bsp', but we don't own that location. Allowing...
0 seconds elapsed



4 threads
reading d:\desktop\csgo\hammer maps\target-hardened\target_hardened_2\achievement_target_hardened.bsp
reading d:\desktop\csgo\hammer maps\target-hardened\target_hardened_2\achievement_target_hardened.prt
   4 portalclusters
   4 numportals
0...1...2...3...4...5...6...7...8...9...100...1...2...3...4...5...6...7...8...9...10Optimized: 0 visible clusters (0.00%)
Total clusters visible: 16
Average clusters visible: 4
Building PAS...
Average clusters audible: 4
visdatasize:44  compressed from 64
writing d:\desktop\csgo\hammer maps\target-hardened\target_hardened_2\achievement_target_hardened.bsp
MSG_FILEWRITE - Filesystem was asked to write to 'd:\desktop\csgo\hammer maps\target-hardened\target_hardened_2\achievement_target_hardened.bsp', but we don't own that location. Allowing...
0 seconds elapsed



[Reading texlights from 'lights.rad']
[17 texlights parsed from 'lights.rad']

Loading d:\desktop\csgo\hammer maps\target-hardened\target_hardened_2\achievement_target_hardened.bsp
54 faces
92248 square feet [13283840.00 square inches]
0 Displacements
0 Square Feet [0.00 Square Inches]
54 patches before subdivision
4234 patches after subdivision
0 direct lights
0...1...2...3...4...5...6...7...8...9...100...1...2...3...4...5...6...7...8...9...10transfers 473065, max 255
transfer lists:   3.6 megs
0...1...2...3...4...5...6...7...8...9...10	Bounce #1 added RGB(0, 0, 0)
Build Patch/Sample Hash Table(s).....Done<0.0012 sec>
0...1...2...3...4...5...6...7...8...9...10FinalLightFace Done
0 of 0 (0% of) surface lights went in leaf ambient cubes.
0...1...2...3...4...5...6...7...8...9...10Writing leaf ambient...done
Ready to Finish

Object names       Objects/Maxobjs  Memory / Maxmem  Fullness 
------------       ---------------  ---------------  -------- 
models                   3/1024          144/49152    ( 0.3%) 
brushes                  8/8192           96/98304    ( 0.1%) 
brushsides              48/81920         384/655360   ( 0.1%) 
planes                  76/65536        1520/1310720  ( 0.1%) 
vertexes                77/65536         924/786432   ( 0.1%) 
nodes                   39/65536        1248/2097152  ( 0.1%) 
texinfos                 9/12288         648/884736   ( 0.1%) 
texdata                  3/4096           96/131072   ( 0.1%) 
dispinfos                0/0               0/0        ( 0.0%) 
disp_verts               0/0               0/0        ( 0.0%) 
disp_tris                0/0               0/0        ( 0.0%) 
disp_multiblend          0/0               0/0        ( 0.0%) 
disp_lmsamples           0/0               0/0        ( 0.0%) 
faces                   54/65536        3024/3670016  ( 0.1%) 
hdr faces                0/65536           0/3670016  ( 0.0%) 
origfaces               18/65536        1008/3670016  ( 0.0%) 
facebrushes              0/0               0/0        ( 0.0%) 
facebrushlists          54/0             216/0        ( 0.0%) 
leaves                  43/65536        1376/2097152  ( 0.1%) 
leaffaces               54/65536         108/131072   ( 0.1%) 
leafbrushes             18/65536          36/131072   ( 0.0%) 
areas                    2/1024           16/8192     ( 0.2%) 
surfedges              288/512000       1152/2048000  ( 0.1%) 
edges                  157/256000        628/1024000  ( 0.1%) 
LDR worldlights          0/8192            0/819200   ( 0.0%) 
HDR worldlights          0/8192            0/819200   ( 0.0%) 
leafwaterdata            0/32768           0/393216   ( 0.0%) 
waterstrips              0/32768           0/327680   ( 0.0%) 
waterverts               0/65536           0/786432   ( 0.0%) 
waterindices             0/65536           0/131072   ( 0.0%) 
cubemapsamples           0/1024            0/16384    ( 0.0%) 
overlays                 0/1024            0/360448   ( 0.0%) 
LDR lightdata         [variable]      243696/0        ( 0.0%) 
HDR lightdata         [variable]           0/0        ( 0.0%) 
visdata               [variable]          44/16777216 ( 0.0%) 
entdata               [variable]        1631/393216   ( 0.4%) 
LDR ambient table       43/65536         172/262144   ( 0.1%) 
HDR ambient table       43/65536         172/262144   ( 0.1%) 
LDR leaf ambient        16/65536         448/1835008  ( 0.0%) 
HDR leaf ambient        43/65536        1204/1835008  ( 0.1%) 
occluders                0/0               0/0        ( 0.0%) 
occluder polygons        0/0               0/0        ( 0.0%) 
occluder vert ind        0/0               0/0        ( 0.0%) 
detail props          [variable]           1/12       ( 8.3%) 
static props          [variable]           1/12       ( 8.3%) 
pakfile               [variable]       74506/0        ( 0.0%) 
physics               [variable]        3387/4194304  ( 0.1%) 
physics terrain       [variable]           2/1048576  ( 0.0%) 

Level flags = 7c

Total triangle count: 108
Writing d:\desktop\csgo\hammer maps\target-hardened\target_hardened_2\achievement_target_hardened.bsp
MSG_FILEWRITE - Filesystem was asked to write to 'd:\desktop\csgo\hammer maps\target-hardened\target_hardened_2\achievement_target_hardened.bsp', but we don't own that location. Allowing...
0 seconds elapsed



materialPath: D:\Steam\steamapps\common\Counter-Strike Global Offensive\csgo\materials
Loading D:\Desktop\csgo\hammer maps\Target-Hardened\target_hardened_2\achievement_target_hardened.vmf
Map revision 7
fixing up env_cubemap materials on brush sides...
0...1...2...3...4...5...6...7...8...9...100...1...2...3...4...5...6...7...8...9...10Processing areas...done (0)
Building Faces...done (0)
FixTjuncs...
PruneNodes...
WriteBSP...
done (0)
writing D:\Desktop\csgo\hammer maps\Target-Hardened\target_hardened_2\achievement_target_hardened.prt...Building visibility clusters...
AutoVisClustering (threshold=-1) matched 0 leafs.
done (0)
Finding displacement neighbors...
Finding lightmap sample positions...
Displacement Alpha : 0...1...2...3...4...5...6...7...8...9...10
Building Physics collision data...
done (0) (3409 bytes)
Placing detail props : 0...1...2...3...4...5...6...7...8...9...10
Compacting texture/material tables...
Reduced 18 texinfos to 10
Reduced 4 texdatas to 4 (78 bytes to 78)
Writing D:\Desktop\csgo\hammer maps\Target-Hardened\target_hardened_2\achievement_target_hardened.bsp
MSG_FILEWRITE - Filesystem was asked to write to 'd:\desktop\csgo\hammer maps\target-hardened\target_hardened_2\achievement_target_hardened.bsp', but we don't own that location. Allowing...
0 seconds elapsed



4 threads
reading d:\desktop\csgo\hammer maps\target-hardened\target_hardened_2\achievement_target_hardened.bsp
reading d:\desktop\csgo\hammer maps\target-hardened\target_hardened_2\achievement_target_hardened.prt
   4 portalclusters
   4 numportals
0...1...2...3...4...5...6...7...8...9...100...1...2...3...4...5...6...7...8...9...10Optimized: 0 visible clusters (0.00%)
Total clusters visible: 16
Average clusters visible: 4
Building PAS...
Average clusters audible: 4
visdatasize:44  compressed from 64
writing d:\desktop\csgo\hammer maps\target-hardened\target_hardened_2\achievement_target_hardened.bsp
MSG_FILEWRITE - Filesystem was asked to write to 'd:\desktop\csgo\hammer maps\target-hardened\target_hardened_2\achievement_target_hardened.bsp', but we don't own that location. Allowing...
0 seconds elapsed



[Reading texlights from 'lights.rad']
[17 texlights parsed from 'lights.rad']

Loading d:\desktop\csgo\hammer maps\target-hardened\target_hardened_2\achievement_target_hardened.bsp
49 faces
92248 square feet [13283840.00 square inches]
0 Displacements
0 Square Feet [0.00 Square Inches]
49 patches before subdivision
3431 patches after subdivision
3 direct lights
0...1...2...3...4...5...6...7...8...9...100...1...2...3...4...5...6...7...8...9...10transfers 297586, max 221
transfer lists:   2.3 megs
0...1...2...3...4...5...6...7...8...9...10	Bounce #1 added RGB(6253, 1758, 17)
0...1...2...3...4...5...6...7...8...9...10	Bounce #2 added RGB(3681, 291, 0)
0...1...2...3...4...5...6...7...8...9...10	Bounce #3 added RGB(2166, 48, 0)
0...1...2...3...4...5...6...7...8...9...10	Bounce #4 added RGB(1278, 8, 0)
0...1...2...3...4...5...6...7...8...9...10	Bounce #5 added RGB(754, 1, 0)
0...1...2...3...4...5...6...7...8...9...10	Bounce #6 added RGB(445, 0, 0)
0...1...2...3...4...5...6...7...8...9...10	Bounce #7 added RGB(262, 0, 0)
0...1...2...3...4...5...6...7...8...9...10	Bounce #8 added RGB(155, 0, 0)
0...1...2...3...4...5...6...7...8...9...10	Bounce #9 added RGB(91, 0, 0)
0...1...2...3...4...5...6...7...8...9...10	Bounce #10 added RGB(54, 0, 0)
0...1...2...3...4...5...6...7...8...9...10	Bounce #11 added RGB(32, 0, 0)
0...1...2...3...4...5...6...7...8...9...10	Bounce #12 added RGB(19, 0, 0)
0...1...2...3...4...5...6...7...8...9...10	Bounce #13 added RGB(11, 0, 0)
0...1...2...3...4...5...6...7...8...9...10	Bounce #14 added RGB(7, 0, 0)
0...1...2...3...4...5...6...7...8...9...10	Bounce #15 added RGB(4, 0, 0)
0...1...2...3...4...5...6...7...8...9...10	Bounce #16 added RGB(2, 0, 0)
0...1...2...3...4...5...6...7...8...9...10	Bounce #17 added RGB(1, 0, 0)
0...1...2...3...4...5...6...7...8...9...10	Bounce #18 added RGB(1, 0, 0)
Build Patch/Sample Hash Table(s).....Done<0.0009 sec>
0...1...2...3...4...5...6...7...8...9...10FinalLightFace Done
0 of 0 (0% of) surface lights went in leaf ambient cubes.
0...1...2...3...4...5...6...7...8...9...10Writing leaf ambient...done
Ready to Finish

Object names       Objects/Maxobjs  Memory / Maxmem  Fullness 
------------       ---------------  ---------------  -------- 
models                   3/1024          144/49152    ( 0.3%) 
brushes                  8/8192           96/98304    ( 0.1%) 
brushsides              48/81920         384/655360   ( 0.1%) 
planes                  76/65536        1520/1310720  ( 0.1%) 
vertexes                74/65536         888/786432   ( 0.1%) 
nodes                   39/65536        1248/2097152  ( 0.1%) 
texinfos                10/12288         720/884736   ( 0.1%) 
texdata                  4/4096          128/131072   ( 0.1%) 
dispinfos                0/0               0/0        ( 0.0%) 
disp_verts               0/0               0/0        ( 0.0%) 
disp_tris                0/0               0/0        ( 0.0%) 
disp_multiblend          0/0               0/0        ( 0.0%) 
disp_lmsamples           0/0               0/0        ( 0.0%) 
faces                   49/65536        2744/3670016  ( 0.1%) 
hdr faces                0/65536           0/3670016  ( 0.0%) 
origfaces               18/65536        1008/3670016  ( 0.0%) 
facebrushes              0/0               0/0        ( 0.0%) 
facebrushlists          49/0             196/0        ( 0.0%) 
leaves                  43/65536        1376/2097152  ( 0.1%) 
leaffaces               49/65536          98/131072   ( 0.1%) 
leafbrushes             18/65536          36/131072   ( 0.0%) 
areas                    2/1024           16/8192     ( 0.2%) 
surfedges              272/512000       1088/2048000  ( 0.1%) 
edges                  149/256000        596/1024000  ( 0.1%) 
LDR worldlights          3/8192          300/819200   ( 0.0%) 
HDR worldlights          0/8192            0/819200   ( 0.0%) 
leafwaterdata            0/32768           0/393216   ( 0.0%) 
waterstrips              0/32768           0/327680   ( 0.0%) 
waterverts               0/65536           0/786432   ( 0.0%) 
waterindices             0/65536           0/131072   ( 0.0%) 
cubemapsamples           0/1024            0/16384    ( 0.0%) 
overlays                 0/1024            0/360448   ( 0.0%) 
LDR lightdata         [variable]      195788/0        ( 0.0%) 
HDR lightdata         [variable]           0/0        ( 0.0%) 
visdata               [variable]          44/16777216 ( 0.0%) 
entdata               [variable]        2763/393216   ( 0.7%) 
LDR ambient table       43/65536         172/262144   ( 0.1%) 
HDR ambient table       43/65536         172/262144   ( 0.1%) 
LDR leaf ambient       117/65536        3276/1835008  ( 0.2%) 
HDR leaf ambient        43/65536        1204/1835008  ( 0.1%) 
occluders                0/0               0/0        ( 0.0%) 
occluder polygons        0/0               0/0        ( 0.0%) 
occluder vert ind        0/0               0/0        ( 0.0%) 
detail props          [variable]           1/12       ( 8.3%) 
static props          [variable]           1/12       ( 8.3%) 
pakfile               [variable]       74506/0        ( 0.0%) 
physics               [variable]        3409/4194304  ( 0.1%) 
physics terrain       [variable]           2/1048576  ( 0.0%) 

Level flags = 7c

Total triangle count: 102
Writing d:\desktop\csgo\hammer maps\target-hardened\target_hardened_2\achievement_target_hardened.bsp
MSG_FILEWRITE - Filesystem was asked to write to 'd:\desktop\csgo\hammer maps\target-hardened\target_hardened_2\achievement_target_hardened.bsp', but we don't own that location. Allowing...
0 seconds elapsed



materialPath: D:\Steam\steamapps\common\Counter-Strike Global Offensive\csgo\materials
Loading D:\Desktop\csgo\hammer maps\Target-Hardened\target_hardened_2\achievement_target_hardened.vmf
Map revision 8
fixing up env_cubemap materials on brush sides...
0...1...2...3...4...5...6...7...8...9...100...1...2...3...4...5...6...7...8...9...10Processing areas...done (0)
Building Faces...done (0)
FixTjuncs...
PruneNodes...
WriteBSP...
done (0)
writing D:\Desktop\csgo\hammer maps\Target-Hardened\target_hardened_2\achievement_target_hardened.prt...Building visibility clusters...
AutoVisClustering (threshold=-1) matched 0 leafs.
done (0)
Finding displacement neighbors...
Finding lightmap sample positions...
Displacement Alpha : 0...1...2...3...4...5...6...7...8...9...10
Building Physics collision data...
done (0) (3409 bytes)
Placing detail props : 0...1...2...3...4...5...6...7...8...9...10
Compacting texture/material tables...
Reduced 18 texinfos to 10
Reduced 4 texdatas to 4 (78 bytes to 78)
Writing D:\Desktop\csgo\hammer maps\Target-Hardened\target_hardened_2\achievement_target_hardened.bsp
MSG_FILEWRITE - Filesystem was asked to write to 'd:\desktop\csgo\hammer maps\target-hardened\target_hardened_2\achievement_target_hardened.bsp', but we don't own that location. Allowing...
0 seconds elapsed



4 threads
reading d:\desktop\csgo\hammer maps\target-hardened\target_hardened_2\achievement_target_hardened.bsp
reading d:\desktop\csgo\hammer maps\target-hardened\target_hardened_2\achievement_target_hardened.prt
   4 portalclusters
   4 numportals
0...1...2...3...4...5...6...7...8...9...100...1...2...3...4...5...6...7...8...9...10Optimized: 0 visible clusters (0.00%)
Total clusters visible: 16
Average clusters visible: 4
Building PAS...
Average clusters audible: 4
visdatasize:44  compressed from 64
writing d:\desktop\csgo\hammer maps\target-hardened\target_hardened_2\achievement_target_hardened.bsp
MSG_FILEWRITE - Filesystem was asked to write to 'd:\desktop\csgo\hammer maps\target-hardened\target_hardened_2\achievement_target_hardened.bsp', but we don't own that location. Allowing...
0 seconds elapsed



[Reading texlights from 'lights.rad']
[17 texlights parsed from 'lights.rad']

Loading d:\desktop\csgo\hammer maps\target-hardened\target_hardened_2\achievement_target_hardened.bsp
49 faces
92248 square feet [13283840.00 square inches]
0 Displacements
0 Square Feet [0.00 Square Inches]
49 patches before subdivision
3431 patches after subdivision
3 direct lights
0...1...2...3...4...5...6...7...8...9...100...1...2...3...4...5...6...7...8...9...10transfers 297586, max 221
transfer lists:   2.3 megs
0...1...2...3...4...5...6...7...8...9...10	Bounce #1 added RGB(6253, 1758, 17)
0...1...2...3...4...5...6...7...8...9...10	Bounce #2 added RGB(3681, 291, 0)
0...1...2...3...4...5...6...7...8...9...10	Bounce #3 added RGB(2166, 48, 0)
0...1...2...3...4...5...6...7...8...9...10	Bounce #4 added RGB(1278, 8, 0)
0...1...2...3...4...5...6...7...8...9...10	Bounce #5 added RGB(754, 1, 0)
0...1...2...3...4...5...6...7...8...9...10	Bounce #6 added RGB(445, 0, 0)
0...1...2...3...4...5...6...7...8...9...10	Bounce #7 added RGB(262, 0, 0)
0...1...2...3...4...5...6...7...8...9...10	Bounce #8 added RGB(155, 0, 0)
0...1...2...3...4...5...6...7...8...9...10	Bounce #9 added RGB(91, 0, 0)
0...1...2...3...4...5...6...7...8...9...10	Bounce #10 added RGB(54, 0, 0)
0...1...2...3...4...5...6...7...8...9...10	Bounce #11 added RGB(32, 0, 0)
0...1...2...3...4...5...6...7...8...9...10	Bounce #12 added RGB(19, 0, 0)
0...1...2...3...4...5...6...7...8...9...10	Bounce #13 added RGB(11, 0, 0)
0...1...2...3...4...5...6...7...8...9...10	Bounce #14 added RGB(7, 0, 0)
0...1...2...3...4...5...6...7...8...9...10	Bounce #15 added RGB(4, 0, 0)
0...1...2...3...4...5...6...7...8...9...10	Bounce #16 added RGB(2, 0, 0)
0...1...2...3...4...5...6...7...8...9...10	Bounce #17 added RGB(1, 0, 0)
0...1...2...3...4...5...6...7...8...9...10	Bounce #18 added RGB(1, 0, 0)
Build Patch/Sample Hash Table(s).....Done<0.0010 sec>
0...1...2...3...4...5...6...7...8...9...10FinalLightFace Done
0 of 0 (0% of) surface lights went in leaf ambient cubes.
0...1...2...3...4...5...6...7...8...9...10Writing leaf ambient...done
Ready to Finish

Object names       Objects/Maxobjs  Memory / Maxmem  Fullness 
------------       ---------------  ---------------  -------- 
models                   3/1024          144/49152    ( 0.3%) 
brushes                  8/8192           96/98304    ( 0.1%) 
brushsides              48/81920         384/655360   ( 0.1%) 
planes                  76/65536        1520/1310720  ( 0.1%) 
vertexes                74/65536         888/786432   ( 0.1%) 
nodes                   39/65536        1248/2097152  ( 0.1%) 
texinfos                10/12288         720/884736   ( 0.1%) 
texdata                  4/4096          128/131072   ( 0.1%) 
dispinfos                0/0               0/0        ( 0.0%) 
disp_verts               0/0               0/0        ( 0.0%) 
disp_tris                0/0               0/0        ( 0.0%) 
disp_multiblend          0/0               0/0        ( 0.0%) 
disp_lmsamples           0/0               0/0        ( 0.0%) 
faces                   49/65536        2744/3670016  ( 0.1%) 
hdr faces                0/65536           0/3670016  ( 0.0%) 
origfaces               18/65536        1008/3670016  ( 0.0%) 
facebrushes              0/0               0/0        ( 0.0%) 
facebrushlists          49/0             196/0        ( 0.0%) 
leaves                  43/65536        1376/2097152  ( 0.1%) 
leaffaces               49/65536          98/131072   ( 0.1%) 
leafbrushes             18/65536          36/131072   ( 0.0%) 
areas                    2/1024           16/8192     ( 0.2%) 
surfedges              272/512000       1088/2048000  ( 0.1%) 
edges                  149/256000        596/1024000  ( 0.1%) 
LDR worldlights          3/8192          300/819200   ( 0.0%) 
HDR worldlights          0/8192            0/819200   ( 0.0%) 
leafwaterdata            0/32768           0/393216   ( 0.0%) 
waterstrips              0/32768           0/327680   ( 0.0%) 
waterverts               0/65536           0/786432   ( 0.0%) 
waterindices             0/65536           0/131072   ( 0.0%) 
cubemapsamples           0/1024            0/16384    ( 0.0%) 
overlays                 0/1024            0/360448   ( 0.0%) 
LDR lightdata         [variable]      195788/0        ( 0.0%) 
HDR lightdata         [variable]           0/0        ( 0.0%) 
visdata               [variable]          44/16777216 ( 0.0%) 
entdata               [variable]        2861/393216   ( 0.7%) 
LDR ambient table       43/65536         172/262144   ( 0.1%) 
HDR ambient table       43/65536         172/262144   ( 0.1%) 
LDR leaf ambient       117/65536        3276/1835008  ( 0.2%) 
HDR leaf ambient        43/65536        1204/1835008  ( 0.1%) 
occluders                0/0               0/0        ( 0.0%) 
occluder polygons        0/0               0/0        ( 0.0%) 
occluder vert ind        0/0               0/0        ( 0.0%) 
detail props          [variable]           1/12       ( 8.3%) 
static props          [variable]           1/12       ( 8.3%) 
pakfile               [variable]       74506/0        ( 0.0%) 
physics               [variable]        3409/4194304  ( 0.1%) 
physics terrain       [variable]           2/1048576  ( 0.0%) 

Level flags = 7c

Total triangle count: 102
Writing d:\desktop\csgo\hammer maps\target-hardened\target_hardened_2\achievement_target_hardened.bsp
MSG_FILEWRITE - Filesystem was asked to write to 'd:\desktop\csgo\hammer maps\target-hardened\target_hardened_2\achievement_target_hardened.bsp', but we don't own that location. Allowing...
0 seconds elapsed



materialPath: D:\Steam\steamapps\common\Counter-Strike Global Offensive\csgo\materials
Loading D:\Desktop\csgo\hammer maps\Target-Hardened\target_hardened_2\achievement_target_hardened.vmf
Map revision 11
fixing up env_cubemap materials on brush sides...
0...1...2...3...4...5...6...7...8...9...100...1...2...3...4...5...6...7...8...9...10Processing areas...done (0)
Building Faces...done (0)
FixTjuncs...
PruneNodes...
WriteBSP...
done (0)
writing D:\Desktop\csgo\hammer maps\Target-Hardened\target_hardened_2\achievement_target_hardened.prt...Building visibility clusters...
AutoVisClustering (threshold=-1) matched 0 leafs.
done (0)
Finding displacement neighbors...
Finding lightmap sample positions...
Displacement Alpha : 0...1...2...3...4...5...6...7...8...9...10
Building Physics collision data...
done (0) (4370 bytes)
Placing detail props : 0...1...2...3...4...5...6...7...8...9...10
Compacting texture/material tables...
Reduced 24 texinfos to 16
Reduced 5 texdatas to 5 (81 bytes to 81)
Writing D:\Desktop\csgo\hammer maps\Target-Hardened\target_hardened_2\achievement_target_hardened.bsp
MSG_FILEWRITE - Filesystem was asked to write to 'd:\desktop\csgo\hammer maps\target-hardened\target_hardened_2\achievement_target_hardened.bsp', but we don't own that location. Allowing...
0 seconds elapsed



4 threads
reading d:\desktop\csgo\hammer maps\target-hardened\target_hardened_2\achievement_target_hardened.bsp
reading d:\desktop\csgo\hammer maps\target-hardened\target_hardened_2\achievement_target_hardened.prt
   8 portalclusters
  15 numportals
0...1...2...3...4...5...6...7...8...9...100...1...2...3...4...5...6...7...8...9...10Optimized: 0 visible clusters (0.00%)
Total clusters visible: 64
Average clusters visible: 8
Building PAS...
Average clusters audible: 8
visdatasize:84  compressed from 128
writing d:\desktop\csgo\hammer maps\target-hardened\target_hardened_2\achievement_target_hardened.bsp
MSG_FILEWRITE - Filesystem was asked to write to 'd:\desktop\csgo\hammer maps\target-hardened\target_hardened_2\achievement_target_hardened.bsp', but we don't own that location. Allowing...
0 seconds elapsed



[Reading texlights from 'lights.rad']
[17 texlights parsed from 'lights.rad']

Loading d:\desktop\csgo\hammer maps\target-hardened\target_hardened_2\achievement_target_hardened.bsp
66 faces
92988 square feet [13390336.00 square inches]
0 Displacements
0 Square Feet [0.00 Square Inches]
66 patches before subdivision
3778 patches after subdivision
3 direct lights
0...1...2...3...4...5...6...7...8...9...100...1...2...3...4...5...6...7...8...9...10transfers 336481, max 224
transfer lists:   2.6 megs
0...1...2...3...4...5...6...7...8...9...10	Bounce #1 added RGB(8763, 2484, 53)
0...1...2...3...4...5...6...7...8...9...10	Bounce #2 added RGB(5249, 424, 0)
0...1...2...3...4...5...6...7...8...9...10	Bounce #3 added RGB(3051, 70, 0)
0...1...2...3...4...5...6...7...8...9...10	Bounce #4 added RGB(1801, 12, 0)
0...1...2...3...4...5...6...7...8...9...10	Bounce #5 added RGB(1059, 2, 0)
0...1...2...3...4...5...6...7...8...9...10	Bounce #6 added RGB(625, 0, 0)
0...1...2...3...4...5...6...7...8...9...10	Bounce #7 added RGB(368, 0, 0)
0...1...2...3...4...5...6...7...8...9...10	Bounce #8 added RGB(217, 0, 0)
0...1...2...3...4...5...6...7...8...9...10	Bounce #9 added RGB(128, 0, 0)
0...1...2...3...4...5...6...7...8...9...10	Bounce #10 added RGB(75, 0, 0)
0...1...2...3...4...5...6...7...8...9...10	Bounce #11 added RGB(44, 0, 0)
0...1...2...3...4...5...6...7...8...9...10	Bounce #12 added RGB(26, 0, 0)
0...1...2...3...4...5...6...7...8...9...10	Bounce #13 added RGB(15, 0, 0)
0...1...2...3...4...5...6...7...8...9...10	Bounce #14 added RGB(9, 0, 0)
0...1...2...3...4...5...6...7...8...9...10	Bounce #15 added RGB(5, 0, 0)
0...1...2...3...4...5...6...7...8...9...10	Bounce #16 added RGB(3, 0, 0)
0...1...2...3...4...5...6...7...8...9...10	Bounce #17 added RGB(2, 0, 0)
0...1...2...3...4...5...6...7...8...9...10	Bounce #18 added RGB(1, 0, 0)
0...1...2...3...4...5...6...7...8...9...10	Bounce #19 added RGB(1, 0, 0)
Build Patch/Sample Hash Table(s).....Done<0.0010 sec>
0...1...2...3...4...5...6...7...8...9...10FinalLightFace Done
0 of 0 (0% of) surface lights went in leaf ambient cubes.
0...1...2...3...4...5...6...7...8...9...10Writing leaf ambient...done
Ready to Finish

Object names       Objects/Maxobjs  Memory / Maxmem  Fullness 
------------       ---------------  ---------------  -------- 
models                   4/1024          192/49152    ( 0.4%) 
brushes                 10/8192          120/98304    ( 0.1%) 
brushsides              60/81920         480/655360   ( 0.1%) 
planes                  98/65536        1960/1310720  ( 0.1%) 
vertexes                99/65536        1188/786432   ( 0.2%) 
nodes                   50/65536        1600/2097152  ( 0.1%) 
texinfos                16/12288        1152/884736   ( 0.1%) 
texdata                  5/4096          160/131072   ( 0.1%) 
dispinfos                0/0               0/0        ( 0.0%) 
disp_verts               0/0               0/0        ( 0.0%) 
disp_tris                0/0               0/0        ( 0.0%) 
disp_multiblend          0/0               0/0        ( 0.0%) 
disp_lmsamples           0/0               0/0        ( 0.0%) 
faces                   66/65536        3696/3670016  ( 0.1%) 
hdr faces                0/65536           0/3670016  ( 0.0%) 
origfaces               29/65536        1624/3670016  ( 0.0%) 
facebrushes              0/0               0/0        ( 0.0%) 
facebrushlists          66/0             264/0        ( 0.0%) 
leaves                  55/65536        1760/2097152  ( 0.1%) 
leaffaces               74/65536         148/131072   ( 0.1%) 
leafbrushes             20/65536          40/131072   ( 0.0%) 
areas                    2/1024           16/8192     ( 0.2%) 
surfedges              396/512000       1584/2048000  ( 0.1%) 
edges                  213/256000        852/1024000  ( 0.1%) 
LDR worldlights          3/8192          300/819200   ( 0.0%) 
HDR worldlights          0/8192            0/819200   ( 0.0%) 
leafwaterdata            0/32768           0/393216   ( 0.0%) 
waterstrips              0/32768           0/327680   ( 0.0%) 
waterverts               0/65536           0/786432   ( 0.0%) 
waterindices             0/65536           0/131072   ( 0.0%) 
cubemapsamples           0/1024            0/16384    ( 0.0%) 
overlays                 0/1024            0/360448   ( 0.0%) 
LDR lightdata         [variable]      197816/0        ( 0.0%) 
HDR lightdata         [variable]           0/0        ( 0.0%) 
visdata               [variable]          84/16777216 ( 0.0%) 
entdata               [variable]        3197/393216   ( 0.8%) 
LDR ambient table       55/65536         220/262144   ( 0.1%) 
HDR ambient table       55/65536         220/262144   ( 0.1%) 
LDR leaf ambient       192/65536        5376/1835008  ( 0.3%) 
HDR leaf ambient        55/65536        1540/1835008  ( 0.1%) 
occluders                0/0               0/0        ( 0.0%) 
occluder polygons        0/0               0/0        ( 0.0%) 
occluder vert ind        0/0               0/0        ( 0.0%) 
detail props          [variable]           1/12       ( 8.3%) 
static props          [variable]           1/12       ( 8.3%) 
pakfile               [variable]       74506/0        ( 0.0%) 
physics               [variable]        4370/4194304  ( 0.1%) 
physics terrain       [variable]           2/1048576  ( 0.0%) 

Level flags = 7c

Total triangle count: 148
Writing d:\desktop\csgo\hammer maps\target-hardened\target_hardened_2\achievement_target_hardened.bsp
MSG_FILEWRITE - Filesystem was asked to write to 'd:\desktop\csgo\hammer maps\target-hardened\target_hardened_2\achievement_target_hardened.bsp', but we don't own that location. Allowing...
0 seconds elapsed



materialPath: D:\Steam\steamapps\common\Counter-Strike Global Offensive\csgo\materials
Loading D:\Desktop\csgo\hammer maps\Target-Hardened\target_hardened_2\achievement_target_hardened.vmf
Map revision 12
fixing up env_cubemap materials on brush sides...
0...1...2...3...4...5...6...7...8...9...100...1...2...3...4...5...6...7...8...9...10Processing areas...done (0)
Building Faces...done (0)
FixTjuncs...
PruneNodes...
WriteBSP...
done (0)
writing D:\Desktop\csgo\hammer maps\Target-Hardened\target_hardened_2\achievement_target_hardened.prt...Building visibility clusters...
AutoVisClustering (threshold=-1) matched 0 leafs.
done (0)
Finding displacement neighbors...
Finding lightmap sample positions...
Displacement Alpha : 0...1...2...3...4...5...6...7...8...9...10
Building Physics collision data...
done (0) (4370 bytes)
Placing detail props : 0...1...2...3...4...5...6...7...8...9...10
Compacting texture/material tables...
Reduced 24 texinfos to 16
Reduced 5 texdatas to 5 (81 bytes to 81)
Writing D:\Desktop\csgo\hammer maps\Target-Hardened\target_hardened_2\achievement_target_hardened.bsp
MSG_FILEWRITE - Filesystem was asked to write to 'd:\desktop\csgo\hammer maps\target-hardened\target_hardened_2\achievement_target_hardened.bsp', but we don't own that location. Allowing...
0 seconds elapsed



4 threads
reading d:\desktop\csgo\hammer maps\target-hardened\target_hardened_2\achievement_target_hardened.bsp
reading d:\desktop\csgo\hammer maps\target-hardened\target_hardened_2\achievement_target_hardened.prt
   8 portalclusters
  15 numportals
0...1...2...3...4...5...6...7...8...9...100...1...2...3...4...5...6...7...8...9...10Optimized: 0 visible clusters (0.00%)
Total clusters visible: 64
Average clusters visible: 8
Building PAS...
Average clusters audible: 8
visdatasize:84  compressed from 128
writing d:\desktop\csgo\hammer maps\target-hardened\target_hardened_2\achievement_target_hardened.bsp
MSG_FILEWRITE - Filesystem was asked to write to 'd:\desktop\csgo\hammer maps\target-hardened\target_hardened_2\achievement_target_hardened.bsp', but we don't own that location. Allowing...
0 seconds elapsed



[Reading texlights from 'lights.rad']
[17 texlights parsed from 'lights.rad']

Loading d:\desktop\csgo\hammer maps\target-hardened\target_hardened_2\achievement_target_hardened.bsp
66 faces
92988 square feet [13390336.00 square inches]
0 Displacements
0 Square Feet [0.00 Square Inches]
66 patches before subdivision
3778 patches after subdivision
3 direct lights
0...1...2...3...4...5...6...7...8...9...100...1...2...3...4...5...6...7...8...9...10transfers 336481, max 224
transfer lists:   2.6 megs
0...1...2...3...4...5...6...7...8...9...10	Bounce #1 added RGB(8763, 2484, 53)
0...1...2...3...4...5...6...7...8...9...10	Bounce #2 added RGB(5249, 424, 0)
0...1...2...3...4...5...6...7...8...9...10	Bounce #3 added RGB(3051, 70, 0)
0...1...2...3...4...5...6...7...8...9...10	Bounce #4 added RGB(1801, 12, 0)
0...1...2...3...4...5...6...7...8...9...10	Bounce #5 added RGB(1059, 2, 0)
0...1...2...3...4...5...6...7...8...9...10	Bounce #6 added RGB(625, 0, 0)
0...1...2...3...4...5...6...7...8...9...10	Bounce #7 added RGB(368, 0, 0)
0...1...2...3...4...5...6...7...8...9...10	Bounce #8 added RGB(217, 0, 0)
0...1...2...3...4...5...6...7...8...9...10	Bounce #9 added RGB(128, 0, 0)
0...1...2...3...4...5...6...7...8...9...10	Bounce #10 added RGB(75, 0, 0)
0...1...2...3...4...5...6...7...8...9...10	Bounce #11 added RGB(44, 0, 0)
0...1...2...3...4...5...6...7...8...9...10	Bounce #12 added RGB(26, 0, 0)
0...1...2...3...4...5...6...7...8...9...10	Bounce #13 added RGB(15, 0, 0)
0...1...2...3...4...5...6...7...8...9...10	Bounce #14 added RGB(9, 0, 0)
0...1...2...3...4...5...6...7...8...9...10	Bounce #15 added RGB(5, 0, 0)
0...1...2...3...4...5...6...7...8...9...10	Bounce #16 added RGB(3, 0, 0)
0...1...2...3...4...5...6...7...8...9...10	Bounce #17 added RGB(2, 0, 0)
0...1...2...3...4...5...6...7...8...9...10	Bounce #18 added RGB(1, 0, 0)
0...1...2...3...4...5...6...7...8...9...10	Bounce #19 added RGB(1, 0, 0)
Build Patch/Sample Hash Table(s).....Done<0.0013 sec>
0...1...2...3...4...5...6...7...8...9...10FinalLightFace Done
0 of 0 (0% of) surface lights went in leaf ambient cubes.
0...1...2...3...4...5...6...7...8...9...10Writing leaf ambient...done
Ready to Finish

Object names       Objects/Maxobjs  Memory / Maxmem  Fullness 
------------       ---------------  ---------------  -------- 
models                   4/1024          192/49152    ( 0.4%) 
brushes                 10/8192          120/98304    ( 0.1%) 
brushsides              60/81920         480/655360   ( 0.1%) 
planes                  98/65536        1960/1310720  ( 0.1%) 
vertexes                99/65536        1188/786432   ( 0.2%) 
nodes                   50/65536        1600/2097152  ( 0.1%) 
texinfos                16/12288        1152/884736   ( 0.1%) 
texdata                  5/4096          160/131072   ( 0.1%) 
dispinfos                0/0               0/0        ( 0.0%) 
disp_verts               0/0               0/0        ( 0.0%) 
disp_tris                0/0               0/0        ( 0.0%) 
disp_multiblend          0/0               0/0        ( 0.0%) 
disp_lmsamples           0/0               0/0        ( 0.0%) 
faces                   66/65536        3696/3670016  ( 0.1%) 
hdr faces                0/65536           0/3670016  ( 0.0%) 
origfaces               29/65536        1624/3670016  ( 0.0%) 
facebrushes              0/0               0/0        ( 0.0%) 
facebrushlists          66/0             264/0        ( 0.0%) 
leaves                  55/65536        1760/2097152  ( 0.1%) 
leaffaces               74/65536         148/131072   ( 0.1%) 
leafbrushes             20/65536          40/131072   ( 0.0%) 
areas                    2/1024           16/8192     ( 0.2%) 
surfedges              396/512000       1584/2048000  ( 0.1%) 
edges                  213/256000        852/1024000  ( 0.1%) 
LDR worldlights          3/8192          300/819200   ( 0.0%) 
HDR worldlights          0/8192            0/819200   ( 0.0%) 
leafwaterdata            0/32768           0/393216   ( 0.0%) 
waterstrips              0/32768           0/327680   ( 0.0%) 
waterverts               0/65536           0/786432   ( 0.0%) 
waterindices             0/65536           0/131072   ( 0.0%) 
cubemapsamples           0/1024            0/16384    ( 0.0%) 
overlays                 0/1024            0/360448   ( 0.0%) 
LDR lightdata         [variable]      197816/0        ( 0.0%) 
HDR lightdata         [variable]           0/0        ( 0.0%) 
visdata               [variable]          84/16777216 ( 0.0%) 
entdata               [variable]        3214/393216   ( 0.8%) 
LDR ambient table       55/65536         220/262144   ( 0.1%) 
HDR ambient table       55/65536         220/262144   ( 0.1%) 
LDR leaf ambient       192/65536        5376/1835008  ( 0.3%) 
HDR leaf ambient        55/65536        1540/1835008  ( 0.1%) 
occluders                0/0               0/0        ( 0.0%) 
occluder polygons        0/0               0/0        ( 0.0%) 
occluder vert ind        0/0               0/0        ( 0.0%) 
detail props          [variable]           1/12       ( 8.3%) 
static props          [variable]           1/12       ( 8.3%) 
pakfile               [variable]       74506/0        ( 0.0%) 
physics               [variable]        4370/4194304  ( 0.1%) 
physics terrain       [variable]           2/1048576  ( 0.0%) 

Level flags = 7c

Total triangle count: 148
Writing d:\desktop\csgo\hammer maps\target-hardened\target_hardened_2\achievement_target_hardened.bsp
MSG_FILEWRITE - Filesystem was asked to write to 'd:\desktop\csgo\hammer maps\target-hardened\target_hardened_2\achievement_target_hardened.bsp', but we don't own that location. Allowing...
0 seconds elapsed



materialPath: D:\Steam\steamapps\common\Counter-Strike Global Offensive\csgo\materials
Loading D:\Desktop\csgo\hammer maps\Target-Hardened\target_hardened_2\achievement_target_hardened.vmf
Map revision 14
fixing up env_cubemap materials on brush sides...
0...1...2...3...4...5...6...7...8...9...100...1...2...3...4...5...6...7...8...9...10Processing areas...done (0)
Building Faces...done (0)
FixTjuncs...
PruneNodes...
WriteBSP...
done (0)
writing D:\Desktop\csgo\hammer maps\Target-Hardened\target_hardened_2\achievement_target_hardened.prt...Building visibility clusters...
AutoVisClustering (threshold=-1) matched 0 leafs.
done (0)
Finding displacement neighbors...
Finding lightmap sample positions...
Displacement Alpha : 0...1...2...3...4...5...6...7...8...9...10
Building Physics collision data...
done (0) (4370 bytes)
Placing detail props : 0...1...2...3...4...5...6...7...8...9...10
Compacting texture/material tables...
Reduced 24 texinfos to 16
Reduced 5 texdatas to 5 (81 bytes to 81)
Writing D:\Desktop\csgo\hammer maps\Target-Hardened\target_hardened_2\achievement_target_hardened.bsp
MSG_FILEWRITE - Filesystem was asked to write to 'd:\desktop\csgo\hammer maps\target-hardened\target_hardened_2\achievement_target_hardened.bsp', but we don't own that location. Allowing...
0 seconds elapsed



4 threads
reading d:\desktop\csgo\hammer maps\target-hardened\target_hardened_2\achievement_target_hardened.bsp
reading d:\desktop\csgo\hammer maps\target-hardened\target_hardened_2\achievement_target_hardened.prt
   8 portalclusters
  15 numportals
0...1...2...3...4...5...6...7...8...9...100...1...2...3...4...5...6...7...8...9...10Optimized: 0 visible clusters (0.00%)
Total clusters visible: 64
Average clusters visible: 8
Building PAS...
Average clusters audible: 8
visdatasize:84  compressed from 128
writing d:\desktop\csgo\hammer maps\target-hardened\target_hardened_2\achievement_target_hardened.bsp
MSG_FILEWRITE - Filesystem was asked to write to 'd:\desktop\csgo\hammer maps\target-hardened\target_hardened_2\achievement_target_hardened.bsp', but we don't own that location. Allowing...
0 seconds elapsed



[Reading texlights from 'lights.rad']
[17 texlights parsed from 'lights.rad']

Loading d:\desktop\csgo\hammer maps\target-hardened\target_hardened_2\achievement_target_hardened.bsp
66 faces
92988 square feet [13390336.00 square inches]
0 Displacements
0 Square Feet [0.00 Square Inches]
66 patches before subdivision
3778 patches after subdivision
3 direct lights
0...1...2...3...4...5...6...7...8...9...100...1...2...3...4...5...6...7...8...9...10transfers 336481, max 224
transfer lists:   2.6 megs
0...1...2...3...4...5...6...7...8...9...10	Bounce #1 added RGB(8763, 2484, 53)
0...1...2...3...4...5...6...7...8...9...10	Bounce #2 added RGB(5249, 424, 0)
0...1...2...3...4...5...6...7...8...9...10	Bounce #3 added RGB(3051, 70, 0)
0...1...2...3...4...5...6...7...8...9...10	Bounce #4 added RGB(1801, 12, 0)
0...1...2...3...4...5...6...7...8...9...10	Bounce #5 added RGB(1059, 2, 0)
0...1...2...3...4...5...6...7...8...9...10	Bounce #6 added RGB(625, 0, 0)
0...1...2...3...4...5...6...7...8...9...10	Bounce #7 added RGB(368, 0, 0)
0...1...2...3...4...5...6...7...8...9...10	Bounce #8 added RGB(217, 0, 0)
0...1...2...3...4...5...6...7...8...9...10	Bounce #9 added RGB(128, 0, 0)
0...1...2...3...4...5...6...7...8...9...10	Bounce #10 added RGB(75, 0, 0)
0...1...2...3...4...5...6...7...8...9...10	Bounce #11 added RGB(44, 0, 0)
0...1...2...3...4...5...6...7...8...9...10	Bounce #12 added RGB(26, 0, 0)
0...1...2...3...4...5...6...7...8...9...10	Bounce #13 added RGB(15, 0, 0)
0...1...2...3...4...5...6...7...8...9...10	Bounce #14 added RGB(9, 0, 0)
0...1...2...3...4...5...6...7...8...9...10	Bounce #15 added RGB(5, 0, 0)
0...1...2...3...4...5...6...7...8...9...10	Bounce #16 added RGB(3, 0, 0)
0...1...2...3...4...5...6...7...8...9...10	Bounce #17 added RGB(2, 0, 0)
0...1...2...3...4...5...6...7...8...9...10	Bounce #18 added RGB(1, 0, 0)
0...1...2...3...4...5...6...7...8...9...10	Bounce #19 added RGB(1, 0, 0)
Build Patch/Sample Hash Table(s).....Done<0.0010 sec>
0...1...2...3...4...5...6...7...8...9...10FinalLightFace Done
0 of 0 (0% of) surface lights went in leaf ambient cubes.
0...1...2...3...4...5...6...7...8...9...10Writing leaf ambient...done
Ready to Finish

Object names       Objects/Maxobjs  Memory / Maxmem  Fullness 
------------       ---------------  ---------------  -------- 
models                   4/1024          192/49152    ( 0.4%) 
brushes                 10/8192          120/98304    ( 0.1%) 
brushsides              60/81920         480/655360   ( 0.1%) 
planes                  98/65536        1960/1310720  ( 0.1%) 
vertexes                99/65536        1188/786432   ( 0.2%) 
nodes                   50/65536        1600/2097152  ( 0.1%) 
texinfos                16/12288        1152/884736   ( 0.1%) 
texdata                  5/4096          160/131072   ( 0.1%) 
dispinfos                0/0               0/0        ( 0.0%) 
disp_verts               0/0               0/0        ( 0.0%) 
disp_tris                0/0               0/0        ( 0.0%) 
disp_multiblend          0/0               0/0        ( 0.0%) 
disp_lmsamples           0/0               0/0        ( 0.0%) 
faces                   66/65536        3696/3670016  ( 0.1%) 
hdr faces                0/65536           0/3670016  ( 0.0%) 
origfaces               29/65536        1624/3670016  ( 0.0%) 
facebrushes              0/0               0/0        ( 0.0%) 
facebrushlists          66/0             264/0        ( 0.0%) 
leaves                  55/65536        1760/2097152  ( 0.1%) 
leaffaces               74/65536         148/131072   ( 0.1%) 
leafbrushes             20/65536          40/131072   ( 0.0%) 
areas                    2/1024           16/8192     ( 0.2%) 
surfedges              396/512000       1584/2048000  ( 0.1%) 
edges                  213/256000        852/1024000  ( 0.1%) 
LDR worldlights          3/8192          300/819200   ( 0.0%) 
HDR worldlights          0/8192            0/819200   ( 0.0%) 
leafwaterdata            0/32768           0/393216   ( 0.0%) 
waterstrips              0/32768           0/327680   ( 0.0%) 
waterverts               0/65536           0/786432   ( 0.0%) 
waterindices             0/65536           0/131072   ( 0.0%) 
cubemapsamples           0/1024            0/16384    ( 0.0%) 
overlays                 0/1024            0/360448   ( 0.0%) 
LDR lightdata         [variable]      197816/0        ( 0.0%) 
HDR lightdata         [variable]           0/0        ( 0.0%) 
visdata               [variable]          84/16777216 ( 0.0%) 
entdata               [variable]        3592/393216   ( 0.9%) 
LDR ambient table       55/65536         220/262144   ( 0.1%) 
HDR ambient table       55/65536         220/262144   ( 0.1%) 
LDR leaf ambient       192/65536        5376/1835008  ( 0.3%) 
HDR leaf ambient        55/65536        1540/1835008  ( 0.1%) 
occluders                0/0               0/0        ( 0.0%) 
occluder polygons        0/0               0/0        ( 0.0%) 
occluder vert ind        0/0               0/0        ( 0.0%) 
detail props          [variable]           1/12       ( 8.3%) 
static props          [variable]           1/12       ( 8.3%) 
pakfile               [variable]       74506/0        ( 0.0%) 
physics               [variable]        4370/4194304  ( 0.1%) 
physics terrain       [variable]           2/1048576  ( 0.0%) 

Level flags = 7c

Total triangle count: 148
Writing d:\desktop\csgo\hammer maps\target-hardened\target_hardened_2\achievement_target_hardened.bsp
MSG_FILEWRITE - Filesystem was asked to write to 'd:\desktop\csgo\hammer maps\target-hardened\target_hardened_2\achievement_target_hardened.bsp', but we don't own that location. Allowing...
0 seconds elapsed



materialPath: D:\Steam\steamapps\common\Counter-Strike Global Offensive\csgo\materials
Loading D:\Desktop\csgo\hammer maps\Target-Hardened\target_hardened_2\achievement_target_hardened.vmf
Map revision 14
fixing up env_cubemap materials on brush sides...
0...1...2...3...4...5...6...7...8...9...100...1...2...3...4...5...6...7...8...9...10Processing areas...done (0)
Building Faces...done (0)
FixTjuncs...
PruneNodes...
WriteBSP...
done (0)
writing D:\Desktop\csgo\hammer maps\Target-Hardened\target_hardened_2\achievement_target_hardened.prt...Building visibility clusters...
AutoVisClustering (threshold=-1) matched 0 leafs.
done (0)
Finding displacement neighbors...
Finding lightmap sample positions...
Displacement Alpha : 0...1...2...3...4...5...6...7...8...9...10
Building Physics collision data...
done (0) (4370 bytes)
Placing detail props : 0...1...2...3...4...5...6...7...8...9...10
Compacting texture/material tables...
Reduced 24 texinfos to 16
Reduced 5 texdatas to 5 (81 bytes to 81)
Writing D:\Desktop\csgo\hammer maps\Target-Hardened\target_hardened_2\achievement_target_hardened.bsp
MSG_FILEWRITE - Filesystem was asked to write to 'd:\desktop\csgo\hammer maps\target-hardened\target_hardened_2\achievement_target_hardened.bsp', but we don't own that location. Allowing...
0 seconds elapsed



4 threads
reading d:\desktop\csgo\hammer maps\target-hardened\target_hardened_2\achievement_target_hardened.bsp
reading d:\desktop\csgo\hammer maps\target-hardened\target_hardened_2\achievement_target_hardened.prt
   8 portalclusters
  15 numportals
0...1...2...3...4...5...6...7...8...9...100...1...2...3...4...5...6...7...8...9...10Optimized: 0 visible clusters (0.00%)
Total clusters visible: 64
Average clusters visible: 8
Building PAS...
Average clusters audible: 8
visdatasize:84  compressed from 128
writing d:\desktop\csgo\hammer maps\target-hardened\target_hardened_2\achievement_target_hardened.bsp
MSG_FILEWRITE - Filesystem was asked to write to 'd:\desktop\csgo\hammer maps\target-hardened\target_hardened_2\achievement_target_hardened.bsp', but we don't own that location. Allowing...
0 seconds elapsed



[Reading texlights from 'lights.rad']
[17 texlights parsed from 'lights.rad']

Loading d:\desktop\csgo\hammer maps\target-hardened\target_hardened_2\achievement_target_hardened.bsp
66 faces
92988 square feet [13390336.00 square inches]
0 Displacements
0 Square Feet [0.00 Square Inches]
66 patches before subdivision
3778 patches after subdivision
3 direct lights
0...1...2...3...4...5...6...7...8...9...100...1...2...3...4...5...6...7...8...9...10transfers 336481, max 224
transfer lists:   2.6 megs
0...1...2...3...4...5...6...7...8...9...10	Bounce #1 added RGB(8763, 2484, 53)
0...1...2...3...4...5...6...7...8...9...10	Bounce #2 added RGB(5249, 424, 0)
0...1...2...3...4...5...6...7...8...9...10	Bounce #3 added RGB(3051, 70, 0)
0...1...2...3...4...5...6...7...8...9...10	Bounce #4 added RGB(1801, 12, 0)
0...1...2...3...4...5...6...7...8...9...10	Bounce #5 added RGB(1059, 2, 0)
0...1...2...3...4...5...6...7...8...9...10	Bounce #6 added RGB(625, 0, 0)
0...1...2...3...4...5...6...7...8...9...10	Bounce #7 added RGB(368, 0, 0)
0...1...2...3...4...5...6...7...8...9...10	Bounce #8 added RGB(217, 0, 0)
0...1...2...3...4...5...6...7...8...9...10	Bounce #9 added RGB(128, 0, 0)
0...1...2...3...4...5...6...7...8...9...10	Bounce #10 added RGB(75, 0, 0)
0...1...2...3...4...5...6...7...8...9...10	Bounce #11 added RGB(44, 0, 0)
0...1...2...3...4...5...6...7...8...9...10	Bounce #12 added RGB(26, 0, 0)
0...1...2...3...4...5...6...7...8...9...10	Bounce #13 added RGB(15, 0, 0)
0...1...2...3...4...5...6...7...8...9...10	Bounce #14 added RGB(9, 0, 0)
0...1...2...3...4...5...6...7...8...9...10	Bounce #15 added RGB(5, 0, 0)
0...1...2...3...4...5...6...7...8...9...10	Bounce #16 added RGB(3, 0, 0)
0...1...2...3...4...5...6...7...8...9...10	Bounce #17 added RGB(2, 0, 0)
0...1...2...3...4...5...6...7...8...9...10	Bounce #18 added RGB(1, 0, 0)
0...1...2...3...4...5...6...7...8...9...10	Bounce #19 added RGB(1, 0, 0)
Build Patch/Sample Hash Table(s).....Done<0.0010 sec>
0...1...2...3...4...5...6...7...8...9...10FinalLightFace Done
0 of 0 (0% of) surface lights went in leaf ambient cubes.
0...1...2...3...4...5...6...7...8...9...10Writing leaf ambient...done
Ready to Finish

Object names       Objects/Maxobjs  Memory / Maxmem  Fullness 
------------       ---------------  ---------------  -------- 
models                   4/1024          192/49152    ( 0.4%) 
brushes                 10/8192          120/98304    ( 0.1%) 
brushsides              60/81920         480/655360   ( 0.1%) 
planes                  98/65536        1960/1310720  ( 0.1%) 
vertexes                99/65536        1188/786432   ( 0.2%) 
nodes                   50/65536        1600/2097152  ( 0.1%) 
texinfos                16/12288        1152/884736   ( 0.1%) 
texdata                  5/4096          160/131072   ( 0.1%) 
dispinfos                0/0               0/0        ( 0.0%) 
disp_verts               0/0               0/0        ( 0.0%) 
disp_tris                0/0               0/0        ( 0.0%) 
disp_multiblend          0/0               0/0        ( 0.0%) 
disp_lmsamples           0/0               0/0        ( 0.0%) 
faces                   66/65536        3696/3670016  ( 0.1%) 
hdr faces                0/65536           0/3670016  ( 0.0%) 
origfaces               29/65536        1624/3670016  ( 0.0%) 
facebrushes              0/0               0/0        ( 0.0%) 
facebrushlists          66/0             264/0        ( 0.0%) 
leaves                  55/65536        1760/2097152  ( 0.1%) 
leaffaces               74/65536         148/131072   ( 0.1%) 
leafbrushes             20/65536          40/131072   ( 0.0%) 
areas                    2/1024           16/8192     ( 0.2%) 
surfedges              396/512000       1584/2048000  ( 0.1%) 
edges                  213/256000        852/1024000  ( 0.1%) 
LDR worldlights          3/8192          300/819200   ( 0.0%) 
HDR worldlights          0/8192            0/819200   ( 0.0%) 
leafwaterdata            0/32768           0/393216   ( 0.0%) 
waterstrips              0/32768           0/327680   ( 0.0%) 
waterverts               0/65536           0/786432   ( 0.0%) 
waterindices             0/65536           0/131072   ( 0.0%) 
cubemapsamples           0/1024            0/16384    ( 0.0%) 
overlays                 0/1024            0/360448   ( 0.0%) 
LDR lightdata         [variable]      197816/0        ( 0.0%) 
HDR lightdata         [variable]           0/0        ( 0.0%) 
visdata               [variable]          84/16777216 ( 0.0%) 
entdata               [variable]        3592/393216   ( 0.9%) 
LDR ambient table       55/65536         220/262144   ( 0.1%) 
HDR ambient table       55/65536         220/262144   ( 0.1%) 
LDR leaf ambient       192/65536        5376/1835008  ( 0.3%) 
HDR leaf ambient        55/65536        1540/1835008  ( 0.1%) 
occluders                0/0               0/0        ( 0.0%) 
occluder polygons        0/0               0/0        ( 0.0%) 
occluder vert ind        0/0               0/0        ( 0.0%) 
detail props          [variable]           1/12       ( 8.3%) 
static props          [variable]           1/12       ( 8.3%) 
pakfile               [variable]       74506/0        ( 0.0%) 
physics               [variable]        4370/4194304  ( 0.1%) 
physics terrain       [variable]           2/1048576  ( 0.0%) 

Level flags = 7c

Total triangle count: 148
Writing d:\desktop\csgo\hammer maps\target-hardened\target_hardened_2\achievement_target_hardened.bsp
MSG_FILEWRITE - Filesystem was asked to write to 'd:\desktop\csgo\hammer maps\target-hardened\target_hardened_2\achievement_target_hardened.bsp', but we don't own that location. Allowing...
0 seconds elapsed



materialPath: D:\Steam\steamapps\common\Counter-Strike Global Offensive\csgo\materials
Loading D:\Desktop\csgo\hammer maps\Target-Hardened\target_hardened_2\achievement_target_hardened.vmf
Map revision 40
fixing up env_cubemap materials on brush sides...
0...1...2...3...4...5...6...7...8...9...100...1...2...3...4...5...6...7...8...9...10Processing areas...done (0)
Building Faces...done (0)
Chop Details...done (0)
Find Visible Detail Sides...done (0)
Merging details...done (0)
FixTjuncs...
PruneNodes...
WriteBSP...
done (0)
writing D:\Desktop\csgo\hammer maps\Target-Hardened\target_hardened_2\achievement_target_hardened.prt...Building visibility clusters...
AutoVisClustering (threshold=-1) matched 0 leafs.
done (0)
Finding displacement neighbors...
Finding lightmap sample positions...
Displacement Alpha : 0...1...2...3...4...5...6...7...8...9...10
Building Physics collision data...
done (0) (7137 bytes)
Placing detail props : 0...1...2...3...4...5...6...7...8...9...10
Compacting texture/material tables...
Reduced 23 texinfos to 16
Reduced 4 texdatas to 4 (78 bytes to 78)
Writing D:\Desktop\csgo\hammer maps\Target-Hardened\target_hardened_2\achievement_target_hardened.bsp
MSG_FILEWRITE - Filesystem was asked to write to 'd:\desktop\csgo\hammer maps\target-hardened\target_hardened_2\achievement_target_hardened.bsp', but we don't own that location. Allowing...
0 seconds elapsed



4 threads
reading d:\desktop\csgo\hammer maps\target-hardened\target_hardened_2\achievement_target_hardened.bsp
reading d:\desktop\csgo\hammer maps\target-hardened\target_hardened_2\achievement_target_hardened.prt
   5 portalclusters
   0 numportals
0...1...2...3...4...5...6...7...8...9...100...1...2...3...4...5...6...7...8...9...10Optimized: 0 visible clusters (0.00%)
Total clusters visible: 5
Average clusters visible: 1
Building PAS...
Average clusters audible: 1
visdatasize:54  compressed from 80
writing d:\desktop\csgo\hammer maps\target-hardened\target_hardened_2\achievement_target_hardened.bsp
MSG_FILEWRITE - Filesystem was asked to write to 'd:\desktop\csgo\hammer maps\target-hardened\target_hardened_2\achievement_target_hardened.bsp', but we don't own that location. Allowing...
0 seconds elapsed



[Reading texlights from 'lights.rad']
[17 texlights parsed from 'lights.rad']

Loading d:\desktop\csgo\hammer maps\target-hardened\target_hardened_2\achievement_target_hardened.bsp
54 faces
23968 square feet [3451392.00 square inches]
0 Displacements
0 Square Feet [0.00 Square Inches]
54 patches before subdivision
1284 patches after subdivision
2 direct lights
0...1...2...3...4...5...6...7...8...9...100...1...2...3...4...5...6...7...8...9...10transfers 53332, max 124
transfer lists:   0.4 megs
0...1...2...3...4...5...6...7...8...9...10	Bounce #1 added RGB(1554, 437, 4)
0...1...2...3...4...5...6...7...8...9...10	Bounce #2 added RGB(921, 73, 0)
0...1...2...3...4...5...6...7...8...9...10	Bounce #3 added RGB(544, 12, 0)
0...1...2...3...4...5...6...7...8...9...10	Bounce #4 added RGB(324, 2, 0)
0...1...2...3...4...5...6...7...8...9...10	Bounce #5 added RGB(193, 0, 0)
0...1...2...3...4...5...6...7...8...9...10	Bounce #6 added RGB(115, 0, 0)
0...1...2...3...4...5...6...7...8...9...10	Bounce #7 added RGB(68, 0, 0)
0...1...2...3...4...5...6...7...8...9...10	Bounce #8 added RGB(41, 0, 0)
0...1...2...3...4...5...6...7...8...9...10	Bounce #9 added RGB(24, 0, 0)
0...1...2...3...4...5...6...7...8...9...10	Bounce #10 added RGB(15, 0, 0)
0...1...2...3...4...5...6...7...8...9...10	Bounce #11 added RGB(9, 0, 0)
0...1...2...3...4...5...6...7...8...9...10	Bounce #12 added RGB(5, 0, 0)
0...1...2...3...4...5...6...7...8...9...10	Bounce #13 added RGB(3, 0, 0)
0...1...2...3...4...5...6...7...8...9...10	Bounce #14 added RGB(2, 0, 0)
0...1...2...3...4...5...6...7...8...9...10	Bounce #15 added RGB(1, 0, 0)
0...1...2...3...4...5...6...7...8...9...10	Bounce #16 added RGB(1, 0, 0)
Build Patch/Sample Hash Table(s).....Done<0.0004 sec>
0...1...2...3...4...5...6...7...8...9...10FinalLightFace Done
0 of 0 (0% of) surface lights went in leaf ambient cubes.
0...1...2...3...4...5...6...7...8...9...10Writing leaf ambient...done
Ready to Finish

Object names       Objects/Maxobjs  Memory / Maxmem  Fullness 
------------       ---------------  ---------------  -------- 
models                   5/1024          240/49152    ( 0.5%) 
brushes                 15/8192          180/98304    ( 0.2%) 
brushsides              90/81920         720/655360   ( 0.1%) 
planes                 104/65536        2080/1310720  ( 0.2%) 
vertexes               113/65536        1356/786432   ( 0.2%) 
nodes                   49/65536        1568/2097152  ( 0.1%) 
texinfos                16/12288        1152/884736   ( 0.1%) 
texdata                  4/4096          128/131072   ( 0.1%) 
dispinfos                0/0               0/0        ( 0.0%) 
disp_verts               0/0               0/0        ( 0.0%) 
disp_tris                0/0               0/0        ( 0.0%) 
disp_multiblend          0/0               0/0        ( 0.0%) 
disp_lmsamples           0/0               0/0        ( 0.0%) 
faces                   54/65536        3024/3670016  ( 0.1%) 
hdr faces                0/65536           0/3670016  ( 0.0%) 
origfaces               38/65536        2128/3670016  ( 0.1%) 
facebrushes              0/0               0/0        ( 0.0%) 
facebrushlists          54/0             216/0        ( 0.0%) 
leaves                  55/65536        1760/2097152  ( 0.1%) 
leaffaces               54/65536         108/131072   ( 0.1%) 
leafbrushes             30/65536          60/131072   ( 0.0%) 
areas                    6/1024           48/8192     ( 0.6%) 
surfedges              368/512000       1472/2048000  ( 0.1%) 
edges                  213/256000        852/1024000  ( 0.1%) 
LDR worldlights          2/8192          200/819200   ( 0.0%) 
HDR worldlights          0/8192            0/819200   ( 0.0%) 
leafwaterdata            0/32768           0/393216   ( 0.0%) 
waterstrips              0/32768           0/327680   ( 0.0%) 
waterverts               0/65536           0/786432   ( 0.0%) 
waterindices             0/65536           0/131072   ( 0.0%) 
cubemapsamples           0/1024            0/16384    ( 0.0%) 
overlays                 0/1024            0/360448   ( 0.0%) 
LDR lightdata         [variable]       80220/0        ( 0.0%) 
HDR lightdata         [variable]           0/0        ( 0.0%) 
visdata               [variable]          54/16777216 ( 0.0%) 
entdata               [variable]        4884/393216   ( 1.2%) 
LDR ambient table       55/65536         220/262144   ( 0.1%) 
HDR ambient table       55/65536         220/262144   ( 0.1%) 
LDR leaf ambient       104/65536        2912/1835008  ( 0.2%) 
HDR leaf ambient        55/65536        1540/1835008  ( 0.1%) 
occluders                0/0               0/0        ( 0.0%) 
occluder polygons        0/0               0/0        ( 0.0%) 
occluder vert ind        0/0               0/0        ( 0.0%) 
detail props          [variable]           1/12       ( 8.3%) 
static props          [variable]           1/12       ( 8.3%) 
pakfile               [variable]       74506/0        ( 0.0%) 
physics               [variable]        7137/4194304  ( 0.2%) 
physics terrain       [variable]           2/1048576  ( 0.0%) 

Level flags = 7c

Total triangle count: 108
Writing d:\desktop\csgo\hammer maps\target-hardened\target_hardened_2\achievement_target_hardened.bsp
MSG_FILEWRITE - Filesystem was asked to write to 'd:\desktop\csgo\hammer maps\target-hardened\target_hardened_2\achievement_target_hardened.bsp', but we don't own that location. Allowing...
0 seconds elapsed
