


materialPath: D:\Steam\steamapps\common\Counter-Strike Global Offensive\csgo\materials
Loading D:\OneDrive\Desktop\csgo\hammer maps\One Shot One Kill\achievement_one_shot_one_kill.vmf
Map revision 29
fixing up env_cubemap materials on brush sides...
0...1...2...3...4...5...6...7...8...9...100...1...2...3...4...5...6...7...8...9...10Processing areas...done (0)
Building Faces...done (0)
Chop Details...done (0)
Find Visible Detail Sides...done (0)
Merging details...done (0)
FixTjuncs...
PruneNodes...
WriteBSP...
done (0)
writing D:\OneDrive\Desktop\csgo\hammer maps\One Shot One Kill\achievement_one_shot_one_kill.prt...Building visibility clusters...
AutoVisClustering (threshold=-1) matched 0 leafs.
done (0)
Finding displacement neighbors...
Finding lightmap sample positions...
Displacement Alpha : 0...1...2...3...4...5...6...7...8...9...10
Building Physics collision data...
done (0) (11127 bytes)
Placing detail props : 0...1...2...3...4...5...6...7...8...9...10
Compacting texture/material tables...
Reduced 24 texinfos to 17
Reduced 4 texdatas to 4 (78 bytes to 78)
Writing D:\OneDrive\Desktop\csgo\hammer maps\One Shot One Kill\achievement_one_shot_one_kill.bsp
MSG_FILEWRITE - Filesystem was asked to write to 'd:\onedrive\desktop\csgo\hammer maps\one shot one kill\achievement_one_shot_one_kill.bsp', but we don't own that location. Allowing...
0 seconds elapsed



16 threads
reading d:\onedrive\desktop\csgo\hammer maps\one shot one kill\achievement_one_shot_one_kill.bsp
reading d:\onedrive\desktop\csgo\hammer maps\one shot one kill\achievement_one_shot_one_kill.prt
   9 portalclusters
   5 numportals
0...1...2...3...4...5...6...7...8...9...100...1...2...3...4...5...6...7...8...9...10Optimized: 0 visible clusters (0.00%)
Total clusters visible: 21
Average clusters visible: 2
Building PAS...
Average clusters audible: 2
visdatasize:126  compressed from 144
writing d:\onedrive\desktop\csgo\hammer maps\one shot one kill\achievement_one_shot_one_kill.bsp
MSG_FILEWRITE - Filesystem was asked to write to 'd:\onedrive\desktop\csgo\hammer maps\one shot one kill\achievement_one_shot_one_kill.bsp', but we don't own that location. Allowing...
0 seconds elapsed



[Reading texlights from 'lights.rad']
[17 texlights parsed from 'lights.rad']

Loading d:\onedrive\desktop\csgo\hammer maps\one shot one kill\achievement_one_shot_one_kill.bsp
72 faces
4902 square feet [705984.06 square inches]
0 Displacements
0 Square Feet [0.00 Square Inches]
72 patches before subdivision
542 patches after subdivision
2 direct lights
0...1...2...3...4...5...6...7...8...9...100...1...2...3...4...5...6...7...8...9...10transfers 16209, max 107
transfer lists:   0.1 megs
0...1...2...3...4...5...6...7...8...9...10	Bounce #1 added RGB(3183, 895, 9)
0...1...2...3...4...5...6...7...8...9...10	Bounce #2 added RGB(2130, 168, 0)
0...1...2...3...4...5...6...7...8...9...10	Bounce #3 added RGB(1413, 31, 0)
0...1...2...3...4...5...6...7...8...9...10	Bounce #4 added RGB(938, 6, 0)
0...1...2...3...4...5...6...7...8...9...10	Bounce #5 added RGB(622, 1, 0)
0...1...2...3...4...5...6...7...8...9...10	Bounce #6 added RGB(412, 0, 0)
0...1...2...3...4...5...6...7...8...9...10	Bounce #7 added RGB(272, 0, 0)
0...1...2...3...4...5...6...7...8...9...10	Bounce #8 added RGB(180, 0, 0)
0...1...2...3...4...5...6...7...8...9...10	Bounce #9 added RGB(119, 0, 0)
0...1...2...3...4...5...6...7...8...9...10	Bounce #10 added RGB(79, 0, 0)
0...1...2...3...4...5...6...7...8...9...10	Bounce #11 added RGB(52, 0, 0)
0...1...2...3...4...5...6...7...8...9...10	Bounce #12 added RGB(34, 0, 0)
0...1...2...3...4...5...6...7...8...9...10	Bounce #13 added RGB(23, 0, 0)
0...1...2...3...4...5...6...7...8...9...10	Bounce #14 added RGB(15, 0, 0)
0...1...2...3...4...5...6...7...8...9...10	Bounce #15 added RGB(10, 0, 0)
0...1...2...3...4...5...6...7...8...9...10	Bounce #16 added RGB(7, 0, 0)
0...1...2...3...4...5...6...7...8...9...10	Bounce #17 added RGB(4, 0, 0)
0...1...2...3...4...5...6...7...8...9...10	Bounce #18 added RGB(3, 0, 0)
0...1...2...3...4...5...6...7...8...9...10	Bounce #19 added RGB(2, 0, 0)
0...1...2...3...4...5...6...7...8...9...10	Bounce #20 added RGB(1, 0, 0)
0...1...2...3...4...5...6...7...8...9...10	Bounce #21 added RGB(1, 0, 0)
Build Patch/Sample Hash Table(s).....Done<0.0001 sec>
0...1...2...3...4...5...6...7...8...9...10FinalLightFace Done
0 of 0 (0% of) surface lights went in leaf ambient cubes.
0...1...2...3...4...5...6...7...8...9...10Writing leaf ambient...done
Ready to Finish

Object names       Objects/Maxobjs  Memory / Maxmem  Fullness 
------------       ---------------  ---------------  -------- 
models                   6/1024          288/49152    ( 0.6%) 
brushes                 24/8192          288/98304    ( 0.3%) 
brushsides             148/81920        1184/655360   ( 0.2%) 
planes                 122/65536        2440/1310720  ( 0.2%) 
vertexes               133/65536        1596/786432   ( 0.2%) 
nodes                   67/65536        2144/2097152  ( 0.1%) 
texinfos                17/12288        1224/884736   ( 0.1%) 
texdata                  4/4096          128/131072   ( 0.1%) 
dispinfos                0/0               0/0        ( 0.0%) 
disp_verts               0/0               0/0        ( 0.0%) 
disp_tris                0/0               0/0        ( 0.0%) 
disp_multiblend          0/0               0/0        ( 0.0%) 
disp_lmsamples           0/0               0/0        ( 0.0%) 
faces                   72/65536        4032/3670016  ( 0.1%) 
hdr faces                0/65536           0/3670016  ( 0.0%) 
origfaces               46/65536        2576/3670016  ( 0.1%) 
facebrushes              0/0               0/0        ( 0.0%) 
facebrushlists          72/0             288/0        ( 0.0%) 
leaves                  74/65536        2368/2097152  ( 0.1%) 
leaffaces               74/65536         148/131072   ( 0.1%) 
leafbrushes             53/65536         106/131072   ( 0.1%) 
areas                    5/1024           40/8192     ( 0.5%) 
surfedges              476/512000       1904/2048000  ( 0.1%) 
edges                  271/256000       1084/1024000  ( 0.1%) 
LDR worldlights          2/8192          200/819200   ( 0.0%) 
HDR worldlights          0/8192            0/819200   ( 0.0%) 
leafwaterdata            0/32768           0/393216   ( 0.0%) 
waterstrips              1/32768          10/327680   ( 0.0%) 
waterverts               0/65536           0/786432   ( 0.0%) 
waterindices            18/65536          36/131072   ( 0.0%) 
cubemapsamples           0/1024            0/16384    ( 0.0%) 
overlays                 0/1024            0/360448   ( 0.0%) 
LDR lightdata         [variable]       18772/0        ( 0.0%) 
HDR lightdata         [variable]           0/0        ( 0.0%) 
visdata               [variable]         126/16777216 ( 0.0%) 
entdata               [variable]        4565/393216   ( 1.2%) 
LDR ambient table       74/65536         296/262144   ( 0.1%) 
HDR ambient table       74/65536         296/262144   ( 0.1%) 
LDR leaf ambient       167/65536        4676/1835008  ( 0.3%) 
HDR leaf ambient        74/65536        2072/1835008  ( 0.1%) 
occluders                0/0               0/0        ( 0.0%) 
occluder polygons        0/0               0/0        ( 0.0%) 
occluder vert ind        0/0               0/0        ( 0.0%) 
detail props          [variable]           1/12       ( 8.3%) 
static props          [variable]           1/12       ( 8.3%) 
pakfile               [variable]       74514/0        ( 0.0%) 
physics               [variable]       11127/4194304  ( 0.3%) 
physics terrain       [variable]           2/1048576  ( 0.0%) 

Level flags = 7c

Total triangle count: 148
Writing d:\onedrive\desktop\csgo\hammer maps\one shot one kill\achievement_one_shot_one_kill.bsp
MSG_FILEWRITE - Filesystem was asked to write to 'd:\onedrive\desktop\csgo\hammer maps\one shot one kill\achievement_one_shot_one_kill.bsp', but we don't own that location. Allowing...
0 seconds elapsed



materialPath: D:\Steam\steamapps\common\Counter-Strike Global Offensive\csgo\materials
Loading D:\OneDrive\Desktop\csgo\hammer maps\One Shot One Kill\achievement_one_shot_one_kill.vmf
Map revision 30
fixing up env_cubemap materials on brush sides...
0...1...2...3...4...5...6...7...8...9...100...1...2...3...4...5...6...7...8...9...10Processing areas...done (0)
Building Faces...done (0)
Chop Details...done (0)
Find Visible Detail Sides...done (0)
Merging details...done (0)
FixTjuncs...
PruneNodes...
WriteBSP...
done (0)
writing D:\OneDrive\Desktop\csgo\hammer maps\One Shot One Kill\achievement_one_shot_one_kill.prt...Building visibility clusters...
AutoVisClustering (threshold=-1) matched 0 leafs.
done (0)
Finding displacement neighbors...
Finding lightmap sample positions...
Displacement Alpha : 0...1...2...3...4...5...6...7...8...9...10
Building Physics collision data...
done (0) (11127 bytes)
Placing detail props : 0...1...2...3...4...5...6...7...8...9...10
Compacting texture/material tables...
Reduced 24 texinfos to 17
Reduced 4 texdatas to 4 (78 bytes to 78)
Writing D:\OneDrive\Desktop\csgo\hammer maps\One Shot One Kill\achievement_one_shot_one_kill.bsp
MSG_FILEWRITE - Filesystem was asked to write to 'd:\onedrive\desktop\csgo\hammer maps\one shot one kill\achievement_one_shot_one_kill.bsp', but we don't own that location. Allowing...
0 seconds elapsed



16 threads
reading d:\onedrive\desktop\csgo\hammer maps\one shot one kill\achievement_one_shot_one_kill.bsp
reading d:\onedrive\desktop\csgo\hammer maps\one shot one kill\achievement_one_shot_one_kill.prt
   9 portalclusters
   5 numportals
0...1...2...3...4...5...6...7...8...9...100...1...2...3...4...5...6...7...8...9...10Optimized: 0 visible clusters (0.00%)
Total clusters visible: 21
Average clusters visible: 2
Building PAS...
Average clusters audible: 2
visdatasize:126  compressed from 144
writing d:\onedrive\desktop\csgo\hammer maps\one shot one kill\achievement_one_shot_one_kill.bsp
MSG_FILEWRITE - Filesystem was asked to write to 'd:\onedrive\desktop\csgo\hammer maps\one shot one kill\achievement_one_shot_one_kill.bsp', but we don't own that location. Allowing...
0 seconds elapsed



[Reading texlights from 'lights.rad']
[17 texlights parsed from 'lights.rad']

Loading d:\onedrive\desktop\csgo\hammer maps\one shot one kill\achievement_one_shot_one_kill.bsp
72 faces
4902 square feet [705984.06 square inches]
0 Displacements
0 Square Feet [0.00 Square Inches]
72 patches before subdivision
542 patches after subdivision
2 direct lights
0...1...2...3...4...5...6...7...8...9...100...1...2...3...4...5...6...7...8...9...10transfers 16209, max 107
transfer lists:   0.1 megs
0...1...2...3...4...5...6...7...8...9...10	Bounce #1 added RGB(3183, 895, 9)
0...1...2...3...4...5...6...7...8...9...10	Bounce #2 added RGB(2130, 168, 0)
0...1...2...3...4...5...6...7...8...9...10	Bounce #3 added RGB(1413, 31, 0)
0...1...2...3...4...5...6...7...8...9...10	Bounce #4 added RGB(938, 6, 0)
0...1...2...3...4...5...6...7...8...9...10	Bounce #5 added RGB(622, 1, 0)
0...1...2...3...4...5...6...7...8...9...10	Bounce #6 added RGB(412, 0, 0)
0...1...2...3...4...5...6...7...8...9...10	Bounce #7 added RGB(272, 0, 0)
0...1...2...3...4...5...6...7...8...9...10	Bounce #8 added RGB(180, 0, 0)
0...1...2...3...4...5...6...7...8...9...10	Bounce #9 added RGB(119, 0, 0)
0...1...2...3...4...5...6...7...8...9...10	Bounce #10 added RGB(79, 0, 0)
0...1...2...3...4...5...6...7...8...9...10	Bounce #11 added RGB(52, 0, 0)
0...1...2...3...4...5...6...7...8...9...10	Bounce #12 added RGB(34, 0, 0)
0...1...2...3...4...5...6...7...8...9...10	Bounce #13 added RGB(23, 0, 0)
0...1...2...3...4...5...6...7...8...9...10	Bounce #14 added RGB(15, 0, 0)
0...1...2...3...4...5...6...7...8...9...10	Bounce #15 added RGB(10, 0, 0)
0...1...2...3...4...5...6...7...8...9...10	Bounce #16 added RGB(7, 0, 0)
0...1...2...3...4...5...6...7...8...9...10	Bounce #17 added RGB(4, 0, 0)
0...1...2...3...4...5...6...7...8...9...10	Bounce #18 added RGB(3, 0, 0)
0...1...2...3...4...5...6...7...8...9...10	Bounce #19 added RGB(2, 0, 0)
0...1...2...3...4...5...6...7...8...9...10	Bounce #20 added RGB(1, 0, 0)
0...1...2...3...4...5...6...7...8...9...10	Bounce #21 added RGB(1, 0, 0)
Build Patch/Sample Hash Table(s).....Done<0.0001 sec>
0...1...2...3...4...5...6...7...8...9...10FinalLightFace Done
0 of 0 (0% of) surface lights went in leaf ambient cubes.
0...1...2...3...4...5...6...7...8...9...10Writing leaf ambient...done
Ready to Finish

Object names       Objects/Maxobjs  Memory / Maxmem  Fullness 
------------       ---------------  ---------------  -------- 
models                   6/1024          288/49152    ( 0.6%) 
brushes                 24/8192          288/98304    ( 0.3%) 
brushsides             148/81920        1184/655360   ( 0.2%) 
planes                 122/65536        2440/1310720  ( 0.2%) 
vertexes               133/65536        1596/786432   ( 0.2%) 
nodes                   67/65536        2144/2097152  ( 0.1%) 
texinfos                17/12288        1224/884736   ( 0.1%) 
texdata                  4/4096          128/131072   ( 0.1%) 
dispinfos                0/0               0/0        ( 0.0%) 
disp_verts               0/0               0/0        ( 0.0%) 
disp_tris                0/0               0/0        ( 0.0%) 
disp_multiblend          0/0               0/0        ( 0.0%) 
disp_lmsamples           0/0               0/0        ( 0.0%) 
faces                   72/65536        4032/3670016  ( 0.1%) 
hdr faces                0/65536           0/3670016  ( 0.0%) 
origfaces               46/65536        2576/3670016  ( 0.1%) 
facebrushes              0/0               0/0        ( 0.0%) 
facebrushlists          72/0             288/0        ( 0.0%) 
leaves                  74/65536        2368/2097152  ( 0.1%) 
leaffaces               74/65536         148/131072   ( 0.1%) 
leafbrushes             53/65536         106/131072   ( 0.1%) 
areas                    5/1024           40/8192     ( 0.5%) 
surfedges              476/512000       1904/2048000  ( 0.1%) 
edges                  271/256000       1084/1024000  ( 0.1%) 
LDR worldlights          2/8192          200/819200   ( 0.0%) 
HDR worldlights          0/8192            0/819200   ( 0.0%) 
leafwaterdata            0/32768           0/393216   ( 0.0%) 
waterstrips              1/32768          10/327680   ( 0.0%) 
waterverts               0/65536           0/786432   ( 0.0%) 
waterindices            18/65536          36/131072   ( 0.0%) 
cubemapsamples           0/1024            0/16384    ( 0.0%) 
overlays                 0/1024            0/360448   ( 0.0%) 
LDR lightdata         [variable]       18772/0        ( 0.0%) 
HDR lightdata         [variable]           0/0        ( 0.0%) 
visdata               [variable]         126/16777216 ( 0.0%) 
entdata               [variable]        4567/393216   ( 1.2%) 
LDR ambient table       74/65536         296/262144   ( 0.1%) 
HDR ambient table       74/65536         296/262144   ( 0.1%) 
LDR leaf ambient       167/65536        4676/1835008  ( 0.3%) 
HDR leaf ambient        74/65536        2072/1835008  ( 0.1%) 
occluders                0/0               0/0        ( 0.0%) 
occluder polygons        0/0               0/0        ( 0.0%) 
occluder vert ind        0/0               0/0        ( 0.0%) 
detail props          [variable]           1/12       ( 8.3%) 
static props          [variable]           1/12       ( 8.3%) 
pakfile               [variable]       74514/0        ( 0.0%) 
physics               [variable]       11127/4194304  ( 0.3%) 
physics terrain       [variable]           2/1048576  ( 0.0%) 

Level flags = 7c

Total triangle count: 148
Writing d:\onedrive\desktop\csgo\hammer maps\one shot one kill\achievement_one_shot_one_kill.bsp
MSG_FILEWRITE - Filesystem was asked to write to 'd:\onedrive\desktop\csgo\hammer maps\one shot one kill\achievement_one_shot_one_kill.bsp', but we don't own that location. Allowing...
0 seconds elapsed



materialPath: D:\Steam\steamapps\common\Counter-Strike Global Offensive\csgo\materials
Loading D:\OneDrive\Desktop\csgo\hammer maps\One Shot One Kill\achievement_one_shot_one_kill.vmf
Map revision 31
fixing up env_cubemap materials on brush sides...
0...1...2...3...4...5...6...7...8...9...100...1...2...3...4...5...6...7...8...9...10Processing areas...done (0)
Building Faces...done (0)
Chop Details...done (0)
Find Visible Detail Sides...done (0)
Merging details...done (0)
FixTjuncs...
PruneNodes...
WriteBSP...
done (0)
writing D:\OneDrive\Desktop\csgo\hammer maps\One Shot One Kill\achievement_one_shot_one_kill.prt...Building visibility clusters...
AutoVisClustering (threshold=-1) matched 0 leafs.
done (0)
Finding displacement neighbors...
Finding lightmap sample positions...
Displacement Alpha : 0...1...2...3...4...5...6...7...8...9...10
Building Physics collision data...
done (0) (11127 bytes)
Placing detail props : 0...1...2...3...4...5...6...7...8...9...10
Compacting texture/material tables...
Reduced 24 texinfos to 17
Reduced 4 texdatas to 4 (78 bytes to 78)
Writing D:\OneDrive\Desktop\csgo\hammer maps\One Shot One Kill\achievement_one_shot_one_kill.bsp
MSG_FILEWRITE - Filesystem was asked to write to 'd:\onedrive\desktop\csgo\hammer maps\one shot one kill\achievement_one_shot_one_kill.bsp', but we don't own that location. Allowing...
0 seconds elapsed



16 threads
reading d:\onedrive\desktop\csgo\hammer maps\one shot one kill\achievement_one_shot_one_kill.bsp
reading d:\onedrive\desktop\csgo\hammer maps\one shot one kill\achievement_one_shot_one_kill.prt
   9 portalclusters
   5 numportals
0...1...2...3...4...5...6...7...8...9...100...1...2...3...4...5...6...7...8...9...10Optimized: 0 visible clusters (0.00%)
Total clusters visible: 21
Average clusters visible: 2
Building PAS...
Average clusters audible: 2
visdatasize:126  compressed from 144
writing d:\onedrive\desktop\csgo\hammer maps\one shot one kill\achievement_one_shot_one_kill.bsp
MSG_FILEWRITE - Filesystem was asked to write to 'd:\onedrive\desktop\csgo\hammer maps\one shot one kill\achievement_one_shot_one_kill.bsp', but we don't own that location. Allowing...
0 seconds elapsed



[Reading texlights from 'lights.rad']
[17 texlights parsed from 'lights.rad']

Loading d:\onedrive\desktop\csgo\hammer maps\one shot one kill\achievement_one_shot_one_kill.bsp
72 faces
4902 square feet [705984.06 square inches]
0 Displacements
0 Square Feet [0.00 Square Inches]
72 patches before subdivision
542 patches after subdivision
2 direct lights
0...1...2...3...4...5...6...7...8...9...100...1...2...3...4...5...6...7...8...9...10transfers 16209, max 107
transfer lists:   0.1 megs
0...1...2...3...4...5...6...7...8...9...10	Bounce #1 added RGB(3183, 895, 9)
0...1...2...3...4...5...6...7...8...9...10	Bounce #2 added RGB(2130, 168, 0)
0...1...2...3...4...5...6...7...8...9...10	Bounce #3 added RGB(1413, 31, 0)
0...1...2...3...4...5...6...7...8...9...10	Bounce #4 added RGB(938, 6, 0)
0...1...2...3...4...5...6...7...8...9...10	Bounce #5 added RGB(622, 1, 0)
0...1...2...3...4...5...6...7...8...9...10	Bounce #6 added RGB(412, 0, 0)
0...1...2...3...4...5...6...7...8...9...10	Bounce #7 added RGB(272, 0, 0)
0...1...2...3...4...5...6...7...8...9...10	Bounce #8 added RGB(180, 0, 0)
0...1...2...3...4...5...6...7...8...9...10	Bounce #9 added RGB(119, 0, 0)
0...1...2...3...4...5...6...7...8...9...10	Bounce #10 added RGB(79, 0, 0)
0...1...2...3...4...5...6...7...8...9...10	Bounce #11 added RGB(52, 0, 0)
0...1...2...3...4...5...6...7...8...9...10	Bounce #12 added RGB(34, 0, 0)
0...1...2...3...4...5...6...7...8...9...10	Bounce #13 added RGB(23, 0, 0)
0...1...2...3...4...5...6...7...8...9...10	Bounce #14 added RGB(15, 0, 0)
0...1...2...3...4...5...6...7...8...9...10	Bounce #15 added RGB(10, 0, 0)
0...1...2...3...4...5...6...7...8...9...10	Bounce #16 added RGB(7, 0, 0)
0...1...2...3...4...5...6...7...8...9...10	Bounce #17 added RGB(4, 0, 0)
0...1...2...3...4...5...6...7...8...9...10	Bounce #18 added RGB(3, 0, 0)
0...1...2...3...4...5...6...7...8...9...10	Bounce #19 added RGB(2, 0, 0)
0...1...2...3...4...5...6...7...8...9...10	Bounce #20 added RGB(1, 0, 0)
0...1...2...3...4...5...6...7...8...9...10	Bounce #21 added RGB(1, 0, 0)
Build Patch/Sample Hash Table(s).....Done<0.0001 sec>
0...1...2...3...4...5...6...7...8...9...10FinalLightFace Done
0 of 0 (0% of) surface lights went in leaf ambient cubes.
0...1...2...3...4...5...6...7...8...9...10Writing leaf ambient...done
Ready to Finish

Object names       Objects/Maxobjs  Memory / Maxmem  Fullness 
------------       ---------------  ---------------  -------- 
models                   6/1024          288/49152    ( 0.6%) 
brushes                 24/8192          288/98304    ( 0.3%) 
brushsides             148/81920        1184/655360   ( 0.2%) 
planes                 122/65536        2440/1310720  ( 0.2%) 
vertexes               133/65536        1596/786432   ( 0.2%) 
nodes                   67/65536        2144/2097152  ( 0.1%) 
texinfos                17/12288        1224/884736   ( 0.1%) 
texdata                  4/4096          128/131072   ( 0.1%) 
dispinfos                0/0               0/0        ( 0.0%) 
disp_verts               0/0               0/0        ( 0.0%) 
disp_tris                0/0               0/0        ( 0.0%) 
disp_multiblend          0/0               0/0        ( 0.0%) 
disp_lmsamples           0/0               0/0        ( 0.0%) 
faces                   72/65536        4032/3670016  ( 0.1%) 
hdr faces                0/65536           0/3670016  ( 0.0%) 
origfaces               46/65536        2576/3670016  ( 0.1%) 
facebrushes              0/0               0/0        ( 0.0%) 
facebrushlists          72/0             288/0        ( 0.0%) 
leaves                  74/65536        2368/2097152  ( 0.1%) 
leaffaces               74/65536         148/131072   ( 0.1%) 
leafbrushes             53/65536         106/131072   ( 0.1%) 
areas                    5/1024           40/8192     ( 0.5%) 
surfedges              476/512000       1904/2048000  ( 0.1%) 
edges                  271/256000       1084/1024000  ( 0.1%) 
LDR worldlights          2/8192          200/819200   ( 0.0%) 
HDR worldlights          0/8192            0/819200   ( 0.0%) 
leafwaterdata            0/32768           0/393216   ( 0.0%) 
waterstrips              1/32768          10/327680   ( 0.0%) 
waterverts               0/65536           0/786432   ( 0.0%) 
waterindices            18/65536          36/131072   ( 0.0%) 
cubemapsamples           0/1024            0/16384    ( 0.0%) 
overlays                 0/1024            0/360448   ( 0.0%) 
LDR lightdata         [variable]       18772/0        ( 0.0%) 
HDR lightdata         [variable]           0/0        ( 0.0%) 
visdata               [variable]         126/16777216 ( 0.0%) 
entdata               [variable]        4693/393216   ( 1.2%) 
LDR ambient table       74/65536         296/262144   ( 0.1%) 
HDR ambient table       74/65536         296/262144   ( 0.1%) 
LDR leaf ambient       167/65536        4676/1835008  ( 0.3%) 
HDR leaf ambient        74/65536        2072/1835008  ( 0.1%) 
occluders                0/0               0/0        ( 0.0%) 
occluder polygons        0/0               0/0        ( 0.0%) 
occluder vert ind        0/0               0/0        ( 0.0%) 
detail props          [variable]           1/12       ( 8.3%) 
static props          [variable]           1/12       ( 8.3%) 
pakfile               [variable]       74514/0        ( 0.0%) 
physics               [variable]       11127/4194304  ( 0.3%) 
physics terrain       [variable]           2/1048576  ( 0.0%) 

Level flags = 7c

Total triangle count: 148
Writing d:\onedrive\desktop\csgo\hammer maps\one shot one kill\achievement_one_shot_one_kill.bsp
MSG_FILEWRITE - Filesystem was asked to write to 'd:\onedrive\desktop\csgo\hammer maps\one shot one kill\achievement_one_shot_one_kill.bsp', but we don't own that location. Allowing...
0 seconds elapsed
