PRT1
29
63
4 0 2 (3965.909912 0 126.214996 ) (3072 0 126.214996 ) (3072 0 -41.542599 ) (3965.909912 0 -41.542599 ) 
4 0 1 (3072 0 -41.542599 ) (3072 0 126.214996 ) (3072 440.399994 126.214996 ) (3072 440.399994 -41.542599 ) 
4 1 4 (2048 0 -41.542599 ) (2048 0 126.214996 ) (2048 440.399994 126.214996 ) (2048 440.399994 -41.542599 ) 
4 1 3 (3072 0 -41.542599 ) (3072 0 126.214996 ) (2048 0 126.214996 ) (2048 0 -41.542599 ) 
4 2 3 (3072 0 126.214996 ) (3072 0 -41.542599 ) (3072 -760.400085 -41.542599 ) (3072 -760.400085 126.214996 ) 
4 3 18 (2048 -760.400085 126.214996 ) (2048 0 126.214996 ) (2048 0 -41.542599 ) (2048 -760.400085 -41.542599 ) 
4 4 18 (2048 0 -41.542599 ) (2048 0 126.214996 ) (1024 0 126.214996 ) (1024 0 -41.542599 ) 
4 4 5 (1024 0 -41.542599 ) (1024 0 126.214996 ) (1024 440.399994 126.214996 ) (1024 440.399994 -41.542599 ) 
4 5 19 (1024 0 -41.542599 ) (1024 0 126.214996 ) (0 0 126.214996 ) (0 0 -41.542599 ) 
4 5 7 (0 0 -41.542599 ) (0 0 0 ) (0 440.399994 0 ) (0 440.399994 -41.542599 ) 
4 5 6 (0 0 0 ) (0 0 126.214996 ) (0 440.399994 126.214996 ) (0 440.399994 0 ) 
4 6 20 (0 0 0 ) (0 0 126.214996 ) (-445.909027 0 126.214996 ) (-445.909027 0 0 ) 
4 6 12 (-445.909027 0 0 ) (-445.909027 436.915985 0 ) (-335.012024 436.915985 0 ) (-335.012024 0 0 ) 
4 6 11 (-310.816010 436.915985 0 ) (-192 436.915985 0 ) (-192 0 0 ) (-310.816010 0 0 ) 
4 6 8 (-445.909027 436.915985 0 ) (-445.909027 440.399994 0 ) (-192 440.399994 0 ) (-192 436.915985 0 ) 
4 6 7 (-192 440.399994 0 ) (0 440.399994 0 ) (0 0 0 ) (-192 0 0 ) 
4 7 22 (0 0 -41.542599 ) (0 0 -41.082001 ) (-192 0 -41.082001 ) (-192 0 -41.542599 ) 
4 7 21 (0 0 -41.082001 ) (0 0 0 ) (-192 0 0 ) (-192 0 -41.082001 ) 
4 7 13 (-192 0 -41.542599 ) (-192 0 -41.082001 ) (-192 436.915985 -41.082001 ) (-192 436.915985 -41.542599 ) 
4 7 11 (-192 0 -41.082001 ) (-192 0 0 ) (-192 436.915985 0 ) (-192 436.915985 -41.082001 ) 
4 7 8 (-192 436.915985 0 ) (-192 440.399994 0 ) (-192 440.399994 -41.542599 ) (-192 436.915985 -41.542599 ) 
4 8 13 (-192 436.915985 -41.542599 ) (-192 436.915985 -41.082001 ) (-322.012024 436.915985 -41.082001 ) (-322.012024 436.915985 -41.542599 ) 
4 8 14 (-335.012024 436.915985 -41.082001 ) (-445.909027 436.915985 -41.082001 ) (-445.909027 436.915985 -41.542599 ) (-335.012024 436.915985 -41.542599 ) 
4 8 12 (-335.012024 436.915985 0 ) (-445.909027 436.915985 0 ) (-445.909027 436.915985 -41.082001 ) (-335.012024 436.915985 -41.082001 ) 
4 8 11 (-192 436.915985 -41.082001 ) (-192 436.915985 0 ) (-310.816010 436.915985 0 ) (-310.816010 436.915985 -41.082001 ) 
4 8 10 (-194 436.915985 -41.542599 ) (-313.449036 436.915985 -41.542599 ) (-313.449036 440.399994 -41.542599 ) (-194 440.399994 -41.542599 ) 
4 8 9 (-192 436.915985 -41.542599 ) (-194 436.915985 -41.542599 ) (-194 440.399994 -41.542599 ) (-192 440.399994 -41.542599 ) 
4 9 15 (-192 436.915985 -41.779598 ) (-192 436.915985 -41.542599 ) (-194 436.915985 -41.542599 ) (-194 436.915985 -41.779598 ) 
4 9 10 (-194 436.915985 -41.779598 ) (-194 436.915985 -41.542599 ) (-194 446.774994 -41.542599 ) (-194 446.774994 -41.779598 ) 
4 10 17 (-194 436.915985 -43.327301 ) (-313.449036 436.915985 -43.327301 ) (-313.449036 446.774994 -43.327301 ) (-194 446.774994 -43.327301 ) 
4 10 16 (-194 436.915985 -41.542599 ) (-313.449036 436.915985 -41.542599 ) (-313.449036 436.915985 -43.327301 ) (-194 436.915985 -43.327301 ) 
4 11 21 (-192 0 0 ) (-310.816010 0 0 ) (-310.816010 0 -41.082001 ) (-192 0 -41.082001 ) 
4 11 13 (-310.816010 436.915985 -41.082001 ) (-192 436.915985 -41.082001 ) (-192 0 -41.082001 ) (-310.816010 0 -41.082001 ) 
4 12 23 (-335.012024 0 0 ) (-445.909027 0 0 ) (-445.909027 0 -41.082001 ) (-335.012024 0 -41.082001 ) 
4 12 14 (-445.909027 0 -41.082001 ) (-445.909027 436.915985 -41.082001 ) (-335.012024 436.915985 -41.082001 ) (-335.012024 0 -41.082001 ) 
4 13 22 (-322.012024 0 -41.542599 ) (-192 0 -41.542599 ) (-192 0 -41.082001 ) (-322.012024 0 -41.082001 ) 
4 13 16 (-313.449036 436.915985 -41.542599 ) (-194 436.915985 -41.542599 ) (-194 0 -41.542599 ) (-313.449036 0 -41.542599 ) 
4 13 15 (-194 436.915985 -41.542599 ) (-192 436.915985 -41.542599 ) (-192 0 -41.542599 ) (-194 0 -41.542599 ) 
4 14 23 (-445.909027 0 -41.082001 ) (-445.909027 0 -41.542599 ) (-335.012024 0 -41.542599 ) (-335.012024 0 -41.082001 ) 
4 15 25 (-192 0 -41.779598 ) (-192 0 -41.542599 ) (-194 0 -41.542599 ) (-194 0 -41.779598 ) 
4 15 16 (-194 0 -41.542599 ) (-194 436.915985 -41.542599 ) (-194 436.915985 -41.779598 ) (-194 0 -41.779598 ) 
4 16 26 (-313.449036 0 -43.327301 ) (-194 0 -43.327301 ) (-194 0 -41.542599 ) (-313.449036 0 -41.542599 ) 
4 16 17 (-194 0 -43.327301 ) (-313.449036 0 -43.327301 ) (-313.449036 436.915985 -43.327301 ) (-194 436.915985 -43.327301 ) 
4 17 28 (-313.449036 0 -43.327301 ) (-318 0 -43.327301 ) (-318 0 -125.771011 ) (-313.449036 0 -125.771011 ) 
4 17 26 (-194 0 -43.327301 ) (-313.449036 0 -43.327301 ) (-313.449036 0 -125.771011 ) (-194 0 -125.771011 ) 
4 18 19 (1024 0 126.214996 ) (1024 0 -41.542599 ) (1024 -760.400085 -41.542599 ) (1024 -760.400085 126.214996 ) 
4 19 24 (0 -754.187012 -41.542599 ) (0 -760.400085 -41.542599 ) (0 -760.400085 126.214996 ) (0 -754.187012 126.214996 ) 
4 19 22 (0 0 -41.082001 ) (0 0 -41.542599 ) (0 -754.187012 -41.542599 ) (0 -754.187012 -41.082001 ) 
4 19 21 (0 0 0 ) (0 0 -41.082001 ) (0 -754.187012 -41.082001 ) (0 -754.187012 0 ) 
4 19 20 (0 0 126.214996 ) (0 0 0 ) (0 -754.187012 0 ) (0 -754.187012 126.214996 ) 
4 20 24 (-445.909027 -754.187012 0 ) (0 -754.187012 0 ) (0 -754.187012 126.214996 ) (-445.909027 -754.187012 126.214996 ) 
4 20 23 (-335.012024 -754.187012 0 ) (-445.909027 -754.187012 0 ) (-445.909027 0 0 ) (-335.012024 0 0 ) 
4 20 21 (0 -754.187012 0 ) (-310.816010 -754.187012 0 ) (-310.816010 0 0 ) (0 0 0 ) 
4 21 24 (0 -754.187012 -41.082001 ) (0 -754.187012 0 ) (-310.816010 -754.187012 0 ) (-310.816010 -754.187012 -41.082001 ) 
4 21 22 (0 -754.187012 -41.082001 ) (-310.816010 -754.187012 -41.082001 ) (-310.816010 0 -41.082001 ) (0 0 -41.082001 ) 
4 22 26 (-313.449036 0 -41.542599 ) (-194 0 -41.542599 ) (-194 -751.620972 -41.542599 ) (-313.449036 -751.620972 -41.542599 ) 
4 22 25 (-194 0 -41.542599 ) (-192 0 -41.542599 ) (-192 -751.620972 -41.542599 ) (-194 -751.620972 -41.542599 ) 
4 22 24 (-322.012024 -754.187012 -41.542599 ) (0 -754.187012 -41.542599 ) (0 -754.187012 -41.082001 ) (-322.012024 -754.187012 -41.082001 ) 
4 23 24 (-445.909027 -754.187012 -41.542599 ) (-335.012024 -754.187012 -41.542599 ) (-335.012024 -754.187012 0 ) (-445.909027 -754.187012 0 ) 
4 25 26 (-194 -751.620972 -41.542599 ) (-194 0 -41.542599 ) (-194 0 -41.779598 ) (-194 -751.620972 -41.779598 ) 
4 26 28 (-313.449036 0 -125.771011 ) (-313.449036 -751.620972 -125.771011 ) (-313.449036 -751.620972 -43.327301 ) (-313.449036 0 -43.327301 ) 
4 26 27 (-313.449036 -751.620972 -43.327301 ) (-313.449036 -751.620972 -125.771011 ) (-194 -751.620972 -125.771011 ) (-194 -751.620972 -43.327301 ) 
4 27 28 (-313.449036 -751.620972 -125.771011 ) (-313.449036 -766 -125.771011 ) (-313.449036 -766 -43.327301 ) (-313.449036 -751.620972 -43.327301 ) 
