


materialPath: D:\Steam\steamapps\common\Counter-Strike Global Offensive\csgo\materials
Loading d:\desktop\csgo\hammer maps\cold piaza 2 (updated)\cold_pizza_achiv_2.vmf
Map revision 48
fixing up env_cubemap materials on brush sides...
0...1...2...3...4...5...6...7...8...9...100...1...2...3...4...5...6...7...8...9...10Processing areas...done (0)
Building Faces...done (0)
Chop Details...done (0)
Find Visible Detail Sides...done (0)
Merging details...done (0)
FixTjuncs...
PruneNodes...
WriteBSP...
done (0)
writing d:\desktop\csgo\hammer maps\cold piaza 2 (updated)\cold_pizza_achiv_2.prt...Building visibility clusters...
AutoVisClustering (threshold=-1) matched 0 leafs.
done (0)
Finding displacement neighbors...
Finding lightmap sample positions...
Displacement Alpha : 0...1...2...3...4...5...6...7...8...9...10
Building Physics collision data...
done (0) (5292 bytes)
Placing detail props : 0...1...2...3...4...5...6...7...8...9...10
Compacting texture/material tables...
Reduced 18 texinfos to 8
Reduced 5 texdatas to 5 (120 bytes to 120)
Writing d:\desktop\csgo\hammer maps\cold piaza 2 (updated)\cold_pizza_achiv_2.bsp
MSG_FILEWRITE - Filesystem was asked to write to 'd:\desktop\csgo\hammer maps\cold piaza 2 (updated)\cold_pizza_achiv_2.bsp', but we don't own that location. Allowing...
0 seconds elapsed



4 threads
reading d:\desktop\csgo\hammer maps\cold piaza 2 (updated)\cold_pizza_achiv_2.bsp
reading d:\desktop\csgo\hammer maps\cold piaza 2 (updated)\cold_pizza_achiv_2.prt
   6 portalclusters
   5 numportals
0...1...2...3...4...5...6...7...8...9...100...1...2...3...4...5...6...7...8...9...10Optimized: 0 visible clusters (0.00%)
Total clusters visible: 32
Average clusters visible: 5
Building PAS...
Average clusters audible: 6
visdatasize:64  compressed from 96
writing d:\desktop\csgo\hammer maps\cold piaza 2 (updated)\cold_pizza_achiv_2.bsp
MSG_FILEWRITE - Filesystem was asked to write to 'd:\desktop\csgo\hammer maps\cold piaza 2 (updated)\cold_pizza_achiv_2.bsp', but we don't own that location. Allowing...
0 seconds elapsed



[Reading texlights from 'lights.rad']
[17 texlights parsed from 'lights.rad']

Loading d:\desktop\csgo\hammer maps\cold piaza 2 (updated)\cold_pizza_achiv_2.bsp
32 faces
981 square feet [141288.84 square inches]
0 Displacements
0 Square Feet [0.00 Square Inches]
32 patches before subdivision
176 patches after subdivision
2 direct lights
0...1...2...3...4...5...6...7...8...9...100...1...2...3...4...5...6...7...8...9...10transfers 4650, max 76
transfer lists:   0.0 megs
0...1...2...3...4...5...6...7...8...9...10	Bounce #1 added RGB(163, 164, 157)
0...1...2...3...4...5...6...7...8...9...10	Bounce #2 added RGB(103, 102, 87)
0...1...2...3...4...5...6...7...8...9...10	Bounce #3 added RGB(43, 42, 32)
0...1...2...3...4...5...6...7...8...9...10	Bounce #4 added RGB(20, 19, 13)
0...1...2...3...4...5...6...7...8...9...10	Bounce #5 added RGB(9, 8, 5)
0...1...2...3...4...5...6...7...8...9...10	Bounce #6 added RGB(4, 4, 2)
0...1...2...3...4...5...6...7...8...9...10	Bounce #7 added RGB(2, 2, 1)
0...1...2...3...4...5...6...7...8...9...10	Bounce #8 added RGB(1, 1, 0)
Build Patch/Sample Hash Table(s).....Done<0.0000 sec>
0...1...2...3...4...5...6...7...8...9...10FinalLightFace Done
0 of 0 (0% of) surface lights went in leaf ambient cubes.
0...1...2...3...4...5...6...7...8...9...10Writing leaf ambient...done
Ready to Finish

Object names       Objects/Maxobjs  Memory / Maxmem  Fullness 
------------       ---------------  ---------------  -------- 
models                   2/1024           96/49152    ( 0.2%) 
brushes                 14/8192          168/98304    ( 0.2%) 
brushsides              88/81920         704/655360   ( 0.1%) 
planes                  86/65536        1720/1310720  ( 0.1%) 
vertexes                80/65536         960/786432   ( 0.1%) 
nodes                   29/65536         928/2097152  ( 0.0%) 
texinfos                 8/12288         576/884736   ( 0.1%) 
texdata                  5/4096          160/131072   ( 0.1%) 
dispinfos                0/0               0/0        ( 0.0%) 
disp_verts               0/0               0/0        ( 0.0%) 
disp_tris                0/0               0/0        ( 0.0%) 
disp_multiblend          0/0               0/0        ( 0.0%) 
disp_lmsamples           0/0               0/0        ( 0.0%) 
faces                   32/65536        1792/3670016  ( 0.0%) 
hdr faces                0/65536           0/3670016  ( 0.0%) 
origfaces               18/65536        1008/3670016  ( 0.0%) 
facebrushes              0/0               0/0        ( 0.0%) 
facebrushlists          32/0             128/0        ( 0.0%) 
leaves                  32/65536        1024/2097152  ( 0.0%) 
leaffaces               36/65536          72/131072   ( 0.1%) 
leafbrushes             27/65536          54/131072   ( 0.0%) 
areas                    2/1024           16/8192     ( 0.2%) 
surfedges              216/512000        864/2048000  ( 0.0%) 
edges                  130/256000        520/1024000  ( 0.1%) 
LDR worldlights          2/8192          200/819200   ( 0.0%) 
HDR worldlights          0/8192            0/819200   ( 0.0%) 
leafwaterdata            0/32768           0/393216   ( 0.0%) 
waterstrips              4/32768          40/327680   ( 0.0%) 
waterverts               0/65536           0/786432   ( 0.0%) 
waterindices            48/65536          96/131072   ( 0.1%) 
cubemapsamples           0/1024            0/16384    ( 0.0%) 
overlays                 0/1024            0/360448   ( 0.0%) 
LDR lightdata         [variable]        9320/0        ( 0.0%) 
HDR lightdata         [variable]           0/0        ( 0.0%) 
visdata               [variable]          64/16777216 ( 0.0%) 
entdata               [variable]        4123/393216   ( 1.0%) 
LDR ambient table       32/65536         128/262144   ( 0.0%) 
HDR ambient table       32/65536         128/262144   ( 0.0%) 
LDR leaf ambient       101/65536        2828/1835008  ( 0.2%) 
HDR leaf ambient        32/65536         896/1835008  ( 0.0%) 
occluders                0/0               0/0        ( 0.0%) 
occluder polygons        0/0               0/0        ( 0.0%) 
occluder vert ind        0/0               0/0        ( 0.0%) 
detail props          [variable]           1/12       ( 8.3%) 
static props          [variable]           1/12       ( 8.3%) 
pakfile               [variable]       74470/0        ( 0.0%) 
physics               [variable]        5292/4194304  ( 0.1%) 
physics terrain       [variable]           2/1048576  ( 0.0%) 

Level flags = 7d

Total triangle count: 80
Writing d:\desktop\csgo\hammer maps\cold piaza 2 (updated)\cold_pizza_achiv_2.bsp
MSG_FILEWRITE - Filesystem was asked to write to 'd:\desktop\csgo\hammer maps\cold piaza 2 (updated)\cold_pizza_achiv_2.bsp', but we don't own that location. Allowing...
0 seconds elapsed



[Reading texlights from 'lights.rad']
[17 texlights parsed from 'lights.rad']

Loading d:\desktop\csgo\hammer maps\cold piaza 2 (updated)\cold_pizza_achiv_2.bsp
32 faces
981 square feet [141288.84 square inches]
0 Displacements
0 Square Feet [0.00 Square Inches]
32 patches before subdivision
176 patches after subdivision
2 direct lights
0...1...2...3...4...5...6...7...8...9...100...1...2...3...4...5...6...7...8...9...10transfers 4650, max 76
transfer lists:   0.0 megs
0...1...2...3...4...5...6...7...8...9...10	Bounce #1 added RGB(163, 164, 157)
0...1...2...3...4...5...6...7...8...9...10	Bounce #2 added RGB(103, 102, 87)
0...1...2...3...4...5...6...7...8...9...10	Bounce #3 added RGB(43, 42, 32)
0...1...2...3...4...5...6...7...8...9...10	Bounce #4 added RGB(20, 19, 13)
0...1...2...3...4...5...6...7...8...9...10	Bounce #5 added RGB(9, 8, 5)
0...1...2...3...4...5...6...7...8...9...10	Bounce #6 added RGB(4, 4, 2)
0...1...2...3...4...5...6...7...8...9...10	Bounce #7 added RGB(2, 2, 1)
0...1...2...3...4...5...6...7...8...9...10	Bounce #8 added RGB(1, 1, 0)
Build Patch/Sample Hash Table(s).....Done<0.0000 sec>
0...1...2...3...4...5...6...7...8...9...10FinalLightFace Done
0 of 0 (0% of) surface lights went in leaf ambient cubes.
0...1...2...3...4...5...6...7...8...9...10Writing leaf ambient...done
Ready to Finish

Object names       Objects/Maxobjs  Memory / Maxmem  Fullness 
------------       ---------------  ---------------  -------- 
models                   2/1024           96/49152    ( 0.2%) 
brushes                 14/8192          168/98304    ( 0.2%) 
brushsides              88/81920         704/655360   ( 0.1%) 
planes                  86/65536        1720/1310720  ( 0.1%) 
vertexes                80/65536         960/786432   ( 0.1%) 
nodes                   29/65536         928/2097152  ( 0.0%) 
texinfos                 8/12288         576/884736   ( 0.1%) 
texdata                  5/4096          160/131072   ( 0.1%) 
dispinfos                0/0               0/0        ( 0.0%) 
disp_verts               0/0               0/0        ( 0.0%) 
disp_tris                0/0               0/0        ( 0.0%) 
disp_multiblend          0/0               0/0        ( 0.0%) 
disp_lmsamples           0/0               0/0        ( 0.0%) 
faces                   32/65536        1792/3670016  ( 0.0%) 
hdr faces               32/65536        1792/3670016  ( 0.0%) 
origfaces               18/65536        1008/3670016  ( 0.0%) 
facebrushes              0/0               0/0        ( 0.0%) 
facebrushlists          32/0             128/0        ( 0.0%) 
leaves                  32/65536        1024/2097152  ( 0.0%) 
leaffaces               36/65536          72/131072   ( 0.1%) 
leafbrushes             27/65536          54/131072   ( 0.0%) 
areas                    2/1024           16/8192     ( 0.2%) 
surfedges              216/512000        864/2048000  ( 0.0%) 
edges                  130/256000        520/1024000  ( 0.1%) 
LDR worldlights          2/8192          200/819200   ( 0.0%) 
HDR worldlights          2/8192          200/819200   ( 0.0%) 
leafwaterdata            0/32768           0/393216   ( 0.0%) 
waterstrips              4/32768          40/327680   ( 0.0%) 
waterverts               0/65536           0/786432   ( 0.0%) 
waterindices            48/65536          96/131072   ( 0.1%) 
cubemapsamples           0/1024            0/16384    ( 0.0%) 
overlays                 0/1024            0/360448   ( 0.0%) 
LDR lightdata         [variable]        9320/0        ( 0.0%) 
HDR lightdata         [variable]        9320/0        ( 0.0%) 
visdata               [variable]          64/16777216 ( 0.0%) 
entdata               [variable]        4123/393216   ( 1.0%) 
LDR ambient table       32/65536         128/262144   ( 0.0%) 
HDR ambient table       32/65536         128/262144   ( 0.0%) 
LDR leaf ambient       101/65536        2828/1835008  ( 0.2%) 
HDR leaf ambient       101/65536        2828/1835008  ( 0.2%) 
occluders                0/0               0/0        ( 0.0%) 
occluder polygons        0/0               0/0        ( 0.0%) 
occluder vert ind        0/0               0/0        ( 0.0%) 
detail props          [variable]           1/12       ( 8.3%) 
static props          [variable]           1/12       ( 8.3%) 
pakfile               [variable]       74470/0        ( 0.0%) 
physics               [variable]        5292/4194304  ( 0.1%) 
physics terrain       [variable]           2/1048576  ( 0.0%) 

Level flags = 7f

Total triangle count: 80
Writing d:\desktop\csgo\hammer maps\cold piaza 2 (updated)\cold_pizza_achiv_2.bsp
MSG_FILEWRITE - Filesystem was asked to write to 'd:\desktop\csgo\hammer maps\cold piaza 2 (updated)\cold_pizza_achiv_2.bsp', but we don't own that location. Allowing...
0 seconds elapsed



materialPath: D:\Steam\steamapps\common\Counter-Strike Global Offensive\csgo\materials
Loading d:\desktop\csgo\hammer maps\cold piaza 2 (updated)\cold_pizza_achiv_2.vmf
Map revision 54
fixing up env_cubemap materials on brush sides...
0...1...2...3...4...5...6...7...8...9...100...1...2...3...4...5...6...7...8...9...10Processing areas...done (0)
Building Faces...done (0)
Chop Details...done (0)
Find Visible Detail Sides...done (0)
Merging details...done (0)
FixTjuncs...
PruneNodes...
WriteBSP...
done (0)
writing d:\desktop\csgo\hammer maps\cold piaza 2 (updated)\cold_pizza_achiv_2.prt...Building visibility clusters...
AutoVisClustering (threshold=-1) matched 0 leafs.
done (0)
Finding displacement neighbors...
Finding lightmap sample positions...
Displacement Alpha : 0...1...2...3...4...5...6...7...8...9...10
Building Physics collision data...
done (0) (5844 bytes)
Placing detail props : 0...1...2...3...4...5...6...7...8...9...10
Compacting texture/material tables...
Reduced 20 texinfos to 10
Reduced 5 texdatas to 5 (120 bytes to 120)
Writing d:\desktop\csgo\hammer maps\cold piaza 2 (updated)\cold_pizza_achiv_2.bsp
MSG_FILEWRITE - Filesystem was asked to write to 'd:\desktop\csgo\hammer maps\cold piaza 2 (updated)\cold_pizza_achiv_2.bsp', but we don't own that location. Allowing...
0 seconds elapsed



4 threads
reading d:\desktop\csgo\hammer maps\cold piaza 2 (updated)\cold_pizza_achiv_2.bsp
reading d:\desktop\csgo\hammer maps\cold piaza 2 (updated)\cold_pizza_achiv_2.prt
   6 portalclusters
   5 numportals
0...1...2...3...4...5...6...7...8...9...100...1...2...3...4...5...6...7...8...9...10Optimized: 0 visible clusters (0.00%)
Total clusters visible: 32
Average clusters visible: 5
Building PAS...
Average clusters audible: 6
visdatasize:64  compressed from 96
writing d:\desktop\csgo\hammer maps\cold piaza 2 (updated)\cold_pizza_achiv_2.bsp
MSG_FILEWRITE - Filesystem was asked to write to 'd:\desktop\csgo\hammer maps\cold piaza 2 (updated)\cold_pizza_achiv_2.bsp', but we don't own that location. Allowing...
0 seconds elapsed



[Reading texlights from 'lights.rad']
[17 texlights parsed from 'lights.rad']

Loading d:\desktop\csgo\hammer maps\cold piaza 2 (updated)\cold_pizza_achiv_2.bsp
38 faces
1034 square feet [149029.47 square inches]
0 Displacements
0 Square Feet [0.00 Square Inches]
38 patches before subdivision
142 patches after subdivision
2 direct lights
0...1...2...3...4...5...6...7...8...9...100...1...2...3...4...5...6...7...8...9...10transfers 3430, max 68
transfer lists:   0.0 megs
0...1...2...3...4...5...6...7...8...9...10	Bounce #1 added RGB(128, 129, 123)
0...1...2...3...4...5...6...7...8...9...10	Bounce #2 added RGB(67, 66, 57)
0...1...2...3...4...5...6...7...8...9...10	Bounce #3 added RGB(29, 28, 21)
0...1...2...3...4...5...6...7...8...9...10	Bounce #4 added RGB(13, 13, 8)
0...1...2...3...4...5...6...7...8...9...10	Bounce #5 added RGB(6, 6, 3)
0...1...2...3...4...5...6...7...8...9...10	Bounce #6 added RGB(3, 3, 1)
0...1...2...3...4...5...6...7...8...9...10	Bounce #7 added RGB(1, 1, 1)
0...1...2...3...4...5...6...7...8...9...10	Bounce #8 added RGB(1, 1, 0)
Build Patch/Sample Hash Table(s).....Done<0.0000 sec>
0...1...2...3...4...5...6...7...8...9...10FinalLightFace Done
0 of 0 (0% of) surface lights went in leaf ambient cubes.
0...1...2...3...4...5...6...7...8...9...10Writing leaf ambient...done
Ready to Finish

Object names       Objects/Maxobjs  Memory / Maxmem  Fullness 
------------       ---------------  ---------------  -------- 
models                   3/1024          144/49152    ( 0.3%) 
brushes                 15/8192          180/98304    ( 0.2%) 
brushsides              94/81920         752/655360   ( 0.1%) 
planes                  84/65536        1680/1310720  ( 0.1%) 
vertexes                88/65536        1056/786432   ( 0.1%) 
nodes                   35/65536        1120/2097152  ( 0.1%) 
texinfos                10/12288         720/884736   ( 0.1%) 
texdata                  5/4096          160/131072   ( 0.1%) 
dispinfos                0/0               0/0        ( 0.0%) 
disp_verts               0/0               0/0        ( 0.0%) 
disp_tris                0/0               0/0        ( 0.0%) 
disp_multiblend          0/0               0/0        ( 0.0%) 
disp_lmsamples           0/0               0/0        ( 0.0%) 
faces                   38/65536        2128/3670016  ( 0.1%) 
hdr faces                0/65536           0/3670016  ( 0.0%) 
origfaces               24/65536        1344/3670016  ( 0.0%) 
facebrushes              0/0               0/0        ( 0.0%) 
facebrushlists          38/0             152/0        ( 0.0%) 
leaves                  39/65536        1248/2097152  ( 0.1%) 
leaffaces               42/65536          84/131072   ( 0.1%) 
leafbrushes             28/65536          56/131072   ( 0.0%) 
areas                    2/1024           16/8192     ( 0.2%) 
surfedges              264/512000       1056/2048000  ( 0.1%) 
edges                  154/256000        616/1024000  ( 0.1%) 
LDR worldlights          2/8192          200/819200   ( 0.0%) 
HDR worldlights          0/8192            0/819200   ( 0.0%) 
leafwaterdata            0/32768           0/393216   ( 0.0%) 
waterstrips              4/32768          40/327680   ( 0.0%) 
waterverts               0/65536           0/786432   ( 0.0%) 
waterindices            48/65536          96/131072   ( 0.1%) 
cubemapsamples           0/1024            0/16384    ( 0.0%) 
overlays                 0/1024            0/360448   ( 0.0%) 
LDR lightdata         [variable]        8656/0        ( 0.0%) 
HDR lightdata         [variable]           0/0        ( 0.0%) 
visdata               [variable]          64/16777216 ( 0.0%) 
entdata               [variable]        4763/393216   ( 1.2%) 
LDR ambient table       39/65536         156/262144   ( 0.1%) 
HDR ambient table       39/65536         156/262144   ( 0.1%) 
LDR leaf ambient       107/65536        2996/1835008  ( 0.2%) 
HDR leaf ambient        39/65536        1092/1835008  ( 0.1%) 
occluders                0/0               0/0        ( 0.0%) 
occluder polygons        0/0               0/0        ( 0.0%) 
occluder vert ind        0/0               0/0        ( 0.0%) 
detail props          [variable]           1/12       ( 8.3%) 
static props          [variable]           1/12       ( 8.3%) 
pakfile               [variable]       74470/0        ( 0.0%) 
physics               [variable]        5844/4194304  ( 0.1%) 
physics terrain       [variable]           2/1048576  ( 0.0%) 

Level flags = 7d

Total triangle count: 92
Writing d:\desktop\csgo\hammer maps\cold piaza 2 (updated)\cold_pizza_achiv_2.bsp
MSG_FILEWRITE - Filesystem was asked to write to 'd:\desktop\csgo\hammer maps\cold piaza 2 (updated)\cold_pizza_achiv_2.bsp', but we don't own that location. Allowing...
0 seconds elapsed



[Reading texlights from 'lights.rad']
[17 texlights parsed from 'lights.rad']

Loading d:\desktop\csgo\hammer maps\cold piaza 2 (updated)\cold_pizza_achiv_2.bsp
38 faces
1034 square feet [149029.47 square inches]
0 Displacements
0 Square Feet [0.00 Square Inches]
38 patches before subdivision
142 patches after subdivision
2 direct lights
0...1...2...3...4...5...6...7...8...9...100...1...2...3...4...5...6...7...8...9...10transfers 3430, max 68
transfer lists:   0.0 megs
0...1...2...3...4...5...6...7...8...9...10	Bounce #1 added RGB(128, 129, 123)
0...1...2...3...4...5...6...7...8...9...10	Bounce #2 added RGB(67, 66, 57)
0...1...2...3...4...5...6...7...8...9...10	Bounce #3 added RGB(29, 28, 21)
0...1...2...3...4...5...6...7...8...9...10	Bounce #4 added RGB(13, 13, 8)
0...1...2...3...4...5...6...7...8...9...10	Bounce #5 added RGB(6, 6, 3)
0...1...2...3...4...5...6...7...8...9...10	Bounce #6 added RGB(3, 3, 1)
0...1...2...3...4...5...6...7...8...9...10	Bounce #7 added RGB(1, 1, 1)
0...1...2...3...4...5...6...7...8...9...10	Bounce #8 added RGB(1, 1, 0)
Build Patch/Sample Hash Table(s).....Done<0.0000 sec>
0...1...2...3...4...5...6...7...8...9...10FinalLightFace Done
0 of 0 (0% of) surface lights went in leaf ambient cubes.
0...1...2...3...4...5...6...7...8...9...10Writing leaf ambient...done
Ready to Finish

Object names       Objects/Maxobjs  Memory / Maxmem  Fullness 
------------       ---------------  ---------------  -------- 
models                   3/1024          144/49152    ( 0.3%) 
brushes                 15/8192          180/98304    ( 0.2%) 
brushsides              94/81920         752/655360   ( 0.1%) 
planes                  84/65536        1680/1310720  ( 0.1%) 
vertexes                88/65536        1056/786432   ( 0.1%) 
nodes                   35/65536        1120/2097152  ( 0.1%) 
texinfos                10/12288         720/884736   ( 0.1%) 
texdata                  5/4096          160/131072   ( 0.1%) 
dispinfos                0/0               0/0        ( 0.0%) 
disp_verts               0/0               0/0        ( 0.0%) 
disp_tris                0/0               0/0        ( 0.0%) 
disp_multiblend          0/0               0/0        ( 0.0%) 
disp_lmsamples           0/0               0/0        ( 0.0%) 
faces                   38/65536        2128/3670016  ( 0.1%) 
hdr faces               38/65536        2128/3670016  ( 0.1%) 
origfaces               24/65536        1344/3670016  ( 0.0%) 
facebrushes              0/0               0/0        ( 0.0%) 
facebrushlists          38/0             152/0        ( 0.0%) 
leaves                  39/65536        1248/2097152  ( 0.1%) 
leaffaces               42/65536          84/131072   ( 0.1%) 
leafbrushes             28/65536          56/131072   ( 0.0%) 
areas                    2/1024           16/8192     ( 0.2%) 
surfedges              264/512000       1056/2048000  ( 0.1%) 
edges                  154/256000        616/1024000  ( 0.1%) 
LDR worldlights          2/8192          200/819200   ( 0.0%) 
HDR worldlights          2/8192          200/819200   ( 0.0%) 
leafwaterdata            0/32768           0/393216   ( 0.0%) 
waterstrips              4/32768          40/327680   ( 0.0%) 
waterverts               0/65536           0/786432   ( 0.0%) 
waterindices            48/65536          96/131072   ( 0.1%) 
cubemapsamples           0/1024            0/16384    ( 0.0%) 
overlays                 0/1024            0/360448   ( 0.0%) 
LDR lightdata         [variable]        8656/0        ( 0.0%) 
HDR lightdata         [variable]        8656/0        ( 0.0%) 
visdata               [variable]          64/16777216 ( 0.0%) 
entdata               [variable]        4763/393216   ( 1.2%) 
LDR ambient table       39/65536         156/262144   ( 0.1%) 
HDR ambient table       39/65536         156/262144   ( 0.1%) 
LDR leaf ambient       107/65536        2996/1835008  ( 0.2%) 
HDR leaf ambient       107/65536        2996/1835008  ( 0.2%) 
occluders                0/0               0/0        ( 0.0%) 
occluder polygons        0/0               0/0        ( 0.0%) 
occluder vert ind        0/0               0/0        ( 0.0%) 
detail props          [variable]           1/12       ( 8.3%) 
static props          [variable]           1/12       ( 8.3%) 
pakfile               [variable]       74470/0        ( 0.0%) 
physics               [variable]        5844/4194304  ( 0.1%) 
physics terrain       [variable]           2/1048576  ( 0.0%) 

Level flags = 7f

Total triangle count: 92
Writing d:\desktop\csgo\hammer maps\cold piaza 2 (updated)\cold_pizza_achiv_2.bsp
MSG_FILEWRITE - Filesystem was asked to write to 'd:\desktop\csgo\hammer maps\cold piaza 2 (updated)\cold_pizza_achiv_2.bsp', but we don't own that location. Allowing...
0 seconds elapsed



materialPath: D:\Steam\steamapps\common\Counter-Strike Global Offensive\csgo\materials
Loading D:\Desktop\csgo\hammer maps\Cold Piaza 2 (updated)\cold_pizza_achiv_2.vmf
Map revision 55
fixing up env_cubemap materials on brush sides...
0...1...2...3...4...5...6...7...8...9...100...1...2...3...4...5...6...7...8...9...10Processing areas...done (0)
Building Faces...done (0)
Chop Details...done (0)
Find Visible Detail Sides...done (0)
Merging details...done (0)
FixTjuncs...
PruneNodes...
WriteBSP...
done (0)
writing D:\Desktop\csgo\hammer maps\Cold Piaza 2 (updated)\cold_pizza_achiv_2.prt...Building visibility clusters...
AutoVisClustering (threshold=-1) matched 0 leafs.
done (0)
Finding displacement neighbors...
Finding lightmap sample positions...
Displacement Alpha : 0...1...2...3...4...5...6...7...8...9...10
Building Physics collision data...
done (0) (5844 bytes)
Placing detail props : 0...1...2...3...4...5...6...7...8...9...10
Compacting texture/material tables...
Reduced 20 texinfos to 10
Reduced 5 texdatas to 5 (120 bytes to 120)
Writing D:\Desktop\csgo\hammer maps\Cold Piaza 2 (updated)\cold_pizza_achiv_2.bsp
MSG_FILEWRITE - Filesystem was asked to write to 'd:\desktop\csgo\hammer maps\cold piaza 2 (updated)\cold_pizza_achiv_2.bsp', but we don't own that location. Allowing...
0 seconds elapsed



4 threads
reading d:\desktop\csgo\hammer maps\cold piaza 2 (updated)\cold_pizza_achiv_2.bsp
reading d:\desktop\csgo\hammer maps\cold piaza 2 (updated)\cold_pizza_achiv_2.prt
   6 portalclusters
   5 numportals
0...1...2...3...4...5...6...7...8...9...100...1...2...3...4...5...6...7...8...9...10Optimized: 0 visible clusters (0.00%)
Total clusters visible: 32
Average clusters visible: 5
Building PAS...
Average clusters audible: 6
visdatasize:64  compressed from 96
writing d:\desktop\csgo\hammer maps\cold piaza 2 (updated)\cold_pizza_achiv_2.bsp
MSG_FILEWRITE - Filesystem was asked to write to 'd:\desktop\csgo\hammer maps\cold piaza 2 (updated)\cold_pizza_achiv_2.bsp', but we don't own that location. Allowing...
0 seconds elapsed



[Reading texlights from 'lights.rad']
[17 texlights parsed from 'lights.rad']

Loading d:\desktop\csgo\hammer maps\cold piaza 2 (updated)\cold_pizza_achiv_2.bsp
38 faces
1034 square feet [149029.47 square inches]
0 Displacements
0 Square Feet [0.00 Square Inches]
38 patches before subdivision
142 patches after subdivision
2 direct lights
0...1...2...3...4...5...6...7...8...9...100...1...2...3...4...5...6...7...8...9...10transfers 3430, max 68
transfer lists:   0.0 megs
0...1...2...3...4...5...6...7...8...9...10	Bounce #1 added RGB(131, 132, 126)
0...1...2...3...4...5...6...7...8...9...10	Bounce #2 added RGB(69, 68, 58)
0...1...2...3...4...5...6...7...8...9...10	Bounce #3 added RGB(30, 29, 22)
0...1...2...3...4...5...6...7...8...9...10	Bounce #4 added RGB(14, 13, 9)
0...1...2...3...4...5...6...7...8...9...10	Bounce #5 added RGB(6, 6, 3)
0...1...2...3...4...5...6...7...8...9...10	Bounce #6 added RGB(3, 3, 1)
0...1...2...3...4...5...6...7...8...9...10	Bounce #7 added RGB(1, 1, 1)
0...1...2...3...4...5...6...7...8...9...10	Bounce #8 added RGB(1, 1, 0)
Build Patch/Sample Hash Table(s).....Done<0.0000 sec>
0...1...2...3...4...5...6...7...8...9...10FinalLightFace Done
0 of 0 (0% of) surface lights went in leaf ambient cubes.
0...1...2...3...4...5...6...7...8...9...10Writing leaf ambient...done
Ready to Finish

Object names       Objects/Maxobjs  Memory / Maxmem  Fullness 
------------       ---------------  ---------------  -------- 
models                   3/1024          144/49152    ( 0.3%) 
brushes                 15/8192          180/98304    ( 0.2%) 
brushsides              94/81920         752/655360   ( 0.1%) 
planes                  84/65536        1680/1310720  ( 0.1%) 
vertexes                88/65536        1056/786432   ( 0.1%) 
nodes                   35/65536        1120/2097152  ( 0.1%) 
texinfos                10/12288         720/884736   ( 0.1%) 
texdata                  5/4096          160/131072   ( 0.1%) 
dispinfos                0/0               0/0        ( 0.0%) 
disp_verts               0/0               0/0        ( 0.0%) 
disp_tris                0/0               0/0        ( 0.0%) 
disp_multiblend          0/0               0/0        ( 0.0%) 
disp_lmsamples           0/0               0/0        ( 0.0%) 
faces                   38/65536        2128/3670016  ( 0.1%) 
hdr faces                0/65536           0/3670016  ( 0.0%) 
origfaces               24/65536        1344/3670016  ( 0.0%) 
facebrushes              0/0               0/0        ( 0.0%) 
facebrushlists          38/0             152/0        ( 0.0%) 
leaves                  39/65536        1248/2097152  ( 0.1%) 
leaffaces               42/65536          84/131072   ( 0.1%) 
leafbrushes             28/65536          56/131072   ( 0.0%) 
areas                    2/1024           16/8192     ( 0.2%) 
surfedges              264/512000       1056/2048000  ( 0.1%) 
edges                  154/256000        616/1024000  ( 0.1%) 
LDR worldlights          2/8192          200/819200   ( 0.0%) 
HDR worldlights          0/8192            0/819200   ( 0.0%) 
leafwaterdata            0/32768           0/393216   ( 0.0%) 
waterstrips              4/32768          40/327680   ( 0.0%) 
waterverts               0/65536           0/786432   ( 0.0%) 
waterindices            48/65536          96/131072   ( 0.1%) 
cubemapsamples           0/1024            0/16384    ( 0.0%) 
overlays                 0/1024            0/360448   ( 0.0%) 
LDR lightdata         [variable]        8656/0        ( 0.0%) 
HDR lightdata         [variable]           0/0        ( 0.0%) 
visdata               [variable]          64/16777216 ( 0.0%) 
entdata               [variable]        4841/393216   ( 1.2%) 
LDR ambient table       39/65536         156/262144   ( 0.1%) 
HDR ambient table       39/65536         156/262144   ( 0.1%) 
LDR leaf ambient       107/65536        2996/1835008  ( 0.2%) 
HDR leaf ambient        39/65536        1092/1835008  ( 0.1%) 
occluders                0/0               0/0        ( 0.0%) 
occluder polygons        0/0               0/0        ( 0.0%) 
occluder vert ind        0/0               0/0        ( 0.0%) 
detail props          [variable]           1/12       ( 8.3%) 
static props          [variable]           1/12       ( 8.3%) 
pakfile               [variable]       74470/0        ( 0.0%) 
physics               [variable]        5844/4194304  ( 0.1%) 
physics terrain       [variable]           2/1048576  ( 0.0%) 

Level flags = 7c

Total triangle count: 92
Writing d:\desktop\csgo\hammer maps\cold piaza 2 (updated)\cold_pizza_achiv_2.bsp
MSG_FILEWRITE - Filesystem was asked to write to 'd:\desktop\csgo\hammer maps\cold piaza 2 (updated)\cold_pizza_achiv_2.bsp', but we don't own that location. Allowing...
0 seconds elapsed
