


materialPath: D:\Steam\steamapps\common\Counter-Strike Global Offensive\csgo\materials
Loading D:\OneDrive\Desktop\csgo\hammer maps\1v1_wood 3\1v1_wood_3.vmf
Map revision 390
fixing up env_cubemap materials on brush sides...
0...1...2...3...4...5...6...7...8...9...100...1...2...3...4...5...6...7...8...9...10Processing areas...done (0)
Building Faces...done (0)
Chop Details...done (0)
Find Visible Detail Sides...
Merged 84 detail faces...done (0)
Merging details...done (0)
FixTjuncs...
PruneNodes...
WriteBSP...
done (0)
writing D:\OneDrive\Desktop\csgo\hammer maps\1v1_wood 3\1v1_wood_3.prt...Building visibility clusters...
AutoVisClustering (threshold=-1) matched 0 leafs.
done (0)
Finding displacement neighbors...
Finding lightmap sample positions...
Displacement Alpha : 0...1...2...3...4...5...6...7...8...9...10
Building Physics collision data...
done (0) (269973 bytes)
Placing detail props : 0...1...2...3...4...5...6...7...8...9...10
Compacting texture/material tables...
Reduced 134 texinfos to 97
Reduced 10 texdatas to 10 (239 bytes to 239)
Writing D:\OneDrive\Desktop\csgo\hammer maps\1v1_wood 3\1v1_wood_3.bsp
MSG_FILEWRITE - Filesystem was asked to write to 'd:\onedrive\desktop\csgo\hammer maps\1v1_wood 3\1v1_wood_3.bsp', but we don't own that location. Allowing...
0 seconds elapsed



16 threads
reading d:\onedrive\desktop\csgo\hammer maps\1v1_wood 3\1v1_wood_3.bsp
reading d:\onedrive\desktop\csgo\hammer maps\1v1_wood 3\1v1_wood_3.prt
 162 portalclusters
 522 numportals
0...1...2...3...4...5...6...7...8...9...100...1...2...3...4...5...6...7...8...9...10Optimized: 151 visible clusters (0.00%)
Total clusters visible: 21141
Average clusters visible: 130
Building PAS...
Average clusters audible: 161
visdatasize:8072  compressed from 7776
writing d:\onedrive\desktop\csgo\hammer maps\1v1_wood 3\1v1_wood_3.bsp
MSG_FILEWRITE - Filesystem was asked to write to 'd:\onedrive\desktop\csgo\hammer maps\1v1_wood 3\1v1_wood_3.bsp', but we don't own that location. Allowing...
0 seconds elapsed



[Reading texlights from 'lights.rad']
[17 texlights parsed from 'lights.rad']

Loading d:\onedrive\desktop\csgo\hammer maps\1v1_wood 3\1v1_wood_3.bsp
3526 faces
181624 square feet [26153888.00 square inches]
0 Displacements
0 Square Feet [0.00 Square Inches]
3526 patches before subdivision
13052 patches after subdivision
18 direct lights
0...1...2...3...4...5...6...7...8...9...100...1...2...3...4...5...6...7...8...9...10transfers 2490329, max 1524
transfer lists:  19.0 megs
0...1...2...3...4...5...6...7...8...9...10	Bounce #1 added RGB(62867, 48975, 43242)
0...1...2...3...4...5...6...7...8...9...10	Bounce #2 added RGB(8372, 5153, 4014)
0...1...2...3...4...5...6...7...8...9...10	Bounce #3 added RGB(1060, 517, 357)
0...1...2...3...4...5...6...7...8...9...10	Bounce #4 added RGB(143, 55, 34)
0...1...2...3...4...5...6...7...8...9...10	Bounce #5 added RGB(19, 6, 3)
0...1...2...3...4...5...6...7...8...9...10	Bounce #6 added RGB(3, 1, 0)
0...1...2...3...4...5...6...7...8...9...10	Bounce #7 added RGB(0, 0, 0)
Build Patch/Sample Hash Table(s).....Done<0.0022 sec>
0...1...2...3...4...5...6...7...8...9...10FinalLightFace Done
0 of 0 (0% of) surface lights went in leaf ambient cubes.
0...1...2...3...4...5...6...7...8...9...10Writing leaf ambient...done
Ready to Finish

Object names       Objects/Maxobjs  Memory / Maxmem  Fullness 
------------       ---------------  ---------------  -------- 
models                   5/1024          240/49152    ( 0.5%) 
brushes                741/8192         8892/98304    ( 9.0%) 
brushsides            6572/81920       52576/655360   ( 8.0%) 
planes                5488/65536      109760/1310720  ( 8.4%) 
vertexes              5811/65536       69732/786432   ( 8.9%) 
nodes                  402/65536       12864/2097152  ( 0.6%) 
texinfos                97/12288        6984/884736   ( 0.8%) 
texdata                 10/4096          320/131072   ( 0.2%) 
dispinfos                0/0               0/0        ( 0.0%) 
disp_verts               0/0               0/0        ( 0.0%) 
disp_tris                0/0               0/0        ( 0.0%) 
disp_multiblend          0/0               0/0        ( 0.0%) 
disp_lmsamples           0/0               0/0        ( 0.0%) 
faces                 3526/65536      197456/3670016  ( 5.4%) 
hdr faces                0/65536           0/3670016  ( 0.0%) 
origfaces             3123/65536      174888/3670016  ( 4.8%) 
facebrushes            142/0             284/0        ( 0.0%) 
facebrushlists        3526/0           14104/0        ( 0.0%) 
leaves                 408/65536       13056/2097152  ( 0.6%) 
leaffaces             4415/65536        8830/131072   ( 6.7%) 
leafbrushes           1326/65536        2652/131072   ( 2.0%) 
areas                    2/1024           16/8192     ( 0.2%) 
surfedges            28966/512000     115864/2048000  ( 5.7%) 
edges                17177/256000      68708/1024000  ( 6.7%) 
LDR worldlights         18/8192         1800/819200   ( 0.2%) 
HDR worldlights          0/8192            0/819200   ( 0.0%) 
leafwaterdata            0/32768           0/393216   ( 0.0%) 
waterstrips            185/32768        1850/327680   ( 0.6%) 
waterverts               0/65536           0/786432   ( 0.0%) 
waterindices          4560/65536        9120/131072   ( 7.0%) 
cubemapsamples           0/1024            0/16384    ( 0.0%) 
overlays                 0/1024            0/360448   ( 0.0%) 
LDR lightdata         [variable]     1312088/0        ( 0.0%) 
HDR lightdata         [variable]           0/0        ( 0.0%) 
visdata               [variable]        8072/16777216 ( 0.0%) 
entdata               [variable]       11082/393216   ( 2.8%) 
LDR ambient table      408/65536        1632/262144   ( 0.6%) 
HDR ambient table      408/65536        1632/262144   ( 0.6%) 
LDR leaf ambient       899/65536       25172/1835008  ( 1.4%) 
HDR leaf ambient       408/65536       11424/1835008  ( 0.6%) 
occluders                0/0               0/0        ( 0.0%) 
occluder polygons        0/0               0/0        ( 0.0%) 
occluder vert ind        0/0               0/0        ( 0.0%) 
detail props          [variable]           1/12       ( 8.3%) 
static props          [variable]           1/2930     ( 0.0%) 
pakfile               [variable]       74438/0        ( 0.0%) 
physics               [variable]      269973/4194304  ( 6.4%) 
physics terrain       [variable]           2/1048576  ( 0.0%) 

Level flags = 7c

Total triangle count: 9432
Writing d:\onedrive\desktop\csgo\hammer maps\1v1_wood 3\1v1_wood_3.bsp
MSG_FILEWRITE - Filesystem was asked to write to 'd:\onedrive\desktop\csgo\hammer maps\1v1_wood 3\1v1_wood_3.bsp', but we don't own that location. Allowing...
4 seconds elapsed



materialPath: D:\Steam\steamapps\common\Counter-Strike Global Offensive\csgo\materials
Loading D:\OneDrive\Desktop\csgo\hammer maps\1v1_wood 3\1v1_wood_3.vmf
Map revision 391
fixing up env_cubemap materials on brush sides...
0...1...2...3...4...5...6...7...8...9...100...1...2...3...4...5...6...7...8...9...10Processing areas...done (0)
Building Faces...done (0)
Chop Details...done (0)
Find Visible Detail Sides...
Merged 84 detail faces...done (0)
Merging details...done (0)
FixTjuncs...
PruneNodes...
WriteBSP...
done (0)
writing D:\OneDrive\Desktop\csgo\hammer maps\1v1_wood 3\1v1_wood_3.prt...Building visibility clusters...
AutoVisClustering (threshold=-1) matched 0 leafs.
done (0)
Finding displacement neighbors...
Finding lightmap sample positions...
Displacement Alpha : 0...1...2...3...4...5...6...7...8...9...10
Building Physics collision data...
done (0) (269973 bytes)
Placing detail props : 0...1...2...3...4...5...6...7...8...9...10
Compacting texture/material tables...
Reduced 134 texinfos to 97
Reduced 10 texdatas to 10 (239 bytes to 239)
Writing D:\OneDrive\Desktop\csgo\hammer maps\1v1_wood 3\1v1_wood_3.bsp
MSG_FILEWRITE - Filesystem was asked to write to 'd:\onedrive\desktop\csgo\hammer maps\1v1_wood 3\1v1_wood_3.bsp', but we don't own that location. Allowing...
0 seconds elapsed



16 threads
reading d:\onedrive\desktop\csgo\hammer maps\1v1_wood 3\1v1_wood_3.bsp
reading d:\onedrive\desktop\csgo\hammer maps\1v1_wood 3\1v1_wood_3.prt
 162 portalclusters
 522 numportals
0...1...2...3...4...5...6...7...8...9...100...1...2...3...4...5...6...7...8...9...10Optimized: 151 visible clusters (0.00%)
Total clusters visible: 21143
Average clusters visible: 130
Building PAS...
Average clusters audible: 161
visdatasize:8072  compressed from 7776
writing d:\onedrive\desktop\csgo\hammer maps\1v1_wood 3\1v1_wood_3.bsp
MSG_FILEWRITE - Filesystem was asked to write to 'd:\onedrive\desktop\csgo\hammer maps\1v1_wood 3\1v1_wood_3.bsp', but we don't own that location. Allowing...
0 seconds elapsed



[Reading texlights from 'lights.rad']
[17 texlights parsed from 'lights.rad']

Loading d:\onedrive\desktop\csgo\hammer maps\1v1_wood 3\1v1_wood_3.bsp
3526 faces
181624 square feet [26153888.00 square inches]
0 Displacements
0 Square Feet [0.00 Square Inches]
3526 patches before subdivision
13052 patches after subdivision
18 direct lights
0...1...2...3...4...5...6...7...8...9...100...1...2...3...4...5...6...7...8...9...10transfers 2490329, max 1524
transfer lists:  19.0 megs
0...1...2...3...4...5...6...7...8...9...10	Bounce #1 added RGB(62867, 48975, 43242)
0...1...2...3...4...5...6...7...8...9...10	Bounce #2 added RGB(8372, 5153, 4014)
0...1...2...3...4...5...6...7...8...9...10	Bounce #3 added RGB(1060, 517, 357)
0...1...2...3...4...5...6...7...8...9...10	Bounce #4 added RGB(143, 55, 34)
0...1...2...3...4...5...6...7...8...9...10	Bounce #5 added RGB(19, 6, 3)
0...1...2...3...4...5...6...7...8...9...10	Bounce #6 added RGB(3, 1, 0)
0...1...2...3...4...5...6...7...8...9...10	Bounce #7 added RGB(0, 0, 0)
Build Patch/Sample Hash Table(s).....Done<0.0024 sec>
0...1...2...3...4...5...6...7...8...9...10FinalLightFace Done
0 of 0 (0% of) surface lights went in leaf ambient cubes.
0...1...2...3...4...5...6...7...8...9...10Writing leaf ambient...done
Ready to Finish

Object names       Objects/Maxobjs  Memory / Maxmem  Fullness 
------------       ---------------  ---------------  -------- 
models                   5/1024          240/49152    ( 0.5%) 
brushes                741/8192         8892/98304    ( 9.0%) 
brushsides            6572/81920       52576/655360   ( 8.0%) 
planes                5488/65536      109760/1310720  ( 8.4%) 
vertexes              5811/65536       69732/786432   ( 8.9%) 
nodes                  402/65536       12864/2097152  ( 0.6%) 
texinfos                97/12288        6984/884736   ( 0.8%) 
texdata                 10/4096          320/131072   ( 0.2%) 
dispinfos                0/0               0/0        ( 0.0%) 
disp_verts               0/0               0/0        ( 0.0%) 
disp_tris                0/0               0/0        ( 0.0%) 
disp_multiblend          0/0               0/0        ( 0.0%) 
disp_lmsamples           0/0               0/0        ( 0.0%) 
faces                 3526/65536      197456/3670016  ( 5.4%) 
hdr faces                0/65536           0/3670016  ( 0.0%) 
origfaces             3123/65536      174888/3670016  ( 4.8%) 
facebrushes            142/0             284/0        ( 0.0%) 
facebrushlists        3526/0           14104/0        ( 0.0%) 
leaves                 408/65536       13056/2097152  ( 0.6%) 
leaffaces             4415/65536        8830/131072   ( 6.7%) 
leafbrushes           1326/65536        2652/131072   ( 2.0%) 
areas                    2/1024           16/8192     ( 0.2%) 
surfedges            28966/512000     115864/2048000  ( 5.7%) 
edges                17177/256000      68708/1024000  ( 6.7%) 
LDR worldlights         18/8192         1800/819200   ( 0.2%) 
HDR worldlights          0/8192            0/819200   ( 0.0%) 
leafwaterdata            0/32768           0/393216   ( 0.0%) 
waterstrips            185/32768        1850/327680   ( 0.6%) 
waterverts               0/65536           0/786432   ( 0.0%) 
waterindices          4560/65536        9120/131072   ( 7.0%) 
cubemapsamples           0/1024            0/16384    ( 0.0%) 
overlays                 0/1024            0/360448   ( 0.0%) 
LDR lightdata         [variable]     1312088/0        ( 0.0%) 
HDR lightdata         [variable]           0/0        ( 0.0%) 
visdata               [variable]        8072/16777216 ( 0.0%) 
entdata               [variable]       11011/393216   ( 2.8%) 
LDR ambient table      408/65536        1632/262144   ( 0.6%) 
HDR ambient table      408/65536        1632/262144   ( 0.6%) 
LDR leaf ambient       899/65536       25172/1835008  ( 1.4%) 
HDR leaf ambient       408/65536       11424/1835008  ( 0.6%) 
occluders                0/0               0/0        ( 0.0%) 
occluder polygons        0/0               0/0        ( 0.0%) 
occluder vert ind        0/0               0/0        ( 0.0%) 
detail props          [variable]           1/12       ( 8.3%) 
static props          [variable]           1/2930     ( 0.0%) 
pakfile               [variable]       74438/0        ( 0.0%) 
physics               [variable]      269973/4194304  ( 6.4%) 
physics terrain       [variable]           2/1048576  ( 0.0%) 

Level flags = 7c

Total triangle count: 9432
Writing d:\onedrive\desktop\csgo\hammer maps\1v1_wood 3\1v1_wood_3.bsp
MSG_FILEWRITE - Filesystem was asked to write to 'd:\onedrive\desktop\csgo\hammer maps\1v1_wood 3\1v1_wood_3.bsp', but we don't own that location. Allowing...
3 seconds elapsed



materialPath: D:\Steam\steamapps\common\Counter-Strike Global Offensive\csgo\materials
Loading D:\OneDrive\Desktop\csgo\hammer maps\1v1_wood 3\1v1_wood_3.vmf
Map revision 401
fixing up env_cubemap materials on brush sides...
0...1...2...3...4...5...6...7...8...9...100...1...2...3...4...5...6...7...8...9...10Processing areas...done (0)
Building Faces...done (0)
Chop Details...done (0)
Find Visible Detail Sides...
Merged 84 detail faces...done (0)
Merging details...done (0)
FixTjuncs...
PruneNodes...
WriteBSP...
done (0)
writing D:\OneDrive\Desktop\csgo\hammer maps\1v1_wood 3\1v1_wood_3.prt...Building visibility clusters...
AutoVisClustering (threshold=-1) matched 0 leafs.
done (0)
Finding displacement neighbors...
Finding lightmap sample positions...
Displacement Alpha : 0...1...2...3...4...5...6...7...8...9...10
Building Physics collision data...
done (0) (275547 bytes)
Placing detail props : 0...1...2...3...4...5...6...7...8...9...10
Compacting texture/material tables...
Reduced 155 texinfos to 118
Reduced 10 texdatas to 10 (239 bytes to 239)
Writing D:\OneDrive\Desktop\csgo\hammer maps\1v1_wood 3\1v1_wood_3.bsp
MSG_FILEWRITE - Filesystem was asked to write to 'd:\onedrive\desktop\csgo\hammer maps\1v1_wood 3\1v1_wood_3.bsp', but we don't own that location. Allowing...
0 seconds elapsed



16 threads
reading d:\onedrive\desktop\csgo\hammer maps\1v1_wood 3\1v1_wood_3.bsp
reading d:\onedrive\desktop\csgo\hammer maps\1v1_wood 3\1v1_wood_3.prt
 162 portalclusters
 522 numportals
0...1...2...3...4...5...6...7...8...9...100...1...2...3...4...5...6...7...8...9...10Optimized: 151 visible clusters (0.00%)
Total clusters visible: 21143
Average clusters visible: 130
Building PAS...
Average clusters audible: 161
visdatasize:8072  compressed from 7776
writing d:\onedrive\desktop\csgo\hammer maps\1v1_wood 3\1v1_wood_3.bsp
MSG_FILEWRITE - Filesystem was asked to write to 'd:\onedrive\desktop\csgo\hammer maps\1v1_wood 3\1v1_wood_3.bsp', but we don't own that location. Allowing...
0 seconds elapsed



[Reading texlights from 'lights.rad']
[17 texlights parsed from 'lights.rad']

Loading d:\onedrive\desktop\csgo\hammer maps\1v1_wood 3\1v1_wood_3.bsp
3586 faces
671938 square feet [96759200.00 square inches]
0 Displacements
0 Square Feet [0.00 Square Inches]
3586 patches before subdivision
13112 patches after subdivision
18 direct lights
0...1...2...3...4...5...6...7...8...9...100...1...2...3...4...5...6...7...8...9...10transfers 2490329, max 1524
transfer lists:  19.0 megs
0...1...2...3...4...5...6...7...8...9...10	Bounce #1 added RGB(62867, 48975, 43242)
0...1...2...3...4...5...6...7...8...9...10	Bounce #2 added RGB(8372, 5153, 4014)
0...1...2...3...4...5...6...7...8...9...10	Bounce #3 added RGB(1060, 517, 357)
0...1...2...3...4...5...6...7...8...9...10	Bounce #4 added RGB(143, 55, 34)
0...1...2...3...4...5...6...7...8...9...10	Bounce #5 added RGB(19, 6, 3)
0...1...2...3...4...5...6...7...8...9...10	Bounce #6 added RGB(3, 1, 0)
0...1...2...3...4...5...6...7...8...9...10	Bounce #7 added RGB(0, 0, 0)
Build Patch/Sample Hash Table(s).....Done<0.0019 sec>
0...1...2...3...4...5...6...7...8...9...10FinalLightFace Done
0 of 0 (0% of) surface lights went in leaf ambient cubes.
0...1...2...3...4...5...6...7...8...9...10Writing leaf ambient...done
Ready to Finish

Object names       Objects/Maxobjs  Memory / Maxmem  Fullness 
------------       ---------------  ---------------  -------- 
models                  15/1024          720/49152    ( 1.5%) 
brushes                751/8192         9012/98304    ( 9.2%) 
brushsides            6632/81920       53056/655360   ( 8.1%) 
planes                5544/65536      110880/1310720  ( 8.5%) 
vertexes              5891/65536       70692/786432   ( 9.0%) 
nodes                  462/65536       14784/2097152  ( 0.7%) 
texinfos               118/12288        8496/884736   ( 1.0%) 
texdata                 10/4096          320/131072   ( 0.2%) 
dispinfos                0/0               0/0        ( 0.0%) 
disp_verts               0/0               0/0        ( 0.0%) 
disp_tris                0/0               0/0        ( 0.0%) 
disp_multiblend          0/0               0/0        ( 0.0%) 
disp_lmsamples           0/0               0/0        ( 0.0%) 
faces                 3586/65536      200816/3670016  ( 5.5%) 
hdr faces                0/65536           0/3670016  ( 0.0%) 
origfaces             3183/65536      178248/3670016  ( 4.9%) 
facebrushes            142/0             284/0        ( 0.0%) 
facebrushlists        3586/0           14344/0        ( 0.0%) 
leaves                 478/65536       15296/2097152  ( 0.7%) 
leaffaces             4475/65536        8950/131072   ( 6.8%) 
leafbrushes           1336/65536        2672/131072   ( 2.0%) 
areas                    2/1024           16/8192     ( 0.2%) 
surfedges            29446/512000     117784/2048000  ( 5.8%) 
edges                17417/256000      69668/1024000  ( 6.8%) 
LDR worldlights         18/8192         1800/819200   ( 0.2%) 
HDR worldlights          0/8192            0/819200   ( 0.0%) 
leafwaterdata            0/32768           0/393216   ( 0.0%) 
waterstrips            185/32768        1850/327680   ( 0.6%) 
waterverts               0/65536           0/786432   ( 0.0%) 
waterindices          4560/65536        9120/131072   ( 7.0%) 
cubemapsamples           0/1024            0/16384    ( 0.0%) 
overlays                 0/1024            0/360448   ( 0.0%) 
LDR lightdata         [variable]     1312088/0        ( 0.0%) 
HDR lightdata         [variable]           0/0        ( 0.0%) 
visdata               [variable]        8072/16777216 ( 0.0%) 
entdata               [variable]       15065/393216   ( 3.8%) 
LDR ambient table      478/65536        1912/262144   ( 0.7%) 
HDR ambient table      478/65536        1912/262144   ( 0.7%) 
LDR leaf ambient      1559/65536       43652/1835008  ( 2.4%) 
HDR leaf ambient       478/65536       13384/1835008  ( 0.7%) 
occluders                0/0               0/0        ( 0.0%) 
occluder polygons        0/0               0/0        ( 0.0%) 
occluder vert ind        0/0               0/0        ( 0.0%) 
detail props          [variable]           1/12       ( 8.3%) 
static props          [variable]           1/2930     ( 0.0%) 
pakfile               [variable]       74438/0        ( 0.0%) 
physics               [variable]      275547/4194304  ( 6.6%) 
physics terrain       [variable]           2/1048576  ( 0.0%) 

Level flags = 7c

Total triangle count: 9552
Writing d:\onedrive\desktop\csgo\hammer maps\1v1_wood 3\1v1_wood_3.bsp
MSG_FILEWRITE - Filesystem was asked to write to 'd:\onedrive\desktop\csgo\hammer maps\1v1_wood 3\1v1_wood_3.bsp', but we don't own that location. Allowing...
4 seconds elapsed



materialPath: D:\Steam\steamapps\common\Counter-Strike Global Offensive\csgo\materials
Loading d:\onedrive\desktop\csgo\hammer maps\1v1_wood 3\1v1_wood_3.vmf
Map revision 405
fixing up env_cubemap materials on brush sides...
0...1...2...3...4...5...6...7...8...9...100...1...2...3...4...5...6...7...8...9...10Processing areas...done (0)
Building Faces...done (0)
Chop Details...done (0)
Find Visible Detail Sides...
Merged 84 detail faces...done (0)
Merging details...done (0)
FixTjuncs...
PruneNodes...
WriteBSP...
done (0)
writing d:\onedrive\desktop\csgo\hammer maps\1v1_wood 3\1v1_wood_3.prt...Building visibility clusters...
AutoVisClustering (threshold=-1) matched 0 leafs.
done (0)
Finding displacement neighbors...
Finding lightmap sample positions...
Displacement Alpha : 0...1...2...3...4...5...6...7...8...9...10
Building Physics collision data...
done (0) (275547 bytes)
Placing detail props : 0...1...2...3...4...5...6...7...8...9...10
Compacting texture/material tables...
Reduced 155 texinfos to 118
Reduced 10 texdatas to 10 (239 bytes to 239)
Writing d:\onedrive\desktop\csgo\hammer maps\1v1_wood 3\1v1_wood_3.bsp
MSG_FILEWRITE - Filesystem was asked to write to 'd:\onedrive\desktop\csgo\hammer maps\1v1_wood 3\1v1_wood_3.bsp', but we don't own that location. Allowing...
0 seconds elapsed



16 threads
reading d:\onedrive\desktop\csgo\hammer maps\1v1_wood 3\1v1_wood_3.bsp
reading d:\onedrive\desktop\csgo\hammer maps\1v1_wood 3\1v1_wood_3.prt
 162 portalclusters
 522 numportals
0...1...2...3...4...5...6...7...8...9...100...1...2...3...4...5...6...7...8...9...10Optimized: 151 visible clusters (0.00%)
Total clusters visible: 21141
Average clusters visible: 130
Building PAS...
Average clusters audible: 161
visdatasize:8072  compressed from 7776
writing d:\onedrive\desktop\csgo\hammer maps\1v1_wood 3\1v1_wood_3.bsp
MSG_FILEWRITE - Filesystem was asked to write to 'd:\onedrive\desktop\csgo\hammer maps\1v1_wood 3\1v1_wood_3.bsp', but we don't own that location. Allowing...
0 seconds elapsed



[Reading texlights from 'lights.rad']
[17 texlights parsed from 'lights.rad']

Loading d:\onedrive\desktop\csgo\hammer maps\1v1_wood 3\1v1_wood_3.bsp
3586 faces
671938 square feet [96759200.00 square inches]
0 Displacements
0 Square Feet [0.00 Square Inches]
3586 patches before subdivision
13112 patches after subdivision
18 direct lights
0...1...2...3...4...5...6...7...8...9...100...1...2...3...4...5...6...7...8...9...10transfers 2496308, max 1525
transfer lists:  19.0 megs
0...1...2...3...4...5...6...7...8...9...10	Bounce #1 added RGB(64657, 49879, 43922)
0...1...2...3...4...5...6...7...8...9...10	Bounce #2 added RGB(8680, 5272, 4091)
0...1...2...3...4...5...6...7...8...9...10	Bounce #3 added RGB(1104, 527, 363)
0...1...2...3...4...5...6...7...8...9...10	Bounce #4 added RGB(150, 56, 34)
0...1...2...3...4...5...6...7...8...9...10	Bounce #5 added RGB(20, 6, 3)
0...1...2...3...4...5...6...7...8...9...10	Bounce #6 added RGB(3, 1, 0)
0...1...2...3...4...5...6...7...8...9...10	Bounce #7 added RGB(0, 0, 0)
Build Patch/Sample Hash Table(s).....Done<0.0019 sec>
0...1...2...3...4...5...6...7...8...9...10FinalLightFace Done
0 of 0 (0% of) surface lights went in leaf ambient cubes.
0...1...2...3...4...5...6...7...8...9...10Writing leaf ambient...done
Computing static prop lighting : 00...1...2...3...4...5...6...7...8...9...10
Ready to Finish

Object names       Objects/Maxobjs  Memory / Maxmem  Fullness 
------------       ---------------  ---------------  -------- 
models                  15/1024          720/49152    ( 1.5%) 
brushes                751/8192         9012/98304    ( 9.2%) 
brushsides            6632/81920       53056/655360   ( 8.1%) 
planes                5544/65536      110880/1310720  ( 8.5%) 
vertexes              5891/65536       70692/786432   ( 9.0%) 
nodes                  462/65536       14784/2097152  ( 0.7%) 
texinfos               118/12288        8496/884736   ( 1.0%) 
texdata                 10/4096          320/131072   ( 0.2%) 
dispinfos                0/0               0/0        ( 0.0%) 
disp_verts               0/0               0/0        ( 0.0%) 
disp_tris                0/0               0/0        ( 0.0%) 
disp_multiblend          0/0               0/0        ( 0.0%) 
disp_lmsamples           0/0               0/0        ( 0.0%) 
faces                 3586/65536      200816/3670016  ( 5.5%) 
hdr faces                0/65536           0/3670016  ( 0.0%) 
origfaces             3183/65536      178248/3670016  ( 4.9%) 
facebrushes            142/0             284/0        ( 0.0%) 
facebrushlists        3586/0           14344/0        ( 0.0%) 
leaves                 478/65536       15296/2097152  ( 0.7%) 
leaffaces             4475/65536        8950/131072   ( 6.8%) 
leafbrushes           1336/65536        2672/131072   ( 2.0%) 
areas                    2/1024           16/8192     ( 0.2%) 
surfedges            29446/512000     117784/2048000  ( 5.8%) 
edges                17417/256000      69668/1024000  ( 6.8%) 
LDR worldlights         18/8192         1800/819200   ( 0.2%) 
HDR worldlights          0/8192            0/819200   ( 0.0%) 
leafwaterdata            0/32768           0/393216   ( 0.0%) 
waterstrips            185/32768        1850/327680   ( 0.6%) 
waterverts               0/65536           0/786432   ( 0.0%) 
waterindices          4560/65536        9120/131072   ( 7.0%) 
cubemapsamples           0/1024            0/16384    ( 0.0%) 
overlays                 0/1024            0/360448   ( 0.0%) 
LDR lightdata         [variable]     1312088/0        ( 0.0%) 
HDR lightdata         [variable]           0/0        ( 0.0%) 
visdata               [variable]        8072/16777216 ( 0.0%) 
entdata               [variable]       14087/393216   ( 3.6%) 
LDR ambient table      478/65536        1912/262144   ( 0.7%) 
HDR ambient table      478/65536        1912/262144   ( 0.7%) 
LDR leaf ambient      1557/65536       43596/1835008  ( 2.4%) 
HDR leaf ambient       478/65536       13384/1835008  ( 0.7%) 
occluders                0/0               0/0        ( 0.0%) 
occluder polygons        0/0               0/0        ( 0.0%) 
occluder vert ind        0/0               0/0        ( 0.0%) 
detail props          [variable]           1/12       ( 8.3%) 
static props          [variable]           1/2930     ( 0.0%) 
pakfile               [variable]      495030/0        ( 0.0%) 
physics               [variable]      275547/4194304  ( 6.6%) 
physics terrain       [variable]           2/1048576  ( 0.0%) 

Level flags = 7d

Total triangle count: 9552
Writing d:\onedrive\desktop\csgo\hammer maps\1v1_wood 3\1v1_wood_3.bsp
MSG_FILEWRITE - Filesystem was asked to write to 'd:\onedrive\desktop\csgo\hammer maps\1v1_wood 3\1v1_wood_3.bsp', but we don't own that location. Allowing...
22 seconds elapsed



[Reading texlights from 'lights.rad']
[17 texlights parsed from 'lights.rad']

Loading d:\onedrive\desktop\csgo\hammer maps\1v1_wood 3\1v1_wood_3.bsp
3586 faces
671938 square feet [96759200.00 square inches]
0 Displacements
0 Square Feet [0.00 Square Inches]
3586 patches before subdivision
13112 patches after subdivision
18 direct lights
0...1...2...3...4...5...6...7...8...9...100...1...2...3...4...5...6...7...8...9...10transfers 2496308, max 1525
transfer lists:  19.0 megs
0...1...2...3...4...5...6...7...8...9...10	Bounce #1 added RGB(64657, 49879, 43923)
0...1...2...3...4...5...6...7...8...9...10	Bounce #2 added RGB(8680, 5272, 4091)
0...1...2...3...4...5...6...7...8...9...10	Bounce #3 added RGB(1104, 527, 363)
0...1...2...3...4...5...6...7...8...9...10	Bounce #4 added RGB(150, 56, 34)
0...1...2...3...4...5...6...7...8...9...10	Bounce #5 added RGB(20, 6, 3)
0...1...2...3...4...5...6...7...8...9...10	Bounce #6 added RGB(3, 1, 0)
0...1...2...3...4...5...6...7...8...9...10	Bounce #7 added RGB(0, 0, 0)
Build Patch/Sample Hash Table(s).....Done<0.0019 sec>
0...1...2...3...4...5...6...7...8...9...10FinalLightFace Done
0 of 0 (0% of) surface lights went in leaf ambient cubes.
0...1...2...3...4...5...6...7...8...9...10Writing leaf ambient...done
Computing static prop lighting : 00...1...2...3...4...5...6...7...8...9...10
Ready to Finish

Object names       Objects/Maxobjs  Memory / Maxmem  Fullness 
------------       ---------------  ---------------  -------- 
models                  15/1024          720/49152    ( 1.5%) 
brushes                751/8192         9012/98304    ( 9.2%) 
brushsides            6632/81920       53056/655360   ( 8.1%) 
planes                5544/65536      110880/1310720  ( 8.5%) 
vertexes              5891/65536       70692/786432   ( 9.0%) 
nodes                  462/65536       14784/2097152  ( 0.7%) 
texinfos               118/12288        8496/884736   ( 1.0%) 
texdata                 10/4096          320/131072   ( 0.2%) 
dispinfos                0/0               0/0        ( 0.0%) 
disp_verts               0/0               0/0        ( 0.0%) 
disp_tris                0/0               0/0        ( 0.0%) 
disp_multiblend          0/0               0/0        ( 0.0%) 
disp_lmsamples           0/0               0/0        ( 0.0%) 
faces                 3586/65536      200816/3670016  ( 5.5%) 
hdr faces             3586/65536      200816/3670016  ( 5.5%) 
origfaces             3183/65536      178248/3670016  ( 4.9%) 
facebrushes            142/0             284/0        ( 0.0%) 
facebrushlists        3586/0           14344/0        ( 0.0%) 
leaves                 478/65536       15296/2097152  ( 0.7%) 
leaffaces             4475/65536        8950/131072   ( 6.8%) 
leafbrushes           1336/65536        2672/131072   ( 2.0%) 
areas                    2/1024           16/8192     ( 0.2%) 
surfedges            29446/512000     117784/2048000  ( 5.8%) 
edges                17417/256000      69668/1024000  ( 6.8%) 
LDR worldlights         18/8192         1800/819200   ( 0.2%) 
HDR worldlights         18/8192         1800/819200   ( 0.2%) 
leafwaterdata            0/32768           0/393216   ( 0.0%) 
waterstrips            185/32768        1850/327680   ( 0.6%) 
waterverts               0/65536           0/786432   ( 0.0%) 
waterindices          4560/65536        9120/131072   ( 7.0%) 
cubemapsamples           0/1024            0/16384    ( 0.0%) 
overlays                 0/1024            0/360448   ( 0.0%) 
LDR lightdata         [variable]     1312088/0        ( 0.0%) 
HDR lightdata         [variable]     1312088/0        ( 0.0%) 
visdata               [variable]        8072/16777216 ( 0.0%) 
entdata               [variable]       14087/393216   ( 3.6%) 
LDR ambient table      478/65536        1912/262144   ( 0.7%) 
HDR ambient table      478/65536        1912/262144   ( 0.7%) 
LDR leaf ambient      1557/65536       43596/1835008  ( 2.4%) 
HDR leaf ambient      1557/65536       43596/1835008  ( 2.4%) 
occluders                0/0               0/0        ( 0.0%) 
occluder polygons        0/0               0/0        ( 0.0%) 
occluder vert ind        0/0               0/0        ( 0.0%) 
detail props          [variable]           1/12       ( 8.3%) 
static props          [variable]           1/2930     ( 0.0%) 
pakfile               [variable]      915862/0        ( 0.0%) 
physics               [variable]      275547/4194304  ( 6.6%) 
physics terrain       [variable]           2/1048576  ( 0.0%) 

Level flags = 7f

Total triangle count: 9552
Writing d:\onedrive\desktop\csgo\hammer maps\1v1_wood 3\1v1_wood_3.bsp
MSG_FILEWRITE - Filesystem was asked to write to 'd:\onedrive\desktop\csgo\hammer maps\1v1_wood 3\1v1_wood_3.bsp', but we don't own that location. Allowing...
21 seconds elapsed



materialPath: D:\Steam\steamapps\common\Counter-Strike Global Offensive\csgo\materials
Loading d:\onedrive\desktop\csgo\hammer maps\1v1_wood 3\1v1_wood_3.vmf
Map revision 406
fixing up env_cubemap materials on brush sides...
0...1...2...3...4...5...6...7...8...9...100...1...2...3...4...5...6...7...8...9...10Processing areas...done (0)
Building Faces...done (0)
Chop Details...done (0)
Find Visible Detail Sides...
Merged 84 detail faces...done (0)
Merging details...done (0)
FixTjuncs...
PruneNodes...
WriteBSP...
done (0)
writing d:\onedrive\desktop\csgo\hammer maps\1v1_wood 3\1v1_wood_3.prt...Building visibility clusters...
AutoVisClustering (threshold=-1) matched 0 leafs.
done (0)
Finding displacement neighbors...
Finding lightmap sample positions...
Displacement Alpha : 0...1...2...3...4...5...6...7...8...9...10
Building Physics collision data...
done (0) (275547 bytes)
Placing detail props : 0...1...2...3...4...5...6...7...8...9...10
Compacting texture/material tables...
Reduced 155 texinfos to 118
Reduced 10 texdatas to 10 (239 bytes to 239)
Writing d:\onedrive\desktop\csgo\hammer maps\1v1_wood 3\1v1_wood_3.bsp
MSG_FILEWRITE - Filesystem was asked to write to 'd:\onedrive\desktop\csgo\hammer maps\1v1_wood 3\1v1_wood_3.bsp', but we don't own that location. Allowing...
0 seconds elapsed



16 threads
reading d:\onedrive\desktop\csgo\hammer maps\1v1_wood 3\1v1_wood_3.bsp
reading d:\onedrive\desktop\csgo\hammer maps\1v1_wood 3\1v1_wood_3.prt
 162 portalclusters
 522 numportals
0...1...2...3...4...5...6...7...8...9...100...1...2...3...4...5...6...7...8...9...10Optimized: 151 visible clusters (0.00%)
Total clusters visible: 21141
Average clusters visible: 130
Building PAS...
Average clusters audible: 161
visdatasize:8072  compressed from 7776
writing d:\onedrive\desktop\csgo\hammer maps\1v1_wood 3\1v1_wood_3.bsp
MSG_FILEWRITE - Filesystem was asked to write to 'd:\onedrive\desktop\csgo\hammer maps\1v1_wood 3\1v1_wood_3.bsp', but we don't own that location. Allowing...
0 seconds elapsed



[Reading texlights from 'lights.rad']
[17 texlights parsed from 'lights.rad']

Loading d:\onedrive\desktop\csgo\hammer maps\1v1_wood 3\1v1_wood_3.bsp
3586 faces
671938 square feet [96759200.00 square inches]
0 Displacements
0 Square Feet [0.00 Square Inches]
3586 patches before subdivision
13112 patches after subdivision
18 direct lights
0...1...2...3...4...5...6...7...8...9...100...1...2...3...4...5...6...7...8...9...10transfers 2496308, max 1525
transfer lists:  19.0 megs
0...1...2...3...4...5...6...7...8...9...10	Bounce #1 added RGB(64657, 49879, 43923)
0...1...2...3...4...5...6...7...8...9...10	Bounce #2 added RGB(8680, 5272, 4091)
0...1...2...3...4...5...6...7...8...9...10	Bounce #3 added RGB(1104, 527, 363)
0...1...2...3...4...5...6...7...8...9...10	Bounce #4 added RGB(150, 56, 34)
0...1...2...3...4...5...6...7...8...9...10	Bounce #5 added RGB(20, 6, 3)
0...1...2...3...4...5...6...7...8...9...10	Bounce #6 added RGB(3, 1, 0)
0...1...2...3...4...5...6...7...8...9...10	Bounce #7 added RGB(0, 0, 0)
Build Patch/Sample Hash Table(s).....Done<0.0020 sec>
0...1...2...3...4...5...6...7...8...9...10FinalLightFace Done
0 of 0 (0% of) surface lights went in leaf ambient cubes.
0...1...2...3...4...5...6...7...8...9...10Writing leaf ambient...done
Computing static prop lighting : 00...1...2...3...4...5...6...7...8...9...10
Ready to Finish

Object names       Objects/Maxobjs  Memory / Maxmem  Fullness 
------------       ---------------  ---------------  -------- 
models                  15/1024          720/49152    ( 1.5%) 
brushes                751/8192         9012/98304    ( 9.2%) 
brushsides            6632/81920       53056/655360   ( 8.1%) 
planes                5544/65536      110880/1310720  ( 8.5%) 
vertexes              5891/65536       70692/786432   ( 9.0%) 
nodes                  462/65536       14784/2097152  ( 0.7%) 
texinfos               118/12288        8496/884736   ( 1.0%) 
texdata                 10/4096          320/131072   ( 0.2%) 
dispinfos                0/0               0/0        ( 0.0%) 
disp_verts               0/0               0/0        ( 0.0%) 
disp_tris                0/0               0/0        ( 0.0%) 
disp_multiblend          0/0               0/0        ( 0.0%) 
disp_lmsamples           0/0               0/0        ( 0.0%) 
faces                 3586/65536      200816/3670016  ( 5.5%) 
hdr faces                0/65536           0/3670016  ( 0.0%) 
origfaces             3183/65536      178248/3670016  ( 4.9%) 
facebrushes            142/0             284/0        ( 0.0%) 
facebrushlists        3586/0           14344/0        ( 0.0%) 
leaves                 478/65536       15296/2097152  ( 0.7%) 
leaffaces             4475/65536        8950/131072   ( 6.8%) 
leafbrushes           1336/65536        2672/131072   ( 2.0%) 
areas                    2/1024           16/8192     ( 0.2%) 
surfedges            29446/512000     117784/2048000  ( 5.8%) 
edges                17417/256000      69668/1024000  ( 6.8%) 
LDR worldlights         18/8192         1800/819200   ( 0.2%) 
HDR worldlights          0/8192            0/819200   ( 0.0%) 
leafwaterdata            0/32768           0/393216   ( 0.0%) 
waterstrips            185/32768        1850/327680   ( 0.6%) 
waterverts               0/65536           0/786432   ( 0.0%) 
waterindices          4560/65536        9120/131072   ( 7.0%) 
cubemapsamples           0/1024            0/16384    ( 0.0%) 
overlays                 0/1024            0/360448   ( 0.0%) 
LDR lightdata         [variable]     1312088/0        ( 0.0%) 
HDR lightdata         [variable]           0/0        ( 0.0%) 
visdata               [variable]        8072/16777216 ( 0.0%) 
entdata               [variable]       14087/393216   ( 3.6%) 
LDR ambient table      478/65536        1912/262144   ( 0.7%) 
HDR ambient table      478/65536        1912/262144   ( 0.7%) 
LDR leaf ambient      1557/65536       43596/1835008  ( 2.4%) 
HDR leaf ambient       478/65536       13384/1835008  ( 0.7%) 
occluders                0/0               0/0        ( 0.0%) 
occluder polygons        0/0               0/0        ( 0.0%) 
occluder vert ind        0/0               0/0        ( 0.0%) 
detail props          [variable]           1/12       ( 8.3%) 
static props          [variable]           1/2930     ( 0.0%) 
pakfile               [variable]      495030/0        ( 0.0%) 
physics               [variable]      275547/4194304  ( 6.6%) 
physics terrain       [variable]           2/1048576  ( 0.0%) 

Level flags = 7d

Total triangle count: 9552
Writing d:\onedrive\desktop\csgo\hammer maps\1v1_wood 3\1v1_wood_3.bsp
MSG_FILEWRITE - Filesystem was asked to write to 'd:\onedrive\desktop\csgo\hammer maps\1v1_wood 3\1v1_wood_3.bsp', but we don't own that location. Allowing...
22 seconds elapsed



[Reading texlights from 'lights.rad']
[17 texlights parsed from 'lights.rad']

Loading d:\onedrive\desktop\csgo\hammer maps\1v1_wood 3\1v1_wood_3.bsp
3586 faces
671938 square feet [96759200.00 square inches]
0 Displacements
0 Square Feet [0.00 Square Inches]
3586 patches before subdivision
13112 patches after subdivision
18 direct lights
0...1...2...3...4...5...6...7...8...9...100...1...2...3...4...5...6...7...8...9...10transfers 2496308, max 1525
transfer lists:  19.0 megs
0...1...2...3...4...5...6...7...8...9...10	Bounce #1 added RGB(64657, 49879, 43922)
0...1...2...3...4...5...6...7...8...9...10	Bounce #2 added RGB(8680, 5272, 4091)
0...1...2...3...4...5...6...7...8...9...10	Bounce #3 added RGB(1104, 527, 363)
0...1...2...3...4...5...6...7...8...9...10	Bounce #4 added RGB(150, 56, 34)
0...1...2...3...4...5...6...7...8...9...10	Bounce #5 added RGB(20, 6, 3)
0...1...2...3...4...5...6...7...8...9...10	Bounce #6 added RGB(3, 1, 0)
0...1...2...3...4...5...6...7...8...9...10	Bounce #7 added RGB(0, 0, 0)
Build Patch/Sample Hash Table(s).....Done<0.0020 sec>
0...1...2...3...4...5...6...7...8...9...10FinalLightFace Done
0 of 0 (0% of) surface lights went in leaf ambient cubes.
0...1...2...3...4...5...6...7...8...9...10Writing leaf ambient...done
Computing static prop lighting : 00...1...2...3...4...5...6...7...8...9...10
Ready to Finish

Object names       Objects/Maxobjs  Memory / Maxmem  Fullness 
------------       ---------------  ---------------  -------- 
models                  15/1024          720/49152    ( 1.5%) 
brushes                751/8192         9012/98304    ( 9.2%) 
brushsides            6632/81920       53056/655360   ( 8.1%) 
planes                5544/65536      110880/1310720  ( 8.5%) 
vertexes              5891/65536       70692/786432   ( 9.0%) 
nodes                  462/65536       14784/2097152  ( 0.7%) 
texinfos               118/12288        8496/884736   ( 1.0%) 
texdata                 10/4096          320/131072   ( 0.2%) 
dispinfos                0/0               0/0        ( 0.0%) 
disp_verts               0/0               0/0        ( 0.0%) 
disp_tris                0/0               0/0        ( 0.0%) 
disp_multiblend          0/0               0/0        ( 0.0%) 
disp_lmsamples           0/0               0/0        ( 0.0%) 
faces                 3586/65536      200816/3670016  ( 5.5%) 
hdr faces             3586/65536      200816/3670016  ( 5.5%) 
origfaces             3183/65536      178248/3670016  ( 4.9%) 
facebrushes            142/0             284/0        ( 0.0%) 
facebrushlists        3586/0           14344/0        ( 0.0%) 
leaves                 478/65536       15296/2097152  ( 0.7%) 
leaffaces             4475/65536        8950/131072   ( 6.8%) 
leafbrushes           1336/65536        2672/131072   ( 2.0%) 
areas                    2/1024           16/8192     ( 0.2%) 
surfedges            29446/512000     117784/2048000  ( 5.8%) 
edges                17417/256000      69668/1024000  ( 6.8%) 
LDR worldlights         18/8192         1800/819200   ( 0.2%) 
HDR worldlights         18/8192         1800/819200   ( 0.2%) 
leafwaterdata            0/32768           0/393216   ( 0.0%) 
waterstrips            185/32768        1850/327680   ( 0.6%) 
waterverts               0/65536           0/786432   ( 0.0%) 
waterindices          4560/65536        9120/131072   ( 7.0%) 
cubemapsamples           0/1024            0/16384    ( 0.0%) 
overlays                 0/1024            0/360448   ( 0.0%) 
LDR lightdata         [variable]     1312088/0        ( 0.0%) 
HDR lightdata         [variable]     1312088/0        ( 0.0%) 
visdata               [variable]        8072/16777216 ( 0.0%) 
entdata               [variable]       14087/393216   ( 3.6%) 
LDR ambient table      478/65536        1912/262144   ( 0.7%) 
HDR ambient table      478/65536        1912/262144   ( 0.7%) 
LDR leaf ambient      1557/65536       43596/1835008  ( 2.4%) 
HDR leaf ambient      1557/65536       43596/1835008  ( 2.4%) 
occluders                0/0               0/0        ( 0.0%) 
occluder polygons        0/0               0/0        ( 0.0%) 
occluder vert ind        0/0               0/0        ( 0.0%) 
detail props          [variable]           1/12       ( 8.3%) 
static props          [variable]           1/2930     ( 0.0%) 
pakfile               [variable]      915862/0        ( 0.0%) 
physics               [variable]      275547/4194304  ( 6.6%) 
physics terrain       [variable]           2/1048576  ( 0.0%) 

Level flags = 7f

Total triangle count: 9552
Writing d:\onedrive\desktop\csgo\hammer maps\1v1_wood 3\1v1_wood_3.bsp
MSG_FILEWRITE - Filesystem was asked to write to 'd:\onedrive\desktop\csgo\hammer maps\1v1_wood 3\1v1_wood_3.bsp', but we don't own that location. Allowing...
21 seconds elapsed



materialPath: D:\Steam\steamapps\common\Counter-Strike Global Offensive\csgo\materials
Loading d:\onedrive\desktop\csgo\hammer maps\1v1_wood 3\1v1_wood_3.vmf
Map revision 409
fixing up env_cubemap materials on brush sides...
0...1...2...3...4...5...6...7...8...9...100...1...2...3...4...5...6...7...8...9...10Processing areas...done (0)
Building Faces...done (0)
Chop Details...done (0)
Find Visible Detail Sides...
Merged 84 detail faces...done (0)
Merging details...done (0)
FixTjuncs...
PruneNodes...
WriteBSP...
done (0)
writing d:\onedrive\desktop\csgo\hammer maps\1v1_wood 3\1v1_wood_3.prt...Building visibility clusters...
AutoVisClustering (threshold=-1) matched 0 leafs.
done (0)
Finding displacement neighbors...
Finding lightmap sample positions...
Displacement Alpha : 0...1...2...3...4...5...6...7...8...9...10
Building Physics collision data...
done (0) (275532 bytes)
Placing detail props : 0...1...2...3...4...5...6...7...8...9...10
Compacting texture/material tables...
Reduced 155 texinfos to 118
Reduced 10 texdatas to 10 (247 bytes to 247)
Writing d:\onedrive\desktop\csgo\hammer maps\1v1_wood 3\1v1_wood_3.bsp
MSG_FILEWRITE - Filesystem was asked to write to 'd:\onedrive\desktop\csgo\hammer maps\1v1_wood 3\1v1_wood_3.bsp', but we don't own that location. Allowing...
0 seconds elapsed



16 threads
reading d:\onedrive\desktop\csgo\hammer maps\1v1_wood 3\1v1_wood_3.bsp
reading d:\onedrive\desktop\csgo\hammer maps\1v1_wood 3\1v1_wood_3.prt
 162 portalclusters
 522 numportals
0...1...2...3...4...5...6...7...8...9...100...1...2...3...4...5...6...7...8...9...10Optimized: 151 visible clusters (0.00%)
Total clusters visible: 21141
Average clusters visible: 130
Building PAS...
Average clusters audible: 161
visdatasize:8072  compressed from 7776
writing d:\onedrive\desktop\csgo\hammer maps\1v1_wood 3\1v1_wood_3.bsp
MSG_FILEWRITE - Filesystem was asked to write to 'd:\onedrive\desktop\csgo\hammer maps\1v1_wood 3\1v1_wood_3.bsp', but we don't own that location. Allowing...
0 seconds elapsed



[Reading texlights from 'lights.rad']
[17 texlights parsed from 'lights.rad']

Loading d:\onedrive\desktop\csgo\hammer maps\1v1_wood 3\1v1_wood_3.bsp
3586 faces
671938 square feet [96759200.00 square inches]
0 Displacements
0 Square Feet [0.00 Square Inches]
3586 patches before subdivision
13112 patches after subdivision
18 direct lights
0...1...2...3...4...5...6...7...8...9...100...1...2...3...4...5...6...7...8...9...10transfers 2496308, max 1525
transfer lists:  19.0 megs
0...1...2...3...4...5...6...7...8...9...10	Bounce #1 added RGB(46268, 36363, 31301)
0...1...2...3...4...5...6...7...8...9...10	Bounce #2 added RGB(4903, 2973, 2199)
0...1...2...3...4...5...6...7...8...9...10	Bounce #3 added RGB(479, 220, 139)
0...1...2...3...4...5...6...7...8...9...10	Bounce #4 added RGB(53, 18, 10)
0...1...2...3...4...5...6...7...8...9...10	Bounce #5 added RGB(6, 1, 1)
0...1...2...3...4...5...6...7...8...9...10	Bounce #6 added RGB(1, 0, 0)
Build Patch/Sample Hash Table(s).....Done<0.0019 sec>
0...1...2...3...4...5...6...7...8...9...10FinalLightFace Done
0 of 0 (0% of) surface lights went in leaf ambient cubes.
0...1...2...3...4...5...6...7...8...9...10Writing leaf ambient...done
Computing static prop lighting : 00...1...2...3...4...5...6...7...8...9...10
Ready to Finish

Object names       Objects/Maxobjs  Memory / Maxmem  Fullness 
------------       ---------------  ---------------  -------- 
models                  15/1024          720/49152    ( 1.5%) 
brushes                751/8192         9012/98304    ( 9.2%) 
brushsides            6632/81920       53056/655360   ( 8.1%) 
planes                5544/65536      110880/1310720  ( 8.5%) 
vertexes              5891/65536       70692/786432   ( 9.0%) 
nodes                  462/65536       14784/2097152  ( 0.7%) 
texinfos               118/12288        8496/884736   ( 1.0%) 
texdata                 10/4096          320/131072   ( 0.2%) 
dispinfos                0/0               0/0        ( 0.0%) 
disp_verts               0/0               0/0        ( 0.0%) 
disp_tris                0/0               0/0        ( 0.0%) 
disp_multiblend          0/0               0/0        ( 0.0%) 
disp_lmsamples           0/0               0/0        ( 0.0%) 
faces                 3586/65536      200816/3670016  ( 5.5%) 
hdr faces                0/65536           0/3670016  ( 0.0%) 
origfaces             3183/65536      178248/3670016  ( 4.9%) 
facebrushes            142/0             284/0        ( 0.0%) 
facebrushlists        3586/0           14344/0        ( 0.0%) 
leaves                 478/65536       15296/2097152  ( 0.7%) 
leaffaces             4475/65536        8950/131072   ( 6.8%) 
leafbrushes           1336/65536        2672/131072   ( 2.0%) 
areas                    2/1024           16/8192     ( 0.2%) 
surfedges            29446/512000     117784/2048000  ( 5.8%) 
edges                17417/256000      69668/1024000  ( 6.8%) 
LDR worldlights         18/8192         1800/819200   ( 0.2%) 
HDR worldlights          0/8192            0/819200   ( 0.0%) 
leafwaterdata            0/32768           0/393216   ( 0.0%) 
waterstrips            185/32768        1850/327680   ( 0.6%) 
waterverts               0/65536           0/786432   ( 0.0%) 
waterindices          4560/65536        9120/131072   ( 7.0%) 
cubemapsamples           0/1024            0/16384    ( 0.0%) 
overlays                 0/1024            0/360448   ( 0.0%) 
LDR lightdata         [variable]     1557452/0        ( 0.0%) 
HDR lightdata         [variable]           0/0        ( 0.0%) 
visdata               [variable]        8072/16777216 ( 0.0%) 
entdata               [variable]       13930/393216   ( 3.5%) 
LDR ambient table      478/65536        1912/262144   ( 0.7%) 
HDR ambient table      478/65536        1912/262144   ( 0.7%) 
LDR leaf ambient      1546/65536       43288/1835008  ( 2.4%) 
HDR leaf ambient       478/65536       13384/1835008  ( 0.7%) 
occluders                0/0               0/0        ( 0.0%) 
occluder polygons        0/0               0/0        ( 0.0%) 
occluder vert ind        0/0               0/0        ( 0.0%) 
detail props          [variable]           1/12       ( 8.3%) 
static props          [variable]           1/2930     ( 0.0%) 
pakfile               [variable]      495030/0        ( 0.0%) 
physics               [variable]      275532/4194304  ( 6.6%) 
physics terrain       [variable]           2/1048576  ( 0.0%) 

Level flags = 7d

Total triangle count: 9552
Writing d:\onedrive\desktop\csgo\hammer maps\1v1_wood 3\1v1_wood_3.bsp
MSG_FILEWRITE - Filesystem was asked to write to 'd:\onedrive\desktop\csgo\hammer maps\1v1_wood 3\1v1_wood_3.bsp', but we don't own that location. Allowing...
22 seconds elapsed



[Reading texlights from 'lights.rad']
[17 texlights parsed from 'lights.rad']

Loading d:\onedrive\desktop\csgo\hammer maps\1v1_wood 3\1v1_wood_3.bsp
3586 faces
671938 square feet [96759200.00 square inches]
0 Displacements
0 Square Feet [0.00 Square Inches]
3586 patches before subdivision
13112 patches after subdivision
18 direct lights
0...1...2...3...4...5...6...7...8...9...100...1...2...3...4...5...6...7...8...9...10transfers 2496308, max 1525
transfer lists:  19.0 megs
0...1...2...3...4...5...6...7...8...9...10	Bounce #1 added RGB(83680, 70213, 60755)
0...1...2...3...4...5...6...7...8...9...10	Bounce #2 added RGB(7676, 5210, 3894)
0...1...2...3...4...5...6...7...8...9...10	Bounce #3 added RGB(696, 375, 242)
0...1...2...3...4...5...6...7...8...9...10	Bounce #4 added RGB(70, 28, 16)
0...1...2...3...4...5...6...7...8...9...10	Bounce #5 added RGB(7, 2, 1)
0...1...2...3...4...5...6...7...8...9...10	Bounce #6 added RGB(1, 0, 0)
Build Patch/Sample Hash Table(s).....Done<0.0021 sec>
0...1...2...3...4...5...6...7...8...9...10FinalLightFace Done
0 of 0 (0% of) surface lights went in leaf ambient cubes.
0...1...2...3...4...5...6...7...8...9...10Writing leaf ambient...done
Computing static prop lighting : 00...1...2...3...4...5...6...7...8...9..


materialPath: D:\Steam\steamapps\common\Counter-Strike Global Offensive\csgo\materials
Loading d:\onedrive\desktop\csgo\hammer maps\1v1_wood 3\1v1_wood_3.vmf
Map revision 410
fixing up env_cubemap materials on brush sides...
0...1...2...3...4...5...6...7...8...9...100...1...2...3...4...5...6...7...8...9...10Processing areas...done (0)
Building Faces...done (0)
Chop Details...done (0)
Find Visible Detail Sides...
Merged 84 detail faces...done (0)
Merging details...done (0)
FixTjuncs...
PruneNodes...
WriteBSP...
done (0)
writing d:\onedrive\desktop\csgo\hammer maps\1v1_wood 3\1v1_wood_3.prt...Building visibility clusters...
AutoVisClustering (threshold=-1) matched 0 leafs.
done (0)
Finding displacement neighbors...
Finding lightmap sample positions...
Displacement Alpha : 0...1...2...3...4...5...6...7...8...9...10
Building Physics collision data...
done (0) (275532 bytes)
Placing detail props : 0...1...2...3...4...5...6...7...8...9...10
Compacting texture/material tables...
Reduced 155 texinfos to 118
Reduced 10 texdatas to 10 (247 bytes to 247)
Writing d:\onedrive\desktop\csgo\hammer maps\1v1_wood 3\1v1_wood_3.bsp
MSG_FILEWRITE - Filesystem was asked to write to 'd:\onedrive\desktop\csgo\hammer maps\1v1_wood 3\1v1_wood_3.bsp', but we don't own that location. Allowing...
0 seconds elapsed



16 threads
reading d:\onedrive\desktop\csgo\hammer maps\1v1_wood 3\1v1_wood_3.bsp
reading d:\onedrive\desktop\csgo\hammer maps\1v1_wood 3\1v1_wood_3.prt
 162 portalclusters
 522 numportals
0...1...2...3...4...5...6...7...8...9...100...1...2...3...4...5...6...7...8...9...10Optimized: 151 visible clusters (0.00%)
Total clusters visible: 21143
Average clusters visible: 130
Building PAS...
Average clusters audible: 161
visdatasize:8072  compressed from 7776
writing d:\onedrive\desktop\csgo\hammer maps\1v1_wood 3\1v1_wood_3.bsp
MSG_FILEWRITE - Filesystem was asked to write to 'd:\onedrive\desktop\csgo\hammer maps\1v1_wood 3\1v1_wood_3.bsp', but we don't own that location. Allowing...
0 seconds elapsed



[Reading texlights from 'lights.rad']
[17 texlights parsed from 'lights.rad']

Loading d:\onedrive\desktop\csgo\hammer maps\1v1_wood 3\1v1_wood_3.bsp
3586 faces
671938 square feet [96759200.00 square inches]
0 Displacements
0 Square Feet [0.00 Square Inches]
3586 patches before subdivision
13112 patches after subdivision
18 direct lights
0...1...2...3...4...5...6...7...8...9...100...1...2...3...4...5...6...7...8...9...10transfers 2496308, max 1525
transfer lists:  19.0 megs
0...1...2...3...4...5...6...7...8...9...10	Bounce #1 added RGB(46268, 36363, 31301)
0...1...2...3...4...5...6...7...8...9...10	Bounce #2 added RGB(4903, 2973, 2199)
0...1...2...3...4...5...6...7...8...9...10	Bounce #3 added RGB(479, 220, 139)
0...1...2...3...4...5...6...7...8...9...10	Bounce #4 added RGB(53, 18, 10)
0...1...2...3...4...5...6...7...8...9...10	Bounce #5 added RGB(6, 1, 1)
0...1...2...3...4...5...6...7...8...9...10	Bounce #6 added RGB(1, 0, 0)
Build Patch/Sample Hash Table(s).....Done<0.0020 sec>
0...1...2...3...4...5...6...7...8...9...10FinalLightFace Done
0 of 0 (0% of) surface lights went in leaf ambient cubes.
0...1...2...3...4...5...6...7...8...9...10Writing leaf ambient...done
Computing static prop lighting : 00...1...2...3...4...5...6...7...8...9...10
Ready to Finish

Object names       Objects/Maxobjs  Memory / Maxmem  Fullness 
------------       ---------------  ---------------  -------- 
models                  15/1024          720/49152    ( 1.5%) 
brushes                751/8192         9012/98304    ( 9.2%) 
brushsides            6632/81920       53056/655360   ( 8.1%) 
planes                5544/65536      110880/1310720  ( 8.5%) 
vertexes              5891/65536       70692/786432   ( 9.0%) 
nodes                  462/65536       14784/2097152  ( 0.7%) 
texinfos               118/12288        8496/884736   ( 1.0%) 
texdata                 10/4096          320/131072   ( 0.2%) 
dispinfos                0/0               0/0        ( 0.0%) 
disp_verts               0/0               0/0        ( 0.0%) 
disp_tris                0/0               0/0        ( 0.0%) 
disp_multiblend          0/0               0/0        ( 0.0%) 
disp_lmsamples           0/0               0/0        ( 0.0%) 
faces                 3586/65536      200816/3670016  ( 5.5%) 
hdr faces                0/65536           0/3670016  ( 0.0%) 
origfaces             3183/65536      178248/3670016  ( 4.9%) 
facebrushes            142/0             284/0        ( 0.0%) 
facebrushlists        3586/0           14344/0        ( 0.0%) 
leaves                 478/65536       15296/2097152  ( 0.7%) 
leaffaces             4475/65536        8950/131072   ( 6.8%) 
leafbrushes           1336/65536        2672/131072   ( 2.0%) 
areas                    2/1024           16/8192     ( 0.2%) 
surfedges            29446/512000     117784/2048000  ( 5.8%) 
edges                17417/256000      69668/1024000  ( 6.8%) 
LDR worldlights         18/8192         1800/819200   ( 0.2%) 
HDR worldlights          0/8192            0/819200   ( 0.0%) 
leafwaterdata            0/32768           0/393216   ( 0.0%) 
waterstrips            185/32768        1850/327680   ( 0.6%) 
waterverts               0/65536           0/786432   ( 0.0%) 
waterindices          4560/65536        9120/131072   ( 7.0%) 
cubemapsamples           0/1024            0/16384    ( 0.0%) 
overlays                 0/1024            0/360448   ( 0.0%) 
LDR lightdata         [variable]     1557452/0        ( 0.0%) 
HDR lightdata         [variable]           0/0        ( 0.0%) 
visdata               [variable]        8072/16777216 ( 0.0%) 
entdata               [variable]       13930/393216   ( 3.5%) 
LDR ambient table      478/65536        1912/262144   ( 0.7%) 
HDR ambient table      478/65536        1912/262144   ( 0.7%) 
LDR leaf ambient      1546/65536       43288/1835008  ( 2.4%) 
HDR leaf ambient       478/65536       13384/1835008  ( 0.7%) 
occluders                0/0               0/0        ( 0.0%) 
occluder polygons        0/0               0/0        ( 0.0%) 
occluder vert ind        0/0               0/0        ( 0.0%) 
detail props          [variable]           1/12       ( 8.3%) 
static props          [variable]           1/2930     ( 0.0%) 
pakfile               [variable]      495030/0        ( 0.0%) 
physics               [variable]      275532/4194304  ( 6.6%) 
physics terrain       [variable]           2/1048576  ( 0.0%) 

Level flags = 7d

Total triangle count: 9552
Writing d:\onedrive\desktop\csgo\hammer maps\1v1_wood 3\1v1_wood_3.bsp
MSG_FILEWRITE - Filesystem was asked to write to 'd:\onedrive\desktop\csgo\hammer maps\1v1_wood 3\1v1_wood_3.bsp', but we don't own that location. Allowing...
22 seconds elapsed



[Reading texlights from 'lights.rad']
[17 texlights parsed from 'lights.rad']

Loading d:\onedrive\desktop\csgo\hammer maps\1v1_wood 3\1v1_wood_3.bsp
3586 faces
671938 square feet [96759200.00 square inches]
0 Displacements
0 Square Feet [0.00 Square Inches]
3586 patches before subdivision
13112 patches after subdivision
18 direct lights
0...1...2...3...4...5...6...7...8...9...100...1...2...3...4...5...6...7...8...9...10transfers 2496308, max 1525
transfer lists:  19.0 megs
0...1...2...3...4...5...6...7...8...9...10	Bounce #1 added RGB(83680, 70213, 60755)
0...1...2...3...4...5...6...7...8...9...10	Bounce #2 added RGB(7676, 5210, 3894)
0...1...2...3...4...5...6...7...8...9...10	Bounce #3 added RGB(696, 375, 242)
0...1...2...3...4...5...6...7...8...9...10	Bounce #4 added RGB(70, 28, 16)
0...1...2...3...4...5...6...7...8...9...10	Bounce #5 added RGB(7, 2, 1)
0...1...2...3...4...5...6...7...8...9...10	Bounce #6 added RGB(1, 0, 0)
Build Patch/Sample Hash Table(s).....Done<0.0019 sec>
0...1...2...3...4...5...6...7...8...9...10FinalLightFace Done
0 of 0 (0% of) surface lights went in leaf ambient cubes.
0...1...2...3...4...5...6...7...8...9...10Writing leaf ambient...done
Computing static prop lighting : 00...1...2...3...4...5...6...7...8...9...10
Ready to Finish

Object names       Objects/Maxobjs  Memory / Maxmem  Fullness 
------------       ---------------  ---------------  -------- 
models                  15/1024          720/49152    ( 1.5%) 
brushes                751/8192         9012/98304    ( 9.2%) 
brushsides            6632/81920       53056/655360   ( 8.1%) 
planes                5544/65536      110880/1310720  ( 8.5%) 
vertexes              5891/65536       70692/786432   ( 9.0%) 
nodes                  462/65536       14784/2097152  ( 0.7%) 
texinfos               118/12288        8496/884736   ( 1.0%) 
texdata                 10/4096          320/131072   ( 0.2%) 
dispinfos                0/0               0/0        ( 0.0%) 
disp_verts               0/0               0/0        ( 0.0%) 
disp_tris                0/0               0/0        ( 0.0%) 
disp_multiblend          0/0               0/0        ( 0.0%) 
disp_lmsamples           0/0               0/0        ( 0.0%) 
faces                 3586/65536      200816/3670016  ( 5.5%) 
hdr faces             3586/65536      200816/3670016  ( 5.5%) 
origfaces             3183/65536      178248/3670016  ( 4.9%) 
facebrushes            142/0             284/0        ( 0.0%) 
facebrushlists        3586/0           14344/0        ( 0.0%) 
leaves                 478/65536       15296/2097152  ( 0.7%) 
leaffaces             4475/65536        8950/131072   ( 6.8%) 
leafbrushes           1336/65536        2672/131072   ( 2.0%) 
areas                    2/1024           16/8192     ( 0.2%) 
surfedges            29446/512000     117784/2048000  ( 5.8%) 
edges                17417/256000      69668/1024000  ( 6.8%) 
LDR worldlights         18/8192         1800/819200   ( 0.2%) 
HDR worldlights         18/8192         1800/819200   ( 0.2%) 
leafwaterdata            0/32768           0/393216   ( 0.0%) 
waterstrips            185/32768        1850/327680   ( 0.6%) 
waterverts               0/65536           0/786432   ( 0.0%) 
waterindices          4560/65536        9120/131072   ( 7.0%) 
cubemapsamples           0/1024            0/16384    ( 0.0%) 
overlays                 0/1024            0/360448   ( 0.0%) 
LDR lightdata         [variable]     1557452/0        ( 0.0%) 
HDR lightdata         [variable]     1557452/0        ( 0.0%) 
visdata               [variable]        8072/16777216 ( 0.0%) 
entdata               [variable]       13930/393216   ( 3.5%) 
LDR ambient table      478/65536        1912/262144   ( 0.7%) 
HDR ambient table      478/65536        1912/262144   ( 0.7%) 
LDR leaf ambient      1546/65536       43288/1835008  ( 2.4%) 
HDR leaf ambient      1568/65536       43904/1835008  ( 2.4%) 
occluders                0/0               0/0        ( 0.0%) 
occluder polygons        0/0               0/0        ( 0.0%) 
occluder vert ind        0/0               0/0        ( 0.0%) 
detail props          [variable]           1/12       ( 8.3%) 
static props          [variable]           1/2930     ( 0.0%) 
pakfile               [variable]      915862/0        ( 0.0%) 
physics               [variable]      275532/4194304  ( 6.6%) 
physics terrain       [variable]           2/1048576  ( 0.0%) 

Level flags = 7f

Total triangle count: 9552
Writing d:\onedrive\desktop\csgo\hammer maps\1v1_wood 3\1v1_wood_3.bsp
MSG_FILEWRITE - Filesystem was asked to write to 'd:\onedrive\desktop\csgo\hammer maps\1v1_wood 3\1v1_wood_3.bsp', but we don't own that location. Allowing...
22 seconds elapsed



materialPath: D:\Steam\steamapps\common\Counter-Strike Global Offensive\csgo\materials
Loading d:\onedrive\desktop\csgo\hammer maps\1v1_wood 3\1v1_wood_3.vmf
Map revision 412
fixing up env_cubemap materials on brush sides...
0...1...2...3...4...5...6...7...8...9...100...1...2...3...4...5...6...7...8...9...10Processing areas...done (0)
Building Faces...done (0)
Chop Details...done (0)
Find Visible Detail Sides...
Merged 84 detail faces...done (0)
Merging details...done (0)
FixTjuncs...
PruneNodes...
WriteBSP...
done (0)
writing d:\onedrive\desktop\csgo\hammer maps\1v1_wood 3\1v1_wood_3.prt...Building visibility clusters...
AutoVisClustering (threshold=-1) matched 0 leafs.
done (0)
Finding displacement neighbors...
Finding lightmap sample positions...
Displacement Alpha : 0...1...2...3...4...5...6...7...8...9...10
Building Physics collision data...
done (0) (275547 bytes)
Placing detail props : 0...1...2...3...4...5...6...7...8...9...10
Compacting texture/material tables...
Reduced 155 texinfos to 118
Reduced 10 texdatas to 10 (239 bytes to 239)
Writing d:\onedrive\desktop\csgo\hammer maps\1v1_wood 3\1v1_wood_3.bsp
MSG_FILEWRITE - Filesystem was asked to write to 'd:\onedrive\desktop\csgo\hammer maps\1v1_wood 3\1v1_wood_3.bsp', but we don't own that location. Allowing...
0 seconds elapsed



16 threads
reading d:\onedrive\desktop\csgo\hammer maps\1v1_wood 3\1v1_wood_3.bsp
reading d:\onedrive\desktop\csgo\hammer maps\1v1_wood 3\1v1_wood_3.prt
 162 portalclusters
 522 numportals
0...1...2...3...4...5...6...7...8...9...100...1...2...3...4...5...6...7...8...9...10Optimized: 151 visible clusters (0.00%)
Total clusters visible: 21143
Average clusters visible: 130
Building PAS...
Average clusters audible: 161
visdatasize:8072  compressed from 7776
writing d:\onedrive\desktop\csgo\hammer maps\1v1_wood 3\1v1_wood_3.bsp
MSG_FILEWRITE - Filesystem was asked to write to 'd:\onedrive\desktop\csgo\hammer maps\1v1_wood 3\1v1_wood_3.bsp', but we don't own that location. Allowing...
0 seconds elapsed



[Reading texlights from 'lights.rad']
[17 texlights parsed from 'lights.rad']

Loading d:\onedrive\desktop\csgo\hammer maps\1v1_wood 3\1v1_wood_3.bsp
3586 faces
671938 square feet [96759200.00 square inches]
0 Displacements
0 Square Feet [0.00 Square Inches]
3586 patches before subdivision
13112 patches after subdivision
18 direct lights
0...1...2...3...4...5...6...7...8...9...100...1...2...3...4...5...6...7...8...9...10transfers 2496308, max 1525
transfer lists:  19.0 megs
0...1...2...3...4...5...6...7...8...9...10	Bounce #1 added RGB(64466, 49724, 43782)
0...1...2...3...4...5...6...7...8...9...10	Bounce #2 added RGB(8659, 5258, 4080)
0...1...2...3...4...5...6...7...8...9...10	Bounce #3 added RGB(1102, 526, 362)
0...1...2...3...4...5...6...7...8...9...10	Bounce #4 added RGB(150, 56, 34)
0...1...2...3...4...5...6...7...8...9...10	Bounce #5 added RGB(20, 6, 3)
0...1...2...3...4...5...6...7...8...9...10	Bounce #6 added RGB(3, 1, 0)
0...1...2...3...4...5...6...7...8...9...10	Bounce #7 added RGB(0, 0, 0)
Build Patch/Sample Hash Table(s).....Done<0.0020 sec>
0...1...2...3...4...5...6...7...8...9...10FinalLightFace Done
0 of 0 (0% of) surface lights went in leaf ambient cubes.
0...1...2...3...4...5...6...7...8...9...10Writing leaf ambient...done
Computing static prop lighting : 00...1...2...3...4...5...6...7...8...9...10
Ready to Finish

Object names       Objects/Maxobjs  Memory / Maxmem  Fullness 
------------       ---------------  ---------------  -------- 
models                  15/1024          720/49152    ( 1.5%) 
brushes                751/8192         9012/98304    ( 9.2%) 
brushsides            6632/81920       53056/655360   ( 8.1%) 
planes                5544/65536      110880/1310720  ( 8.5%) 
vertexes              5891/65536       70692/786432   ( 9.0%) 
nodes                  462/65536       14784/2097152  ( 0.7%) 
texinfos               118/12288        8496/884736   ( 1.0%) 
texdata                 10/4096          320/131072   ( 0.2%) 
dispinfos                0/0               0/0        ( 0.0%) 
disp_verts               0/0               0/0        ( 0.0%) 
disp_tris                0/0               0/0        ( 0.0%) 
disp_multiblend          0/0               0/0        ( 0.0%) 
disp_lmsamples           0/0               0/0        ( 0.0%) 
faces                 3586/65536      200816/3670016  ( 5.5%) 
hdr faces                0/65536           0/3670016  ( 0.0%) 
origfaces             3183/65536      178248/3670016  ( 4.9%) 
facebrushes            142/0             284/0        ( 0.0%) 
facebrushlists        3586/0           14344/0        ( 0.0%) 
leaves                 478/65536       15296/2097152  ( 0.7%) 
leaffaces             4475/65536        8950/131072   ( 6.8%) 
leafbrushes           1336/65536        2672/131072   ( 2.0%) 
areas                    2/1024           16/8192     ( 0.2%) 
surfedges            29446/512000     117784/2048000  ( 5.8%) 
edges                17417/256000      69668/1024000  ( 6.8%) 
LDR worldlights         18/8192         1800/819200   ( 0.2%) 
HDR worldlights          0/8192            0/819200   ( 0.0%) 
leafwaterdata            0/32768           0/393216   ( 0.0%) 
waterstrips            185/32768        1850/327680   ( 0.6%) 
waterverts               0/65536           0/786432   ( 0.0%) 
waterindices          4560/65536        9120/131072   ( 7.0%) 
cubemapsamples           0/1024            0/16384    ( 0.0%) 
overlays                 0/1024            0/360448   ( 0.0%) 
LDR lightdata         [variable]     1312088/0        ( 0.0%) 
HDR lightdata         [variable]           0/0        ( 0.0%) 
visdata               [variable]        8072/16777216 ( 0.0%) 
entdata               [variable]       13930/393216   ( 3.5%) 
LDR ambient table      478/65536        1912/262144   ( 0.7%) 
HDR ambient table      478/65536        1912/262144   ( 0.7%) 
LDR leaf ambient      1557/65536       43596/1835008  ( 2.4%) 
HDR leaf ambient       478/65536       13384/1835008  ( 0.7%) 
occluders                0/0               0/0        ( 0.0%) 
occluder polygons        0/0               0/0        ( 0.0%) 
occluder vert ind        0/0               0/0        ( 0.0%) 
detail props          [variable]           1/12       ( 8.3%) 
static props          [variable]           1/2930     ( 0.0%) 
pakfile               [variable]      495030/0        ( 0.0%) 
physics               [variable]      275547/4194304  ( 6.6%) 
physics terrain       [variable]           2/1048576  ( 0.0%) 

Level flags = 7d

Total triangle count: 9552
Writing d:\onedrive\desktop\csgo\hammer maps\1v1_wood 3\1v1_wood_3.bsp
MSG_FILEWRITE - Filesystem was asked to write to 'd:\onedrive\desktop\csgo\hammer maps\1v1_wood 3\1v1_wood_3.bsp', but we don't own that location. Allowing...
22 seconds elapsed



[Reading texlights from 'lights.rad']
[17 texlights parsed from 'lights.rad']

Loading d:\onedrive\desktop\csgo\hammer maps\1v1_wood 3\1v1_wood_3.bsp
3586 faces
671938 square feet [96759200.00 square inches]
0 Displacements
0 Square Feet [0.00 Square Inches]
3586 patches before subdivision
13112 patches after subdivision
18 direct lights
0...1...2...3...4...5...6...7...8...9...100...1...2...3...4...5...6...7...8...9...10transfers 2496308, max 1525
transfer lists:  19.0 megs
0...1...2...3...4...5...6...7...8...9...10	Bounce #1 added RGB(64466, 49724, 43782)
0...1...2...3...4...5...6...7...8...9...10	Bounce #2 added RGB(8659, 5258, 4080)
0...1...2...3...4...5...6...7...8...9...10	Bounce #3 added RGB(1102, 526, 362)
0...1...2...3...4...5...6...7...8...9...10	Bounce #4 added RGB(150, 56, 34)
0...1...2...3...4...5...6...7...8...9...10	Bounce #5 added RGB(20, 6, 3)
0...1...2...3...4...5...6...7...8...9...10	Bounce #6 added RGB(3, 1, 0)
0...1...2...3...4...5...6...7...8...9...10	Bounce #7 added RGB(0, 0, 0)
Build Patch/Sample Hash Table(s).....Done<0.0021 sec>
0...1...2...3...4...5...6...7...8...9...10FinalLightFace Done
0 of 0 (0% of) surface lights went in leaf ambient cubes.
0...1...2...3...4...5...6...7...8...9...10Writing leaf ambient...done
Computing static prop lighting : 00...1...2...3...4...5...6...7...8...9...10
Ready to Finish

Object names       Objects/Maxobjs  Memory / Maxmem  Fullness 
------------       ---------------  ---------------  -------- 
models                  15/1024          720/49152    ( 1.5%) 
brushes                751/8192         9012/98304    ( 9.2%) 
brushsides            6632/81920       53056/655360   ( 8.1%) 
planes                5544/65536      110880/1310720  ( 8.5%) 
vertexes              5891/65536       70692/786432   ( 9.0%) 
nodes                  462/65536       14784/2097152  ( 0.7%) 
texinfos               118/12288        8496/884736   ( 1.0%) 
texdata                 10/4096          320/131072   ( 0.2%) 
dispinfos                0/0               0/0        ( 0.0%) 
disp_verts               0/0               0/0        ( 0.0%) 
disp_tris                0/0               0/0        ( 0.0%) 
disp_multiblend          0/0               0/0        ( 0.0%) 
disp_lmsamples           0/0               0/0        ( 0.0%) 
faces                 3586/65536      200816/3670016  ( 5.5%) 
hdr faces             3586/65536      200816/3670016  ( 5.5%) 
origfaces             3183/65536      178248/3670016  ( 4.9%) 
facebrushes            142/0             284/0        ( 0.0%) 
facebrushlists        3586/0           14344/0        ( 0.0%) 
leaves                 478/65536       15296/2097152  ( 0.7%) 
leaffaces             4475/65536        8950/131072   ( 6.8%) 
leafbrushes           1336/65536        2672/131072   ( 2.0%) 
areas                    2/1024           16/8192     ( 0.2%) 
surfedges            29446/512000     117784/2048000  ( 5.8%) 
edges                17417/256000      69668/1024000  ( 6.8%) 
LDR worldlights         18/8192         1800/819200   ( 0.2%) 
HDR worldlights         18/8192         1800/819200   ( 0.2%) 
leafwaterdata            0/32768           0/393216   ( 0.0%) 
waterstrips            185/32768        1850/327680   ( 0.6%) 
waterverts               0/65536           0/786432   ( 0.0%) 
waterindices          4560/65536        9120/131072   ( 7.0%) 
cubemapsamples           0/1024            0/16384    ( 0.0%) 
overlays                 0/1024            0/360448   ( 0.0%) 
LDR lightdata         [variable]     1312088/0        ( 0.0%) 
HDR lightdata         [variable]     1312088/0        ( 0.0%) 
visdata               [variable]        8072/16777216 ( 0.0%) 
entdata               [variable]       13930/393216   ( 3.5%) 
LDR ambient table      478/65536        1912/262144   ( 0.7%) 
HDR ambient table      478/65536        1912/262144   ( 0.7%) 
LDR leaf ambient      1557/65536       43596/1835008  ( 2.4%) 
HDR leaf ambient      1557/65536       43596/1835008  ( 2.4%) 
occluders                0/0               0/0        ( 0.0%) 
occluder polygons        0/0               0/0        ( 0.0%) 
occluder vert ind        0/0               0/0        ( 0.0%) 
detail props          [variable]           1/12       ( 8.3%) 
static props          [variable]           1/2930     ( 0.0%) 
pakfile               [variable]      915862/0        ( 0.0%) 
physics               [variable]      275547/4194304  ( 6.6%) 
physics terrain       [variable]           2/1048576  ( 0.0%) 

Level flags = 7f

Total triangle count: 9552
Writing d:\onedrive\desktop\csgo\hammer maps\1v1_wood 3\1v1_wood_3.bsp
MSG_FILEWRITE - Filesystem was asked to write to 'd:\onedrive\desktop\csgo\hammer maps\1v1_wood 3\1v1_wood_3.bsp', but we don't own that location. Allowing...
22 seconds elapsed



materialPath: D:\Steam\steamapps\common\Counter-Strike Global Offensive\csgo\materials
Loading d:\onedrive\desktop\csgo\hammer maps\1v1_wood 3\1v1_wood_3.vmf
Map revision 414
fixing up env_cubemap materials on brush sides...
0...1...2...3...4...5...6...7...8...9...100...1...2...3...4...5...6...7...8...9...10Processing areas...done (0)
Building Faces...done (0)
Chop Details...done (0)
Find Visible Detail Sides...
Merged 84 detail faces...done (0)
Merging details...done (0)
FixTjuncs...
PruneNodes...
WriteBSP...
done (0)
writing d:\onedrive\desktop\csgo\hammer maps\1v1_wood 3\1v1_wood_3.prt...Building visibility clusters...
AutoVisClustering (threshold=-1) matched 0 leafs.
done (0)
Finding displacement neighbors...
Finding lightmap sample positions...
Displacement Alpha : 0...1...2...3...4...5...6...7...8...9...10
Building Physics collision data...
done (0) (275547 bytes)
Placing detail props : 0...1...2...3...4...5...6...7...8...9...10
Compacting texture/material tables...
Reduced 155 texinfos to 118
Reduced 10 texdatas to 10 (239 bytes to 239)
Writing d:\onedrive\desktop\csgo\hammer maps\1v1_wood 3\1v1_wood_3.bsp
MSG_FILEWRITE - Filesystem was asked to write to 'd:\onedrive\desktop\csgo\hammer maps\1v1_wood 3\1v1_wood_3.bsp', but we don't own that location. Allowing...
0 seconds elapsed



16 threads
reading d:\onedrive\desktop\csgo\hammer maps\1v1_wood 3\1v1_wood_3.bsp
reading d:\onedrive\desktop\csgo\hammer maps\1v1_wood 3\1v1_wood_3.prt
 162 portalclusters
 522 numportals
0...1...2...3...4...5...6...7...8...9...100...1...2...3...4...5...6...7...8...9...10Optimized: 151 visible clusters (0.00%)
Total clusters visible: 21143
Average clusters visible: 130
Building PAS...
Average clusters audible: 161
visdatasize:8072  compressed from 7776
writing d:\onedrive\desktop\csgo\hammer maps\1v1_wood 3\1v1_wood_3.bsp
MSG_FILEWRITE - Filesystem was asked to write to 'd:\onedrive\desktop\csgo\hammer maps\1v1_wood 3\1v1_wood_3.bsp', but we don't own that location. Allowing...
0 seconds elapsed



[Reading texlights from 'lights.rad']
[17 texlights parsed from 'lights.rad']

Loading d:\onedrive\desktop\csgo\hammer maps\1v1_wood 3\1v1_wood_3.bsp
3586 faces
672365 square feet [96820640.00 square inches]
0 Displacements
0 Square Feet [0.00 Square Inches]
3586 patches before subdivision
13112 patches after subdivision
18 direct lights
0...1...2...3...4...5...6...7...8...9...100...1...2...3...4...5...6...7...8...9...10transfers 2495793, max 1525
transfer lists:  19.0 megs
0...1...2...3...4...5...6...7...8...9...10	Bounce #1 added RGB(64450, 49711, 43770)
0...1...2...3...4...5...6...7...8...9...10	Bounce #2 added RGB(8659, 5257, 4080)
0...1...2...3...4...5...6...7...8...9...10	Bounce #3 added RGB(1102, 526, 362)
0...1...2...3...4...5...6...7...8...9...10	Bounce #4 added RGB(150, 56, 34)
0...1...2...3...4...5...6...7...8...9...10	Bounce #5 added RGB(20, 6, 3)
0...1...2...3...4...5...6...7...8...9...10	Bounce #6 added RGB(3, 1, 0)
0...1...2...3...4...5...6...7...8...9...10	Bounce #7 added RGB(0, 0, 0)
Build Patch/Sample Hash Table(s).....Done<0.0019 sec>
0...1...2...3...4...5...6...7...8...9...10FinalLightFace Done
0 of 0 (0% of) surface lights went in leaf ambient cubes.
0...1...2...3...4...5...6...7...8...9...10Writing leaf ambient...done
Computing static prop lighting : 00...1...2...3...4...5...6...7...8...9..


materialPath: D:\Steam\steamapps\common\Counter-Strike Global Offensive\csgo\materials
Loading D:\OneDrive\Desktop\csgo\hammer maps\1v1_wood 3\1v1_wood_3.vmf
Map revision 414
fixing up env_cubemap materials on brush sides...
0...1...2...3...4...5...6...7...8...9...100...1...2...3...4...5...6...7...8...9...10Processing areas...done (0)
Building Faces...done (0)
Chop Details...done (0)
Find Visible Detail Sides...
Merged 84 detail faces...done (0)
Merging details...done (0)
FixTjuncs...
PruneNodes...
WriteBSP...
done (0)
writing D:\OneDrive\Desktop\csgo\hammer maps\1v1_wood 3\1v1_wood_3.prt...Building visibility clusters...
AutoVisClustering (threshold=-1) matched 0 leafs.
done (0)
Finding displacement neighbors...
Finding lightmap sample positions...
Displacement Alpha : 0...1...2...3...4...5...6...7...8...9...10
Building Physics collision data...
done (0) (275547 bytes)
Placing detail props : 0...1...2...3...4...5...6...7...8...9...10
Compacting texture/material tables...
Reduced 155 texinfos to 118
Reduced 10 texdatas to 10 (239 bytes to 239)
Writing D:\OneDrive\Desktop\csgo\hammer maps\1v1_wood 3\1v1_wood_3.bsp
MSG_FILEWRITE - Filesystem was asked to write to 'd:\onedrive\desktop\csgo\hammer maps\1v1_wood 3\1v1_wood_3.bsp', but we don't own that location. Allowing...
0 seconds elapsed



16 threads
reading d:\onedrive\desktop\csgo\hammer maps\1v1_wood 3\1v1_wood_3.bsp
reading d:\onedrive\desktop\csgo\hammer maps\1v1_wood 3\1v1_wood_3.prt
 162 portalclusters
 522 numportals
0...1...2...3...4...5...6...7...8...9...100...1...2...3...4...5...6...7...8...9...10Optimized: 151 visible clusters (0.00%)
Total clusters visible: 21143
Average clusters visible: 130
Building PAS...
Average clusters audible: 161
visdatasize:8072  compressed from 7776
writing d:\onedrive\desktop\csgo\hammer maps\1v1_wood 3\1v1_wood_3.bsp
MSG_FILEWRITE - Filesystem was asked to write to 'd:\onedrive\desktop\csgo\hammer maps\1v1_wood 3\1v1_wood_3.bsp', but we don't own that location. Allowing...
0 seconds elapsed



[Reading texlights from 'lights.rad']
[17 texlights parsed from 'lights.rad']

Loading d:\onedrive\desktop\csgo\hammer maps\1v1_wood 3\1v1_wood_3.bsp
3586 faces
672365 square feet [96820640.00 square inches]
0 Displacements
0 Square Feet [0.00 Square Inches]
3586 patches before subdivision
13112 patches after subdivision
18 direct lights
0...1...2...3...4...5...6...7...8...9...100...1...2...3...4...5...6...7...8...9...10transfers 2489815, max 1524
transfer lists:  19.0 megs
0...1...2...3...4...5...6...7...8...9...10	Bounce #1 added RGB(62616, 48772, 43058)
0...1...2...3...4...5...6...7...8...9...10	Bounce #2 added RGB(8343, 5134, 3998)
0...1...2...3...4...5...6...7...8...9...10	Bounce #3 added RGB(1056, 515, 356)
0...1...2...3...4...5...6...7...8...9...10	Bounce #4 added RGB(143, 55, 34)
0...1...2...3...4...5...6...7...8...9...10	Bounce #5 added RGB(19, 6, 3)
0...1...2...3...4...5...6...7...8...9...10	Bounce #6 added RGB(3, 1, 0)
0...1...2...3...4...5...6...7...8...9...10	Bounce #7 added RGB(0, 0, 0)
Build Patch/Sample Hash Table(s).....Done<0.0019 sec>
0...1...2...3...4...5...6...7...8...9...10FinalLightFace Done
0 of 0 (0% of) surface lights went in leaf ambient cubes.
0...1...2...3...4...5...6...7...8...9...10Writing leaf ambient...done
Ready to Finish

Object names       Objects/Maxobjs  Memory / Maxmem  Fullness 
------------       ---------------  ---------------  -------- 
models                  15/1024          720/49152    ( 1.5%) 
brushes                751/8192         9012/98304    ( 9.2%) 
brushsides            6632/81920       53056/655360   ( 8.1%) 
planes                5544/65536      110880/1310720  ( 8.5%) 
vertexes              5891/65536       70692/786432   ( 9.0%) 
nodes                  462/65536       14784/2097152  ( 0.7%) 
texinfos               118/12288        8496/884736   ( 1.0%) 
texdata                 10/4096          320/131072   ( 0.2%) 
dispinfos                0/0               0/0        ( 0.0%) 
disp_verts               0/0               0/0        ( 0.0%) 
disp_tris                0/0               0/0        ( 0.0%) 
disp_multiblend          0/0               0/0        ( 0.0%) 
disp_lmsamples           0/0               0/0        ( 0.0%) 
faces                 3586/65536      200816/3670016  ( 5.5%) 
hdr faces                0/65536           0/3670016  ( 0.0%) 
origfaces             3183/65536      178248/3670016  ( 4.9%) 
facebrushes            142/0             284/0        ( 0.0%) 
facebrushlists        3586/0           14344/0        ( 0.0%) 
leaves                 478/65536       15296/2097152  ( 0.7%) 
leaffaces             4475/65536        8950/131072   ( 6.8%) 
leafbrushes           1336/65536        2672/131072   ( 2.0%) 
areas                    2/1024           16/8192     ( 0.2%) 
surfedges            29446/512000     117784/2048000  ( 5.8%) 
edges                17417/256000      69668/1024000  ( 6.8%) 
LDR worldlights         18/8192         1800/819200   ( 0.2%) 
HDR worldlights          0/8192            0/819200   ( 0.0%) 
leafwaterdata            0/32768           0/393216   ( 0.0%) 
waterstrips            185/32768        1850/327680   ( 0.6%) 
waterverts               0/65536           0/786432   ( 0.0%) 
waterindices          4560/65536        9120/131072   ( 7.0%) 
cubemapsamples           0/1024            0/16384    ( 0.0%) 
overlays                 0/1024            0/360448   ( 0.0%) 
LDR lightdata         [variable]     1312088/0        ( 0.0%) 
HDR lightdata         [variable]           0/0        ( 0.0%) 
visdata               [variable]        8072/16777216 ( 0.0%) 
entdata               [variable]       13930/393216   ( 3.5%) 
LDR ambient table      478/65536        1912/262144   ( 0.7%) 
HDR ambient table      478/65536        1912/262144   ( 0.7%) 
LDR leaf ambient      1623/65536       45444/1835008  ( 2.5%) 
HDR leaf ambient       478/65536       13384/1835008  ( 0.7%) 
occluders                0/0               0/0        ( 0.0%) 
occluder polygons        0/0               0/0        ( 0.0%) 
occluder vert ind        0/0               0/0        ( 0.0%) 
detail props          [variable]           1/12       ( 8.3%) 
static props          [variable]           1/2930     ( 0.0%) 
pakfile               [variable]       74438/0        ( 0.0%) 
physics               [variable]      275547/4194304  ( 6.6%) 
physics terrain       [variable]           2/1048576  ( 0.0%) 

Level flags = 7c

Total triangle count: 9552
Writing d:\onedrive\desktop\csgo\hammer maps\1v1_wood 3\1v1_wood_3.bsp
MSG_FILEWRITE - Filesystem was asked to write to 'd:\onedrive\desktop\csgo\hammer maps\1v1_wood 3\1v1_wood_3.bsp', but we don't own that location. Allowing...
4 seconds elapsed
