


materialPath: D:\Steam\steamapps\common\Counter-Strike Global Offensive\csgo\materials
Loading D:\Desktop\csgo\hammer maps\castle\caslte.vmf
Map revision 15
Patching WVT material: maps/caslte/de_cbble/grass_alt/blendgrassdirt_wvt_patch
fixing up env_cubemap materials on brush sides...
0...1...2...3...4...5...6...7...8...9...10
FindPortalSide: Couldn't find a good match for which brush to assign to a portal near (4925.7 1700.9 477.2)
Leaf 0 contents: 
Leaf 1 contents: CONTENTS_SOLID 
viscontents (node 0 contents ^ node 1 contents): CONTENTS_SOLID 
This means that none of the brushes in leaf 0 or 1 that touches the portal has CONTENTS_SOLID 
Check for a huge brush enclosing the coordinates above that has contents CONTENTS_SOLID 
Candidate brush IDs: Brush 3996: 


FindPortalSide: Couldn't find a good match for which brush to assign to a portal near (4925.6 1700.8 477.3)
Leaf 0 contents: 
Leaf 1 contents: CONTENTS_SOLID 
viscontents (node 0 contents ^ node 1 contents): CONTENTS_SOLID 
This means that none of the brushes in leaf 0 or 1 that touches the portal has CONTENTS_SOLID 
Check for a huge brush enclosing the coordinates above that has contents CONTENTS_SOLID 
Candidate brush IDs: Brush 3996: 

0...1...2...3...4...5...6...7...8...9...10Processing areas...done (0)
Building Faces...done (0)
FixTjuncs...
PruneNodes...
WriteBSP...
done (0)
writing D:\Desktop\csgo\hammer maps\castle\caslte.prt...Building visibility clusters...
AutoVisClustering (threshold=-1) matched 0 leafs.
done (0)
Finding displacement neighbors...
Finding lightmap sample positions...
Displacement Alpha : 0...1...2...3...4...5...6...7...8...9...10
Building Physics collision data...
done (0) (96235 bytes)
Placing detail props : 0...1...2...3...4...5...6...7...8...9...10
Compacting texture/material tables...
Reduced 15 texinfos to 10
Reduced 5 texdatas to 4 (164 bytes to 130)
Writing D:\Desktop\csgo\hammer maps\castle\caslte.bsp
MSG_FILEWRITE - Filesystem was asked to write to 'd:\desktop\csgo\hammer maps\castle\caslte.bsp', but we don't own that location. Allowing...
1 second elapsed



4 threads
reading d:\desktop\csgo\hammer maps\castle\caslte.bsp
reading d:\desktop\csgo\hammer maps\castle\caslte.prt
1527 portalclusters
4639 numportals
0...1...2...3...4...5...6...7...8...9...100...1...2...3...4..


materialPath: D:\Steam\steamapps\common\Counter-Strike Global Offensive\csgo\materials
Loading D:\Desktop\csgo\hammer maps\castle\caslte.vmf
Map revision 16
Patching WVT material: maps/caslte/de_cbble/grass_alt/blendgrassdirt_wvt_patch
fixing up env_cubemap materials on brush sides...
0...1...2...3...4...5...6...7...8...9...10
FindPortalSide: Couldn't find a good match for which brush to assign to a portal near (4925.7 1700.9 477.2)
Leaf 0 contents: 
Leaf 1 contents: CONTENTS_SOLID 
viscontents (node 0 contents ^ node 1 contents): CONTENTS_SOLID 
This means that none of the brushes in leaf 0 or 1 that touches the portal has CONTENTS_SOLID 
Check for a huge brush enclosing the coordinates above that has contents CONTENTS_SOLID 
Candidate brush IDs: Brush 3996: 


FindPortalSide: Couldn't find a good match for which brush to assign to a portal near (4925.6 1700.8 477.3)
Leaf 0 contents: 
Leaf 1 contents: CONTENTS_SOLID 
viscontents (node 0 contents ^ node 1 contents): CONTENTS_SOLID 
This means that none of the brushes in leaf 0 or 1 that touches the portal has CONTENTS_SOLID 
Check for a huge brush enclosing the coordinates above that has contents CONTENTS_SOLID 
Candidate brush IDs: Brush 3996: 

0...1...2...3...4...5...6...7...8...9...10Processing areas...done (0)
Building Faces...done (0)
FixTjuncs...
PruneNodes...
WriteBSP...
done (0)
writing D:\Desktop\csgo\hammer maps\castle\caslte.prt...Building visibility clusters...
AutoVisClustering (threshold=-1) matched 0 leafs.
done (0)
Finding displacement neighbors...
Finding lightmap sample positions...
Displacement Alpha : 0...1...2...3...4...5...6...7...8...9...10
Building Physics collision data...
done (0) (96235 bytes)
Placing detail props : 0...1...2...3...4...5...6...7...8...9...10
Compacting texture/material tables...
Reduced 15 texinfos to 10
Reduced 5 texdatas to 4 (164 bytes to 130)
Writing D:\Desktop\csgo\hammer maps\castle\caslte.bsp
MSG_FILEWRITE - Filesystem was asked to write to 'd:\desktop\csgo\hammer maps\castle\caslte.bsp', but we don't own that location. Allowing...
1 second elapsed



4 threads
reading d:\desktop\csgo\hammer maps\castle\caslte.bsp
reading d:\desktop\csgo\hammer maps\castle\caslte.prt
1051 portalclusters
3645 numportals
0...1...2...3...4...5...6...7...8...9...100...1...2...3...4...5...6...7...8...9...


materialPath: D:\Steam\steamapps\common\Counter-Strike Global Offensive\csgo\materials
Loading D:\Desktop\csgo\hammer maps\castle\caslte.vmf
Map revision 18
Patching WVT material: maps/caslte/de_cbble/grass_alt/blendgrassdirt_wvt_patch
fixing up env_cubemap materials on brush sides...
0...1...2...3...4...5...6...7...8...9...10
FindPortalSide: Couldn't find a good match for which brush to assign to a portal near (4925.7 1700.9 477.2)
Leaf 0 contents: 
Leaf 1 contents: CONTENTS_SOLID 
viscontents (node 0 contents ^ node 1 contents): CONTENTS_SOLID 
This means that none of the brushes in leaf 0 or 1 that touches the portal has CONTENTS_SOLID 
Check for a huge brush enclosing the coordinates above that has contents CONTENTS_SOLID 
Candidate brush IDs: Brush 3996: 


FindPortalSide: Couldn't find a good match for which brush to assign to a portal near (4925.6 1700.8 477.3)
Leaf 0 contents: 
Leaf 1 contents: CONTENTS_SOLID 
viscontents (node 0 contents ^ node 1 contents): CONTENTS_SOLID 
This means that none of the brushes in leaf 0 or 1 that touches the portal has CONTENTS_SOLID 
Check for a huge brush enclosing the coordinates above that has contents CONTENTS_SOLID 
Candidate brush IDs: Brush 3996: 

0...1...2...3...4...5...6...7...8...9...10Processing areas...done (0)
Building Faces...done (0)
FixTjuncs...
PruneNodes...
WriteBSP...
done (0)
writing D:\Desktop\csgo\hammer maps\castle\caslte.prt...Building visibility clusters...
AutoVisClustering (threshold=-1) matched 0 leafs.
done (0)
Finding displacement neighbors...
Finding lightmap sample positions...
Displacement Alpha : 0...1...2...3...4...5...6...7...8...9...10
Building Physics collision data...
done (0) (95987 bytes)
Placing detail props : 0...1...2...3...4...5...6...7...8...9...10
Compacting texture/material tables...
Reduced 15 texinfos to 8
Reduced 5 texdatas to 4 (164 bytes to 130)
Writing D:\Desktop\csgo\hammer maps\castle\caslte.bsp
MSG_FILEWRITE - Filesystem was asked to write to 'd:\desktop\csgo\hammer maps\castle\caslte.bsp', but we don't own that location. Allowing...
1 second elapsed



4 threads
reading d:\desktop\csgo\hammer maps\castle\caslte.bsp
reading d:\desktop\csgo\hammer maps\castle\caslte.prt
 918 portalclusters
3357 numportals
0...1...2...3...4...5...6...7...8...9...100...1...2...3...4...5...6...7...8...9...10Optimized: 5424 visible clusters (0.00%)
Total clusters visible: 180425
Average clusters visible: 196
Building PAS...
Average clusters audible: 791
visdatasize:170353  compressed from 220320
writing d:\desktop\csgo\hammer maps\castle\caslte.bsp
MSG_FILEWRITE - Filesystem was asked to write to 'd:\desktop\csgo\hammer maps\castle\caslte.bsp', but we don't own that location. Allowing...
5 minutes, 36 seconds elapsed



[Reading texlights from 'lights.rad']
[17 texlights parsed from 'lights.rad']

Loading d:\desktop\csgo\hammer maps\castle\caslte.bsp
2956 faces
18 degenerate faces
363413 square feet [52331544.00 square inches]
0 Displacements
0 Square Feet [0.00 Square Inches]
2938 patches before subdivision
zero area child patch
zero area child patch
17766 patches after subdivision
0 direct lights
0...1...2...3...4...5...6...7...8...9...100...1...2...3...4...5...6...7...8...9...10transfers 2325335, max 730
transfer lists:  17.7 megs
0...1...2...3...4...5...6...7...8...9...10	Bounce #1 added RGB(0, 0, 0)
Build Patch/Sample Hash Table(s).....Done<0.0047 sec>
0...1...2...3...4...5...6...7...8...9...10FinalLightFace Done
0 of 0 (0% of) surface lights went in leaf ambient cubes.
0...1...2...3...4...5...6...7...8...9...10Writing leaf ambient...done
Ready to Finish

Object names       Objects/Maxobjs  Memory / Maxmem  Fullness 
------------       ---------------  ---------------  -------- 
models                   1/1024           48/49152    ( 0.1%) 
brushes                204/8192         2448/98304    ( 2.5%) 
brushsides            3870/81920       30960/655360   ( 4.7%) 
planes                5964/65536      119280/1310720  ( 9.1%) 
vertexes              4658/65536       55896/786432   ( 7.1%) 
nodes                 2175/65536       69600/2097152  ( 3.3%) 
texinfos                 8/12288         576/884736   ( 0.1%) 
texdata                  4/4096          128/131072   ( 0.1%) 
dispinfos                0/0               0/0        ( 0.0%) 
disp_verts               0/0               0/0        ( 0.0%) 
disp_tris                0/0               0/0        ( 0.0%) 
disp_multiblend          0/0               0/0        ( 0.0%) 
disp_lmsamples           0/0               0/0        ( 0.0%) 
faces                 2956/65536      165536/3670016  ( 4.5%) 
hdr faces                0/65536           0/3670016  ( 0.0%) 
origfaces              921/65536       51576/3670016  ( 1.4%) 
facebrushes             84/0             168/0        ( 0.0%) 
facebrushlists        2956/0           11824/0        ( 0.0%) 
leaves                2177/65536       69664/2097152  ( 3.3%) 
leaffaces             3312/65536        6624/131072   ( 5.1%) 
leafbrushes           2095/65536        4190/131072   ( 3.2%) 
areas                    2/1024           16/8192     ( 0.2%) 
surfedges            18603/512000      74412/2048000  ( 3.6%) 
edges                10056/256000      40224/1024000  ( 3.9%) 
LDR worldlights          0/8192            0/819200   ( 0.0%) 
HDR worldlights          0/8192            0/819200   ( 0.0%) 
leafwaterdata            0/32768           0/393216   ( 0.0%) 
waterstrips            272/32768        2720/327680   ( 0.8%) 
waterverts               0/65536           0/786432   ( 0.0%) 
waterindices          4149/65536        8298/131072   ( 6.3%) 
cubemapsamples           0/1024            0/16384    ( 0.0%) 
overlays                 0/1024            0/360448   ( 0.0%) 
LDR lightdata         [variable]     2392904/0        ( 0.0%) 
HDR lightdata         [variable]           0/0        ( 0.0%) 
visdata               [variable]      170353/16777216 ( 1.0%) 
entdata               [variable]         345/393216   ( 0.1%) 
LDR ambient table     2177/65536        8708/262144   ( 3.3%) 
HDR ambient table     2177/65536        8708/262144   ( 3.3%) 
LDR leaf ambient       918/65536       25704/1835008  ( 1.4%) 
HDR leaf ambient      2177/65536       60956/1835008  ( 3.3%) 
occluders                0/0               0/0        ( 0.0%) 
occluder polygons        0/0               0/0        ( 0.0%) 
occluder vert ind        0/0               0/0        ( 0.0%) 
detail props          [variable]           1/12       ( 8.3%) 
static props          [variable]           1/12       ( 8.3%) 
pakfile               [variable]       74898/0        ( 0.0%) 
physics               [variable]       95987/4194304  ( 2.3%) 
physics terrain       [variable]           2/1048576  ( 0.0%) 

Level flags = 7c

Total triangle count: 8713
Writing d:\desktop\csgo\hammer maps\castle\caslte.bsp
MSG_FILEWRITE - Filesystem was asked to write to 'd:\desktop\csgo\hammer maps\castle\caslte.bsp', but we don't own that location. Allowing...
6 seconds elapsed



materialPath: D:\Steam\steamapps\common\Counter-Strike Global Offensive\csgo\materials
Loading D:\Desktop\csgo\hammer maps\castle\caslte.vmf
Map revision 19
Patching WVT material: maps/caslte/de_cbble/grass_alt/blendgrassdirt_wvt_patch
fixing up env_cubemap materials on brush sides...
0...1...2...3...4...5...6...7...8...9...10
FindPortalSide: Couldn't find a good match for which brush to assign to a portal near (4925.7 1700.9 477.2)
Leaf 0 contents: 
Leaf 1 contents: CONTENTS_SOLID 
viscontents (node 0 contents ^ node 1 contents): CONTENTS_SOLID 
This means that none of the brushes in leaf 0 or 1 that touches the portal has CONTENTS_SOLID 
Check for a huge brush enclosing the coordinates above that has contents CONTENTS_SOLID 
Candidate brush IDs: Brush 3996: 


FindPortalSide: Couldn't find a good match for which brush to assign to a portal near (4925.6 1700.8 477.3)
Leaf 0 contents: 
Leaf 1 contents: CONTENTS_SOLID 
viscontents (node 0 contents ^ node 1 contents): CONTENTS_SOLID 
This means that none of the brushes in leaf 0 or 1 that touches the portal has CONTENTS_SOLID 
Check for a huge brush enclosing the coordinates above that has contents CONTENTS_SOLID 
Candidate brush IDs: Brush 3996: 


FindPortalSide: Couldn't find a good match for which brush to assign to a portal near (4933.9 1533.1 1016.0)
Leaf 0 contents: 
Leaf 1 contents: CONTENTS_SOLID 
viscontents (node 0 contents ^ node 1 contents): CONTENTS_SOLID 
This means that none of the brushes in leaf 0 or 1 that touches the portal has CONTENTS_SOLID 
Check for a huge brush enclosing the coordinates above that has contents CONTENTS_SOLID 
Candidate brush IDs: Brush 3000: 


FindPortalSide: Couldn't find a good match for which brush to assign to a portal near (4933.8 1533.1 1016.0)
Leaf 0 contents: 
Leaf 1 contents: CONTENTS_SOLID 
viscontents (node 0 contents ^ node 1 contents): CONTENTS_SOLID 
This means that none of the brushes in leaf 0 or 1 that touches the portal has CONTENTS_SOLID 
Check for a huge brush enclosing the coordinates above that has contents CONTENTS_SOLID 
Candidate brush IDs: Brush 3000: 

0...1...2...3...4...5...6...7...8...9...10Processing areas...done (0)
Building Faces...done (0)
FixTjuncs...
PruneNodes...
WriteBSP...
done (0)
writing D:\Desktop\csgo\hammer maps\castle\caslte.prt...Building visibility clusters...
AutoVisClustering (threshold=-1) matched 0 leafs.
done (0)
Finding displacement neighbors...
Finding lightmap sample positions...
Displacement Alpha : 0...1...2...3...4...5...6...7...8...9...10
Building Physics collision data...
done (0) (95987 bytes)
Placing detail props : 0...1...2...3...4...5...6...7...8...9...10
Compacting texture/material tables...
Reduced 15 texinfos to 8
Reduced 5 texdatas to 4 (164 bytes to 130)
Writing D:\Desktop\csgo\hammer maps\castle\caslte.bsp
MSG_FILEWRITE - Filesystem was asked to write to 'd:\desktop\csgo\hammer maps\castle\caslte.bsp', but we don't own that location. Allowing...
1 second elapsed



4 threads
reading d:\desktop\csgo\hammer maps\castle\caslte.bsp
reading d:\desktop\csgo\hammer maps\castle\caslte.prt
 930 portalclusters
3380 numportals
0...1...2...3...4...5...6...7...8...9...100...1...2...3...4...5...6...7...8...9...10Optimized: 5154 visible clusters (0.00%)
Total clusters visible: 176572
Average clusters visible: 189
Building PAS...
Average clusters audible: 789
visdatasize:174763  compressed from 223200
writing d:\desktop\csgo\hammer maps\castle\caslte.bsp
MSG_FILEWRITE - Filesystem was asked to write to 'd:\desktop\csgo\hammer maps\castle\caslte.bsp', but we don't own that location. Allowing...
5 minutes, 44 seconds elapsed



[Reading texlights from 'lights.rad']
[17 texlights parsed from 'lights.rad']

Loading d:\desktop\csgo\hammer maps\castle\caslte.bsp
2950 faces
17 degenerate faces
363666 square feet [52367964.00 square inches]
0 Displacements
0 Square Feet [0.00 Square Inches]
2933 patches before subdivision
zero area child patch
zero area child patch
17943 patches after subdivision
0 direct lights
0...1...2...3...4...5...6...7...8...9...100...1...2...3...4...5...6...7...8...9...10transfers 2330688, max 719
transfer lists:  17.8 megs
0...1...2...3...4...5...6...7...8...9...10	Bounce #1 added RGB(0, 0, 0)
Build Patch/Sample Hash Table(s).....Done<0.0063 sec>
0...1...2...3...4...5...6...7...8...9...10FinalLightFace Done
0 of 0 (0% of) surface lights went in leaf ambient cubes.
0...1...2...3...4...5...6...7...8...9...10Writing leaf ambient...done
Ready to Finish

Object names       Objects/Maxobjs  Memory / Maxmem  Fullness 
------------       ---------------  ---------------  -------- 
models                   1/1024           48/49152    ( 0.1%) 
brushes                204/8192         2448/98304    ( 2.5%) 
brushsides            3871/81920       30968/655360   ( 4.7%) 
planes                5966/65536      119320/1310720  ( 9.1%) 
vertexes              4707/65536       56484/786432   ( 7.2%) 
nodes                 2208/65536       70656/2097152  ( 3.4%) 
texinfos                 8/12288         576/884736   ( 0.1%) 
texdata                  4/4096          128/131072   ( 0.1%) 
dispinfos                0/0               0/0        ( 0.0%) 
disp_verts               0/0               0/0        ( 0.0%) 
disp_tris                0/0               0/0        ( 0.0%) 
disp_multiblend          0/0               0/0        ( 0.0%) 
disp_lmsamples           0/0               0/0        ( 0.0%) 
faces                 2950/65536      165200/3670016  ( 4.5%) 
hdr faces                0/65536           0/3670016  ( 0.0%) 
origfaces              911/65536       51016/3670016  ( 1.4%) 
facebrushes             84/0             168/0        ( 0.0%) 
facebrushlists        2950/0           11800/0        ( 0.0%) 
leaves                2210/65536       70720/2097152  ( 3.4%) 
leaffaces             3320/65536        6640/131072   ( 5.1%) 
leafbrushes           2133/65536        4266/131072   ( 3.3%) 
areas                    2/1024           16/8192     ( 0.2%) 
surfedges            18765/512000      75060/2048000  ( 3.7%) 
edges                10168/256000      40672/1024000  ( 4.0%) 
LDR worldlights          0/8192            0/819200   ( 0.0%) 
HDR worldlights          0/8192            0/819200   ( 0.0%) 
leafwaterdata            0/32768           0/393216   ( 0.0%) 
waterstrips            300/32768        3000/327680   ( 0.9%) 
waterverts               0/65536           0/786432   ( 0.0%) 
waterindices          4686/65536        9372/131072   ( 7.2%) 
cubemapsamples           0/1024            0/16384    ( 0.0%) 
overlays                 0/1024            0/360448   ( 0.0%) 
LDR lightdata         [variable]     2375440/0        ( 0.0%) 
HDR lightdata         [variable]           0/0        ( 0.0%) 
visdata               [variable]      174763/16777216 ( 1.0%) 
entdata               [variable]         345/393216   ( 0.1%) 
LDR ambient table     2210/65536        8840/262144   ( 3.4%) 
HDR ambient table     2210/65536        8840/262144   ( 3.4%) 
LDR leaf ambient       930/65536       26040/1835008  ( 1.4%) 
HDR leaf ambient      2210/65536       61880/1835008  ( 3.4%) 
occluders                0/0               0/0        ( 0.0%) 
occluder polygons        0/0               0/0        ( 0.0%) 
occluder vert ind        0/0               0/0        ( 0.0%) 
detail props          [variable]           1/12       ( 8.3%) 
static props          [variable]           1/12       ( 8.3%) 
pakfile               [variable]       74898/0        ( 0.0%) 
physics               [variable]       95987/4194304  ( 2.3%) 
physics terrain       [variable]           2/1048576  ( 0.0%) 

Level flags = 7c

Total triangle count: 8916
Writing d:\desktop\csgo\hammer maps\castle\caslte.bsp
MSG_FILEWRITE - Filesystem was asked to write to 'd:\desktop\csgo\hammer maps\castle\caslte.bsp', but we don't own that location. Allowing...
6 seconds elapsed
